[2022-11-27T08:04:59.332+0000] {taskinstance.py:1165} INFO - Dependencies all met for <TaskInstance: example_bash_operator.also_run_this scheduled__2022-11-26T00:00:00+00:00 [queued]>
[2022-11-27T08:04:59.399+0000] {taskinstance.py:1165} INFO - Dependencies all met for <TaskInstance: example_bash_operator.also_run_this scheduled__2022-11-26T00:00:00+00:00 [queued]>
[2022-11-27T08:04:59.407+0000] {taskinstance.py:1362} INFO - 
--------------------------------------------------------------------------------
[2022-11-27T08:04:59.411+0000] {taskinstance.py:1363} INFO - Starting attempt 1 of 1
[2022-11-27T08:04:59.414+0000] {taskinstance.py:1364} INFO - 
--------------------------------------------------------------------------------
[2022-11-27T08:04:59.512+0000] {taskinstance.py:1383} INFO - Executing <Task(BashOperator): also_run_this> on 2022-11-26 00:00:00+00:00
[2022-11-27T08:04:59.525+0000] {standard_task_runner.py:55} INFO - Started process 646 to run task
[2022-11-27T08:04:59.553+0000] {standard_task_runner.py:82} INFO - Running: ['***', 'tasks', 'run', 'example_bash_operator', 'also_run_this', 'scheduled__2022-11-26T00:00:00+00:00', '--job-id', '5', '--raw', '--subdir', '/home/***/.local/lib/python3.7/site-packages/***/example_dags/example_bash_operator.py', '--cfg-path', '/tmp/tmpqxc2057x']
[2022-11-27T08:04:59.556+0000] {standard_task_runner.py:83} INFO - Job 5: Subtask also_run_this
[2022-11-27T08:04:59.704+0000] {task_command.py:376} INFO - Running <TaskInstance: example_bash_operator.also_run_this scheduled__2022-11-26T00:00:00+00:00 [running]> on host c7f7231a8603
[2022-11-27T08:04:59.907+0000] {taskinstance.py:1592} INFO - Exporting the following env vars:
AIRFLOW_CTX_DAG_OWNER=***
AIRFLOW_CTX_DAG_ID=example_bash_operator
AIRFLOW_CTX_TASK_ID=also_run_this
AIRFLOW_CTX_EXECUTION_DATE=2022-11-26T00:00:00+00:00
AIRFLOW_CTX_TRY_NUMBER=1
AIRFLOW_CTX_DAG_RUN_ID=scheduled__2022-11-26T00:00:00+00:00
[2022-11-27T08:04:59.915+0000] {subprocess.py:63} INFO - Tmp dir root location: 
 /tmp
[2022-11-27T08:04:59.919+0000] {subprocess.py:75} INFO - Running command: ['/bin/bash', '-c', 'echo "ti_key=example_bash_operator__also_run_this__20221126"']
[2022-11-27T08:04:59.945+0000] {subprocess.py:86} INFO - Output:
[2022-11-27T08:04:59.970+0000] {subprocess.py:93} INFO - ti_key=example_bash_operator__also_run_this__20221126
[2022-11-27T08:04:59.976+0000] {subprocess.py:97} INFO - Command exited with return code 0
[2022-11-27T08:05:00.043+0000] {taskinstance.py:1406} INFO - Marking task as SUCCESS. dag_id=example_bash_operator, task_id=also_run_this, execution_date=20221126T000000, start_date=20221127T080459, end_date=20221127T080500
[2022-11-27T08:05:00.098+0000] {local_task_job.py:164} INFO - Task exited with return code 0
[2022-11-27T08:05:00.166+0000] {local_task_job.py:273} INFO - 0 downstream tasks scheduled from follow-on schedule check
