[2023-01-11T01:09:29.748+0000] {processor.py:154} INFO - Started process (PID=17317) to work on /opt/airflow/dags/consumer.py
[2023-01-11T01:09:29.751+0000] {processor.py:756} INFO - Processing file /opt/airflow/dags/consumer.py for tasks to queue
[2023-01-11T01:09:29.755+0000] {logging_mixin.py:120} INFO - [2023-01-11T01:09:29.755+0000] {dagbag.py:537} INFO - Filling up the DagBag from /opt/airflow/dags/consumer.py
[2023-01-11T01:09:30.005+0000] {processor.py:766} INFO - DAG(s) dict_keys(['consumer']) retrieved from /opt/airflow/dags/consumer.py
[2023-01-11T01:09:30.163+0000] {logging_mixin.py:120} INFO - [2023-01-11T01:09:30.163+0000] {dag.py:2585} INFO - Sync 1 DAGs
[2023-01-11T01:09:30.282+0000] {logging_mixin.py:120} INFO - [2023-01-11T01:09:30.282+0000] {dag.py:3340} INFO - Setting next_dagrun for consumer to None, run_after=None
[2023-01-11T01:09:30.389+0000] {processor.py:176} INFO - Processing /opt/airflow/dags/consumer.py took 0.662 seconds
[2023-01-11T01:10:00.616+0000] {processor.py:154} INFO - Started process (PID=17375) to work on /opt/airflow/dags/consumer.py
[2023-01-11T01:10:00.618+0000] {processor.py:756} INFO - Processing file /opt/airflow/dags/consumer.py for tasks to queue
[2023-01-11T01:10:00.621+0000] {logging_mixin.py:120} INFO - [2023-01-11T01:10:00.620+0000] {dagbag.py:537} INFO - Filling up the DagBag from /opt/airflow/dags/consumer.py
[2023-01-11T01:10:00.670+0000] {processor.py:766} INFO - DAG(s) dict_keys(['consumer']) retrieved from /opt/airflow/dags/consumer.py
[2023-01-11T01:10:00.732+0000] {logging_mixin.py:120} INFO - [2023-01-11T01:10:00.731+0000] {dag.py:2585} INFO - Sync 1 DAGs
[2023-01-11T01:10:00.786+0000] {logging_mixin.py:120} INFO - [2023-01-11T01:10:00.785+0000] {dag.py:3340} INFO - Setting next_dagrun for consumer to None, run_after=None
[2023-01-11T01:10:00.843+0000] {processor.py:176} INFO - Processing /opt/airflow/dags/consumer.py took 0.234 seconds
[2023-01-11T01:10:31.818+0000] {processor.py:154} INFO - Started process (PID=17442) to work on /opt/airflow/dags/consumer.py
[2023-01-11T01:10:31.821+0000] {processor.py:756} INFO - Processing file /opt/airflow/dags/consumer.py for tasks to queue
[2023-01-11T01:10:31.824+0000] {logging_mixin.py:120} INFO - [2023-01-11T01:10:31.823+0000] {dagbag.py:537} INFO - Filling up the DagBag from /opt/airflow/dags/consumer.py
[2023-01-11T01:10:31.948+0000] {processor.py:766} INFO - DAG(s) dict_keys(['consumer']) retrieved from /opt/airflow/dags/consumer.py
[2023-01-11T01:10:32.118+0000] {logging_mixin.py:120} INFO - [2023-01-11T01:10:32.118+0000] {dag.py:2585} INFO - Sync 1 DAGs
[2023-01-11T01:10:32.207+0000] {logging_mixin.py:120} INFO - [2023-01-11T01:10:32.206+0000] {dag.py:3340} INFO - Setting next_dagrun for consumer to None, run_after=None
[2023-01-11T01:10:32.316+0000] {processor.py:176} INFO - Processing /opt/airflow/dags/consumer.py took 0.522 seconds
[2023-01-11T01:11:02.914+0000] {processor.py:154} INFO - Started process (PID=17500) to work on /opt/airflow/dags/consumer.py
[2023-01-11T01:11:02.915+0000] {processor.py:756} INFO - Processing file /opt/airflow/dags/consumer.py for tasks to queue
[2023-01-11T01:11:02.916+0000] {logging_mixin.py:120} INFO - [2023-01-11T01:11:02.916+0000] {dagbag.py:537} INFO - Filling up the DagBag from /opt/airflow/dags/consumer.py
[2023-01-11T01:11:02.955+0000] {processor.py:766} INFO - DAG(s) dict_keys(['consumer']) retrieved from /opt/airflow/dags/consumer.py
[2023-01-11T01:11:03.010+0000] {logging_mixin.py:120} INFO - [2023-01-11T01:11:03.009+0000] {dag.py:2585} INFO - Sync 1 DAGs
[2023-01-11T01:11:03.038+0000] {logging_mixin.py:120} INFO - [2023-01-11T01:11:03.038+0000] {dag.py:3340} INFO - Setting next_dagrun for consumer to None, run_after=None
[2023-01-11T01:11:03.076+0000] {processor.py:176} INFO - Processing /opt/airflow/dags/consumer.py took 0.166 seconds
[2023-01-11T01:11:33.415+0000] {processor.py:154} INFO - Started process (PID=17567) to work on /opt/airflow/dags/consumer.py
[2023-01-11T01:11:33.416+0000] {processor.py:756} INFO - Processing file /opt/airflow/dags/consumer.py for tasks to queue
[2023-01-11T01:11:33.418+0000] {logging_mixin.py:120} INFO - [2023-01-11T01:11:33.418+0000] {dagbag.py:537} INFO - Filling up the DagBag from /opt/airflow/dags/consumer.py
[2023-01-11T01:11:33.461+0000] {processor.py:766} INFO - DAG(s) dict_keys(['consumer']) retrieved from /opt/airflow/dags/consumer.py
[2023-01-11T01:11:33.526+0000] {logging_mixin.py:120} INFO - [2023-01-11T01:11:33.525+0000] {dag.py:2585} INFO - Sync 1 DAGs
[2023-01-11T01:11:33.578+0000] {logging_mixin.py:120} INFO - [2023-01-11T01:11:33.577+0000] {dag.py:3340} INFO - Setting next_dagrun for consumer to None, run_after=None
[2023-01-11T01:11:33.626+0000] {processor.py:176} INFO - Processing /opt/airflow/dags/consumer.py took 0.215 seconds
[2023-01-11T01:12:04.492+0000] {processor.py:154} INFO - Started process (PID=17625) to work on /opt/airflow/dags/consumer.py
[2023-01-11T01:12:04.493+0000] {processor.py:756} INFO - Processing file /opt/airflow/dags/consumer.py for tasks to queue
[2023-01-11T01:12:04.494+0000] {logging_mixin.py:120} INFO - [2023-01-11T01:12:04.494+0000] {dagbag.py:537} INFO - Filling up the DagBag from /opt/airflow/dags/consumer.py
[2023-01-11T01:12:04.538+0000] {processor.py:766} INFO - DAG(s) dict_keys(['consumer']) retrieved from /opt/airflow/dags/consumer.py
[2023-01-11T01:12:04.588+0000] {logging_mixin.py:120} INFO - [2023-01-11T01:12:04.588+0000] {dag.py:2585} INFO - Sync 1 DAGs
[2023-01-11T01:12:04.614+0000] {logging_mixin.py:120} INFO - [2023-01-11T01:12:04.614+0000] {dag.py:3340} INFO - Setting next_dagrun for consumer to None, run_after=None
[2023-01-11T01:12:04.644+0000] {processor.py:176} INFO - Processing /opt/airflow/dags/consumer.py took 0.155 seconds
[2023-01-11T01:12:35.501+0000] {processor.py:154} INFO - Started process (PID=17692) to work on /opt/airflow/dags/consumer.py
[2023-01-11T01:12:35.503+0000] {processor.py:756} INFO - Processing file /opt/airflow/dags/consumer.py for tasks to queue
[2023-01-11T01:12:35.505+0000] {logging_mixin.py:120} INFO - [2023-01-11T01:12:35.505+0000] {dagbag.py:537} INFO - Filling up the DagBag from /opt/airflow/dags/consumer.py
[2023-01-11T01:12:35.569+0000] {processor.py:766} INFO - DAG(s) dict_keys(['consumer']) retrieved from /opt/airflow/dags/consumer.py
[2023-01-11T01:12:35.616+0000] {logging_mixin.py:120} INFO - [2023-01-11T01:12:35.616+0000] {dag.py:2585} INFO - Sync 1 DAGs
[2023-01-11T01:12:35.640+0000] {logging_mixin.py:120} INFO - [2023-01-11T01:12:35.640+0000] {dag.py:3340} INFO - Setting next_dagrun for consumer to None, run_after=None
[2023-01-11T01:12:35.668+0000] {processor.py:176} INFO - Processing /opt/airflow/dags/consumer.py took 0.172 seconds
[2023-01-11T01:13:05.777+0000] {processor.py:154} INFO - Started process (PID=17750) to work on /opt/airflow/dags/consumer.py
[2023-01-11T01:13:05.778+0000] {processor.py:756} INFO - Processing file /opt/airflow/dags/consumer.py for tasks to queue
[2023-01-11T01:13:05.779+0000] {logging_mixin.py:120} INFO - [2023-01-11T01:13:05.779+0000] {dagbag.py:537} INFO - Filling up the DagBag from /opt/airflow/dags/consumer.py
[2023-01-11T01:13:05.827+0000] {processor.py:766} INFO - DAG(s) dict_keys(['consumer']) retrieved from /opt/airflow/dags/consumer.py
[2023-01-11T01:13:05.872+0000] {logging_mixin.py:120} INFO - [2023-01-11T01:13:05.872+0000] {dag.py:2585} INFO - Sync 1 DAGs
[2023-01-11T01:13:05.901+0000] {logging_mixin.py:120} INFO - [2023-01-11T01:13:05.901+0000] {dag.py:3340} INFO - Setting next_dagrun for consumer to None, run_after=None
[2023-01-11T01:13:05.929+0000] {processor.py:176} INFO - Processing /opt/airflow/dags/consumer.py took 0.155 seconds
[2023-01-11T01:13:36.597+0000] {processor.py:154} INFO - Started process (PID=17817) to work on /opt/airflow/dags/consumer.py
[2023-01-11T01:13:36.598+0000] {processor.py:756} INFO - Processing file /opt/airflow/dags/consumer.py for tasks to queue
[2023-01-11T01:13:36.599+0000] {logging_mixin.py:120} INFO - [2023-01-11T01:13:36.599+0000] {dagbag.py:537} INFO - Filling up the DagBag from /opt/airflow/dags/consumer.py
[2023-01-11T01:13:36.640+0000] {processor.py:766} INFO - DAG(s) dict_keys(['consumer']) retrieved from /opt/airflow/dags/consumer.py
[2023-01-11T01:13:36.681+0000] {logging_mixin.py:120} INFO - [2023-01-11T01:13:36.681+0000] {dag.py:2585} INFO - Sync 1 DAGs
[2023-01-11T01:13:36.711+0000] {logging_mixin.py:120} INFO - [2023-01-11T01:13:36.711+0000] {dag.py:3340} INFO - Setting next_dagrun for consumer to None, run_after=None
[2023-01-11T01:13:36.740+0000] {processor.py:176} INFO - Processing /opt/airflow/dags/consumer.py took 0.148 seconds
[2023-01-11T01:14:07.299+0000] {processor.py:154} INFO - Started process (PID=17884) to work on /opt/airflow/dags/consumer.py
[2023-01-11T01:14:07.301+0000] {processor.py:756} INFO - Processing file /opt/airflow/dags/consumer.py for tasks to queue
[2023-01-11T01:14:07.304+0000] {logging_mixin.py:120} INFO - [2023-01-11T01:14:07.304+0000] {dagbag.py:537} INFO - Filling up the DagBag from /opt/airflow/dags/consumer.py
[2023-01-11T01:14:07.366+0000] {processor.py:766} INFO - DAG(s) dict_keys(['consumer']) retrieved from /opt/airflow/dags/consumer.py
[2023-01-11T01:14:07.407+0000] {logging_mixin.py:120} INFO - [2023-01-11T01:14:07.407+0000] {dag.py:2585} INFO - Sync 1 DAGs
[2023-01-11T01:14:07.433+0000] {logging_mixin.py:120} INFO - [2023-01-11T01:14:07.433+0000] {dag.py:3340} INFO - Setting next_dagrun for consumer to None, run_after=None
[2023-01-11T01:14:07.460+0000] {processor.py:176} INFO - Processing /opt/airflow/dags/consumer.py took 0.169 seconds
[2023-01-11T01:14:38.483+0000] {processor.py:154} INFO - Started process (PID=17943) to work on /opt/airflow/dags/consumer.py
[2023-01-11T01:14:38.486+0000] {processor.py:756} INFO - Processing file /opt/airflow/dags/consumer.py for tasks to queue
[2023-01-11T01:14:38.488+0000] {logging_mixin.py:120} INFO - [2023-01-11T01:14:38.488+0000] {dagbag.py:537} INFO - Filling up the DagBag from /opt/airflow/dags/consumer.py
[2023-01-11T01:14:38.558+0000] {processor.py:766} INFO - DAG(s) dict_keys(['consumer']) retrieved from /opt/airflow/dags/consumer.py
[2023-01-11T01:14:38.600+0000] {logging_mixin.py:120} INFO - [2023-01-11T01:14:38.600+0000] {dag.py:2585} INFO - Sync 1 DAGs
[2023-01-11T01:14:38.624+0000] {logging_mixin.py:120} INFO - [2023-01-11T01:14:38.624+0000] {dag.py:3340} INFO - Setting next_dagrun for consumer to None, run_after=None
[2023-01-11T01:14:38.650+0000] {processor.py:176} INFO - Processing /opt/airflow/dags/consumer.py took 0.175 seconds
[2023-01-11T01:15:09.624+0000] {processor.py:154} INFO - Started process (PID=18010) to work on /opt/airflow/dags/consumer.py
[2023-01-11T01:15:09.626+0000] {processor.py:756} INFO - Processing file /opt/airflow/dags/consumer.py for tasks to queue
[2023-01-11T01:15:09.629+0000] {logging_mixin.py:120} INFO - [2023-01-11T01:15:09.629+0000] {dagbag.py:537} INFO - Filling up the DagBag from /opt/airflow/dags/consumer.py
[2023-01-11T01:15:09.719+0000] {processor.py:766} INFO - DAG(s) dict_keys(['consumer']) retrieved from /opt/airflow/dags/consumer.py
[2023-01-11T01:15:09.808+0000] {logging_mixin.py:120} INFO - [2023-01-11T01:15:09.807+0000] {dag.py:2585} INFO - Sync 1 DAGs
[2023-01-11T01:15:09.864+0000] {logging_mixin.py:120} INFO - [2023-01-11T01:15:09.864+0000] {dag.py:3340} INFO - Setting next_dagrun for consumer to None, run_after=None
[2023-01-11T01:15:09.927+0000] {processor.py:176} INFO - Processing /opt/airflow/dags/consumer.py took 0.314 seconds
[2023-01-11T01:15:40.235+0000] {processor.py:154} INFO - Started process (PID=18075) to work on /opt/airflow/dags/consumer.py
[2023-01-11T01:15:40.237+0000] {processor.py:756} INFO - Processing file /opt/airflow/dags/consumer.py for tasks to queue
[2023-01-11T01:15:40.239+0000] {logging_mixin.py:120} INFO - [2023-01-11T01:15:40.239+0000] {dagbag.py:537} INFO - Filling up the DagBag from /opt/airflow/dags/consumer.py
[2023-01-11T01:15:40.321+0000] {processor.py:766} INFO - DAG(s) dict_keys(['consumer']) retrieved from /opt/airflow/dags/consumer.py
[2023-01-11T01:15:40.459+0000] {logging_mixin.py:120} INFO - [2023-01-11T01:15:40.459+0000] {dag.py:2585} INFO - Sync 1 DAGs
[2023-01-11T01:15:40.550+0000] {logging_mixin.py:120} INFO - [2023-01-11T01:15:40.548+0000] {dag.py:3340} INFO - Setting next_dagrun for consumer to None, run_after=None
[2023-01-11T01:15:40.635+0000] {processor.py:176} INFO - Processing /opt/airflow/dags/consumer.py took 0.412 seconds
[2023-01-11T01:16:11.306+0000] {processor.py:154} INFO - Started process (PID=18136) to work on /opt/airflow/dags/consumer.py
[2023-01-11T01:16:11.307+0000] {processor.py:756} INFO - Processing file /opt/airflow/dags/consumer.py for tasks to queue
[2023-01-11T01:16:11.309+0000] {logging_mixin.py:120} INFO - [2023-01-11T01:16:11.309+0000] {dagbag.py:537} INFO - Filling up the DagBag from /opt/airflow/dags/consumer.py
[2023-01-11T01:16:11.367+0000] {processor.py:766} INFO - DAG(s) dict_keys(['consumer']) retrieved from /opt/airflow/dags/consumer.py
[2023-01-11T01:16:11.421+0000] {logging_mixin.py:120} INFO - [2023-01-11T01:16:11.421+0000] {dag.py:2585} INFO - Sync 1 DAGs
[2023-01-11T01:16:11.452+0000] {logging_mixin.py:120} INFO - [2023-01-11T01:16:11.452+0000] {dag.py:3340} INFO - Setting next_dagrun for consumer to None, run_after=None
[2023-01-11T01:16:11.495+0000] {processor.py:176} INFO - Processing /opt/airflow/dags/consumer.py took 0.194 seconds
[2023-01-11T01:16:41.860+0000] {processor.py:154} INFO - Started process (PID=18203) to work on /opt/airflow/dags/consumer.py
[2023-01-11T01:16:41.862+0000] {processor.py:756} INFO - Processing file /opt/airflow/dags/consumer.py for tasks to queue
[2023-01-11T01:16:41.866+0000] {logging_mixin.py:120} INFO - [2023-01-11T01:16:41.866+0000] {dagbag.py:537} INFO - Filling up the DagBag from /opt/airflow/dags/consumer.py
[2023-01-11T01:16:41.938+0000] {processor.py:766} INFO - DAG(s) dict_keys(['consumer']) retrieved from /opt/airflow/dags/consumer.py
[2023-01-11T01:16:42.014+0000] {logging_mixin.py:120} INFO - [2023-01-11T01:16:42.014+0000] {dag.py:2585} INFO - Sync 1 DAGs
[2023-01-11T01:16:42.067+0000] {logging_mixin.py:120} INFO - [2023-01-11T01:16:42.066+0000] {dag.py:3340} INFO - Setting next_dagrun for consumer to None, run_after=None
[2023-01-11T01:16:42.110+0000] {processor.py:176} INFO - Processing /opt/airflow/dags/consumer.py took 0.257 seconds
[2023-01-11T01:17:12.921+0000] {processor.py:154} INFO - Started process (PID=18261) to work on /opt/airflow/dags/consumer.py
[2023-01-11T01:17:12.922+0000] {processor.py:756} INFO - Processing file /opt/airflow/dags/consumer.py for tasks to queue
[2023-01-11T01:17:12.923+0000] {logging_mixin.py:120} INFO - [2023-01-11T01:17:12.923+0000] {dagbag.py:537} INFO - Filling up the DagBag from /opt/airflow/dags/consumer.py
[2023-01-11T01:17:12.963+0000] {processor.py:766} INFO - DAG(s) dict_keys(['consumer']) retrieved from /opt/airflow/dags/consumer.py
[2023-01-11T01:17:13.020+0000] {logging_mixin.py:120} INFO - [2023-01-11T01:17:13.020+0000] {dag.py:2585} INFO - Sync 1 DAGs
[2023-01-11T01:17:13.053+0000] {logging_mixin.py:120} INFO - [2023-01-11T01:17:13.053+0000] {dag.py:3340} INFO - Setting next_dagrun for consumer to None, run_after=None
[2023-01-11T01:17:13.108+0000] {processor.py:176} INFO - Processing /opt/airflow/dags/consumer.py took 0.192 seconds
[2023-01-11T01:17:43.268+0000] {processor.py:154} INFO - Started process (PID=18329) to work on /opt/airflow/dags/consumer.py
[2023-01-11T01:17:43.271+0000] {processor.py:756} INFO - Processing file /opt/airflow/dags/consumer.py for tasks to queue
[2023-01-11T01:17:43.274+0000] {logging_mixin.py:120} INFO - [2023-01-11T01:17:43.274+0000] {dagbag.py:537} INFO - Filling up the DagBag from /opt/airflow/dags/consumer.py
[2023-01-11T01:17:43.361+0000] {processor.py:766} INFO - DAG(s) dict_keys(['consumer']) retrieved from /opt/airflow/dags/consumer.py
[2023-01-11T01:17:43.439+0000] {logging_mixin.py:120} INFO - [2023-01-11T01:17:43.439+0000] {dag.py:2585} INFO - Sync 1 DAGs
[2023-01-11T01:17:43.489+0000] {logging_mixin.py:120} INFO - [2023-01-11T01:17:43.488+0000] {dag.py:3340} INFO - Setting next_dagrun for consumer to None, run_after=None
[2023-01-11T01:17:43.538+0000] {processor.py:176} INFO - Processing /opt/airflow/dags/consumer.py took 0.282 seconds
[2023-01-11T01:18:13.648+0000] {processor.py:154} INFO - Started process (PID=18387) to work on /opt/airflow/dags/consumer.py
[2023-01-11T01:18:13.650+0000] {processor.py:756} INFO - Processing file /opt/airflow/dags/consumer.py for tasks to queue
[2023-01-11T01:18:13.652+0000] {logging_mixin.py:120} INFO - [2023-01-11T01:18:13.651+0000] {dagbag.py:537} INFO - Filling up the DagBag from /opt/airflow/dags/consumer.py
[2023-01-11T01:18:13.729+0000] {processor.py:766} INFO - DAG(s) dict_keys(['consumer']) retrieved from /opt/airflow/dags/consumer.py
[2023-01-11T01:18:13.820+0000] {logging_mixin.py:120} INFO - [2023-01-11T01:18:13.819+0000] {dag.py:2585} INFO - Sync 1 DAGs
[2023-01-11T01:18:13.919+0000] {logging_mixin.py:120} INFO - [2023-01-11T01:18:13.919+0000] {dag.py:3340} INFO - Setting next_dagrun for consumer to None, run_after=None
[2023-01-11T01:18:14.015+0000] {processor.py:176} INFO - Processing /opt/airflow/dags/consumer.py took 0.378 seconds
[2023-01-11T01:18:44.924+0000] {processor.py:154} INFO - Started process (PID=18454) to work on /opt/airflow/dags/consumer.py
[2023-01-11T01:18:44.927+0000] {processor.py:756} INFO - Processing file /opt/airflow/dags/consumer.py for tasks to queue
[2023-01-11T01:18:44.928+0000] {logging_mixin.py:120} INFO - [2023-01-11T01:18:44.928+0000] {dagbag.py:537} INFO - Filling up the DagBag from /opt/airflow/dags/consumer.py
[2023-01-11T01:18:44.983+0000] {processor.py:766} INFO - DAG(s) dict_keys(['consumer']) retrieved from /opt/airflow/dags/consumer.py
[2023-01-11T01:18:45.030+0000] {logging_mixin.py:120} INFO - [2023-01-11T01:18:45.029+0000] {dag.py:2585} INFO - Sync 1 DAGs
[2023-01-11T01:18:45.057+0000] {logging_mixin.py:120} INFO - [2023-01-11T01:18:45.056+0000] {dag.py:3340} INFO - Setting next_dagrun for consumer to None, run_after=None
[2023-01-11T01:18:45.088+0000] {processor.py:176} INFO - Processing /opt/airflow/dags/consumer.py took 0.169 seconds
[2023-01-11T01:19:15.306+0000] {processor.py:154} INFO - Started process (PID=18512) to work on /opt/airflow/dags/consumer.py
[2023-01-11T01:19:15.307+0000] {processor.py:756} INFO - Processing file /opt/airflow/dags/consumer.py for tasks to queue
[2023-01-11T01:19:15.308+0000] {logging_mixin.py:120} INFO - [2023-01-11T01:19:15.308+0000] {dagbag.py:537} INFO - Filling up the DagBag from /opt/airflow/dags/consumer.py
[2023-01-11T01:19:15.358+0000] {processor.py:766} INFO - DAG(s) dict_keys(['consumer']) retrieved from /opt/airflow/dags/consumer.py
[2023-01-11T01:19:15.431+0000] {logging_mixin.py:120} INFO - [2023-01-11T01:19:15.431+0000] {dag.py:2585} INFO - Sync 1 DAGs
[2023-01-11T01:19:15.471+0000] {logging_mixin.py:120} INFO - [2023-01-11T01:19:15.470+0000] {dag.py:3340} INFO - Setting next_dagrun for consumer to None, run_after=None
[2023-01-11T01:19:15.510+0000] {processor.py:176} INFO - Processing /opt/airflow/dags/consumer.py took 0.209 seconds
[2023-01-11T01:19:45.736+0000] {processor.py:154} INFO - Started process (PID=18579) to work on /opt/airflow/dags/consumer.py
[2023-01-11T01:19:45.737+0000] {processor.py:756} INFO - Processing file /opt/airflow/dags/consumer.py for tasks to queue
[2023-01-11T01:19:45.739+0000] {logging_mixin.py:120} INFO - [2023-01-11T01:19:45.738+0000] {dagbag.py:537} INFO - Filling up the DagBag from /opt/airflow/dags/consumer.py
[2023-01-11T01:19:45.801+0000] {processor.py:766} INFO - DAG(s) dict_keys(['consumer']) retrieved from /opt/airflow/dags/consumer.py
[2023-01-11T01:19:45.849+0000] {logging_mixin.py:120} INFO - [2023-01-11T01:19:45.848+0000] {dag.py:2585} INFO - Sync 1 DAGs
[2023-01-11T01:19:45.874+0000] {logging_mixin.py:120} INFO - [2023-01-11T01:19:45.874+0000] {dag.py:3340} INFO - Setting next_dagrun for consumer to None, run_after=None
[2023-01-11T01:19:45.903+0000] {processor.py:176} INFO - Processing /opt/airflow/dags/consumer.py took 0.172 seconds
[2023-01-11T01:20:15.989+0000] {processor.py:154} INFO - Started process (PID=18637) to work on /opt/airflow/dags/consumer.py
[2023-01-11T01:20:15.991+0000] {processor.py:756} INFO - Processing file /opt/airflow/dags/consumer.py for tasks to queue
[2023-01-11T01:20:15.993+0000] {logging_mixin.py:120} INFO - [2023-01-11T01:20:15.993+0000] {dagbag.py:537} INFO - Filling up the DagBag from /opt/airflow/dags/consumer.py
[2023-01-11T01:20:16.048+0000] {processor.py:766} INFO - DAG(s) dict_keys(['consumer']) retrieved from /opt/airflow/dags/consumer.py
[2023-01-11T01:20:16.093+0000] {logging_mixin.py:120} INFO - [2023-01-11T01:20:16.093+0000] {dag.py:2585} INFO - Sync 1 DAGs
[2023-01-11T01:20:16.122+0000] {logging_mixin.py:120} INFO - [2023-01-11T01:20:16.122+0000] {dag.py:3340} INFO - Setting next_dagrun for consumer to None, run_after=None
[2023-01-11T01:20:16.149+0000] {processor.py:176} INFO - Processing /opt/airflow/dags/consumer.py took 0.168 seconds
[2023-01-11T01:20:46.432+0000] {processor.py:154} INFO - Started process (PID=18704) to work on /opt/airflow/dags/consumer.py
[2023-01-11T01:20:46.434+0000] {processor.py:756} INFO - Processing file /opt/airflow/dags/consumer.py for tasks to queue
[2023-01-11T01:20:46.436+0000] {logging_mixin.py:120} INFO - [2023-01-11T01:20:46.436+0000] {dagbag.py:537} INFO - Filling up the DagBag from /opt/airflow/dags/consumer.py
[2023-01-11T01:20:46.505+0000] {processor.py:766} INFO - DAG(s) dict_keys(['consumer']) retrieved from /opt/airflow/dags/consumer.py
[2023-01-11T01:20:46.555+0000] {logging_mixin.py:120} INFO - [2023-01-11T01:20:46.555+0000] {dag.py:2585} INFO - Sync 1 DAGs
[2023-01-11T01:20:46.590+0000] {logging_mixin.py:120} INFO - [2023-01-11T01:20:46.590+0000] {dag.py:3340} INFO - Setting next_dagrun for consumer to None, run_after=None
[2023-01-11T01:20:46.628+0000] {processor.py:176} INFO - Processing /opt/airflow/dags/consumer.py took 0.204 seconds
[2023-01-11T01:21:16.843+0000] {processor.py:154} INFO - Started process (PID=18762) to work on /opt/airflow/dags/consumer.py
[2023-01-11T01:21:16.844+0000] {processor.py:756} INFO - Processing file /opt/airflow/dags/consumer.py for tasks to queue
[2023-01-11T01:21:16.845+0000] {logging_mixin.py:120} INFO - [2023-01-11T01:21:16.845+0000] {dagbag.py:537} INFO - Filling up the DagBag from /opt/airflow/dags/consumer.py
[2023-01-11T01:21:16.878+0000] {processor.py:766} INFO - DAG(s) dict_keys(['consumer']) retrieved from /opt/airflow/dags/consumer.py
[2023-01-11T01:21:16.925+0000] {logging_mixin.py:120} INFO - [2023-01-11T01:21:16.925+0000] {dag.py:2585} INFO - Sync 1 DAGs
[2023-01-11T01:21:16.950+0000] {logging_mixin.py:120} INFO - [2023-01-11T01:21:16.949+0000] {dag.py:3340} INFO - Setting next_dagrun for consumer to None, run_after=None
[2023-01-11T01:21:16.977+0000] {processor.py:176} INFO - Processing /opt/airflow/dags/consumer.py took 0.138 seconds
[2023-01-11T01:21:47.342+0000] {processor.py:154} INFO - Started process (PID=18829) to work on /opt/airflow/dags/consumer.py
[2023-01-11T01:21:47.344+0000] {processor.py:756} INFO - Processing file /opt/airflow/dags/consumer.py for tasks to queue
[2023-01-11T01:21:47.347+0000] {logging_mixin.py:120} INFO - [2023-01-11T01:21:47.346+0000] {dagbag.py:537} INFO - Filling up the DagBag from /opt/airflow/dags/consumer.py
[2023-01-11T01:21:47.393+0000] {processor.py:766} INFO - DAG(s) dict_keys(['consumer']) retrieved from /opt/airflow/dags/consumer.py
[2023-01-11T01:21:47.437+0000] {logging_mixin.py:120} INFO - [2023-01-11T01:21:47.437+0000] {dag.py:2585} INFO - Sync 1 DAGs
[2023-01-11T01:21:47.463+0000] {logging_mixin.py:120} INFO - [2023-01-11T01:21:47.463+0000] {dag.py:3340} INFO - Setting next_dagrun for consumer to None, run_after=None
[2023-01-11T01:21:47.495+0000] {processor.py:176} INFO - Processing /opt/airflow/dags/consumer.py took 0.161 seconds
[2023-01-11T01:22:17.738+0000] {processor.py:154} INFO - Started process (PID=18896) to work on /opt/airflow/dags/consumer.py
[2023-01-11T01:22:17.739+0000] {processor.py:756} INFO - Processing file /opt/airflow/dags/consumer.py for tasks to queue
[2023-01-11T01:22:17.741+0000] {logging_mixin.py:120} INFO - [2023-01-11T01:22:17.741+0000] {dagbag.py:537} INFO - Filling up the DagBag from /opt/airflow/dags/consumer.py
[2023-01-11T01:22:17.790+0000] {processor.py:766} INFO - DAG(s) dict_keys(['consumer']) retrieved from /opt/airflow/dags/consumer.py
[2023-01-11T01:22:17.847+0000] {logging_mixin.py:120} INFO - [2023-01-11T01:22:17.847+0000] {dag.py:2585} INFO - Sync 1 DAGs
[2023-01-11T01:22:17.885+0000] {logging_mixin.py:120} INFO - [2023-01-11T01:22:17.885+0000] {dag.py:3340} INFO - Setting next_dagrun for consumer to None, run_after=None
[2023-01-11T01:22:17.928+0000] {processor.py:176} INFO - Processing /opt/airflow/dags/consumer.py took 0.195 seconds
[2023-01-11T01:22:48.016+0000] {processor.py:154} INFO - Started process (PID=18954) to work on /opt/airflow/dags/consumer.py
[2023-01-11T01:22:48.018+0000] {processor.py:756} INFO - Processing file /opt/airflow/dags/consumer.py for tasks to queue
[2023-01-11T01:22:48.019+0000] {logging_mixin.py:120} INFO - [2023-01-11T01:22:48.019+0000] {dagbag.py:537} INFO - Filling up the DagBag from /opt/airflow/dags/consumer.py
[2023-01-11T01:22:48.060+0000] {processor.py:766} INFO - DAG(s) dict_keys(['consumer']) retrieved from /opt/airflow/dags/consumer.py
[2023-01-11T01:22:48.109+0000] {logging_mixin.py:120} INFO - [2023-01-11T01:22:48.109+0000] {dag.py:2585} INFO - Sync 1 DAGs
[2023-01-11T01:22:48.135+0000] {logging_mixin.py:120} INFO - [2023-01-11T01:22:48.135+0000] {dag.py:3340} INFO - Setting next_dagrun for consumer to None, run_after=None
[2023-01-11T01:22:48.161+0000] {processor.py:176} INFO - Processing /opt/airflow/dags/consumer.py took 0.150 seconds
[2023-01-11T01:23:18.648+0000] {processor.py:154} INFO - Started process (PID=19012) to work on /opt/airflow/dags/consumer.py
[2023-01-11T01:23:18.649+0000] {processor.py:756} INFO - Processing file /opt/airflow/dags/consumer.py for tasks to queue
[2023-01-11T01:23:18.651+0000] {logging_mixin.py:120} INFO - [2023-01-11T01:23:18.650+0000] {dagbag.py:537} INFO - Filling up the DagBag from /opt/airflow/dags/consumer.py
[2023-01-11T01:23:18.703+0000] {processor.py:766} INFO - DAG(s) dict_keys(['consumer']) retrieved from /opt/airflow/dags/consumer.py
[2023-01-11T01:23:18.752+0000] {logging_mixin.py:120} INFO - [2023-01-11T01:23:18.752+0000] {dag.py:2585} INFO - Sync 1 DAGs
[2023-01-11T01:23:18.778+0000] {logging_mixin.py:120} INFO - [2023-01-11T01:23:18.777+0000] {dag.py:3340} INFO - Setting next_dagrun for consumer to None, run_after=None
[2023-01-11T01:23:18.805+0000] {processor.py:176} INFO - Processing /opt/airflow/dags/consumer.py took 0.161 seconds
[2023-01-11T01:23:49.054+0000] {processor.py:154} INFO - Started process (PID=19079) to work on /opt/airflow/dags/consumer.py
[2023-01-11T01:23:49.055+0000] {processor.py:756} INFO - Processing file /opt/airflow/dags/consumer.py for tasks to queue
[2023-01-11T01:23:49.057+0000] {logging_mixin.py:120} INFO - [2023-01-11T01:23:49.056+0000] {dagbag.py:537} INFO - Filling up the DagBag from /opt/airflow/dags/consumer.py
[2023-01-11T01:23:49.091+0000] {processor.py:766} INFO - DAG(s) dict_keys(['consumer']) retrieved from /opt/airflow/dags/consumer.py
[2023-01-11T01:23:49.155+0000] {logging_mixin.py:120} INFO - [2023-01-11T01:23:49.155+0000] {dag.py:2585} INFO - Sync 1 DAGs
[2023-01-11T01:23:49.196+0000] {logging_mixin.py:120} INFO - [2023-01-11T01:23:49.196+0000] {dag.py:3340} INFO - Setting next_dagrun for consumer to None, run_after=None
[2023-01-11T01:23:49.248+0000] {processor.py:176} INFO - Processing /opt/airflow/dags/consumer.py took 0.198 seconds
[2023-01-11T01:24:19.949+0000] {processor.py:154} INFO - Started process (PID=19137) to work on /opt/airflow/dags/consumer.py
[2023-01-11T01:24:19.951+0000] {processor.py:756} INFO - Processing file /opt/airflow/dags/consumer.py for tasks to queue
[2023-01-11T01:24:19.954+0000] {logging_mixin.py:120} INFO - [2023-01-11T01:24:19.953+0000] {dagbag.py:537} INFO - Filling up the DagBag from /opt/airflow/dags/consumer.py
[2023-01-11T01:24:20.026+0000] {processor.py:766} INFO - DAG(s) dict_keys(['consumer']) retrieved from /opt/airflow/dags/consumer.py
[2023-01-11T01:24:20.121+0000] {logging_mixin.py:120} INFO - [2023-01-11T01:24:20.120+0000] {dag.py:2585} INFO - Sync 1 DAGs
[2023-01-11T01:24:20.179+0000] {logging_mixin.py:120} INFO - [2023-01-11T01:24:20.178+0000] {dag.py:3340} INFO - Setting next_dagrun for consumer to None, run_after=None
[2023-01-11T01:24:20.256+0000] {processor.py:176} INFO - Processing /opt/airflow/dags/consumer.py took 0.316 seconds
[2023-01-11T01:24:50.608+0000] {processor.py:154} INFO - Started process (PID=19205) to work on /opt/airflow/dags/consumer.py
[2023-01-11T01:24:50.610+0000] {processor.py:756} INFO - Processing file /opt/airflow/dags/consumer.py for tasks to queue
[2023-01-11T01:24:50.611+0000] {logging_mixin.py:120} INFO - [2023-01-11T01:24:50.611+0000] {dagbag.py:537} INFO - Filling up the DagBag from /opt/airflow/dags/consumer.py
[2023-01-11T01:24:50.672+0000] {processor.py:766} INFO - DAG(s) dict_keys(['consumer']) retrieved from /opt/airflow/dags/consumer.py
[2023-01-11T01:24:50.743+0000] {logging_mixin.py:120} INFO - [2023-01-11T01:24:50.743+0000] {dag.py:2585} INFO - Sync 1 DAGs
[2023-01-11T01:24:50.786+0000] {logging_mixin.py:120} INFO - [2023-01-11T01:24:50.786+0000] {dag.py:3340} INFO - Setting next_dagrun for consumer to None, run_after=None
[2023-01-11T01:24:50.830+0000] {processor.py:176} INFO - Processing /opt/airflow/dags/consumer.py took 0.230 seconds
[2023-01-11T01:25:21.548+0000] {processor.py:154} INFO - Started process (PID=19263) to work on /opt/airflow/dags/consumer.py
[2023-01-11T01:25:21.550+0000] {processor.py:756} INFO - Processing file /opt/airflow/dags/consumer.py for tasks to queue
[2023-01-11T01:25:21.551+0000] {logging_mixin.py:120} INFO - [2023-01-11T01:25:21.551+0000] {dagbag.py:537} INFO - Filling up the DagBag from /opt/airflow/dags/consumer.py
[2023-01-11T01:25:21.591+0000] {processor.py:766} INFO - DAG(s) dict_keys(['consumer']) retrieved from /opt/airflow/dags/consumer.py
[2023-01-11T01:25:21.645+0000] {logging_mixin.py:120} INFO - [2023-01-11T01:25:21.645+0000] {dag.py:2585} INFO - Sync 1 DAGs
[2023-01-11T01:25:21.677+0000] {logging_mixin.py:120} INFO - [2023-01-11T01:25:21.677+0000] {dag.py:3340} INFO - Setting next_dagrun for consumer to None, run_after=None
[2023-01-11T01:25:21.718+0000] {processor.py:176} INFO - Processing /opt/airflow/dags/consumer.py took 0.174 seconds
[2023-01-11T01:25:52.469+0000] {processor.py:154} INFO - Started process (PID=19330) to work on /opt/airflow/dags/consumer.py
[2023-01-11T01:25:52.470+0000] {processor.py:756} INFO - Processing file /opt/airflow/dags/consumer.py for tasks to queue
[2023-01-11T01:25:52.471+0000] {logging_mixin.py:120} INFO - [2023-01-11T01:25:52.471+0000] {dagbag.py:537} INFO - Filling up the DagBag from /opt/airflow/dags/consumer.py
[2023-01-11T01:25:52.503+0000] {processor.py:766} INFO - DAG(s) dict_keys(['consumer']) retrieved from /opt/airflow/dags/consumer.py
[2023-01-11T01:25:52.548+0000] {logging_mixin.py:120} INFO - [2023-01-11T01:25:52.548+0000] {dag.py:2585} INFO - Sync 1 DAGs
[2023-01-11T01:25:52.590+0000] {logging_mixin.py:120} INFO - [2023-01-11T01:25:52.589+0000] {dag.py:3340} INFO - Setting next_dagrun for consumer to None, run_after=None
[2023-01-11T01:25:52.624+0000] {processor.py:176} INFO - Processing /opt/airflow/dags/consumer.py took 0.158 seconds
[2023-01-11T01:26:23.372+0000] {processor.py:154} INFO - Started process (PID=19386) to work on /opt/airflow/dags/consumer.py
[2023-01-11T01:26:23.373+0000] {processor.py:756} INFO - Processing file /opt/airflow/dags/consumer.py for tasks to queue
[2023-01-11T01:26:23.374+0000] {logging_mixin.py:120} INFO - [2023-01-11T01:26:23.374+0000] {dagbag.py:537} INFO - Filling up the DagBag from /opt/airflow/dags/consumer.py
[2023-01-11T01:26:23.408+0000] {processor.py:766} INFO - DAG(s) dict_keys(['consumer']) retrieved from /opt/airflow/dags/consumer.py
[2023-01-11T01:26:23.464+0000] {logging_mixin.py:120} INFO - [2023-01-11T01:26:23.464+0000] {dag.py:2585} INFO - Sync 1 DAGs
[2023-01-11T01:26:23.500+0000] {logging_mixin.py:120} INFO - [2023-01-11T01:26:23.500+0000] {dag.py:3340} INFO - Setting next_dagrun for consumer to None, run_after=None
[2023-01-11T01:26:23.541+0000] {processor.py:176} INFO - Processing /opt/airflow/dags/consumer.py took 0.173 seconds
[2023-01-11T01:26:54.210+0000] {processor.py:154} INFO - Started process (PID=19453) to work on /opt/airflow/dags/consumer.py
[2023-01-11T01:26:54.211+0000] {processor.py:756} INFO - Processing file /opt/airflow/dags/consumer.py for tasks to queue
[2023-01-11T01:26:54.213+0000] {logging_mixin.py:120} INFO - [2023-01-11T01:26:54.212+0000] {dagbag.py:537} INFO - Filling up the DagBag from /opt/airflow/dags/consumer.py
[2023-01-11T01:26:54.263+0000] {processor.py:766} INFO - DAG(s) dict_keys(['consumer']) retrieved from /opt/airflow/dags/consumer.py
[2023-01-11T01:26:54.322+0000] {logging_mixin.py:120} INFO - [2023-01-11T01:26:54.321+0000] {dag.py:2585} INFO - Sync 1 DAGs
[2023-01-11T01:26:54.352+0000] {logging_mixin.py:120} INFO - [2023-01-11T01:26:54.351+0000] {dag.py:3340} INFO - Setting next_dagrun for consumer to None, run_after=None
[2023-01-11T01:26:54.382+0000] {processor.py:176} INFO - Processing /opt/airflow/dags/consumer.py took 0.178 seconds
[2023-01-11T01:27:24.767+0000] {processor.py:154} INFO - Started process (PID=19511) to work on /opt/airflow/dags/consumer.py
[2023-01-11T01:27:24.771+0000] {processor.py:756} INFO - Processing file /opt/airflow/dags/consumer.py for tasks to queue
[2023-01-11T01:27:24.773+0000] {logging_mixin.py:120} INFO - [2023-01-11T01:27:24.773+0000] {dagbag.py:537} INFO - Filling up the DagBag from /opt/airflow/dags/consumer.py
[2023-01-11T01:27:24.859+0000] {processor.py:766} INFO - DAG(s) dict_keys(['consumer']) retrieved from /opt/airflow/dags/consumer.py
[2023-01-11T01:27:24.935+0000] {logging_mixin.py:120} INFO - [2023-01-11T01:27:24.935+0000] {dag.py:2585} INFO - Sync 1 DAGs
[2023-01-11T01:27:24.969+0000] {logging_mixin.py:120} INFO - [2023-01-11T01:27:24.969+0000] {dag.py:3340} INFO - Setting next_dagrun for consumer to None, run_after=None
[2023-01-11T01:27:25.006+0000] {processor.py:176} INFO - Processing /opt/airflow/dags/consumer.py took 0.250 seconds
[2023-01-11T01:27:55.448+0000] {processor.py:154} INFO - Started process (PID=19578) to work on /opt/airflow/dags/consumer.py
[2023-01-11T01:27:55.452+0000] {processor.py:756} INFO - Processing file /opt/airflow/dags/consumer.py for tasks to queue
[2023-01-11T01:27:55.456+0000] {logging_mixin.py:120} INFO - [2023-01-11T01:27:55.456+0000] {dagbag.py:537} INFO - Filling up the DagBag from /opt/airflow/dags/consumer.py
[2023-01-11T01:27:55.514+0000] {processor.py:766} INFO - DAG(s) dict_keys(['consumer']) retrieved from /opt/airflow/dags/consumer.py
[2023-01-11T01:27:55.577+0000] {logging_mixin.py:120} INFO - [2023-01-11T01:27:55.577+0000] {dag.py:2585} INFO - Sync 1 DAGs
[2023-01-11T01:27:55.613+0000] {logging_mixin.py:120} INFO - [2023-01-11T01:27:55.613+0000] {dag.py:3340} INFO - Setting next_dagrun for consumer to None, run_after=None
[2023-01-11T01:27:55.647+0000] {processor.py:176} INFO - Processing /opt/airflow/dags/consumer.py took 0.207 seconds
[2023-01-11T01:28:26.657+0000] {processor.py:154} INFO - Started process (PID=19643) to work on /opt/airflow/dags/consumer.py
[2023-01-11T01:28:26.658+0000] {processor.py:756} INFO - Processing file /opt/airflow/dags/consumer.py for tasks to queue
[2023-01-11T01:28:26.659+0000] {logging_mixin.py:120} INFO - [2023-01-11T01:28:26.659+0000] {dagbag.py:537} INFO - Filling up the DagBag from /opt/airflow/dags/consumer.py
[2023-01-11T01:28:26.715+0000] {processor.py:766} INFO - DAG(s) dict_keys(['consumer']) retrieved from /opt/airflow/dags/consumer.py
[2023-01-11T01:28:26.904+0000] {logging_mixin.py:120} INFO - [2023-01-11T01:28:26.904+0000] {dag.py:2585} INFO - Sync 1 DAGs
[2023-01-11T01:28:26.969+0000] {logging_mixin.py:120} INFO - [2023-01-11T01:28:26.969+0000] {dag.py:3340} INFO - Setting next_dagrun for consumer to None, run_after=None
[2023-01-11T01:28:27.015+0000] {processor.py:176} INFO - Processing /opt/airflow/dags/consumer.py took 0.364 seconds
[2023-01-11T01:28:57.135+0000] {processor.py:154} INFO - Started process (PID=19703) to work on /opt/airflow/dags/consumer.py
[2023-01-11T01:28:57.136+0000] {processor.py:756} INFO - Processing file /opt/airflow/dags/consumer.py for tasks to queue
[2023-01-11T01:28:57.137+0000] {logging_mixin.py:120} INFO - [2023-01-11T01:28:57.137+0000] {dagbag.py:537} INFO - Filling up the DagBag from /opt/airflow/dags/consumer.py
[2023-01-11T01:28:57.189+0000] {processor.py:766} INFO - DAG(s) dict_keys(['consumer']) retrieved from /opt/airflow/dags/consumer.py
[2023-01-11T01:28:57.236+0000] {logging_mixin.py:120} INFO - [2023-01-11T01:28:57.235+0000] {dag.py:2585} INFO - Sync 1 DAGs
[2023-01-11T01:28:57.271+0000] {logging_mixin.py:120} INFO - [2023-01-11T01:28:57.271+0000] {dag.py:3340} INFO - Setting next_dagrun for consumer to None, run_after=None
[2023-01-11T01:28:57.297+0000] {processor.py:176} INFO - Processing /opt/airflow/dags/consumer.py took 0.166 seconds
[2023-01-11T01:29:28.111+0000] {processor.py:154} INFO - Started process (PID=19769) to work on /opt/airflow/dags/consumer.py
[2023-01-11T01:29:28.112+0000] {processor.py:756} INFO - Processing file /opt/airflow/dags/consumer.py for tasks to queue
[2023-01-11T01:29:28.113+0000] {logging_mixin.py:120} INFO - [2023-01-11T01:29:28.113+0000] {dagbag.py:537} INFO - Filling up the DagBag from /opt/airflow/dags/consumer.py
[2023-01-11T01:29:28.148+0000] {processor.py:766} INFO - DAG(s) dict_keys(['consumer']) retrieved from /opt/airflow/dags/consumer.py
[2023-01-11T01:29:28.198+0000] {logging_mixin.py:120} INFO - [2023-01-11T01:29:28.198+0000] {dag.py:2585} INFO - Sync 1 DAGs
[2023-01-11T01:29:28.231+0000] {logging_mixin.py:120} INFO - [2023-01-11T01:29:28.231+0000] {dag.py:3340} INFO - Setting next_dagrun for consumer to None, run_after=None
[2023-01-11T01:29:28.262+0000] {processor.py:176} INFO - Processing /opt/airflow/dags/consumer.py took 0.154 seconds
[2023-01-11T01:29:58.399+0000] {processor.py:154} INFO - Started process (PID=19827) to work on /opt/airflow/dags/consumer.py
[2023-01-11T01:29:58.401+0000] {processor.py:756} INFO - Processing file /opt/airflow/dags/consumer.py for tasks to queue
[2023-01-11T01:29:58.402+0000] {logging_mixin.py:120} INFO - [2023-01-11T01:29:58.402+0000] {dagbag.py:537} INFO - Filling up the DagBag from /opt/airflow/dags/consumer.py
[2023-01-11T01:29:58.450+0000] {processor.py:766} INFO - DAG(s) dict_keys(['consumer']) retrieved from /opt/airflow/dags/consumer.py
[2023-01-11T01:29:58.548+0000] {logging_mixin.py:120} INFO - [2023-01-11T01:29:58.548+0000] {dag.py:2585} INFO - Sync 1 DAGs
[2023-01-11T01:29:58.615+0000] {logging_mixin.py:120} INFO - [2023-01-11T01:29:58.615+0000] {dag.py:3340} INFO - Setting next_dagrun for consumer to None, run_after=None
[2023-01-11T01:29:58.692+0000] {processor.py:176} INFO - Processing /opt/airflow/dags/consumer.py took 0.297 seconds
[2023-01-11T01:30:28.841+0000] {processor.py:154} INFO - Started process (PID=19894) to work on /opt/airflow/dags/consumer.py
[2023-01-11T01:30:28.842+0000] {processor.py:756} INFO - Processing file /opt/airflow/dags/consumer.py for tasks to queue
[2023-01-11T01:30:28.844+0000] {logging_mixin.py:120} INFO - [2023-01-11T01:30:28.843+0000] {dagbag.py:537} INFO - Filling up the DagBag from /opt/airflow/dags/consumer.py
[2023-01-11T01:30:28.873+0000] {processor.py:766} INFO - DAG(s) dict_keys(['consumer']) retrieved from /opt/airflow/dags/consumer.py
[2023-01-11T01:30:28.918+0000] {logging_mixin.py:120} INFO - [2023-01-11T01:30:28.918+0000] {dag.py:2585} INFO - Sync 1 DAGs
[2023-01-11T01:30:28.953+0000] {logging_mixin.py:120} INFO - [2023-01-11T01:30:28.953+0000] {dag.py:3340} INFO - Setting next_dagrun for consumer to None, run_after=None
[2023-01-11T01:30:28.982+0000] {processor.py:176} INFO - Processing /opt/airflow/dags/consumer.py took 0.144 seconds
[2023-01-11T01:30:59.077+0000] {processor.py:154} INFO - Started process (PID=19952) to work on /opt/airflow/dags/consumer.py
[2023-01-11T01:30:59.079+0000] {processor.py:756} INFO - Processing file /opt/airflow/dags/consumer.py for tasks to queue
[2023-01-11T01:30:59.080+0000] {logging_mixin.py:120} INFO - [2023-01-11T01:30:59.080+0000] {dagbag.py:537} INFO - Filling up the DagBag from /opt/airflow/dags/consumer.py
[2023-01-11T01:30:59.129+0000] {processor.py:766} INFO - DAG(s) dict_keys(['consumer']) retrieved from /opt/airflow/dags/consumer.py
[2023-01-11T01:30:59.189+0000] {logging_mixin.py:120} INFO - [2023-01-11T01:30:59.189+0000] {dag.py:2585} INFO - Sync 1 DAGs
[2023-01-11T01:30:59.227+0000] {logging_mixin.py:120} INFO - [2023-01-11T01:30:59.227+0000] {dag.py:3340} INFO - Setting next_dagrun for consumer to None, run_after=None
[2023-01-11T01:30:59.273+0000] {processor.py:176} INFO - Processing /opt/airflow/dags/consumer.py took 0.202 seconds
[2023-01-11T01:31:29.853+0000] {processor.py:154} INFO - Started process (PID=20019) to work on /opt/airflow/dags/consumer.py
[2023-01-11T01:31:29.855+0000] {processor.py:756} INFO - Processing file /opt/airflow/dags/consumer.py for tasks to queue
[2023-01-11T01:31:29.858+0000] {logging_mixin.py:120} INFO - [2023-01-11T01:31:29.858+0000] {dagbag.py:537} INFO - Filling up the DagBag from /opt/airflow/dags/consumer.py
[2023-01-11T01:31:29.923+0000] {processor.py:766} INFO - DAG(s) dict_keys(['consumer']) retrieved from /opt/airflow/dags/consumer.py
[2023-01-11T01:31:29.993+0000] {logging_mixin.py:120} INFO - [2023-01-11T01:31:29.993+0000] {dag.py:2585} INFO - Sync 1 DAGs
[2023-01-11T01:31:30.044+0000] {logging_mixin.py:120} INFO - [2023-01-11T01:31:30.044+0000] {dag.py:3340} INFO - Setting next_dagrun for consumer to None, run_after=None
[2023-01-11T01:31:30.089+0000] {processor.py:176} INFO - Processing /opt/airflow/dags/consumer.py took 0.242 seconds
[2023-01-11T01:32:00.687+0000] {processor.py:154} INFO - Started process (PID=20077) to work on /opt/airflow/dags/consumer.py
[2023-01-11T01:32:00.689+0000] {processor.py:756} INFO - Processing file /opt/airflow/dags/consumer.py for tasks to queue
[2023-01-11T01:32:00.691+0000] {logging_mixin.py:120} INFO - [2023-01-11T01:32:00.691+0000] {dagbag.py:537} INFO - Filling up the DagBag from /opt/airflow/dags/consumer.py
[2023-01-11T01:32:00.744+0000] {processor.py:766} INFO - DAG(s) dict_keys(['consumer']) retrieved from /opt/airflow/dags/consumer.py
[2023-01-11T01:32:00.803+0000] {logging_mixin.py:120} INFO - [2023-01-11T01:32:00.803+0000] {dag.py:2585} INFO - Sync 1 DAGs
[2023-01-11T01:32:00.841+0000] {logging_mixin.py:120} INFO - [2023-01-11T01:32:00.841+0000] {dag.py:3340} INFO - Setting next_dagrun for consumer to None, run_after=None
[2023-01-11T01:32:00.884+0000] {processor.py:176} INFO - Processing /opt/airflow/dags/consumer.py took 0.204 seconds
[2023-01-11T01:32:31.330+0000] {processor.py:154} INFO - Started process (PID=20144) to work on /opt/airflow/dags/consumer.py
[2023-01-11T01:32:31.331+0000] {processor.py:756} INFO - Processing file /opt/airflow/dags/consumer.py for tasks to queue
[2023-01-11T01:32:31.332+0000] {logging_mixin.py:120} INFO - [2023-01-11T01:32:31.332+0000] {dagbag.py:537} INFO - Filling up the DagBag from /opt/airflow/dags/consumer.py
[2023-01-11T01:32:31.366+0000] {processor.py:766} INFO - DAG(s) dict_keys(['consumer']) retrieved from /opt/airflow/dags/consumer.py
[2023-01-11T01:32:31.419+0000] {logging_mixin.py:120} INFO - [2023-01-11T01:32:31.418+0000] {dag.py:2585} INFO - Sync 1 DAGs
[2023-01-11T01:32:31.446+0000] {logging_mixin.py:120} INFO - [2023-01-11T01:32:31.446+0000] {dag.py:3340} INFO - Setting next_dagrun for consumer to None, run_after=None
[2023-01-11T01:32:31.474+0000] {processor.py:176} INFO - Processing /opt/airflow/dags/consumer.py took 0.148 seconds
[2023-01-11T01:33:01.796+0000] {processor.py:154} INFO - Started process (PID=20202) to work on /opt/airflow/dags/consumer.py
[2023-01-11T01:33:01.797+0000] {processor.py:756} INFO - Processing file /opt/airflow/dags/consumer.py for tasks to queue
[2023-01-11T01:33:01.798+0000] {logging_mixin.py:120} INFO - [2023-01-11T01:33:01.798+0000] {dagbag.py:537} INFO - Filling up the DagBag from /opt/airflow/dags/consumer.py
[2023-01-11T01:33:01.842+0000] {processor.py:766} INFO - DAG(s) dict_keys(['consumer']) retrieved from /opt/airflow/dags/consumer.py
[2023-01-11T01:33:01.890+0000] {logging_mixin.py:120} INFO - [2023-01-11T01:33:01.889+0000] {dag.py:2585} INFO - Sync 1 DAGs
[2023-01-11T01:33:01.928+0000] {logging_mixin.py:120} INFO - [2023-01-11T01:33:01.928+0000] {dag.py:3340} INFO - Setting next_dagrun for consumer to None, run_after=None
[2023-01-11T01:33:01.970+0000] {processor.py:176} INFO - Processing /opt/airflow/dags/consumer.py took 0.180 seconds
[2023-01-11T01:33:32.727+0000] {processor.py:154} INFO - Started process (PID=20269) to work on /opt/airflow/dags/consumer.py
[2023-01-11T01:33:32.728+0000] {processor.py:756} INFO - Processing file /opt/airflow/dags/consumer.py for tasks to queue
[2023-01-11T01:33:32.730+0000] {logging_mixin.py:120} INFO - [2023-01-11T01:33:32.730+0000] {dagbag.py:537} INFO - Filling up the DagBag from /opt/airflow/dags/consumer.py
[2023-01-11T01:33:32.797+0000] {processor.py:766} INFO - DAG(s) dict_keys(['consumer']) retrieved from /opt/airflow/dags/consumer.py
[2023-01-11T01:33:32.847+0000] {logging_mixin.py:120} INFO - [2023-01-11T01:33:32.847+0000] {dag.py:2585} INFO - Sync 1 DAGs
[2023-01-11T01:33:32.875+0000] {logging_mixin.py:120} INFO - [2023-01-11T01:33:32.875+0000] {dag.py:3340} INFO - Setting next_dagrun for consumer to None, run_after=None
[2023-01-11T01:33:32.909+0000] {processor.py:176} INFO - Processing /opt/airflow/dags/consumer.py took 0.188 seconds
[2023-01-11T01:34:03.553+0000] {processor.py:154} INFO - Started process (PID=20327) to work on /opt/airflow/dags/consumer.py
[2023-01-11T01:34:03.554+0000] {processor.py:756} INFO - Processing file /opt/airflow/dags/consumer.py for tasks to queue
[2023-01-11T01:34:03.555+0000] {logging_mixin.py:120} INFO - [2023-01-11T01:34:03.555+0000] {dagbag.py:537} INFO - Filling up the DagBag from /opt/airflow/dags/consumer.py
[2023-01-11T01:34:03.598+0000] {processor.py:766} INFO - DAG(s) dict_keys(['consumer']) retrieved from /opt/airflow/dags/consumer.py
[2023-01-11T01:34:03.645+0000] {logging_mixin.py:120} INFO - [2023-01-11T01:34:03.644+0000] {dag.py:2585} INFO - Sync 1 DAGs
[2023-01-11T01:34:03.675+0000] {logging_mixin.py:120} INFO - [2023-01-11T01:34:03.675+0000] {dag.py:3340} INFO - Setting next_dagrun for consumer to None, run_after=None
[2023-01-11T01:34:03.703+0000] {processor.py:176} INFO - Processing /opt/airflow/dags/consumer.py took 0.153 seconds
[2023-01-11T01:34:34.238+0000] {processor.py:154} INFO - Started process (PID=20394) to work on /opt/airflow/dags/consumer.py
[2023-01-11T01:34:34.238+0000] {processor.py:756} INFO - Processing file /opt/airflow/dags/consumer.py for tasks to queue
[2023-01-11T01:34:34.239+0000] {logging_mixin.py:120} INFO - [2023-01-11T01:34:34.239+0000] {dagbag.py:537} INFO - Filling up the DagBag from /opt/airflow/dags/consumer.py
[2023-01-11T01:34:34.272+0000] {processor.py:766} INFO - DAG(s) dict_keys(['consumer']) retrieved from /opt/airflow/dags/consumer.py
[2023-01-11T01:34:34.322+0000] {logging_mixin.py:120} INFO - [2023-01-11T01:34:34.321+0000] {dag.py:2585} INFO - Sync 1 DAGs
[2023-01-11T01:34:34.350+0000] {logging_mixin.py:120} INFO - [2023-01-11T01:34:34.350+0000] {dag.py:3340} INFO - Setting next_dagrun for consumer to None, run_after=None
[2023-01-11T01:34:34.377+0000] {processor.py:176} INFO - Processing /opt/airflow/dags/consumer.py took 0.143 seconds
[2023-01-11T01:35:05.032+0000] {processor.py:154} INFO - Started process (PID=20462) to work on /opt/airflow/dags/consumer.py
[2023-01-11T01:35:05.033+0000] {processor.py:756} INFO - Processing file /opt/airflow/dags/consumer.py for tasks to queue
[2023-01-11T01:35:05.034+0000] {logging_mixin.py:120} INFO - [2023-01-11T01:35:05.034+0000] {dagbag.py:537} INFO - Filling up the DagBag from /opt/airflow/dags/consumer.py
[2023-01-11T01:35:05.069+0000] {processor.py:766} INFO - DAG(s) dict_keys(['consumer']) retrieved from /opt/airflow/dags/consumer.py
[2023-01-11T01:35:05.139+0000] {logging_mixin.py:120} INFO - [2023-01-11T01:35:05.139+0000] {dag.py:2585} INFO - Sync 1 DAGs
[2023-01-11T01:35:05.181+0000] {logging_mixin.py:120} INFO - [2023-01-11T01:35:05.181+0000] {dag.py:3340} INFO - Setting next_dagrun for consumer to None, run_after=None
[2023-01-11T01:35:05.227+0000] {processor.py:176} INFO - Processing /opt/airflow/dags/consumer.py took 0.199 seconds
[2023-01-11T01:35:35.513+0000] {processor.py:154} INFO - Started process (PID=20521) to work on /opt/airflow/dags/consumer.py
[2023-01-11T01:35:35.514+0000] {processor.py:756} INFO - Processing file /opt/airflow/dags/consumer.py for tasks to queue
[2023-01-11T01:35:35.515+0000] {logging_mixin.py:120} INFO - [2023-01-11T01:35:35.515+0000] {dagbag.py:537} INFO - Filling up the DagBag from /opt/airflow/dags/consumer.py
[2023-01-11T01:35:35.557+0000] {processor.py:766} INFO - DAG(s) dict_keys(['consumer']) retrieved from /opt/airflow/dags/consumer.py
[2023-01-11T01:35:35.610+0000] {logging_mixin.py:120} INFO - [2023-01-11T01:35:35.610+0000] {dag.py:2585} INFO - Sync 1 DAGs
[2023-01-11T01:35:35.647+0000] {logging_mixin.py:120} INFO - [2023-01-11T01:35:35.647+0000] {dag.py:3340} INFO - Setting next_dagrun for consumer to None, run_after=None
[2023-01-11T01:35:35.685+0000] {processor.py:176} INFO - Processing /opt/airflow/dags/consumer.py took 0.176 seconds
[2023-01-11T01:36:05.870+0000] {processor.py:154} INFO - Started process (PID=20588) to work on /opt/airflow/dags/consumer.py
[2023-01-11T01:36:05.872+0000] {processor.py:756} INFO - Processing file /opt/airflow/dags/consumer.py for tasks to queue
[2023-01-11T01:36:05.873+0000] {logging_mixin.py:120} INFO - [2023-01-11T01:36:05.872+0000] {dagbag.py:537} INFO - Filling up the DagBag from /opt/airflow/dags/consumer.py
[2023-01-11T01:36:05.916+0000] {processor.py:766} INFO - DAG(s) dict_keys(['consumer']) retrieved from /opt/airflow/dags/consumer.py
[2023-01-11T01:36:05.971+0000] {logging_mixin.py:120} INFO - [2023-01-11T01:36:05.971+0000] {dag.py:2585} INFO - Sync 1 DAGs
[2023-01-11T01:36:06.004+0000] {logging_mixin.py:120} INFO - [2023-01-11T01:36:06.004+0000] {dag.py:3340} INFO - Setting next_dagrun for consumer to None, run_after=None
[2023-01-11T01:36:06.032+0000] {processor.py:176} INFO - Processing /opt/airflow/dags/consumer.py took 0.170 seconds
[2023-01-11T01:36:36.363+0000] {processor.py:154} INFO - Started process (PID=20646) to work on /opt/airflow/dags/consumer.py
[2023-01-11T01:36:36.364+0000] {processor.py:756} INFO - Processing file /opt/airflow/dags/consumer.py for tasks to queue
[2023-01-11T01:36:36.366+0000] {logging_mixin.py:120} INFO - [2023-01-11T01:36:36.365+0000] {dagbag.py:537} INFO - Filling up the DagBag from /opt/airflow/dags/consumer.py
[2023-01-11T01:36:36.408+0000] {processor.py:766} INFO - DAG(s) dict_keys(['consumer']) retrieved from /opt/airflow/dags/consumer.py
[2023-01-11T01:36:36.468+0000] {logging_mixin.py:120} INFO - [2023-01-11T01:36:36.468+0000] {dag.py:2585} INFO - Sync 1 DAGs
[2023-01-11T01:36:36.506+0000] {logging_mixin.py:120} INFO - [2023-01-11T01:36:36.506+0000] {dag.py:3340} INFO - Setting next_dagrun for consumer to None, run_after=None
[2023-01-11T01:36:36.544+0000] {processor.py:176} INFO - Processing /opt/airflow/dags/consumer.py took 0.187 seconds
[2023-01-11T01:37:07.183+0000] {processor.py:154} INFO - Started process (PID=20713) to work on /opt/airflow/dags/consumer.py
[2023-01-11T01:37:07.185+0000] {processor.py:756} INFO - Processing file /opt/airflow/dags/consumer.py for tasks to queue
[2023-01-11T01:37:07.188+0000] {logging_mixin.py:120} INFO - [2023-01-11T01:37:07.187+0000] {dagbag.py:537} INFO - Filling up the DagBag from /opt/airflow/dags/consumer.py
[2023-01-11T01:37:07.250+0000] {processor.py:766} INFO - DAG(s) dict_keys(['consumer']) retrieved from /opt/airflow/dags/consumer.py
[2023-01-11T01:37:07.297+0000] {logging_mixin.py:120} INFO - [2023-01-11T01:37:07.297+0000] {dag.py:2585} INFO - Sync 1 DAGs
[2023-01-11T01:37:07.323+0000] {logging_mixin.py:120} INFO - [2023-01-11T01:37:07.323+0000] {dag.py:3340} INFO - Setting next_dagrun for consumer to None, run_after=None
[2023-01-11T01:37:07.352+0000] {processor.py:176} INFO - Processing /opt/airflow/dags/consumer.py took 0.174 seconds
[2023-01-11T01:37:37.891+0000] {processor.py:154} INFO - Started process (PID=20772) to work on /opt/airflow/dags/consumer.py
[2023-01-11T01:37:37.894+0000] {processor.py:756} INFO - Processing file /opt/airflow/dags/consumer.py for tasks to queue
[2023-01-11T01:37:37.897+0000] {logging_mixin.py:120} INFO - [2023-01-11T01:37:37.896+0000] {dagbag.py:537} INFO - Filling up the DagBag from /opt/airflow/dags/consumer.py
[2023-01-11T01:37:37.980+0000] {processor.py:766} INFO - DAG(s) dict_keys(['consumer']) retrieved from /opt/airflow/dags/consumer.py
[2023-01-11T01:37:38.050+0000] {logging_mixin.py:120} INFO - [2023-01-11T01:37:38.050+0000] {dag.py:2585} INFO - Sync 1 DAGs
[2023-01-11T01:37:38.096+0000] {logging_mixin.py:120} INFO - [2023-01-11T01:37:38.096+0000] {dag.py:3340} INFO - Setting next_dagrun for consumer to None, run_after=None
[2023-01-11T01:37:38.144+0000] {processor.py:176} INFO - Processing /opt/airflow/dags/consumer.py took 0.262 seconds
[2023-01-11T01:38:08.307+0000] {processor.py:154} INFO - Started process (PID=20840) to work on /opt/airflow/dags/consumer.py
[2023-01-11T01:38:08.312+0000] {processor.py:756} INFO - Processing file /opt/airflow/dags/consumer.py for tasks to queue
[2023-01-11T01:38:08.314+0000] {logging_mixin.py:120} INFO - [2023-01-11T01:38:08.314+0000] {dagbag.py:537} INFO - Filling up the DagBag from /opt/airflow/dags/consumer.py
[2023-01-11T01:38:08.401+0000] {processor.py:766} INFO - DAG(s) dict_keys(['consumer']) retrieved from /opt/airflow/dags/consumer.py
[2023-01-11T01:38:08.474+0000] {logging_mixin.py:120} INFO - [2023-01-11T01:38:08.474+0000] {dag.py:2585} INFO - Sync 1 DAGs
[2023-01-11T01:38:08.518+0000] {logging_mixin.py:120} INFO - [2023-01-11T01:38:08.518+0000] {dag.py:3340} INFO - Setting next_dagrun for consumer to None, run_after=None
[2023-01-11T01:38:08.563+0000] {processor.py:176} INFO - Processing /opt/airflow/dags/consumer.py took 0.265 seconds
[2023-01-11T01:38:39.029+0000] {processor.py:154} INFO - Started process (PID=20899) to work on /opt/airflow/dags/consumer.py
[2023-01-11T01:38:39.031+0000] {processor.py:756} INFO - Processing file /opt/airflow/dags/consumer.py for tasks to queue
[2023-01-11T01:38:39.034+0000] {logging_mixin.py:120} INFO - [2023-01-11T01:38:39.033+0000] {dagbag.py:537} INFO - Filling up the DagBag from /opt/airflow/dags/consumer.py
[2023-01-11T01:38:39.099+0000] {processor.py:766} INFO - DAG(s) dict_keys(['consumer']) retrieved from /opt/airflow/dags/consumer.py
[2023-01-11T01:38:39.151+0000] {logging_mixin.py:120} INFO - [2023-01-11T01:38:39.151+0000] {dag.py:2585} INFO - Sync 1 DAGs
[2023-01-11T01:38:39.180+0000] {logging_mixin.py:120} INFO - [2023-01-11T01:38:39.180+0000] {dag.py:3340} INFO - Setting next_dagrun for consumer to None, run_after=None
[2023-01-11T01:38:39.208+0000] {processor.py:176} INFO - Processing /opt/airflow/dags/consumer.py took 0.189 seconds
[2023-01-11T01:39:10.103+0000] {processor.py:154} INFO - Started process (PID=20966) to work on /opt/airflow/dags/consumer.py
[2023-01-11T01:39:10.104+0000] {processor.py:756} INFO - Processing file /opt/airflow/dags/consumer.py for tasks to queue
[2023-01-11T01:39:10.105+0000] {logging_mixin.py:120} INFO - [2023-01-11T01:39:10.105+0000] {dagbag.py:537} INFO - Filling up the DagBag from /opt/airflow/dags/consumer.py
[2023-01-11T01:39:10.154+0000] {processor.py:766} INFO - DAG(s) dict_keys(['consumer']) retrieved from /opt/airflow/dags/consumer.py
[2023-01-11T01:39:10.211+0000] {logging_mixin.py:120} INFO - [2023-01-11T01:39:10.210+0000] {dag.py:2585} INFO - Sync 1 DAGs
[2023-01-11T01:39:10.249+0000] {logging_mixin.py:120} INFO - [2023-01-11T01:39:10.249+0000] {dag.py:3340} INFO - Setting next_dagrun for consumer to None, run_after=None
[2023-01-11T01:39:10.298+0000] {processor.py:176} INFO - Processing /opt/airflow/dags/consumer.py took 0.200 seconds
[2023-01-11T01:39:40.484+0000] {processor.py:154} INFO - Started process (PID=21033) to work on /opt/airflow/dags/consumer.py
[2023-01-11T01:39:40.485+0000] {processor.py:756} INFO - Processing file /opt/airflow/dags/consumer.py for tasks to queue
[2023-01-11T01:39:40.487+0000] {logging_mixin.py:120} INFO - [2023-01-11T01:39:40.486+0000] {dagbag.py:537} INFO - Filling up the DagBag from /opt/airflow/dags/consumer.py
[2023-01-11T01:39:40.523+0000] {processor.py:766} INFO - DAG(s) dict_keys(['consumer']) retrieved from /opt/airflow/dags/consumer.py
[2023-01-11T01:39:40.581+0000] {logging_mixin.py:120} INFO - [2023-01-11T01:39:40.580+0000] {dag.py:2585} INFO - Sync 1 DAGs
[2023-01-11T01:39:40.618+0000] {logging_mixin.py:120} INFO - [2023-01-11T01:39:40.617+0000] {dag.py:3340} INFO - Setting next_dagrun for consumer to None, run_after=None
[2023-01-11T01:39:40.650+0000] {processor.py:176} INFO - Processing /opt/airflow/dags/consumer.py took 0.171 seconds
[2023-01-11T01:40:11.200+0000] {processor.py:154} INFO - Started process (PID=21091) to work on /opt/airflow/dags/consumer.py
[2023-01-11T01:40:11.201+0000] {processor.py:756} INFO - Processing file /opt/airflow/dags/consumer.py for tasks to queue
[2023-01-11T01:40:11.201+0000] {logging_mixin.py:120} INFO - [2023-01-11T01:40:11.201+0000] {dagbag.py:537} INFO - Filling up the DagBag from /opt/airflow/dags/consumer.py
[2023-01-11T01:40:11.256+0000] {processor.py:766} INFO - DAG(s) dict_keys(['consumer']) retrieved from /opt/airflow/dags/consumer.py
[2023-01-11T01:40:11.302+0000] {logging_mixin.py:120} INFO - [2023-01-11T01:40:11.302+0000] {dag.py:2585} INFO - Sync 1 DAGs
[2023-01-11T01:40:11.329+0000] {logging_mixin.py:120} INFO - [2023-01-11T01:40:11.329+0000] {dag.py:3340} INFO - Setting next_dagrun for consumer to None, run_after=None
[2023-01-11T01:40:11.363+0000] {processor.py:176} INFO - Processing /opt/airflow/dags/consumer.py took 0.167 seconds
[2023-01-11T01:40:41.598+0000] {processor.py:154} INFO - Started process (PID=21158) to work on /opt/airflow/dags/consumer.py
[2023-01-11T01:40:41.599+0000] {processor.py:756} INFO - Processing file /opt/airflow/dags/consumer.py for tasks to queue
[2023-01-11T01:40:41.600+0000] {logging_mixin.py:120} INFO - [2023-01-11T01:40:41.600+0000] {dagbag.py:537} INFO - Filling up the DagBag from /opt/airflow/dags/consumer.py
[2023-01-11T01:40:41.642+0000] {processor.py:766} INFO - DAG(s) dict_keys(['consumer']) retrieved from /opt/airflow/dags/consumer.py
[2023-01-11T01:40:41.743+0000] {logging_mixin.py:120} INFO - [2023-01-11T01:40:41.743+0000] {dag.py:2585} INFO - Sync 1 DAGs
[2023-01-11T01:40:41.785+0000] {logging_mixin.py:120} INFO - [2023-01-11T01:40:41.785+0000] {dag.py:3340} INFO - Setting next_dagrun for consumer to None, run_after=None
[2023-01-11T01:40:41.818+0000] {processor.py:176} INFO - Processing /opt/airflow/dags/consumer.py took 0.223 seconds
[2023-01-11T01:41:12.010+0000] {processor.py:154} INFO - Started process (PID=21225) to work on /opt/airflow/dags/consumer.py
[2023-01-11T01:41:12.010+0000] {processor.py:756} INFO - Processing file /opt/airflow/dags/consumer.py for tasks to queue
[2023-01-11T01:41:12.011+0000] {logging_mixin.py:120} INFO - [2023-01-11T01:41:12.011+0000] {dagbag.py:537} INFO - Filling up the DagBag from /opt/airflow/dags/consumer.py
[2023-01-11T01:41:12.054+0000] {processor.py:766} INFO - DAG(s) dict_keys(['consumer']) retrieved from /opt/airflow/dags/consumer.py
[2023-01-11T01:41:12.112+0000] {logging_mixin.py:120} INFO - [2023-01-11T01:41:12.112+0000] {dag.py:2585} INFO - Sync 1 DAGs
[2023-01-11T01:41:12.153+0000] {logging_mixin.py:120} INFO - [2023-01-11T01:41:12.152+0000] {dag.py:3340} INFO - Setting next_dagrun for consumer to None, run_after=None
[2023-01-11T01:41:12.192+0000] {processor.py:176} INFO - Processing /opt/airflow/dags/consumer.py took 0.188 seconds
[2023-01-11T01:41:42.716+0000] {processor.py:154} INFO - Started process (PID=21283) to work on /opt/airflow/dags/consumer.py
[2023-01-11T01:41:42.717+0000] {processor.py:756} INFO - Processing file /opt/airflow/dags/consumer.py for tasks to queue
[2023-01-11T01:41:42.719+0000] {logging_mixin.py:120} INFO - [2023-01-11T01:41:42.718+0000] {dagbag.py:537} INFO - Filling up the DagBag from /opt/airflow/dags/consumer.py
[2023-01-11T01:41:42.770+0000] {processor.py:766} INFO - DAG(s) dict_keys(['consumer']) retrieved from /opt/airflow/dags/consumer.py
[2023-01-11T01:41:42.818+0000] {logging_mixin.py:120} INFO - [2023-01-11T01:41:42.818+0000] {dag.py:2585} INFO - Sync 1 DAGs
[2023-01-11T01:41:42.842+0000] {logging_mixin.py:120} INFO - [2023-01-11T01:41:42.842+0000] {dag.py:3340} INFO - Setting next_dagrun for consumer to None, run_after=None
[2023-01-11T01:41:42.899+0000] {processor.py:176} INFO - Processing /opt/airflow/dags/consumer.py took 0.190 seconds
[2023-01-11T01:42:13.254+0000] {processor.py:154} INFO - Started process (PID=21351) to work on /opt/airflow/dags/consumer.py
[2023-01-11T01:42:13.257+0000] {processor.py:756} INFO - Processing file /opt/airflow/dags/consumer.py for tasks to queue
[2023-01-11T01:42:13.259+0000] {logging_mixin.py:120} INFO - [2023-01-11T01:42:13.259+0000] {dagbag.py:537} INFO - Filling up the DagBag from /opt/airflow/dags/consumer.py
[2023-01-11T01:42:13.326+0000] {processor.py:766} INFO - DAG(s) dict_keys(['consumer']) retrieved from /opt/airflow/dags/consumer.py
[2023-01-11T01:42:13.368+0000] {logging_mixin.py:120} INFO - [2023-01-11T01:42:13.368+0000] {dag.py:2585} INFO - Sync 1 DAGs
[2023-01-11T01:42:13.393+0000] {logging_mixin.py:120} INFO - [2023-01-11T01:42:13.393+0000] {dag.py:3340} INFO - Setting next_dagrun for consumer to None, run_after=None
[2023-01-11T01:42:13.441+0000] {processor.py:176} INFO - Processing /opt/airflow/dags/consumer.py took 0.195 seconds
[2023-01-11T01:42:44.094+0000] {processor.py:154} INFO - Started process (PID=21416) to work on /opt/airflow/dags/consumer.py
[2023-01-11T01:42:44.095+0000] {processor.py:756} INFO - Processing file /opt/airflow/dags/consumer.py for tasks to queue
[2023-01-11T01:42:44.096+0000] {logging_mixin.py:120} INFO - [2023-01-11T01:42:44.096+0000] {dagbag.py:537} INFO - Filling up the DagBag from /opt/airflow/dags/consumer.py
[2023-01-11T01:42:44.144+0000] {processor.py:766} INFO - DAG(s) dict_keys(['consumer']) retrieved from /opt/airflow/dags/consumer.py
[2023-01-11T01:42:44.204+0000] {logging_mixin.py:120} INFO - [2023-01-11T01:42:44.204+0000] {dag.py:2585} INFO - Sync 1 DAGs
[2023-01-11T01:42:44.237+0000] {logging_mixin.py:120} INFO - [2023-01-11T01:42:44.237+0000] {dag.py:3340} INFO - Setting next_dagrun for consumer to None, run_after=None
[2023-01-11T01:42:44.283+0000] {processor.py:176} INFO - Processing /opt/airflow/dags/consumer.py took 0.194 seconds
[2023-01-11T01:43:15.213+0000] {processor.py:154} INFO - Started process (PID=21476) to work on /opt/airflow/dags/consumer.py
[2023-01-11T01:43:15.215+0000] {processor.py:756} INFO - Processing file /opt/airflow/dags/consumer.py for tasks to queue
[2023-01-11T01:43:15.216+0000] {logging_mixin.py:120} INFO - [2023-01-11T01:43:15.216+0000] {dagbag.py:537} INFO - Filling up the DagBag from /opt/airflow/dags/consumer.py
[2023-01-11T01:43:15.259+0000] {processor.py:766} INFO - DAG(s) dict_keys(['consumer']) retrieved from /opt/airflow/dags/consumer.py
[2023-01-11T01:43:15.305+0000] {logging_mixin.py:120} INFO - [2023-01-11T01:43:15.304+0000] {dag.py:2585} INFO - Sync 1 DAGs
[2023-01-11T01:43:15.334+0000] {logging_mixin.py:120} INFO - [2023-01-11T01:43:15.333+0000] {dag.py:3340} INFO - Setting next_dagrun for consumer to None, run_after=None
[2023-01-11T01:43:15.371+0000] {processor.py:176} INFO - Processing /opt/airflow/dags/consumer.py took 0.163 seconds
[2023-01-11T01:43:45.950+0000] {processor.py:154} INFO - Started process (PID=21543) to work on /opt/airflow/dags/consumer.py
[2023-01-11T01:43:45.952+0000] {processor.py:756} INFO - Processing file /opt/airflow/dags/consumer.py for tasks to queue
[2023-01-11T01:43:45.956+0000] {logging_mixin.py:120} INFO - [2023-01-11T01:43:45.955+0000] {dagbag.py:537} INFO - Filling up the DagBag from /opt/airflow/dags/consumer.py
[2023-01-11T01:43:46.025+0000] {processor.py:766} INFO - DAG(s) dict_keys(['consumer']) retrieved from /opt/airflow/dags/consumer.py
[2023-01-11T01:43:46.066+0000] {logging_mixin.py:120} INFO - [2023-01-11T01:43:46.066+0000] {dag.py:2585} INFO - Sync 1 DAGs
[2023-01-11T01:43:46.090+0000] {logging_mixin.py:120} INFO - [2023-01-11T01:43:46.090+0000] {dag.py:3340} INFO - Setting next_dagrun for consumer to None, run_after=None
[2023-01-11T01:43:46.119+0000] {processor.py:176} INFO - Processing /opt/airflow/dags/consumer.py took 0.177 seconds
[2023-01-11T01:44:16.355+0000] {processor.py:154} INFO - Started process (PID=21610) to work on /opt/airflow/dags/consumer.py
[2023-01-11T01:44:16.357+0000] {processor.py:756} INFO - Processing file /opt/airflow/dags/consumer.py for tasks to queue
[2023-01-11T01:44:16.358+0000] {logging_mixin.py:120} INFO - [2023-01-11T01:44:16.358+0000] {dagbag.py:537} INFO - Filling up the DagBag from /opt/airflow/dags/consumer.py
[2023-01-11T01:44:16.411+0000] {processor.py:766} INFO - DAG(s) dict_keys(['consumer']) retrieved from /opt/airflow/dags/consumer.py
[2023-01-11T01:44:16.477+0000] {logging_mixin.py:120} INFO - [2023-01-11T01:44:16.477+0000] {dag.py:2585} INFO - Sync 1 DAGs
[2023-01-11T01:44:16.516+0000] {logging_mixin.py:120} INFO - [2023-01-11T01:44:16.515+0000] {dag.py:3340} INFO - Setting next_dagrun for consumer to None, run_after=None
[2023-01-11T01:44:16.567+0000] {processor.py:176} INFO - Processing /opt/airflow/dags/consumer.py took 0.215 seconds
[2023-01-11T01:44:46.813+0000] {processor.py:154} INFO - Started process (PID=21668) to work on /opt/airflow/dags/consumer.py
[2023-01-11T01:44:46.815+0000] {processor.py:756} INFO - Processing file /opt/airflow/dags/consumer.py for tasks to queue
[2023-01-11T01:44:46.817+0000] {logging_mixin.py:120} INFO - [2023-01-11T01:44:46.817+0000] {dagbag.py:537} INFO - Filling up the DagBag from /opt/airflow/dags/consumer.py
[2023-01-11T01:44:46.865+0000] {processor.py:766} INFO - DAG(s) dict_keys(['consumer']) retrieved from /opt/airflow/dags/consumer.py
[2023-01-11T01:44:46.907+0000] {logging_mixin.py:120} INFO - [2023-01-11T01:44:46.907+0000] {dag.py:2585} INFO - Sync 1 DAGs
[2023-01-11T01:44:46.931+0000] {logging_mixin.py:120} INFO - [2023-01-11T01:44:46.931+0000] {dag.py:3340} INFO - Setting next_dagrun for consumer to None, run_after=None
[2023-01-11T01:44:46.959+0000] {processor.py:176} INFO - Processing /opt/airflow/dags/consumer.py took 0.154 seconds
[2023-01-11T01:45:17.278+0000] {processor.py:154} INFO - Started process (PID=21735) to work on /opt/airflow/dags/consumer.py
[2023-01-11T01:45:17.280+0000] {processor.py:756} INFO - Processing file /opt/airflow/dags/consumer.py for tasks to queue
[2023-01-11T01:45:17.283+0000] {logging_mixin.py:120} INFO - [2023-01-11T01:45:17.283+0000] {dagbag.py:537} INFO - Filling up the DagBag from /opt/airflow/dags/consumer.py
[2023-01-11T01:45:17.329+0000] {processor.py:766} INFO - DAG(s) dict_keys(['consumer']) retrieved from /opt/airflow/dags/consumer.py
[2023-01-11T01:45:17.387+0000] {logging_mixin.py:120} INFO - [2023-01-11T01:45:17.387+0000] {dag.py:2585} INFO - Sync 1 DAGs
[2023-01-11T01:45:17.415+0000] {logging_mixin.py:120} INFO - [2023-01-11T01:45:17.415+0000] {dag.py:3340} INFO - Setting next_dagrun for consumer to None, run_after=None
[2023-01-11T01:45:17.451+0000] {processor.py:176} INFO - Processing /opt/airflow/dags/consumer.py took 0.180 seconds
[2023-01-11T01:45:47.767+0000] {processor.py:154} INFO - Started process (PID=21802) to work on /opt/airflow/dags/consumer.py
[2023-01-11T01:45:47.768+0000] {processor.py:756} INFO - Processing file /opt/airflow/dags/consumer.py for tasks to queue
[2023-01-11T01:45:47.769+0000] {logging_mixin.py:120} INFO - [2023-01-11T01:45:47.769+0000] {dagbag.py:537} INFO - Filling up the DagBag from /opt/airflow/dags/consumer.py
[2023-01-11T01:45:47.818+0000] {processor.py:766} INFO - DAG(s) dict_keys(['consumer']) retrieved from /opt/airflow/dags/consumer.py
[2023-01-11T01:45:47.872+0000] {logging_mixin.py:120} INFO - [2023-01-11T01:45:47.872+0000] {dag.py:2585} INFO - Sync 1 DAGs
[2023-01-11T01:45:47.904+0000] {logging_mixin.py:120} INFO - [2023-01-11T01:45:47.903+0000] {dag.py:3340} INFO - Setting next_dagrun for consumer to None, run_after=None
[2023-01-11T01:45:47.944+0000] {processor.py:176} INFO - Processing /opt/airflow/dags/consumer.py took 0.188 seconds
[2023-01-11T01:46:18.224+0000] {processor.py:154} INFO - Started process (PID=21861) to work on /opt/airflow/dags/consumer.py
[2023-01-11T01:46:18.226+0000] {processor.py:756} INFO - Processing file /opt/airflow/dags/consumer.py for tasks to queue
[2023-01-11T01:46:18.227+0000] {logging_mixin.py:120} INFO - [2023-01-11T01:46:18.227+0000] {dagbag.py:537} INFO - Filling up the DagBag from /opt/airflow/dags/consumer.py
[2023-01-11T01:46:18.261+0000] {processor.py:766} INFO - DAG(s) dict_keys(['consumer']) retrieved from /opt/airflow/dags/consumer.py
[2023-01-11T01:46:18.303+0000] {logging_mixin.py:120} INFO - [2023-01-11T01:46:18.303+0000] {dag.py:2585} INFO - Sync 1 DAGs
[2023-01-11T01:46:18.332+0000] {logging_mixin.py:120} INFO - [2023-01-11T01:46:18.332+0000] {dag.py:3340} INFO - Setting next_dagrun for consumer to None, run_after=None
[2023-01-11T01:46:18.364+0000] {processor.py:176} INFO - Processing /opt/airflow/dags/consumer.py took 0.143 seconds
