[2023-01-11T01:09:29.756+0000] {processor.py:154} INFO - Started process (PID=17318) to work on /opt/airflow/dags/producer.py
[2023-01-11T01:09:29.757+0000] {processor.py:756} INFO - Processing file /opt/airflow/dags/producer.py for tasks to queue
[2023-01-11T01:09:29.759+0000] {logging_mixin.py:120} INFO - [2023-01-11T01:09:29.759+0000] {dagbag.py:537} INFO - Filling up the DagBag from /opt/airflow/dags/producer.py
[2023-01-11T01:09:29.997+0000] {processor.py:766} INFO - DAG(s) dict_keys(['producer']) retrieved from /opt/airflow/dags/producer.py
[2023-01-11T01:09:30.174+0000] {logging_mixin.py:120} INFO - [2023-01-11T01:09:30.174+0000] {dag.py:2585} INFO - Sync 1 DAGs
[2023-01-11T01:09:30.289+0000] {logging_mixin.py:120} INFO - [2023-01-11T01:09:30.288+0000] {dag.py:3340} INFO - Setting next_dagrun for producer to 2023-01-11T00:00:00+00:00, run_after=2023-01-12T00:00:00+00:00
[2023-01-11T01:09:30.444+0000] {processor.py:176} INFO - Processing /opt/airflow/dags/producer.py took 0.705 seconds
[2023-01-11T01:10:00.614+0000] {processor.py:154} INFO - Started process (PID=17376) to work on /opt/airflow/dags/producer.py
[2023-01-11T01:10:00.616+0000] {processor.py:756} INFO - Processing file /opt/airflow/dags/producer.py for tasks to queue
[2023-01-11T01:10:00.618+0000] {logging_mixin.py:120} INFO - [2023-01-11T01:10:00.618+0000] {dagbag.py:537} INFO - Filling up the DagBag from /opt/airflow/dags/producer.py
[2023-01-11T01:10:00.664+0000] {processor.py:766} INFO - DAG(s) dict_keys(['producer']) retrieved from /opt/airflow/dags/producer.py
[2023-01-11T01:10:00.732+0000] {logging_mixin.py:120} INFO - [2023-01-11T01:10:00.731+0000] {dag.py:2585} INFO - Sync 1 DAGs
[2023-01-11T01:10:00.791+0000] {logging_mixin.py:120} INFO - [2023-01-11T01:10:00.790+0000] {dag.py:3340} INFO - Setting next_dagrun for producer to 2023-01-11T00:00:00+00:00, run_after=2023-01-12T00:00:00+00:00
[2023-01-11T01:10:00.843+0000] {processor.py:176} INFO - Processing /opt/airflow/dags/producer.py took 0.234 seconds
[2023-01-11T01:10:31.824+0000] {processor.py:154} INFO - Started process (PID=17443) to work on /opt/airflow/dags/producer.py
[2023-01-11T01:10:31.826+0000] {processor.py:756} INFO - Processing file /opt/airflow/dags/producer.py for tasks to queue
[2023-01-11T01:10:31.831+0000] {logging_mixin.py:120} INFO - [2023-01-11T01:10:31.830+0000] {dagbag.py:537} INFO - Filling up the DagBag from /opt/airflow/dags/producer.py
[2023-01-11T01:10:31.983+0000] {processor.py:766} INFO - DAG(s) dict_keys(['producer']) retrieved from /opt/airflow/dags/producer.py
[2023-01-11T01:10:32.163+0000] {logging_mixin.py:120} INFO - [2023-01-11T01:10:32.163+0000] {dag.py:2585} INFO - Sync 1 DAGs
[2023-01-11T01:10:32.265+0000] {logging_mixin.py:120} INFO - [2023-01-11T01:10:32.264+0000] {dag.py:3340} INFO - Setting next_dagrun for producer to 2023-01-11T00:00:00+00:00, run_after=2023-01-12T00:00:00+00:00
[2023-01-11T01:10:32.355+0000] {processor.py:176} INFO - Processing /opt/airflow/dags/producer.py took 0.545 seconds
[2023-01-11T01:11:02.914+0000] {processor.py:154} INFO - Started process (PID=17501) to work on /opt/airflow/dags/producer.py
[2023-01-11T01:11:02.915+0000] {processor.py:756} INFO - Processing file /opt/airflow/dags/producer.py for tasks to queue
[2023-01-11T01:11:02.917+0000] {logging_mixin.py:120} INFO - [2023-01-11T01:11:02.916+0000] {dagbag.py:537} INFO - Filling up the DagBag from /opt/airflow/dags/producer.py
[2023-01-11T01:11:02.956+0000] {processor.py:766} INFO - DAG(s) dict_keys(['producer']) retrieved from /opt/airflow/dags/producer.py
[2023-01-11T01:11:03.006+0000] {logging_mixin.py:120} INFO - [2023-01-11T01:11:03.006+0000] {dag.py:2585} INFO - Sync 1 DAGs
[2023-01-11T01:11:03.037+0000] {logging_mixin.py:120} INFO - [2023-01-11T01:11:03.037+0000] {dag.py:3340} INFO - Setting next_dagrun for producer to 2023-01-11T00:00:00+00:00, run_after=2023-01-12T00:00:00+00:00
[2023-01-11T01:11:03.076+0000] {processor.py:176} INFO - Processing /opt/airflow/dags/producer.py took 0.165 seconds
[2023-01-11T01:11:33.415+0000] {processor.py:154} INFO - Started process (PID=17568) to work on /opt/airflow/dags/producer.py
[2023-01-11T01:11:33.416+0000] {processor.py:756} INFO - Processing file /opt/airflow/dags/producer.py for tasks to queue
[2023-01-11T01:11:33.418+0000] {logging_mixin.py:120} INFO - [2023-01-11T01:11:33.417+0000] {dagbag.py:537} INFO - Filling up the DagBag from /opt/airflow/dags/producer.py
[2023-01-11T01:11:33.464+0000] {processor.py:766} INFO - DAG(s) dict_keys(['producer']) retrieved from /opt/airflow/dags/producer.py
[2023-01-11T01:11:33.532+0000] {logging_mixin.py:120} INFO - [2023-01-11T01:11:33.532+0000] {dag.py:2585} INFO - Sync 1 DAGs
[2023-01-11T01:11:33.578+0000] {logging_mixin.py:120} INFO - [2023-01-11T01:11:33.578+0000] {dag.py:3340} INFO - Setting next_dagrun for producer to 2023-01-11T00:00:00+00:00, run_after=2023-01-12T00:00:00+00:00
[2023-01-11T01:11:33.626+0000] {processor.py:176} INFO - Processing /opt/airflow/dags/producer.py took 0.214 seconds
[2023-01-11T01:12:04.492+0000] {processor.py:154} INFO - Started process (PID=17626) to work on /opt/airflow/dags/producer.py
[2023-01-11T01:12:04.493+0000] {processor.py:756} INFO - Processing file /opt/airflow/dags/producer.py for tasks to queue
[2023-01-11T01:12:04.494+0000] {logging_mixin.py:120} INFO - [2023-01-11T01:12:04.494+0000] {dagbag.py:537} INFO - Filling up the DagBag from /opt/airflow/dags/producer.py
[2023-01-11T01:12:04.538+0000] {processor.py:766} INFO - DAG(s) dict_keys(['producer']) retrieved from /opt/airflow/dags/producer.py
[2023-01-11T01:12:04.588+0000] {logging_mixin.py:120} INFO - [2023-01-11T01:12:04.588+0000] {dag.py:2585} INFO - Sync 1 DAGs
[2023-01-11T01:12:04.616+0000] {logging_mixin.py:120} INFO - [2023-01-11T01:12:04.616+0000] {dag.py:3340} INFO - Setting next_dagrun for producer to 2023-01-11T00:00:00+00:00, run_after=2023-01-12T00:00:00+00:00
[2023-01-11T01:12:04.644+0000] {processor.py:176} INFO - Processing /opt/airflow/dags/producer.py took 0.155 seconds
[2023-01-11T01:12:35.501+0000] {processor.py:154} INFO - Started process (PID=17693) to work on /opt/airflow/dags/producer.py
[2023-01-11T01:12:35.503+0000] {processor.py:756} INFO - Processing file /opt/airflow/dags/producer.py for tasks to queue
[2023-01-11T01:12:35.505+0000] {logging_mixin.py:120} INFO - [2023-01-11T01:12:35.505+0000] {dagbag.py:537} INFO - Filling up the DagBag from /opt/airflow/dags/producer.py
[2023-01-11T01:12:35.570+0000] {processor.py:766} INFO - DAG(s) dict_keys(['producer']) retrieved from /opt/airflow/dags/producer.py
[2023-01-11T01:12:35.616+0000] {logging_mixin.py:120} INFO - [2023-01-11T01:12:35.615+0000] {dag.py:2585} INFO - Sync 1 DAGs
[2023-01-11T01:12:35.642+0000] {logging_mixin.py:120} INFO - [2023-01-11T01:12:35.642+0000] {dag.py:3340} INFO - Setting next_dagrun for producer to 2023-01-11T00:00:00+00:00, run_after=2023-01-12T00:00:00+00:00
[2023-01-11T01:12:35.668+0000] {processor.py:176} INFO - Processing /opt/airflow/dags/producer.py took 0.172 seconds
[2023-01-11T01:13:05.778+0000] {processor.py:154} INFO - Started process (PID=17751) to work on /opt/airflow/dags/producer.py
[2023-01-11T01:13:05.779+0000] {processor.py:756} INFO - Processing file /opt/airflow/dags/producer.py for tasks to queue
[2023-01-11T01:13:05.780+0000] {logging_mixin.py:120} INFO - [2023-01-11T01:13:05.779+0000] {dagbag.py:537} INFO - Filling up the DagBag from /opt/airflow/dags/producer.py
[2023-01-11T01:13:05.827+0000] {processor.py:766} INFO - DAG(s) dict_keys(['producer']) retrieved from /opt/airflow/dags/producer.py
[2023-01-11T01:13:05.873+0000] {logging_mixin.py:120} INFO - [2023-01-11T01:13:05.873+0000] {dag.py:2585} INFO - Sync 1 DAGs
[2023-01-11T01:13:05.899+0000] {logging_mixin.py:120} INFO - [2023-01-11T01:13:05.898+0000] {dag.py:3340} INFO - Setting next_dagrun for producer to 2023-01-11T00:00:00+00:00, run_after=2023-01-12T00:00:00+00:00
[2023-01-11T01:13:05.929+0000] {processor.py:176} INFO - Processing /opt/airflow/dags/producer.py took 0.154 seconds
[2023-01-11T01:13:36.597+0000] {processor.py:154} INFO - Started process (PID=17818) to work on /opt/airflow/dags/producer.py
[2023-01-11T01:13:36.598+0000] {processor.py:756} INFO - Processing file /opt/airflow/dags/producer.py for tasks to queue
[2023-01-11T01:13:36.599+0000] {logging_mixin.py:120} INFO - [2023-01-11T01:13:36.599+0000] {dagbag.py:537} INFO - Filling up the DagBag from /opt/airflow/dags/producer.py
[2023-01-11T01:13:36.644+0000] {processor.py:766} INFO - DAG(s) dict_keys(['producer']) retrieved from /opt/airflow/dags/producer.py
[2023-01-11T01:13:36.690+0000] {logging_mixin.py:120} INFO - [2023-01-11T01:13:36.690+0000] {dag.py:2585} INFO - Sync 1 DAGs
[2023-01-11T01:13:36.716+0000] {logging_mixin.py:120} INFO - [2023-01-11T01:13:36.716+0000] {dag.py:3340} INFO - Setting next_dagrun for producer to 2023-01-11T00:00:00+00:00, run_after=2023-01-12T00:00:00+00:00
[2023-01-11T01:13:36.745+0000] {processor.py:176} INFO - Processing /opt/airflow/dags/producer.py took 0.151 seconds
[2023-01-11T01:14:07.299+0000] {processor.py:154} INFO - Started process (PID=17885) to work on /opt/airflow/dags/producer.py
[2023-01-11T01:14:07.301+0000] {processor.py:756} INFO - Processing file /opt/airflow/dags/producer.py for tasks to queue
[2023-01-11T01:14:07.303+0000] {logging_mixin.py:120} INFO - [2023-01-11T01:14:07.303+0000] {dagbag.py:537} INFO - Filling up the DagBag from /opt/airflow/dags/producer.py
[2023-01-11T01:14:07.372+0000] {processor.py:766} INFO - DAG(s) dict_keys(['producer']) retrieved from /opt/airflow/dags/producer.py
[2023-01-11T01:14:07.412+0000] {logging_mixin.py:120} INFO - [2023-01-11T01:14:07.412+0000] {dag.py:2585} INFO - Sync 1 DAGs
[2023-01-11T01:14:07.439+0000] {logging_mixin.py:120} INFO - [2023-01-11T01:14:07.439+0000] {dag.py:3340} INFO - Setting next_dagrun for producer to 2023-01-11T00:00:00+00:00, run_after=2023-01-12T00:00:00+00:00
[2023-01-11T01:14:07.465+0000] {processor.py:176} INFO - Processing /opt/airflow/dags/producer.py took 0.174 seconds
[2023-01-11T01:14:38.483+0000] {processor.py:154} INFO - Started process (PID=17944) to work on /opt/airflow/dags/producer.py
[2023-01-11T01:14:38.486+0000] {processor.py:756} INFO - Processing file /opt/airflow/dags/producer.py for tasks to queue
[2023-01-11T01:14:38.488+0000] {logging_mixin.py:120} INFO - [2023-01-11T01:14:38.488+0000] {dagbag.py:537} INFO - Filling up the DagBag from /opt/airflow/dags/producer.py
[2023-01-11T01:14:38.560+0000] {processor.py:766} INFO - DAG(s) dict_keys(['producer']) retrieved from /opt/airflow/dags/producer.py
[2023-01-11T01:14:38.600+0000] {logging_mixin.py:120} INFO - [2023-01-11T01:14:38.600+0000] {dag.py:2585} INFO - Sync 1 DAGs
[2023-01-11T01:14:38.626+0000] {logging_mixin.py:120} INFO - [2023-01-11T01:14:38.626+0000] {dag.py:3340} INFO - Setting next_dagrun for producer to 2023-01-11T00:00:00+00:00, run_after=2023-01-12T00:00:00+00:00
[2023-01-11T01:14:38.650+0000] {processor.py:176} INFO - Processing /opt/airflow/dags/producer.py took 0.174 seconds
[2023-01-11T01:15:09.621+0000] {processor.py:154} INFO - Started process (PID=18011) to work on /opt/airflow/dags/producer.py
[2023-01-11T01:15:09.623+0000] {processor.py:756} INFO - Processing file /opt/airflow/dags/producer.py for tasks to queue
[2023-01-11T01:15:09.626+0000] {logging_mixin.py:120} INFO - [2023-01-11T01:15:09.625+0000] {dagbag.py:537} INFO - Filling up the DagBag from /opt/airflow/dags/producer.py
[2023-01-11T01:15:09.715+0000] {processor.py:766} INFO - DAG(s) dict_keys(['producer']) retrieved from /opt/airflow/dags/producer.py
[2023-01-11T01:15:09.796+0000] {logging_mixin.py:120} INFO - [2023-01-11T01:15:09.796+0000] {dag.py:2585} INFO - Sync 1 DAGs
[2023-01-11T01:15:09.854+0000] {logging_mixin.py:120} INFO - [2023-01-11T01:15:09.853+0000] {dag.py:3340} INFO - Setting next_dagrun for producer to 2023-01-11T00:00:00+00:00, run_after=2023-01-12T00:00:00+00:00
[2023-01-11T01:15:09.921+0000] {processor.py:176} INFO - Processing /opt/airflow/dags/producer.py took 0.308 seconds
[2023-01-11T01:15:40.233+0000] {processor.py:154} INFO - Started process (PID=18076) to work on /opt/airflow/dags/producer.py
[2023-01-11T01:15:40.235+0000] {processor.py:756} INFO - Processing file /opt/airflow/dags/producer.py for tasks to queue
[2023-01-11T01:15:40.238+0000] {logging_mixin.py:120} INFO - [2023-01-11T01:15:40.237+0000] {dagbag.py:537} INFO - Filling up the DagBag from /opt/airflow/dags/producer.py
[2023-01-11T01:15:40.325+0000] {processor.py:766} INFO - DAG(s) dict_keys(['producer']) retrieved from /opt/airflow/dags/producer.py
[2023-01-11T01:15:40.457+0000] {logging_mixin.py:120} INFO - [2023-01-11T01:15:40.457+0000] {dag.py:2585} INFO - Sync 1 DAGs
[2023-01-11T01:15:40.552+0000] {logging_mixin.py:120} INFO - [2023-01-11T01:15:40.551+0000] {dag.py:3340} INFO - Setting next_dagrun for producer to 2023-01-11T00:00:00+00:00, run_after=2023-01-12T00:00:00+00:00
[2023-01-11T01:15:40.633+0000] {processor.py:176} INFO - Processing /opt/airflow/dags/producer.py took 0.409 seconds
[2023-01-11T01:16:11.306+0000] {processor.py:154} INFO - Started process (PID=18137) to work on /opt/airflow/dags/producer.py
[2023-01-11T01:16:11.307+0000] {processor.py:756} INFO - Processing file /opt/airflow/dags/producer.py for tasks to queue
[2023-01-11T01:16:11.309+0000] {logging_mixin.py:120} INFO - [2023-01-11T01:16:11.309+0000] {dagbag.py:537} INFO - Filling up the DagBag from /opt/airflow/dags/producer.py
[2023-01-11T01:16:11.371+0000] {processor.py:766} INFO - DAG(s) dict_keys(['producer']) retrieved from /opt/airflow/dags/producer.py
[2023-01-11T01:16:11.421+0000] {logging_mixin.py:120} INFO - [2023-01-11T01:16:11.421+0000] {dag.py:2585} INFO - Sync 1 DAGs
[2023-01-11T01:16:11.453+0000] {logging_mixin.py:120} INFO - [2023-01-11T01:16:11.452+0000] {dag.py:3340} INFO - Setting next_dagrun for producer to 2023-01-11T00:00:00+00:00, run_after=2023-01-12T00:00:00+00:00
[2023-01-11T01:16:11.494+0000] {processor.py:176} INFO - Processing /opt/airflow/dags/producer.py took 0.193 seconds
[2023-01-11T01:16:41.860+0000] {processor.py:154} INFO - Started process (PID=18204) to work on /opt/airflow/dags/producer.py
[2023-01-11T01:16:41.863+0000] {processor.py:756} INFO - Processing file /opt/airflow/dags/producer.py for tasks to queue
[2023-01-11T01:16:41.865+0000] {logging_mixin.py:120} INFO - [2023-01-11T01:16:41.864+0000] {dagbag.py:537} INFO - Filling up the DagBag from /opt/airflow/dags/producer.py
[2023-01-11T01:16:41.946+0000] {processor.py:766} INFO - DAG(s) dict_keys(['producer']) retrieved from /opt/airflow/dags/producer.py
[2023-01-11T01:16:42.019+0000] {logging_mixin.py:120} INFO - [2023-01-11T01:16:42.019+0000] {dag.py:2585} INFO - Sync 1 DAGs
[2023-01-11T01:16:42.074+0000] {logging_mixin.py:120} INFO - [2023-01-11T01:16:42.073+0000] {dag.py:3340} INFO - Setting next_dagrun for producer to 2023-01-11T00:00:00+00:00, run_after=2023-01-12T00:00:00+00:00
[2023-01-11T01:16:42.118+0000] {processor.py:176} INFO - Processing /opt/airflow/dags/producer.py took 0.266 seconds
[2023-01-11T01:17:12.919+0000] {processor.py:154} INFO - Started process (PID=18262) to work on /opt/airflow/dags/producer.py
[2023-01-11T01:17:12.920+0000] {processor.py:756} INFO - Processing file /opt/airflow/dags/producer.py for tasks to queue
[2023-01-11T01:17:12.921+0000] {logging_mixin.py:120} INFO - [2023-01-11T01:17:12.921+0000] {dagbag.py:537} INFO - Filling up the DagBag from /opt/airflow/dags/producer.py
[2023-01-11T01:17:12.957+0000] {processor.py:766} INFO - DAG(s) dict_keys(['producer']) retrieved from /opt/airflow/dags/producer.py
[2023-01-11T01:17:13.009+0000] {logging_mixin.py:120} INFO - [2023-01-11T01:17:13.009+0000] {dag.py:2585} INFO - Sync 1 DAGs
[2023-01-11T01:17:13.044+0000] {logging_mixin.py:120} INFO - [2023-01-11T01:17:13.044+0000] {dag.py:3340} INFO - Setting next_dagrun for producer to 2023-01-11T00:00:00+00:00, run_after=2023-01-12T00:00:00+00:00
[2023-01-11T01:17:13.083+0000] {processor.py:176} INFO - Processing /opt/airflow/dags/producer.py took 0.168 seconds
[2023-01-11T01:17:43.269+0000] {processor.py:154} INFO - Started process (PID=18330) to work on /opt/airflow/dags/producer.py
[2023-01-11T01:17:43.272+0000] {processor.py:756} INFO - Processing file /opt/airflow/dags/producer.py for tasks to queue
[2023-01-11T01:17:43.274+0000] {logging_mixin.py:120} INFO - [2023-01-11T01:17:43.274+0000] {dagbag.py:537} INFO - Filling up the DagBag from /opt/airflow/dags/producer.py
[2023-01-11T01:17:43.367+0000] {processor.py:766} INFO - DAG(s) dict_keys(['producer']) retrieved from /opt/airflow/dags/producer.py
[2023-01-11T01:17:43.443+0000] {logging_mixin.py:120} INFO - [2023-01-11T01:17:43.443+0000] {dag.py:2585} INFO - Sync 1 DAGs
[2023-01-11T01:17:43.491+0000] {logging_mixin.py:120} INFO - [2023-01-11T01:17:43.491+0000] {dag.py:3340} INFO - Setting next_dagrun for producer to 2023-01-11T00:00:00+00:00, run_after=2023-01-12T00:00:00+00:00
[2023-01-11T01:17:43.543+0000] {processor.py:176} INFO - Processing /opt/airflow/dags/producer.py took 0.285 seconds
[2023-01-11T01:18:13.644+0000] {processor.py:154} INFO - Started process (PID=18388) to work on /opt/airflow/dags/producer.py
[2023-01-11T01:18:13.645+0000] {processor.py:756} INFO - Processing file /opt/airflow/dags/producer.py for tasks to queue
[2023-01-11T01:18:13.647+0000] {logging_mixin.py:120} INFO - [2023-01-11T01:18:13.647+0000] {dagbag.py:537} INFO - Filling up the DagBag from /opt/airflow/dags/producer.py
[2023-01-11T01:18:13.719+0000] {processor.py:766} INFO - DAG(s) dict_keys(['producer']) retrieved from /opt/airflow/dags/producer.py
[2023-01-11T01:18:13.815+0000] {logging_mixin.py:120} INFO - [2023-01-11T01:18:13.815+0000] {dag.py:2585} INFO - Sync 1 DAGs
[2023-01-11T01:18:13.937+0000] {logging_mixin.py:120} INFO - [2023-01-11T01:18:13.936+0000] {dag.py:3340} INFO - Setting next_dagrun for producer to 2023-01-11T00:00:00+00:00, run_after=2023-01-12T00:00:00+00:00
[2023-01-11T01:18:14.025+0000] {processor.py:176} INFO - Processing /opt/airflow/dags/producer.py took 0.387 seconds
[2023-01-11T01:18:44.926+0000] {processor.py:154} INFO - Started process (PID=18455) to work on /opt/airflow/dags/producer.py
[2023-01-11T01:18:44.928+0000] {processor.py:756} INFO - Processing file /opt/airflow/dags/producer.py for tasks to queue
[2023-01-11T01:18:44.929+0000] {logging_mixin.py:120} INFO - [2023-01-11T01:18:44.929+0000] {dagbag.py:537} INFO - Filling up the DagBag from /opt/airflow/dags/producer.py
[2023-01-11T01:18:44.981+0000] {processor.py:766} INFO - DAG(s) dict_keys(['producer']) retrieved from /opt/airflow/dags/producer.py
[2023-01-11T01:18:45.030+0000] {logging_mixin.py:120} INFO - [2023-01-11T01:18:45.030+0000] {dag.py:2585} INFO - Sync 1 DAGs
[2023-01-11T01:18:45.060+0000] {logging_mixin.py:120} INFO - [2023-01-11T01:18:45.060+0000] {dag.py:3340} INFO - Setting next_dagrun for producer to 2023-01-11T00:00:00+00:00, run_after=2023-01-12T00:00:00+00:00
[2023-01-11T01:18:45.088+0000] {processor.py:176} INFO - Processing /opt/airflow/dags/producer.py took 0.168 seconds
[2023-01-11T01:19:15.307+0000] {processor.py:154} INFO - Started process (PID=18513) to work on /opt/airflow/dags/producer.py
[2023-01-11T01:19:15.308+0000] {processor.py:756} INFO - Processing file /opt/airflow/dags/producer.py for tasks to queue
[2023-01-11T01:19:15.309+0000] {logging_mixin.py:120} INFO - [2023-01-11T01:19:15.309+0000] {dagbag.py:537} INFO - Filling up the DagBag from /opt/airflow/dags/producer.py
[2023-01-11T01:19:15.365+0000] {processor.py:766} INFO - DAG(s) dict_keys(['producer']) retrieved from /opt/airflow/dags/producer.py
[2023-01-11T01:19:15.428+0000] {logging_mixin.py:120} INFO - [2023-01-11T01:19:15.428+0000] {dag.py:2585} INFO - Sync 1 DAGs
[2023-01-11T01:19:15.467+0000] {logging_mixin.py:120} INFO - [2023-01-11T01:19:15.467+0000] {dag.py:3340} INFO - Setting next_dagrun for producer to 2023-01-11T00:00:00+00:00, run_after=2023-01-12T00:00:00+00:00
[2023-01-11T01:19:15.502+0000] {processor.py:176} INFO - Processing /opt/airflow/dags/producer.py took 0.200 seconds
[2023-01-11T01:19:45.736+0000] {processor.py:154} INFO - Started process (PID=18580) to work on /opt/airflow/dags/producer.py
[2023-01-11T01:19:45.737+0000] {processor.py:756} INFO - Processing file /opt/airflow/dags/producer.py for tasks to queue
[2023-01-11T01:19:45.739+0000] {logging_mixin.py:120} INFO - [2023-01-11T01:19:45.738+0000] {dagbag.py:537} INFO - Filling up the DagBag from /opt/airflow/dags/producer.py
[2023-01-11T01:19:45.805+0000] {processor.py:766} INFO - DAG(s) dict_keys(['producer']) retrieved from /opt/airflow/dags/producer.py
[2023-01-11T01:19:45.848+0000] {logging_mixin.py:120} INFO - [2023-01-11T01:19:45.848+0000] {dag.py:2585} INFO - Sync 1 DAGs
[2023-01-11T01:19:45.876+0000] {logging_mixin.py:120} INFO - [2023-01-11T01:19:45.876+0000] {dag.py:3340} INFO - Setting next_dagrun for producer to 2023-01-11T00:00:00+00:00, run_after=2023-01-12T00:00:00+00:00
[2023-01-11T01:19:45.904+0000] {processor.py:176} INFO - Processing /opt/airflow/dags/producer.py took 0.172 seconds
[2023-01-11T01:20:15.989+0000] {processor.py:154} INFO - Started process (PID=18638) to work on /opt/airflow/dags/producer.py
[2023-01-11T01:20:15.991+0000] {processor.py:756} INFO - Processing file /opt/airflow/dags/producer.py for tasks to queue
[2023-01-11T01:20:15.993+0000] {logging_mixin.py:120} INFO - [2023-01-11T01:20:15.992+0000] {dagbag.py:537} INFO - Filling up the DagBag from /opt/airflow/dags/producer.py
[2023-01-11T01:20:16.052+0000] {processor.py:766} INFO - DAG(s) dict_keys(['producer']) retrieved from /opt/airflow/dags/producer.py
[2023-01-11T01:20:16.093+0000] {logging_mixin.py:120} INFO - [2023-01-11T01:20:16.092+0000] {dag.py:2585} INFO - Sync 1 DAGs
[2023-01-11T01:20:16.124+0000] {logging_mixin.py:120} INFO - [2023-01-11T01:20:16.124+0000] {dag.py:3340} INFO - Setting next_dagrun for producer to 2023-01-11T00:00:00+00:00, run_after=2023-01-12T00:00:00+00:00
[2023-01-11T01:20:16.150+0000] {processor.py:176} INFO - Processing /opt/airflow/dags/producer.py took 0.168 seconds
[2023-01-11T01:20:46.434+0000] {processor.py:154} INFO - Started process (PID=18705) to work on /opt/airflow/dags/producer.py
[2023-01-11T01:20:46.435+0000] {processor.py:756} INFO - Processing file /opt/airflow/dags/producer.py for tasks to queue
[2023-01-11T01:20:46.437+0000] {logging_mixin.py:120} INFO - [2023-01-11T01:20:46.437+0000] {dagbag.py:537} INFO - Filling up the DagBag from /opt/airflow/dags/producer.py
[2023-01-11T01:20:46.508+0000] {processor.py:766} INFO - DAG(s) dict_keys(['producer']) retrieved from /opt/airflow/dags/producer.py
[2023-01-11T01:20:46.555+0000] {logging_mixin.py:120} INFO - [2023-01-11T01:20:46.554+0000] {dag.py:2585} INFO - Sync 1 DAGs
[2023-01-11T01:20:46.591+0000] {logging_mixin.py:120} INFO - [2023-01-11T01:20:46.590+0000] {dag.py:3340} INFO - Setting next_dagrun for producer to 2023-01-11T00:00:00+00:00, run_after=2023-01-12T00:00:00+00:00
[2023-01-11T01:20:46.629+0000] {processor.py:176} INFO - Processing /opt/airflow/dags/producer.py took 0.203 seconds
[2023-01-11T01:21:16.843+0000] {processor.py:154} INFO - Started process (PID=18763) to work on /opt/airflow/dags/producer.py
[2023-01-11T01:21:16.844+0000] {processor.py:756} INFO - Processing file /opt/airflow/dags/producer.py for tasks to queue
[2023-01-11T01:21:16.845+0000] {logging_mixin.py:120} INFO - [2023-01-11T01:21:16.845+0000] {dagbag.py:537} INFO - Filling up the DagBag from /opt/airflow/dags/producer.py
[2023-01-11T01:21:16.881+0000] {processor.py:766} INFO - DAG(s) dict_keys(['producer']) retrieved from /opt/airflow/dags/producer.py
[2023-01-11T01:21:16.925+0000] {logging_mixin.py:120} INFO - [2023-01-11T01:21:16.925+0000] {dag.py:2585} INFO - Sync 1 DAGs
[2023-01-11T01:21:16.953+0000] {logging_mixin.py:120} INFO - [2023-01-11T01:21:16.953+0000] {dag.py:3340} INFO - Setting next_dagrun for producer to 2023-01-11T00:00:00+00:00, run_after=2023-01-12T00:00:00+00:00
[2023-01-11T01:21:16.982+0000] {processor.py:176} INFO - Processing /opt/airflow/dags/producer.py took 0.142 seconds
[2023-01-11T01:21:47.340+0000] {processor.py:154} INFO - Started process (PID=18830) to work on /opt/airflow/dags/producer.py
[2023-01-11T01:21:47.342+0000] {processor.py:756} INFO - Processing file /opt/airflow/dags/producer.py for tasks to queue
[2023-01-11T01:21:47.345+0000] {logging_mixin.py:120} INFO - [2023-01-11T01:21:47.344+0000] {dagbag.py:537} INFO - Filling up the DagBag from /opt/airflow/dags/producer.py
[2023-01-11T01:21:47.395+0000] {processor.py:766} INFO - DAG(s) dict_keys(['producer']) retrieved from /opt/airflow/dags/producer.py
[2023-01-11T01:21:47.437+0000] {logging_mixin.py:120} INFO - [2023-01-11T01:21:47.437+0000] {dag.py:2585} INFO - Sync 1 DAGs
[2023-01-11T01:21:47.464+0000] {logging_mixin.py:120} INFO - [2023-01-11T01:21:47.464+0000] {dag.py:3340} INFO - Setting next_dagrun for producer to 2023-01-11T00:00:00+00:00, run_after=2023-01-12T00:00:00+00:00
[2023-01-11T01:21:47.495+0000] {processor.py:176} INFO - Processing /opt/airflow/dags/producer.py took 0.161 seconds
[2023-01-11T01:22:17.741+0000] {processor.py:154} INFO - Started process (PID=18897) to work on /opt/airflow/dags/producer.py
[2023-01-11T01:22:17.742+0000] {processor.py:756} INFO - Processing file /opt/airflow/dags/producer.py for tasks to queue
[2023-01-11T01:22:17.744+0000] {logging_mixin.py:120} INFO - [2023-01-11T01:22:17.744+0000] {dagbag.py:537} INFO - Filling up the DagBag from /opt/airflow/dags/producer.py
[2023-01-11T01:22:17.791+0000] {processor.py:766} INFO - DAG(s) dict_keys(['producer']) retrieved from /opt/airflow/dags/producer.py
[2023-01-11T01:22:17.855+0000] {logging_mixin.py:120} INFO - [2023-01-11T01:22:17.855+0000] {dag.py:2585} INFO - Sync 1 DAGs
[2023-01-11T01:22:17.888+0000] {logging_mixin.py:120} INFO - [2023-01-11T01:22:17.888+0000] {dag.py:3340} INFO - Setting next_dagrun for producer to 2023-01-11T00:00:00+00:00, run_after=2023-01-12T00:00:00+00:00
[2023-01-11T01:22:17.928+0000] {processor.py:176} INFO - Processing /opt/airflow/dags/producer.py took 0.193 seconds
[2023-01-11T01:22:48.016+0000] {processor.py:154} INFO - Started process (PID=18955) to work on /opt/airflow/dags/producer.py
[2023-01-11T01:22:48.018+0000] {processor.py:756} INFO - Processing file /opt/airflow/dags/producer.py for tasks to queue
[2023-01-11T01:22:48.019+0000] {logging_mixin.py:120} INFO - [2023-01-11T01:22:48.019+0000] {dagbag.py:537} INFO - Filling up the DagBag from /opt/airflow/dags/producer.py
[2023-01-11T01:22:48.059+0000] {processor.py:766} INFO - DAG(s) dict_keys(['producer']) retrieved from /opt/airflow/dags/producer.py
[2023-01-11T01:22:48.104+0000] {logging_mixin.py:120} INFO - [2023-01-11T01:22:48.104+0000] {dag.py:2585} INFO - Sync 1 DAGs
[2023-01-11T01:22:48.131+0000] {logging_mixin.py:120} INFO - [2023-01-11T01:22:48.131+0000] {dag.py:3340} INFO - Setting next_dagrun for producer to 2023-01-11T00:00:00+00:00, run_after=2023-01-12T00:00:00+00:00
[2023-01-11T01:22:48.161+0000] {processor.py:176} INFO - Processing /opt/airflow/dags/producer.py took 0.149 seconds
[2023-01-11T01:23:18.648+0000] {processor.py:154} INFO - Started process (PID=19013) to work on /opt/airflow/dags/producer.py
[2023-01-11T01:23:18.649+0000] {processor.py:756} INFO - Processing file /opt/airflow/dags/producer.py for tasks to queue
[2023-01-11T01:23:18.651+0000] {logging_mixin.py:120} INFO - [2023-01-11T01:23:18.650+0000] {dagbag.py:537} INFO - Filling up the DagBag from /opt/airflow/dags/producer.py
[2023-01-11T01:23:18.706+0000] {processor.py:766} INFO - DAG(s) dict_keys(['producer']) retrieved from /opt/airflow/dags/producer.py
[2023-01-11T01:23:18.752+0000] {logging_mixin.py:120} INFO - [2023-01-11T01:23:18.752+0000] {dag.py:2585} INFO - Sync 1 DAGs
[2023-01-11T01:23:18.779+0000] {logging_mixin.py:120} INFO - [2023-01-11T01:23:18.779+0000] {dag.py:3340} INFO - Setting next_dagrun for producer to 2023-01-11T00:00:00+00:00, run_after=2023-01-12T00:00:00+00:00
[2023-01-11T01:23:18.805+0000] {processor.py:176} INFO - Processing /opt/airflow/dags/producer.py took 0.161 seconds
[2023-01-11T01:23:49.057+0000] {processor.py:154} INFO - Started process (PID=19080) to work on /opt/airflow/dags/producer.py
[2023-01-11T01:23:49.058+0000] {processor.py:756} INFO - Processing file /opt/airflow/dags/producer.py for tasks to queue
[2023-01-11T01:23:49.059+0000] {logging_mixin.py:120} INFO - [2023-01-11T01:23:49.059+0000] {dagbag.py:537} INFO - Filling up the DagBag from /opt/airflow/dags/producer.py
[2023-01-11T01:23:49.103+0000] {processor.py:766} INFO - DAG(s) dict_keys(['producer']) retrieved from /opt/airflow/dags/producer.py
[2023-01-11T01:23:49.170+0000] {logging_mixin.py:120} INFO - [2023-01-11T01:23:49.170+0000] {dag.py:2585} INFO - Sync 1 DAGs
[2023-01-11T01:23:49.212+0000] {logging_mixin.py:120} INFO - [2023-01-11T01:23:49.211+0000] {dag.py:3340} INFO - Setting next_dagrun for producer to 2023-01-11T00:00:00+00:00, run_after=2023-01-12T00:00:00+00:00
[2023-01-11T01:23:49.264+0000] {processor.py:176} INFO - Processing /opt/airflow/dags/producer.py took 0.211 seconds
[2023-01-11T01:24:19.950+0000] {processor.py:154} INFO - Started process (PID=19138) to work on /opt/airflow/dags/producer.py
[2023-01-11T01:24:19.952+0000] {processor.py:756} INFO - Processing file /opt/airflow/dags/producer.py for tasks to queue
[2023-01-11T01:24:19.954+0000] {logging_mixin.py:120} INFO - [2023-01-11T01:24:19.954+0000] {dagbag.py:537} INFO - Filling up the DagBag from /opt/airflow/dags/producer.py
[2023-01-11T01:24:20.036+0000] {processor.py:766} INFO - DAG(s) dict_keys(['producer']) retrieved from /opt/airflow/dags/producer.py
[2023-01-11T01:24:20.124+0000] {logging_mixin.py:120} INFO - [2023-01-11T01:24:20.123+0000] {dag.py:2585} INFO - Sync 1 DAGs
[2023-01-11T01:24:20.197+0000] {logging_mixin.py:120} INFO - [2023-01-11T01:24:20.197+0000] {dag.py:3340} INFO - Setting next_dagrun for producer to 2023-01-11T00:00:00+00:00, run_after=2023-01-12T00:00:00+00:00
[2023-01-11T01:24:20.275+0000] {processor.py:176} INFO - Processing /opt/airflow/dags/producer.py took 0.334 seconds
[2023-01-11T01:24:50.680+0000] {processor.py:154} INFO - Started process (PID=19206) to work on /opt/airflow/dags/producer.py
[2023-01-11T01:24:50.681+0000] {processor.py:756} INFO - Processing file /opt/airflow/dags/producer.py for tasks to queue
[2023-01-11T01:24:50.683+0000] {logging_mixin.py:120} INFO - [2023-01-11T01:24:50.682+0000] {dagbag.py:537} INFO - Filling up the DagBag from /opt/airflow/dags/producer.py
[2023-01-11T01:24:50.740+0000] {processor.py:766} INFO - DAG(s) dict_keys(['producer']) retrieved from /opt/airflow/dags/producer.py
[2023-01-11T01:24:50.806+0000] {logging_mixin.py:120} INFO - [2023-01-11T01:24:50.805+0000] {dag.py:2585} INFO - Sync 1 DAGs
[2023-01-11T01:24:50.856+0000] {logging_mixin.py:120} INFO - [2023-01-11T01:24:50.856+0000] {dag.py:3340} INFO - Setting next_dagrun for producer to 2023-01-11T00:00:00+00:00, run_after=2023-01-12T00:00:00+00:00
[2023-01-11T01:24:50.910+0000] {processor.py:176} INFO - Processing /opt/airflow/dags/producer.py took 0.235 seconds
[2023-01-11T01:25:21.551+0000] {processor.py:154} INFO - Started process (PID=19264) to work on /opt/airflow/dags/producer.py
[2023-01-11T01:25:21.552+0000] {processor.py:756} INFO - Processing file /opt/airflow/dags/producer.py for tasks to queue
[2023-01-11T01:25:21.553+0000] {logging_mixin.py:120} INFO - [2023-01-11T01:25:21.553+0000] {dagbag.py:537} INFO - Filling up the DagBag from /opt/airflow/dags/producer.py
[2023-01-11T01:25:21.597+0000] {processor.py:766} INFO - DAG(s) dict_keys(['producer']) retrieved from /opt/airflow/dags/producer.py
[2023-01-11T01:25:21.654+0000] {logging_mixin.py:120} INFO - [2023-01-11T01:25:21.654+0000] {dag.py:2585} INFO - Sync 1 DAGs
[2023-01-11T01:25:21.692+0000] {logging_mixin.py:120} INFO - [2023-01-11T01:25:21.691+0000] {dag.py:3340} INFO - Setting next_dagrun for producer to 2023-01-11T00:00:00+00:00, run_after=2023-01-12T00:00:00+00:00
[2023-01-11T01:25:21.733+0000] {processor.py:176} INFO - Processing /opt/airflow/dags/producer.py took 0.187 seconds
[2023-01-11T01:25:52.469+0000] {processor.py:154} INFO - Started process (PID=19331) to work on /opt/airflow/dags/producer.py
[2023-01-11T01:25:52.470+0000] {processor.py:756} INFO - Processing file /opt/airflow/dags/producer.py for tasks to queue
[2023-01-11T01:25:52.471+0000] {logging_mixin.py:120} INFO - [2023-01-11T01:25:52.471+0000] {dagbag.py:537} INFO - Filling up the DagBag from /opt/airflow/dags/producer.py
[2023-01-11T01:25:52.504+0000] {processor.py:766} INFO - DAG(s) dict_keys(['producer']) retrieved from /opt/airflow/dags/producer.py
[2023-01-11T01:25:52.546+0000] {logging_mixin.py:120} INFO - [2023-01-11T01:25:52.545+0000] {dag.py:2585} INFO - Sync 1 DAGs
[2023-01-11T01:25:52.588+0000] {logging_mixin.py:120} INFO - [2023-01-11T01:25:52.588+0000] {dag.py:3340} INFO - Setting next_dagrun for producer to 2023-01-11T00:00:00+00:00, run_after=2023-01-12T00:00:00+00:00
[2023-01-11T01:25:52.624+0000] {processor.py:176} INFO - Processing /opt/airflow/dags/producer.py took 0.158 seconds
[2023-01-11T01:26:23.372+0000] {processor.py:154} INFO - Started process (PID=19387) to work on /opt/airflow/dags/producer.py
[2023-01-11T01:26:23.373+0000] {processor.py:756} INFO - Processing file /opt/airflow/dags/producer.py for tasks to queue
[2023-01-11T01:26:23.374+0000] {logging_mixin.py:120} INFO - [2023-01-11T01:26:23.374+0000] {dagbag.py:537} INFO - Filling up the DagBag from /opt/airflow/dags/producer.py
[2023-01-11T01:26:23.410+0000] {processor.py:766} INFO - DAG(s) dict_keys(['producer']) retrieved from /opt/airflow/dags/producer.py
[2023-01-11T01:26:23.462+0000] {logging_mixin.py:120} INFO - [2023-01-11T01:26:23.462+0000] {dag.py:2585} INFO - Sync 1 DAGs
[2023-01-11T01:26:23.495+0000] {logging_mixin.py:120} INFO - [2023-01-11T01:26:23.495+0000] {dag.py:3340} INFO - Setting next_dagrun for producer to 2023-01-11T00:00:00+00:00, run_after=2023-01-12T00:00:00+00:00
[2023-01-11T01:26:23.535+0000] {processor.py:176} INFO - Processing /opt/airflow/dags/producer.py took 0.167 seconds
[2023-01-11T01:26:54.209+0000] {processor.py:154} INFO - Started process (PID=19454) to work on /opt/airflow/dags/producer.py
[2023-01-11T01:26:54.211+0000] {processor.py:756} INFO - Processing file /opt/airflow/dags/producer.py for tasks to queue
[2023-01-11T01:26:54.213+0000] {logging_mixin.py:120} INFO - [2023-01-11T01:26:54.213+0000] {dagbag.py:537} INFO - Filling up the DagBag from /opt/airflow/dags/producer.py
[2023-01-11T01:26:54.270+0000] {processor.py:766} INFO - DAG(s) dict_keys(['producer']) retrieved from /opt/airflow/dags/producer.py
[2023-01-11T01:26:54.327+0000] {logging_mixin.py:120} INFO - [2023-01-11T01:26:54.327+0000] {dag.py:2585} INFO - Sync 1 DAGs
[2023-01-11T01:26:54.362+0000] {logging_mixin.py:120} INFO - [2023-01-11T01:26:54.362+0000] {dag.py:3340} INFO - Setting next_dagrun for producer to 2023-01-11T00:00:00+00:00, run_after=2023-01-12T00:00:00+00:00
[2023-01-11T01:26:54.395+0000] {processor.py:176} INFO - Processing /opt/airflow/dags/producer.py took 0.191 seconds
[2023-01-11T01:27:24.767+0000] {processor.py:154} INFO - Started process (PID=19512) to work on /opt/airflow/dags/producer.py
[2023-01-11T01:27:24.771+0000] {processor.py:756} INFO - Processing file /opt/airflow/dags/producer.py for tasks to queue
[2023-01-11T01:27:24.773+0000] {logging_mixin.py:120} INFO - [2023-01-11T01:27:24.773+0000] {dagbag.py:537} INFO - Filling up the DagBag from /opt/airflow/dags/producer.py
[2023-01-11T01:27:24.857+0000] {processor.py:766} INFO - DAG(s) dict_keys(['producer']) retrieved from /opt/airflow/dags/producer.py
[2023-01-11T01:27:24.933+0000] {logging_mixin.py:120} INFO - [2023-01-11T01:27:24.933+0000] {dag.py:2585} INFO - Sync 1 DAGs
[2023-01-11T01:27:24.967+0000] {logging_mixin.py:120} INFO - [2023-01-11T01:27:24.966+0000] {dag.py:3340} INFO - Setting next_dagrun for producer to 2023-01-11T00:00:00+00:00, run_after=2023-01-12T00:00:00+00:00
[2023-01-11T01:27:25.003+0000] {processor.py:176} INFO - Processing /opt/airflow/dags/producer.py took 0.246 seconds
[2023-01-11T01:27:55.453+0000] {processor.py:154} INFO - Started process (PID=19579) to work on /opt/airflow/dags/producer.py
[2023-01-11T01:27:55.456+0000] {processor.py:756} INFO - Processing file /opt/airflow/dags/producer.py for tasks to queue
[2023-01-11T01:27:55.459+0000] {logging_mixin.py:120} INFO - [2023-01-11T01:27:55.459+0000] {dagbag.py:537} INFO - Filling up the DagBag from /opt/airflow/dags/producer.py
[2023-01-11T01:27:55.520+0000] {processor.py:766} INFO - DAG(s) dict_keys(['producer']) retrieved from /opt/airflow/dags/producer.py
[2023-01-11T01:27:55.588+0000] {logging_mixin.py:120} INFO - [2023-01-11T01:27:55.588+0000] {dag.py:2585} INFO - Sync 1 DAGs
[2023-01-11T01:27:55.630+0000] {logging_mixin.py:120} INFO - [2023-01-11T01:27:55.629+0000] {dag.py:3340} INFO - Setting next_dagrun for producer to 2023-01-11T00:00:00+00:00, run_after=2023-01-12T00:00:00+00:00
[2023-01-11T01:27:55.660+0000] {processor.py:176} INFO - Processing /opt/airflow/dags/producer.py took 0.213 seconds
[2023-01-11T01:28:26.657+0000] {processor.py:154} INFO - Started process (PID=19644) to work on /opt/airflow/dags/producer.py
[2023-01-11T01:28:26.658+0000] {processor.py:756} INFO - Processing file /opt/airflow/dags/producer.py for tasks to queue
[2023-01-11T01:28:26.659+0000] {logging_mixin.py:120} INFO - [2023-01-11T01:28:26.659+0000] {dagbag.py:537} INFO - Filling up the DagBag from /opt/airflow/dags/producer.py
[2023-01-11T01:28:26.731+0000] {processor.py:766} INFO - DAG(s) dict_keys(['producer']) retrieved from /opt/airflow/dags/producer.py
[2023-01-11T01:28:26.904+0000] {logging_mixin.py:120} INFO - [2023-01-11T01:28:26.904+0000] {dag.py:2585} INFO - Sync 1 DAGs
[2023-01-11T01:28:26.971+0000] {logging_mixin.py:120} INFO - [2023-01-11T01:28:26.970+0000] {dag.py:3340} INFO - Setting next_dagrun for producer to 2023-01-11T00:00:00+00:00, run_after=2023-01-12T00:00:00+00:00
[2023-01-11T01:28:27.023+0000] {processor.py:176} INFO - Processing /opt/airflow/dags/producer.py took 0.372 seconds
[2023-01-11T01:28:57.135+0000] {processor.py:154} INFO - Started process (PID=19704) to work on /opt/airflow/dags/producer.py
[2023-01-11T01:28:57.136+0000] {processor.py:756} INFO - Processing file /opt/airflow/dags/producer.py for tasks to queue
[2023-01-11T01:28:57.138+0000] {logging_mixin.py:120} INFO - [2023-01-11T01:28:57.138+0000] {dagbag.py:537} INFO - Filling up the DagBag from /opt/airflow/dags/producer.py
[2023-01-11T01:28:57.192+0000] {processor.py:766} INFO - DAG(s) dict_keys(['producer']) retrieved from /opt/airflow/dags/producer.py
[2023-01-11T01:28:57.238+0000] {logging_mixin.py:120} INFO - [2023-01-11T01:28:57.238+0000] {dag.py:2585} INFO - Sync 1 DAGs
[2023-01-11T01:28:57.273+0000] {logging_mixin.py:120} INFO - [2023-01-11T01:28:57.273+0000] {dag.py:3340} INFO - Setting next_dagrun for producer to 2023-01-11T00:00:00+00:00, run_after=2023-01-12T00:00:00+00:00
[2023-01-11T01:28:57.300+0000] {processor.py:176} INFO - Processing /opt/airflow/dags/producer.py took 0.168 seconds
[2023-01-11T01:29:28.112+0000] {processor.py:154} INFO - Started process (PID=19770) to work on /opt/airflow/dags/producer.py
[2023-01-11T01:29:28.113+0000] {processor.py:756} INFO - Processing file /opt/airflow/dags/producer.py for tasks to queue
[2023-01-11T01:29:28.114+0000] {logging_mixin.py:120} INFO - [2023-01-11T01:29:28.114+0000] {dagbag.py:537} INFO - Filling up the DagBag from /opt/airflow/dags/producer.py
[2023-01-11T01:29:28.153+0000] {processor.py:766} INFO - DAG(s) dict_keys(['producer']) retrieved from /opt/airflow/dags/producer.py
[2023-01-11T01:29:28.202+0000] {logging_mixin.py:120} INFO - [2023-01-11T01:29:28.202+0000] {dag.py:2585} INFO - Sync 1 DAGs
[2023-01-11T01:29:28.233+0000] {logging_mixin.py:120} INFO - [2023-01-11T01:29:28.233+0000] {dag.py:3340} INFO - Setting next_dagrun for producer to 2023-01-11T00:00:00+00:00, run_after=2023-01-12T00:00:00+00:00
[2023-01-11T01:29:28.268+0000] {processor.py:176} INFO - Processing /opt/airflow/dags/producer.py took 0.159 seconds
[2023-01-11T01:29:58.401+0000] {processor.py:154} INFO - Started process (PID=19828) to work on /opt/airflow/dags/producer.py
[2023-01-11T01:29:58.402+0000] {processor.py:756} INFO - Processing file /opt/airflow/dags/producer.py for tasks to queue
[2023-01-11T01:29:58.404+0000] {logging_mixin.py:120} INFO - [2023-01-11T01:29:58.403+0000] {dagbag.py:537} INFO - Filling up the DagBag from /opt/airflow/dags/producer.py
[2023-01-11T01:29:58.453+0000] {processor.py:766} INFO - DAG(s) dict_keys(['producer']) retrieved from /opt/airflow/dags/producer.py
[2023-01-11T01:29:58.550+0000] {logging_mixin.py:120} INFO - [2023-01-11T01:29:58.550+0000] {dag.py:2585} INFO - Sync 1 DAGs
[2023-01-11T01:29:58.631+0000] {logging_mixin.py:120} INFO - [2023-01-11T01:29:58.631+0000] {dag.py:3340} INFO - Setting next_dagrun for producer to 2023-01-11T00:00:00+00:00, run_after=2023-01-12T00:00:00+00:00
[2023-01-11T01:29:58.715+0000] {processor.py:176} INFO - Processing /opt/airflow/dags/producer.py took 0.318 seconds
[2023-01-11T01:30:28.841+0000] {processor.py:154} INFO - Started process (PID=19895) to work on /opt/airflow/dags/producer.py
[2023-01-11T01:30:28.842+0000] {processor.py:756} INFO - Processing file /opt/airflow/dags/producer.py for tasks to queue
[2023-01-11T01:30:28.843+0000] {logging_mixin.py:120} INFO - [2023-01-11T01:30:28.843+0000] {dagbag.py:537} INFO - Filling up the DagBag from /opt/airflow/dags/producer.py
[2023-01-11T01:30:28.875+0000] {processor.py:766} INFO - DAG(s) dict_keys(['producer']) retrieved from /opt/airflow/dags/producer.py
[2023-01-11T01:30:28.918+0000] {logging_mixin.py:120} INFO - [2023-01-11T01:30:28.918+0000] {dag.py:2585} INFO - Sync 1 DAGs
[2023-01-11T01:30:28.956+0000] {logging_mixin.py:120} INFO - [2023-01-11T01:30:28.956+0000] {dag.py:3340} INFO - Setting next_dagrun for producer to 2023-01-11T00:00:00+00:00, run_after=2023-01-12T00:00:00+00:00
[2023-01-11T01:30:28.982+0000] {processor.py:176} INFO - Processing /opt/airflow/dags/producer.py took 0.145 seconds
[2023-01-11T01:30:59.080+0000] {processor.py:154} INFO - Started process (PID=19953) to work on /opt/airflow/dags/producer.py
[2023-01-11T01:30:59.081+0000] {processor.py:756} INFO - Processing file /opt/airflow/dags/producer.py for tasks to queue
[2023-01-11T01:30:59.082+0000] {logging_mixin.py:120} INFO - [2023-01-11T01:30:59.082+0000] {dagbag.py:537} INFO - Filling up the DagBag from /opt/airflow/dags/producer.py
[2023-01-11T01:30:59.136+0000] {processor.py:766} INFO - DAG(s) dict_keys(['producer']) retrieved from /opt/airflow/dags/producer.py
[2023-01-11T01:30:59.197+0000] {logging_mixin.py:120} INFO - [2023-01-11T01:30:59.197+0000] {dag.py:2585} INFO - Sync 1 DAGs
[2023-01-11T01:30:59.227+0000] {logging_mixin.py:120} INFO - [2023-01-11T01:30:59.227+0000] {dag.py:3340} INFO - Setting next_dagrun for producer to 2023-01-11T00:00:00+00:00, run_after=2023-01-12T00:00:00+00:00
[2023-01-11T01:30:59.270+0000] {processor.py:176} INFO - Processing /opt/airflow/dags/producer.py took 0.197 seconds
[2023-01-11T01:31:29.859+0000] {processor.py:154} INFO - Started process (PID=20020) to work on /opt/airflow/dags/producer.py
[2023-01-11T01:31:29.860+0000] {processor.py:756} INFO - Processing file /opt/airflow/dags/producer.py for tasks to queue
[2023-01-11T01:31:29.863+0000] {logging_mixin.py:120} INFO - [2023-01-11T01:31:29.862+0000] {dagbag.py:537} INFO - Filling up the DagBag from /opt/airflow/dags/producer.py
[2023-01-11T01:31:29.926+0000] {processor.py:766} INFO - DAG(s) dict_keys(['producer']) retrieved from /opt/airflow/dags/producer.py
[2023-01-11T01:31:29.996+0000] {logging_mixin.py:120} INFO - [2023-01-11T01:31:29.996+0000] {dag.py:2585} INFO - Sync 1 DAGs
[2023-01-11T01:31:30.046+0000] {logging_mixin.py:120} INFO - [2023-01-11T01:31:30.046+0000] {dag.py:3340} INFO - Setting next_dagrun for producer to 2023-01-11T00:00:00+00:00, run_after=2023-01-12T00:00:00+00:00
[2023-01-11T01:31:30.091+0000] {processor.py:176} INFO - Processing /opt/airflow/dags/producer.py took 0.240 seconds
[2023-01-11T01:32:00.688+0000] {processor.py:154} INFO - Started process (PID=20078) to work on /opt/airflow/dags/producer.py
[2023-01-11T01:32:00.691+0000] {processor.py:756} INFO - Processing file /opt/airflow/dags/producer.py for tasks to queue
[2023-01-11T01:32:00.693+0000] {logging_mixin.py:120} INFO - [2023-01-11T01:32:00.693+0000] {dagbag.py:537} INFO - Filling up the DagBag from /opt/airflow/dags/producer.py
[2023-01-11T01:32:00.753+0000] {processor.py:766} INFO - DAG(s) dict_keys(['producer']) retrieved from /opt/airflow/dags/producer.py
[2023-01-11T01:32:00.807+0000] {logging_mixin.py:120} INFO - [2023-01-11T01:32:00.807+0000] {dag.py:2585} INFO - Sync 1 DAGs
[2023-01-11T01:32:00.837+0000] {logging_mixin.py:120} INFO - [2023-01-11T01:32:00.836+0000] {dag.py:3340} INFO - Setting next_dagrun for producer to 2023-01-11T00:00:00+00:00, run_after=2023-01-12T00:00:00+00:00
[2023-01-11T01:32:00.877+0000] {processor.py:176} INFO - Processing /opt/airflow/dags/producer.py took 0.195 seconds
[2023-01-11T01:32:31.330+0000] {processor.py:154} INFO - Started process (PID=20145) to work on /opt/airflow/dags/producer.py
[2023-01-11T01:32:31.331+0000] {processor.py:756} INFO - Processing file /opt/airflow/dags/producer.py for tasks to queue
[2023-01-11T01:32:31.333+0000] {logging_mixin.py:120} INFO - [2023-01-11T01:32:31.332+0000] {dagbag.py:537} INFO - Filling up the DagBag from /opt/airflow/dags/producer.py
[2023-01-11T01:32:31.372+0000] {processor.py:766} INFO - DAG(s) dict_keys(['producer']) retrieved from /opt/airflow/dags/producer.py
[2023-01-11T01:32:31.429+0000] {logging_mixin.py:120} INFO - [2023-01-11T01:32:31.429+0000] {dag.py:2585} INFO - Sync 1 DAGs
[2023-01-11T01:32:31.459+0000] {logging_mixin.py:120} INFO - [2023-01-11T01:32:31.459+0000] {dag.py:3340} INFO - Setting next_dagrun for producer to 2023-01-11T00:00:00+00:00, run_after=2023-01-12T00:00:00+00:00
[2023-01-11T01:32:31.489+0000] {processor.py:176} INFO - Processing /opt/airflow/dags/producer.py took 0.163 seconds
[2023-01-11T01:33:01.795+0000] {processor.py:154} INFO - Started process (PID=20203) to work on /opt/airflow/dags/producer.py
[2023-01-11T01:33:01.797+0000] {processor.py:756} INFO - Processing file /opt/airflow/dags/producer.py for tasks to queue
[2023-01-11T01:33:01.798+0000] {logging_mixin.py:120} INFO - [2023-01-11T01:33:01.798+0000] {dagbag.py:537} INFO - Filling up the DagBag from /opt/airflow/dags/producer.py
[2023-01-11T01:33:01.843+0000] {processor.py:766} INFO - DAG(s) dict_keys(['producer']) retrieved from /opt/airflow/dags/producer.py
[2023-01-11T01:33:01.899+0000] {logging_mixin.py:120} INFO - [2023-01-11T01:33:01.899+0000] {dag.py:2585} INFO - Sync 1 DAGs
[2023-01-11T01:33:01.941+0000] {logging_mixin.py:120} INFO - [2023-01-11T01:33:01.940+0000] {dag.py:3340} INFO - Setting next_dagrun for producer to 2023-01-11T00:00:00+00:00, run_after=2023-01-12T00:00:00+00:00
[2023-01-11T01:33:01.979+0000] {processor.py:176} INFO - Processing /opt/airflow/dags/producer.py took 0.188 seconds
[2023-01-11T01:33:32.727+0000] {processor.py:154} INFO - Started process (PID=20270) to work on /opt/airflow/dags/producer.py
[2023-01-11T01:33:32.728+0000] {processor.py:756} INFO - Processing file /opt/airflow/dags/producer.py for tasks to queue
[2023-01-11T01:33:32.730+0000] {logging_mixin.py:120} INFO - [2023-01-11T01:33:32.730+0000] {dagbag.py:537} INFO - Filling up the DagBag from /opt/airflow/dags/producer.py
[2023-01-11T01:33:32.800+0000] {processor.py:766} INFO - DAG(s) dict_keys(['producer']) retrieved from /opt/airflow/dags/producer.py
[2023-01-11T01:33:32.847+0000] {logging_mixin.py:120} INFO - [2023-01-11T01:33:32.847+0000] {dag.py:2585} INFO - Sync 1 DAGs
[2023-01-11T01:33:32.880+0000] {logging_mixin.py:120} INFO - [2023-01-11T01:33:32.880+0000] {dag.py:3340} INFO - Setting next_dagrun for producer to 2023-01-11T00:00:00+00:00, run_after=2023-01-12T00:00:00+00:00
[2023-01-11T01:33:32.910+0000] {processor.py:176} INFO - Processing /opt/airflow/dags/producer.py took 0.190 seconds
[2023-01-11T01:34:03.553+0000] {processor.py:154} INFO - Started process (PID=20328) to work on /opt/airflow/dags/producer.py
[2023-01-11T01:34:03.554+0000] {processor.py:756} INFO - Processing file /opt/airflow/dags/producer.py for tasks to queue
[2023-01-11T01:34:03.555+0000] {logging_mixin.py:120} INFO - [2023-01-11T01:34:03.555+0000] {dagbag.py:537} INFO - Filling up the DagBag from /opt/airflow/dags/producer.py
[2023-01-11T01:34:03.600+0000] {processor.py:766} INFO - DAG(s) dict_keys(['producer']) retrieved from /opt/airflow/dags/producer.py
[2023-01-11T01:34:03.645+0000] {logging_mixin.py:120} INFO - [2023-01-11T01:34:03.645+0000] {dag.py:2585} INFO - Sync 1 DAGs
[2023-01-11T01:34:03.677+0000] {logging_mixin.py:120} INFO - [2023-01-11T01:34:03.676+0000] {dag.py:3340} INFO - Setting next_dagrun for producer to 2023-01-11T00:00:00+00:00, run_after=2023-01-12T00:00:00+00:00
[2023-01-11T01:34:03.705+0000] {processor.py:176} INFO - Processing /opt/airflow/dags/producer.py took 0.155 seconds
[2023-01-11T01:34:34.238+0000] {processor.py:154} INFO - Started process (PID=20395) to work on /opt/airflow/dags/producer.py
[2023-01-11T01:34:34.238+0000] {processor.py:756} INFO - Processing file /opt/airflow/dags/producer.py for tasks to queue
[2023-01-11T01:34:34.239+0000] {logging_mixin.py:120} INFO - [2023-01-11T01:34:34.239+0000] {dagbag.py:537} INFO - Filling up the DagBag from /opt/airflow/dags/producer.py
[2023-01-11T01:34:34.275+0000] {processor.py:766} INFO - DAG(s) dict_keys(['producer']) retrieved from /opt/airflow/dags/producer.py
[2023-01-11T01:34:34.321+0000] {logging_mixin.py:120} INFO - [2023-01-11T01:34:34.321+0000] {dag.py:2585} INFO - Sync 1 DAGs
[2023-01-11T01:34:34.350+0000] {logging_mixin.py:120} INFO - [2023-01-11T01:34:34.349+0000] {dag.py:3340} INFO - Setting next_dagrun for producer to 2023-01-11T00:00:00+00:00, run_after=2023-01-12T00:00:00+00:00
[2023-01-11T01:34:34.377+0000] {processor.py:176} INFO - Processing /opt/airflow/dags/producer.py took 0.143 seconds
[2023-01-11T01:35:05.034+0000] {processor.py:154} INFO - Started process (PID=20463) to work on /opt/airflow/dags/producer.py
[2023-01-11T01:35:05.035+0000] {processor.py:756} INFO - Processing file /opt/airflow/dags/producer.py for tasks to queue
[2023-01-11T01:35:05.035+0000] {logging_mixin.py:120} INFO - [2023-01-11T01:35:05.035+0000] {dagbag.py:537} INFO - Filling up the DagBag from /opt/airflow/dags/producer.py
[2023-01-11T01:35:05.077+0000] {processor.py:766} INFO - DAG(s) dict_keys(['producer']) retrieved from /opt/airflow/dags/producer.py
[2023-01-11T01:35:05.144+0000] {logging_mixin.py:120} INFO - [2023-01-11T01:35:05.144+0000] {dag.py:2585} INFO - Sync 1 DAGs
[2023-01-11T01:35:05.189+0000] {logging_mixin.py:120} INFO - [2023-01-11T01:35:05.189+0000] {dag.py:3340} INFO - Setting next_dagrun for producer to 2023-01-11T00:00:00+00:00, run_after=2023-01-12T00:00:00+00:00
[2023-01-11T01:35:05.240+0000] {processor.py:176} INFO - Processing /opt/airflow/dags/producer.py took 0.210 seconds
[2023-01-11T01:35:35.514+0000] {processor.py:154} INFO - Started process (PID=20522) to work on /opt/airflow/dags/producer.py
[2023-01-11T01:35:35.515+0000] {processor.py:756} INFO - Processing file /opt/airflow/dags/producer.py for tasks to queue
[2023-01-11T01:35:35.516+0000] {logging_mixin.py:120} INFO - [2023-01-11T01:35:35.516+0000] {dagbag.py:537} INFO - Filling up the DagBag from /opt/airflow/dags/producer.py
[2023-01-11T01:35:35.560+0000] {processor.py:766} INFO - DAG(s) dict_keys(['producer']) retrieved from /opt/airflow/dags/producer.py
[2023-01-11T01:35:35.606+0000] {logging_mixin.py:120} INFO - [2023-01-11T01:35:35.606+0000] {dag.py:2585} INFO - Sync 1 DAGs
[2023-01-11T01:35:35.638+0000] {logging_mixin.py:120} INFO - [2023-01-11T01:35:35.638+0000] {dag.py:3340} INFO - Setting next_dagrun for producer to 2023-01-11T00:00:00+00:00, run_after=2023-01-12T00:00:00+00:00
[2023-01-11T01:35:35.676+0000] {processor.py:176} INFO - Processing /opt/airflow/dags/producer.py took 0.165 seconds
[2023-01-11T01:36:05.870+0000] {processor.py:154} INFO - Started process (PID=20589) to work on /opt/airflow/dags/producer.py
[2023-01-11T01:36:05.872+0000] {processor.py:756} INFO - Processing file /opt/airflow/dags/producer.py for tasks to queue
[2023-01-11T01:36:05.873+0000] {logging_mixin.py:120} INFO - [2023-01-11T01:36:05.872+0000] {dagbag.py:537} INFO - Filling up the DagBag from /opt/airflow/dags/producer.py
[2023-01-11T01:36:05.919+0000] {processor.py:766} INFO - DAG(s) dict_keys(['producer']) retrieved from /opt/airflow/dags/producer.py
[2023-01-11T01:36:05.967+0000] {logging_mixin.py:120} INFO - [2023-01-11T01:36:05.967+0000] {dag.py:2585} INFO - Sync 1 DAGs
[2023-01-11T01:36:06.004+0000] {logging_mixin.py:120} INFO - [2023-01-11T01:36:06.004+0000] {dag.py:3340} INFO - Setting next_dagrun for producer to 2023-01-11T00:00:00+00:00, run_after=2023-01-12T00:00:00+00:00
[2023-01-11T01:36:06.032+0000] {processor.py:176} INFO - Processing /opt/airflow/dags/producer.py took 0.170 seconds
[2023-01-11T01:36:36.363+0000] {processor.py:154} INFO - Started process (PID=20647) to work on /opt/airflow/dags/producer.py
[2023-01-11T01:36:36.364+0000] {processor.py:756} INFO - Processing file /opt/airflow/dags/producer.py for tasks to queue
[2023-01-11T01:36:36.366+0000] {logging_mixin.py:120} INFO - [2023-01-11T01:36:36.366+0000] {dagbag.py:537} INFO - Filling up the DagBag from /opt/airflow/dags/producer.py
[2023-01-11T01:36:36.411+0000] {processor.py:766} INFO - DAG(s) dict_keys(['producer']) retrieved from /opt/airflow/dags/producer.py
[2023-01-11T01:36:36.467+0000] {logging_mixin.py:120} INFO - [2023-01-11T01:36:36.467+0000] {dag.py:2585} INFO - Sync 1 DAGs
[2023-01-11T01:36:36.504+0000] {logging_mixin.py:120} INFO - [2023-01-11T01:36:36.504+0000] {dag.py:3340} INFO - Setting next_dagrun for producer to 2023-01-11T00:00:00+00:00, run_after=2023-01-12T00:00:00+00:00
[2023-01-11T01:36:36.542+0000] {processor.py:176} INFO - Processing /opt/airflow/dags/producer.py took 0.183 seconds
[2023-01-11T01:37:07.186+0000] {processor.py:154} INFO - Started process (PID=20714) to work on /opt/airflow/dags/producer.py
[2023-01-11T01:37:07.187+0000] {processor.py:756} INFO - Processing file /opt/airflow/dags/producer.py for tasks to queue
[2023-01-11T01:37:07.189+0000] {logging_mixin.py:120} INFO - [2023-01-11T01:37:07.188+0000] {dagbag.py:537} INFO - Filling up the DagBag from /opt/airflow/dags/producer.py
[2023-01-11T01:37:07.253+0000] {processor.py:766} INFO - DAG(s) dict_keys(['producer']) retrieved from /opt/airflow/dags/producer.py
[2023-01-11T01:37:07.297+0000] {logging_mixin.py:120} INFO - [2023-01-11T01:37:07.297+0000] {dag.py:2585} INFO - Sync 1 DAGs
[2023-01-11T01:37:07.325+0000] {logging_mixin.py:120} INFO - [2023-01-11T01:37:07.325+0000] {dag.py:3340} INFO - Setting next_dagrun for producer to 2023-01-11T00:00:00+00:00, run_after=2023-01-12T00:00:00+00:00
[2023-01-11T01:37:07.355+0000] {processor.py:176} INFO - Processing /opt/airflow/dags/producer.py took 0.176 seconds
[2023-01-11T01:37:37.891+0000] {processor.py:154} INFO - Started process (PID=20773) to work on /opt/airflow/dags/producer.py
[2023-01-11T01:37:37.894+0000] {processor.py:756} INFO - Processing file /opt/airflow/dags/producer.py for tasks to queue
[2023-01-11T01:37:37.897+0000] {logging_mixin.py:120} INFO - [2023-01-11T01:37:37.896+0000] {dagbag.py:537} INFO - Filling up the DagBag from /opt/airflow/dags/producer.py
[2023-01-11T01:37:37.981+0000] {processor.py:766} INFO - DAG(s) dict_keys(['producer']) retrieved from /opt/airflow/dags/producer.py
[2023-01-11T01:37:38.049+0000] {logging_mixin.py:120} INFO - [2023-01-11T01:37:38.049+0000] {dag.py:2585} INFO - Sync 1 DAGs
[2023-01-11T01:37:38.100+0000] {logging_mixin.py:120} INFO - [2023-01-11T01:37:38.100+0000] {dag.py:3340} INFO - Setting next_dagrun for producer to 2023-01-11T00:00:00+00:00, run_after=2023-01-12T00:00:00+00:00
[2023-01-11T01:37:38.144+0000] {processor.py:176} INFO - Processing /opt/airflow/dags/producer.py took 0.261 seconds
[2023-01-11T01:38:08.313+0000] {processor.py:154} INFO - Started process (PID=20841) to work on /opt/airflow/dags/producer.py
[2023-01-11T01:38:08.315+0000] {processor.py:756} INFO - Processing file /opt/airflow/dags/producer.py for tasks to queue
[2023-01-11T01:38:08.317+0000] {logging_mixin.py:120} INFO - [2023-01-11T01:38:08.317+0000] {dagbag.py:537} INFO - Filling up the DagBag from /opt/airflow/dags/producer.py
[2023-01-11T01:38:08.406+0000] {processor.py:766} INFO - DAG(s) dict_keys(['producer']) retrieved from /opt/airflow/dags/producer.py
[2023-01-11T01:38:08.475+0000] {logging_mixin.py:120} INFO - [2023-01-11T01:38:08.475+0000] {dag.py:2585} INFO - Sync 1 DAGs
[2023-01-11T01:38:08.521+0000] {logging_mixin.py:120} INFO - [2023-01-11T01:38:08.521+0000] {dag.py:3340} INFO - Setting next_dagrun for producer to 2023-01-11T00:00:00+00:00, run_after=2023-01-12T00:00:00+00:00
[2023-01-11T01:38:08.568+0000] {processor.py:176} INFO - Processing /opt/airflow/dags/producer.py took 0.266 seconds
[2023-01-11T01:38:39.030+0000] {processor.py:154} INFO - Started process (PID=20900) to work on /opt/airflow/dags/producer.py
[2023-01-11T01:38:39.031+0000] {processor.py:756} INFO - Processing file /opt/airflow/dags/producer.py for tasks to queue
[2023-01-11T01:38:39.034+0000] {logging_mixin.py:120} INFO - [2023-01-11T01:38:39.034+0000] {dagbag.py:537} INFO - Filling up the DagBag from /opt/airflow/dags/producer.py
[2023-01-11T01:38:39.099+0000] {processor.py:766} INFO - DAG(s) dict_keys(['producer']) retrieved from /opt/airflow/dags/producer.py
[2023-01-11T01:38:39.154+0000] {logging_mixin.py:120} INFO - [2023-01-11T01:38:39.153+0000] {dag.py:2585} INFO - Sync 1 DAGs
[2023-01-11T01:38:39.186+0000] {logging_mixin.py:120} INFO - [2023-01-11T01:38:39.186+0000] {dag.py:3340} INFO - Setting next_dagrun for producer to 2023-01-11T00:00:00+00:00, run_after=2023-01-12T00:00:00+00:00
[2023-01-11T01:38:39.215+0000] {processor.py:176} INFO - Processing /opt/airflow/dags/producer.py took 0.195 seconds
[2023-01-11T01:39:10.103+0000] {processor.py:154} INFO - Started process (PID=20967) to work on /opt/airflow/dags/producer.py
[2023-01-11T01:39:10.104+0000] {processor.py:756} INFO - Processing file /opt/airflow/dags/producer.py for tasks to queue
[2023-01-11T01:39:10.106+0000] {logging_mixin.py:120} INFO - [2023-01-11T01:39:10.105+0000] {dagbag.py:537} INFO - Filling up the DagBag from /opt/airflow/dags/producer.py
[2023-01-11T01:39:10.159+0000] {processor.py:766} INFO - DAG(s) dict_keys(['producer']) retrieved from /opt/airflow/dags/producer.py
[2023-01-11T01:39:10.218+0000] {logging_mixin.py:120} INFO - [2023-01-11T01:39:10.217+0000] {dag.py:2585} INFO - Sync 1 DAGs
[2023-01-11T01:39:10.258+0000] {logging_mixin.py:120} INFO - [2023-01-11T01:39:10.257+0000] {dag.py:3340} INFO - Setting next_dagrun for producer to 2023-01-11T00:00:00+00:00, run_after=2023-01-12T00:00:00+00:00
[2023-01-11T01:39:10.305+0000] {processor.py:176} INFO - Processing /opt/airflow/dags/producer.py took 0.206 seconds
[2023-01-11T01:39:40.486+0000] {processor.py:154} INFO - Started process (PID=21034) to work on /opt/airflow/dags/producer.py
[2023-01-11T01:39:40.487+0000] {processor.py:756} INFO - Processing file /opt/airflow/dags/producer.py for tasks to queue
[2023-01-11T01:39:40.488+0000] {logging_mixin.py:120} INFO - [2023-01-11T01:39:40.488+0000] {dagbag.py:537} INFO - Filling up the DagBag from /opt/airflow/dags/producer.py
[2023-01-11T01:39:40.527+0000] {processor.py:766} INFO - DAG(s) dict_keys(['producer']) retrieved from /opt/airflow/dags/producer.py
[2023-01-11T01:39:40.581+0000] {logging_mixin.py:120} INFO - [2023-01-11T01:39:40.580+0000] {dag.py:2585} INFO - Sync 1 DAGs
[2023-01-11T01:39:40.620+0000] {logging_mixin.py:120} INFO - [2023-01-11T01:39:40.619+0000] {dag.py:3340} INFO - Setting next_dagrun for producer to 2023-01-11T00:00:00+00:00, run_after=2023-01-12T00:00:00+00:00
[2023-01-11T01:39:40.653+0000] {processor.py:176} INFO - Processing /opt/airflow/dags/producer.py took 0.172 seconds
[2023-01-11T01:40:11.200+0000] {processor.py:154} INFO - Started process (PID=21092) to work on /opt/airflow/dags/producer.py
[2023-01-11T01:40:11.201+0000] {processor.py:756} INFO - Processing file /opt/airflow/dags/producer.py for tasks to queue
[2023-01-11T01:40:11.202+0000] {logging_mixin.py:120} INFO - [2023-01-11T01:40:11.202+0000] {dagbag.py:537} INFO - Filling up the DagBag from /opt/airflow/dags/producer.py
[2023-01-11T01:40:11.258+0000] {processor.py:766} INFO - DAG(s) dict_keys(['producer']) retrieved from /opt/airflow/dags/producer.py
[2023-01-11T01:40:11.301+0000] {logging_mixin.py:120} INFO - [2023-01-11T01:40:11.301+0000] {dag.py:2585} INFO - Sync 1 DAGs
[2023-01-11T01:40:11.332+0000] {logging_mixin.py:120} INFO - [2023-01-11T01:40:11.332+0000] {dag.py:3340} INFO - Setting next_dagrun for producer to 2023-01-11T00:00:00+00:00, run_after=2023-01-12T00:00:00+00:00
[2023-01-11T01:40:11.362+0000] {processor.py:176} INFO - Processing /opt/airflow/dags/producer.py took 0.165 seconds
[2023-01-11T01:40:41.598+0000] {processor.py:154} INFO - Started process (PID=21159) to work on /opt/airflow/dags/producer.py
[2023-01-11T01:40:41.599+0000] {processor.py:756} INFO - Processing file /opt/airflow/dags/producer.py for tasks to queue
[2023-01-11T01:40:41.600+0000] {logging_mixin.py:120} INFO - [2023-01-11T01:40:41.600+0000] {dagbag.py:537} INFO - Filling up the DagBag from /opt/airflow/dags/producer.py
[2023-01-11T01:40:41.646+0000] {processor.py:766} INFO - DAG(s) dict_keys(['producer']) retrieved from /opt/airflow/dags/producer.py
[2023-01-11T01:40:41.746+0000] {logging_mixin.py:120} INFO - [2023-01-11T01:40:41.746+0000] {dag.py:2585} INFO - Sync 1 DAGs
[2023-01-11T01:40:41.785+0000] {logging_mixin.py:120} INFO - [2023-01-11T01:40:41.785+0000] {dag.py:3340} INFO - Setting next_dagrun for producer to 2023-01-11T00:00:00+00:00, run_after=2023-01-12T00:00:00+00:00
[2023-01-11T01:40:41.818+0000] {processor.py:176} INFO - Processing /opt/airflow/dags/producer.py took 0.223 seconds
[2023-01-11T01:41:12.009+0000] {processor.py:154} INFO - Started process (PID=21226) to work on /opt/airflow/dags/producer.py
[2023-01-11T01:41:12.010+0000] {processor.py:756} INFO - Processing file /opt/airflow/dags/producer.py for tasks to queue
[2023-01-11T01:41:12.011+0000] {logging_mixin.py:120} INFO - [2023-01-11T01:41:12.011+0000] {dagbag.py:537} INFO - Filling up the DagBag from /opt/airflow/dags/producer.py
[2023-01-11T01:41:12.053+0000] {processor.py:766} INFO - DAG(s) dict_keys(['producer']) retrieved from /opt/airflow/dags/producer.py
[2023-01-11T01:41:12.111+0000] {logging_mixin.py:120} INFO - [2023-01-11T01:41:12.111+0000] {dag.py:2585} INFO - Sync 1 DAGs
[2023-01-11T01:41:12.148+0000] {logging_mixin.py:120} INFO - [2023-01-11T01:41:12.147+0000] {dag.py:3340} INFO - Setting next_dagrun for producer to 2023-01-11T00:00:00+00:00, run_after=2023-01-12T00:00:00+00:00
[2023-01-11T01:41:12.193+0000] {processor.py:176} INFO - Processing /opt/airflow/dags/producer.py took 0.187 seconds
[2023-01-11T01:41:42.719+0000] {processor.py:154} INFO - Started process (PID=21284) to work on /opt/airflow/dags/producer.py
[2023-01-11T01:41:42.721+0000] {processor.py:756} INFO - Processing file /opt/airflow/dags/producer.py for tasks to queue
[2023-01-11T01:41:42.722+0000] {logging_mixin.py:120} INFO - [2023-01-11T01:41:42.722+0000] {dagbag.py:537} INFO - Filling up the DagBag from /opt/airflow/dags/producer.py
[2023-01-11T01:41:42.774+0000] {processor.py:766} INFO - DAG(s) dict_keys(['producer']) retrieved from /opt/airflow/dags/producer.py
[2023-01-11T01:41:42.819+0000] {logging_mixin.py:120} INFO - [2023-01-11T01:41:42.818+0000] {dag.py:2585} INFO - Sync 1 DAGs
[2023-01-11T01:41:42.844+0000] {logging_mixin.py:120} INFO - [2023-01-11T01:41:42.844+0000] {dag.py:3340} INFO - Setting next_dagrun for producer to 2023-01-11T00:00:00+00:00, run_after=2023-01-12T00:00:00+00:00
[2023-01-11T01:41:42.899+0000] {processor.py:176} INFO - Processing /opt/airflow/dags/producer.py took 0.186 seconds
[2023-01-11T01:42:13.255+0000] {processor.py:154} INFO - Started process (PID=21352) to work on /opt/airflow/dags/producer.py
[2023-01-11T01:42:13.257+0000] {processor.py:756} INFO - Processing file /opt/airflow/dags/producer.py for tasks to queue
[2023-01-11T01:42:13.260+0000] {logging_mixin.py:120} INFO - [2023-01-11T01:42:13.259+0000] {dagbag.py:537} INFO - Filling up the DagBag from /opt/airflow/dags/producer.py
[2023-01-11T01:42:13.328+0000] {processor.py:766} INFO - DAG(s) dict_keys(['producer']) retrieved from /opt/airflow/dags/producer.py
[2023-01-11T01:42:13.368+0000] {logging_mixin.py:120} INFO - [2023-01-11T01:42:13.367+0000] {dag.py:2585} INFO - Sync 1 DAGs
[2023-01-11T01:42:13.395+0000] {logging_mixin.py:120} INFO - [2023-01-11T01:42:13.395+0000] {dag.py:3340} INFO - Setting next_dagrun for producer to 2023-01-11T00:00:00+00:00, run_after=2023-01-12T00:00:00+00:00
[2023-01-11T01:42:13.446+0000] {processor.py:176} INFO - Processing /opt/airflow/dags/producer.py took 0.199 seconds
[2023-01-11T01:42:44.094+0000] {processor.py:154} INFO - Started process (PID=21417) to work on /opt/airflow/dags/producer.py
[2023-01-11T01:42:44.095+0000] {processor.py:756} INFO - Processing file /opt/airflow/dags/producer.py for tasks to queue
[2023-01-11T01:42:44.097+0000] {logging_mixin.py:120} INFO - [2023-01-11T01:42:44.096+0000] {dagbag.py:537} INFO - Filling up the DagBag from /opt/airflow/dags/producer.py
[2023-01-11T01:42:44.147+0000] {processor.py:766} INFO - DAG(s) dict_keys(['producer']) retrieved from /opt/airflow/dags/producer.py
[2023-01-11T01:42:44.196+0000] {logging_mixin.py:120} INFO - [2023-01-11T01:42:44.195+0000] {dag.py:2585} INFO - Sync 1 DAGs
[2023-01-11T01:42:44.236+0000] {logging_mixin.py:120} INFO - [2023-01-11T01:42:44.236+0000] {dag.py:3340} INFO - Setting next_dagrun for producer to 2023-01-11T00:00:00+00:00, run_after=2023-01-12T00:00:00+00:00
[2023-01-11T01:42:44.283+0000] {processor.py:176} INFO - Processing /opt/airflow/dags/producer.py took 0.193 seconds
[2023-01-11T01:43:15.214+0000] {processor.py:154} INFO - Started process (PID=21477) to work on /opt/airflow/dags/producer.py
[2023-01-11T01:43:15.215+0000] {processor.py:756} INFO - Processing file /opt/airflow/dags/producer.py for tasks to queue
[2023-01-11T01:43:15.217+0000] {logging_mixin.py:120} INFO - [2023-01-11T01:43:15.217+0000] {dagbag.py:537} INFO - Filling up the DagBag from /opt/airflow/dags/producer.py
[2023-01-11T01:43:15.259+0000] {processor.py:766} INFO - DAG(s) dict_keys(['producer']) retrieved from /opt/airflow/dags/producer.py
[2023-01-11T01:43:15.304+0000] {logging_mixin.py:120} INFO - [2023-01-11T01:43:15.304+0000] {dag.py:2585} INFO - Sync 1 DAGs
[2023-01-11T01:43:15.336+0000] {logging_mixin.py:120} INFO - [2023-01-11T01:43:15.335+0000] {dag.py:3340} INFO - Setting next_dagrun for producer to 2023-01-11T00:00:00+00:00, run_after=2023-01-12T00:00:00+00:00
[2023-01-11T01:43:15.372+0000] {processor.py:176} INFO - Processing /opt/airflow/dags/producer.py took 0.164 seconds
[2023-01-11T01:43:45.950+0000] {processor.py:154} INFO - Started process (PID=21544) to work on /opt/airflow/dags/producer.py
[2023-01-11T01:43:45.955+0000] {processor.py:756} INFO - Processing file /opt/airflow/dags/producer.py for tasks to queue
[2023-01-11T01:43:45.958+0000] {logging_mixin.py:120} INFO - [2023-01-11T01:43:45.957+0000] {dagbag.py:537} INFO - Filling up the DagBag from /opt/airflow/dags/producer.py
[2023-01-11T01:43:46.026+0000] {processor.py:766} INFO - DAG(s) dict_keys(['producer']) retrieved from /opt/airflow/dags/producer.py
[2023-01-11T01:43:46.066+0000] {logging_mixin.py:120} INFO - [2023-01-11T01:43:46.066+0000] {dag.py:2585} INFO - Sync 1 DAGs
[2023-01-11T01:43:46.092+0000] {logging_mixin.py:120} INFO - [2023-01-11T01:43:46.091+0000] {dag.py:3340} INFO - Setting next_dagrun for producer to 2023-01-11T00:00:00+00:00, run_after=2023-01-12T00:00:00+00:00
[2023-01-11T01:43:46.118+0000] {processor.py:176} INFO - Processing /opt/airflow/dags/producer.py took 0.175 seconds
[2023-01-11T01:44:16.357+0000] {processor.py:154} INFO - Started process (PID=21611) to work on /opt/airflow/dags/producer.py
[2023-01-11T01:44:16.359+0000] {processor.py:756} INFO - Processing file /opt/airflow/dags/producer.py for tasks to queue
[2023-01-11T01:44:16.360+0000] {logging_mixin.py:120} INFO - [2023-01-11T01:44:16.360+0000] {dagbag.py:537} INFO - Filling up the DagBag from /opt/airflow/dags/producer.py
[2023-01-11T01:44:16.419+0000] {processor.py:766} INFO - DAG(s) dict_keys(['producer']) retrieved from /opt/airflow/dags/producer.py
[2023-01-11T01:44:16.483+0000] {logging_mixin.py:120} INFO - [2023-01-11T01:44:16.483+0000] {dag.py:2585} INFO - Sync 1 DAGs
[2023-01-11T01:44:16.533+0000] {logging_mixin.py:120} INFO - [2023-01-11T01:44:16.533+0000] {dag.py:3340} INFO - Setting next_dagrun for producer to 2023-01-11T00:00:00+00:00, run_after=2023-01-12T00:00:00+00:00
[2023-01-11T01:44:16.577+0000] {processor.py:176} INFO - Processing /opt/airflow/dags/producer.py took 0.225 seconds
[2023-01-11T01:44:46.814+0000] {processor.py:154} INFO - Started process (PID=21669) to work on /opt/airflow/dags/producer.py
[2023-01-11T01:44:46.816+0000] {processor.py:756} INFO - Processing file /opt/airflow/dags/producer.py for tasks to queue
[2023-01-11T01:44:46.818+0000] {logging_mixin.py:120} INFO - [2023-01-11T01:44:46.817+0000] {dagbag.py:537} INFO - Filling up the DagBag from /opt/airflow/dags/producer.py
[2023-01-11T01:44:46.865+0000] {processor.py:766} INFO - DAG(s) dict_keys(['producer']) retrieved from /opt/airflow/dags/producer.py
[2023-01-11T01:44:46.907+0000] {logging_mixin.py:120} INFO - [2023-01-11T01:44:46.907+0000] {dag.py:2585} INFO - Sync 1 DAGs
[2023-01-11T01:44:46.933+0000] {logging_mixin.py:120} INFO - [2023-01-11T01:44:46.933+0000] {dag.py:3340} INFO - Setting next_dagrun for producer to 2023-01-11T00:00:00+00:00, run_after=2023-01-12T00:00:00+00:00
[2023-01-11T01:44:46.959+0000] {processor.py:176} INFO - Processing /opt/airflow/dags/producer.py took 0.154 seconds
[2023-01-11T01:45:17.282+0000] {processor.py:154} INFO - Started process (PID=21736) to work on /opt/airflow/dags/producer.py
[2023-01-11T01:45:17.284+0000] {processor.py:756} INFO - Processing file /opt/airflow/dags/producer.py for tasks to queue
[2023-01-11T01:45:17.285+0000] {logging_mixin.py:120} INFO - [2023-01-11T01:45:17.285+0000] {dagbag.py:537} INFO - Filling up the DagBag from /opt/airflow/dags/producer.py
[2023-01-11T01:45:17.342+0000] {processor.py:766} INFO - DAG(s) dict_keys(['producer']) retrieved from /opt/airflow/dags/producer.py
[2023-01-11T01:45:17.390+0000] {logging_mixin.py:120} INFO - [2023-01-11T01:45:17.390+0000] {dag.py:2585} INFO - Sync 1 DAGs
[2023-01-11T01:45:17.430+0000] {logging_mixin.py:120} INFO - [2023-01-11T01:45:17.430+0000] {dag.py:3340} INFO - Setting next_dagrun for producer to 2023-01-11T00:00:00+00:00, run_after=2023-01-12T00:00:00+00:00
[2023-01-11T01:45:17.468+0000] {processor.py:176} INFO - Processing /opt/airflow/dags/producer.py took 0.195 seconds
[2023-01-11T01:45:47.766+0000] {processor.py:154} INFO - Started process (PID=21803) to work on /opt/airflow/dags/producer.py
[2023-01-11T01:45:47.768+0000] {processor.py:756} INFO - Processing file /opt/airflow/dags/producer.py for tasks to queue
[2023-01-11T01:45:47.769+0000] {logging_mixin.py:120} INFO - [2023-01-11T01:45:47.769+0000] {dagbag.py:537} INFO - Filling up the DagBag from /opt/airflow/dags/producer.py
[2023-01-11T01:45:47.824+0000] {processor.py:766} INFO - DAG(s) dict_keys(['producer']) retrieved from /opt/airflow/dags/producer.py
[2023-01-11T01:45:47.878+0000] {logging_mixin.py:120} INFO - [2023-01-11T01:45:47.878+0000] {dag.py:2585} INFO - Sync 1 DAGs
[2023-01-11T01:45:47.912+0000] {logging_mixin.py:120} INFO - [2023-01-11T01:45:47.912+0000] {dag.py:3340} INFO - Setting next_dagrun for producer to 2023-01-11T00:00:00+00:00, run_after=2023-01-12T00:00:00+00:00
[2023-01-11T01:45:47.949+0000] {processor.py:176} INFO - Processing /opt/airflow/dags/producer.py took 0.191 seconds
[2023-01-11T01:46:18.227+0000] {processor.py:154} INFO - Started process (PID=21862) to work on /opt/airflow/dags/producer.py
[2023-01-11T01:46:18.228+0000] {processor.py:756} INFO - Processing file /opt/airflow/dags/producer.py for tasks to queue
[2023-01-11T01:46:18.229+0000] {logging_mixin.py:120} INFO - [2023-01-11T01:46:18.229+0000] {dagbag.py:537} INFO - Filling up the DagBag from /opt/airflow/dags/producer.py
[2023-01-11T01:46:18.269+0000] {processor.py:766} INFO - DAG(s) dict_keys(['producer']) retrieved from /opt/airflow/dags/producer.py
[2023-01-11T01:46:18.309+0000] {logging_mixin.py:120} INFO - [2023-01-11T01:46:18.309+0000] {dag.py:2585} INFO - Sync 1 DAGs
[2023-01-11T01:46:18.341+0000] {logging_mixin.py:120} INFO - [2023-01-11T01:46:18.341+0000] {dag.py:3340} INFO - Setting next_dagrun for producer to 2023-01-11T00:00:00+00:00, run_after=2023-01-12T00:00:00+00:00
[2023-01-11T01:46:18.372+0000] {processor.py:176} INFO - Processing /opt/airflow/dags/producer.py took 0.151 seconds
