[2023-01-11T01:09:30.484+0000] {processor.py:154} INFO - Started process (PID=17319) to work on /opt/airflow/dags/user_processing.py
[2023-01-11T01:09:30.486+0000] {processor.py:756} INFO - Processing file /opt/airflow/dags/user_processing.py for tasks to queue
[2023-01-11T01:09:30.488+0000] {logging_mixin.py:120} INFO - [2023-01-11T01:09:30.488+0000] {dagbag.py:537} INFO - Filling up the DagBag from /opt/airflow/dags/user_processing.py
[2023-01-11T01:09:32.359+0000] {processor.py:766} INFO - DAG(s) dict_keys(['user_processing']) retrieved from /opt/airflow/dags/user_processing.py
[2023-01-11T01:09:32.949+0000] {logging_mixin.py:120} INFO - [2023-01-11T01:09:32.938+0000] {dag.py:2585} INFO - Sync 1 DAGs
[2023-01-11T01:09:33.085+0000] {logging_mixin.py:120} INFO - [2023-01-11T01:09:33.084+0000] {dag.py:3340} INFO - Setting next_dagrun for user_processing to 2023-01-11T00:00:00+00:00, run_after=2023-01-12T00:00:00+00:00
[2023-01-11T01:09:34.245+0000] {processor.py:176} INFO - Processing /opt/airflow/dags/user_processing.py took 3.791 seconds
[2023-01-11T01:10:05.023+0000] {processor.py:154} INFO - Started process (PID=17380) to work on /opt/airflow/dags/user_processing.py
[2023-01-11T01:10:05.024+0000] {processor.py:756} INFO - Processing file /opt/airflow/dags/user_processing.py for tasks to queue
[2023-01-11T01:10:05.025+0000] {logging_mixin.py:120} INFO - [2023-01-11T01:10:05.024+0000] {dagbag.py:537} INFO - Filling up the DagBag from /opt/airflow/dags/user_processing.py
[2023-01-11T01:10:05.581+0000] {processor.py:766} INFO - DAG(s) dict_keys(['user_processing']) retrieved from /opt/airflow/dags/user_processing.py
[2023-01-11T01:10:05.777+0000] {logging_mixin.py:120} INFO - [2023-01-11T01:10:05.777+0000] {dag.py:2585} INFO - Sync 1 DAGs
[2023-01-11T01:10:05.815+0000] {logging_mixin.py:120} INFO - [2023-01-11T01:10:05.815+0000] {dag.py:3340} INFO - Setting next_dagrun for user_processing to 2023-01-11T00:00:00+00:00, run_after=2023-01-12T00:00:00+00:00
[2023-01-11T01:10:05.851+0000] {processor.py:176} INFO - Processing /opt/airflow/dags/user_processing.py took 0.834 seconds
[2023-01-11T01:10:36.431+0000] {processor.py:154} INFO - Started process (PID=17449) to work on /opt/airflow/dags/user_processing.py
[2023-01-11T01:10:36.433+0000] {processor.py:756} INFO - Processing file /opt/airflow/dags/user_processing.py for tasks to queue
[2023-01-11T01:10:36.435+0000] {logging_mixin.py:120} INFO - [2023-01-11T01:10:36.434+0000] {dagbag.py:537} INFO - Filling up the DagBag from /opt/airflow/dags/user_processing.py
[2023-01-11T01:10:37.617+0000] {processor.py:766} INFO - DAG(s) dict_keys(['user_processing']) retrieved from /opt/airflow/dags/user_processing.py
[2023-01-11T01:10:38.184+0000] {logging_mixin.py:120} INFO - [2023-01-11T01:10:38.183+0000] {dag.py:2585} INFO - Sync 1 DAGs
[2023-01-11T01:10:38.261+0000] {logging_mixin.py:120} INFO - [2023-01-11T01:10:38.259+0000] {dag.py:3340} INFO - Setting next_dagrun for user_processing to 2023-01-11T00:00:00+00:00, run_after=2023-01-12T00:00:00+00:00
[2023-01-11T01:10:38.325+0000] {processor.py:176} INFO - Processing /opt/airflow/dags/user_processing.py took 1.900 seconds
[2023-01-11T01:11:09.068+0000] {processor.py:154} INFO - Started process (PID=17510) to work on /opt/airflow/dags/user_processing.py
[2023-01-11T01:11:09.069+0000] {processor.py:756} INFO - Processing file /opt/airflow/dags/user_processing.py for tasks to queue
[2023-01-11T01:11:09.070+0000] {logging_mixin.py:120} INFO - [2023-01-11T01:11:09.070+0000] {dagbag.py:537} INFO - Filling up the DagBag from /opt/airflow/dags/user_processing.py
[2023-01-11T01:11:09.711+0000] {processor.py:766} INFO - DAG(s) dict_keys(['user_processing']) retrieved from /opt/airflow/dags/user_processing.py
[2023-01-11T01:11:09.988+0000] {logging_mixin.py:120} INFO - [2023-01-11T01:11:09.987+0000] {dag.py:2585} INFO - Sync 1 DAGs
[2023-01-11T01:11:10.025+0000] {logging_mixin.py:120} INFO - [2023-01-11T01:11:10.025+0000] {dag.py:3340} INFO - Setting next_dagrun for user_processing to 2023-01-11T00:00:00+00:00, run_after=2023-01-12T00:00:00+00:00
[2023-01-11T01:11:10.061+0000] {processor.py:176} INFO - Processing /opt/airflow/dags/user_processing.py took 0.998 seconds
[2023-01-11T01:11:40.931+0000] {processor.py:154} INFO - Started process (PID=17580) to work on /opt/airflow/dags/user_processing.py
[2023-01-11T01:11:40.933+0000] {processor.py:756} INFO - Processing file /opt/airflow/dags/user_processing.py for tasks to queue
[2023-01-11T01:11:40.936+0000] {logging_mixin.py:120} INFO - [2023-01-11T01:11:40.935+0000] {dagbag.py:537} INFO - Filling up the DagBag from /opt/airflow/dags/user_processing.py
[2023-01-11T01:11:41.894+0000] {processor.py:766} INFO - DAG(s) dict_keys(['user_processing']) retrieved from /opt/airflow/dags/user_processing.py
[2023-01-11T01:11:42.304+0000] {logging_mixin.py:120} INFO - [2023-01-11T01:11:42.303+0000] {dag.py:2585} INFO - Sync 1 DAGs
[2023-01-11T01:11:42.362+0000] {logging_mixin.py:120} INFO - [2023-01-11T01:11:42.361+0000] {dag.py:3340} INFO - Setting next_dagrun for user_processing to 2023-01-11T00:00:00+00:00, run_after=2023-01-12T00:00:00+00:00
[2023-01-11T01:11:42.411+0000] {processor.py:176} INFO - Processing /opt/airflow/dags/user_processing.py took 1.491 seconds
[2023-01-11T01:12:12.631+0000] {processor.py:154} INFO - Started process (PID=17651) to work on /opt/airflow/dags/user_processing.py
[2023-01-11T01:12:12.632+0000] {processor.py:756} INFO - Processing file /opt/airflow/dags/user_processing.py for tasks to queue
[2023-01-11T01:12:12.634+0000] {logging_mixin.py:120} INFO - [2023-01-11T01:12:12.634+0000] {dagbag.py:537} INFO - Filling up the DagBag from /opt/airflow/dags/user_processing.py
[2023-01-11T01:12:13.481+0000] {processor.py:766} INFO - DAG(s) dict_keys(['user_processing']) retrieved from /opt/airflow/dags/user_processing.py
[2023-01-11T01:12:13.718+0000] {logging_mixin.py:120} INFO - [2023-01-11T01:12:13.718+0000] {dag.py:2585} INFO - Sync 1 DAGs
[2023-01-11T01:12:13.747+0000] {logging_mixin.py:120} INFO - [2023-01-11T01:12:13.747+0000] {dag.py:3340} INFO - Setting next_dagrun for user_processing to 2023-01-11T00:00:00+00:00, run_after=2023-01-12T00:00:00+00:00
[2023-01-11T01:12:13.772+0000] {processor.py:176} INFO - Processing /opt/airflow/dags/user_processing.py took 1.147 seconds
[2023-01-11T01:12:44.301+0000] {processor.py:154} INFO - Started process (PID=17713) to work on /opt/airflow/dags/user_processing.py
[2023-01-11T01:12:44.303+0000] {processor.py:756} INFO - Processing file /opt/airflow/dags/user_processing.py for tasks to queue
[2023-01-11T01:12:44.305+0000] {logging_mixin.py:120} INFO - [2023-01-11T01:12:44.304+0000] {dagbag.py:537} INFO - Filling up the DagBag from /opt/airflow/dags/user_processing.py
[2023-01-11T01:12:45.362+0000] {processor.py:766} INFO - DAG(s) dict_keys(['user_processing']) retrieved from /opt/airflow/dags/user_processing.py
[2023-01-11T01:12:45.747+0000] {logging_mixin.py:120} INFO - [2023-01-11T01:12:45.746+0000] {dag.py:2585} INFO - Sync 1 DAGs
[2023-01-11T01:12:45.785+0000] {logging_mixin.py:120} INFO - [2023-01-11T01:12:45.784+0000] {dag.py:3340} INFO - Setting next_dagrun for user_processing to 2023-01-11T00:00:00+00:00, run_after=2023-01-12T00:00:00+00:00
[2023-01-11T01:12:45.815+0000] {processor.py:176} INFO - Processing /opt/airflow/dags/user_processing.py took 1.522 seconds
[2023-01-11T01:13:15.917+0000] {processor.py:154} INFO - Started process (PID=17779) to work on /opt/airflow/dags/user_processing.py
[2023-01-11T01:13:15.919+0000] {processor.py:756} INFO - Processing file /opt/airflow/dags/user_processing.py for tasks to queue
[2023-01-11T01:13:15.921+0000] {logging_mixin.py:120} INFO - [2023-01-11T01:13:15.921+0000] {dagbag.py:537} INFO - Filling up the DagBag from /opt/airflow/dags/user_processing.py
[2023-01-11T01:13:16.361+0000] {processor.py:766} INFO - DAG(s) dict_keys(['user_processing']) retrieved from /opt/airflow/dags/user_processing.py
[2023-01-11T01:13:16.567+0000] {logging_mixin.py:120} INFO - [2023-01-11T01:13:16.566+0000] {dag.py:2585} INFO - Sync 1 DAGs
[2023-01-11T01:13:16.604+0000] {logging_mixin.py:120} INFO - [2023-01-11T01:13:16.604+0000] {dag.py:3340} INFO - Setting next_dagrun for user_processing to 2023-01-11T00:00:00+00:00, run_after=2023-01-12T00:00:00+00:00
[2023-01-11T01:13:16.628+0000] {processor.py:176} INFO - Processing /opt/airflow/dags/user_processing.py took 0.714 seconds
[2023-01-11T01:13:47.320+0000] {processor.py:154} INFO - Started process (PID=17850) to work on /opt/airflow/dags/user_processing.py
[2023-01-11T01:13:47.320+0000] {processor.py:756} INFO - Processing file /opt/airflow/dags/user_processing.py for tasks to queue
[2023-01-11T01:13:47.323+0000] {logging_mixin.py:120} INFO - [2023-01-11T01:13:47.322+0000] {dagbag.py:537} INFO - Filling up the DagBag from /opt/airflow/dags/user_processing.py
[2023-01-11T01:13:47.757+0000] {processor.py:766} INFO - DAG(s) dict_keys(['user_processing']) retrieved from /opt/airflow/dags/user_processing.py
[2023-01-11T01:13:47.926+0000] {logging_mixin.py:120} INFO - [2023-01-11T01:13:47.925+0000] {dag.py:2585} INFO - Sync 1 DAGs
[2023-01-11T01:13:47.956+0000] {logging_mixin.py:120} INFO - [2023-01-11T01:13:47.956+0000] {dag.py:3340} INFO - Setting next_dagrun for user_processing to 2023-01-11T00:00:00+00:00, run_after=2023-01-12T00:00:00+00:00
[2023-01-11T01:13:47.984+0000] {processor.py:176} INFO - Processing /opt/airflow/dags/user_processing.py took 0.667 seconds
[2023-01-11T01:14:18.056+0000] {processor.py:154} INFO - Started process (PID=17918) to work on /opt/airflow/dags/user_processing.py
[2023-01-11T01:14:18.058+0000] {processor.py:756} INFO - Processing file /opt/airflow/dags/user_processing.py for tasks to queue
[2023-01-11T01:14:18.061+0000] {logging_mixin.py:120} INFO - [2023-01-11T01:14:18.060+0000] {dagbag.py:537} INFO - Filling up the DagBag from /opt/airflow/dags/user_processing.py
[2023-01-11T01:14:18.633+0000] {processor.py:766} INFO - DAG(s) dict_keys(['user_processing']) retrieved from /opt/airflow/dags/user_processing.py
[2023-01-11T01:14:18.919+0000] {logging_mixin.py:120} INFO - [2023-01-11T01:14:18.919+0000] {dag.py:2585} INFO - Sync 1 DAGs
[2023-01-11T01:14:18.960+0000] {logging_mixin.py:120} INFO - [2023-01-11T01:14:18.959+0000] {dag.py:3340} INFO - Setting next_dagrun for user_processing to 2023-01-11T00:00:00+00:00, run_after=2023-01-12T00:00:00+00:00
[2023-01-11T01:14:18.996+0000] {processor.py:176} INFO - Processing /opt/airflow/dags/user_processing.py took 0.948 seconds
[2023-01-11T01:14:49.171+0000] {processor.py:154} INFO - Started process (PID=17978) to work on /opt/airflow/dags/user_processing.py
[2023-01-11T01:14:49.173+0000] {processor.py:756} INFO - Processing file /opt/airflow/dags/user_processing.py for tasks to queue
[2023-01-11T01:14:49.174+0000] {logging_mixin.py:120} INFO - [2023-01-11T01:14:49.174+0000] {dagbag.py:537} INFO - Filling up the DagBag from /opt/airflow/dags/user_processing.py
[2023-01-11T01:14:49.931+0000] {processor.py:766} INFO - DAG(s) dict_keys(['user_processing']) retrieved from /opt/airflow/dags/user_processing.py
[2023-01-11T01:14:50.305+0000] {logging_mixin.py:120} INFO - [2023-01-11T01:14:50.304+0000] {dag.py:2585} INFO - Sync 1 DAGs
[2023-01-11T01:14:50.371+0000] {logging_mixin.py:120} INFO - [2023-01-11T01:14:50.370+0000] {dag.py:3340} INFO - Setting next_dagrun for user_processing to 2023-01-11T00:00:00+00:00, run_after=2023-01-12T00:00:00+00:00
[2023-01-11T01:14:50.428+0000] {processor.py:176} INFO - Processing /opt/airflow/dags/user_processing.py took 1.264 seconds
[2023-01-11T01:15:20.737+0000] {processor.py:154} INFO - Started process (PID=18048) to work on /opt/airflow/dags/user_processing.py
[2023-01-11T01:15:20.739+0000] {processor.py:756} INFO - Processing file /opt/airflow/dags/user_processing.py for tasks to queue
[2023-01-11T01:15:20.741+0000] {logging_mixin.py:120} INFO - [2023-01-11T01:15:20.741+0000] {dagbag.py:537} INFO - Filling up the DagBag from /opt/airflow/dags/user_processing.py
[2023-01-11T01:15:21.422+0000] {processor.py:766} INFO - DAG(s) dict_keys(['user_processing']) retrieved from /opt/airflow/dags/user_processing.py
[2023-01-11T01:15:21.636+0000] {logging_mixin.py:120} INFO - [2023-01-11T01:15:21.636+0000] {dag.py:2585} INFO - Sync 1 DAGs
[2023-01-11T01:15:21.687+0000] {logging_mixin.py:120} INFO - [2023-01-11T01:15:21.687+0000] {dag.py:3340} INFO - Setting next_dagrun for user_processing to 2023-01-11T00:00:00+00:00, run_after=2023-01-12T00:00:00+00:00
[2023-01-11T01:15:21.727+0000] {processor.py:176} INFO - Processing /opt/airflow/dags/user_processing.py took 0.998 seconds
[2023-01-11T01:15:52.208+0000] {processor.py:154} INFO - Started process (PID=18109) to work on /opt/airflow/dags/user_processing.py
[2023-01-11T01:15:52.210+0000] {processor.py:756} INFO - Processing file /opt/airflow/dags/user_processing.py for tasks to queue
[2023-01-11T01:15:52.211+0000] {logging_mixin.py:120} INFO - [2023-01-11T01:15:52.211+0000] {dagbag.py:537} INFO - Filling up the DagBag from /opt/airflow/dags/user_processing.py
[2023-01-11T01:15:53.078+0000] {processor.py:766} INFO - DAG(s) dict_keys(['user_processing']) retrieved from /opt/airflow/dags/user_processing.py
[2023-01-11T01:15:53.436+0000] {logging_mixin.py:120} INFO - [2023-01-11T01:15:53.435+0000] {dag.py:2585} INFO - Sync 1 DAGs
[2023-01-11T01:15:53.532+0000] {logging_mixin.py:120} INFO - [2023-01-11T01:15:53.531+0000] {dag.py:3340} INFO - Setting next_dagrun for user_processing to 2023-01-11T00:00:00+00:00, run_after=2023-01-12T00:00:00+00:00
[2023-01-11T01:15:53.593+0000] {processor.py:176} INFO - Processing /opt/airflow/dags/user_processing.py took 1.390 seconds
[2023-01-11T01:16:24.022+0000] {processor.py:154} INFO - Started process (PID=18178) to work on /opt/airflow/dags/user_processing.py
[2023-01-11T01:16:24.023+0000] {processor.py:756} INFO - Processing file /opt/airflow/dags/user_processing.py for tasks to queue
[2023-01-11T01:16:24.025+0000] {logging_mixin.py:120} INFO - [2023-01-11T01:16:24.025+0000] {dagbag.py:537} INFO - Filling up the DagBag from /opt/airflow/dags/user_processing.py
[2023-01-11T01:16:24.843+0000] {processor.py:766} INFO - DAG(s) dict_keys(['user_processing']) retrieved from /opt/airflow/dags/user_processing.py
[2023-01-11T01:16:25.160+0000] {logging_mixin.py:120} INFO - [2023-01-11T01:16:25.159+0000] {dag.py:2585} INFO - Sync 1 DAGs
[2023-01-11T01:16:25.201+0000] {logging_mixin.py:120} INFO - [2023-01-11T01:16:25.201+0000] {dag.py:3340} INFO - Setting next_dagrun for user_processing to 2023-01-11T00:00:00+00:00, run_after=2023-01-12T00:00:00+00:00
[2023-01-11T01:16:25.244+0000] {processor.py:176} INFO - Processing /opt/airflow/dags/user_processing.py took 1.229 seconds
[2023-01-11T01:16:55.425+0000] {processor.py:154} INFO - Started process (PID=18245) to work on /opt/airflow/dags/user_processing.py
[2023-01-11T01:16:55.427+0000] {processor.py:756} INFO - Processing file /opt/airflow/dags/user_processing.py for tasks to queue
[2023-01-11T01:16:55.429+0000] {logging_mixin.py:120} INFO - [2023-01-11T01:16:55.429+0000] {dagbag.py:537} INFO - Filling up the DagBag from /opt/airflow/dags/user_processing.py
[2023-01-11T01:16:56.290+0000] {processor.py:766} INFO - DAG(s) dict_keys(['user_processing']) retrieved from /opt/airflow/dags/user_processing.py
[2023-01-11T01:16:56.494+0000] {logging_mixin.py:120} INFO - [2023-01-11T01:16:56.493+0000] {dag.py:2585} INFO - Sync 1 DAGs
[2023-01-11T01:16:56.529+0000] {logging_mixin.py:120} INFO - [2023-01-11T01:16:56.529+0000] {dag.py:3340} INFO - Setting next_dagrun for user_processing to 2023-01-11T00:00:00+00:00, run_after=2023-01-12T00:00:00+00:00
[2023-01-11T01:16:56.561+0000] {processor.py:176} INFO - Processing /opt/airflow/dags/user_processing.py took 1.143 seconds
[2023-01-11T01:17:26.834+0000] {processor.py:154} INFO - Started process (PID=18304) to work on /opt/airflow/dags/user_processing.py
[2023-01-11T01:17:26.835+0000] {processor.py:756} INFO - Processing file /opt/airflow/dags/user_processing.py for tasks to queue
[2023-01-11T01:17:26.836+0000] {logging_mixin.py:120} INFO - [2023-01-11T01:17:26.836+0000] {dagbag.py:537} INFO - Filling up the DagBag from /opt/airflow/dags/user_processing.py
[2023-01-11T01:17:27.354+0000] {processor.py:766} INFO - DAG(s) dict_keys(['user_processing']) retrieved from /opt/airflow/dags/user_processing.py
[2023-01-11T01:17:27.686+0000] {logging_mixin.py:120} INFO - [2023-01-11T01:17:27.685+0000] {dag.py:2585} INFO - Sync 1 DAGs
[2023-01-11T01:17:27.727+0000] {logging_mixin.py:120} INFO - [2023-01-11T01:17:27.727+0000] {dag.py:3340} INFO - Setting next_dagrun for user_processing to 2023-01-11T00:00:00+00:00, run_after=2023-01-12T00:00:00+00:00
[2023-01-11T01:17:27.762+0000] {processor.py:176} INFO - Processing /opt/airflow/dags/user_processing.py took 0.933 seconds
[2023-01-11T01:17:58.222+0000] {processor.py:154} INFO - Started process (PID=18372) to work on /opt/airflow/dags/user_processing.py
[2023-01-11T01:17:58.224+0000] {processor.py:756} INFO - Processing file /opt/airflow/dags/user_processing.py for tasks to queue
[2023-01-11T01:17:58.226+0000] {logging_mixin.py:120} INFO - [2023-01-11T01:17:58.226+0000] {dagbag.py:537} INFO - Filling up the DagBag from /opt/airflow/dags/user_processing.py
[2023-01-11T01:17:59.056+0000] {processor.py:766} INFO - DAG(s) dict_keys(['user_processing']) retrieved from /opt/airflow/dags/user_processing.py
[2023-01-11T01:17:59.417+0000] {logging_mixin.py:120} INFO - [2023-01-11T01:17:59.416+0000] {dag.py:2585} INFO - Sync 1 DAGs
[2023-01-11T01:17:59.464+0000] {logging_mixin.py:120} INFO - [2023-01-11T01:17:59.464+0000] {dag.py:3340} INFO - Setting next_dagrun for user_processing to 2023-01-11T00:00:00+00:00, run_after=2023-01-12T00:00:00+00:00
[2023-01-11T01:17:59.508+0000] {processor.py:176} INFO - Processing /opt/airflow/dags/user_processing.py took 1.297 seconds
[2023-01-11T01:18:29.753+0000] {processor.py:154} INFO - Started process (PID=18434) to work on /opt/airflow/dags/user_processing.py
[2023-01-11T01:18:29.754+0000] {processor.py:756} INFO - Processing file /opt/airflow/dags/user_processing.py for tasks to queue
[2023-01-11T01:18:29.757+0000] {logging_mixin.py:120} INFO - [2023-01-11T01:18:29.756+0000] {dagbag.py:537} INFO - Filling up the DagBag from /opt/airflow/dags/user_processing.py
[2023-01-11T01:18:30.364+0000] {processor.py:766} INFO - DAG(s) dict_keys(['user_processing']) retrieved from /opt/airflow/dags/user_processing.py
[2023-01-11T01:18:30.550+0000] {logging_mixin.py:120} INFO - [2023-01-11T01:18:30.550+0000] {dag.py:2585} INFO - Sync 1 DAGs
[2023-01-11T01:18:30.593+0000] {logging_mixin.py:120} INFO - [2023-01-11T01:18:30.593+0000] {dag.py:3340} INFO - Setting next_dagrun for user_processing to 2023-01-11T00:00:00+00:00, run_after=2023-01-12T00:00:00+00:00
[2023-01-11T01:18:30.637+0000] {processor.py:176} INFO - Processing /opt/airflow/dags/user_processing.py took 0.889 seconds
[2023-01-11T01:19:00.838+0000] {processor.py:154} INFO - Started process (PID=18501) to work on /opt/airflow/dags/user_processing.py
[2023-01-11T01:19:00.839+0000] {processor.py:756} INFO - Processing file /opt/airflow/dags/user_processing.py for tasks to queue
[2023-01-11T01:19:00.841+0000] {logging_mixin.py:120} INFO - [2023-01-11T01:19:00.841+0000] {dagbag.py:537} INFO - Filling up the DagBag from /opt/airflow/dags/user_processing.py
[2023-01-11T01:19:01.620+0000] {processor.py:766} INFO - DAG(s) dict_keys(['user_processing']) retrieved from /opt/airflow/dags/user_processing.py
[2023-01-11T01:19:01.919+0000] {logging_mixin.py:120} INFO - [2023-01-11T01:19:01.919+0000] {dag.py:2585} INFO - Sync 1 DAGs
[2023-01-11T01:19:01.986+0000] {logging_mixin.py:120} INFO - [2023-01-11T01:19:01.986+0000] {dag.py:3340} INFO - Setting next_dagrun for user_processing to 2023-01-11T00:00:00+00:00, run_after=2023-01-12T00:00:00+00:00
[2023-01-11T01:19:02.047+0000] {processor.py:176} INFO - Processing /opt/airflow/dags/user_processing.py took 1.216 seconds
[2023-01-11T01:19:32.495+0000] {processor.py:154} INFO - Started process (PID=18568) to work on /opt/airflow/dags/user_processing.py
[2023-01-11T01:19:32.496+0000] {processor.py:756} INFO - Processing file /opt/airflow/dags/user_processing.py for tasks to queue
[2023-01-11T01:19:32.497+0000] {logging_mixin.py:120} INFO - [2023-01-11T01:19:32.497+0000] {dagbag.py:537} INFO - Filling up the DagBag from /opt/airflow/dags/user_processing.py
[2023-01-11T01:19:33.238+0000] {processor.py:766} INFO - DAG(s) dict_keys(['user_processing']) retrieved from /opt/airflow/dags/user_processing.py
[2023-01-11T01:19:33.699+0000] {logging_mixin.py:120} INFO - [2023-01-11T01:19:33.699+0000] {dag.py:2585} INFO - Sync 1 DAGs
[2023-01-11T01:19:33.742+0000] {logging_mixin.py:120} INFO - [2023-01-11T01:19:33.742+0000] {dag.py:3340} INFO - Setting next_dagrun for user_processing to 2023-01-11T00:00:00+00:00, run_after=2023-01-12T00:00:00+00:00
[2023-01-11T01:19:33.778+0000] {processor.py:176} INFO - Processing /opt/airflow/dags/user_processing.py took 1.288 seconds
[2023-01-11T01:20:04.721+0000] {processor.py:154} INFO - Started process (PID=18626) to work on /opt/airflow/dags/user_processing.py
[2023-01-11T01:20:04.722+0000] {processor.py:756} INFO - Processing file /opt/airflow/dags/user_processing.py for tasks to queue
[2023-01-11T01:20:04.724+0000] {logging_mixin.py:120} INFO - [2023-01-11T01:20:04.723+0000] {dagbag.py:537} INFO - Filling up the DagBag from /opt/airflow/dags/user_processing.py
[2023-01-11T01:20:05.329+0000] {processor.py:766} INFO - DAG(s) dict_keys(['user_processing']) retrieved from /opt/airflow/dags/user_processing.py
[2023-01-11T01:20:05.684+0000] {logging_mixin.py:120} INFO - [2023-01-11T01:20:05.683+0000] {dag.py:2585} INFO - Sync 1 DAGs
[2023-01-11T01:20:05.732+0000] {logging_mixin.py:120} INFO - [2023-01-11T01:20:05.732+0000] {dag.py:3340} INFO - Setting next_dagrun for user_processing to 2023-01-11T00:00:00+00:00, run_after=2023-01-12T00:00:00+00:00
[2023-01-11T01:20:05.787+0000] {processor.py:176} INFO - Processing /opt/airflow/dags/user_processing.py took 1.070 seconds
[2023-01-11T01:20:36.457+0000] {processor.py:154} INFO - Started process (PID=18693) to work on /opt/airflow/dags/user_processing.py
[2023-01-11T01:20:36.458+0000] {processor.py:756} INFO - Processing file /opt/airflow/dags/user_processing.py for tasks to queue
[2023-01-11T01:20:36.460+0000] {logging_mixin.py:120} INFO - [2023-01-11T01:20:36.460+0000] {dagbag.py:537} INFO - Filling up the DagBag from /opt/airflow/dags/user_processing.py
[2023-01-11T01:20:37.024+0000] {processor.py:766} INFO - DAG(s) dict_keys(['user_processing']) retrieved from /opt/airflow/dags/user_processing.py
[2023-01-11T01:20:37.178+0000] {logging_mixin.py:120} INFO - [2023-01-11T01:20:37.178+0000] {dag.py:2585} INFO - Sync 1 DAGs
[2023-01-11T01:20:37.200+0000] {logging_mixin.py:120} INFO - [2023-01-11T01:20:37.199+0000] {dag.py:3340} INFO - Setting next_dagrun for user_processing to 2023-01-11T00:00:00+00:00, run_after=2023-01-12T00:00:00+00:00
[2023-01-11T01:20:37.223+0000] {processor.py:176} INFO - Processing /opt/airflow/dags/user_processing.py took 0.769 seconds
[2023-01-11T01:21:07.793+0000] {processor.py:154} INFO - Started process (PID=18760) to work on /opt/airflow/dags/user_processing.py
[2023-01-11T01:21:07.794+0000] {processor.py:756} INFO - Processing file /opt/airflow/dags/user_processing.py for tasks to queue
[2023-01-11T01:21:07.796+0000] {logging_mixin.py:120} INFO - [2023-01-11T01:21:07.796+0000] {dagbag.py:537} INFO - Filling up the DagBag from /opt/airflow/dags/user_processing.py
[2023-01-11T01:21:08.343+0000] {processor.py:766} INFO - DAG(s) dict_keys(['user_processing']) retrieved from /opt/airflow/dags/user_processing.py
[2023-01-11T01:21:08.551+0000] {logging_mixin.py:120} INFO - [2023-01-11T01:21:08.550+0000] {dag.py:2585} INFO - Sync 1 DAGs
[2023-01-11T01:21:08.601+0000] {logging_mixin.py:120} INFO - [2023-01-11T01:21:08.600+0000] {dag.py:3340} INFO - Setting next_dagrun for user_processing to 2023-01-11T00:00:00+00:00, run_after=2023-01-12T00:00:00+00:00
[2023-01-11T01:21:08.652+0000] {processor.py:176} INFO - Processing /opt/airflow/dags/user_processing.py took 0.865 seconds
[2023-01-11T01:21:39.320+0000] {processor.py:154} INFO - Started process (PID=18818) to work on /opt/airflow/dags/user_processing.py
[2023-01-11T01:21:39.322+0000] {processor.py:756} INFO - Processing file /opt/airflow/dags/user_processing.py for tasks to queue
[2023-01-11T01:21:39.325+0000] {logging_mixin.py:120} INFO - [2023-01-11T01:21:39.324+0000] {dagbag.py:537} INFO - Filling up the DagBag from /opt/airflow/dags/user_processing.py
[2023-01-11T01:21:39.868+0000] {processor.py:766} INFO - DAG(s) dict_keys(['user_processing']) retrieved from /opt/airflow/dags/user_processing.py
[2023-01-11T01:21:40.111+0000] {logging_mixin.py:120} INFO - [2023-01-11T01:21:40.110+0000] {dag.py:2585} INFO - Sync 1 DAGs
[2023-01-11T01:21:40.139+0000] {logging_mixin.py:120} INFO - [2023-01-11T01:21:40.139+0000] {dag.py:3340} INFO - Setting next_dagrun for user_processing to 2023-01-11T00:00:00+00:00, run_after=2023-01-12T00:00:00+00:00
[2023-01-11T01:21:40.169+0000] {processor.py:176} INFO - Processing /opt/airflow/dags/user_processing.py took 0.856 seconds
[2023-01-11T01:22:10.824+0000] {processor.py:154} INFO - Started process (PID=18885) to work on /opt/airflow/dags/user_processing.py
[2023-01-11T01:22:10.826+0000] {processor.py:756} INFO - Processing file /opt/airflow/dags/user_processing.py for tasks to queue
[2023-01-11T01:22:10.827+0000] {logging_mixin.py:120} INFO - [2023-01-11T01:22:10.827+0000] {dagbag.py:537} INFO - Filling up the DagBag from /opt/airflow/dags/user_processing.py
[2023-01-11T01:22:11.355+0000] {processor.py:766} INFO - DAG(s) dict_keys(['user_processing']) retrieved from /opt/airflow/dags/user_processing.py
[2023-01-11T01:22:11.555+0000] {logging_mixin.py:120} INFO - [2023-01-11T01:22:11.554+0000] {dag.py:2585} INFO - Sync 1 DAGs
[2023-01-11T01:22:11.588+0000] {logging_mixin.py:120} INFO - [2023-01-11T01:22:11.588+0000] {dag.py:3340} INFO - Setting next_dagrun for user_processing to 2023-01-11T00:00:00+00:00, run_after=2023-01-12T00:00:00+00:00
[2023-01-11T01:22:11.611+0000] {processor.py:176} INFO - Processing /opt/airflow/dags/user_processing.py took 0.792 seconds
[2023-01-11T01:22:41.778+0000] {processor.py:154} INFO - Started process (PID=18950) to work on /opt/airflow/dags/user_processing.py
[2023-01-11T01:22:41.780+0000] {processor.py:756} INFO - Processing file /opt/airflow/dags/user_processing.py for tasks to queue
[2023-01-11T01:22:41.784+0000] {logging_mixin.py:120} INFO - [2023-01-11T01:22:41.784+0000] {dagbag.py:537} INFO - Filling up the DagBag from /opt/airflow/dags/user_processing.py
[2023-01-11T01:22:42.941+0000] {processor.py:766} INFO - DAG(s) dict_keys(['user_processing']) retrieved from /opt/airflow/dags/user_processing.py
[2023-01-11T01:22:43.723+0000] {logging_mixin.py:120} INFO - [2023-01-11T01:22:43.722+0000] {dag.py:2585} INFO - Sync 1 DAGs
[2023-01-11T01:22:43.818+0000] {logging_mixin.py:120} INFO - [2023-01-11T01:22:43.818+0000] {dag.py:3340} INFO - Setting next_dagrun for user_processing to 2023-01-11T00:00:00+00:00, run_after=2023-01-12T00:00:00+00:00
[2023-01-11T01:22:43.895+0000] {processor.py:176} INFO - Processing /opt/airflow/dags/user_processing.py took 2.125 seconds
[2023-01-11T01:23:14.596+0000] {processor.py:154} INFO - Started process (PID=19010) to work on /opt/airflow/dags/user_processing.py
[2023-01-11T01:23:14.597+0000] {processor.py:756} INFO - Processing file /opt/airflow/dags/user_processing.py for tasks to queue
[2023-01-11T01:23:14.599+0000] {logging_mixin.py:120} INFO - [2023-01-11T01:23:14.599+0000] {dagbag.py:537} INFO - Filling up the DagBag from /opt/airflow/dags/user_processing.py
[2023-01-11T01:23:15.333+0000] {processor.py:766} INFO - DAG(s) dict_keys(['user_processing']) retrieved from /opt/airflow/dags/user_processing.py
[2023-01-11T01:23:15.540+0000] {logging_mixin.py:120} INFO - [2023-01-11T01:23:15.539+0000] {dag.py:2585} INFO - Sync 1 DAGs
[2023-01-11T01:23:15.567+0000] {logging_mixin.py:120} INFO - [2023-01-11T01:23:15.567+0000] {dag.py:3340} INFO - Setting next_dagrun for user_processing to 2023-01-11T00:00:00+00:00, run_after=2023-01-12T00:00:00+00:00
[2023-01-11T01:23:15.591+0000] {processor.py:176} INFO - Processing /opt/airflow/dags/user_processing.py took 1.001 seconds
[2023-01-11T01:23:46.503+0000] {processor.py:154} INFO - Started process (PID=19077) to work on /opt/airflow/dags/user_processing.py
[2023-01-11T01:23:46.505+0000] {processor.py:756} INFO - Processing file /opt/airflow/dags/user_processing.py for tasks to queue
[2023-01-11T01:23:46.507+0000] {logging_mixin.py:120} INFO - [2023-01-11T01:23:46.507+0000] {dagbag.py:537} INFO - Filling up the DagBag from /opt/airflow/dags/user_processing.py
[2023-01-11T01:23:47.509+0000] {processor.py:766} INFO - DAG(s) dict_keys(['user_processing']) retrieved from /opt/airflow/dags/user_processing.py
[2023-01-11T01:23:47.883+0000] {logging_mixin.py:120} INFO - [2023-01-11T01:23:47.881+0000] {dag.py:2585} INFO - Sync 1 DAGs
[2023-01-11T01:23:47.945+0000] {logging_mixin.py:120} INFO - [2023-01-11T01:23:47.945+0000] {dag.py:3340} INFO - Setting next_dagrun for user_processing to 2023-01-11T00:00:00+00:00, run_after=2023-01-12T00:00:00+00:00
[2023-01-11T01:23:47.985+0000] {processor.py:176} INFO - Processing /opt/airflow/dags/user_processing.py took 1.490 seconds
[2023-01-11T01:24:18.074+0000] {processor.py:154} INFO - Started process (PID=19135) to work on /opt/airflow/dags/user_processing.py
[2023-01-11T01:24:18.075+0000] {processor.py:756} INFO - Processing file /opt/airflow/dags/user_processing.py for tasks to queue
[2023-01-11T01:24:18.076+0000] {logging_mixin.py:120} INFO - [2023-01-11T01:24:18.076+0000] {dagbag.py:537} INFO - Filling up the DagBag from /opt/airflow/dags/user_processing.py
[2023-01-11T01:24:18.608+0000] {processor.py:766} INFO - DAG(s) dict_keys(['user_processing']) retrieved from /opt/airflow/dags/user_processing.py
[2023-01-11T01:24:18.812+0000] {logging_mixin.py:120} INFO - [2023-01-11T01:24:18.812+0000] {dag.py:2585} INFO - Sync 1 DAGs
[2023-01-11T01:24:18.842+0000] {logging_mixin.py:120} INFO - [2023-01-11T01:24:18.842+0000] {dag.py:3340} INFO - Setting next_dagrun for user_processing to 2023-01-11T00:00:00+00:00, run_after=2023-01-12T00:00:00+00:00
[2023-01-11T01:24:18.866+0000] {processor.py:176} INFO - Processing /opt/airflow/dags/user_processing.py took 0.795 seconds
[2023-01-11T01:24:49.566+0000] {processor.py:154} INFO - Started process (PID=19203) to work on /opt/airflow/dags/user_processing.py
[2023-01-11T01:24:49.567+0000] {processor.py:756} INFO - Processing file /opt/airflow/dags/user_processing.py for tasks to queue
[2023-01-11T01:24:49.568+0000] {logging_mixin.py:120} INFO - [2023-01-11T01:24:49.567+0000] {dagbag.py:537} INFO - Filling up the DagBag from /opt/airflow/dags/user_processing.py
[2023-01-11T01:24:50.112+0000] {processor.py:766} INFO - DAG(s) dict_keys(['user_processing']) retrieved from /opt/airflow/dags/user_processing.py
[2023-01-11T01:24:50.484+0000] {logging_mixin.py:120} INFO - [2023-01-11T01:24:50.482+0000] {dag.py:2585} INFO - Sync 1 DAGs
[2023-01-11T01:24:50.575+0000] {logging_mixin.py:120} INFO - [2023-01-11T01:24:50.574+0000] {dag.py:3340} INFO - Setting next_dagrun for user_processing to 2023-01-11T00:00:00+00:00, run_after=2023-01-12T00:00:00+00:00
[2023-01-11T01:24:50.625+0000] {processor.py:176} INFO - Processing /opt/airflow/dags/user_processing.py took 1.063 seconds
[2023-01-11T01:25:20.834+0000] {processor.py:154} INFO - Started process (PID=19261) to work on /opt/airflow/dags/user_processing.py
[2023-01-11T01:25:20.835+0000] {processor.py:756} INFO - Processing file /opt/airflow/dags/user_processing.py for tasks to queue
[2023-01-11T01:25:20.837+0000] {logging_mixin.py:120} INFO - [2023-01-11T01:25:20.836+0000] {dagbag.py:537} INFO - Filling up the DagBag from /opt/airflow/dags/user_processing.py
[2023-01-11T01:25:21.268+0000] {processor.py:766} INFO - DAG(s) dict_keys(['user_processing']) retrieved from /opt/airflow/dags/user_processing.py
[2023-01-11T01:25:21.455+0000] {logging_mixin.py:120} INFO - [2023-01-11T01:25:21.454+0000] {dag.py:2585} INFO - Sync 1 DAGs
[2023-01-11T01:25:21.482+0000] {logging_mixin.py:120} INFO - [2023-01-11T01:25:21.482+0000] {dag.py:3340} INFO - Setting next_dagrun for user_processing to 2023-01-11T00:00:00+00:00, run_after=2023-01-12T00:00:00+00:00
[2023-01-11T01:25:21.504+0000] {processor.py:176} INFO - Processing /opt/airflow/dags/user_processing.py took 0.673 seconds
[2023-01-11T01:25:51.616+0000] {processor.py:154} INFO - Started process (PID=19328) to work on /opt/airflow/dags/user_processing.py
[2023-01-11T01:25:51.618+0000] {processor.py:756} INFO - Processing file /opt/airflow/dags/user_processing.py for tasks to queue
[2023-01-11T01:25:51.620+0000] {logging_mixin.py:120} INFO - [2023-01-11T01:25:51.619+0000] {dagbag.py:537} INFO - Filling up the DagBag from /opt/airflow/dags/user_processing.py
[2023-01-11T01:25:52.203+0000] {processor.py:766} INFO - DAG(s) dict_keys(['user_processing']) retrieved from /opt/airflow/dags/user_processing.py
[2023-01-11T01:25:52.386+0000] {logging_mixin.py:120} INFO - [2023-01-11T01:25:52.385+0000] {dag.py:2585} INFO - Sync 1 DAGs
[2023-01-11T01:25:52.411+0000] {logging_mixin.py:120} INFO - [2023-01-11T01:25:52.411+0000] {dag.py:3340} INFO - Setting next_dagrun for user_processing to 2023-01-11T00:00:00+00:00, run_after=2023-01-12T00:00:00+00:00
[2023-01-11T01:25:52.430+0000] {processor.py:176} INFO - Processing /opt/airflow/dags/user_processing.py took 0.822 seconds
[2023-01-11T01:26:23.565+0000] {processor.py:154} INFO - Started process (PID=19388) to work on /opt/airflow/dags/user_processing.py
[2023-01-11T01:26:23.566+0000] {processor.py:756} INFO - Processing file /opt/airflow/dags/user_processing.py for tasks to queue
[2023-01-11T01:26:23.567+0000] {logging_mixin.py:120} INFO - [2023-01-11T01:26:23.567+0000] {dagbag.py:537} INFO - Filling up the DagBag from /opt/airflow/dags/user_processing.py
[2023-01-11T01:26:24.055+0000] {processor.py:766} INFO - DAG(s) dict_keys(['user_processing']) retrieved from /opt/airflow/dags/user_processing.py
[2023-01-11T01:26:24.220+0000] {logging_mixin.py:120} INFO - [2023-01-11T01:26:24.220+0000] {dag.py:2585} INFO - Sync 1 DAGs
[2023-01-11T01:26:24.245+0000] {logging_mixin.py:120} INFO - [2023-01-11T01:26:24.245+0000] {dag.py:3340} INFO - Setting next_dagrun for user_processing to 2023-01-11T00:00:00+00:00, run_after=2023-01-12T00:00:00+00:00
[2023-01-11T01:26:24.264+0000] {processor.py:176} INFO - Processing /opt/airflow/dags/user_processing.py took 0.702 seconds
[2023-01-11T01:26:54.418+0000] {processor.py:154} INFO - Started process (PID=19455) to work on /opt/airflow/dags/user_processing.py
[2023-01-11T01:26:54.419+0000] {processor.py:756} INFO - Processing file /opt/airflow/dags/user_processing.py for tasks to queue
[2023-01-11T01:26:54.420+0000] {logging_mixin.py:120} INFO - [2023-01-11T01:26:54.420+0000] {dagbag.py:537} INFO - Filling up the DagBag from /opt/airflow/dags/user_processing.py
[2023-01-11T01:26:54.897+0000] {processor.py:766} INFO - DAG(s) dict_keys(['user_processing']) retrieved from /opt/airflow/dags/user_processing.py
[2023-01-11T01:26:55.178+0000] {logging_mixin.py:120} INFO - [2023-01-11T01:26:55.178+0000] {dag.py:2585} INFO - Sync 1 DAGs
[2023-01-11T01:26:55.205+0000] {logging_mixin.py:120} INFO - [2023-01-11T01:26:55.205+0000] {dag.py:3340} INFO - Setting next_dagrun for user_processing to 2023-01-11T00:00:00+00:00, run_after=2023-01-12T00:00:00+00:00
[2023-01-11T01:26:55.231+0000] {processor.py:176} INFO - Processing /opt/airflow/dags/user_processing.py took 0.816 seconds
[2023-01-11T01:27:25.768+0000] {processor.py:154} INFO - Started process (PID=19513) to work on /opt/airflow/dags/user_processing.py
[2023-01-11T01:27:25.769+0000] {processor.py:756} INFO - Processing file /opt/airflow/dags/user_processing.py for tasks to queue
[2023-01-11T01:27:25.770+0000] {logging_mixin.py:120} INFO - [2023-01-11T01:27:25.770+0000] {dagbag.py:537} INFO - Filling up the DagBag from /opt/airflow/dags/user_processing.py
[2023-01-11T01:27:26.303+0000] {processor.py:766} INFO - DAG(s) dict_keys(['user_processing']) retrieved from /opt/airflow/dags/user_processing.py
[2023-01-11T01:27:26.523+0000] {logging_mixin.py:120} INFO - [2023-01-11T01:27:26.523+0000] {dag.py:2585} INFO - Sync 1 DAGs
[2023-01-11T01:27:26.564+0000] {logging_mixin.py:120} INFO - [2023-01-11T01:27:26.564+0000] {dag.py:3340} INFO - Setting next_dagrun for user_processing to 2023-01-11T00:00:00+00:00, run_after=2023-01-12T00:00:00+00:00
[2023-01-11T01:27:26.608+0000] {processor.py:176} INFO - Processing /opt/airflow/dags/user_processing.py took 0.844 seconds
[2023-01-11T01:27:56.804+0000] {processor.py:154} INFO - Started process (PID=19583) to work on /opt/airflow/dags/user_processing.py
[2023-01-11T01:27:56.805+0000] {processor.py:756} INFO - Processing file /opt/airflow/dags/user_processing.py for tasks to queue
[2023-01-11T01:27:56.807+0000] {logging_mixin.py:120} INFO - [2023-01-11T01:27:56.807+0000] {dagbag.py:537} INFO - Filling up the DagBag from /opt/airflow/dags/user_processing.py
[2023-01-11T01:27:57.418+0000] {processor.py:766} INFO - DAG(s) dict_keys(['user_processing']) retrieved from /opt/airflow/dags/user_processing.py
[2023-01-11T01:27:57.712+0000] {logging_mixin.py:120} INFO - [2023-01-11T01:27:57.710+0000] {dag.py:2585} INFO - Sync 1 DAGs
[2023-01-11T01:27:57.753+0000] {logging_mixin.py:120} INFO - [2023-01-11T01:27:57.752+0000] {dag.py:3340} INFO - Setting next_dagrun for user_processing to 2023-01-11T00:00:00+00:00, run_after=2023-01-12T00:00:00+00:00
[2023-01-11T01:27:57.791+0000] {processor.py:176} INFO - Processing /opt/airflow/dags/user_processing.py took 0.990 seconds
[2023-01-11T01:28:27.941+0000] {processor.py:154} INFO - Started process (PID=19652) to work on /opt/airflow/dags/user_processing.py
[2023-01-11T01:28:27.942+0000] {processor.py:756} INFO - Processing file /opt/airflow/dags/user_processing.py for tasks to queue
[2023-01-11T01:28:27.943+0000] {logging_mixin.py:120} INFO - [2023-01-11T01:28:27.943+0000] {dagbag.py:537} INFO - Filling up the DagBag from /opt/airflow/dags/user_processing.py
[2023-01-11T01:28:28.533+0000] {processor.py:766} INFO - DAG(s) dict_keys(['user_processing']) retrieved from /opt/airflow/dags/user_processing.py
[2023-01-11T01:28:28.734+0000] {logging_mixin.py:120} INFO - [2023-01-11T01:28:28.733+0000] {dag.py:2585} INFO - Sync 1 DAGs
[2023-01-11T01:28:28.789+0000] {logging_mixin.py:120} INFO - [2023-01-11T01:28:28.789+0000] {dag.py:3340} INFO - Setting next_dagrun for user_processing to 2023-01-11T00:00:00+00:00, run_after=2023-01-12T00:00:00+00:00
[2023-01-11T01:28:28.834+0000] {processor.py:176} INFO - Processing /opt/airflow/dags/user_processing.py took 0.897 seconds
[2023-01-11T01:28:58.980+0000] {processor.py:154} INFO - Started process (PID=19710) to work on /opt/airflow/dags/user_processing.py
[2023-01-11T01:28:58.981+0000] {processor.py:756} INFO - Processing file /opt/airflow/dags/user_processing.py for tasks to queue
[2023-01-11T01:28:58.983+0000] {logging_mixin.py:120} INFO - [2023-01-11T01:28:58.982+0000] {dagbag.py:537} INFO - Filling up the DagBag from /opt/airflow/dags/user_processing.py
[2023-01-11T01:28:59.461+0000] {processor.py:766} INFO - DAG(s) dict_keys(['user_processing']) retrieved from /opt/airflow/dags/user_processing.py
[2023-01-11T01:28:59.618+0000] {logging_mixin.py:120} INFO - [2023-01-11T01:28:59.618+0000] {dag.py:2585} INFO - Sync 1 DAGs
[2023-01-11T01:28:59.642+0000] {logging_mixin.py:120} INFO - [2023-01-11T01:28:59.642+0000] {dag.py:3340} INFO - Setting next_dagrun for user_processing to 2023-01-11T00:00:00+00:00, run_after=2023-01-12T00:00:00+00:00
[2023-01-11T01:28:59.662+0000] {processor.py:176} INFO - Processing /opt/airflow/dags/user_processing.py took 0.689 seconds
[2023-01-11T01:29:29.890+0000] {processor.py:154} INFO - Started process (PID=19776) to work on /opt/airflow/dags/user_processing.py
[2023-01-11T01:29:29.892+0000] {processor.py:756} INFO - Processing file /opt/airflow/dags/user_processing.py for tasks to queue
[2023-01-11T01:29:29.896+0000] {logging_mixin.py:120} INFO - [2023-01-11T01:29:29.896+0000] {dagbag.py:537} INFO - Filling up the DagBag from /opt/airflow/dags/user_processing.py
[2023-01-11T01:29:30.775+0000] {processor.py:766} INFO - DAG(s) dict_keys(['user_processing']) retrieved from /opt/airflow/dags/user_processing.py
[2023-01-11T01:29:31.090+0000] {logging_mixin.py:120} INFO - [2023-01-11T01:29:31.089+0000] {dag.py:2585} INFO - Sync 1 DAGs
[2023-01-11T01:29:31.142+0000] {logging_mixin.py:120} INFO - [2023-01-11T01:29:31.142+0000] {dag.py:3340} INFO - Setting next_dagrun for user_processing to 2023-01-11T00:00:00+00:00, run_after=2023-01-12T00:00:00+00:00
[2023-01-11T01:29:31.176+0000] {processor.py:176} INFO - Processing /opt/airflow/dags/user_processing.py took 1.294 seconds
[2023-01-11T01:30:01.641+0000] {processor.py:154} INFO - Started process (PID=19836) to work on /opt/airflow/dags/user_processing.py
[2023-01-11T01:30:01.643+0000] {processor.py:756} INFO - Processing file /opt/airflow/dags/user_processing.py for tasks to queue
[2023-01-11T01:30:01.644+0000] {logging_mixin.py:120} INFO - [2023-01-11T01:30:01.644+0000] {dagbag.py:537} INFO - Filling up the DagBag from /opt/airflow/dags/user_processing.py
[2023-01-11T01:30:02.151+0000] {processor.py:766} INFO - DAG(s) dict_keys(['user_processing']) retrieved from /opt/airflow/dags/user_processing.py
[2023-01-11T01:30:02.361+0000] {logging_mixin.py:120} INFO - [2023-01-11T01:30:02.360+0000] {dag.py:2585} INFO - Sync 1 DAGs
[2023-01-11T01:30:02.402+0000] {logging_mixin.py:120} INFO - [2023-01-11T01:30:02.402+0000] {dag.py:3340} INFO - Setting next_dagrun for user_processing to 2023-01-11T00:00:00+00:00, run_after=2023-01-12T00:00:00+00:00
[2023-01-11T01:30:02.428+0000] {processor.py:176} INFO - Processing /opt/airflow/dags/user_processing.py took 0.793 seconds
[2023-01-11T01:30:32.524+0000] {processor.py:154} INFO - Started process (PID=19903) to work on /opt/airflow/dags/user_processing.py
[2023-01-11T01:30:32.525+0000] {processor.py:756} INFO - Processing file /opt/airflow/dags/user_processing.py for tasks to queue
[2023-01-11T01:30:32.526+0000] {logging_mixin.py:120} INFO - [2023-01-11T01:30:32.526+0000] {dagbag.py:537} INFO - Filling up the DagBag from /opt/airflow/dags/user_processing.py
[2023-01-11T01:30:32.943+0000] {processor.py:766} INFO - DAG(s) dict_keys(['user_processing']) retrieved from /opt/airflow/dags/user_processing.py
[2023-01-11T01:30:33.102+0000] {logging_mixin.py:120} INFO - [2023-01-11T01:30:33.101+0000] {dag.py:2585} INFO - Sync 1 DAGs
[2023-01-11T01:30:33.125+0000] {logging_mixin.py:120} INFO - [2023-01-11T01:30:33.125+0000] {dag.py:3340} INFO - Setting next_dagrun for user_processing to 2023-01-11T00:00:00+00:00, run_after=2023-01-12T00:00:00+00:00
[2023-01-11T01:30:33.147+0000] {processor.py:176} INFO - Processing /opt/airflow/dags/user_processing.py took 0.626 seconds
[2023-01-11T01:31:03.925+0000] {processor.py:154} INFO - Started process (PID=19971) to work on /opt/airflow/dags/user_processing.py
[2023-01-11T01:31:03.927+0000] {processor.py:756} INFO - Processing file /opt/airflow/dags/user_processing.py for tasks to queue
[2023-01-11T01:31:03.928+0000] {logging_mixin.py:120} INFO - [2023-01-11T01:31:03.928+0000] {dagbag.py:537} INFO - Filling up the DagBag from /opt/airflow/dags/user_processing.py
[2023-01-11T01:31:04.748+0000] {processor.py:766} INFO - DAG(s) dict_keys(['user_processing']) retrieved from /opt/airflow/dags/user_processing.py
[2023-01-11T01:31:05.079+0000] {logging_mixin.py:120} INFO - [2023-01-11T01:31:05.078+0000] {dag.py:2585} INFO - Sync 1 DAGs
[2023-01-11T01:31:05.129+0000] {logging_mixin.py:120} INFO - [2023-01-11T01:31:05.128+0000] {dag.py:3340} INFO - Setting next_dagrun for user_processing to 2023-01-11T00:00:00+00:00, run_after=2023-01-12T00:00:00+00:00
[2023-01-11T01:31:05.178+0000] {processor.py:176} INFO - Processing /opt/airflow/dags/user_processing.py took 1.263 seconds
[2023-01-11T01:31:35.906+0000] {processor.py:154} INFO - Started process (PID=20029) to work on /opt/airflow/dags/user_processing.py
[2023-01-11T01:31:35.908+0000] {processor.py:756} INFO - Processing file /opt/airflow/dags/user_processing.py for tasks to queue
[2023-01-11T01:31:35.910+0000] {logging_mixin.py:120} INFO - [2023-01-11T01:31:35.910+0000] {dagbag.py:537} INFO - Filling up the DagBag from /opt/airflow/dags/user_processing.py
[2023-01-11T01:31:36.523+0000] {processor.py:766} INFO - DAG(s) dict_keys(['user_processing']) retrieved from /opt/airflow/dags/user_processing.py
[2023-01-11T01:31:36.888+0000] {logging_mixin.py:120} INFO - [2023-01-11T01:31:36.886+0000] {dag.py:2585} INFO - Sync 1 DAGs
[2023-01-11T01:31:36.953+0000] {logging_mixin.py:120} INFO - [2023-01-11T01:31:36.952+0000] {dag.py:3340} INFO - Setting next_dagrun for user_processing to 2023-01-11T00:00:00+00:00, run_after=2023-01-12T00:00:00+00:00
[2023-01-11T01:31:36.998+0000] {processor.py:176} INFO - Processing /opt/airflow/dags/user_processing.py took 1.096 seconds
[2023-01-11T01:32:07.166+0000] {processor.py:154} INFO - Started process (PID=20099) to work on /opt/airflow/dags/user_processing.py
[2023-01-11T01:32:07.167+0000] {processor.py:756} INFO - Processing file /opt/airflow/dags/user_processing.py for tasks to queue
[2023-01-11T01:32:07.169+0000] {logging_mixin.py:120} INFO - [2023-01-11T01:32:07.169+0000] {dagbag.py:537} INFO - Filling up the DagBag from /opt/airflow/dags/user_processing.py
[2023-01-11T01:32:07.953+0000] {processor.py:766} INFO - DAG(s) dict_keys(['user_processing']) retrieved from /opt/airflow/dags/user_processing.py
[2023-01-11T01:32:08.174+0000] {logging_mixin.py:120} INFO - [2023-01-11T01:32:08.173+0000] {dag.py:2585} INFO - Sync 1 DAGs
[2023-01-11T01:32:08.208+0000] {logging_mixin.py:120} INFO - [2023-01-11T01:32:08.207+0000] {dag.py:3340} INFO - Setting next_dagrun for user_processing to 2023-01-11T00:00:00+00:00, run_after=2023-01-12T00:00:00+00:00
[2023-01-11T01:32:08.241+0000] {processor.py:176} INFO - Processing /opt/airflow/dags/user_processing.py took 1.081 seconds
[2023-01-11T01:32:38.705+0000] {processor.py:154} INFO - Started process (PID=20158) to work on /opt/airflow/dags/user_processing.py
[2023-01-11T01:32:38.707+0000] {processor.py:756} INFO - Processing file /opt/airflow/dags/user_processing.py for tasks to queue
[2023-01-11T01:32:38.710+0000] {logging_mixin.py:120} INFO - [2023-01-11T01:32:38.709+0000] {dagbag.py:537} INFO - Filling up the DagBag from /opt/airflow/dags/user_processing.py
[2023-01-11T01:32:39.453+0000] {processor.py:766} INFO - DAG(s) dict_keys(['user_processing']) retrieved from /opt/airflow/dags/user_processing.py
[2023-01-11T01:32:39.848+0000] {logging_mixin.py:120} INFO - [2023-01-11T01:32:39.847+0000] {dag.py:2585} INFO - Sync 1 DAGs
[2023-01-11T01:32:39.912+0000] {logging_mixin.py:120} INFO - [2023-01-11T01:32:39.911+0000] {dag.py:3340} INFO - Setting next_dagrun for user_processing to 2023-01-11T00:00:00+00:00, run_after=2023-01-12T00:00:00+00:00
[2023-01-11T01:32:39.969+0000] {processor.py:176} INFO - Processing /opt/airflow/dags/user_processing.py took 1.273 seconds
[2023-01-11T01:33:10.291+0000] {processor.py:154} INFO - Started process (PID=20227) to work on /opt/airflow/dags/user_processing.py
[2023-01-11T01:33:10.292+0000] {processor.py:756} INFO - Processing file /opt/airflow/dags/user_processing.py for tasks to queue
[2023-01-11T01:33:10.293+0000] {logging_mixin.py:120} INFO - [2023-01-11T01:33:10.293+0000] {dagbag.py:537} INFO - Filling up the DagBag from /opt/airflow/dags/user_processing.py
[2023-01-11T01:33:11.145+0000] {processor.py:766} INFO - DAG(s) dict_keys(['user_processing']) retrieved from /opt/airflow/dags/user_processing.py
[2023-01-11T01:33:11.587+0000] {logging_mixin.py:120} INFO - [2023-01-11T01:33:11.586+0000] {dag.py:2585} INFO - Sync 1 DAGs
[2023-01-11T01:33:11.656+0000] {logging_mixin.py:120} INFO - [2023-01-11T01:33:11.656+0000] {dag.py:3340} INFO - Setting next_dagrun for user_processing to 2023-01-11T00:00:00+00:00, run_after=2023-01-12T00:00:00+00:00
[2023-01-11T01:33:11.708+0000] {processor.py:176} INFO - Processing /opt/airflow/dags/user_processing.py took 1.421 seconds
[2023-01-11T01:33:42.316+0000] {processor.py:154} INFO - Started process (PID=20295) to work on /opt/airflow/dags/user_processing.py
[2023-01-11T01:33:42.319+0000] {processor.py:756} INFO - Processing file /opt/airflow/dags/user_processing.py for tasks to queue
[2023-01-11T01:33:42.322+0000] {logging_mixin.py:120} INFO - [2023-01-11T01:33:42.321+0000] {dagbag.py:537} INFO - Filling up the DagBag from /opt/airflow/dags/user_processing.py
[2023-01-11T01:33:43.228+0000] {processor.py:766} INFO - DAG(s) dict_keys(['user_processing']) retrieved from /opt/airflow/dags/user_processing.py
[2023-01-11T01:33:43.513+0000] {logging_mixin.py:120} INFO - [2023-01-11T01:33:43.512+0000] {dag.py:2585} INFO - Sync 1 DAGs
[2023-01-11T01:33:43.557+0000] {logging_mixin.py:120} INFO - [2023-01-11T01:33:43.556+0000] {dag.py:3340} INFO - Setting next_dagrun for user_processing to 2023-01-11T00:00:00+00:00, run_after=2023-01-12T00:00:00+00:00
[2023-01-11T01:33:43.592+0000] {processor.py:176} INFO - Processing /opt/airflow/dags/user_processing.py took 1.283 seconds
[2023-01-11T01:34:13.748+0000] {processor.py:154} INFO - Started process (PID=20354) to work on /opt/airflow/dags/user_processing.py
[2023-01-11T01:34:13.750+0000] {processor.py:756} INFO - Processing file /opt/airflow/dags/user_processing.py for tasks to queue
[2023-01-11T01:34:13.752+0000] {logging_mixin.py:120} INFO - [2023-01-11T01:34:13.752+0000] {dagbag.py:537} INFO - Filling up the DagBag from /opt/airflow/dags/user_processing.py
[2023-01-11T01:34:14.512+0000] {processor.py:766} INFO - DAG(s) dict_keys(['user_processing']) retrieved from /opt/airflow/dags/user_processing.py
[2023-01-11T01:34:14.803+0000] {logging_mixin.py:120} INFO - [2023-01-11T01:34:14.802+0000] {dag.py:2585} INFO - Sync 1 DAGs
[2023-01-11T01:34:14.842+0000] {logging_mixin.py:120} INFO - [2023-01-11T01:34:14.842+0000] {dag.py:3340} INFO - Setting next_dagrun for user_processing to 2023-01-11T00:00:00+00:00, run_after=2023-01-12T00:00:00+00:00
[2023-01-11T01:34:14.878+0000] {processor.py:176} INFO - Processing /opt/airflow/dags/user_processing.py took 1.136 seconds
[2023-01-11T01:34:45.141+0000] {processor.py:154} INFO - Started process (PID=20424) to work on /opt/airflow/dags/user_processing.py
[2023-01-11T01:34:45.142+0000] {processor.py:756} INFO - Processing file /opt/airflow/dags/user_processing.py for tasks to queue
[2023-01-11T01:34:45.144+0000] {logging_mixin.py:120} INFO - [2023-01-11T01:34:45.144+0000] {dagbag.py:537} INFO - Filling up the DagBag from /opt/airflow/dags/user_processing.py
[2023-01-11T01:34:45.822+0000] {processor.py:766} INFO - DAG(s) dict_keys(['user_processing']) retrieved from /opt/airflow/dags/user_processing.py
[2023-01-11T01:34:45.985+0000] {logging_mixin.py:120} INFO - [2023-01-11T01:34:45.984+0000] {dag.py:2585} INFO - Sync 1 DAGs
[2023-01-11T01:34:46.025+0000] {logging_mixin.py:120} INFO - [2023-01-11T01:34:46.025+0000] {dag.py:3340} INFO - Setting next_dagrun for user_processing to 2023-01-11T00:00:00+00:00, run_after=2023-01-12T00:00:00+00:00
[2023-01-11T01:34:46.053+0000] {processor.py:176} INFO - Processing /opt/airflow/dags/user_processing.py took 0.919 seconds
[2023-01-11T01:35:16.181+0000] {processor.py:154} INFO - Started process (PID=20486) to work on /opt/airflow/dags/user_processing.py
[2023-01-11T01:35:16.182+0000] {processor.py:756} INFO - Processing file /opt/airflow/dags/user_processing.py for tasks to queue
[2023-01-11T01:35:16.184+0000] {logging_mixin.py:120} INFO - [2023-01-11T01:35:16.184+0000] {dagbag.py:537} INFO - Filling up the DagBag from /opt/airflow/dags/user_processing.py
[2023-01-11T01:35:16.752+0000] {processor.py:766} INFO - DAG(s) dict_keys(['user_processing']) retrieved from /opt/airflow/dags/user_processing.py
[2023-01-11T01:35:17.032+0000] {logging_mixin.py:120} INFO - [2023-01-11T01:35:17.031+0000] {dag.py:2585} INFO - Sync 1 DAGs
[2023-01-11T01:35:17.070+0000] {logging_mixin.py:120} INFO - [2023-01-11T01:35:17.070+0000] {dag.py:3340} INFO - Setting next_dagrun for user_processing to 2023-01-11T00:00:00+00:00, run_after=2023-01-12T00:00:00+00:00
[2023-01-11T01:35:17.094+0000] {processor.py:176} INFO - Processing /opt/airflow/dags/user_processing.py took 0.917 seconds
[2023-01-11T01:35:47.634+0000] {processor.py:154} INFO - Started process (PID=20554) to work on /opt/airflow/dags/user_processing.py
[2023-01-11T01:35:47.635+0000] {processor.py:756} INFO - Processing file /opt/airflow/dags/user_processing.py for tasks to queue
[2023-01-11T01:35:47.637+0000] {logging_mixin.py:120} INFO - [2023-01-11T01:35:47.636+0000] {dagbag.py:537} INFO - Filling up the DagBag from /opt/airflow/dags/user_processing.py
[2023-01-11T01:35:48.213+0000] {processor.py:766} INFO - DAG(s) dict_keys(['user_processing']) retrieved from /opt/airflow/dags/user_processing.py
[2023-01-11T01:35:48.427+0000] {logging_mixin.py:120} INFO - [2023-01-11T01:35:48.426+0000] {dag.py:2585} INFO - Sync 1 DAGs
[2023-01-11T01:35:48.451+0000] {logging_mixin.py:120} INFO - [2023-01-11T01:35:48.451+0000] {dag.py:3340} INFO - Setting next_dagrun for user_processing to 2023-01-11T00:00:00+00:00, run_after=2023-01-12T00:00:00+00:00
[2023-01-11T01:35:48.476+0000] {processor.py:176} INFO - Processing /opt/airflow/dags/user_processing.py took 0.846 seconds
[2023-01-11T01:36:18.606+0000] {processor.py:154} INFO - Started process (PID=20624) to work on /opt/airflow/dags/user_processing.py
[2023-01-11T01:36:18.607+0000] {processor.py:756} INFO - Processing file /opt/airflow/dags/user_processing.py for tasks to queue
[2023-01-11T01:36:18.608+0000] {logging_mixin.py:120} INFO - [2023-01-11T01:36:18.608+0000] {dagbag.py:537} INFO - Filling up the DagBag from /opt/airflow/dags/user_processing.py
[2023-01-11T01:36:19.126+0000] {processor.py:766} INFO - DAG(s) dict_keys(['user_processing']) retrieved from /opt/airflow/dags/user_processing.py
[2023-01-11T01:36:19.296+0000] {logging_mixin.py:120} INFO - [2023-01-11T01:36:19.295+0000] {dag.py:2585} INFO - Sync 1 DAGs
[2023-01-11T01:36:19.335+0000] {logging_mixin.py:120} INFO - [2023-01-11T01:36:19.334+0000] {dag.py:3340} INFO - Setting next_dagrun for user_processing to 2023-01-11T00:00:00+00:00, run_after=2023-01-12T00:00:00+00:00
[2023-01-11T01:36:19.376+0000] {processor.py:176} INFO - Processing /opt/airflow/dags/user_processing.py took 0.775 seconds
[2023-01-11T01:36:49.819+0000] {processor.py:154} INFO - Started process (PID=20682) to work on /opt/airflow/dags/user_processing.py
[2023-01-11T01:36:49.820+0000] {processor.py:756} INFO - Processing file /opt/airflow/dags/user_processing.py for tasks to queue
[2023-01-11T01:36:49.822+0000] {logging_mixin.py:120} INFO - [2023-01-11T01:36:49.822+0000] {dagbag.py:537} INFO - Filling up the DagBag from /opt/airflow/dags/user_processing.py
[2023-01-11T01:36:50.739+0000] {processor.py:766} INFO - DAG(s) dict_keys(['user_processing']) retrieved from /opt/airflow/dags/user_processing.py
[2023-01-11T01:36:51.064+0000] {logging_mixin.py:120} INFO - [2023-01-11T01:36:51.063+0000] {dag.py:2585} INFO - Sync 1 DAGs
[2023-01-11T01:36:51.117+0000] {logging_mixin.py:120} INFO - [2023-01-11T01:36:51.117+0000] {dag.py:3340} INFO - Setting next_dagrun for user_processing to 2023-01-11T00:00:00+00:00, run_after=2023-01-12T00:00:00+00:00
[2023-01-11T01:36:51.156+0000] {processor.py:176} INFO - Processing /opt/airflow/dags/user_processing.py took 1.343 seconds
[2023-01-11T01:37:21.298+0000] {processor.py:154} INFO - Started process (PID=20749) to work on /opt/airflow/dags/user_processing.py
[2023-01-11T01:37:21.300+0000] {processor.py:756} INFO - Processing file /opt/airflow/dags/user_processing.py for tasks to queue
[2023-01-11T01:37:21.302+0000] {logging_mixin.py:120} INFO - [2023-01-11T01:37:21.302+0000] {dagbag.py:537} INFO - Filling up the DagBag from /opt/airflow/dags/user_processing.py
[2023-01-11T01:37:22.113+0000] {processor.py:766} INFO - DAG(s) dict_keys(['user_processing']) retrieved from /opt/airflow/dags/user_processing.py
[2023-01-11T01:37:22.346+0000] {logging_mixin.py:120} INFO - [2023-01-11T01:37:22.346+0000] {dag.py:2585} INFO - Sync 1 DAGs
[2023-01-11T01:37:22.382+0000] {logging_mixin.py:120} INFO - [2023-01-11T01:37:22.382+0000] {dag.py:3340} INFO - Setting next_dagrun for user_processing to 2023-01-11T00:00:00+00:00, run_after=2023-01-12T00:00:00+00:00
[2023-01-11T01:37:22.415+0000] {processor.py:176} INFO - Processing /opt/airflow/dags/user_processing.py took 1.125 seconds
[2023-01-11T01:37:52.552+0000] {processor.py:154} INFO - Started process (PID=20820) to work on /opt/airflow/dags/user_processing.py
[2023-01-11T01:37:52.553+0000] {processor.py:756} INFO - Processing file /opt/airflow/dags/user_processing.py for tasks to queue
[2023-01-11T01:37:52.554+0000] {logging_mixin.py:120} INFO - [2023-01-11T01:37:52.554+0000] {dagbag.py:537} INFO - Filling up the DagBag from /opt/airflow/dags/user_processing.py
[2023-01-11T01:37:53.263+0000] {processor.py:766} INFO - DAG(s) dict_keys(['user_processing']) retrieved from /opt/airflow/dags/user_processing.py
[2023-01-11T01:37:53.491+0000] {logging_mixin.py:120} INFO - [2023-01-11T01:37:53.491+0000] {dag.py:2585} INFO - Sync 1 DAGs
[2023-01-11T01:37:53.539+0000] {logging_mixin.py:120} INFO - [2023-01-11T01:37:53.539+0000] {dag.py:3340} INFO - Setting next_dagrun for user_processing to 2023-01-11T00:00:00+00:00, run_after=2023-01-12T00:00:00+00:00
[2023-01-11T01:37:53.577+0000] {processor.py:176} INFO - Processing /opt/airflow/dags/user_processing.py took 1.030 seconds
[2023-01-11T01:38:24.001+0000] {processor.py:154} INFO - Started process (PID=20883) to work on /opt/airflow/dags/user_processing.py
[2023-01-11T01:38:24.002+0000] {processor.py:756} INFO - Processing file /opt/airflow/dags/user_processing.py for tasks to queue
[2023-01-11T01:38:24.003+0000] {logging_mixin.py:120} INFO - [2023-01-11T01:38:24.003+0000] {dagbag.py:537} INFO - Filling up the DagBag from /opt/airflow/dags/user_processing.py
[2023-01-11T01:38:24.468+0000] {processor.py:766} INFO - DAG(s) dict_keys(['user_processing']) retrieved from /opt/airflow/dags/user_processing.py
[2023-01-11T01:38:24.666+0000] {logging_mixin.py:120} INFO - [2023-01-11T01:38:24.665+0000] {dag.py:2585} INFO - Sync 1 DAGs
[2023-01-11T01:38:24.694+0000] {logging_mixin.py:120} INFO - [2023-01-11T01:38:24.694+0000] {dag.py:3340} INFO - Setting next_dagrun for user_processing to 2023-01-11T00:00:00+00:00, run_after=2023-01-12T00:00:00+00:00
[2023-01-11T01:38:24.713+0000] {processor.py:176} INFO - Processing /opt/airflow/dags/user_processing.py took 0.716 seconds
[2023-01-11T01:38:54.765+0000] {processor.py:154} INFO - Started process (PID=20949) to work on /opt/airflow/dags/user_processing.py
[2023-01-11T01:38:54.766+0000] {processor.py:756} INFO - Processing file /opt/airflow/dags/user_processing.py for tasks to queue
[2023-01-11T01:38:54.767+0000] {logging_mixin.py:120} INFO - [2023-01-11T01:38:54.767+0000] {dagbag.py:537} INFO - Filling up the DagBag from /opt/airflow/dags/user_processing.py
[2023-01-11T01:38:55.248+0000] {processor.py:766} INFO - DAG(s) dict_keys(['user_processing']) retrieved from /opt/airflow/dags/user_processing.py
[2023-01-11T01:38:55.478+0000] {logging_mixin.py:120} INFO - [2023-01-11T01:38:55.478+0000] {dag.py:2585} INFO - Sync 1 DAGs
[2023-01-11T01:38:55.514+0000] {logging_mixin.py:120} INFO - [2023-01-11T01:38:55.514+0000] {dag.py:3340} INFO - Setting next_dagrun for user_processing to 2023-01-11T00:00:00+00:00, run_after=2023-01-12T00:00:00+00:00
[2023-01-11T01:38:55.548+0000] {processor.py:176} INFO - Processing /opt/airflow/dags/user_processing.py took 0.787 seconds
[2023-01-11T01:39:25.631+0000] {processor.py:154} INFO - Started process (PID=21009) to work on /opt/airflow/dags/user_processing.py
[2023-01-11T01:39:25.633+0000] {processor.py:756} INFO - Processing file /opt/airflow/dags/user_processing.py for tasks to queue
[2023-01-11T01:39:25.635+0000] {logging_mixin.py:120} INFO - [2023-01-11T01:39:25.635+0000] {dagbag.py:537} INFO - Filling up the DagBag from /opt/airflow/dags/user_processing.py
[2023-01-11T01:39:26.657+0000] {processor.py:766} INFO - DAG(s) dict_keys(['user_processing']) retrieved from /opt/airflow/dags/user_processing.py
[2023-01-11T01:39:27.053+0000] {logging_mixin.py:120} INFO - [2023-01-11T01:39:27.053+0000] {dag.py:2585} INFO - Sync 1 DAGs
[2023-01-11T01:39:27.114+0000] {logging_mixin.py:120} INFO - [2023-01-11T01:39:27.113+0000] {dag.py:3340} INFO - Setting next_dagrun for user_processing to 2023-01-11T00:00:00+00:00, run_after=2023-01-12T00:00:00+00:00
[2023-01-11T01:39:27.171+0000] {processor.py:176} INFO - Processing /opt/airflow/dags/user_processing.py took 1.548 seconds
[2023-01-11T01:39:57.414+0000] {processor.py:154} INFO - Started process (PID=21076) to work on /opt/airflow/dags/user_processing.py
[2023-01-11T01:39:57.415+0000] {processor.py:756} INFO - Processing file /opt/airflow/dags/user_processing.py for tasks to queue
[2023-01-11T01:39:57.417+0000] {logging_mixin.py:120} INFO - [2023-01-11T01:39:57.416+0000] {dagbag.py:537} INFO - Filling up the DagBag from /opt/airflow/dags/user_processing.py
[2023-01-11T01:39:58.070+0000] {processor.py:766} INFO - DAG(s) dict_keys(['user_processing']) retrieved from /opt/airflow/dags/user_processing.py
[2023-01-11T01:39:58.474+0000] {logging_mixin.py:120} INFO - [2023-01-11T01:39:58.474+0000] {dag.py:2585} INFO - Sync 1 DAGs
[2023-01-11T01:39:58.519+0000] {logging_mixin.py:120} INFO - [2023-01-11T01:39:58.519+0000] {dag.py:3340} INFO - Setting next_dagrun for user_processing to 2023-01-11T00:00:00+00:00, run_after=2023-01-12T00:00:00+00:00
[2023-01-11T01:39:58.585+0000] {processor.py:176} INFO - Processing /opt/airflow/dags/user_processing.py took 1.173 seconds
[2023-01-11T01:40:29.358+0000] {processor.py:154} INFO - Started process (PID=21145) to work on /opt/airflow/dags/user_processing.py
[2023-01-11T01:40:29.360+0000] {processor.py:756} INFO - Processing file /opt/airflow/dags/user_processing.py for tasks to queue
[2023-01-11T01:40:29.362+0000] {logging_mixin.py:120} INFO - [2023-01-11T01:40:29.362+0000] {dagbag.py:537} INFO - Filling up the DagBag from /opt/airflow/dags/user_processing.py
[2023-01-11T01:40:30.164+0000] {processor.py:766} INFO - DAG(s) dict_keys(['user_processing']) retrieved from /opt/airflow/dags/user_processing.py
[2023-01-11T01:40:30.366+0000] {logging_mixin.py:120} INFO - [2023-01-11T01:40:30.365+0000] {dag.py:2585} INFO - Sync 1 DAGs
[2023-01-11T01:40:30.394+0000] {logging_mixin.py:120} INFO - [2023-01-11T01:40:30.393+0000] {dag.py:3340} INFO - Setting next_dagrun for user_processing to 2023-01-11T00:00:00+00:00, run_after=2023-01-12T00:00:00+00:00
[2023-01-11T01:40:30.433+0000] {processor.py:176} INFO - Processing /opt/airflow/dags/user_processing.py took 1.083 seconds
[2023-01-11T01:41:00.710+0000] {processor.py:154} INFO - Started process (PID=21212) to work on /opt/airflow/dags/user_processing.py
[2023-01-11T01:41:00.711+0000] {processor.py:756} INFO - Processing file /opt/airflow/dags/user_processing.py for tasks to queue
[2023-01-11T01:41:00.712+0000] {logging_mixin.py:120} INFO - [2023-01-11T01:41:00.712+0000] {dagbag.py:537} INFO - Filling up the DagBag from /opt/airflow/dags/user_processing.py
[2023-01-11T01:41:01.267+0000] {processor.py:766} INFO - DAG(s) dict_keys(['user_processing']) retrieved from /opt/airflow/dags/user_processing.py
[2023-01-11T01:41:01.487+0000] {logging_mixin.py:120} INFO - [2023-01-11T01:41:01.487+0000] {dag.py:2585} INFO - Sync 1 DAGs
[2023-01-11T01:41:01.529+0000] {logging_mixin.py:120} INFO - [2023-01-11T01:41:01.528+0000] {dag.py:3340} INFO - Setting next_dagrun for user_processing to 2023-01-11T00:00:00+00:00, run_after=2023-01-12T00:00:00+00:00
[2023-01-11T01:41:01.588+0000] {processor.py:176} INFO - Processing /opt/airflow/dags/user_processing.py took 0.882 seconds
[2023-01-11T01:41:32.509+0000] {processor.py:154} INFO - Started process (PID=21270) to work on /opt/airflow/dags/user_processing.py
[2023-01-11T01:41:32.511+0000] {processor.py:756} INFO - Processing file /opt/airflow/dags/user_processing.py for tasks to queue
[2023-01-11T01:41:32.513+0000] {logging_mixin.py:120} INFO - [2023-01-11T01:41:32.513+0000] {dagbag.py:537} INFO - Filling up the DagBag from /opt/airflow/dags/user_processing.py
[2023-01-11T01:41:33.032+0000] {processor.py:766} INFO - DAG(s) dict_keys(['user_processing']) retrieved from /opt/airflow/dags/user_processing.py
[2023-01-11T01:41:33.198+0000] {logging_mixin.py:120} INFO - [2023-01-11T01:41:33.198+0000] {dag.py:2585} INFO - Sync 1 DAGs
[2023-01-11T01:41:33.223+0000] {logging_mixin.py:120} INFO - [2023-01-11T01:41:33.223+0000] {dag.py:3340} INFO - Setting next_dagrun for user_processing to 2023-01-11T00:00:00+00:00, run_after=2023-01-12T00:00:00+00:00
[2023-01-11T01:41:33.242+0000] {processor.py:176} INFO - Processing /opt/airflow/dags/user_processing.py took 0.741 seconds
[2023-01-11T01:42:04.061+0000] {processor.py:154} INFO - Started process (PID=21337) to work on /opt/airflow/dags/user_processing.py
[2023-01-11T01:42:04.062+0000] {processor.py:756} INFO - Processing file /opt/airflow/dags/user_processing.py for tasks to queue
[2023-01-11T01:42:04.063+0000] {logging_mixin.py:120} INFO - [2023-01-11T01:42:04.063+0000] {dagbag.py:537} INFO - Filling up the DagBag from /opt/airflow/dags/user_processing.py
[2023-01-11T01:42:04.509+0000] {processor.py:766} INFO - DAG(s) dict_keys(['user_processing']) retrieved from /opt/airflow/dags/user_processing.py
[2023-01-11T01:42:04.701+0000] {logging_mixin.py:120} INFO - [2023-01-11T01:42:04.700+0000] {dag.py:2585} INFO - Sync 1 DAGs
[2023-01-11T01:42:04.724+0000] {logging_mixin.py:120} INFO - [2023-01-11T01:42:04.724+0000] {dag.py:3340} INFO - Setting next_dagrun for user_processing to 2023-01-11T00:00:00+00:00, run_after=2023-01-12T00:00:00+00:00
[2023-01-11T01:42:04.762+0000] {processor.py:176} INFO - Processing /opt/airflow/dags/user_processing.py took 0.704 seconds
[2023-01-11T01:42:34.946+0000] {processor.py:154} INFO - Started process (PID=21405) to work on /opt/airflow/dags/user_processing.py
[2023-01-11T01:42:34.947+0000] {processor.py:756} INFO - Processing file /opt/airflow/dags/user_processing.py for tasks to queue
[2023-01-11T01:42:34.948+0000] {logging_mixin.py:120} INFO - [2023-01-11T01:42:34.948+0000] {dagbag.py:537} INFO - Filling up the DagBag from /opt/airflow/dags/user_processing.py
[2023-01-11T01:42:35.399+0000] {processor.py:766} INFO - DAG(s) dict_keys(['user_processing']) retrieved from /opt/airflow/dags/user_processing.py
[2023-01-11T01:42:35.562+0000] {logging_mixin.py:120} INFO - [2023-01-11T01:42:35.562+0000] {dag.py:2585} INFO - Sync 1 DAGs
[2023-01-11T01:42:35.586+0000] {logging_mixin.py:120} INFO - [2023-01-11T01:42:35.586+0000] {dag.py:3340} INFO - Setting next_dagrun for user_processing to 2023-01-11T00:00:00+00:00, run_after=2023-01-12T00:00:00+00:00
[2023-01-11T01:42:35.617+0000] {processor.py:176} INFO - Processing /opt/airflow/dags/user_processing.py took 0.679 seconds
[2023-01-11T01:43:06.368+0000] {processor.py:154} INFO - Started process (PID=21463) to work on /opt/airflow/dags/user_processing.py
[2023-01-11T01:43:06.370+0000] {processor.py:756} INFO - Processing file /opt/airflow/dags/user_processing.py for tasks to queue
[2023-01-11T01:43:06.371+0000] {logging_mixin.py:120} INFO - [2023-01-11T01:43:06.371+0000] {dagbag.py:537} INFO - Filling up the DagBag from /opt/airflow/dags/user_processing.py
[2023-01-11T01:43:06.871+0000] {processor.py:766} INFO - DAG(s) dict_keys(['user_processing']) retrieved from /opt/airflow/dags/user_processing.py
[2023-01-11T01:43:07.063+0000] {logging_mixin.py:120} INFO - [2023-01-11T01:43:07.062+0000] {dag.py:2585} INFO - Sync 1 DAGs
[2023-01-11T01:43:07.105+0000] {logging_mixin.py:120} INFO - [2023-01-11T01:43:07.105+0000] {dag.py:3340} INFO - Setting next_dagrun for user_processing to 2023-01-11T00:00:00+00:00, run_after=2023-01-12T00:00:00+00:00
[2023-01-11T01:43:07.135+0000] {processor.py:176} INFO - Processing /opt/airflow/dags/user_processing.py took 0.773 seconds
[2023-01-11T01:43:37.188+0000] {processor.py:154} INFO - Started process (PID=21530) to work on /opt/airflow/dags/user_processing.py
[2023-01-11T01:43:37.189+0000] {processor.py:756} INFO - Processing file /opt/airflow/dags/user_processing.py for tasks to queue
[2023-01-11T01:43:37.191+0000] {logging_mixin.py:120} INFO - [2023-01-11T01:43:37.190+0000] {dagbag.py:537} INFO - Filling up the DagBag from /opt/airflow/dags/user_processing.py
[2023-01-11T01:43:37.636+0000] {processor.py:766} INFO - DAG(s) dict_keys(['user_processing']) retrieved from /opt/airflow/dags/user_processing.py
[2023-01-11T01:43:37.796+0000] {logging_mixin.py:120} INFO - [2023-01-11T01:43:37.795+0000] {dag.py:2585} INFO - Sync 1 DAGs
[2023-01-11T01:43:37.818+0000] {logging_mixin.py:120} INFO - [2023-01-11T01:43:37.818+0000] {dag.py:3340} INFO - Setting next_dagrun for user_processing to 2023-01-11T00:00:00+00:00, run_after=2023-01-12T00:00:00+00:00
[2023-01-11T01:43:37.838+0000] {processor.py:176} INFO - Processing /opt/airflow/dags/user_processing.py took 0.655 seconds
[2023-01-11T01:44:07.944+0000] {processor.py:154} INFO - Started process (PID=21598) to work on /opt/airflow/dags/user_processing.py
[2023-01-11T01:44:07.945+0000] {processor.py:756} INFO - Processing file /opt/airflow/dags/user_processing.py for tasks to queue
[2023-01-11T01:44:07.946+0000] {logging_mixin.py:120} INFO - [2023-01-11T01:44:07.946+0000] {dagbag.py:537} INFO - Filling up the DagBag from /opt/airflow/dags/user_processing.py
[2023-01-11T01:44:08.415+0000] {processor.py:766} INFO - DAG(s) dict_keys(['user_processing']) retrieved from /opt/airflow/dags/user_processing.py
[2023-01-11T01:44:08.582+0000] {logging_mixin.py:120} INFO - [2023-01-11T01:44:08.582+0000] {dag.py:2585} INFO - Sync 1 DAGs
[2023-01-11T01:44:08.607+0000] {logging_mixin.py:120} INFO - [2023-01-11T01:44:08.607+0000] {dag.py:3340} INFO - Setting next_dagrun for user_processing to 2023-01-11T00:00:00+00:00, run_after=2023-01-12T00:00:00+00:00
[2023-01-11T01:44:08.629+0000] {processor.py:176} INFO - Processing /opt/airflow/dags/user_processing.py took 0.690 seconds
[2023-01-11T01:44:38.775+0000] {processor.py:154} INFO - Started process (PID=21657) to work on /opt/airflow/dags/user_processing.py
[2023-01-11T01:44:38.776+0000] {processor.py:756} INFO - Processing file /opt/airflow/dags/user_processing.py for tasks to queue
[2023-01-11T01:44:38.777+0000] {logging_mixin.py:120} INFO - [2023-01-11T01:44:38.777+0000] {dagbag.py:537} INFO - Filling up the DagBag from /opt/airflow/dags/user_processing.py
[2023-01-11T01:44:39.372+0000] {processor.py:766} INFO - DAG(s) dict_keys(['user_processing']) retrieved from /opt/airflow/dags/user_processing.py
[2023-01-11T01:44:39.594+0000] {logging_mixin.py:120} INFO - [2023-01-11T01:44:39.593+0000] {dag.py:2585} INFO - Sync 1 DAGs
[2023-01-11T01:44:39.639+0000] {logging_mixin.py:120} INFO - [2023-01-11T01:44:39.638+0000] {dag.py:3340} INFO - Setting next_dagrun for user_processing to 2023-01-11T00:00:00+00:00, run_after=2023-01-12T00:00:00+00:00
[2023-01-11T01:44:39.671+0000] {processor.py:176} INFO - Processing /opt/airflow/dags/user_processing.py took 0.902 seconds
[2023-01-11T01:45:09.876+0000] {processor.py:154} INFO - Started process (PID=21724) to work on /opt/airflow/dags/user_processing.py
[2023-01-11T01:45:09.878+0000] {processor.py:756} INFO - Processing file /opt/airflow/dags/user_processing.py for tasks to queue
[2023-01-11T01:45:09.879+0000] {logging_mixin.py:120} INFO - [2023-01-11T01:45:09.879+0000] {dagbag.py:537} INFO - Filling up the DagBag from /opt/airflow/dags/user_processing.py
[2023-01-11T01:45:10.314+0000] {processor.py:766} INFO - DAG(s) dict_keys(['user_processing']) retrieved from /opt/airflow/dags/user_processing.py
[2023-01-11T01:45:10.478+0000] {logging_mixin.py:120} INFO - [2023-01-11T01:45:10.477+0000] {dag.py:2585} INFO - Sync 1 DAGs
[2023-01-11T01:45:10.501+0000] {logging_mixin.py:120} INFO - [2023-01-11T01:45:10.500+0000] {dag.py:3340} INFO - Setting next_dagrun for user_processing to 2023-01-11T00:00:00+00:00, run_after=2023-01-12T00:00:00+00:00
[2023-01-11T01:45:10.521+0000] {processor.py:176} INFO - Processing /opt/airflow/dags/user_processing.py took 0.650 seconds
[2023-01-11T01:45:40.657+0000] {processor.py:154} INFO - Started process (PID=21791) to work on /opt/airflow/dags/user_processing.py
[2023-01-11T01:45:40.658+0000] {processor.py:756} INFO - Processing file /opt/airflow/dags/user_processing.py for tasks to queue
[2023-01-11T01:45:40.659+0000] {logging_mixin.py:120} INFO - [2023-01-11T01:45:40.659+0000] {dagbag.py:537} INFO - Filling up the DagBag from /opt/airflow/dags/user_processing.py
[2023-01-11T01:45:41.018+0000] {processor.py:766} INFO - DAG(s) dict_keys(['user_processing']) retrieved from /opt/airflow/dags/user_processing.py
[2023-01-11T01:45:41.152+0000] {logging_mixin.py:120} INFO - [2023-01-11T01:45:41.152+0000] {dag.py:2585} INFO - Sync 1 DAGs
[2023-01-11T01:45:41.171+0000] {logging_mixin.py:120} INFO - [2023-01-11T01:45:41.171+0000] {dag.py:3340} INFO - Setting next_dagrun for user_processing to 2023-01-11T00:00:00+00:00, run_after=2023-01-12T00:00:00+00:00
[2023-01-11T01:45:41.190+0000] {processor.py:176} INFO - Processing /opt/airflow/dags/user_processing.py took 0.536 seconds
[2023-01-11T01:46:11.860+0000] {processor.py:154} INFO - Started process (PID=21859) to work on /opt/airflow/dags/user_processing.py
[2023-01-11T01:46:11.861+0000] {processor.py:756} INFO - Processing file /opt/airflow/dags/user_processing.py for tasks to queue
[2023-01-11T01:46:11.862+0000] {logging_mixin.py:120} INFO - [2023-01-11T01:46:11.862+0000] {dagbag.py:537} INFO - Filling up the DagBag from /opt/airflow/dags/user_processing.py
[2023-01-11T01:46:12.412+0000] {processor.py:766} INFO - DAG(s) dict_keys(['user_processing']) retrieved from /opt/airflow/dags/user_processing.py
[2023-01-11T01:46:12.618+0000] {logging_mixin.py:120} INFO - [2023-01-11T01:46:12.618+0000] {dag.py:2585} INFO - Sync 1 DAGs
[2023-01-11T01:46:12.642+0000] {logging_mixin.py:120} INFO - [2023-01-11T01:46:12.642+0000] {dag.py:3340} INFO - Setting next_dagrun for user_processing to 2023-01-11T00:00:00+00:00, run_after=2023-01-12T00:00:00+00:00
[2023-01-11T01:46:12.664+0000] {processor.py:176} INFO - Processing /opt/airflow/dags/user_processing.py took 0.807 seconds
