[2023-01-10T10:03:53.635+0000] {taskinstance.py:1165} INFO - Dependencies all met for <TaskInstance: producer.update_dataset_2 scheduled__2023-01-09T00:00:00+00:00 [queued]>
[2023-01-10T10:03:53.664+0000] {taskinstance.py:1165} INFO - Dependencies all met for <TaskInstance: producer.update_dataset_2 scheduled__2023-01-09T00:00:00+00:00 [queued]>
[2023-01-10T10:03:53.666+0000] {taskinstance.py:1362} INFO - 
--------------------------------------------------------------------------------
[2023-01-10T10:03:53.669+0000] {taskinstance.py:1363} INFO - Starting attempt 1 of 1
[2023-01-10T10:03:53.670+0000] {taskinstance.py:1364} INFO - 
--------------------------------------------------------------------------------
[2023-01-10T10:03:53.715+0000] {taskinstance.py:1383} INFO - Executing <Task(_PythonDecoratedOperator): update_dataset_2> on 2023-01-09 00:00:00+00:00
[2023-01-10T10:03:53.725+0000] {standard_task_runner.py:55} INFO - Started process 110 to run task
[2023-01-10T10:03:53.733+0000] {standard_task_runner.py:82} INFO - Running: ['***', 'tasks', 'run', 'producer', 'update_dataset_2', 'scheduled__2023-01-09T00:00:00+00:00', '--job-id', '7', '--raw', '--subdir', 'DAGS_FOLDER/producer.py', '--cfg-path', '/tmp/tmpcq8kd31d']
[2023-01-10T10:03:53.735+0000] {standard_task_runner.py:83} INFO - Job 7: Subtask update_dataset_2
[2023-01-10T10:03:53.886+0000] {task_command.py:376} INFO - Running <TaskInstance: producer.update_dataset_2 scheduled__2023-01-09T00:00:00+00:00 [running]> on host e4c135bf00be
[2023-01-10T10:03:54.081+0000] {taskinstance.py:1592} INFO - Exporting the following env vars:
AIRFLOW_CTX_DAG_OWNER=***
AIRFLOW_CTX_DAG_ID=producer
AIRFLOW_CTX_TASK_ID=update_dataset_2
AIRFLOW_CTX_EXECUTION_DATE=2023-01-09T00:00:00+00:00
AIRFLOW_CTX_TRY_NUMBER=1
AIRFLOW_CTX_DAG_RUN_ID=scheduled__2023-01-09T00:00:00+00:00
[2023-01-10T10:03:54.084+0000] {python.py:177} INFO - Done. Returned value was: None
[2023-01-10T10:03:54.089+0000] {warnings.py:110} WARNING - /home/***/.local/lib/python3.7/site-packages/***/models/baseoperator.py:1390: RemovedInAirflow3Warning: Passing 'execution_date' to 'TaskInstance.xcom_push()' is deprecated.
  context['ti'].xcom_push(key=key, value=value, execution_date=execution_date)

[2023-01-10T10:03:54.133+0000] {taskinstance.py:1406} INFO - Marking task as SUCCESS. dag_id=producer, task_id=update_dataset_2, execution_date=20230109T000000, start_date=20230110T100353, end_date=20230110T100354
[2023-01-10T10:03:54.229+0000] {local_task_job.py:164} INFO - Task exited with return code 0
[2023-01-10T10:03:54.284+0000] {local_task_job.py:273} INFO - 0 downstream tasks scheduled from follow-on schedule check
