[2022-11-27T09:49:19.309+0000] {taskinstance.py:1165} INFO - Dependencies all met for <TaskInstance: user_processing.create_table manual__2022-11-27T09:49:17.126793+00:00 [queued]>
[2022-11-27T09:49:19.328+0000] {taskinstance.py:1165} INFO - Dependencies all met for <TaskInstance: user_processing.create_table manual__2022-11-27T09:49:17.126793+00:00 [queued]>
[2022-11-27T09:49:19.329+0000] {taskinstance.py:1362} INFO - 
--------------------------------------------------------------------------------
[2022-11-27T09:49:19.331+0000] {taskinstance.py:1363} INFO - Starting attempt 1 of 1
[2022-11-27T09:49:19.332+0000] {taskinstance.py:1364} INFO - 
--------------------------------------------------------------------------------
[2022-11-27T09:49:19.354+0000] {taskinstance.py:1383} INFO - Executing <Task(PostgresOperator): create_table> on 2022-11-27 09:49:17.126793+00:00
[2022-11-27T09:49:19.372+0000] {standard_task_runner.py:55} INFO - Started process 4918 to run task
[2022-11-27T09:49:19.382+0000] {standard_task_runner.py:82} INFO - Running: ['***', 'tasks', 'run', 'user_processing', 'create_table', 'manual__2022-11-27T09:49:17.126793+00:00', '--job-id', '21', '--raw', '--subdir', 'DAGS_FOLDER/user_processing.py', '--cfg-path', '/tmp/tmpq8z6bhe7']
[2022-11-27T09:49:19.387+0000] {standard_task_runner.py:83} INFO - Job 21: Subtask create_table
[2022-11-27T09:49:19.502+0000] {task_command.py:376} INFO - Running <TaskInstance: user_processing.create_table manual__2022-11-27T09:49:17.126793+00:00 [running]> on host c7f7231a8603
[2022-11-27T09:49:19.567+0000] {taskinstance.py:1592} INFO - Exporting the following env vars:
AIRFLOW_CTX_DAG_OWNER=***
AIRFLOW_CTX_DAG_ID=user_processing
AIRFLOW_CTX_TASK_ID=create_table
AIRFLOW_CTX_EXECUTION_DATE=2022-11-27T09:49:17.126793+00:00
AIRFLOW_CTX_TRY_NUMBER=1
AIRFLOW_CTX_DAG_RUN_ID=manual__2022-11-27T09:49:17.126793+00:00
[2022-11-27T09:49:19.592+0000] {base.py:71} INFO - Using connection ID 'postgres' for task execution.
[2022-11-27T09:49:19.601+0000] {sql.py:315} INFO - Running statement: 
        CREATE TABLE IF NOT EXISTS users (
            firstname TEXT NOT NULL,
            lastname TEXT NOT NULL,
            country TEXT NOT NULL,
            username TEXT NOT NULL,
            password TEXT NOT NULL,
            email TEXT NOT NULL
        );
        , parameters: None
[2022-11-27T09:49:19.605+0000] {postgres.py:96} INFO - NOTICE:  relation "users" already exists, skipping

[2022-11-27T09:49:19.623+0000] {taskinstance.py:1406} INFO - Marking task as SUCCESS. dag_id=user_processing, task_id=create_table, execution_date=20221127T094917, start_date=20221127T094919, end_date=20221127T094919
[2022-11-27T09:49:19.681+0000] {local_task_job.py:164} INFO - Task exited with return code 0
[2022-11-27T09:49:19.715+0000] {local_task_job.py:273} INFO - 1 downstream tasks scheduled from follow-on schedule check
