[2023-01-16T01:56:08.406+0000] {taskinstance.py:1165} INFO - Dependencies all met for <TaskInstance: consumer.read_dataset_2 dataset_triggered__2023-01-16T01:56:01.213825+00:00 [queued]>
[2023-01-16T01:56:08.461+0000] {taskinstance.py:1165} INFO - Dependencies all met for <TaskInstance: consumer.read_dataset_2 dataset_triggered__2023-01-16T01:56:01.213825+00:00 [queued]>
[2023-01-16T01:56:08.462+0000] {taskinstance.py:1362} INFO - 
--------------------------------------------------------------------------------
[2023-01-16T01:56:08.465+0000] {taskinstance.py:1363} INFO - Starting attempt 1 of 1
[2023-01-16T01:56:08.467+0000] {taskinstance.py:1364} INFO - 
--------------------------------------------------------------------------------
[2023-01-16T01:56:08.524+0000] {taskinstance.py:1383} INFO - Executing <Task(_PythonDecoratedOperator): read_dataset_2> on 2023-01-16 01:56:01.213825+00:00
[2023-01-16T01:56:08.544+0000] {standard_task_runner.py:55} INFO - Started process 8336 to run task
[2023-01-16T01:56:08.559+0000] {standard_task_runner.py:82} INFO - Running: ['***', 'tasks', 'run', 'consumer', 'read_dataset_2', 'dataset_triggered__2023-01-16T01:56:01.213825+00:00', '--job-id', '36', '--raw', '--subdir', 'DAGS_FOLDER/consumer.py', '--cfg-path', '/tmp/tmpfqludnqq']
[2023-01-16T01:56:08.560+0000] {standard_task_runner.py:83} INFO - Job 36: Subtask read_dataset_2
[2023-01-16T01:56:08.821+0000] {task_command.py:376} INFO - Running <TaskInstance: consumer.read_dataset_2 dataset_triggered__2023-01-16T01:56:01.213825+00:00 [running]> on host e4c135bf00be
[2023-01-16T01:56:09.072+0000] {taskinstance.py:1592} INFO - Exporting the following env vars:
AIRFLOW_CTX_DAG_OWNER=***
AIRFLOW_CTX_DAG_ID=consumer
AIRFLOW_CTX_TASK_ID=read_dataset_2
AIRFLOW_CTX_EXECUTION_DATE=2023-01-16T01:56:01.213825+00:00
AIRFLOW_CTX_TRY_NUMBER=1
AIRFLOW_CTX_DAG_RUN_ID=dataset_triggered__2023-01-16T01:56:01.213825+00:00
[2023-01-16T01:56:09.075+0000] {logging_mixin.py:120} INFO - producer update2producer update2producer update2producer update2producer update2producer update2
[2023-01-16T01:56:09.077+0000] {python.py:177} INFO - Done. Returned value was: None
[2023-01-16T01:56:09.133+0000] {taskinstance.py:1406} INFO - Marking task as SUCCESS. dag_id=consumer, task_id=read_dataset_2, execution_date=20230116T015601, start_date=20230116T015608, end_date=20230116T015609
[2023-01-16T01:56:09.176+0000] {local_task_job.py:164} INFO - Task exited with return code 0
[2023-01-16T01:56:09.225+0000] {local_task_job.py:273} INFO - 0 downstream tasks scheduled from follow-on schedule check
