[2023-01-21T05:34:44.956+0000] {taskinstance.py:1165} INFO - Dependencies all met for <TaskInstance: consumer.read_dataset dataset_triggered__2023-01-21T05:34:36.179825+00:00 [queued]>
[2023-01-21T05:34:45.017+0000] {taskinstance.py:1165} INFO - Dependencies all met for <TaskInstance: consumer.read_dataset dataset_triggered__2023-01-21T05:34:36.179825+00:00 [queued]>
[2023-01-21T05:34:45.019+0000] {taskinstance.py:1362} INFO - 
--------------------------------------------------------------------------------
[2023-01-21T05:34:45.024+0000] {taskinstance.py:1363} INFO - Starting attempt 1 of 1
[2023-01-21T05:34:45.032+0000] {taskinstance.py:1364} INFO - 
--------------------------------------------------------------------------------
[2023-01-21T05:34:45.183+0000] {taskinstance.py:1383} INFO - Executing <Task(_PythonDecoratedOperator): read_dataset> on 2023-01-21 05:34:36.179825+00:00
[2023-01-21T05:34:45.204+0000] {standard_task_runner.py:55} INFO - Started process 104 to run task
[2023-01-21T05:34:45.224+0000] {standard_task_runner.py:82} INFO - Running: ['***', 'tasks', 'run', 'consumer', 'read_dataset', 'dataset_triggered__2023-01-21T05:34:36.179825+00:00', '--job-id', '76', '--raw', '--subdir', 'DAGS_FOLDER/consumer.py', '--cfg-path', '/tmp/tmp927aa122']
[2023-01-21T05:34:45.226+0000] {standard_task_runner.py:83} INFO - Job 76: Subtask read_dataset
[2023-01-21T05:34:45.634+0000] {task_command.py:376} INFO - Running <TaskInstance: consumer.read_dataset dataset_triggered__2023-01-21T05:34:36.179825+00:00 [running]> on host 2255277b485d
[2023-01-21T05:34:46.116+0000] {taskinstance.py:1592} INFO - Exporting the following env vars:
AIRFLOW_CTX_DAG_OWNER=***
AIRFLOW_CTX_DAG_ID=consumer
AIRFLOW_CTX_TASK_ID=read_dataset
AIRFLOW_CTX_EXECUTION_DATE=2023-01-21T05:34:36.179825+00:00
AIRFLOW_CTX_TRY_NUMBER=1
AIRFLOW_CTX_DAG_RUN_ID=dataset_triggered__2023-01-21T05:34:36.179825+00:00
[2023-01-21T05:34:46.120+0000] {logging_mixin.py:120} INFO - producer update
[2023-01-21T05:34:46.130+0000] {python.py:177} INFO - Done. Returned value was: None
[2023-01-21T05:34:46.193+0000] {taskinstance.py:1406} INFO - Marking task as SUCCESS. dag_id=consumer, task_id=read_dataset, execution_date=20230121T053436, start_date=20230121T053444, end_date=20230121T053446
[2023-01-21T05:34:46.400+0000] {local_task_job.py:164} INFO - Task exited with return code 0
[2023-01-21T05:34:46.520+0000] {local_task_job.py:273} INFO - 1 downstream tasks scheduled from follow-on schedule check
