[2022-11-27T10:01:41.367+0000] {taskinstance.py:1165} INFO - Dependencies all met for <TaskInstance: user_processing.extract_user manual__2022-11-27T10:01:33.178732+00:00 [queued]>
[2022-11-27T10:01:41.384+0000] {taskinstance.py:1165} INFO - Dependencies all met for <TaskInstance: user_processing.extract_user manual__2022-11-27T10:01:33.178732+00:00 [queued]>
[2022-11-27T10:01:41.387+0000] {taskinstance.py:1362} INFO - 
--------------------------------------------------------------------------------
[2022-11-27T10:01:41.389+0000] {taskinstance.py:1363} INFO - Starting attempt 1 of 1
[2022-11-27T10:01:41.390+0000] {taskinstance.py:1364} INFO - 
--------------------------------------------------------------------------------
[2022-11-27T10:01:41.409+0000] {taskinstance.py:1383} INFO - Executing <Task(SimpleHttpOperator): extract_user> on 2022-11-27 10:01:33.178732+00:00
[2022-11-27T10:01:41.442+0000] {standard_task_runner.py:55} INFO - Started process 5435 to run task
[2022-11-27T10:01:41.452+0000] {standard_task_runner.py:82} INFO - Running: ['***', 'tasks', 'run', 'user_processing', 'extract_user', 'manual__2022-11-27T10:01:33.178732+00:00', '--job-id', '40', '--raw', '--subdir', 'DAGS_FOLDER/user_processing.py', '--cfg-path', '/tmp/tmptz1vwmwy']
[2022-11-27T10:01:41.458+0000] {standard_task_runner.py:83} INFO - Job 40: Subtask extract_user
[2022-11-27T10:01:41.578+0000] {task_command.py:376} INFO - Running <TaskInstance: user_processing.extract_user manual__2022-11-27T10:01:33.178732+00:00 [running]> on host c7f7231a8603
[2022-11-27T10:01:41.657+0000] {taskinstance.py:1592} INFO - Exporting the following env vars:
AIRFLOW_CTX_DAG_OWNER=***
AIRFLOW_CTX_DAG_ID=user_processing
AIRFLOW_CTX_TASK_ID=extract_user
AIRFLOW_CTX_EXECUTION_DATE=2022-11-27T10:01:33.178732+00:00
AIRFLOW_CTX_TRY_NUMBER=1
AIRFLOW_CTX_DAG_RUN_ID=manual__2022-11-27T10:01:33.178732+00:00
[2022-11-27T10:01:41.660+0000] {http.py:121} INFO - Calling HTTP method
[2022-11-27T10:01:41.673+0000] {base.py:71} INFO - Using connection ID 'user_api' for task execution.
[2022-11-27T10:01:41.678+0000] {http.py:148} INFO - Sending 'GET' to url: https://randomuser.me/api/
[2022-11-27T10:01:42.127+0000] {http.py:125} INFO - {"results":[{"gender":"female","name":{"title":"Ms","first":"Irina","last":"Maksimovich"},"location":{"street":{"number":5908,"name":"Komarova"},"city":"Amvrosiyivka","state":"Zaporizka","country":"Ukraine","postcode":33018,"coordinates":{"latitude":"78.8318","longitude":"16.2792"},"timezone":{"offset":"-6:00","description":"Central Time (US & Canada), Mexico City"}},"email":"irina.maksimovich@example.com","login":{"uuid":"58b39605-414b-4825-96cb-25eda1c79c41","username":"sadcat429","password":"rockwell","salt":"gqRIkuMA","md5":"3d04e58e9588855f26f25792468a23c2","sha1":"eb0ede68b0489f32c653ff6a0bf5c3f1b8875938","sha256":"dcc6de0e540382bbe21cccaacbe73b02b76377215be8be5a933ba9b5d49e8704"},"dob":{"date":"1996-04-18T04:21:27.250Z","age":26},"registered":{"date":"2019-04-09T07:58:24.939Z","age":3},"phone":"(066) T45-8300","cell":"(096) Q12-9088","id":{"name":"","value":null},"picture":{"large":"https://randomuser.me/api/portraits/women/60.jpg","medium":"https://randomuser.me/api/portraits/med/women/60.jpg","thumbnail":"https://randomuser.me/api/portraits/thumb/women/60.jpg"},"nat":"UA"}],"info":{"seed":"339060e8fe72f7b2","results":1,"page":1,"version":"1.4"}}
[2022-11-27T10:01:42.167+0000] {taskinstance.py:1406} INFO - Marking task as SUCCESS. dag_id=user_processing, task_id=extract_user, execution_date=20221127T100133, start_date=20221127T100141, end_date=20221127T100142
[2022-11-27T10:01:42.201+0000] {local_task_job.py:164} INFO - Task exited with return code 0
[2022-11-27T10:01:42.253+0000] {local_task_job.py:273} INFO - 1 downstream tasks scheduled from follow-on schedule check
