[2023-01-12T08:07:43.578+0000] {taskinstance.py:1165} INFO - Dependencies all met for <TaskInstance: producer.update_dataset_2 scheduled__2023-01-11T00:00:00+00:00 [queued]>
[2023-01-12T08:07:43.635+0000] {taskinstance.py:1165} INFO - Dependencies all met for <TaskInstance: producer.update_dataset_2 scheduled__2023-01-11T00:00:00+00:00 [queued]>
[2023-01-12T08:07:43.640+0000] {taskinstance.py:1362} INFO - 
--------------------------------------------------------------------------------
[2023-01-12T08:07:43.647+0000] {taskinstance.py:1363} INFO - Starting attempt 1 of 1
[2023-01-12T08:07:43.649+0000] {taskinstance.py:1364} INFO - 
--------------------------------------------------------------------------------
[2023-01-12T08:07:43.713+0000] {taskinstance.py:1383} INFO - Executing <Task(_PythonDecoratedOperator): update_dataset_2> on 2023-01-11 00:00:00+00:00
[2023-01-12T08:07:43.736+0000] {standard_task_runner.py:55} INFO - Started process 8240 to run task
[2023-01-12T08:07:43.748+0000] {standard_task_runner.py:82} INFO - Running: ['***', 'tasks', 'run', 'producer', 'update_dataset_2', 'scheduled__2023-01-11T00:00:00+00:00', '--job-id', '17', '--raw', '--subdir', 'DAGS_FOLDER/producer.py', '--cfg-path', '/tmp/tmpd9iivjr9']
[2023-01-12T08:07:43.755+0000] {standard_task_runner.py:83} INFO - Job 17: Subtask update_dataset_2
[2023-01-12T08:07:44.168+0000] {task_command.py:376} INFO - Running <TaskInstance: producer.update_dataset_2 scheduled__2023-01-11T00:00:00+00:00 [running]> on host e4c135bf00be
[2023-01-12T08:07:44.548+0000] {taskinstance.py:1592} INFO - Exporting the following env vars:
AIRFLOW_CTX_DAG_OWNER=***
AIRFLOW_CTX_DAG_ID=producer
AIRFLOW_CTX_TASK_ID=update_dataset_2
AIRFLOW_CTX_EXECUTION_DATE=2023-01-11T00:00:00+00:00
AIRFLOW_CTX_TRY_NUMBER=1
AIRFLOW_CTX_DAG_RUN_ID=scheduled__2023-01-11T00:00:00+00:00
[2023-01-12T08:07:44.552+0000] {python.py:177} INFO - Done. Returned value was: None
[2023-01-12T08:07:44.571+0000] {warnings.py:110} WARNING - /home/***/.local/lib/python3.7/site-packages/***/models/baseoperator.py:1390: RemovedInAirflow3Warning: Passing 'execution_date' to 'TaskInstance.xcom_push()' is deprecated.
  context['ti'].xcom_push(key=key, value=value, execution_date=execution_date)

[2023-01-12T08:07:44.681+0000] {taskinstance.py:1406} INFO - Marking task as SUCCESS. dag_id=producer, task_id=update_dataset_2, execution_date=20230111T000000, start_date=20230112T080743, end_date=20230112T080744
[2023-01-12T08:07:44.810+0000] {local_task_job.py:164} INFO - Task exited with return code 0
[2023-01-12T08:07:45.016+0000] {local_task_job.py:273} INFO - 0 downstream tasks scheduled from follow-on schedule check
