[2023-01-16T03:56:49.904+0000] {taskinstance.py:1165} INFO - Dependencies all met for <TaskInstance: parallel_dag.load_a scheduled__2023-01-15T00:00:00+00:00 [queued]>
[2023-01-16T03:56:49.939+0000] {taskinstance.py:1165} INFO - Dependencies all met for <TaskInstance: parallel_dag.load_a scheduled__2023-01-15T00:00:00+00:00 [queued]>
[2023-01-16T03:56:49.940+0000] {taskinstance.py:1362} INFO - 
--------------------------------------------------------------------------------
[2023-01-16T03:56:49.941+0000] {taskinstance.py:1363} INFO - Starting attempt 1 of 1
[2023-01-16T03:56:49.943+0000] {taskinstance.py:1364} INFO - 
--------------------------------------------------------------------------------
[2023-01-16T03:56:49.973+0000] {taskinstance.py:1383} INFO - Executing <Task(BashOperator): load_a> on 2023-01-15 00:00:00+00:00
[2023-01-16T03:56:49.980+0000] {standard_task_runner.py:55} INFO - Started process 4351 to run task
[2023-01-16T03:56:49.987+0000] {standard_task_runner.py:82} INFO - Running: ['***', 'tasks', 'run', 'parallel_dag', 'load_a', 'scheduled__2023-01-15T00:00:00+00:00', '--job-id', '57', '--raw', '--subdir', 'DAGS_FOLDER/parallel_dag.py', '--cfg-path', '/tmp/tmphbsm4kxn']
[2023-01-16T03:56:49.988+0000] {standard_task_runner.py:83} INFO - Job 57: Subtask load_a
[2023-01-16T03:56:50.131+0000] {task_command.py:376} INFO - Running <TaskInstance: parallel_dag.load_a scheduled__2023-01-15T00:00:00+00:00 [running]> on host c4d6e9176664
[2023-01-16T03:56:50.273+0000] {taskinstance.py:1592} INFO - Exporting the following env vars:
AIRFLOW_CTX_DAG_OWNER=***
AIRFLOW_CTX_DAG_ID=parallel_dag
AIRFLOW_CTX_TASK_ID=load_a
AIRFLOW_CTX_EXECUTION_DATE=2023-01-15T00:00:00+00:00
AIRFLOW_CTX_TRY_NUMBER=1
AIRFLOW_CTX_DAG_RUN_ID=scheduled__2023-01-15T00:00:00+00:00
[2023-01-16T03:56:50.275+0000] {subprocess.py:63} INFO - Tmp dir root location: 
 /tmp
[2023-01-16T03:56:50.277+0000] {subprocess.py:75} INFO - Running command: ['/bin/bash', '-c', 'sleep 2']
[2023-01-16T03:56:50.287+0000] {subprocess.py:86} INFO - Output:
[2023-01-16T03:56:52.291+0000] {subprocess.py:97} INFO - Command exited with return code 0
[2023-01-16T03:56:52.362+0000] {taskinstance.py:1406} INFO - Marking task as SUCCESS. dag_id=parallel_dag, task_id=load_a, execution_date=20230115T000000, start_date=20230116T035649, end_date=20230116T035652
[2023-01-16T03:56:52.452+0000] {local_task_job.py:164} INFO - Task exited with return code 0
[2023-01-16T03:56:52.526+0000] {local_task_job.py:273} INFO - 1 downstream tasks scheduled from follow-on schedule check
