[2023-01-16T03:56:15.271+0000] {taskinstance.py:1165} INFO - Dependencies all met for <TaskInstance: producer.update_dataset manual__2023-01-16T03:56:14.321585+00:00 [queued]>
[2023-01-16T03:56:15.285+0000] {taskinstance.py:1165} INFO - Dependencies all met for <TaskInstance: producer.update_dataset manual__2023-01-16T03:56:14.321585+00:00 [queued]>
[2023-01-16T03:56:15.286+0000] {taskinstance.py:1362} INFO - 
--------------------------------------------------------------------------------
[2023-01-16T03:56:15.287+0000] {taskinstance.py:1363} INFO - Starting attempt 1 of 1
[2023-01-16T03:56:15.288+0000] {taskinstance.py:1364} INFO - 
--------------------------------------------------------------------------------
[2023-01-16T03:56:15.306+0000] {taskinstance.py:1383} INFO - Executing <Task(_PythonDecoratedOperator): update_dataset> on 2023-01-16 03:56:14.321585+00:00
[2023-01-16T03:56:15.310+0000] {standard_task_runner.py:55} INFO - Started process 4307 to run task
[2023-01-16T03:56:15.314+0000] {standard_task_runner.py:82} INFO - Running: ['***', 'tasks', 'run', 'producer', 'update_dataset', 'manual__2023-01-16T03:56:14.321585+00:00', '--job-id', '49', '--raw', '--subdir', 'DAGS_FOLDER/producer.py', '--cfg-path', '/tmp/tmpen8b8r2l']
[2023-01-16T03:56:15.315+0000] {standard_task_runner.py:83} INFO - Job 49: Subtask update_dataset
[2023-01-16T03:56:15.394+0000] {task_command.py:376} INFO - Running <TaskInstance: producer.update_dataset manual__2023-01-16T03:56:14.321585+00:00 [running]> on host c4d6e9176664
[2023-01-16T03:56:15.485+0000] {taskinstance.py:1592} INFO - Exporting the following env vars:
AIRFLOW_CTX_DAG_OWNER=***
AIRFLOW_CTX_DAG_ID=producer
AIRFLOW_CTX_TASK_ID=update_dataset
AIRFLOW_CTX_EXECUTION_DATE=2023-01-16T03:56:14.321585+00:00
AIRFLOW_CTX_TRY_NUMBER=1
AIRFLOW_CTX_DAG_RUN_ID=manual__2023-01-16T03:56:14.321585+00:00
[2023-01-16T03:56:15.487+0000] {python.py:177} INFO - Done. Returned value was: None
[2023-01-16T03:56:15.492+0000] {warnings.py:110} WARNING - /home/***/.local/lib/python3.7/site-packages/***/models/baseoperator.py:1390: RemovedInAirflow3Warning: Passing 'execution_date' to 'TaskInstance.xcom_push()' is deprecated.
  context['ti'].xcom_push(key=key, value=value, execution_date=execution_date)

[2023-01-16T03:56:15.521+0000] {taskinstance.py:1406} INFO - Marking task as SUCCESS. dag_id=producer, task_id=update_dataset, execution_date=20230116T035614, start_date=20230116T035615, end_date=20230116T035615
[2023-01-16T03:56:15.567+0000] {local_task_job.py:164} INFO - Task exited with return code 0
[2023-01-16T03:56:15.594+0000] {local_task_job.py:273} INFO - 1 downstream tasks scheduled from follow-on schedule check
