[2023-01-16T04:03:17.399+0000] {taskinstance.py:1165} INFO - Dependencies all met for <TaskInstance: parallel_dag.load_b manual__2023-01-16T04:03:12.657945+00:00 [queued]>
[2023-01-16T04:03:17.415+0000] {taskinstance.py:1165} INFO - Dependencies all met for <TaskInstance: parallel_dag.load_b manual__2023-01-16T04:03:12.657945+00:00 [queued]>
[2023-01-16T04:03:17.416+0000] {taskinstance.py:1362} INFO - 
--------------------------------------------------------------------------------
[2023-01-16T04:03:17.418+0000] {taskinstance.py:1363} INFO - Starting attempt 1 of 1
[2023-01-16T04:03:17.418+0000] {taskinstance.py:1364} INFO - 
--------------------------------------------------------------------------------
[2023-01-16T04:03:17.441+0000] {taskinstance.py:1383} INFO - Executing <Task(BashOperator): load_b> on 2023-01-16 04:03:12.657945+00:00
[2023-01-16T04:03:17.446+0000] {standard_task_runner.py:55} INFO - Started process 4669 to run task
[2023-01-16T04:03:17.450+0000] {standard_task_runner.py:82} INFO - Running: ['***', 'tasks', 'run', 'parallel_dag', 'load_b', 'manual__2023-01-16T04:03:12.657945+00:00', '--job-id', '65', '--raw', '--subdir', 'DAGS_FOLDER/parallel_dag.py', '--cfg-path', '/tmp/tmp_lbdz87a']
[2023-01-16T04:03:17.450+0000] {standard_task_runner.py:83} INFO - Job 65: Subtask load_b
[2023-01-16T04:03:17.526+0000] {task_command.py:376} INFO - Running <TaskInstance: parallel_dag.load_b manual__2023-01-16T04:03:12.657945+00:00 [running]> on host c4d6e9176664
[2023-01-16T04:03:17.616+0000] {taskinstance.py:1592} INFO - Exporting the following env vars:
AIRFLOW_CTX_DAG_OWNER=***
AIRFLOW_CTX_DAG_ID=parallel_dag
AIRFLOW_CTX_TASK_ID=load_b
AIRFLOW_CTX_EXECUTION_DATE=2023-01-16T04:03:12.657945+00:00
AIRFLOW_CTX_TRY_NUMBER=1
AIRFLOW_CTX_DAG_RUN_ID=manual__2023-01-16T04:03:12.657945+00:00
[2023-01-16T04:03:17.618+0000] {subprocess.py:63} INFO - Tmp dir root location: 
 /tmp
[2023-01-16T04:03:17.619+0000] {subprocess.py:75} INFO - Running command: ['/bin/bash', '-c', 'sleep 2']
[2023-01-16T04:03:17.629+0000] {subprocess.py:86} INFO - Output:
[2023-01-16T04:03:19.633+0000] {subprocess.py:97} INFO - Command exited with return code 0
[2023-01-16T04:03:19.665+0000] {taskinstance.py:1406} INFO - Marking task as SUCCESS. dag_id=parallel_dag, task_id=load_b, execution_date=20230116T040312, start_date=20230116T040317, end_date=20230116T040319
[2023-01-16T04:03:19.717+0000] {local_task_job.py:164} INFO - Task exited with return code 0
[2023-01-16T04:03:19.755+0000] {local_task_job.py:273} INFO - 0 downstream tasks scheduled from follow-on schedule check
