[2023-01-16T03:55:28.234+0000] {taskinstance.py:1165} INFO - Dependencies all met for <TaskInstance: user_processing.extract_user manual__2023-01-16T03:55:23.350693+00:00 [queued]>
[2023-01-16T03:55:28.249+0000] {taskinstance.py:1165} INFO - Dependencies all met for <TaskInstance: user_processing.extract_user manual__2023-01-16T03:55:23.350693+00:00 [queued]>
[2023-01-16T03:55:28.250+0000] {taskinstance.py:1362} INFO - 
--------------------------------------------------------------------------------
[2023-01-16T03:55:28.251+0000] {taskinstance.py:1363} INFO - Starting attempt 1 of 1
[2023-01-16T03:55:28.252+0000] {taskinstance.py:1364} INFO - 
--------------------------------------------------------------------------------
[2023-01-16T03:55:28.268+0000] {taskinstance.py:1383} INFO - Executing <Task(SimpleHttpOperator): extract_user> on 2023-01-16 03:55:23.350693+00:00
[2023-01-16T03:55:28.274+0000] {standard_task_runner.py:55} INFO - Started process 4263 to run task
[2023-01-16T03:55:28.277+0000] {standard_task_runner.py:82} INFO - Running: ['***', 'tasks', 'run', 'user_processing', 'extract_user', 'manual__2023-01-16T03:55:23.350693+00:00', '--job-id', '46', '--raw', '--subdir', 'DAGS_FOLDER/user_processing.py', '--cfg-path', '/tmp/tmpoq5vcvg8']
[2023-01-16T03:55:28.280+0000] {standard_task_runner.py:83} INFO - Job 46: Subtask extract_user
[2023-01-16T03:55:28.344+0000] {task_command.py:376} INFO - Running <TaskInstance: user_processing.extract_user manual__2023-01-16T03:55:23.350693+00:00 [running]> on host c4d6e9176664
[2023-01-16T03:55:28.411+0000] {taskinstance.py:1592} INFO - Exporting the following env vars:
AIRFLOW_CTX_DAG_OWNER=***
AIRFLOW_CTX_DAG_ID=user_processing
AIRFLOW_CTX_TASK_ID=extract_user
AIRFLOW_CTX_EXECUTION_DATE=2023-01-16T03:55:23.350693+00:00
AIRFLOW_CTX_TRY_NUMBER=1
AIRFLOW_CTX_DAG_RUN_ID=manual__2023-01-16T03:55:23.350693+00:00
[2023-01-16T03:55:28.413+0000] {http.py:121} INFO - Calling HTTP method
[2023-01-16T03:55:28.422+0000] {base.py:71} INFO - Using connection ID 'user_api' for task execution.
[2023-01-16T03:55:28.424+0000] {http.py:148} INFO - Sending 'GET' to url: https://randomuser.me/api/
[2023-01-16T03:55:28.970+0000] {http.py:125} INFO - {"results":[{"gender":"female","name":{"title":"Mrs","first":"Anaisha","last":"Suvarna"},"location":{"street":{"number":3835,"name":"Commercial St"},"city":"Guntakal","state":"Mizoram","country":"India","postcode":99052,"coordinates":{"latitude":"11.2646","longitude":"66.4064"},"timezone":{"offset":"-11:00","description":"Midway Island, Samoa"}},"email":"anaisha.suvarna@example.com","login":{"uuid":"1e90635a-f7ac-4b1a-a862-5d2b5f9c37c3","username":"blackgoose882","password":"hall","salt":"DQXShONG","md5":"7bbe86fd21f84e26ccae74c8e20d22e8","sha1":"2a4748ea7f4f697e17bbcb8c94f0ee58f7afb2c6","sha256":"baeccedfc896042c3c308101545013aec7d1ef2166cb85bb4f3113a88679dcfd"},"dob":{"date":"1955-01-24T07:25:36.944Z","age":67},"registered":{"date":"2016-04-25T01:09:02.672Z","age":6},"phone":"9571472777","cell":"8705428299","id":{"name":"UIDAI","value":"525234599226"},"picture":{"large":"https://randomuser.me/api/portraits/women/33.jpg","medium":"https://randomuser.me/api/portraits/med/women/33.jpg","thumbnail":"https://randomuser.me/api/portraits/thumb/women/33.jpg"},"nat":"IN"}],"info":{"seed":"7ef4f43800a92d00","results":1,"page":1,"version":"1.4"}}
[2023-01-16T03:55:29.008+0000] {taskinstance.py:1406} INFO - Marking task as SUCCESS. dag_id=user_processing, task_id=extract_user, execution_date=20230116T035523, start_date=20230116T035528, end_date=20230116T035529
[2023-01-16T03:55:29.054+0000] {local_task_job.py:164} INFO - Task exited with return code 0
[2023-01-16T03:55:29.096+0000] {local_task_job.py:273} INFO - 1 downstream tasks scheduled from follow-on schedule check
