[2023-01-12T08:07:44.923+0000] {processor.py:154} INFO - Started process (PID=21933) to work on /home/airflow/.local/lib/python3.7/site-packages/airflow/example_dags/example_complex.py
[2023-01-12T08:07:44.926+0000] {processor.py:756} INFO - Processing file /home/airflow/.local/lib/python3.7/site-packages/airflow/example_dags/example_complex.py for tasks to queue
[2023-01-12T08:07:44.929+0000] {logging_mixin.py:120} INFO - [2023-01-12T08:07:44.929+0000] {dagbag.py:537} INFO - Filling up the DagBag from /home/airflow/.local/lib/python3.7/site-packages/airflow/example_dags/example_complex.py
[2023-01-12T08:07:44.998+0000] {logging_mixin.py:120} INFO - [2023-01-12T08:07:44.988+0000] {taskmixin.py:205} WARNING - Dependency <Task(BashOperator): create_entry_group>, delete_entry_group already registered for DAG: example_complex
[2023-01-12T08:07:45.008+0000] {logging_mixin.py:120} INFO - [2023-01-12T08:07:45.007+0000] {taskmixin.py:205} WARNING - Dependency <Task(BashOperator): delete_entry_group>, create_entry_group already registered for DAG: example_complex
[2023-01-12T08:07:45.019+0000] {logging_mixin.py:120} INFO - [2023-01-12T08:07:45.016+0000] {taskmixin.py:205} WARNING - Dependency <Task(BashOperator): create_entry_gcs>, delete_entry already registered for DAG: example_complex
[2023-01-12T08:07:45.020+0000] {logging_mixin.py:120} INFO - [2023-01-12T08:07:45.020+0000] {taskmixin.py:205} WARNING - Dependency <Task(BashOperator): delete_entry>, create_entry_gcs already registered for DAG: example_complex
[2023-01-12T08:07:45.022+0000] {logging_mixin.py:120} INFO - [2023-01-12T08:07:45.022+0000] {taskmixin.py:205} WARNING - Dependency <Task(BashOperator): create_tag>, delete_tag already registered for DAG: example_complex
[2023-01-12T08:07:45.028+0000] {logging_mixin.py:120} INFO - [2023-01-12T08:07:45.028+0000] {taskmixin.py:205} WARNING - Dependency <Task(BashOperator): delete_tag>, create_tag already registered for DAG: example_complex
[2023-01-12T08:07:45.063+0000] {processor.py:766} INFO - DAG(s) dict_keys(['example_complex']) retrieved from /home/airflow/.local/lib/python3.7/site-packages/airflow/example_dags/example_complex.py
[2023-01-12T08:07:45.262+0000] {logging_mixin.py:120} INFO - [2023-01-12T08:07:45.261+0000] {dag.py:2585} INFO - Sync 1 DAGs
[2023-01-12T08:07:45.377+0000] {logging_mixin.py:120} INFO - [2023-01-12T08:07:45.377+0000] {dag.py:3340} INFO - Setting next_dagrun for example_complex to None, run_after=None
[2023-01-12T08:07:45.498+0000] {processor.py:176} INFO - Processing /home/airflow/.local/lib/python3.7/site-packages/airflow/example_dags/example_complex.py took 0.598 seconds
[2023-01-12T08:08:15.842+0000] {processor.py:154} INFO - Started process (PID=21991) to work on /home/airflow/.local/lib/python3.7/site-packages/airflow/example_dags/example_complex.py
[2023-01-12T08:08:15.844+0000] {processor.py:756} INFO - Processing file /home/airflow/.local/lib/python3.7/site-packages/airflow/example_dags/example_complex.py for tasks to queue
[2023-01-12T08:08:15.846+0000] {logging_mixin.py:120} INFO - [2023-01-12T08:08:15.846+0000] {dagbag.py:537} INFO - Filling up the DagBag from /home/airflow/.local/lib/python3.7/site-packages/airflow/example_dags/example_complex.py
[2023-01-12T08:08:15.878+0000] {logging_mixin.py:120} INFO - [2023-01-12T08:08:15.877+0000] {taskmixin.py:205} WARNING - Dependency <Task(BashOperator): create_entry_group>, delete_entry_group already registered for DAG: example_complex
[2023-01-12T08:08:15.880+0000] {logging_mixin.py:120} INFO - [2023-01-12T08:08:15.879+0000] {taskmixin.py:205} WARNING - Dependency <Task(BashOperator): delete_entry_group>, create_entry_group already registered for DAG: example_complex
[2023-01-12T08:08:15.881+0000] {logging_mixin.py:120} INFO - [2023-01-12T08:08:15.881+0000] {taskmixin.py:205} WARNING - Dependency <Task(BashOperator): create_entry_gcs>, delete_entry already registered for DAG: example_complex
[2023-01-12T08:08:15.883+0000] {logging_mixin.py:120} INFO - [2023-01-12T08:08:15.882+0000] {taskmixin.py:205} WARNING - Dependency <Task(BashOperator): delete_entry>, create_entry_gcs already registered for DAG: example_complex
[2023-01-12T08:08:15.885+0000] {logging_mixin.py:120} INFO - [2023-01-12T08:08:15.885+0000] {taskmixin.py:205} WARNING - Dependency <Task(BashOperator): create_tag>, delete_tag already registered for DAG: example_complex
[2023-01-12T08:08:15.887+0000] {logging_mixin.py:120} INFO - [2023-01-12T08:08:15.886+0000] {taskmixin.py:205} WARNING - Dependency <Task(BashOperator): delete_tag>, create_tag already registered for DAG: example_complex
[2023-01-12T08:08:15.911+0000] {processor.py:766} INFO - DAG(s) dict_keys(['example_complex']) retrieved from /home/airflow/.local/lib/python3.7/site-packages/airflow/example_dags/example_complex.py
[2023-01-12T08:08:16.043+0000] {logging_mixin.py:120} INFO - [2023-01-12T08:08:16.042+0000] {dag.py:2585} INFO - Sync 1 DAGs
[2023-01-12T08:08:16.116+0000] {logging_mixin.py:120} INFO - [2023-01-12T08:08:16.115+0000] {dag.py:3340} INFO - Setting next_dagrun for example_complex to None, run_after=None
[2023-01-12T08:08:16.177+0000] {processor.py:176} INFO - Processing /home/airflow/.local/lib/python3.7/site-packages/airflow/example_dags/example_complex.py took 0.343 seconds
