[2023-01-12T08:07:44.671+0000] {processor.py:154} INFO - Started process (PID=21932) to work on /home/airflow/.local/lib/python3.7/site-packages/airflow/example_dags/example_datasets.py
[2023-01-12T08:07:44.673+0000] {processor.py:756} INFO - Processing file /home/airflow/.local/lib/python3.7/site-packages/airflow/example_dags/example_datasets.py for tasks to queue
[2023-01-12T08:07:44.676+0000] {logging_mixin.py:120} INFO - [2023-01-12T08:07:44.675+0000] {dagbag.py:537} INFO - Filling up the DagBag from /home/airflow/.local/lib/python3.7/site-packages/airflow/example_dags/example_datasets.py
[2023-01-12T08:07:44.767+0000] {processor.py:766} INFO - DAG(s) dict_keys(['dataset_consumes_1_and_2', 'dataset_produces_1', 'dataset_produces_2', 'dataset_consumes_1', 'dataset_consumes_1_never_scheduled', 'dataset_consumes_unknown_never_scheduled']) retrieved from /home/airflow/.local/lib/python3.7/site-packages/airflow/example_dags/example_datasets.py
[2023-01-12T08:07:45.114+0000] {logging_mixin.py:120} INFO - [2023-01-12T08:07:45.112+0000] {dag.py:2585} INFO - Sync 6 DAGs
[2023-01-12T08:07:45.292+0000] {logging_mixin.py:120} INFO - [2023-01-12T08:07:45.291+0000] {dag.py:3340} INFO - Setting next_dagrun for dataset_consumes_1 to None, run_after=None
[2023-01-12T08:07:45.305+0000] {logging_mixin.py:120} INFO - [2023-01-12T08:07:45.305+0000] {dag.py:3340} INFO - Setting next_dagrun for dataset_consumes_1_and_2 to None, run_after=None
[2023-01-12T08:07:45.311+0000] {logging_mixin.py:120} INFO - [2023-01-12T08:07:45.310+0000] {dag.py:3340} INFO - Setting next_dagrun for dataset_consumes_1_never_scheduled to None, run_after=None
[2023-01-12T08:07:45.325+0000] {logging_mixin.py:120} INFO - [2023-01-12T08:07:45.325+0000] {dag.py:3340} INFO - Setting next_dagrun for dataset_consumes_unknown_never_scheduled to None, run_after=None
[2023-01-12T08:07:45.339+0000] {logging_mixin.py:120} INFO - [2023-01-12T08:07:45.335+0000] {dag.py:3340} INFO - Setting next_dagrun for dataset_produces_1 to 2023-01-11T00:00:00+00:00, run_after=2023-01-12T00:00:00+00:00
[2023-01-12T08:07:45.348+0000] {logging_mixin.py:120} INFO - [2023-01-12T08:07:45.348+0000] {dag.py:3340} INFO - Setting next_dagrun for dataset_produces_2 to None, run_after=None
[2023-01-12T08:07:45.504+0000] {processor.py:176} INFO - Processing /home/airflow/.local/lib/python3.7/site-packages/airflow/example_dags/example_datasets.py took 0.850 seconds
[2023-01-12T08:08:15.846+0000] {processor.py:154} INFO - Started process (PID=21990) to work on /home/airflow/.local/lib/python3.7/site-packages/airflow/example_dags/example_datasets.py
[2023-01-12T08:08:15.849+0000] {processor.py:756} INFO - Processing file /home/airflow/.local/lib/python3.7/site-packages/airflow/example_dags/example_datasets.py for tasks to queue
[2023-01-12T08:08:15.852+0000] {logging_mixin.py:120} INFO - [2023-01-12T08:08:15.852+0000] {dagbag.py:537} INFO - Filling up the DagBag from /home/airflow/.local/lib/python3.7/site-packages/airflow/example_dags/example_datasets.py
[2023-01-12T08:08:15.891+0000] {processor.py:766} INFO - DAG(s) dict_keys(['dataset_consumes_1', 'dataset_consumes_1_never_scheduled', 'dataset_produces_1', 'dataset_consumes_unknown_never_scheduled', 'dataset_consumes_1_and_2', 'dataset_produces_2']) retrieved from /home/airflow/.local/lib/python3.7/site-packages/airflow/example_dags/example_datasets.py
[2023-01-12T08:08:16.073+0000] {logging_mixin.py:120} INFO - [2023-01-12T08:08:16.073+0000] {dag.py:2585} INFO - Sync 6 DAGs
[2023-01-12T08:08:16.144+0000] {logging_mixin.py:120} INFO - [2023-01-12T08:08:16.143+0000] {dag.py:3340} INFO - Setting next_dagrun for dataset_consumes_1 to None, run_after=None
[2023-01-12T08:08:16.156+0000] {logging_mixin.py:120} INFO - [2023-01-12T08:08:16.156+0000] {dag.py:3340} INFO - Setting next_dagrun for dataset_consumes_1_and_2 to None, run_after=None
[2023-01-12T08:08:16.160+0000] {logging_mixin.py:120} INFO - [2023-01-12T08:08:16.160+0000] {dag.py:3340} INFO - Setting next_dagrun for dataset_consumes_1_never_scheduled to None, run_after=None
[2023-01-12T08:08:16.164+0000] {logging_mixin.py:120} INFO - [2023-01-12T08:08:16.164+0000] {dag.py:3340} INFO - Setting next_dagrun for dataset_consumes_unknown_never_scheduled to None, run_after=None
[2023-01-12T08:08:16.174+0000] {logging_mixin.py:120} INFO - [2023-01-12T08:08:16.174+0000] {dag.py:3340} INFO - Setting next_dagrun for dataset_produces_1 to 2023-01-11T00:00:00+00:00, run_after=2023-01-12T00:00:00+00:00
[2023-01-12T08:08:16.180+0000] {logging_mixin.py:120} INFO - [2023-01-12T08:08:16.179+0000] {dag.py:3340} INFO - Setting next_dagrun for dataset_produces_2 to None, run_after=None
[2023-01-12T08:08:16.269+0000] {processor.py:176} INFO - Processing /home/airflow/.local/lib/python3.7/site-packages/airflow/example_dags/example_datasets.py took 0.436 seconds
