[2023-01-12T08:07:48.694+0000] {processor.py:154} INFO - Started process (PID=21950) to work on /home/airflow/.local/lib/python3.7/site-packages/airflow/example_dags/example_python_operator.py
[2023-01-12T08:07:48.697+0000] {processor.py:756} INFO - Processing file /home/airflow/.local/lib/python3.7/site-packages/airflow/example_dags/example_python_operator.py for tasks to queue
[2023-01-12T08:07:48.706+0000] {logging_mixin.py:120} INFO - [2023-01-12T08:07:48.704+0000] {dagbag.py:537} INFO - Filling up the DagBag from /home/airflow/.local/lib/python3.7/site-packages/airflow/example_dags/example_python_operator.py
[2023-01-12T08:07:48.797+0000] {logging_mixin.py:120} INFO - [2023-01-12T08:07:48.796+0000] {taskmixin.py:205} WARNING - Dependency <Task(_PythonDecoratedOperator): print_the_context>, log_sql_query already registered for DAG: example_python_operator
[2023-01-12T08:07:48.802+0000] {logging_mixin.py:120} INFO - [2023-01-12T08:07:48.800+0000] {taskmixin.py:205} WARNING - Dependency <Task(_PythonDecoratedOperator): log_sql_query>, print_the_context already registered for DAG: example_python_operator
[2023-01-12T08:07:48.806+0000] {logging_mixin.py:120} INFO - [2023-01-12T08:07:48.805+0000] {taskmixin.py:205} WARNING - Dependency <Task(_PythonDecoratedOperator): print_the_context>, log_sql_query already registered for DAG: example_python_operator
[2023-01-12T08:07:48.808+0000] {logging_mixin.py:120} INFO - [2023-01-12T08:07:48.807+0000] {taskmixin.py:205} WARNING - Dependency <Task(_PythonDecoratedOperator): log_sql_query>, print_the_context already registered for DAG: example_python_operator
[2023-01-12T08:07:48.820+0000] {logging_mixin.py:120} INFO - [2023-01-12T08:07:48.820+0000] {taskmixin.py:205} WARNING - Dependency <Task(_PythonDecoratedOperator): print_the_context>, log_sql_query already registered for DAG: example_python_operator
[2023-01-12T08:07:48.822+0000] {logging_mixin.py:120} INFO - [2023-01-12T08:07:48.821+0000] {taskmixin.py:205} WARNING - Dependency <Task(_PythonDecoratedOperator): log_sql_query>, print_the_context already registered for DAG: example_python_operator
[2023-01-12T08:07:48.826+0000] {logging_mixin.py:120} INFO - [2023-01-12T08:07:48.825+0000] {taskmixin.py:205} WARNING - Dependency <Task(_PythonDecoratedOperator): print_the_context>, log_sql_query already registered for DAG: example_python_operator
[2023-01-12T08:07:48.827+0000] {logging_mixin.py:120} INFO - [2023-01-12T08:07:48.827+0000] {taskmixin.py:205} WARNING - Dependency <Task(_PythonDecoratedOperator): log_sql_query>, print_the_context already registered for DAG: example_python_operator
[2023-01-12T08:07:48.873+0000] {processor.py:766} INFO - DAG(s) dict_keys(['example_python_operator']) retrieved from /home/airflow/.local/lib/python3.7/site-packages/airflow/example_dags/example_python_operator.py
[2023-01-12T08:07:49.140+0000] {logging_mixin.py:120} INFO - [2023-01-12T08:07:49.139+0000] {dag.py:2585} INFO - Sync 1 DAGs
[2023-01-12T08:07:49.331+0000] {logging_mixin.py:120} INFO - [2023-01-12T08:07:49.331+0000] {dag.py:3340} INFO - Setting next_dagrun for example_python_operator to None, run_after=None
[2023-01-12T08:07:49.477+0000] {processor.py:176} INFO - Processing /home/airflow/.local/lib/python3.7/site-packages/airflow/example_dags/example_python_operator.py took 0.801 seconds
[2023-01-12T08:08:20.083+0000] {processor.py:154} INFO - Started process (PID=22008) to work on /home/airflow/.local/lib/python3.7/site-packages/airflow/example_dags/example_python_operator.py
[2023-01-12T08:08:20.086+0000] {processor.py:756} INFO - Processing file /home/airflow/.local/lib/python3.7/site-packages/airflow/example_dags/example_python_operator.py for tasks to queue
[2023-01-12T08:08:20.088+0000] {logging_mixin.py:120} INFO - [2023-01-12T08:08:20.088+0000] {dagbag.py:537} INFO - Filling up the DagBag from /home/airflow/.local/lib/python3.7/site-packages/airflow/example_dags/example_python_operator.py
[2023-01-12T08:08:20.129+0000] {logging_mixin.py:120} INFO - [2023-01-12T08:08:20.129+0000] {taskmixin.py:205} WARNING - Dependency <Task(_PythonDecoratedOperator): print_the_context>, log_sql_query already registered for DAG: example_python_operator
[2023-01-12T08:08:20.131+0000] {logging_mixin.py:120} INFO - [2023-01-12T08:08:20.130+0000] {taskmixin.py:205} WARNING - Dependency <Task(_PythonDecoratedOperator): log_sql_query>, print_the_context already registered for DAG: example_python_operator
[2023-01-12T08:08:20.133+0000] {logging_mixin.py:120} INFO - [2023-01-12T08:08:20.133+0000] {taskmixin.py:205} WARNING - Dependency <Task(_PythonDecoratedOperator): print_the_context>, log_sql_query already registered for DAG: example_python_operator
[2023-01-12T08:08:20.135+0000] {logging_mixin.py:120} INFO - [2023-01-12T08:08:20.134+0000] {taskmixin.py:205} WARNING - Dependency <Task(_PythonDecoratedOperator): log_sql_query>, print_the_context already registered for DAG: example_python_operator
[2023-01-12T08:08:20.138+0000] {logging_mixin.py:120} INFO - [2023-01-12T08:08:20.138+0000] {taskmixin.py:205} WARNING - Dependency <Task(_PythonDecoratedOperator): print_the_context>, log_sql_query already registered for DAG: example_python_operator
[2023-01-12T08:08:20.140+0000] {logging_mixin.py:120} INFO - [2023-01-12T08:08:20.140+0000] {taskmixin.py:205} WARNING - Dependency <Task(_PythonDecoratedOperator): log_sql_query>, print_the_context already registered for DAG: example_python_operator
[2023-01-12T08:08:20.143+0000] {logging_mixin.py:120} INFO - [2023-01-12T08:08:20.143+0000] {taskmixin.py:205} WARNING - Dependency <Task(_PythonDecoratedOperator): print_the_context>, log_sql_query already registered for DAG: example_python_operator
[2023-01-12T08:08:20.146+0000] {logging_mixin.py:120} INFO - [2023-01-12T08:08:20.144+0000] {taskmixin.py:205} WARNING - Dependency <Task(_PythonDecoratedOperator): log_sql_query>, print_the_context already registered for DAG: example_python_operator
[2023-01-12T08:08:20.170+0000] {processor.py:766} INFO - DAG(s) dict_keys(['example_python_operator']) retrieved from /home/airflow/.local/lib/python3.7/site-packages/airflow/example_dags/example_python_operator.py
[2023-01-12T08:08:20.283+0000] {logging_mixin.py:120} INFO - [2023-01-12T08:08:20.282+0000] {dag.py:2585} INFO - Sync 1 DAGs
[2023-01-12T08:08:20.356+0000] {logging_mixin.py:120} INFO - [2023-01-12T08:08:20.355+0000] {dag.py:3340} INFO - Setting next_dagrun for example_python_operator to None, run_after=None
[2023-01-12T08:08:20.418+0000] {processor.py:176} INFO - Processing /home/airflow/.local/lib/python3.7/site-packages/airflow/example_dags/example_python_operator.py took 0.343 seconds
