[2023-01-21T05:34:53.897+0000] {taskinstance.py:1165} INFO - Dependencies all met for <TaskInstance: user_processing.extract_user scheduled__2023-01-20T00:00:00+00:00 [queued]>
[2023-01-21T05:34:53.931+0000] {taskinstance.py:1165} INFO - Dependencies all met for <TaskInstance: user_processing.extract_user scheduled__2023-01-20T00:00:00+00:00 [queued]>
[2023-01-21T05:34:53.932+0000] {taskinstance.py:1362} INFO - 
--------------------------------------------------------------------------------
[2023-01-21T05:34:53.933+0000] {taskinstance.py:1363} INFO - Starting attempt 1 of 1
[2023-01-21T05:34:53.934+0000] {taskinstance.py:1364} INFO - 
--------------------------------------------------------------------------------
[2023-01-21T05:34:53.978+0000] {taskinstance.py:1383} INFO - Executing <Task(SimpleHttpOperator): extract_user> on 2023-01-20 00:00:00+00:00
[2023-01-21T05:34:53.991+0000] {standard_task_runner.py:55} INFO - Started process 121 to run task
[2023-01-21T05:34:53.999+0000] {standard_task_runner.py:82} INFO - Running: ['***', 'tasks', 'run', 'user_processing', 'extract_user', 'scheduled__2023-01-20T00:00:00+00:00', '--job-id', '81', '--raw', '--subdir', 'DAGS_FOLDER/user_processing.py', '--cfg-path', '/tmp/tmpchup78cc']
[2023-01-21T05:34:54.003+0000] {standard_task_runner.py:83} INFO - Job 81: Subtask extract_user
[2023-01-21T05:34:54.155+0000] {task_command.py:376} INFO - Running <TaskInstance: user_processing.extract_user scheduled__2023-01-20T00:00:00+00:00 [running]> on host 2255277b485d
[2023-01-21T05:34:54.325+0000] {taskinstance.py:1592} INFO - Exporting the following env vars:
AIRFLOW_CTX_DAG_OWNER=***
AIRFLOW_CTX_DAG_ID=user_processing
AIRFLOW_CTX_TASK_ID=extract_user
AIRFLOW_CTX_EXECUTION_DATE=2023-01-20T00:00:00+00:00
AIRFLOW_CTX_TRY_NUMBER=1
AIRFLOW_CTX_DAG_RUN_ID=scheduled__2023-01-20T00:00:00+00:00
[2023-01-21T05:34:54.327+0000] {http.py:121} INFO - Calling HTTP method
[2023-01-21T05:34:54.353+0000] {base.py:71} INFO - Using connection ID 'user_api' for task execution.
[2023-01-21T05:34:54.359+0000] {http.py:148} INFO - Sending 'GET' to url: https://randomuser.me/api/
[2023-01-21T05:34:54.819+0000] {http.py:125} INFO - {"results":[{"gender":"female","name":{"title":"Ms","first":"Juliette","last":"Clark"},"location":{"street":{"number":1574,"name":"Maple Ave"},"city":"Westport","state":"Saskatchewan","country":"Canada","postcode":"V3D 9E4","coordinates":{"latitude":"-69.6020","longitude":"171.9340"},"timezone":{"offset":"+3:00","description":"Baghdad, Riyadh, Moscow, St. Petersburg"}},"email":"juliette.clark@example.com","login":{"uuid":"a3e82afd-eb10-4d49-ae85-0f6ea4a829e1","username":"goldenbear988","password":"kayleigh","salt":"RecZsK56","md5":"80f19bc0a649cede8b3f1de4949c27ab","sha1":"7b5c71f73a1dc291b8096afd2df43e0831ad7f47","sha256":"08a828392a2189536642ecd954808feebca1235936444417891d529feeaf9a39"},"dob":{"date":"1967-08-13T13:40:43.581Z","age":55},"registered":{"date":"2020-08-02T20:47:34.648Z","age":2},"phone":"G65 D59-0718","cell":"P05 Z60-8207","id":{"name":"SIN","value":"719861239"},"picture":{"large":"https://randomuser.me/api/portraits/women/64.jpg","medium":"https://randomuser.me/api/portraits/med/women/64.jpg","thumbnail":"https://randomuser.me/api/portraits/thumb/women/64.jpg"},"nat":"CA"}],"info":{"seed":"0ce789a760193d0f","results":1,"page":1,"version":"1.4"}}
[2023-01-21T05:34:54.879+0000] {taskinstance.py:1406} INFO - Marking task as SUCCESS. dag_id=user_processing, task_id=extract_user, execution_date=20230120T000000, start_date=20230121T053453, end_date=20230121T053454
[2023-01-21T05:34:54.934+0000] {local_task_job.py:164} INFO - Task exited with return code 0
[2023-01-21T05:34:55.018+0000] {local_task_job.py:273} INFO - 1 downstream tasks scheduled from follow-on schedule check
