[2023-01-16T03:56:57.252+0000] {taskinstance.py:1165} INFO - Dependencies all met for <TaskInstance: parallel_dag.trasform manual__2023-01-16T03:56:48.143358+00:00 [queued]>
[2023-01-16T03:56:57.270+0000] {taskinstance.py:1165} INFO - Dependencies all met for <TaskInstance: parallel_dag.trasform manual__2023-01-16T03:56:48.143358+00:00 [queued]>
[2023-01-16T03:56:57.271+0000] {taskinstance.py:1362} INFO - 
--------------------------------------------------------------------------------
[2023-01-16T03:56:57.274+0000] {taskinstance.py:1363} INFO - Starting attempt 1 of 1
[2023-01-16T03:56:57.274+0000] {taskinstance.py:1364} INFO - 
--------------------------------------------------------------------------------
[2023-01-16T03:56:57.299+0000] {taskinstance.py:1383} INFO - Executing <Task(BashOperator): trasform> on 2023-01-16 03:56:48.143358+00:00
[2023-01-16T03:56:57.306+0000] {standard_task_runner.py:55} INFO - Started process 4335 to run task
[2023-01-16T03:56:57.311+0000] {standard_task_runner.py:82} INFO - Running: ['***', 'tasks', 'run', 'parallel_dag', 'trasform', 'manual__2023-01-16T03:56:48.143358+00:00', '--job-id', '62', '--raw', '--subdir', 'DAGS_FOLDER/parallel_dag.py', '--cfg-path', '/tmp/tmpmw7d86l1']
[2023-01-16T03:56:57.313+0000] {standard_task_runner.py:83} INFO - Job 62: Subtask trasform
[2023-01-16T03:56:57.410+0000] {task_command.py:376} INFO - Running <TaskInstance: parallel_dag.trasform manual__2023-01-16T03:56:48.143358+00:00 [running]> on host bdcce6545868
[2023-01-16T03:56:57.531+0000] {taskinstance.py:1592} INFO - Exporting the following env vars:
AIRFLOW_CTX_DAG_OWNER=***
AIRFLOW_CTX_DAG_ID=parallel_dag
AIRFLOW_CTX_TASK_ID=trasform
AIRFLOW_CTX_EXECUTION_DATE=2023-01-16T03:56:48.143358+00:00
AIRFLOW_CTX_TRY_NUMBER=1
AIRFLOW_CTX_DAG_RUN_ID=manual__2023-01-16T03:56:48.143358+00:00
[2023-01-16T03:56:57.533+0000] {subprocess.py:63} INFO - Tmp dir root location: 
 /tmp
[2023-01-16T03:56:57.534+0000] {subprocess.py:75} INFO - Running command: ['/bin/bash', '-c', 'sleep 1']
[2023-01-16T03:56:57.543+0000] {subprocess.py:86} INFO - Output:
[2023-01-16T03:56:58.547+0000] {subprocess.py:97} INFO - Command exited with return code 0
[2023-01-16T03:56:58.592+0000] {taskinstance.py:1406} INFO - Marking task as SUCCESS. dag_id=parallel_dag, task_id=trasform, execution_date=20230116T035648, start_date=20230116T035657, end_date=20230116T035658
[2023-01-16T03:56:58.650+0000] {local_task_job.py:164} INFO - Task exited with return code 0
[2023-01-16T03:56:58.676+0000] {local_task_job.py:273} INFO - 0 downstream tasks scheduled from follow-on schedule check
