[2022-11-27T09:54:44.638+0000] {taskinstance.py:1165} INFO - Dependencies all met for <TaskInstance: user_processing.extract_user manual__2022-11-27T09:54:20.233021+00:00 [queued]>
[2022-11-27T09:54:44.676+0000] {taskinstance.py:1165} INFO - Dependencies all met for <TaskInstance: user_processing.extract_user manual__2022-11-27T09:54:20.233021+00:00 [queued]>
[2022-11-27T09:54:44.678+0000] {taskinstance.py:1362} INFO - 
--------------------------------------------------------------------------------
[2022-11-27T09:54:44.681+0000] {taskinstance.py:1363} INFO - Starting attempt 1 of 1
[2022-11-27T09:54:44.683+0000] {taskinstance.py:1364} INFO - 
--------------------------------------------------------------------------------
[2022-11-27T09:54:44.724+0000] {taskinstance.py:1383} INFO - Executing <Task(SimpleHttpOperator): extract_user> on 2022-11-27 09:54:20.233021+00:00
[2022-11-27T09:54:44.762+0000] {standard_task_runner.py:55} INFO - Started process 5154 to run task
[2022-11-27T09:54:44.777+0000] {standard_task_runner.py:82} INFO - Running: ['***', 'tasks', 'run', 'user_processing', 'extract_user', 'manual__2022-11-27T09:54:20.233021+00:00', '--job-id', '27', '--raw', '--subdir', 'DAGS_FOLDER/user_processing.py', '--cfg-path', '/tmp/tmpfhu4yxo7']
[2022-11-27T09:54:44.786+0000] {standard_task_runner.py:83} INFO - Job 27: Subtask extract_user
[2022-11-27T09:54:45.004+0000] {task_command.py:376} INFO - Running <TaskInstance: user_processing.extract_user manual__2022-11-27T09:54:20.233021+00:00 [running]> on host c7f7231a8603
[2022-11-27T09:54:45.278+0000] {taskinstance.py:1592} INFO - Exporting the following env vars:
AIRFLOW_CTX_DAG_OWNER=***
AIRFLOW_CTX_DAG_ID=user_processing
AIRFLOW_CTX_TASK_ID=extract_user
AIRFLOW_CTX_EXECUTION_DATE=2022-11-27T09:54:20.233021+00:00
AIRFLOW_CTX_TRY_NUMBER=1
AIRFLOW_CTX_DAG_RUN_ID=manual__2022-11-27T09:54:20.233021+00:00
[2022-11-27T09:54:45.288+0000] {http.py:121} INFO - Calling HTTP method
[2022-11-27T09:54:45.391+0000] {base.py:71} INFO - Using connection ID 'user_api' for task execution.
[2022-11-27T09:54:45.419+0000] {http.py:148} INFO - Sending 'GET' to url: https://randomuser.me/api/
[2022-11-27T09:54:46.056+0000] {http.py:125} INFO - {"results":[{"gender":"female","name":{"title":"Miss","first":"Laura","last":"Johnston"},"location":{"street":{"number":1206,"name":"Kingsway"},"city":"Nottingham","state":"Dyfed","country":"United Kingdom","postcode":"Y0 9LA","coordinates":{"latitude":"-6.4273","longitude":"21.0847"},"timezone":{"offset":"+1:00","description":"Brussels, Copenhagen, Madrid, Paris"}},"email":"laura.johnston@example.com","login":{"uuid":"97271595-cd2a-4a7e-b30c-a5818de23e25","username":"smallostrich426","password":"2005","salt":"2jOOE3mn","md5":"a48dd8d11180524add38bed3a72dde1c","sha1":"c412c5b1f181b5419fbc6c119b90e44422846e57","sha256":"86232095aee1b4734df507bcc152067b1393e46e2e235df5b8bb8bfaaf0c3eb3"},"dob":{"date":"1975-07-27T00:06:24.947Z","age":47},"registered":{"date":"2003-09-20T18:52:47.541Z","age":19},"phone":"025 5989 1785","cell":"07613 112124","id":{"name":"NINO","value":"JG 79 41 80 D"},"picture":{"large":"https://randomuser.me/api/portraits/women/53.jpg","medium":"https://randomuser.me/api/portraits/med/women/53.jpg","thumbnail":"https://randomuser.me/api/portraits/thumb/women/53.jpg"},"nat":"GB"}],"info":{"seed":"976367d68cb584c8","results":1,"page":1,"version":"1.4"}}
[2022-11-27T09:54:46.288+0000] {taskinstance.py:1406} INFO - Marking task as SUCCESS. dag_id=user_processing, task_id=extract_user, execution_date=20221127T095420, start_date=20221127T095444, end_date=20221127T095446
[2022-11-27T09:54:46.571+0000] {local_task_job.py:164} INFO - Task exited with return code 0
[2022-11-27T09:54:46.812+0000] {local_task_job.py:273} INFO - 1 downstream tasks scheduled from follow-on schedule check
