[2022-11-27T08:05:03.927+0000] {taskinstance.py:1165} INFO - Dependencies all met for <TaskInstance: example_bash_operator.run_after_loop scheduled__2022-11-26T00:00:00+00:00 [queued]>
[2022-11-27T08:05:03.970+0000] {taskinstance.py:1165} INFO - Dependencies all met for <TaskInstance: example_bash_operator.run_after_loop scheduled__2022-11-26T00:00:00+00:00 [queued]>
[2022-11-27T08:05:03.971+0000] {taskinstance.py:1362} INFO - 
--------------------------------------------------------------------------------
[2022-11-27T08:05:03.973+0000] {taskinstance.py:1363} INFO - Starting attempt 1 of 1
[2022-11-27T08:05:03.974+0000] {taskinstance.py:1364} INFO - 
--------------------------------------------------------------------------------
[2022-11-27T08:05:04.002+0000] {taskinstance.py:1383} INFO - Executing <Task(BashOperator): run_after_loop> on 2022-11-26 00:00:00+00:00
[2022-11-27T08:05:04.020+0000] {standard_task_runner.py:55} INFO - Started process 653 to run task
[2022-11-27T08:05:04.046+0000] {standard_task_runner.py:82} INFO - Running: ['***', 'tasks', 'run', 'example_bash_operator', 'run_after_loop', 'scheduled__2022-11-26T00:00:00+00:00', '--job-id', '8', '--raw', '--subdir', '/home/***/.local/lib/python3.7/site-packages/***/example_dags/example_bash_operator.py', '--cfg-path', '/tmp/tmp1emua8jw']
[2022-11-27T08:05:04.050+0000] {standard_task_runner.py:83} INFO - Job 8: Subtask run_after_loop
[2022-11-27T08:05:04.313+0000] {task_command.py:376} INFO - Running <TaskInstance: example_bash_operator.run_after_loop scheduled__2022-11-26T00:00:00+00:00 [running]> on host c7f7231a8603
[2022-11-27T08:05:04.500+0000] {taskinstance.py:1592} INFO - Exporting the following env vars:
AIRFLOW_CTX_DAG_OWNER=***
AIRFLOW_CTX_DAG_ID=example_bash_operator
AIRFLOW_CTX_TASK_ID=run_after_loop
AIRFLOW_CTX_EXECUTION_DATE=2022-11-26T00:00:00+00:00
AIRFLOW_CTX_TRY_NUMBER=1
AIRFLOW_CTX_DAG_RUN_ID=scheduled__2022-11-26T00:00:00+00:00
[2022-11-27T08:05:04.505+0000] {subprocess.py:63} INFO - Tmp dir root location: 
 /tmp
[2022-11-27T08:05:04.508+0000] {subprocess.py:75} INFO - Running command: ['/bin/bash', '-c', 'echo 1']
[2022-11-27T08:05:04.525+0000] {subprocess.py:86} INFO - Output:
[2022-11-27T08:05:04.529+0000] {subprocess.py:93} INFO - 1
[2022-11-27T08:05:04.531+0000] {subprocess.py:97} INFO - Command exited with return code 0
[2022-11-27T08:05:04.556+0000] {taskinstance.py:1406} INFO - Marking task as SUCCESS. dag_id=example_bash_operator, task_id=run_after_loop, execution_date=20221126T000000, start_date=20221127T080503, end_date=20221127T080504
[2022-11-27T08:05:04.601+0000] {local_task_job.py:164} INFO - Task exited with return code 0
[2022-11-27T08:05:04.640+0000] {local_task_job.py:273} INFO - 0 downstream tasks scheduled from follow-on schedule check
