[2023-01-11T01:09:34.998+0000] {processor.py:154} INFO - Started process (PID=17326) to work on /home/airflow/.local/lib/python3.7/site-packages/airflow/example_dags/example_branch_labels.py
[2023-01-11T01:09:35.000+0000] {processor.py:756} INFO - Processing file /home/airflow/.local/lib/python3.7/site-packages/airflow/example_dags/example_branch_labels.py for tasks to queue
[2023-01-11T01:09:35.003+0000] {logging_mixin.py:120} INFO - [2023-01-11T01:09:35.002+0000] {dagbag.py:537} INFO - Filling up the DagBag from /home/airflow/.local/lib/python3.7/site-packages/airflow/example_dags/example_branch_labels.py
[2023-01-11T01:09:35.060+0000] {processor.py:766} INFO - DAG(s) dict_keys(['example_branch_labels']) retrieved from /home/airflow/.local/lib/python3.7/site-packages/airflow/example_dags/example_branch_labels.py
[2023-01-11T01:09:35.191+0000] {logging_mixin.py:120} INFO - [2023-01-11T01:09:35.191+0000] {dag.py:2585} INFO - Sync 1 DAGs
[2023-01-11T01:09:35.330+0000] {logging_mixin.py:120} INFO - [2023-01-11T01:09:35.330+0000] {dag.py:3340} INFO - Setting next_dagrun for example_branch_labels to 2023-01-10T00:00:00+00:00, run_after=2023-01-11T00:00:00+00:00
[2023-01-11T01:09:35.433+0000] {processor.py:176} INFO - Processing /home/airflow/.local/lib/python3.7/site-packages/airflow/example_dags/example_branch_labels.py took 0.444 seconds
[2023-01-11T01:10:05.940+0000] {processor.py:154} INFO - Started process (PID=17384) to work on /home/airflow/.local/lib/python3.7/site-packages/airflow/example_dags/example_branch_labels.py
[2023-01-11T01:10:05.942+0000] {processor.py:756} INFO - Processing file /home/airflow/.local/lib/python3.7/site-packages/airflow/example_dags/example_branch_labels.py for tasks to queue
[2023-01-11T01:10:05.944+0000] {logging_mixin.py:120} INFO - [2023-01-11T01:10:05.944+0000] {dagbag.py:537} INFO - Filling up the DagBag from /home/airflow/.local/lib/python3.7/site-packages/airflow/example_dags/example_branch_labels.py
[2023-01-11T01:10:05.970+0000] {processor.py:766} INFO - DAG(s) dict_keys(['example_branch_labels']) retrieved from /home/airflow/.local/lib/python3.7/site-packages/airflow/example_dags/example_branch_labels.py
[2023-01-11T01:10:06.054+0000] {logging_mixin.py:120} INFO - [2023-01-11T01:10:06.053+0000] {dag.py:2585} INFO - Sync 1 DAGs
[2023-01-11T01:10:06.122+0000] {logging_mixin.py:120} INFO - [2023-01-11T01:10:06.122+0000] {dag.py:3340} INFO - Setting next_dagrun for example_branch_labels to 2023-01-10T00:00:00+00:00, run_after=2023-01-11T00:00:00+00:00
[2023-01-11T01:10:06.172+0000] {processor.py:176} INFO - Processing /home/airflow/.local/lib/python3.7/site-packages/airflow/example_dags/example_branch_labels.py took 0.238 seconds
[2023-01-11T01:10:36.439+0000] {processor.py:154} INFO - Started process (PID=17450) to work on /home/airflow/.local/lib/python3.7/site-packages/airflow/example_dags/example_branch_labels.py
[2023-01-11T01:10:36.441+0000] {processor.py:756} INFO - Processing file /home/airflow/.local/lib/python3.7/site-packages/airflow/example_dags/example_branch_labels.py for tasks to queue
[2023-01-11T01:10:36.443+0000] {logging_mixin.py:120} INFO - [2023-01-11T01:10:36.442+0000] {dagbag.py:537} INFO - Filling up the DagBag from /home/airflow/.local/lib/python3.7/site-packages/airflow/example_dags/example_branch_labels.py
[2023-01-11T01:10:36.468+0000] {processor.py:766} INFO - DAG(s) dict_keys(['example_branch_labels']) retrieved from /home/airflow/.local/lib/python3.7/site-packages/airflow/example_dags/example_branch_labels.py
[2023-01-11T01:10:36.674+0000] {logging_mixin.py:120} INFO - [2023-01-11T01:10:36.673+0000] {dag.py:2585} INFO - Sync 1 DAGs
[2023-01-11T01:10:36.769+0000] {logging_mixin.py:120} INFO - [2023-01-11T01:10:36.769+0000] {dag.py:3340} INFO - Setting next_dagrun for example_branch_labels to 2023-01-10T00:00:00+00:00, run_after=2023-01-11T00:00:00+00:00
[2023-01-11T01:10:36.836+0000] {processor.py:176} INFO - Processing /home/airflow/.local/lib/python3.7/site-packages/airflow/example_dags/example_branch_labels.py took 0.403 seconds
[2023-01-11T01:11:07.874+0000] {processor.py:154} INFO - Started process (PID=17507) to work on /home/airflow/.local/lib/python3.7/site-packages/airflow/example_dags/example_branch_labels.py
[2023-01-11T01:11:07.875+0000] {processor.py:756} INFO - Processing file /home/airflow/.local/lib/python3.7/site-packages/airflow/example_dags/example_branch_labels.py for tasks to queue
[2023-01-11T01:11:07.876+0000] {logging_mixin.py:120} INFO - [2023-01-11T01:11:07.876+0000] {dagbag.py:537} INFO - Filling up the DagBag from /home/airflow/.local/lib/python3.7/site-packages/airflow/example_dags/example_branch_labels.py
[2023-01-11T01:11:07.898+0000] {processor.py:766} INFO - DAG(s) dict_keys(['example_branch_labels']) retrieved from /home/airflow/.local/lib/python3.7/site-packages/airflow/example_dags/example_branch_labels.py
[2023-01-11T01:11:07.958+0000] {logging_mixin.py:120} INFO - [2023-01-11T01:11:07.958+0000] {dag.py:2585} INFO - Sync 1 DAGs
[2023-01-11T01:11:07.986+0000] {logging_mixin.py:120} INFO - [2023-01-11T01:11:07.986+0000] {dag.py:3340} INFO - Setting next_dagrun for example_branch_labels to 2023-01-10T00:00:00+00:00, run_after=2023-01-11T00:00:00+00:00
[2023-01-11T01:11:08.009+0000] {processor.py:176} INFO - Processing /home/airflow/.local/lib/python3.7/site-packages/airflow/example_dags/example_branch_labels.py took 0.138 seconds
[2023-01-11T01:11:38.158+0000] {processor.py:154} INFO - Started process (PID=17574) to work on /home/airflow/.local/lib/python3.7/site-packages/airflow/example_dags/example_branch_labels.py
[2023-01-11T01:11:38.160+0000] {processor.py:756} INFO - Processing file /home/airflow/.local/lib/python3.7/site-packages/airflow/example_dags/example_branch_labels.py for tasks to queue
[2023-01-11T01:11:38.161+0000] {logging_mixin.py:120} INFO - [2023-01-11T01:11:38.161+0000] {dagbag.py:537} INFO - Filling up the DagBag from /home/airflow/.local/lib/python3.7/site-packages/airflow/example_dags/example_branch_labels.py
[2023-01-11T01:11:38.197+0000] {processor.py:766} INFO - DAG(s) dict_keys(['example_branch_labels']) retrieved from /home/airflow/.local/lib/python3.7/site-packages/airflow/example_dags/example_branch_labels.py
[2023-01-11T01:11:38.299+0000] {logging_mixin.py:120} INFO - [2023-01-11T01:11:38.299+0000] {dag.py:2585} INFO - Sync 1 DAGs
[2023-01-11T01:11:38.365+0000] {logging_mixin.py:120} INFO - [2023-01-11T01:11:38.364+0000] {dag.py:3340} INFO - Setting next_dagrun for example_branch_labels to 2023-01-10T00:00:00+00:00, run_after=2023-01-11T00:00:00+00:00
[2023-01-11T01:11:38.409+0000] {processor.py:176} INFO - Processing /home/airflow/.local/lib/python3.7/site-packages/airflow/example_dags/example_branch_labels.py took 0.257 seconds
[2023-01-11T01:12:09.333+0000] {processor.py:154} INFO - Started process (PID=17641) to work on /home/airflow/.local/lib/python3.7/site-packages/airflow/example_dags/example_branch_labels.py
[2023-01-11T01:12:09.335+0000] {processor.py:756} INFO - Processing file /home/airflow/.local/lib/python3.7/site-packages/airflow/example_dags/example_branch_labels.py for tasks to queue
[2023-01-11T01:12:09.337+0000] {logging_mixin.py:120} INFO - [2023-01-11T01:12:09.336+0000] {dagbag.py:537} INFO - Filling up the DagBag from /home/airflow/.local/lib/python3.7/site-packages/airflow/example_dags/example_branch_labels.py
[2023-01-11T01:12:09.371+0000] {processor.py:766} INFO - DAG(s) dict_keys(['example_branch_labels']) retrieved from /home/airflow/.local/lib/python3.7/site-packages/airflow/example_dags/example_branch_labels.py
[2023-01-11T01:12:09.464+0000] {logging_mixin.py:120} INFO - [2023-01-11T01:12:09.464+0000] {dag.py:2585} INFO - Sync 1 DAGs
[2023-01-11T01:12:09.542+0000] {logging_mixin.py:120} INFO - [2023-01-11T01:12:09.542+0000] {dag.py:3340} INFO - Setting next_dagrun for example_branch_labels to 2023-01-10T00:00:00+00:00, run_after=2023-01-11T00:00:00+00:00
[2023-01-11T01:12:09.590+0000] {processor.py:176} INFO - Processing /home/airflow/.local/lib/python3.7/site-packages/airflow/example_dags/example_branch_labels.py took 0.266 seconds
[2023-01-11T01:12:40.105+0000] {processor.py:154} INFO - Started process (PID=17699) to work on /home/airflow/.local/lib/python3.7/site-packages/airflow/example_dags/example_branch_labels.py
[2023-01-11T01:12:40.106+0000] {processor.py:756} INFO - Processing file /home/airflow/.local/lib/python3.7/site-packages/airflow/example_dags/example_branch_labels.py for tasks to queue
[2023-01-11T01:12:40.107+0000] {logging_mixin.py:120} INFO - [2023-01-11T01:12:40.107+0000] {dagbag.py:537} INFO - Filling up the DagBag from /home/airflow/.local/lib/python3.7/site-packages/airflow/example_dags/example_branch_labels.py
[2023-01-11T01:12:40.123+0000] {processor.py:766} INFO - DAG(s) dict_keys(['example_branch_labels']) retrieved from /home/airflow/.local/lib/python3.7/site-packages/airflow/example_dags/example_branch_labels.py
[2023-01-11T01:12:40.176+0000] {logging_mixin.py:120} INFO - [2023-01-11T01:12:40.176+0000] {dag.py:2585} INFO - Sync 1 DAGs
[2023-01-11T01:12:40.211+0000] {logging_mixin.py:120} INFO - [2023-01-11T01:12:40.211+0000] {dag.py:3340} INFO - Setting next_dagrun for example_branch_labels to 2023-01-10T00:00:00+00:00, run_after=2023-01-11T00:00:00+00:00
[2023-01-11T01:12:40.238+0000] {processor.py:176} INFO - Processing /home/airflow/.local/lib/python3.7/site-packages/airflow/example_dags/example_branch_labels.py took 0.138 seconds
[2023-01-11T01:13:10.412+0000] {processor.py:154} INFO - Started process (PID=17766) to work on /home/airflow/.local/lib/python3.7/site-packages/airflow/example_dags/example_branch_labels.py
[2023-01-11T01:13:10.413+0000] {processor.py:756} INFO - Processing file /home/airflow/.local/lib/python3.7/site-packages/airflow/example_dags/example_branch_labels.py for tasks to queue
[2023-01-11T01:13:10.415+0000] {logging_mixin.py:120} INFO - [2023-01-11T01:13:10.415+0000] {dagbag.py:537} INFO - Filling up the DagBag from /home/airflow/.local/lib/python3.7/site-packages/airflow/example_dags/example_branch_labels.py
[2023-01-11T01:13:10.442+0000] {processor.py:766} INFO - DAG(s) dict_keys(['example_branch_labels']) retrieved from /home/airflow/.local/lib/python3.7/site-packages/airflow/example_dags/example_branch_labels.py
[2023-01-11T01:13:10.522+0000] {logging_mixin.py:120} INFO - [2023-01-11T01:13:10.522+0000] {dag.py:2585} INFO - Sync 1 DAGs
[2023-01-11T01:13:10.583+0000] {logging_mixin.py:120} INFO - [2023-01-11T01:13:10.582+0000] {dag.py:3340} INFO - Setting next_dagrun for example_branch_labels to 2023-01-10T00:00:00+00:00, run_after=2023-01-11T00:00:00+00:00
[2023-01-11T01:13:10.628+0000] {processor.py:176} INFO - Processing /home/airflow/.local/lib/python3.7/site-packages/airflow/example_dags/example_branch_labels.py took 0.223 seconds
[2023-01-11T01:13:41.418+0000] {processor.py:154} INFO - Started process (PID=17824) to work on /home/airflow/.local/lib/python3.7/site-packages/airflow/example_dags/example_branch_labels.py
[2023-01-11T01:13:41.419+0000] {processor.py:756} INFO - Processing file /home/airflow/.local/lib/python3.7/site-packages/airflow/example_dags/example_branch_labels.py for tasks to queue
[2023-01-11T01:13:41.420+0000] {logging_mixin.py:120} INFO - [2023-01-11T01:13:41.420+0000] {dagbag.py:537} INFO - Filling up the DagBag from /home/airflow/.local/lib/python3.7/site-packages/airflow/example_dags/example_branch_labels.py
[2023-01-11T01:13:41.436+0000] {processor.py:766} INFO - DAG(s) dict_keys(['example_branch_labels']) retrieved from /home/airflow/.local/lib/python3.7/site-packages/airflow/example_dags/example_branch_labels.py
[2023-01-11T01:13:41.488+0000] {logging_mixin.py:120} INFO - [2023-01-11T01:13:41.488+0000] {dag.py:2585} INFO - Sync 1 DAGs
[2023-01-11T01:13:41.517+0000] {logging_mixin.py:120} INFO - [2023-01-11T01:13:41.517+0000] {dag.py:3340} INFO - Setting next_dagrun for example_branch_labels to 2023-01-10T00:00:00+00:00, run_after=2023-01-11T00:00:00+00:00
[2023-01-11T01:13:41.546+0000] {processor.py:176} INFO - Processing /home/airflow/.local/lib/python3.7/site-packages/airflow/example_dags/example_branch_labels.py took 0.132 seconds
[2023-01-11T01:14:11.871+0000] {processor.py:154} INFO - Started process (PID=17891) to work on /home/airflow/.local/lib/python3.7/site-packages/airflow/example_dags/example_branch_labels.py
[2023-01-11T01:14:11.871+0000] {processor.py:756} INFO - Processing file /home/airflow/.local/lib/python3.7/site-packages/airflow/example_dags/example_branch_labels.py for tasks to queue
[2023-01-11T01:14:11.872+0000] {logging_mixin.py:120} INFO - [2023-01-11T01:14:11.872+0000] {dagbag.py:537} INFO - Filling up the DagBag from /home/airflow/.local/lib/python3.7/site-packages/airflow/example_dags/example_branch_labels.py
[2023-01-11T01:14:11.894+0000] {processor.py:766} INFO - DAG(s) dict_keys(['example_branch_labels']) retrieved from /home/airflow/.local/lib/python3.7/site-packages/airflow/example_dags/example_branch_labels.py
[2023-01-11T01:14:11.948+0000] {logging_mixin.py:120} INFO - [2023-01-11T01:14:11.948+0000] {dag.py:2585} INFO - Sync 1 DAGs
[2023-01-11T01:14:11.979+0000] {logging_mixin.py:120} INFO - [2023-01-11T01:14:11.979+0000] {dag.py:3340} INFO - Setting next_dagrun for example_branch_labels to 2023-01-10T00:00:00+00:00, run_after=2023-01-11T00:00:00+00:00
[2023-01-11T01:14:12.007+0000] {processor.py:176} INFO - Processing /home/airflow/.local/lib/python3.7/site-packages/airflow/example_dags/example_branch_labels.py took 0.141 seconds
[2023-01-11T01:14:42.078+0000] {processor.py:154} INFO - Started process (PID=17959) to work on /home/airflow/.local/lib/python3.7/site-packages/airflow/example_dags/example_branch_labels.py
[2023-01-11T01:14:42.081+0000] {processor.py:756} INFO - Processing file /home/airflow/.local/lib/python3.7/site-packages/airflow/example_dags/example_branch_labels.py for tasks to queue
[2023-01-11T01:14:42.083+0000] {logging_mixin.py:120} INFO - [2023-01-11T01:14:42.083+0000] {dagbag.py:537} INFO - Filling up the DagBag from /home/airflow/.local/lib/python3.7/site-packages/airflow/example_dags/example_branch_labels.py
[2023-01-11T01:14:42.123+0000] {processor.py:766} INFO - DAG(s) dict_keys(['example_branch_labels']) retrieved from /home/airflow/.local/lib/python3.7/site-packages/airflow/example_dags/example_branch_labels.py
[2023-01-11T01:14:42.210+0000] {logging_mixin.py:120} INFO - [2023-01-11T01:14:42.210+0000] {dag.py:2585} INFO - Sync 1 DAGs
[2023-01-11T01:14:42.255+0000] {logging_mixin.py:120} INFO - [2023-01-11T01:14:42.255+0000] {dag.py:3340} INFO - Setting next_dagrun for example_branch_labels to 2023-01-10T00:00:00+00:00, run_after=2023-01-11T00:00:00+00:00
[2023-01-11T01:14:42.293+0000] {processor.py:176} INFO - Processing /home/airflow/.local/lib/python3.7/site-packages/airflow/example_dags/example_branch_labels.py took 0.223 seconds
[2023-01-11T01:15:12.755+0000] {processor.py:154} INFO - Started process (PID=18017) to work on /home/airflow/.local/lib/python3.7/site-packages/airflow/example_dags/example_branch_labels.py
[2023-01-11T01:15:12.758+0000] {processor.py:756} INFO - Processing file /home/airflow/.local/lib/python3.7/site-packages/airflow/example_dags/example_branch_labels.py for tasks to queue
[2023-01-11T01:15:12.760+0000] {logging_mixin.py:120} INFO - [2023-01-11T01:15:12.760+0000] {dagbag.py:537} INFO - Filling up the DagBag from /home/airflow/.local/lib/python3.7/site-packages/airflow/example_dags/example_branch_labels.py
[2023-01-11T01:15:12.790+0000] {processor.py:766} INFO - DAG(s) dict_keys(['example_branch_labels']) retrieved from /home/airflow/.local/lib/python3.7/site-packages/airflow/example_dags/example_branch_labels.py
[2023-01-11T01:15:12.884+0000] {logging_mixin.py:120} INFO - [2023-01-11T01:15:12.884+0000] {dag.py:2585} INFO - Sync 1 DAGs
[2023-01-11T01:15:12.936+0000] {logging_mixin.py:120} INFO - [2023-01-11T01:15:12.936+0000] {dag.py:3340} INFO - Setting next_dagrun for example_branch_labels to 2023-01-10T00:00:00+00:00, run_after=2023-01-11T00:00:00+00:00
[2023-01-11T01:15:12.988+0000] {processor.py:176} INFO - Processing /home/airflow/.local/lib/python3.7/site-packages/airflow/example_dags/example_branch_labels.py took 0.241 seconds
[2023-01-11T01:15:43.830+0000] {processor.py:154} INFO - Started process (PID=18084) to work on /home/airflow/.local/lib/python3.7/site-packages/airflow/example_dags/example_branch_labels.py
[2023-01-11T01:15:43.832+0000] {processor.py:756} INFO - Processing file /home/airflow/.local/lib/python3.7/site-packages/airflow/example_dags/example_branch_labels.py for tasks to queue
[2023-01-11T01:15:43.835+0000] {logging_mixin.py:120} INFO - [2023-01-11T01:15:43.834+0000] {dagbag.py:537} INFO - Filling up the DagBag from /home/airflow/.local/lib/python3.7/site-packages/airflow/example_dags/example_branch_labels.py
[2023-01-11T01:15:43.870+0000] {processor.py:766} INFO - DAG(s) dict_keys(['example_branch_labels']) retrieved from /home/airflow/.local/lib/python3.7/site-packages/airflow/example_dags/example_branch_labels.py
[2023-01-11T01:15:43.970+0000] {logging_mixin.py:120} INFO - [2023-01-11T01:15:43.969+0000] {dag.py:2585} INFO - Sync 1 DAGs
[2023-01-11T01:15:44.023+0000] {logging_mixin.py:120} INFO - [2023-01-11T01:15:44.022+0000] {dag.py:3340} INFO - Setting next_dagrun for example_branch_labels to 2023-01-10T00:00:00+00:00, run_after=2023-01-11T00:00:00+00:00
[2023-01-11T01:15:44.087+0000] {processor.py:176} INFO - Processing /home/airflow/.local/lib/python3.7/site-packages/airflow/example_dags/example_branch_labels.py took 0.262 seconds
[2023-01-11T01:16:14.148+0000] {processor.py:154} INFO - Started process (PID=18143) to work on /home/airflow/.local/lib/python3.7/site-packages/airflow/example_dags/example_branch_labels.py
[2023-01-11T01:16:14.150+0000] {processor.py:756} INFO - Processing file /home/airflow/.local/lib/python3.7/site-packages/airflow/example_dags/example_branch_labels.py for tasks to queue
[2023-01-11T01:16:14.151+0000] {logging_mixin.py:120} INFO - [2023-01-11T01:16:14.151+0000] {dagbag.py:537} INFO - Filling up the DagBag from /home/airflow/.local/lib/python3.7/site-packages/airflow/example_dags/example_branch_labels.py
[2023-01-11T01:16:14.169+0000] {processor.py:766} INFO - DAG(s) dict_keys(['example_branch_labels']) retrieved from /home/airflow/.local/lib/python3.7/site-packages/airflow/example_dags/example_branch_labels.py
[2023-01-11T01:16:14.215+0000] {logging_mixin.py:120} INFO - [2023-01-11T01:16:14.215+0000] {dag.py:2585} INFO - Sync 1 DAGs
[2023-01-11T01:16:14.247+0000] {logging_mixin.py:120} INFO - [2023-01-11T01:16:14.246+0000] {dag.py:3340} INFO - Setting next_dagrun for example_branch_labels to 2023-01-10T00:00:00+00:00, run_after=2023-01-11T00:00:00+00:00
[2023-01-11T01:16:14.280+0000] {processor.py:176} INFO - Processing /home/airflow/.local/lib/python3.7/site-packages/airflow/example_dags/example_branch_labels.py took 0.137 seconds
[2023-01-11T01:16:44.857+0000] {processor.py:154} INFO - Started process (PID=18210) to work on /home/airflow/.local/lib/python3.7/site-packages/airflow/example_dags/example_branch_labels.py
[2023-01-11T01:16:44.859+0000] {processor.py:756} INFO - Processing file /home/airflow/.local/lib/python3.7/site-packages/airflow/example_dags/example_branch_labels.py for tasks to queue
[2023-01-11T01:16:44.861+0000] {logging_mixin.py:120} INFO - [2023-01-11T01:16:44.861+0000] {dagbag.py:537} INFO - Filling up the DagBag from /home/airflow/.local/lib/python3.7/site-packages/airflow/example_dags/example_branch_labels.py
[2023-01-11T01:16:44.880+0000] {processor.py:766} INFO - DAG(s) dict_keys(['example_branch_labels']) retrieved from /home/airflow/.local/lib/python3.7/site-packages/airflow/example_dags/example_branch_labels.py
[2023-01-11T01:16:44.943+0000] {logging_mixin.py:120} INFO - [2023-01-11T01:16:44.943+0000] {dag.py:2585} INFO - Sync 1 DAGs
[2023-01-11T01:16:44.995+0000] {logging_mixin.py:120} INFO - [2023-01-11T01:16:44.995+0000] {dag.py:3340} INFO - Setting next_dagrun for example_branch_labels to 2023-01-10T00:00:00+00:00, run_after=2023-01-11T00:00:00+00:00
[2023-01-11T01:16:45.046+0000] {processor.py:176} INFO - Processing /home/airflow/.local/lib/python3.7/site-packages/airflow/example_dags/example_branch_labels.py took 0.196 seconds
[2023-01-11T01:17:15.257+0000] {processor.py:154} INFO - Started process (PID=18268) to work on /home/airflow/.local/lib/python3.7/site-packages/airflow/example_dags/example_branch_labels.py
[2023-01-11T01:17:15.259+0000] {processor.py:756} INFO - Processing file /home/airflow/.local/lib/python3.7/site-packages/airflow/example_dags/example_branch_labels.py for tasks to queue
[2023-01-11T01:17:15.261+0000] {logging_mixin.py:120} INFO - [2023-01-11T01:17:15.260+0000] {dagbag.py:537} INFO - Filling up the DagBag from /home/airflow/.local/lib/python3.7/site-packages/airflow/example_dags/example_branch_labels.py
[2023-01-11T01:17:15.297+0000] {processor.py:766} INFO - DAG(s) dict_keys(['example_branch_labels']) retrieved from /home/airflow/.local/lib/python3.7/site-packages/airflow/example_dags/example_branch_labels.py
[2023-01-11T01:17:15.360+0000] {logging_mixin.py:120} INFO - [2023-01-11T01:17:15.360+0000] {dag.py:2585} INFO - Sync 1 DAGs
[2023-01-11T01:17:15.402+0000] {logging_mixin.py:120} INFO - [2023-01-11T01:17:15.402+0000] {dag.py:3340} INFO - Setting next_dagrun for example_branch_labels to 2023-01-10T00:00:00+00:00, run_after=2023-01-11T00:00:00+00:00
[2023-01-11T01:17:15.436+0000] {processor.py:176} INFO - Processing /home/airflow/.local/lib/python3.7/site-packages/airflow/example_dags/example_branch_labels.py took 0.186 seconds
[2023-01-11T01:17:45.482+0000] {processor.py:154} INFO - Started process (PID=18336) to work on /home/airflow/.local/lib/python3.7/site-packages/airflow/example_dags/example_branch_labels.py
[2023-01-11T01:17:45.483+0000] {processor.py:756} INFO - Processing file /home/airflow/.local/lib/python3.7/site-packages/airflow/example_dags/example_branch_labels.py for tasks to queue
[2023-01-11T01:17:45.485+0000] {logging_mixin.py:120} INFO - [2023-01-11T01:17:45.485+0000] {dagbag.py:537} INFO - Filling up the DagBag from /home/airflow/.local/lib/python3.7/site-packages/airflow/example_dags/example_branch_labels.py
[2023-01-11T01:17:45.513+0000] {processor.py:766} INFO - DAG(s) dict_keys(['example_branch_labels']) retrieved from /home/airflow/.local/lib/python3.7/site-packages/airflow/example_dags/example_branch_labels.py
[2023-01-11T01:17:45.572+0000] {logging_mixin.py:120} INFO - [2023-01-11T01:17:45.572+0000] {dag.py:2585} INFO - Sync 1 DAGs
[2023-01-11T01:17:45.617+0000] {logging_mixin.py:120} INFO - [2023-01-11T01:17:45.617+0000] {dag.py:3340} INFO - Setting next_dagrun for example_branch_labels to 2023-01-10T00:00:00+00:00, run_after=2023-01-11T00:00:00+00:00
[2023-01-11T01:17:45.668+0000] {processor.py:176} INFO - Processing /home/airflow/.local/lib/python3.7/site-packages/airflow/example_dags/example_branch_labels.py took 0.190 seconds
[2023-01-11T01:18:15.821+0000] {processor.py:154} INFO - Started process (PID=18394) to work on /home/airflow/.local/lib/python3.7/site-packages/airflow/example_dags/example_branch_labels.py
[2023-01-11T01:18:15.824+0000] {processor.py:756} INFO - Processing file /home/airflow/.local/lib/python3.7/site-packages/airflow/example_dags/example_branch_labels.py for tasks to queue
[2023-01-11T01:18:15.828+0000] {logging_mixin.py:120} INFO - [2023-01-11T01:18:15.827+0000] {dagbag.py:537} INFO - Filling up the DagBag from /home/airflow/.local/lib/python3.7/site-packages/airflow/example_dags/example_branch_labels.py
[2023-01-11T01:18:15.881+0000] {processor.py:766} INFO - DAG(s) dict_keys(['example_branch_labels']) retrieved from /home/airflow/.local/lib/python3.7/site-packages/airflow/example_dags/example_branch_labels.py
[2023-01-11T01:18:15.978+0000] {logging_mixin.py:120} INFO - [2023-01-11T01:18:15.978+0000] {dag.py:2585} INFO - Sync 1 DAGs
[2023-01-11T01:18:16.006+0000] {logging_mixin.py:120} INFO - [2023-01-11T01:18:16.005+0000] {dag.py:3340} INFO - Setting next_dagrun for example_branch_labels to 2023-01-10T00:00:00+00:00, run_after=2023-01-11T00:00:00+00:00
[2023-01-11T01:18:16.034+0000] {processor.py:176} INFO - Processing /home/airflow/.local/lib/python3.7/site-packages/airflow/example_dags/example_branch_labels.py took 0.222 seconds
[2023-01-11T01:18:46.591+0000] {processor.py:154} INFO - Started process (PID=18461) to work on /home/airflow/.local/lib/python3.7/site-packages/airflow/example_dags/example_branch_labels.py
[2023-01-11T01:18:46.592+0000] {processor.py:756} INFO - Processing file /home/airflow/.local/lib/python3.7/site-packages/airflow/example_dags/example_branch_labels.py for tasks to queue
[2023-01-11T01:18:46.593+0000] {logging_mixin.py:120} INFO - [2023-01-11T01:18:46.593+0000] {dagbag.py:537} INFO - Filling up the DagBag from /home/airflow/.local/lib/python3.7/site-packages/airflow/example_dags/example_branch_labels.py
[2023-01-11T01:18:46.612+0000] {processor.py:766} INFO - DAG(s) dict_keys(['example_branch_labels']) retrieved from /home/airflow/.local/lib/python3.7/site-packages/airflow/example_dags/example_branch_labels.py
[2023-01-11T01:18:46.683+0000] {logging_mixin.py:120} INFO - [2023-01-11T01:18:46.682+0000] {dag.py:2585} INFO - Sync 1 DAGs
[2023-01-11T01:18:46.737+0000] {logging_mixin.py:120} INFO - [2023-01-11T01:18:46.736+0000] {dag.py:3340} INFO - Setting next_dagrun for example_branch_labels to 2023-01-10T00:00:00+00:00, run_after=2023-01-11T00:00:00+00:00
[2023-01-11T01:18:46.774+0000] {processor.py:176} INFO - Processing /home/airflow/.local/lib/python3.7/site-packages/airflow/example_dags/example_branch_labels.py took 0.187 seconds
[2023-01-11T01:19:17.144+0000] {processor.py:154} INFO - Started process (PID=18519) to work on /home/airflow/.local/lib/python3.7/site-packages/airflow/example_dags/example_branch_labels.py
[2023-01-11T01:19:17.146+0000] {processor.py:756} INFO - Processing file /home/airflow/.local/lib/python3.7/site-packages/airflow/example_dags/example_branch_labels.py for tasks to queue
[2023-01-11T01:19:17.147+0000] {logging_mixin.py:120} INFO - [2023-01-11T01:19:17.147+0000] {dagbag.py:537} INFO - Filling up the DagBag from /home/airflow/.local/lib/python3.7/site-packages/airflow/example_dags/example_branch_labels.py
[2023-01-11T01:19:17.170+0000] {processor.py:766} INFO - DAG(s) dict_keys(['example_branch_labels']) retrieved from /home/airflow/.local/lib/python3.7/site-packages/airflow/example_dags/example_branch_labels.py
[2023-01-11T01:19:17.226+0000] {logging_mixin.py:120} INFO - [2023-01-11T01:19:17.226+0000] {dag.py:2585} INFO - Sync 1 DAGs
[2023-01-11T01:19:17.259+0000] {logging_mixin.py:120} INFO - [2023-01-11T01:19:17.259+0000] {dag.py:3340} INFO - Setting next_dagrun for example_branch_labels to 2023-01-10T00:00:00+00:00, run_after=2023-01-11T00:00:00+00:00
[2023-01-11T01:19:17.292+0000] {processor.py:176} INFO - Processing /home/airflow/.local/lib/python3.7/site-packages/airflow/example_dags/example_branch_labels.py took 0.152 seconds
[2023-01-11T01:19:47.443+0000] {processor.py:154} INFO - Started process (PID=18586) to work on /home/airflow/.local/lib/python3.7/site-packages/airflow/example_dags/example_branch_labels.py
[2023-01-11T01:19:47.445+0000] {processor.py:756} INFO - Processing file /home/airflow/.local/lib/python3.7/site-packages/airflow/example_dags/example_branch_labels.py for tasks to queue
[2023-01-11T01:19:47.446+0000] {logging_mixin.py:120} INFO - [2023-01-11T01:19:47.446+0000] {dagbag.py:537} INFO - Filling up the DagBag from /home/airflow/.local/lib/python3.7/site-packages/airflow/example_dags/example_branch_labels.py
[2023-01-11T01:19:47.477+0000] {processor.py:766} INFO - DAG(s) dict_keys(['example_branch_labels']) retrieved from /home/airflow/.local/lib/python3.7/site-packages/airflow/example_dags/example_branch_labels.py
[2023-01-11T01:19:47.538+0000] {logging_mixin.py:120} INFO - [2023-01-11T01:19:47.538+0000] {dag.py:2585} INFO - Sync 1 DAGs
[2023-01-11T01:19:47.564+0000] {logging_mixin.py:120} INFO - [2023-01-11T01:19:47.564+0000] {dag.py:3340} INFO - Setting next_dagrun for example_branch_labels to 2023-01-10T00:00:00+00:00, run_after=2023-01-11T00:00:00+00:00
[2023-01-11T01:19:47.589+0000] {processor.py:176} INFO - Processing /home/airflow/.local/lib/python3.7/site-packages/airflow/example_dags/example_branch_labels.py took 0.149 seconds
[2023-01-11T01:20:17.653+0000] {processor.py:154} INFO - Started process (PID=18644) to work on /home/airflow/.local/lib/python3.7/site-packages/airflow/example_dags/example_branch_labels.py
[2023-01-11T01:20:17.654+0000] {processor.py:756} INFO - Processing file /home/airflow/.local/lib/python3.7/site-packages/airflow/example_dags/example_branch_labels.py for tasks to queue
[2023-01-11T01:20:17.655+0000] {logging_mixin.py:120} INFO - [2023-01-11T01:20:17.655+0000] {dagbag.py:537} INFO - Filling up the DagBag from /home/airflow/.local/lib/python3.7/site-packages/airflow/example_dags/example_branch_labels.py
[2023-01-11T01:20:17.670+0000] {processor.py:766} INFO - DAG(s) dict_keys(['example_branch_labels']) retrieved from /home/airflow/.local/lib/python3.7/site-packages/airflow/example_dags/example_branch_labels.py
[2023-01-11T01:20:17.715+0000] {logging_mixin.py:120} INFO - [2023-01-11T01:20:17.715+0000] {dag.py:2585} INFO - Sync 1 DAGs
[2023-01-11T01:20:17.747+0000] {logging_mixin.py:120} INFO - [2023-01-11T01:20:17.746+0000] {dag.py:3340} INFO - Setting next_dagrun for example_branch_labels to 2023-01-10T00:00:00+00:00, run_after=2023-01-11T00:00:00+00:00
[2023-01-11T01:20:17.769+0000] {processor.py:176} INFO - Processing /home/airflow/.local/lib/python3.7/site-packages/airflow/example_dags/example_branch_labels.py took 0.120 seconds
[2023-01-11T01:20:48.097+0000] {processor.py:154} INFO - Started process (PID=18711) to work on /home/airflow/.local/lib/python3.7/site-packages/airflow/example_dags/example_branch_labels.py
[2023-01-11T01:20:48.100+0000] {processor.py:756} INFO - Processing file /home/airflow/.local/lib/python3.7/site-packages/airflow/example_dags/example_branch_labels.py for tasks to queue
[2023-01-11T01:20:48.103+0000] {logging_mixin.py:120} INFO - [2023-01-11T01:20:48.103+0000] {dagbag.py:537} INFO - Filling up the DagBag from /home/airflow/.local/lib/python3.7/site-packages/airflow/example_dags/example_branch_labels.py
[2023-01-11T01:20:48.128+0000] {processor.py:766} INFO - DAG(s) dict_keys(['example_branch_labels']) retrieved from /home/airflow/.local/lib/python3.7/site-packages/airflow/example_dags/example_branch_labels.py
[2023-01-11T01:20:48.174+0000] {logging_mixin.py:120} INFO - [2023-01-11T01:20:48.174+0000] {dag.py:2585} INFO - Sync 1 DAGs
[2023-01-11T01:20:48.204+0000] {logging_mixin.py:120} INFO - [2023-01-11T01:20:48.204+0000] {dag.py:3340} INFO - Setting next_dagrun for example_branch_labels to 2023-01-10T00:00:00+00:00, run_after=2023-01-11T00:00:00+00:00
[2023-01-11T01:20:48.227+0000] {processor.py:176} INFO - Processing /home/airflow/.local/lib/python3.7/site-packages/airflow/example_dags/example_branch_labels.py took 0.143 seconds
[2023-01-11T01:21:18.419+0000] {processor.py:154} INFO - Started process (PID=18778) to work on /home/airflow/.local/lib/python3.7/site-packages/airflow/example_dags/example_branch_labels.py
[2023-01-11T01:21:18.420+0000] {processor.py:756} INFO - Processing file /home/airflow/.local/lib/python3.7/site-packages/airflow/example_dags/example_branch_labels.py for tasks to queue
[2023-01-11T01:21:18.422+0000] {logging_mixin.py:120} INFO - [2023-01-11T01:21:18.422+0000] {dagbag.py:537} INFO - Filling up the DagBag from /home/airflow/.local/lib/python3.7/site-packages/airflow/example_dags/example_branch_labels.py
[2023-01-11T01:21:18.450+0000] {processor.py:766} INFO - DAG(s) dict_keys(['example_branch_labels']) retrieved from /home/airflow/.local/lib/python3.7/site-packages/airflow/example_dags/example_branch_labels.py
[2023-01-11T01:21:18.504+0000] {logging_mixin.py:120} INFO - [2023-01-11T01:21:18.503+0000] {dag.py:2585} INFO - Sync 1 DAGs
[2023-01-11T01:21:18.549+0000] {logging_mixin.py:120} INFO - [2023-01-11T01:21:18.548+0000] {dag.py:3340} INFO - Setting next_dagrun for example_branch_labels to 2023-01-10T00:00:00+00:00, run_after=2023-01-11T00:00:00+00:00
[2023-01-11T01:21:18.583+0000] {processor.py:176} INFO - Processing /home/airflow/.local/lib/python3.7/site-packages/airflow/example_dags/example_branch_labels.py took 0.167 seconds
[2023-01-11T01:21:48.848+0000] {processor.py:154} INFO - Started process (PID=18836) to work on /home/airflow/.local/lib/python3.7/site-packages/airflow/example_dags/example_branch_labels.py
[2023-01-11T01:21:48.850+0000] {processor.py:756} INFO - Processing file /home/airflow/.local/lib/python3.7/site-packages/airflow/example_dags/example_branch_labels.py for tasks to queue
[2023-01-11T01:21:48.851+0000] {logging_mixin.py:120} INFO - [2023-01-11T01:21:48.851+0000] {dagbag.py:537} INFO - Filling up the DagBag from /home/airflow/.local/lib/python3.7/site-packages/airflow/example_dags/example_branch_labels.py
[2023-01-11T01:21:48.884+0000] {processor.py:766} INFO - DAG(s) dict_keys(['example_branch_labels']) retrieved from /home/airflow/.local/lib/python3.7/site-packages/airflow/example_dags/example_branch_labels.py
[2023-01-11T01:21:48.951+0000] {logging_mixin.py:120} INFO - [2023-01-11T01:21:48.951+0000] {dag.py:2585} INFO - Sync 1 DAGs
[2023-01-11T01:21:48.981+0000] {logging_mixin.py:120} INFO - [2023-01-11T01:21:48.980+0000] {dag.py:3340} INFO - Setting next_dagrun for example_branch_labels to 2023-01-10T00:00:00+00:00, run_after=2023-01-11T00:00:00+00:00
[2023-01-11T01:21:49.003+0000] {processor.py:176} INFO - Processing /home/airflow/.local/lib/python3.7/site-packages/airflow/example_dags/example_branch_labels.py took 0.159 seconds
[2023-01-11T01:22:19.422+0000] {processor.py:154} INFO - Started process (PID=18903) to work on /home/airflow/.local/lib/python3.7/site-packages/airflow/example_dags/example_branch_labels.py
[2023-01-11T01:22:19.423+0000] {processor.py:756} INFO - Processing file /home/airflow/.local/lib/python3.7/site-packages/airflow/example_dags/example_branch_labels.py for tasks to queue
[2023-01-11T01:22:19.424+0000] {logging_mixin.py:120} INFO - [2023-01-11T01:22:19.424+0000] {dagbag.py:537} INFO - Filling up the DagBag from /home/airflow/.local/lib/python3.7/site-packages/airflow/example_dags/example_branch_labels.py
[2023-01-11T01:22:19.446+0000] {processor.py:766} INFO - DAG(s) dict_keys(['example_branch_labels']) retrieved from /home/airflow/.local/lib/python3.7/site-packages/airflow/example_dags/example_branch_labels.py
[2023-01-11T01:22:19.495+0000] {logging_mixin.py:120} INFO - [2023-01-11T01:22:19.495+0000] {dag.py:2585} INFO - Sync 1 DAGs
[2023-01-11T01:22:19.522+0000] {logging_mixin.py:120} INFO - [2023-01-11T01:22:19.521+0000] {dag.py:3340} INFO - Setting next_dagrun for example_branch_labels to 2023-01-10T00:00:00+00:00, run_after=2023-01-11T00:00:00+00:00
[2023-01-11T01:22:19.544+0000] {processor.py:176} INFO - Processing /home/airflow/.local/lib/python3.7/site-packages/airflow/example_dags/example_branch_labels.py took 0.126 seconds
[2023-01-11T01:22:49.860+0000] {processor.py:154} INFO - Started process (PID=18961) to work on /home/airflow/.local/lib/python3.7/site-packages/airflow/example_dags/example_branch_labels.py
[2023-01-11T01:22:49.862+0000] {processor.py:756} INFO - Processing file /home/airflow/.local/lib/python3.7/site-packages/airflow/example_dags/example_branch_labels.py for tasks to queue
[2023-01-11T01:22:49.864+0000] {logging_mixin.py:120} INFO - [2023-01-11T01:22:49.864+0000] {dagbag.py:537} INFO - Filling up the DagBag from /home/airflow/.local/lib/python3.7/site-packages/airflow/example_dags/example_branch_labels.py
[2023-01-11T01:22:49.909+0000] {processor.py:766} INFO - DAG(s) dict_keys(['example_branch_labels']) retrieved from /home/airflow/.local/lib/python3.7/site-packages/airflow/example_dags/example_branch_labels.py
[2023-01-11T01:22:50.018+0000] {logging_mixin.py:120} INFO - [2023-01-11T01:22:50.018+0000] {dag.py:2585} INFO - Sync 1 DAGs
[2023-01-11T01:22:50.087+0000] {logging_mixin.py:120} INFO - [2023-01-11T01:22:50.086+0000] {dag.py:3340} INFO - Setting next_dagrun for example_branch_labels to 2023-01-10T00:00:00+00:00, run_after=2023-01-11T00:00:00+00:00
[2023-01-11T01:22:50.146+0000] {processor.py:176} INFO - Processing /home/airflow/.local/lib/python3.7/site-packages/airflow/example_dags/example_branch_labels.py took 0.294 seconds
[2023-01-11T01:23:20.299+0000] {processor.py:154} INFO - Started process (PID=19019) to work on /home/airflow/.local/lib/python3.7/site-packages/airflow/example_dags/example_branch_labels.py
[2023-01-11T01:23:20.301+0000] {processor.py:756} INFO - Processing file /home/airflow/.local/lib/python3.7/site-packages/airflow/example_dags/example_branch_labels.py for tasks to queue
[2023-01-11T01:23:20.303+0000] {logging_mixin.py:120} INFO - [2023-01-11T01:23:20.303+0000] {dagbag.py:537} INFO - Filling up the DagBag from /home/airflow/.local/lib/python3.7/site-packages/airflow/example_dags/example_branch_labels.py
[2023-01-11T01:23:20.331+0000] {processor.py:766} INFO - DAG(s) dict_keys(['example_branch_labels']) retrieved from /home/airflow/.local/lib/python3.7/site-packages/airflow/example_dags/example_branch_labels.py
[2023-01-11T01:23:20.429+0000] {logging_mixin.py:120} INFO - [2023-01-11T01:23:20.429+0000] {dag.py:2585} INFO - Sync 1 DAGs
[2023-01-11T01:23:20.479+0000] {logging_mixin.py:120} INFO - [2023-01-11T01:23:20.479+0000] {dag.py:3340} INFO - Setting next_dagrun for example_branch_labels to 2023-01-10T00:00:00+00:00, run_after=2023-01-11T00:00:00+00:00
[2023-01-11T01:23:20.526+0000] {processor.py:176} INFO - Processing /home/airflow/.local/lib/python3.7/site-packages/airflow/example_dags/example_branch_labels.py took 0.233 seconds
[2023-01-11T01:23:51.054+0000] {processor.py:154} INFO - Started process (PID=19086) to work on /home/airflow/.local/lib/python3.7/site-packages/airflow/example_dags/example_branch_labels.py
[2023-01-11T01:23:51.055+0000] {processor.py:756} INFO - Processing file /home/airflow/.local/lib/python3.7/site-packages/airflow/example_dags/example_branch_labels.py for tasks to queue
[2023-01-11T01:23:51.057+0000] {logging_mixin.py:120} INFO - [2023-01-11T01:23:51.056+0000] {dagbag.py:537} INFO - Filling up the DagBag from /home/airflow/.local/lib/python3.7/site-packages/airflow/example_dags/example_branch_labels.py
[2023-01-11T01:23:51.081+0000] {processor.py:766} INFO - DAG(s) dict_keys(['example_branch_labels']) retrieved from /home/airflow/.local/lib/python3.7/site-packages/airflow/example_dags/example_branch_labels.py
[2023-01-11T01:23:51.144+0000] {logging_mixin.py:120} INFO - [2023-01-11T01:23:51.144+0000] {dag.py:2585} INFO - Sync 1 DAGs
[2023-01-11T01:23:51.182+0000] {logging_mixin.py:120} INFO - [2023-01-11T01:23:51.182+0000] {dag.py:3340} INFO - Setting next_dagrun for example_branch_labels to 2023-01-10T00:00:00+00:00, run_after=2023-01-11T00:00:00+00:00
[2023-01-11T01:23:51.219+0000] {processor.py:176} INFO - Processing /home/airflow/.local/lib/python3.7/site-packages/airflow/example_dags/example_branch_labels.py took 0.171 seconds
[2023-01-11T01:24:21.767+0000] {processor.py:154} INFO - Started process (PID=19144) to work on /home/airflow/.local/lib/python3.7/site-packages/airflow/example_dags/example_branch_labels.py
[2023-01-11T01:24:21.769+0000] {processor.py:756} INFO - Processing file /home/airflow/.local/lib/python3.7/site-packages/airflow/example_dags/example_branch_labels.py for tasks to queue
[2023-01-11T01:24:21.772+0000] {logging_mixin.py:120} INFO - [2023-01-11T01:24:21.772+0000] {dagbag.py:537} INFO - Filling up the DagBag from /home/airflow/.local/lib/python3.7/site-packages/airflow/example_dags/example_branch_labels.py
[2023-01-11T01:24:21.810+0000] {processor.py:766} INFO - DAG(s) dict_keys(['example_branch_labels']) retrieved from /home/airflow/.local/lib/python3.7/site-packages/airflow/example_dags/example_branch_labels.py
[2023-01-11T01:24:21.911+0000] {logging_mixin.py:120} INFO - [2023-01-11T01:24:21.910+0000] {dag.py:2585} INFO - Sync 1 DAGs
[2023-01-11T01:24:21.952+0000] {logging_mixin.py:120} INFO - [2023-01-11T01:24:21.952+0000] {dag.py:3340} INFO - Setting next_dagrun for example_branch_labels to 2023-01-10T00:00:00+00:00, run_after=2023-01-11T00:00:00+00:00
[2023-01-11T01:24:21.988+0000] {processor.py:176} INFO - Processing /home/airflow/.local/lib/python3.7/site-packages/airflow/example_dags/example_branch_labels.py took 0.230 seconds
[2023-01-11T01:24:52.450+0000] {processor.py:154} INFO - Started process (PID=19212) to work on /home/airflow/.local/lib/python3.7/site-packages/airflow/example_dags/example_branch_labels.py
[2023-01-11T01:24:52.452+0000] {processor.py:756} INFO - Processing file /home/airflow/.local/lib/python3.7/site-packages/airflow/example_dags/example_branch_labels.py for tasks to queue
[2023-01-11T01:24:52.454+0000] {logging_mixin.py:120} INFO - [2023-01-11T01:24:52.454+0000] {dagbag.py:537} INFO - Filling up the DagBag from /home/airflow/.local/lib/python3.7/site-packages/airflow/example_dags/example_branch_labels.py
[2023-01-11T01:24:52.493+0000] {processor.py:766} INFO - DAG(s) dict_keys(['example_branch_labels']) retrieved from /home/airflow/.local/lib/python3.7/site-packages/airflow/example_dags/example_branch_labels.py
[2023-01-11T01:24:52.567+0000] {logging_mixin.py:120} INFO - [2023-01-11T01:24:52.567+0000] {dag.py:2585} INFO - Sync 1 DAGs
[2023-01-11T01:24:52.625+0000] {logging_mixin.py:120} INFO - [2023-01-11T01:24:52.625+0000] {dag.py:3340} INFO - Setting next_dagrun for example_branch_labels to 2023-01-10T00:00:00+00:00, run_after=2023-01-11T00:00:00+00:00
[2023-01-11T01:24:52.676+0000] {processor.py:176} INFO - Processing /home/airflow/.local/lib/python3.7/site-packages/airflow/example_dags/example_branch_labels.py took 0.235 seconds
[2023-01-11T01:25:23.201+0000] {processor.py:154} INFO - Started process (PID=19277) to work on /home/airflow/.local/lib/python3.7/site-packages/airflow/example_dags/example_branch_labels.py
[2023-01-11T01:25:23.204+0000] {processor.py:756} INFO - Processing file /home/airflow/.local/lib/python3.7/site-packages/airflow/example_dags/example_branch_labels.py for tasks to queue
[2023-01-11T01:25:23.208+0000] {logging_mixin.py:120} INFO - [2023-01-11T01:25:23.207+0000] {dagbag.py:537} INFO - Filling up the DagBag from /home/airflow/.local/lib/python3.7/site-packages/airflow/example_dags/example_branch_labels.py
[2023-01-11T01:25:23.245+0000] {processor.py:766} INFO - DAG(s) dict_keys(['example_branch_labels']) retrieved from /home/airflow/.local/lib/python3.7/site-packages/airflow/example_dags/example_branch_labels.py
[2023-01-11T01:25:23.386+0000] {logging_mixin.py:120} INFO - [2023-01-11T01:25:23.385+0000] {dag.py:2585} INFO - Sync 1 DAGs
[2023-01-11T01:25:23.481+0000] {logging_mixin.py:120} INFO - [2023-01-11T01:25:23.480+0000] {dag.py:3340} INFO - Setting next_dagrun for example_branch_labels to 2023-01-10T00:00:00+00:00, run_after=2023-01-11T00:00:00+00:00
[2023-01-11T01:25:23.536+0000] {processor.py:176} INFO - Processing /home/airflow/.local/lib/python3.7/site-packages/airflow/example_dags/example_branch_labels.py took 0.351 seconds
[2023-01-11T01:25:54.066+0000] {processor.py:154} INFO - Started process (PID=19337) to work on /home/airflow/.local/lib/python3.7/site-packages/airflow/example_dags/example_branch_labels.py
[2023-01-11T01:25:54.067+0000] {processor.py:756} INFO - Processing file /home/airflow/.local/lib/python3.7/site-packages/airflow/example_dags/example_branch_labels.py for tasks to queue
[2023-01-11T01:25:54.068+0000] {logging_mixin.py:120} INFO - [2023-01-11T01:25:54.068+0000] {dagbag.py:537} INFO - Filling up the DagBag from /home/airflow/.local/lib/python3.7/site-packages/airflow/example_dags/example_branch_labels.py
[2023-01-11T01:25:54.092+0000] {processor.py:766} INFO - DAG(s) dict_keys(['example_branch_labels']) retrieved from /home/airflow/.local/lib/python3.7/site-packages/airflow/example_dags/example_branch_labels.py
[2023-01-11T01:25:54.161+0000] {logging_mixin.py:120} INFO - [2023-01-11T01:25:54.161+0000] {dag.py:2585} INFO - Sync 1 DAGs
[2023-01-11T01:25:54.200+0000] {logging_mixin.py:120} INFO - [2023-01-11T01:25:54.199+0000] {dag.py:3340} INFO - Setting next_dagrun for example_branch_labels to 2023-01-10T00:00:00+00:00, run_after=2023-01-11T00:00:00+00:00
[2023-01-11T01:25:54.235+0000] {processor.py:176} INFO - Processing /home/airflow/.local/lib/python3.7/site-packages/airflow/example_dags/example_branch_labels.py took 0.174 seconds
[2023-01-11T01:26:24.908+0000] {processor.py:154} INFO - Started process (PID=19395) to work on /home/airflow/.local/lib/python3.7/site-packages/airflow/example_dags/example_branch_labels.py
[2023-01-11T01:26:24.909+0000] {processor.py:756} INFO - Processing file /home/airflow/.local/lib/python3.7/site-packages/airflow/example_dags/example_branch_labels.py for tasks to queue
[2023-01-11T01:26:24.911+0000] {logging_mixin.py:120} INFO - [2023-01-11T01:26:24.910+0000] {dagbag.py:537} INFO - Filling up the DagBag from /home/airflow/.local/lib/python3.7/site-packages/airflow/example_dags/example_branch_labels.py
[2023-01-11T01:26:24.933+0000] {processor.py:766} INFO - DAG(s) dict_keys(['example_branch_labels']) retrieved from /home/airflow/.local/lib/python3.7/site-packages/airflow/example_dags/example_branch_labels.py
[2023-01-11T01:26:25.022+0000] {logging_mixin.py:120} INFO - [2023-01-11T01:26:25.022+0000] {dag.py:2585} INFO - Sync 1 DAGs
[2023-01-11T01:26:25.069+0000] {logging_mixin.py:120} INFO - [2023-01-11T01:26:25.069+0000] {dag.py:3340} INFO - Setting next_dagrun for example_branch_labels to 2023-01-10T00:00:00+00:00, run_after=2023-01-11T00:00:00+00:00
[2023-01-11T01:26:25.108+0000] {processor.py:176} INFO - Processing /home/airflow/.local/lib/python3.7/site-packages/airflow/example_dags/example_branch_labels.py took 0.205 seconds
[2023-01-11T01:26:56.145+0000] {processor.py:154} INFO - Started process (PID=19462) to work on /home/airflow/.local/lib/python3.7/site-packages/airflow/example_dags/example_branch_labels.py
[2023-01-11T01:26:56.147+0000] {processor.py:756} INFO - Processing file /home/airflow/.local/lib/python3.7/site-packages/airflow/example_dags/example_branch_labels.py for tasks to queue
[2023-01-11T01:26:56.150+0000] {logging_mixin.py:120} INFO - [2023-01-11T01:26:56.149+0000] {dagbag.py:537} INFO - Filling up the DagBag from /home/airflow/.local/lib/python3.7/site-packages/airflow/example_dags/example_branch_labels.py
[2023-01-11T01:26:56.189+0000] {processor.py:766} INFO - DAG(s) dict_keys(['example_branch_labels']) retrieved from /home/airflow/.local/lib/python3.7/site-packages/airflow/example_dags/example_branch_labels.py
[2023-01-11T01:26:56.307+0000] {logging_mixin.py:120} INFO - [2023-01-11T01:26:56.307+0000] {dag.py:2585} INFO - Sync 1 DAGs
[2023-01-11T01:26:56.382+0000] {logging_mixin.py:120} INFO - [2023-01-11T01:26:56.382+0000] {dag.py:3340} INFO - Setting next_dagrun for example_branch_labels to 2023-01-10T00:00:00+00:00, run_after=2023-01-11T00:00:00+00:00
[2023-01-11T01:26:56.437+0000] {processor.py:176} INFO - Processing /home/airflow/.local/lib/python3.7/site-packages/airflow/example_dags/example_branch_labels.py took 0.303 seconds
[2023-01-11T01:27:26.665+0000] {processor.py:154} INFO - Started process (PID=19520) to work on /home/airflow/.local/lib/python3.7/site-packages/airflow/example_dags/example_branch_labels.py
[2023-01-11T01:27:26.666+0000] {processor.py:756} INFO - Processing file /home/airflow/.local/lib/python3.7/site-packages/airflow/example_dags/example_branch_labels.py for tasks to queue
[2023-01-11T01:27:26.667+0000] {logging_mixin.py:120} INFO - [2023-01-11T01:27:26.667+0000] {dagbag.py:537} INFO - Filling up the DagBag from /home/airflow/.local/lib/python3.7/site-packages/airflow/example_dags/example_branch_labels.py
[2023-01-11T01:27:26.694+0000] {processor.py:766} INFO - DAG(s) dict_keys(['example_branch_labels']) retrieved from /home/airflow/.local/lib/python3.7/site-packages/airflow/example_dags/example_branch_labels.py
[2023-01-11T01:27:26.752+0000] {logging_mixin.py:120} INFO - [2023-01-11T01:27:26.752+0000] {dag.py:2585} INFO - Sync 1 DAGs
[2023-01-11T01:27:26.786+0000] {logging_mixin.py:120} INFO - [2023-01-11T01:27:26.786+0000] {dag.py:3340} INFO - Setting next_dagrun for example_branch_labels to 2023-01-10T00:00:00+00:00, run_after=2023-01-11T00:00:00+00:00
[2023-01-11T01:27:26.807+0000] {processor.py:176} INFO - Processing /home/airflow/.local/lib/python3.7/site-packages/airflow/example_dags/example_branch_labels.py took 0.147 seconds
[2023-01-11T01:27:57.455+0000] {processor.py:154} INFO - Started process (PID=19587) to work on /home/airflow/.local/lib/python3.7/site-packages/airflow/example_dags/example_branch_labels.py
[2023-01-11T01:27:57.457+0000] {processor.py:756} INFO - Processing file /home/airflow/.local/lib/python3.7/site-packages/airflow/example_dags/example_branch_labels.py for tasks to queue
[2023-01-11T01:27:57.459+0000] {logging_mixin.py:120} INFO - [2023-01-11T01:27:57.458+0000] {dagbag.py:537} INFO - Filling up the DagBag from /home/airflow/.local/lib/python3.7/site-packages/airflow/example_dags/example_branch_labels.py
[2023-01-11T01:27:57.480+0000] {processor.py:766} INFO - DAG(s) dict_keys(['example_branch_labels']) retrieved from /home/airflow/.local/lib/python3.7/site-packages/airflow/example_dags/example_branch_labels.py
[2023-01-11T01:27:57.552+0000] {logging_mixin.py:120} INFO - [2023-01-11T01:27:57.551+0000] {dag.py:2585} INFO - Sync 1 DAGs
[2023-01-11T01:27:57.601+0000] {logging_mixin.py:120} INFO - [2023-01-11T01:27:57.601+0000] {dag.py:3340} INFO - Setting next_dagrun for example_branch_labels to 2023-01-10T00:00:00+00:00, run_after=2023-01-11T00:00:00+00:00
[2023-01-11T01:27:57.648+0000] {processor.py:176} INFO - Processing /home/airflow/.local/lib/python3.7/site-packages/airflow/example_dags/example_branch_labels.py took 0.198 seconds
[2023-01-11T01:28:27.949+0000] {processor.py:154} INFO - Started process (PID=19653) to work on /home/airflow/.local/lib/python3.7/site-packages/airflow/example_dags/example_branch_labels.py
[2023-01-11T01:28:27.950+0000] {processor.py:756} INFO - Processing file /home/airflow/.local/lib/python3.7/site-packages/airflow/example_dags/example_branch_labels.py for tasks to queue
[2023-01-11T01:28:27.951+0000] {logging_mixin.py:120} INFO - [2023-01-11T01:28:27.951+0000] {dagbag.py:537} INFO - Filling up the DagBag from /home/airflow/.local/lib/python3.7/site-packages/airflow/example_dags/example_branch_labels.py
[2023-01-11T01:28:27.978+0000] {processor.py:766} INFO - DAG(s) dict_keys(['example_branch_labels']) retrieved from /home/airflow/.local/lib/python3.7/site-packages/airflow/example_dags/example_branch_labels.py
[2023-01-11T01:28:28.051+0000] {logging_mixin.py:120} INFO - [2023-01-11T01:28:28.050+0000] {dag.py:2585} INFO - Sync 1 DAGs
[2023-01-11T01:28:28.099+0000] {logging_mixin.py:120} INFO - [2023-01-11T01:28:28.099+0000] {dag.py:3340} INFO - Setting next_dagrun for example_branch_labels to 2023-01-10T00:00:00+00:00, run_after=2023-01-11T00:00:00+00:00
[2023-01-11T01:28:28.136+0000] {processor.py:176} INFO - Processing /home/airflow/.local/lib/python3.7/site-packages/airflow/example_dags/example_branch_labels.py took 0.192 seconds
[2023-01-11T01:28:58.987+0000] {processor.py:154} INFO - Started process (PID=19711) to work on /home/airflow/.local/lib/python3.7/site-packages/airflow/example_dags/example_branch_labels.py
[2023-01-11T01:28:58.988+0000] {processor.py:756} INFO - Processing file /home/airflow/.local/lib/python3.7/site-packages/airflow/example_dags/example_branch_labels.py for tasks to queue
[2023-01-11T01:28:58.989+0000] {logging_mixin.py:120} INFO - [2023-01-11T01:28:58.989+0000] {dagbag.py:537} INFO - Filling up the DagBag from /home/airflow/.local/lib/python3.7/site-packages/airflow/example_dags/example_branch_labels.py
[2023-01-11T01:28:59.010+0000] {processor.py:766} INFO - DAG(s) dict_keys(['example_branch_labels']) retrieved from /home/airflow/.local/lib/python3.7/site-packages/airflow/example_dags/example_branch_labels.py
[2023-01-11T01:28:59.064+0000] {logging_mixin.py:120} INFO - [2023-01-11T01:28:59.063+0000] {dag.py:2585} INFO - Sync 1 DAGs
[2023-01-11T01:28:59.093+0000] {logging_mixin.py:120} INFO - [2023-01-11T01:28:59.093+0000] {dag.py:3340} INFO - Setting next_dagrun for example_branch_labels to 2023-01-10T00:00:00+00:00, run_after=2023-01-11T00:00:00+00:00
[2023-01-11T01:28:59.118+0000] {processor.py:176} INFO - Processing /home/airflow/.local/lib/python3.7/site-packages/airflow/example_dags/example_branch_labels.py took 0.136 seconds
[2023-01-11T01:29:29.901+0000] {processor.py:154} INFO - Started process (PID=19777) to work on /home/airflow/.local/lib/python3.7/site-packages/airflow/example_dags/example_branch_labels.py
[2023-01-11T01:29:29.904+0000] {processor.py:756} INFO - Processing file /home/airflow/.local/lib/python3.7/site-packages/airflow/example_dags/example_branch_labels.py for tasks to queue
[2023-01-11T01:29:29.907+0000] {logging_mixin.py:120} INFO - [2023-01-11T01:29:29.907+0000] {dagbag.py:537} INFO - Filling up the DagBag from /home/airflow/.local/lib/python3.7/site-packages/airflow/example_dags/example_branch_labels.py
[2023-01-11T01:29:29.937+0000] {processor.py:766} INFO - DAG(s) dict_keys(['example_branch_labels']) retrieved from /home/airflow/.local/lib/python3.7/site-packages/airflow/example_dags/example_branch_labels.py
[2023-01-11T01:29:30.016+0000] {logging_mixin.py:120} INFO - [2023-01-11T01:29:30.016+0000] {dag.py:2585} INFO - Sync 1 DAGs
[2023-01-11T01:29:30.061+0000] {logging_mixin.py:120} INFO - [2023-01-11T01:29:30.061+0000] {dag.py:3340} INFO - Setting next_dagrun for example_branch_labels to 2023-01-10T00:00:00+00:00, run_after=2023-01-11T00:00:00+00:00
[2023-01-11T01:29:30.102+0000] {processor.py:176} INFO - Processing /home/airflow/.local/lib/python3.7/site-packages/airflow/example_dags/example_branch_labels.py took 0.207 seconds
[2023-01-11T01:30:00.320+0000] {processor.py:154} INFO - Started process (PID=19834) to work on /home/airflow/.local/lib/python3.7/site-packages/airflow/example_dags/example_branch_labels.py
[2023-01-11T01:30:00.322+0000] {processor.py:756} INFO - Processing file /home/airflow/.local/lib/python3.7/site-packages/airflow/example_dags/example_branch_labels.py for tasks to queue
[2023-01-11T01:30:00.326+0000] {logging_mixin.py:120} INFO - [2023-01-11T01:30:00.325+0000] {dagbag.py:537} INFO - Filling up the DagBag from /home/airflow/.local/lib/python3.7/site-packages/airflow/example_dags/example_branch_labels.py
[2023-01-11T01:30:00.369+0000] {processor.py:766} INFO - DAG(s) dict_keys(['example_branch_labels']) retrieved from /home/airflow/.local/lib/python3.7/site-packages/airflow/example_dags/example_branch_labels.py
[2023-01-11T01:30:00.478+0000] {logging_mixin.py:120} INFO - [2023-01-11T01:30:00.478+0000] {dag.py:2585} INFO - Sync 1 DAGs
[2023-01-11T01:30:00.532+0000] {logging_mixin.py:120} INFO - [2023-01-11T01:30:00.532+0000] {dag.py:3340} INFO - Setting next_dagrun for example_branch_labels to 2023-01-10T00:00:00+00:00, run_after=2023-01-11T00:00:00+00:00
[2023-01-11T01:30:00.574+0000] {processor.py:176} INFO - Processing /home/airflow/.local/lib/python3.7/site-packages/airflow/example_dags/example_branch_labels.py took 0.261 seconds
[2023-01-11T01:30:31.411+0000] {processor.py:154} INFO - Started process (PID=19901) to work on /home/airflow/.local/lib/python3.7/site-packages/airflow/example_dags/example_branch_labels.py
[2023-01-11T01:30:31.413+0000] {processor.py:756} INFO - Processing file /home/airflow/.local/lib/python3.7/site-packages/airflow/example_dags/example_branch_labels.py for tasks to queue
[2023-01-11T01:30:31.414+0000] {logging_mixin.py:120} INFO - [2023-01-11T01:30:31.414+0000] {dagbag.py:537} INFO - Filling up the DagBag from /home/airflow/.local/lib/python3.7/site-packages/airflow/example_dags/example_branch_labels.py
[2023-01-11T01:30:31.438+0000] {processor.py:766} INFO - DAG(s) dict_keys(['example_branch_labels']) retrieved from /home/airflow/.local/lib/python3.7/site-packages/airflow/example_dags/example_branch_labels.py
[2023-01-11T01:30:31.510+0000] {logging_mixin.py:120} INFO - [2023-01-11T01:30:31.510+0000] {dag.py:2585} INFO - Sync 1 DAGs
[2023-01-11T01:30:31.560+0000] {logging_mixin.py:120} INFO - [2023-01-11T01:30:31.560+0000] {dag.py:3340} INFO - Setting next_dagrun for example_branch_labels to 2023-01-10T00:00:00+00:00, run_after=2023-01-11T00:00:00+00:00
[2023-01-11T01:30:31.602+0000] {processor.py:176} INFO - Processing /home/airflow/.local/lib/python3.7/site-packages/airflow/example_dags/example_branch_labels.py took 0.195 seconds
[2023-01-11T01:31:01.695+0000] {processor.py:154} INFO - Started process (PID=19959) to work on /home/airflow/.local/lib/python3.7/site-packages/airflow/example_dags/example_branch_labels.py
[2023-01-11T01:31:01.697+0000] {processor.py:756} INFO - Processing file /home/airflow/.local/lib/python3.7/site-packages/airflow/example_dags/example_branch_labels.py for tasks to queue
[2023-01-11T01:31:01.698+0000] {logging_mixin.py:120} INFO - [2023-01-11T01:31:01.698+0000] {dagbag.py:537} INFO - Filling up the DagBag from /home/airflow/.local/lib/python3.7/site-packages/airflow/example_dags/example_branch_labels.py
[2023-01-11T01:31:01.717+0000] {processor.py:766} INFO - DAG(s) dict_keys(['example_branch_labels']) retrieved from /home/airflow/.local/lib/python3.7/site-packages/airflow/example_dags/example_branch_labels.py
[2023-01-11T01:31:01.767+0000] {logging_mixin.py:120} INFO - [2023-01-11T01:31:01.767+0000] {dag.py:2585} INFO - Sync 1 DAGs
[2023-01-11T01:31:01.797+0000] {logging_mixin.py:120} INFO - [2023-01-11T01:31:01.797+0000] {dag.py:3340} INFO - Setting next_dagrun for example_branch_labels to 2023-01-10T00:00:00+00:00, run_after=2023-01-11T00:00:00+00:00
[2023-01-11T01:31:01.818+0000] {processor.py:176} INFO - Processing /home/airflow/.local/lib/python3.7/site-packages/airflow/example_dags/example_branch_labels.py took 0.128 seconds
[2023-01-11T01:31:32.595+0000] {processor.py:154} INFO - Started process (PID=20026) to work on /home/airflow/.local/lib/python3.7/site-packages/airflow/example_dags/example_branch_labels.py
[2023-01-11T01:31:32.597+0000] {processor.py:756} INFO - Processing file /home/airflow/.local/lib/python3.7/site-packages/airflow/example_dags/example_branch_labels.py for tasks to queue
[2023-01-11T01:31:32.598+0000] {logging_mixin.py:120} INFO - [2023-01-11T01:31:32.598+0000] {dagbag.py:537} INFO - Filling up the DagBag from /home/airflow/.local/lib/python3.7/site-packages/airflow/example_dags/example_branch_labels.py
[2023-01-11T01:31:32.625+0000] {processor.py:766} INFO - DAG(s) dict_keys(['example_branch_labels']) retrieved from /home/airflow/.local/lib/python3.7/site-packages/airflow/example_dags/example_branch_labels.py
[2023-01-11T01:31:32.704+0000] {logging_mixin.py:120} INFO - [2023-01-11T01:31:32.704+0000] {dag.py:2585} INFO - Sync 1 DAGs
[2023-01-11T01:31:32.761+0000] {logging_mixin.py:120} INFO - [2023-01-11T01:31:32.761+0000] {dag.py:3340} INFO - Setting next_dagrun for example_branch_labels to 2023-01-10T00:00:00+00:00, run_after=2023-01-11T00:00:00+00:00
[2023-01-11T01:31:32.803+0000] {processor.py:176} INFO - Processing /home/airflow/.local/lib/python3.7/site-packages/airflow/example_dags/example_branch_labels.py took 0.216 seconds
[2023-01-11T01:32:03.263+0000] {processor.py:154} INFO - Started process (PID=20084) to work on /home/airflow/.local/lib/python3.7/site-packages/airflow/example_dags/example_branch_labels.py
[2023-01-11T01:32:03.265+0000] {processor.py:756} INFO - Processing file /home/airflow/.local/lib/python3.7/site-packages/airflow/example_dags/example_branch_labels.py for tasks to queue
[2023-01-11T01:32:03.267+0000] {logging_mixin.py:120} INFO - [2023-01-11T01:32:03.267+0000] {dagbag.py:537} INFO - Filling up the DagBag from /home/airflow/.local/lib/python3.7/site-packages/airflow/example_dags/example_branch_labels.py
[2023-01-11T01:32:03.294+0000] {processor.py:766} INFO - DAG(s) dict_keys(['example_branch_labels']) retrieved from /home/airflow/.local/lib/python3.7/site-packages/airflow/example_dags/example_branch_labels.py
[2023-01-11T01:32:03.363+0000] {logging_mixin.py:120} INFO - [2023-01-11T01:32:03.363+0000] {dag.py:2585} INFO - Sync 1 DAGs
[2023-01-11T01:32:03.410+0000] {logging_mixin.py:120} INFO - [2023-01-11T01:32:03.410+0000] {dag.py:3340} INFO - Setting next_dagrun for example_branch_labels to 2023-01-10T00:00:00+00:00, run_after=2023-01-11T00:00:00+00:00
[2023-01-11T01:32:03.444+0000] {processor.py:176} INFO - Processing /home/airflow/.local/lib/python3.7/site-packages/airflow/example_dags/example_branch_labels.py took 0.186 seconds
[2023-01-11T01:32:33.987+0000] {processor.py:154} INFO - Started process (PID=20151) to work on /home/airflow/.local/lib/python3.7/site-packages/airflow/example_dags/example_branch_labels.py
[2023-01-11T01:32:33.988+0000] {processor.py:756} INFO - Processing file /home/airflow/.local/lib/python3.7/site-packages/airflow/example_dags/example_branch_labels.py for tasks to queue
[2023-01-11T01:32:33.989+0000] {logging_mixin.py:120} INFO - [2023-01-11T01:32:33.989+0000] {dagbag.py:537} INFO - Filling up the DagBag from /home/airflow/.local/lib/python3.7/site-packages/airflow/example_dags/example_branch_labels.py
[2023-01-11T01:32:34.008+0000] {processor.py:766} INFO - DAG(s) dict_keys(['example_branch_labels']) retrieved from /home/airflow/.local/lib/python3.7/site-packages/airflow/example_dags/example_branch_labels.py
[2023-01-11T01:32:34.074+0000] {logging_mixin.py:120} INFO - [2023-01-11T01:32:34.074+0000] {dag.py:2585} INFO - Sync 1 DAGs
[2023-01-11T01:32:34.106+0000] {logging_mixin.py:120} INFO - [2023-01-11T01:32:34.105+0000] {dag.py:3340} INFO - Setting next_dagrun for example_branch_labels to 2023-01-10T00:00:00+00:00, run_after=2023-01-11T00:00:00+00:00
[2023-01-11T01:32:34.124+0000] {processor.py:176} INFO - Processing /home/airflow/.local/lib/python3.7/site-packages/airflow/example_dags/example_branch_labels.py took 0.141 seconds
[2023-01-11T01:33:04.484+0000] {processor.py:154} INFO - Started process (PID=20218) to work on /home/airflow/.local/lib/python3.7/site-packages/airflow/example_dags/example_branch_labels.py
[2023-01-11T01:33:04.486+0000] {processor.py:756} INFO - Processing file /home/airflow/.local/lib/python3.7/site-packages/airflow/example_dags/example_branch_labels.py for tasks to queue
[2023-01-11T01:33:04.489+0000] {logging_mixin.py:120} INFO - [2023-01-11T01:33:04.488+0000] {dagbag.py:537} INFO - Filling up the DagBag from /home/airflow/.local/lib/python3.7/site-packages/airflow/example_dags/example_branch_labels.py
[2023-01-11T01:33:04.542+0000] {processor.py:766} INFO - DAG(s) dict_keys(['example_branch_labels']) retrieved from /home/airflow/.local/lib/python3.7/site-packages/airflow/example_dags/example_branch_labels.py
[2023-01-11T01:33:04.637+0000] {logging_mixin.py:120} INFO - [2023-01-11T01:33:04.637+0000] {dag.py:2585} INFO - Sync 1 DAGs
[2023-01-11T01:33:04.715+0000] {logging_mixin.py:120} INFO - [2023-01-11T01:33:04.714+0000] {dag.py:3340} INFO - Setting next_dagrun for example_branch_labels to 2023-01-10T00:00:00+00:00, run_after=2023-01-11T00:00:00+00:00
[2023-01-11T01:33:04.767+0000] {processor.py:176} INFO - Processing /home/airflow/.local/lib/python3.7/site-packages/airflow/example_dags/example_branch_labels.py took 0.292 seconds
[2023-01-11T01:33:35.187+0000] {processor.py:154} INFO - Started process (PID=20276) to work on /home/airflow/.local/lib/python3.7/site-packages/airflow/example_dags/example_branch_labels.py
[2023-01-11T01:33:35.188+0000] {processor.py:756} INFO - Processing file /home/airflow/.local/lib/python3.7/site-packages/airflow/example_dags/example_branch_labels.py for tasks to queue
[2023-01-11T01:33:35.189+0000] {logging_mixin.py:120} INFO - [2023-01-11T01:33:35.189+0000] {dagbag.py:537} INFO - Filling up the DagBag from /home/airflow/.local/lib/python3.7/site-packages/airflow/example_dags/example_branch_labels.py
[2023-01-11T01:33:35.209+0000] {processor.py:766} INFO - DAG(s) dict_keys(['example_branch_labels']) retrieved from /home/airflow/.local/lib/python3.7/site-packages/airflow/example_dags/example_branch_labels.py
[2023-01-11T01:33:35.267+0000] {logging_mixin.py:120} INFO - [2023-01-11T01:33:35.266+0000] {dag.py:2585} INFO - Sync 1 DAGs
[2023-01-11T01:33:35.305+0000] {logging_mixin.py:120} INFO - [2023-01-11T01:33:35.305+0000] {dag.py:3340} INFO - Setting next_dagrun for example_branch_labels to 2023-01-10T00:00:00+00:00, run_after=2023-01-11T00:00:00+00:00
[2023-01-11T01:33:35.333+0000] {processor.py:176} INFO - Processing /home/airflow/.local/lib/python3.7/site-packages/airflow/example_dags/example_branch_labels.py took 0.149 seconds
[2023-01-11T01:34:06.162+0000] {processor.py:154} INFO - Started process (PID=20343) to work on /home/airflow/.local/lib/python3.7/site-packages/airflow/example_dags/example_branch_labels.py
[2023-01-11T01:34:06.164+0000] {processor.py:756} INFO - Processing file /home/airflow/.local/lib/python3.7/site-packages/airflow/example_dags/example_branch_labels.py for tasks to queue
[2023-01-11T01:34:06.166+0000] {logging_mixin.py:120} INFO - [2023-01-11T01:34:06.166+0000] {dagbag.py:537} INFO - Filling up the DagBag from /home/airflow/.local/lib/python3.7/site-packages/airflow/example_dags/example_branch_labels.py
[2023-01-11T01:34:06.198+0000] {processor.py:766} INFO - DAG(s) dict_keys(['example_branch_labels']) retrieved from /home/airflow/.local/lib/python3.7/site-packages/airflow/example_dags/example_branch_labels.py
[2023-01-11T01:34:06.309+0000] {logging_mixin.py:120} INFO - [2023-01-11T01:34:06.309+0000] {dag.py:2585} INFO - Sync 1 DAGs
[2023-01-11T01:34:06.367+0000] {logging_mixin.py:120} INFO - [2023-01-11T01:34:06.367+0000] {dag.py:3340} INFO - Setting next_dagrun for example_branch_labels to 2023-01-10T00:00:00+00:00, run_after=2023-01-11T00:00:00+00:00
[2023-01-11T01:34:06.419+0000] {processor.py:176} INFO - Processing /home/airflow/.local/lib/python3.7/site-packages/airflow/example_dags/example_branch_labels.py took 0.264 seconds
[2023-01-11T01:34:36.826+0000] {processor.py:154} INFO - Started process (PID=20401) to work on /home/airflow/.local/lib/python3.7/site-packages/airflow/example_dags/example_branch_labels.py
[2023-01-11T01:34:36.827+0000] {processor.py:756} INFO - Processing file /home/airflow/.local/lib/python3.7/site-packages/airflow/example_dags/example_branch_labels.py for tasks to queue
[2023-01-11T01:34:36.829+0000] {logging_mixin.py:120} INFO - [2023-01-11T01:34:36.828+0000] {dagbag.py:537} INFO - Filling up the DagBag from /home/airflow/.local/lib/python3.7/site-packages/airflow/example_dags/example_branch_labels.py
[2023-01-11T01:34:36.849+0000] {processor.py:766} INFO - DAG(s) dict_keys(['example_branch_labels']) retrieved from /home/airflow/.local/lib/python3.7/site-packages/airflow/example_dags/example_branch_labels.py
[2023-01-11T01:34:36.907+0000] {logging_mixin.py:120} INFO - [2023-01-11T01:34:36.907+0000] {dag.py:2585} INFO - Sync 1 DAGs
[2023-01-11T01:34:36.969+0000] {logging_mixin.py:120} INFO - [2023-01-11T01:34:36.969+0000] {dag.py:3340} INFO - Setting next_dagrun for example_branch_labels to 2023-01-10T00:00:00+00:00, run_after=2023-01-11T00:00:00+00:00
[2023-01-11T01:34:37.004+0000] {processor.py:176} INFO - Processing /home/airflow/.local/lib/python3.7/site-packages/airflow/example_dags/example_branch_labels.py took 0.181 seconds
[2023-01-11T01:35:07.081+0000] {processor.py:154} INFO - Started process (PID=20469) to work on /home/airflow/.local/lib/python3.7/site-packages/airflow/example_dags/example_branch_labels.py
[2023-01-11T01:35:07.082+0000] {processor.py:756} INFO - Processing file /home/airflow/.local/lib/python3.7/site-packages/airflow/example_dags/example_branch_labels.py for tasks to queue
[2023-01-11T01:35:07.083+0000] {logging_mixin.py:120} INFO - [2023-01-11T01:35:07.083+0000] {dagbag.py:537} INFO - Filling up the DagBag from /home/airflow/.local/lib/python3.7/site-packages/airflow/example_dags/example_branch_labels.py
[2023-01-11T01:35:07.099+0000] {processor.py:766} INFO - DAG(s) dict_keys(['example_branch_labels']) retrieved from /home/airflow/.local/lib/python3.7/site-packages/airflow/example_dags/example_branch_labels.py
[2023-01-11T01:35:07.145+0000] {logging_mixin.py:120} INFO - [2023-01-11T01:35:07.145+0000] {dag.py:2585} INFO - Sync 1 DAGs
[2023-01-11T01:35:07.176+0000] {logging_mixin.py:120} INFO - [2023-01-11T01:35:07.176+0000] {dag.py:3340} INFO - Setting next_dagrun for example_branch_labels to 2023-01-10T00:00:00+00:00, run_after=2023-01-11T00:00:00+00:00
[2023-01-11T01:35:07.197+0000] {processor.py:176} INFO - Processing /home/airflow/.local/lib/python3.7/site-packages/airflow/example_dags/example_branch_labels.py took 0.119 seconds
[2023-01-11T01:35:37.347+0000] {processor.py:154} INFO - Started process (PID=20528) to work on /home/airflow/.local/lib/python3.7/site-packages/airflow/example_dags/example_branch_labels.py
[2023-01-11T01:35:37.348+0000] {processor.py:756} INFO - Processing file /home/airflow/.local/lib/python3.7/site-packages/airflow/example_dags/example_branch_labels.py for tasks to queue
[2023-01-11T01:35:37.349+0000] {logging_mixin.py:120} INFO - [2023-01-11T01:35:37.349+0000] {dagbag.py:537} INFO - Filling up the DagBag from /home/airflow/.local/lib/python3.7/site-packages/airflow/example_dags/example_branch_labels.py
[2023-01-11T01:35:37.366+0000] {processor.py:766} INFO - DAG(s) dict_keys(['example_branch_labels']) retrieved from /home/airflow/.local/lib/python3.7/site-packages/airflow/example_dags/example_branch_labels.py
[2023-01-11T01:35:37.408+0000] {logging_mixin.py:120} INFO - [2023-01-11T01:35:37.407+0000] {dag.py:2585} INFO - Sync 1 DAGs
[2023-01-11T01:35:37.436+0000] {logging_mixin.py:120} INFO - [2023-01-11T01:35:37.436+0000] {dag.py:3340} INFO - Setting next_dagrun for example_branch_labels to 2023-01-10T00:00:00+00:00, run_after=2023-01-11T00:00:00+00:00
[2023-01-11T01:35:37.459+0000] {processor.py:176} INFO - Processing /home/airflow/.local/lib/python3.7/site-packages/airflow/example_dags/example_branch_labels.py took 0.116 seconds
[2023-01-11T01:36:07.908+0000] {processor.py:154} INFO - Started process (PID=20595) to work on /home/airflow/.local/lib/python3.7/site-packages/airflow/example_dags/example_branch_labels.py
[2023-01-11T01:36:07.909+0000] {processor.py:756} INFO - Processing file /home/airflow/.local/lib/python3.7/site-packages/airflow/example_dags/example_branch_labels.py for tasks to queue
[2023-01-11T01:36:07.910+0000] {logging_mixin.py:120} INFO - [2023-01-11T01:36:07.910+0000] {dagbag.py:537} INFO - Filling up the DagBag from /home/airflow/.local/lib/python3.7/site-packages/airflow/example_dags/example_branch_labels.py
[2023-01-11T01:36:07.926+0000] {processor.py:766} INFO - DAG(s) dict_keys(['example_branch_labels']) retrieved from /home/airflow/.local/lib/python3.7/site-packages/airflow/example_dags/example_branch_labels.py
[2023-01-11T01:36:07.971+0000] {logging_mixin.py:120} INFO - [2023-01-11T01:36:07.971+0000] {dag.py:2585} INFO - Sync 1 DAGs
[2023-01-11T01:36:08.000+0000] {logging_mixin.py:120} INFO - [2023-01-11T01:36:07.999+0000] {dag.py:3340} INFO - Setting next_dagrun for example_branch_labels to 2023-01-10T00:00:00+00:00, run_after=2023-01-11T00:00:00+00:00
[2023-01-11T01:36:08.021+0000] {processor.py:176} INFO - Processing /home/airflow/.local/lib/python3.7/site-packages/airflow/example_dags/example_branch_labels.py took 0.117 seconds
[2023-01-11T01:36:38.612+0000] {processor.py:154} INFO - Started process (PID=20653) to work on /home/airflow/.local/lib/python3.7/site-packages/airflow/example_dags/example_branch_labels.py
[2023-01-11T01:36:38.614+0000] {processor.py:756} INFO - Processing file /home/airflow/.local/lib/python3.7/site-packages/airflow/example_dags/example_branch_labels.py for tasks to queue
[2023-01-11T01:36:38.615+0000] {logging_mixin.py:120} INFO - [2023-01-11T01:36:38.615+0000] {dagbag.py:537} INFO - Filling up the DagBag from /home/airflow/.local/lib/python3.7/site-packages/airflow/example_dags/example_branch_labels.py
[2023-01-11T01:36:38.640+0000] {processor.py:766} INFO - DAG(s) dict_keys(['example_branch_labels']) retrieved from /home/airflow/.local/lib/python3.7/site-packages/airflow/example_dags/example_branch_labels.py
[2023-01-11T01:36:38.722+0000] {logging_mixin.py:120} INFO - [2023-01-11T01:36:38.722+0000] {dag.py:2585} INFO - Sync 1 DAGs
[2023-01-11T01:36:38.778+0000] {logging_mixin.py:120} INFO - [2023-01-11T01:36:38.778+0000] {dag.py:3340} INFO - Setting next_dagrun for example_branch_labels to 2023-01-10T00:00:00+00:00, run_after=2023-01-11T00:00:00+00:00
[2023-01-11T01:36:38.817+0000] {processor.py:176} INFO - Processing /home/airflow/.local/lib/python3.7/site-packages/airflow/example_dags/example_branch_labels.py took 0.212 seconds
[2023-01-11T01:37:09.665+0000] {processor.py:154} INFO - Started process (PID=20720) to work on /home/airflow/.local/lib/python3.7/site-packages/airflow/example_dags/example_branch_labels.py
[2023-01-11T01:37:09.667+0000] {processor.py:756} INFO - Processing file /home/airflow/.local/lib/python3.7/site-packages/airflow/example_dags/example_branch_labels.py for tasks to queue
[2023-01-11T01:37:09.676+0000] {logging_mixin.py:120} INFO - [2023-01-11T01:37:09.675+0000] {dagbag.py:537} INFO - Filling up the DagBag from /home/airflow/.local/lib/python3.7/site-packages/airflow/example_dags/example_branch_labels.py
[2023-01-11T01:37:09.767+0000] {processor.py:766} INFO - DAG(s) dict_keys(['example_branch_labels']) retrieved from /home/airflow/.local/lib/python3.7/site-packages/airflow/example_dags/example_branch_labels.py
[2023-01-11T01:37:09.894+0000] {logging_mixin.py:120} INFO - [2023-01-11T01:37:09.894+0000] {dag.py:2585} INFO - Sync 1 DAGs
[2023-01-11T01:37:09.965+0000] {logging_mixin.py:120} INFO - [2023-01-11T01:37:09.965+0000] {dag.py:3340} INFO - Setting next_dagrun for example_branch_labels to 2023-01-10T00:00:00+00:00, run_after=2023-01-11T00:00:00+00:00
[2023-01-11T01:37:09.997+0000] {processor.py:176} INFO - Processing /home/airflow/.local/lib/python3.7/site-packages/airflow/example_dags/example_branch_labels.py took 0.339 seconds
[2023-01-11T01:37:40.669+0000] {processor.py:154} INFO - Started process (PID=20788) to work on /home/airflow/.local/lib/python3.7/site-packages/airflow/example_dags/example_branch_labels.py
[2023-01-11T01:37:40.671+0000] {processor.py:756} INFO - Processing file /home/airflow/.local/lib/python3.7/site-packages/airflow/example_dags/example_branch_labels.py for tasks to queue
[2023-01-11T01:37:40.672+0000] {logging_mixin.py:120} INFO - [2023-01-11T01:37:40.672+0000] {dagbag.py:537} INFO - Filling up the DagBag from /home/airflow/.local/lib/python3.7/site-packages/airflow/example_dags/example_branch_labels.py
[2023-01-11T01:37:40.705+0000] {processor.py:766} INFO - DAG(s) dict_keys(['example_branch_labels']) retrieved from /home/airflow/.local/lib/python3.7/site-packages/airflow/example_dags/example_branch_labels.py
[2023-01-11T01:37:40.790+0000] {logging_mixin.py:120} INFO - [2023-01-11T01:37:40.789+0000] {dag.py:2585} INFO - Sync 1 DAGs
[2023-01-11T01:37:40.831+0000] {logging_mixin.py:120} INFO - [2023-01-11T01:37:40.831+0000] {dag.py:3340} INFO - Setting next_dagrun for example_branch_labels to 2023-01-10T00:00:00+00:00, run_after=2023-01-11T00:00:00+00:00
[2023-01-11T01:37:40.872+0000] {processor.py:176} INFO - Processing /home/airflow/.local/lib/python3.7/site-packages/airflow/example_dags/example_branch_labels.py took 0.208 seconds
[2023-01-11T01:38:11.180+0000] {processor.py:154} INFO - Started process (PID=20847) to work on /home/airflow/.local/lib/python3.7/site-packages/airflow/example_dags/example_branch_labels.py
[2023-01-11T01:38:11.182+0000] {processor.py:756} INFO - Processing file /home/airflow/.local/lib/python3.7/site-packages/airflow/example_dags/example_branch_labels.py for tasks to queue
[2023-01-11T01:38:11.184+0000] {logging_mixin.py:120} INFO - [2023-01-11T01:38:11.183+0000] {dagbag.py:537} INFO - Filling up the DagBag from /home/airflow/.local/lib/python3.7/site-packages/airflow/example_dags/example_branch_labels.py
[2023-01-11T01:38:11.215+0000] {processor.py:766} INFO - DAG(s) dict_keys(['example_branch_labels']) retrieved from /home/airflow/.local/lib/python3.7/site-packages/airflow/example_dags/example_branch_labels.py
[2023-01-11T01:38:11.258+0000] {logging_mixin.py:120} INFO - [2023-01-11T01:38:11.258+0000] {dag.py:2585} INFO - Sync 1 DAGs
[2023-01-11T01:38:11.281+0000] {logging_mixin.py:120} INFO - [2023-01-11T01:38:11.281+0000] {dag.py:3340} INFO - Setting next_dagrun for example_branch_labels to 2023-01-10T00:00:00+00:00, run_after=2023-01-11T00:00:00+00:00
[2023-01-11T01:38:11.298+0000] {processor.py:176} INFO - Processing /home/airflow/.local/lib/python3.7/site-packages/airflow/example_dags/example_branch_labels.py took 0.124 seconds
[2023-01-11T01:38:41.660+0000] {processor.py:154} INFO - Started process (PID=20915) to work on /home/airflow/.local/lib/python3.7/site-packages/airflow/example_dags/example_branch_labels.py
[2023-01-11T01:38:41.664+0000] {processor.py:756} INFO - Processing file /home/airflow/.local/lib/python3.7/site-packages/airflow/example_dags/example_branch_labels.py for tasks to queue
[2023-01-11T01:38:41.667+0000] {logging_mixin.py:120} INFO - [2023-01-11T01:38:41.666+0000] {dagbag.py:537} INFO - Filling up the DagBag from /home/airflow/.local/lib/python3.7/site-packages/airflow/example_dags/example_branch_labels.py
[2023-01-11T01:38:41.749+0000] {processor.py:766} INFO - DAG(s) dict_keys(['example_branch_labels']) retrieved from /home/airflow/.local/lib/python3.7/site-packages/airflow/example_dags/example_branch_labels.py
[2023-01-11T01:38:41.840+0000] {logging_mixin.py:120} INFO - [2023-01-11T01:38:41.840+0000] {dag.py:2585} INFO - Sync 1 DAGs
[2023-01-11T01:38:41.894+0000] {logging_mixin.py:120} INFO - [2023-01-11T01:38:41.894+0000] {dag.py:3340} INFO - Setting next_dagrun for example_branch_labels to 2023-01-10T00:00:00+00:00, run_after=2023-01-11T00:00:00+00:00
[2023-01-11T01:38:41.933+0000] {processor.py:176} INFO - Processing /home/airflow/.local/lib/python3.7/site-packages/airflow/example_dags/example_branch_labels.py took 0.284 seconds
[2023-01-11T01:39:12.156+0000] {processor.py:154} INFO - Started process (PID=20973) to work on /home/airflow/.local/lib/python3.7/site-packages/airflow/example_dags/example_branch_labels.py
[2023-01-11T01:39:12.159+0000] {processor.py:756} INFO - Processing file /home/airflow/.local/lib/python3.7/site-packages/airflow/example_dags/example_branch_labels.py for tasks to queue
[2023-01-11T01:39:12.162+0000] {logging_mixin.py:120} INFO - [2023-01-11T01:39:12.162+0000] {dagbag.py:537} INFO - Filling up the DagBag from /home/airflow/.local/lib/python3.7/site-packages/airflow/example_dags/example_branch_labels.py
[2023-01-11T01:39:12.208+0000] {processor.py:766} INFO - DAG(s) dict_keys(['example_branch_labels']) retrieved from /home/airflow/.local/lib/python3.7/site-packages/airflow/example_dags/example_branch_labels.py
[2023-01-11T01:39:12.300+0000] {logging_mixin.py:120} INFO - [2023-01-11T01:39:12.300+0000] {dag.py:2585} INFO - Sync 1 DAGs
[2023-01-11T01:39:12.390+0000] {logging_mixin.py:120} INFO - [2023-01-11T01:39:12.390+0000] {dag.py:3340} INFO - Setting next_dagrun for example_branch_labels to 2023-01-10T00:00:00+00:00, run_after=2023-01-11T00:00:00+00:00
[2023-01-11T01:39:12.468+0000] {processor.py:176} INFO - Processing /home/airflow/.local/lib/python3.7/site-packages/airflow/example_dags/example_branch_labels.py took 0.320 seconds
[2023-01-11T01:39:43.266+0000] {processor.py:154} INFO - Started process (PID=21040) to work on /home/airflow/.local/lib/python3.7/site-packages/airflow/example_dags/example_branch_labels.py
[2023-01-11T01:39:43.268+0000] {processor.py:756} INFO - Processing file /home/airflow/.local/lib/python3.7/site-packages/airflow/example_dags/example_branch_labels.py for tasks to queue
[2023-01-11T01:39:43.270+0000] {logging_mixin.py:120} INFO - [2023-01-11T01:39:43.270+0000] {dagbag.py:537} INFO - Filling up the DagBag from /home/airflow/.local/lib/python3.7/site-packages/airflow/example_dags/example_branch_labels.py
[2023-01-11T01:39:43.300+0000] {processor.py:766} INFO - DAG(s) dict_keys(['example_branch_labels']) retrieved from /home/airflow/.local/lib/python3.7/site-packages/airflow/example_dags/example_branch_labels.py
[2023-01-11T01:39:43.393+0000] {logging_mixin.py:120} INFO - [2023-01-11T01:39:43.392+0000] {dag.py:2585} INFO - Sync 1 DAGs
[2023-01-11T01:39:43.444+0000] {logging_mixin.py:120} INFO - [2023-01-11T01:39:43.443+0000] {dag.py:3340} INFO - Setting next_dagrun for example_branch_labels to 2023-01-10T00:00:00+00:00, run_after=2023-01-11T00:00:00+00:00
[2023-01-11T01:39:43.486+0000] {processor.py:176} INFO - Processing /home/airflow/.local/lib/python3.7/site-packages/airflow/example_dags/example_branch_labels.py took 0.226 seconds
[2023-01-11T01:40:13.987+0000] {processor.py:154} INFO - Started process (PID=21105) to work on /home/airflow/.local/lib/python3.7/site-packages/airflow/example_dags/example_branch_labels.py
[2023-01-11T01:40:13.989+0000] {processor.py:756} INFO - Processing file /home/airflow/.local/lib/python3.7/site-packages/airflow/example_dags/example_branch_labels.py for tasks to queue
[2023-01-11T01:40:13.991+0000] {logging_mixin.py:120} INFO - [2023-01-11T01:40:13.991+0000] {dagbag.py:537} INFO - Filling up the DagBag from /home/airflow/.local/lib/python3.7/site-packages/airflow/example_dags/example_branch_labels.py
[2023-01-11T01:40:14.048+0000] {processor.py:766} INFO - DAG(s) dict_keys(['example_branch_labels']) retrieved from /home/airflow/.local/lib/python3.7/site-packages/airflow/example_dags/example_branch_labels.py
[2023-01-11T01:40:14.152+0000] {logging_mixin.py:120} INFO - [2023-01-11T01:40:14.151+0000] {dag.py:2585} INFO - Sync 1 DAGs
[2023-01-11T01:40:14.194+0000] {logging_mixin.py:120} INFO - [2023-01-11T01:40:14.193+0000] {dag.py:3340} INFO - Setting next_dagrun for example_branch_labels to 2023-01-10T00:00:00+00:00, run_after=2023-01-11T00:00:00+00:00
[2023-01-11T01:40:14.228+0000] {processor.py:176} INFO - Processing /home/airflow/.local/lib/python3.7/site-packages/airflow/example_dags/example_branch_labels.py took 0.246 seconds
[2023-01-11T01:40:44.397+0000] {processor.py:154} INFO - Started process (PID=21165) to work on /home/airflow/.local/lib/python3.7/site-packages/airflow/example_dags/example_branch_labels.py
[2023-01-11T01:40:44.398+0000] {processor.py:756} INFO - Processing file /home/airflow/.local/lib/python3.7/site-packages/airflow/example_dags/example_branch_labels.py for tasks to queue
[2023-01-11T01:40:44.399+0000] {logging_mixin.py:120} INFO - [2023-01-11T01:40:44.399+0000] {dagbag.py:537} INFO - Filling up the DagBag from /home/airflow/.local/lib/python3.7/site-packages/airflow/example_dags/example_branch_labels.py
[2023-01-11T01:40:44.419+0000] {processor.py:766} INFO - DAG(s) dict_keys(['example_branch_labels']) retrieved from /home/airflow/.local/lib/python3.7/site-packages/airflow/example_dags/example_branch_labels.py
[2023-01-11T01:40:44.512+0000] {logging_mixin.py:120} INFO - [2023-01-11T01:40:44.512+0000] {dag.py:2585} INFO - Sync 1 DAGs
[2023-01-11T01:40:44.546+0000] {logging_mixin.py:120} INFO - [2023-01-11T01:40:44.546+0000] {dag.py:3340} INFO - Setting next_dagrun for example_branch_labels to 2023-01-10T00:00:00+00:00, run_after=2023-01-11T00:00:00+00:00
[2023-01-11T01:40:44.582+0000] {processor.py:176} INFO - Processing /home/airflow/.local/lib/python3.7/site-packages/airflow/example_dags/example_branch_labels.py took 0.189 seconds
[2023-01-11T01:41:14.880+0000] {processor.py:154} INFO - Started process (PID=21232) to work on /home/airflow/.local/lib/python3.7/site-packages/airflow/example_dags/example_branch_labels.py
[2023-01-11T01:41:14.881+0000] {processor.py:756} INFO - Processing file /home/airflow/.local/lib/python3.7/site-packages/airflow/example_dags/example_branch_labels.py for tasks to queue
[2023-01-11T01:41:14.882+0000] {logging_mixin.py:120} INFO - [2023-01-11T01:41:14.882+0000] {dagbag.py:537} INFO - Filling up the DagBag from /home/airflow/.local/lib/python3.7/site-packages/airflow/example_dags/example_branch_labels.py
[2023-01-11T01:41:14.908+0000] {processor.py:766} INFO - DAG(s) dict_keys(['example_branch_labels']) retrieved from /home/airflow/.local/lib/python3.7/site-packages/airflow/example_dags/example_branch_labels.py
[2023-01-11T01:41:14.972+0000] {logging_mixin.py:120} INFO - [2023-01-11T01:41:14.972+0000] {dag.py:2585} INFO - Sync 1 DAGs
[2023-01-11T01:41:15.004+0000] {logging_mixin.py:120} INFO - [2023-01-11T01:41:15.004+0000] {dag.py:3340} INFO - Setting next_dagrun for example_branch_labels to 2023-01-10T00:00:00+00:00, run_after=2023-01-11T00:00:00+00:00
[2023-01-11T01:41:15.036+0000] {processor.py:176} INFO - Processing /home/airflow/.local/lib/python3.7/site-packages/airflow/example_dags/example_branch_labels.py took 0.159 seconds
[2023-01-11T01:41:45.375+0000] {processor.py:154} INFO - Started process (PID=21290) to work on /home/airflow/.local/lib/python3.7/site-packages/airflow/example_dags/example_branch_labels.py
[2023-01-11T01:41:45.376+0000] {processor.py:756} INFO - Processing file /home/airflow/.local/lib/python3.7/site-packages/airflow/example_dags/example_branch_labels.py for tasks to queue
[2023-01-11T01:41:45.378+0000] {logging_mixin.py:120} INFO - [2023-01-11T01:41:45.377+0000] {dagbag.py:537} INFO - Filling up the DagBag from /home/airflow/.local/lib/python3.7/site-packages/airflow/example_dags/example_branch_labels.py
[2023-01-11T01:41:45.399+0000] {processor.py:766} INFO - DAG(s) dict_keys(['example_branch_labels']) retrieved from /home/airflow/.local/lib/python3.7/site-packages/airflow/example_dags/example_branch_labels.py
[2023-01-11T01:41:45.482+0000] {logging_mixin.py:120} INFO - [2023-01-11T01:41:45.482+0000] {dag.py:2585} INFO - Sync 1 DAGs
[2023-01-11T01:41:45.530+0000] {logging_mixin.py:120} INFO - [2023-01-11T01:41:45.530+0000] {dag.py:3340} INFO - Setting next_dagrun for example_branch_labels to 2023-01-10T00:00:00+00:00, run_after=2023-01-11T00:00:00+00:00
[2023-01-11T01:41:45.553+0000] {processor.py:176} INFO - Processing /home/airflow/.local/lib/python3.7/site-packages/airflow/example_dags/example_branch_labels.py took 0.183 seconds
[2023-01-11T01:42:16.067+0000] {processor.py:154} INFO - Started process (PID=21358) to work on /home/airflow/.local/lib/python3.7/site-packages/airflow/example_dags/example_branch_labels.py
[2023-01-11T01:42:16.068+0000] {processor.py:756} INFO - Processing file /home/airflow/.local/lib/python3.7/site-packages/airflow/example_dags/example_branch_labels.py for tasks to queue
[2023-01-11T01:42:16.069+0000] {logging_mixin.py:120} INFO - [2023-01-11T01:42:16.069+0000] {dagbag.py:537} INFO - Filling up the DagBag from /home/airflow/.local/lib/python3.7/site-packages/airflow/example_dags/example_branch_labels.py
[2023-01-11T01:42:16.089+0000] {processor.py:766} INFO - DAG(s) dict_keys(['example_branch_labels']) retrieved from /home/airflow/.local/lib/python3.7/site-packages/airflow/example_dags/example_branch_labels.py
[2023-01-11T01:42:16.156+0000] {logging_mixin.py:120} INFO - [2023-01-11T01:42:16.156+0000] {dag.py:2585} INFO - Sync 1 DAGs
[2023-01-11T01:42:16.188+0000] {logging_mixin.py:120} INFO - [2023-01-11T01:42:16.188+0000] {dag.py:3340} INFO - Setting next_dagrun for example_branch_labels to 2023-01-10T00:00:00+00:00, run_after=2023-01-11T00:00:00+00:00
[2023-01-11T01:42:16.226+0000] {processor.py:176} INFO - Processing /home/airflow/.local/lib/python3.7/site-packages/airflow/example_dags/example_branch_labels.py took 0.163 seconds
[2023-01-11T01:42:46.930+0000] {processor.py:154} INFO - Started process (PID=21425) to work on /home/airflow/.local/lib/python3.7/site-packages/airflow/example_dags/example_branch_labels.py
[2023-01-11T01:42:46.931+0000] {processor.py:756} INFO - Processing file /home/airflow/.local/lib/python3.7/site-packages/airflow/example_dags/example_branch_labels.py for tasks to queue
[2023-01-11T01:42:46.931+0000] {logging_mixin.py:120} INFO - [2023-01-11T01:42:46.931+0000] {dagbag.py:537} INFO - Filling up the DagBag from /home/airflow/.local/lib/python3.7/site-packages/airflow/example_dags/example_branch_labels.py
[2023-01-11T01:42:46.955+0000] {processor.py:766} INFO - DAG(s) dict_keys(['example_branch_labels']) retrieved from /home/airflow/.local/lib/python3.7/site-packages/airflow/example_dags/example_branch_labels.py
[2023-01-11T01:42:47.030+0000] {logging_mixin.py:120} INFO - [2023-01-11T01:42:47.029+0000] {dag.py:2585} INFO - Sync 1 DAGs
[2023-01-11T01:42:47.062+0000] {logging_mixin.py:120} INFO - [2023-01-11T01:42:47.062+0000] {dag.py:3340} INFO - Setting next_dagrun for example_branch_labels to 2023-01-10T00:00:00+00:00, run_after=2023-01-11T00:00:00+00:00
[2023-01-11T01:42:47.085+0000] {processor.py:176} INFO - Processing /home/airflow/.local/lib/python3.7/site-packages/airflow/example_dags/example_branch_labels.py took 0.159 seconds
[2023-01-11T01:43:17.949+0000] {processor.py:154} INFO - Started process (PID=21483) to work on /home/airflow/.local/lib/python3.7/site-packages/airflow/example_dags/example_branch_labels.py
[2023-01-11T01:43:17.950+0000] {processor.py:756} INFO - Processing file /home/airflow/.local/lib/python3.7/site-packages/airflow/example_dags/example_branch_labels.py for tasks to queue
[2023-01-11T01:43:17.952+0000] {logging_mixin.py:120} INFO - [2023-01-11T01:43:17.951+0000] {dagbag.py:537} INFO - Filling up the DagBag from /home/airflow/.local/lib/python3.7/site-packages/airflow/example_dags/example_branch_labels.py
[2023-01-11T01:43:17.991+0000] {processor.py:766} INFO - DAG(s) dict_keys(['example_branch_labels']) retrieved from /home/airflow/.local/lib/python3.7/site-packages/airflow/example_dags/example_branch_labels.py
[2023-01-11T01:43:18.052+0000] {logging_mixin.py:120} INFO - [2023-01-11T01:43:18.052+0000] {dag.py:2585} INFO - Sync 1 DAGs
[2023-01-11T01:43:18.080+0000] {logging_mixin.py:120} INFO - [2023-01-11T01:43:18.080+0000] {dag.py:3340} INFO - Setting next_dagrun for example_branch_labels to 2023-01-10T00:00:00+00:00, run_after=2023-01-11T00:00:00+00:00
[2023-01-11T01:43:18.100+0000] {processor.py:176} INFO - Processing /home/airflow/.local/lib/python3.7/site-packages/airflow/example_dags/example_branch_labels.py took 0.155 seconds
[2023-01-11T01:43:48.840+0000] {processor.py:154} INFO - Started process (PID=21550) to work on /home/airflow/.local/lib/python3.7/site-packages/airflow/example_dags/example_branch_labels.py
[2023-01-11T01:43:48.841+0000] {processor.py:756} INFO - Processing file /home/airflow/.local/lib/python3.7/site-packages/airflow/example_dags/example_branch_labels.py for tasks to queue
[2023-01-11T01:43:48.843+0000] {logging_mixin.py:120} INFO - [2023-01-11T01:43:48.843+0000] {dagbag.py:537} INFO - Filling up the DagBag from /home/airflow/.local/lib/python3.7/site-packages/airflow/example_dags/example_branch_labels.py
[2023-01-11T01:43:48.866+0000] {processor.py:766} INFO - DAG(s) dict_keys(['example_branch_labels']) retrieved from /home/airflow/.local/lib/python3.7/site-packages/airflow/example_dags/example_branch_labels.py
[2023-01-11T01:43:48.948+0000] {logging_mixin.py:120} INFO - [2023-01-11T01:43:48.948+0000] {dag.py:2585} INFO - Sync 1 DAGs
[2023-01-11T01:43:48.985+0000] {logging_mixin.py:120} INFO - [2023-01-11T01:43:48.985+0000] {dag.py:3340} INFO - Setting next_dagrun for example_branch_labels to 2023-01-10T00:00:00+00:00, run_after=2023-01-11T00:00:00+00:00
[2023-01-11T01:43:49.006+0000] {processor.py:176} INFO - Processing /home/airflow/.local/lib/python3.7/site-packages/airflow/example_dags/example_branch_labels.py took 0.171 seconds
[2023-01-11T01:44:19.260+0000] {processor.py:154} INFO - Started process (PID=21617) to work on /home/airflow/.local/lib/python3.7/site-packages/airflow/example_dags/example_branch_labels.py
[2023-01-11T01:44:19.261+0000] {processor.py:756} INFO - Processing file /home/airflow/.local/lib/python3.7/site-packages/airflow/example_dags/example_branch_labels.py for tasks to queue
[2023-01-11T01:44:19.263+0000] {logging_mixin.py:120} INFO - [2023-01-11T01:44:19.262+0000] {dagbag.py:537} INFO - Filling up the DagBag from /home/airflow/.local/lib/python3.7/site-packages/airflow/example_dags/example_branch_labels.py
[2023-01-11T01:44:19.298+0000] {processor.py:766} INFO - DAG(s) dict_keys(['example_branch_labels']) retrieved from /home/airflow/.local/lib/python3.7/site-packages/airflow/example_dags/example_branch_labels.py
[2023-01-11T01:44:19.350+0000] {logging_mixin.py:120} INFO - [2023-01-11T01:44:19.350+0000] {dag.py:2585} INFO - Sync 1 DAGs
[2023-01-11T01:44:19.378+0000] {logging_mixin.py:120} INFO - [2023-01-11T01:44:19.378+0000] {dag.py:3340} INFO - Setting next_dagrun for example_branch_labels to 2023-01-10T00:00:00+00:00, run_after=2023-01-11T00:00:00+00:00
[2023-01-11T01:44:19.401+0000] {processor.py:176} INFO - Processing /home/airflow/.local/lib/python3.7/site-packages/airflow/example_dags/example_branch_labels.py took 0.145 seconds
[2023-01-11T01:44:49.481+0000] {processor.py:154} INFO - Started process (PID=21675) to work on /home/airflow/.local/lib/python3.7/site-packages/airflow/example_dags/example_branch_labels.py
[2023-01-11T01:44:49.482+0000] {processor.py:756} INFO - Processing file /home/airflow/.local/lib/python3.7/site-packages/airflow/example_dags/example_branch_labels.py for tasks to queue
[2023-01-11T01:44:49.483+0000] {logging_mixin.py:120} INFO - [2023-01-11T01:44:49.483+0000] {dagbag.py:537} INFO - Filling up the DagBag from /home/airflow/.local/lib/python3.7/site-packages/airflow/example_dags/example_branch_labels.py
[2023-01-11T01:44:49.507+0000] {processor.py:766} INFO - DAG(s) dict_keys(['example_branch_labels']) retrieved from /home/airflow/.local/lib/python3.7/site-packages/airflow/example_dags/example_branch_labels.py
[2023-01-11T01:44:49.593+0000] {logging_mixin.py:120} INFO - [2023-01-11T01:44:49.593+0000] {dag.py:2585} INFO - Sync 1 DAGs
[2023-01-11T01:44:49.625+0000] {logging_mixin.py:120} INFO - [2023-01-11T01:44:49.625+0000] {dag.py:3340} INFO - Setting next_dagrun for example_branch_labels to 2023-01-10T00:00:00+00:00, run_after=2023-01-11T00:00:00+00:00
[2023-01-11T01:44:49.645+0000] {processor.py:176} INFO - Processing /home/airflow/.local/lib/python3.7/site-packages/airflow/example_dags/example_branch_labels.py took 0.169 seconds
[2023-01-11T01:45:20.061+0000] {processor.py:154} INFO - Started process (PID=21742) to work on /home/airflow/.local/lib/python3.7/site-packages/airflow/example_dags/example_branch_labels.py
[2023-01-11T01:45:20.062+0000] {processor.py:756} INFO - Processing file /home/airflow/.local/lib/python3.7/site-packages/airflow/example_dags/example_branch_labels.py for tasks to queue
[2023-01-11T01:45:20.063+0000] {logging_mixin.py:120} INFO - [2023-01-11T01:45:20.063+0000] {dagbag.py:537} INFO - Filling up the DagBag from /home/airflow/.local/lib/python3.7/site-packages/airflow/example_dags/example_branch_labels.py
[2023-01-11T01:45:20.083+0000] {processor.py:766} INFO - DAG(s) dict_keys(['example_branch_labels']) retrieved from /home/airflow/.local/lib/python3.7/site-packages/airflow/example_dags/example_branch_labels.py
[2023-01-11T01:45:20.136+0000] {logging_mixin.py:120} INFO - [2023-01-11T01:45:20.136+0000] {dag.py:2585} INFO - Sync 1 DAGs
[2023-01-11T01:45:20.178+0000] {logging_mixin.py:120} INFO - [2023-01-11T01:45:20.177+0000] {dag.py:3340} INFO - Setting next_dagrun for example_branch_labels to 2023-01-10T00:00:00+00:00, run_after=2023-01-11T00:00:00+00:00
[2023-01-11T01:45:20.208+0000] {processor.py:176} INFO - Processing /home/airflow/.local/lib/python3.7/site-packages/airflow/example_dags/example_branch_labels.py took 0.151 seconds
[2023-01-11T01:45:50.861+0000] {processor.py:154} INFO - Started process (PID=21809) to work on /home/airflow/.local/lib/python3.7/site-packages/airflow/example_dags/example_branch_labels.py
[2023-01-11T01:45:50.862+0000] {processor.py:756} INFO - Processing file /home/airflow/.local/lib/python3.7/site-packages/airflow/example_dags/example_branch_labels.py for tasks to queue
[2023-01-11T01:45:50.863+0000] {logging_mixin.py:120} INFO - [2023-01-11T01:45:50.863+0000] {dagbag.py:537} INFO - Filling up the DagBag from /home/airflow/.local/lib/python3.7/site-packages/airflow/example_dags/example_branch_labels.py
[2023-01-11T01:45:50.879+0000] {processor.py:766} INFO - DAG(s) dict_keys(['example_branch_labels']) retrieved from /home/airflow/.local/lib/python3.7/site-packages/airflow/example_dags/example_branch_labels.py
[2023-01-11T01:45:50.927+0000] {logging_mixin.py:120} INFO - [2023-01-11T01:45:50.927+0000] {dag.py:2585} INFO - Sync 1 DAGs
[2023-01-11T01:45:50.955+0000] {logging_mixin.py:120} INFO - [2023-01-11T01:45:50.955+0000] {dag.py:3340} INFO - Setting next_dagrun for example_branch_labels to 2023-01-10T00:00:00+00:00, run_after=2023-01-11T00:00:00+00:00
[2023-01-11T01:45:50.986+0000] {processor.py:176} INFO - Processing /home/airflow/.local/lib/python3.7/site-packages/airflow/example_dags/example_branch_labels.py took 0.128 seconds
[2023-01-11T01:46:21.826+0000] {processor.py:154} INFO - Started process (PID=21868) to work on /home/airflow/.local/lib/python3.7/site-packages/airflow/example_dags/example_branch_labels.py
[2023-01-11T01:46:21.827+0000] {processor.py:756} INFO - Processing file /home/airflow/.local/lib/python3.7/site-packages/airflow/example_dags/example_branch_labels.py for tasks to queue
[2023-01-11T01:46:21.828+0000] {logging_mixin.py:120} INFO - [2023-01-11T01:46:21.828+0000] {dagbag.py:537} INFO - Filling up the DagBag from /home/airflow/.local/lib/python3.7/site-packages/airflow/example_dags/example_branch_labels.py
[2023-01-11T01:46:21.855+0000] {processor.py:766} INFO - DAG(s) dict_keys(['example_branch_labels']) retrieved from /home/airflow/.local/lib/python3.7/site-packages/airflow/example_dags/example_branch_labels.py
[2023-01-11T01:46:21.913+0000] {logging_mixin.py:120} INFO - [2023-01-11T01:46:21.912+0000] {dag.py:2585} INFO - Sync 1 DAGs
[2023-01-11T01:46:21.940+0000] {logging_mixin.py:120} INFO - [2023-01-11T01:46:21.940+0000] {dag.py:3340} INFO - Setting next_dagrun for example_branch_labels to 2023-01-10T00:00:00+00:00, run_after=2023-01-11T00:00:00+00:00
[2023-01-11T01:46:21.967+0000] {processor.py:176} INFO - Processing /home/airflow/.local/lib/python3.7/site-packages/airflow/example_dags/example_branch_labels.py took 0.146 seconds
