[2023-01-11T01:09:37.867+0000] {processor.py:154} INFO - Started process (PID=17338) to work on /home/airflow/.local/lib/python3.7/site-packages/airflow/example_dags/example_latest_only.py
[2023-01-11T01:09:37.870+0000] {processor.py:756} INFO - Processing file /home/airflow/.local/lib/python3.7/site-packages/airflow/example_dags/example_latest_only.py for tasks to queue
[2023-01-11T01:09:37.872+0000] {logging_mixin.py:120} INFO - [2023-01-11T01:09:37.872+0000] {dagbag.py:537} INFO - Filling up the DagBag from /home/airflow/.local/lib/python3.7/site-packages/airflow/example_dags/example_latest_only.py
[2023-01-11T01:09:37.911+0000] {processor.py:766} INFO - DAG(s) dict_keys(['latest_only']) retrieved from /home/airflow/.local/lib/python3.7/site-packages/airflow/example_dags/example_latest_only.py
[2023-01-11T01:09:38.026+0000] {logging_mixin.py:120} INFO - [2023-01-11T01:09:38.024+0000] {dag.py:2585} INFO - Sync 1 DAGs
[2023-01-11T01:09:38.145+0000] {logging_mixin.py:120} INFO - [2023-01-11T01:09:38.145+0000] {dag.py:3340} INFO - Setting next_dagrun for latest_only to 2023-01-10T21:09:38.144110+00:00, run_after=2023-01-11T01:09:38.144110+00:00
[2023-01-11T01:09:38.300+0000] {processor.py:176} INFO - Processing /home/airflow/.local/lib/python3.7/site-packages/airflow/example_dags/example_latest_only.py took 0.440 seconds
[2023-01-11T01:10:08.414+0000] {processor.py:154} INFO - Started process (PID=17405) to work on /home/airflow/.local/lib/python3.7/site-packages/airflow/example_dags/example_latest_only.py
[2023-01-11T01:10:08.416+0000] {processor.py:756} INFO - Processing file /home/airflow/.local/lib/python3.7/site-packages/airflow/example_dags/example_latest_only.py for tasks to queue
[2023-01-11T01:10:08.417+0000] {logging_mixin.py:120} INFO - [2023-01-11T01:10:08.417+0000] {dagbag.py:537} INFO - Filling up the DagBag from /home/airflow/.local/lib/python3.7/site-packages/airflow/example_dags/example_latest_only.py
[2023-01-11T01:10:08.438+0000] {processor.py:766} INFO - DAG(s) dict_keys(['latest_only']) retrieved from /home/airflow/.local/lib/python3.7/site-packages/airflow/example_dags/example_latest_only.py
[2023-01-11T01:10:08.492+0000] {logging_mixin.py:120} INFO - [2023-01-11T01:10:08.492+0000] {dag.py:2585} INFO - Sync 1 DAGs
[2023-01-11T01:10:08.521+0000] {logging_mixin.py:120} INFO - [2023-01-11T01:10:08.521+0000] {dag.py:3340} INFO - Setting next_dagrun for latest_only to 2023-01-10T21:10:08.521340+00:00, run_after=2023-01-11T01:10:08.521340+00:00
[2023-01-11T01:10:08.553+0000] {processor.py:176} INFO - Processing /home/airflow/.local/lib/python3.7/site-packages/airflow/example_dags/example_latest_only.py took 0.143 seconds
[2023-01-11T01:10:39.815+0000] {processor.py:154} INFO - Started process (PID=17463) to work on /home/airflow/.local/lib/python3.7/site-packages/airflow/example_dags/example_latest_only.py
[2023-01-11T01:10:39.816+0000] {processor.py:756} INFO - Processing file /home/airflow/.local/lib/python3.7/site-packages/airflow/example_dags/example_latest_only.py for tasks to queue
[2023-01-11T01:10:39.817+0000] {logging_mixin.py:120} INFO - [2023-01-11T01:10:39.817+0000] {dagbag.py:537} INFO - Filling up the DagBag from /home/airflow/.local/lib/python3.7/site-packages/airflow/example_dags/example_latest_only.py
[2023-01-11T01:10:39.840+0000] {processor.py:766} INFO - DAG(s) dict_keys(['latest_only']) retrieved from /home/airflow/.local/lib/python3.7/site-packages/airflow/example_dags/example_latest_only.py
[2023-01-11T01:10:39.917+0000] {logging_mixin.py:120} INFO - [2023-01-11T01:10:39.917+0000] {dag.py:2585} INFO - Sync 1 DAGs
[2023-01-11T01:10:39.970+0000] {logging_mixin.py:120} INFO - [2023-01-11T01:10:39.970+0000] {dag.py:3340} INFO - Setting next_dagrun for latest_only to 2023-01-10T21:10:39.970126+00:00, run_after=2023-01-11T01:10:39.970126+00:00
[2023-01-11T01:10:40.003+0000] {processor.py:176} INFO - Processing /home/airflow/.local/lib/python3.7/site-packages/airflow/example_dags/example_latest_only.py took 0.193 seconds
[2023-01-11T01:11:10.847+0000] {processor.py:154} INFO - Started process (PID=17530) to work on /home/airflow/.local/lib/python3.7/site-packages/airflow/example_dags/example_latest_only.py
[2023-01-11T01:11:10.849+0000] {processor.py:756} INFO - Processing file /home/airflow/.local/lib/python3.7/site-packages/airflow/example_dags/example_latest_only.py for tasks to queue
[2023-01-11T01:11:10.851+0000] {logging_mixin.py:120} INFO - [2023-01-11T01:11:10.850+0000] {dagbag.py:537} INFO - Filling up the DagBag from /home/airflow/.local/lib/python3.7/site-packages/airflow/example_dags/example_latest_only.py
[2023-01-11T01:11:10.880+0000] {processor.py:766} INFO - DAG(s) dict_keys(['latest_only']) retrieved from /home/airflow/.local/lib/python3.7/site-packages/airflow/example_dags/example_latest_only.py
[2023-01-11T01:11:10.959+0000] {logging_mixin.py:120} INFO - [2023-01-11T01:11:10.959+0000] {dag.py:2585} INFO - Sync 1 DAGs
[2023-01-11T01:11:11.016+0000] {logging_mixin.py:120} INFO - [2023-01-11T01:11:11.016+0000] {dag.py:3340} INFO - Setting next_dagrun for latest_only to 2023-01-10T21:11:11.015783+00:00, run_after=2023-01-11T01:11:11.015783+00:00
[2023-01-11T01:11:11.058+0000] {processor.py:176} INFO - Processing /home/airflow/.local/lib/python3.7/site-packages/airflow/example_dags/example_latest_only.py took 0.217 seconds
[2023-01-11T01:11:42.591+0000] {processor.py:154} INFO - Started process (PID=17588) to work on /home/airflow/.local/lib/python3.7/site-packages/airflow/example_dags/example_latest_only.py
[2023-01-11T01:11:42.593+0000] {processor.py:756} INFO - Processing file /home/airflow/.local/lib/python3.7/site-packages/airflow/example_dags/example_latest_only.py for tasks to queue
[2023-01-11T01:11:42.596+0000] {logging_mixin.py:120} INFO - [2023-01-11T01:11:42.595+0000] {dagbag.py:537} INFO - Filling up the DagBag from /home/airflow/.local/lib/python3.7/site-packages/airflow/example_dags/example_latest_only.py
[2023-01-11T01:11:42.628+0000] {processor.py:766} INFO - DAG(s) dict_keys(['latest_only']) retrieved from /home/airflow/.local/lib/python3.7/site-packages/airflow/example_dags/example_latest_only.py
[2023-01-11T01:11:42.770+0000] {logging_mixin.py:120} INFO - [2023-01-11T01:11:42.770+0000] {dag.py:2585} INFO - Sync 1 DAGs
[2023-01-11T01:11:42.827+0000] {logging_mixin.py:120} INFO - [2023-01-11T01:11:42.827+0000] {dag.py:3340} INFO - Setting next_dagrun for latest_only to 2023-01-10T21:11:42.827025+00:00, run_after=2023-01-11T01:11:42.827025+00:00
[2023-01-11T01:11:42.867+0000] {processor.py:176} INFO - Processing /home/airflow/.local/lib/python3.7/site-packages/airflow/example_dags/example_latest_only.py took 0.282 seconds
[2023-01-11T01:12:13.239+0000] {processor.py:154} INFO - Started process (PID=17655) to work on /home/airflow/.local/lib/python3.7/site-packages/airflow/example_dags/example_latest_only.py
[2023-01-11T01:12:13.240+0000] {processor.py:756} INFO - Processing file /home/airflow/.local/lib/python3.7/site-packages/airflow/example_dags/example_latest_only.py for tasks to queue
[2023-01-11T01:12:13.241+0000] {logging_mixin.py:120} INFO - [2023-01-11T01:12:13.241+0000] {dagbag.py:537} INFO - Filling up the DagBag from /home/airflow/.local/lib/python3.7/site-packages/airflow/example_dags/example_latest_only.py
[2023-01-11T01:12:13.261+0000] {processor.py:766} INFO - DAG(s) dict_keys(['latest_only']) retrieved from /home/airflow/.local/lib/python3.7/site-packages/airflow/example_dags/example_latest_only.py
[2023-01-11T01:12:13.329+0000] {logging_mixin.py:120} INFO - [2023-01-11T01:12:13.328+0000] {dag.py:2585} INFO - Sync 1 DAGs
[2023-01-11T01:12:13.394+0000] {logging_mixin.py:120} INFO - [2023-01-11T01:12:13.394+0000] {dag.py:3340} INFO - Setting next_dagrun for latest_only to 2023-01-10T21:12:13.393639+00:00, run_after=2023-01-11T01:12:13.393639+00:00
[2023-01-11T01:12:13.451+0000] {processor.py:176} INFO - Processing /home/airflow/.local/lib/python3.7/site-packages/airflow/example_dags/example_latest_only.py took 0.217 seconds
[2023-01-11T01:12:44.310+0000] {processor.py:154} INFO - Started process (PID=17718) to work on /home/airflow/.local/lib/python3.7/site-packages/airflow/example_dags/example_latest_only.py
[2023-01-11T01:12:44.312+0000] {processor.py:756} INFO - Processing file /home/airflow/.local/lib/python3.7/site-packages/airflow/example_dags/example_latest_only.py for tasks to queue
[2023-01-11T01:12:44.313+0000] {logging_mixin.py:120} INFO - [2023-01-11T01:12:44.313+0000] {dagbag.py:537} INFO - Filling up the DagBag from /home/airflow/.local/lib/python3.7/site-packages/airflow/example_dags/example_latest_only.py
[2023-01-11T01:12:44.333+0000] {processor.py:766} INFO - DAG(s) dict_keys(['latest_only']) retrieved from /home/airflow/.local/lib/python3.7/site-packages/airflow/example_dags/example_latest_only.py
[2023-01-11T01:12:44.404+0000] {logging_mixin.py:120} INFO - [2023-01-11T01:12:44.403+0000] {dag.py:2585} INFO - Sync 1 DAGs
[2023-01-11T01:12:44.505+0000] {logging_mixin.py:120} INFO - [2023-01-11T01:12:44.504+0000] {dag.py:3340} INFO - Setting next_dagrun for latest_only to 2023-01-10T21:12:44.503706+00:00, run_after=2023-01-11T01:12:44.503706+00:00
[2023-01-11T01:12:44.581+0000] {processor.py:176} INFO - Processing /home/airflow/.local/lib/python3.7/site-packages/airflow/example_dags/example_latest_only.py took 0.276 seconds
[2023-01-11T01:13:14.838+0000] {processor.py:154} INFO - Started process (PID=17778) to work on /home/airflow/.local/lib/python3.7/site-packages/airflow/example_dags/example_latest_only.py
[2023-01-11T01:13:14.839+0000] {processor.py:756} INFO - Processing file /home/airflow/.local/lib/python3.7/site-packages/airflow/example_dags/example_latest_only.py for tasks to queue
[2023-01-11T01:13:14.840+0000] {logging_mixin.py:120} INFO - [2023-01-11T01:13:14.840+0000] {dagbag.py:537} INFO - Filling up the DagBag from /home/airflow/.local/lib/python3.7/site-packages/airflow/example_dags/example_latest_only.py
[2023-01-11T01:13:14.854+0000] {processor.py:766} INFO - DAG(s) dict_keys(['latest_only']) retrieved from /home/airflow/.local/lib/python3.7/site-packages/airflow/example_dags/example_latest_only.py
[2023-01-11T01:13:14.903+0000] {logging_mixin.py:120} INFO - [2023-01-11T01:13:14.903+0000] {dag.py:2585} INFO - Sync 1 DAGs
[2023-01-11T01:13:14.932+0000] {logging_mixin.py:120} INFO - [2023-01-11T01:13:14.932+0000] {dag.py:3340} INFO - Setting next_dagrun for latest_only to 2023-01-10T21:13:14.932561+00:00, run_after=2023-01-11T01:13:14.932561+00:00
[2023-01-11T01:13:14.959+0000] {processor.py:176} INFO - Processing /home/airflow/.local/lib/python3.7/site-packages/airflow/example_dags/example_latest_only.py took 0.125 seconds
[2023-01-11T01:13:45.507+0000] {processor.py:154} INFO - Started process (PID=17845) to work on /home/airflow/.local/lib/python3.7/site-packages/airflow/example_dags/example_latest_only.py
[2023-01-11T01:13:45.509+0000] {processor.py:756} INFO - Processing file /home/airflow/.local/lib/python3.7/site-packages/airflow/example_dags/example_latest_only.py for tasks to queue
[2023-01-11T01:13:45.511+0000] {logging_mixin.py:120} INFO - [2023-01-11T01:13:45.510+0000] {dagbag.py:537} INFO - Filling up the DagBag from /home/airflow/.local/lib/python3.7/site-packages/airflow/example_dags/example_latest_only.py
[2023-01-11T01:13:45.536+0000] {processor.py:766} INFO - DAG(s) dict_keys(['latest_only']) retrieved from /home/airflow/.local/lib/python3.7/site-packages/airflow/example_dags/example_latest_only.py
[2023-01-11T01:13:45.606+0000] {logging_mixin.py:120} INFO - [2023-01-11T01:13:45.606+0000] {dag.py:2585} INFO - Sync 1 DAGs
[2023-01-11T01:13:45.663+0000] {logging_mixin.py:120} INFO - [2023-01-11T01:13:45.663+0000] {dag.py:3340} INFO - Setting next_dagrun for latest_only to 2023-01-10T21:13:45.662874+00:00, run_after=2023-01-11T01:13:45.662874+00:00
[2023-01-11T01:13:45.725+0000] {processor.py:176} INFO - Processing /home/airflow/.local/lib/python3.7/site-packages/airflow/example_dags/example_latest_only.py took 0.223 seconds
[2023-01-11T01:14:16.399+0000] {processor.py:154} INFO - Started process (PID=17911) to work on /home/airflow/.local/lib/python3.7/site-packages/airflow/example_dags/example_latest_only.py
[2023-01-11T01:14:16.402+0000] {processor.py:756} INFO - Processing file /home/airflow/.local/lib/python3.7/site-packages/airflow/example_dags/example_latest_only.py for tasks to queue
[2023-01-11T01:14:16.404+0000] {logging_mixin.py:120} INFO - [2023-01-11T01:14:16.404+0000] {dagbag.py:537} INFO - Filling up the DagBag from /home/airflow/.local/lib/python3.7/site-packages/airflow/example_dags/example_latest_only.py
[2023-01-11T01:14:16.440+0000] {processor.py:766} INFO - DAG(s) dict_keys(['latest_only']) retrieved from /home/airflow/.local/lib/python3.7/site-packages/airflow/example_dags/example_latest_only.py
[2023-01-11T01:14:16.548+0000] {logging_mixin.py:120} INFO - [2023-01-11T01:14:16.548+0000] {dag.py:2585} INFO - Sync 1 DAGs
[2023-01-11T01:14:16.621+0000] {logging_mixin.py:120} INFO - [2023-01-11T01:14:16.621+0000] {dag.py:3340} INFO - Setting next_dagrun for latest_only to 2023-01-10T21:14:16.620486+00:00, run_after=2023-01-11T01:14:16.620486+00:00
[2023-01-11T01:14:16.698+0000] {processor.py:176} INFO - Processing /home/airflow/.local/lib/python3.7/site-packages/airflow/example_dags/example_latest_only.py took 0.311 seconds
[2023-01-11T01:14:46.947+0000] {processor.py:154} INFO - Started process (PID=17971) to work on /home/airflow/.local/lib/python3.7/site-packages/airflow/example_dags/example_latest_only.py
[2023-01-11T01:14:46.948+0000] {processor.py:756} INFO - Processing file /home/airflow/.local/lib/python3.7/site-packages/airflow/example_dags/example_latest_only.py for tasks to queue
[2023-01-11T01:14:46.949+0000] {logging_mixin.py:120} INFO - [2023-01-11T01:14:46.948+0000] {dagbag.py:537} INFO - Filling up the DagBag from /home/airflow/.local/lib/python3.7/site-packages/airflow/example_dags/example_latest_only.py
[2023-01-11T01:14:46.964+0000] {processor.py:766} INFO - DAG(s) dict_keys(['latest_only']) retrieved from /home/airflow/.local/lib/python3.7/site-packages/airflow/example_dags/example_latest_only.py
[2023-01-11T01:14:47.011+0000] {logging_mixin.py:120} INFO - [2023-01-11T01:14:47.011+0000] {dag.py:2585} INFO - Sync 1 DAGs
[2023-01-11T01:14:47.046+0000] {logging_mixin.py:120} INFO - [2023-01-11T01:14:47.046+0000] {dag.py:3340} INFO - Setting next_dagrun for latest_only to 2023-01-10T21:14:47.045739+00:00, run_after=2023-01-11T01:14:47.045739+00:00
[2023-01-11T01:14:47.073+0000] {processor.py:176} INFO - Processing /home/airflow/.local/lib/python3.7/site-packages/airflow/example_dags/example_latest_only.py took 0.129 seconds
[2023-01-11T01:15:17.466+0000] {processor.py:154} INFO - Started process (PID=18038) to work on /home/airflow/.local/lib/python3.7/site-packages/airflow/example_dags/example_latest_only.py
[2023-01-11T01:15:17.468+0000] {processor.py:756} INFO - Processing file /home/airflow/.local/lib/python3.7/site-packages/airflow/example_dags/example_latest_only.py for tasks to queue
[2023-01-11T01:15:17.470+0000] {logging_mixin.py:120} INFO - [2023-01-11T01:15:17.470+0000] {dagbag.py:537} INFO - Filling up the DagBag from /home/airflow/.local/lib/python3.7/site-packages/airflow/example_dags/example_latest_only.py
[2023-01-11T01:15:17.516+0000] {processor.py:766} INFO - DAG(s) dict_keys(['latest_only']) retrieved from /home/airflow/.local/lib/python3.7/site-packages/airflow/example_dags/example_latest_only.py
[2023-01-11T01:15:17.602+0000] {logging_mixin.py:120} INFO - [2023-01-11T01:15:17.602+0000] {dag.py:2585} INFO - Sync 1 DAGs
[2023-01-11T01:15:17.645+0000] {logging_mixin.py:120} INFO - [2023-01-11T01:15:17.644+0000] {dag.py:3340} INFO - Setting next_dagrun for latest_only to 2023-01-10T21:15:17.644553+00:00, run_after=2023-01-11T01:15:17.644553+00:00
[2023-01-11T01:15:17.749+0000] {processor.py:176} INFO - Processing /home/airflow/.local/lib/python3.7/site-packages/airflow/example_dags/example_latest_only.py took 0.295 seconds
[2023-01-11T01:15:47.881+0000] {processor.py:154} INFO - Started process (PID=18096) to work on /home/airflow/.local/lib/python3.7/site-packages/airflow/example_dags/example_latest_only.py
[2023-01-11T01:15:47.882+0000] {processor.py:756} INFO - Processing file /home/airflow/.local/lib/python3.7/site-packages/airflow/example_dags/example_latest_only.py for tasks to queue
[2023-01-11T01:15:47.885+0000] {logging_mixin.py:120} INFO - [2023-01-11T01:15:47.884+0000] {dagbag.py:537} INFO - Filling up the DagBag from /home/airflow/.local/lib/python3.7/site-packages/airflow/example_dags/example_latest_only.py
[2023-01-11T01:15:47.912+0000] {processor.py:766} INFO - DAG(s) dict_keys(['latest_only']) retrieved from /home/airflow/.local/lib/python3.7/site-packages/airflow/example_dags/example_latest_only.py
[2023-01-11T01:15:47.998+0000] {logging_mixin.py:120} INFO - [2023-01-11T01:15:47.998+0000] {dag.py:2585} INFO - Sync 1 DAGs
[2023-01-11T01:15:48.062+0000] {logging_mixin.py:120} INFO - [2023-01-11T01:15:48.062+0000] {dag.py:3340} INFO - Setting next_dagrun for latest_only to 2023-01-10T21:15:48.061499+00:00, run_after=2023-01-11T01:15:48.061499+00:00
[2023-01-11T01:15:48.119+0000] {processor.py:176} INFO - Processing /home/airflow/.local/lib/python3.7/site-packages/airflow/example_dags/example_latest_only.py took 0.244 seconds
[2023-01-11T01:16:18.260+0000] {processor.py:154} INFO - Started process (PID=18164) to work on /home/airflow/.local/lib/python3.7/site-packages/airflow/example_dags/example_latest_only.py
[2023-01-11T01:16:18.261+0000] {processor.py:756} INFO - Processing file /home/airflow/.local/lib/python3.7/site-packages/airflow/example_dags/example_latest_only.py for tasks to queue
[2023-01-11T01:16:18.262+0000] {logging_mixin.py:120} INFO - [2023-01-11T01:16:18.262+0000] {dagbag.py:537} INFO - Filling up the DagBag from /home/airflow/.local/lib/python3.7/site-packages/airflow/example_dags/example_latest_only.py
[2023-01-11T01:16:18.276+0000] {processor.py:766} INFO - DAG(s) dict_keys(['latest_only']) retrieved from /home/airflow/.local/lib/python3.7/site-packages/airflow/example_dags/example_latest_only.py
[2023-01-11T01:16:18.337+0000] {logging_mixin.py:120} INFO - [2023-01-11T01:16:18.336+0000] {dag.py:2585} INFO - Sync 1 DAGs
[2023-01-11T01:16:18.372+0000] {logging_mixin.py:120} INFO - [2023-01-11T01:16:18.372+0000] {dag.py:3340} INFO - Setting next_dagrun for latest_only to 2023-01-10T21:16:18.371582+00:00, run_after=2023-01-11T01:16:18.371582+00:00
[2023-01-11T01:16:18.401+0000] {processor.py:176} INFO - Processing /home/airflow/.local/lib/python3.7/site-packages/airflow/example_dags/example_latest_only.py took 0.147 seconds
[2023-01-11T01:16:48.532+0000] {processor.py:154} INFO - Started process (PID=18222) to work on /home/airflow/.local/lib/python3.7/site-packages/airflow/example_dags/example_latest_only.py
[2023-01-11T01:16:48.533+0000] {processor.py:756} INFO - Processing file /home/airflow/.local/lib/python3.7/site-packages/airflow/example_dags/example_latest_only.py for tasks to queue
[2023-01-11T01:16:48.535+0000] {logging_mixin.py:120} INFO - [2023-01-11T01:16:48.534+0000] {dagbag.py:537} INFO - Filling up the DagBag from /home/airflow/.local/lib/python3.7/site-packages/airflow/example_dags/example_latest_only.py
[2023-01-11T01:16:48.554+0000] {processor.py:766} INFO - DAG(s) dict_keys(['latest_only']) retrieved from /home/airflow/.local/lib/python3.7/site-packages/airflow/example_dags/example_latest_only.py
[2023-01-11T01:16:48.594+0000] {logging_mixin.py:120} INFO - [2023-01-11T01:16:48.594+0000] {dag.py:2585} INFO - Sync 1 DAGs
[2023-01-11T01:16:48.624+0000] {logging_mixin.py:120} INFO - [2023-01-11T01:16:48.624+0000] {dag.py:3340} INFO - Setting next_dagrun for latest_only to 2023-01-10T21:16:48.624154+00:00, run_after=2023-01-11T01:16:48.624154+00:00
[2023-01-11T01:16:48.647+0000] {processor.py:176} INFO - Processing /home/airflow/.local/lib/python3.7/site-packages/airflow/example_dags/example_latest_only.py took 0.120 seconds
[2023-01-11T01:17:19.950+0000] {processor.py:154} INFO - Started process (PID=18290) to work on /home/airflow/.local/lib/python3.7/site-packages/airflow/example_dags/example_latest_only.py
[2023-01-11T01:17:19.952+0000] {processor.py:756} INFO - Processing file /home/airflow/.local/lib/python3.7/site-packages/airflow/example_dags/example_latest_only.py for tasks to queue
[2023-01-11T01:17:19.954+0000] {logging_mixin.py:120} INFO - [2023-01-11T01:17:19.954+0000] {dagbag.py:537} INFO - Filling up the DagBag from /home/airflow/.local/lib/python3.7/site-packages/airflow/example_dags/example_latest_only.py
[2023-01-11T01:17:19.991+0000] {processor.py:766} INFO - DAG(s) dict_keys(['latest_only']) retrieved from /home/airflow/.local/lib/python3.7/site-packages/airflow/example_dags/example_latest_only.py
[2023-01-11T01:17:20.082+0000] {logging_mixin.py:120} INFO - [2023-01-11T01:17:20.081+0000] {dag.py:2585} INFO - Sync 1 DAGs
[2023-01-11T01:17:20.137+0000] {logging_mixin.py:120} INFO - [2023-01-11T01:17:20.137+0000] {dag.py:3340} INFO - Setting next_dagrun for latest_only to 2023-01-10T21:17:20.136508+00:00, run_after=2023-01-11T01:17:20.136508+00:00
[2023-01-11T01:17:20.170+0000] {processor.py:176} INFO - Processing /home/airflow/.local/lib/python3.7/site-packages/airflow/example_dags/example_latest_only.py took 0.228 seconds
[2023-01-11T01:17:51.013+0000] {processor.py:154} INFO - Started process (PID=18348) to work on /home/airflow/.local/lib/python3.7/site-packages/airflow/example_dags/example_latest_only.py
[2023-01-11T01:17:51.015+0000] {processor.py:756} INFO - Processing file /home/airflow/.local/lib/python3.7/site-packages/airflow/example_dags/example_latest_only.py for tasks to queue
[2023-01-11T01:17:51.016+0000] {logging_mixin.py:120} INFO - [2023-01-11T01:17:51.016+0000] {dagbag.py:537} INFO - Filling up the DagBag from /home/airflow/.local/lib/python3.7/site-packages/airflow/example_dags/example_latest_only.py
[2023-01-11T01:17:51.048+0000] {processor.py:766} INFO - DAG(s) dict_keys(['latest_only']) retrieved from /home/airflow/.local/lib/python3.7/site-packages/airflow/example_dags/example_latest_only.py
[2023-01-11T01:17:51.128+0000] {logging_mixin.py:120} INFO - [2023-01-11T01:17:51.128+0000] {dag.py:2585} INFO - Sync 1 DAGs
[2023-01-11T01:17:51.164+0000] {logging_mixin.py:120} INFO - [2023-01-11T01:17:51.164+0000] {dag.py:3340} INFO - Setting next_dagrun for latest_only to 2023-01-10T21:17:51.163691+00:00, run_after=2023-01-11T01:17:51.163691+00:00
[2023-01-11T01:17:51.194+0000] {processor.py:176} INFO - Processing /home/airflow/.local/lib/python3.7/site-packages/airflow/example_dags/example_latest_only.py took 0.191 seconds
[2023-01-11T01:18:21.834+0000] {processor.py:154} INFO - Started process (PID=18415) to work on /home/airflow/.local/lib/python3.7/site-packages/airflow/example_dags/example_latest_only.py
[2023-01-11T01:18:21.835+0000] {processor.py:756} INFO - Processing file /home/airflow/.local/lib/python3.7/site-packages/airflow/example_dags/example_latest_only.py for tasks to queue
[2023-01-11T01:18:21.837+0000] {logging_mixin.py:120} INFO - [2023-01-11T01:18:21.837+0000] {dagbag.py:537} INFO - Filling up the DagBag from /home/airflow/.local/lib/python3.7/site-packages/airflow/example_dags/example_latest_only.py
[2023-01-11T01:18:21.858+0000] {processor.py:766} INFO - DAG(s) dict_keys(['latest_only']) retrieved from /home/airflow/.local/lib/python3.7/site-packages/airflow/example_dags/example_latest_only.py
[2023-01-11T01:18:21.920+0000] {logging_mixin.py:120} INFO - [2023-01-11T01:18:21.919+0000] {dag.py:2585} INFO - Sync 1 DAGs
[2023-01-11T01:18:21.959+0000] {logging_mixin.py:120} INFO - [2023-01-11T01:18:21.959+0000] {dag.py:3340} INFO - Setting next_dagrun for latest_only to 2023-01-10T21:18:21.958757+00:00, run_after=2023-01-11T01:18:21.958757+00:00
[2023-01-11T01:18:22.012+0000] {processor.py:176} INFO - Processing /home/airflow/.local/lib/python3.7/site-packages/airflow/example_dags/example_latest_only.py took 0.184 seconds
[2023-01-11T01:18:52.181+0000] {processor.py:154} INFO - Started process (PID=18473) to work on /home/airflow/.local/lib/python3.7/site-packages/airflow/example_dags/example_latest_only.py
[2023-01-11T01:18:52.183+0000] {processor.py:756} INFO - Processing file /home/airflow/.local/lib/python3.7/site-packages/airflow/example_dags/example_latest_only.py for tasks to queue
[2023-01-11T01:18:52.185+0000] {logging_mixin.py:120} INFO - [2023-01-11T01:18:52.185+0000] {dagbag.py:537} INFO - Filling up the DagBag from /home/airflow/.local/lib/python3.7/site-packages/airflow/example_dags/example_latest_only.py
[2023-01-11T01:18:52.228+0000] {processor.py:766} INFO - DAG(s) dict_keys(['latest_only']) retrieved from /home/airflow/.local/lib/python3.7/site-packages/airflow/example_dags/example_latest_only.py
[2023-01-11T01:18:52.283+0000] {logging_mixin.py:120} INFO - [2023-01-11T01:18:52.282+0000] {dag.py:2585} INFO - Sync 1 DAGs
[2023-01-11T01:18:52.336+0000] {logging_mixin.py:120} INFO - [2023-01-11T01:18:52.336+0000] {dag.py:3340} INFO - Setting next_dagrun for latest_only to 2023-01-10T21:18:52.335899+00:00, run_after=2023-01-11T01:18:52.335899+00:00
[2023-01-11T01:18:52.380+0000] {processor.py:176} INFO - Processing /home/airflow/.local/lib/python3.7/site-packages/airflow/example_dags/example_latest_only.py took 0.203 seconds
[2023-01-11T01:19:23.378+0000] {processor.py:154} INFO - Started process (PID=18540) to work on /home/airflow/.local/lib/python3.7/site-packages/airflow/example_dags/example_latest_only.py
[2023-01-11T01:19:23.381+0000] {processor.py:756} INFO - Processing file /home/airflow/.local/lib/python3.7/site-packages/airflow/example_dags/example_latest_only.py for tasks to queue
[2023-01-11T01:19:23.385+0000] {logging_mixin.py:120} INFO - [2023-01-11T01:19:23.385+0000] {dagbag.py:537} INFO - Filling up the DagBag from /home/airflow/.local/lib/python3.7/site-packages/airflow/example_dags/example_latest_only.py
[2023-01-11T01:19:23.426+0000] {processor.py:766} INFO - DAG(s) dict_keys(['latest_only']) retrieved from /home/airflow/.local/lib/python3.7/site-packages/airflow/example_dags/example_latest_only.py
[2023-01-11T01:19:23.503+0000] {logging_mixin.py:120} INFO - [2023-01-11T01:19:23.502+0000] {dag.py:2585} INFO - Sync 1 DAGs
[2023-01-11T01:19:23.553+0000] {logging_mixin.py:120} INFO - [2023-01-11T01:19:23.552+0000] {dag.py:3340} INFO - Setting next_dagrun for latest_only to 2023-01-10T21:19:23.552077+00:00, run_after=2023-01-11T01:19:23.552077+00:00
[2023-01-11T01:19:23.593+0000] {processor.py:176} INFO - Processing /home/airflow/.local/lib/python3.7/site-packages/airflow/example_dags/example_latest_only.py took 0.222 seconds
[2023-01-11T01:19:53.873+0000] {processor.py:154} INFO - Started process (PID=18598) to work on /home/airflow/.local/lib/python3.7/site-packages/airflow/example_dags/example_latest_only.py
[2023-01-11T01:19:53.875+0000] {processor.py:756} INFO - Processing file /home/airflow/.local/lib/python3.7/site-packages/airflow/example_dags/example_latest_only.py for tasks to queue
[2023-01-11T01:19:53.879+0000] {logging_mixin.py:120} INFO - [2023-01-11T01:19:53.879+0000] {dagbag.py:537} INFO - Filling up the DagBag from /home/airflow/.local/lib/python3.7/site-packages/airflow/example_dags/example_latest_only.py
[2023-01-11T01:19:53.929+0000] {processor.py:766} INFO - DAG(s) dict_keys(['latest_only']) retrieved from /home/airflow/.local/lib/python3.7/site-packages/airflow/example_dags/example_latest_only.py
[2023-01-11T01:19:54.046+0000] {logging_mixin.py:120} INFO - [2023-01-11T01:19:54.046+0000] {dag.py:2585} INFO - Sync 1 DAGs
[2023-01-11T01:19:54.119+0000] {logging_mixin.py:120} INFO - [2023-01-11T01:19:54.118+0000] {dag.py:3340} INFO - Setting next_dagrun for latest_only to 2023-01-10T21:19:54.117941+00:00, run_after=2023-01-11T01:19:54.117941+00:00
[2023-01-11T01:19:54.169+0000] {processor.py:176} INFO - Processing /home/airflow/.local/lib/python3.7/site-packages/airflow/example_dags/example_latest_only.py took 0.302 seconds
[2023-01-11T01:20:24.781+0000] {processor.py:154} INFO - Started process (PID=18665) to work on /home/airflow/.local/lib/python3.7/site-packages/airflow/example_dags/example_latest_only.py
[2023-01-11T01:20:24.783+0000] {processor.py:756} INFO - Processing file /home/airflow/.local/lib/python3.7/site-packages/airflow/example_dags/example_latest_only.py for tasks to queue
[2023-01-11T01:20:24.785+0000] {logging_mixin.py:120} INFO - [2023-01-11T01:20:24.785+0000] {dagbag.py:537} INFO - Filling up the DagBag from /home/airflow/.local/lib/python3.7/site-packages/airflow/example_dags/example_latest_only.py
[2023-01-11T01:20:24.802+0000] {processor.py:766} INFO - DAG(s) dict_keys(['latest_only']) retrieved from /home/airflow/.local/lib/python3.7/site-packages/airflow/example_dags/example_latest_only.py
[2023-01-11T01:20:24.860+0000] {logging_mixin.py:120} INFO - [2023-01-11T01:20:24.860+0000] {dag.py:2585} INFO - Sync 1 DAGs
[2023-01-11T01:20:24.894+0000] {logging_mixin.py:120} INFO - [2023-01-11T01:20:24.894+0000] {dag.py:3340} INFO - Setting next_dagrun for latest_only to 2023-01-10T21:20:24.893859+00:00, run_after=2023-01-11T01:20:24.893859+00:00
[2023-01-11T01:20:24.931+0000] {processor.py:176} INFO - Processing /home/airflow/.local/lib/python3.7/site-packages/airflow/example_dags/example_latest_only.py took 0.154 seconds
[2023-01-11T01:20:54.979+0000] {processor.py:154} INFO - Started process (PID=18732) to work on /home/airflow/.local/lib/python3.7/site-packages/airflow/example_dags/example_latest_only.py
[2023-01-11T01:20:54.980+0000] {processor.py:756} INFO - Processing file /home/airflow/.local/lib/python3.7/site-packages/airflow/example_dags/example_latest_only.py for tasks to queue
[2023-01-11T01:20:54.981+0000] {logging_mixin.py:120} INFO - [2023-01-11T01:20:54.981+0000] {dagbag.py:537} INFO - Filling up the DagBag from /home/airflow/.local/lib/python3.7/site-packages/airflow/example_dags/example_latest_only.py
[2023-01-11T01:20:55.000+0000] {processor.py:766} INFO - DAG(s) dict_keys(['latest_only']) retrieved from /home/airflow/.local/lib/python3.7/site-packages/airflow/example_dags/example_latest_only.py
[2023-01-11T01:20:55.058+0000] {logging_mixin.py:120} INFO - [2023-01-11T01:20:55.058+0000] {dag.py:2585} INFO - Sync 1 DAGs
[2023-01-11T01:20:55.104+0000] {logging_mixin.py:120} INFO - [2023-01-11T01:20:55.104+0000] {dag.py:3340} INFO - Setting next_dagrun for latest_only to 2023-01-10T21:20:55.103489+00:00, run_after=2023-01-11T01:20:55.103489+00:00
[2023-01-11T01:20:55.147+0000] {processor.py:176} INFO - Processing /home/airflow/.local/lib/python3.7/site-packages/airflow/example_dags/example_latest_only.py took 0.171 seconds
[2023-01-11T01:21:25.445+0000] {processor.py:154} INFO - Started process (PID=18790) to work on /home/airflow/.local/lib/python3.7/site-packages/airflow/example_dags/example_latest_only.py
[2023-01-11T01:21:25.446+0000] {processor.py:756} INFO - Processing file /home/airflow/.local/lib/python3.7/site-packages/airflow/example_dags/example_latest_only.py for tasks to queue
[2023-01-11T01:21:25.448+0000] {logging_mixin.py:120} INFO - [2023-01-11T01:21:25.448+0000] {dagbag.py:537} INFO - Filling up the DagBag from /home/airflow/.local/lib/python3.7/site-packages/airflow/example_dags/example_latest_only.py
[2023-01-11T01:21:25.465+0000] {processor.py:766} INFO - DAG(s) dict_keys(['latest_only']) retrieved from /home/airflow/.local/lib/python3.7/site-packages/airflow/example_dags/example_latest_only.py
[2023-01-11T01:21:25.568+0000] {logging_mixin.py:120} INFO - [2023-01-11T01:21:25.568+0000] {dag.py:2585} INFO - Sync 1 DAGs
[2023-01-11T01:21:25.605+0000] {logging_mixin.py:120} INFO - [2023-01-11T01:21:25.605+0000] {dag.py:3340} INFO - Setting next_dagrun for latest_only to 2023-01-10T21:21:25.604809+00:00, run_after=2023-01-11T01:21:25.604809+00:00
[2023-01-11T01:21:25.638+0000] {processor.py:176} INFO - Processing /home/airflow/.local/lib/python3.7/site-packages/airflow/example_dags/example_latest_only.py took 0.197 seconds
[2023-01-11T01:21:56.221+0000] {processor.py:154} INFO - Started process (PID=18857) to work on /home/airflow/.local/lib/python3.7/site-packages/airflow/example_dags/example_latest_only.py
[2023-01-11T01:21:56.221+0000] {processor.py:756} INFO - Processing file /home/airflow/.local/lib/python3.7/site-packages/airflow/example_dags/example_latest_only.py for tasks to queue
[2023-01-11T01:21:56.222+0000] {logging_mixin.py:120} INFO - [2023-01-11T01:21:56.222+0000] {dagbag.py:537} INFO - Filling up the DagBag from /home/airflow/.local/lib/python3.7/site-packages/airflow/example_dags/example_latest_only.py
[2023-01-11T01:21:56.237+0000] {processor.py:766} INFO - DAG(s) dict_keys(['latest_only']) retrieved from /home/airflow/.local/lib/python3.7/site-packages/airflow/example_dags/example_latest_only.py
[2023-01-11T01:21:56.300+0000] {logging_mixin.py:120} INFO - [2023-01-11T01:21:56.300+0000] {dag.py:2585} INFO - Sync 1 DAGs
[2023-01-11T01:21:56.330+0000] {logging_mixin.py:120} INFO - [2023-01-11T01:21:56.330+0000] {dag.py:3340} INFO - Setting next_dagrun for latest_only to 2023-01-10T21:21:56.330468+00:00, run_after=2023-01-11T01:21:56.330468+00:00
[2023-01-11T01:21:56.370+0000] {processor.py:176} INFO - Processing /home/airflow/.local/lib/python3.7/site-packages/airflow/example_dags/example_latest_only.py took 0.153 seconds
[2023-01-11T01:22:27.083+0000] {processor.py:154} INFO - Started process (PID=18915) to work on /home/airflow/.local/lib/python3.7/site-packages/airflow/example_dags/example_latest_only.py
[2023-01-11T01:22:27.084+0000] {processor.py:756} INFO - Processing file /home/airflow/.local/lib/python3.7/site-packages/airflow/example_dags/example_latest_only.py for tasks to queue
[2023-01-11T01:22:27.086+0000] {logging_mixin.py:120} INFO - [2023-01-11T01:22:27.086+0000] {dagbag.py:537} INFO - Filling up the DagBag from /home/airflow/.local/lib/python3.7/site-packages/airflow/example_dags/example_latest_only.py
[2023-01-11T01:22:27.111+0000] {processor.py:766} INFO - DAG(s) dict_keys(['latest_only']) retrieved from /home/airflow/.local/lib/python3.7/site-packages/airflow/example_dags/example_latest_only.py
[2023-01-11T01:22:27.194+0000] {logging_mixin.py:120} INFO - [2023-01-11T01:22:27.191+0000] {dag.py:2585} INFO - Sync 1 DAGs
[2023-01-11T01:22:27.241+0000] {logging_mixin.py:120} INFO - [2023-01-11T01:22:27.241+0000] {dag.py:3340} INFO - Setting next_dagrun for latest_only to 2023-01-10T21:22:27.241399+00:00, run_after=2023-01-11T01:22:27.241399+00:00
[2023-01-11T01:22:27.266+0000] {processor.py:176} INFO - Processing /home/airflow/.local/lib/python3.7/site-packages/airflow/example_dags/example_latest_only.py took 0.188 seconds
[2023-01-11T01:22:57.775+0000] {processor.py:154} INFO - Started process (PID=18982) to work on /home/airflow/.local/lib/python3.7/site-packages/airflow/example_dags/example_latest_only.py
[2023-01-11T01:22:57.776+0000] {processor.py:756} INFO - Processing file /home/airflow/.local/lib/python3.7/site-packages/airflow/example_dags/example_latest_only.py for tasks to queue
[2023-01-11T01:22:57.777+0000] {logging_mixin.py:120} INFO - [2023-01-11T01:22:57.777+0000] {dagbag.py:537} INFO - Filling up the DagBag from /home/airflow/.local/lib/python3.7/site-packages/airflow/example_dags/example_latest_only.py
[2023-01-11T01:22:57.797+0000] {processor.py:766} INFO - DAG(s) dict_keys(['latest_only']) retrieved from /home/airflow/.local/lib/python3.7/site-packages/airflow/example_dags/example_latest_only.py
[2023-01-11T01:22:57.894+0000] {logging_mixin.py:120} INFO - [2023-01-11T01:22:57.893+0000] {dag.py:2585} INFO - Sync 1 DAGs
[2023-01-11T01:22:57.938+0000] {logging_mixin.py:120} INFO - [2023-01-11T01:22:57.938+0000] {dag.py:3340} INFO - Setting next_dagrun for latest_only to 2023-01-10T21:22:57.937815+00:00, run_after=2023-01-11T01:22:57.937815+00:00
[2023-01-11T01:22:57.973+0000] {processor.py:176} INFO - Processing /home/airflow/.local/lib/python3.7/site-packages/airflow/example_dags/example_latest_only.py took 0.203 seconds
[2023-01-11T01:23:28.798+0000] {processor.py:154} INFO - Started process (PID=19040) to work on /home/airflow/.local/lib/python3.7/site-packages/airflow/example_dags/example_latest_only.py
[2023-01-11T01:23:28.800+0000] {processor.py:756} INFO - Processing file /home/airflow/.local/lib/python3.7/site-packages/airflow/example_dags/example_latest_only.py for tasks to queue
[2023-01-11T01:23:28.801+0000] {logging_mixin.py:120} INFO - [2023-01-11T01:23:28.801+0000] {dagbag.py:537} INFO - Filling up the DagBag from /home/airflow/.local/lib/python3.7/site-packages/airflow/example_dags/example_latest_only.py
[2023-01-11T01:23:28.828+0000] {processor.py:766} INFO - DAG(s) dict_keys(['latest_only']) retrieved from /home/airflow/.local/lib/python3.7/site-packages/airflow/example_dags/example_latest_only.py
[2023-01-11T01:23:28.886+0000] {logging_mixin.py:120} INFO - [2023-01-11T01:23:28.885+0000] {dag.py:2585} INFO - Sync 1 DAGs
[2023-01-11T01:23:28.926+0000] {logging_mixin.py:120} INFO - [2023-01-11T01:23:28.926+0000] {dag.py:3340} INFO - Setting next_dagrun for latest_only to 2023-01-10T21:23:28.926216+00:00, run_after=2023-01-11T01:23:28.926216+00:00
[2023-01-11T01:23:28.974+0000] {processor.py:176} INFO - Processing /home/airflow/.local/lib/python3.7/site-packages/airflow/example_dags/example_latest_only.py took 0.181 seconds
[2023-01-11T01:24:00.127+0000] {processor.py:154} INFO - Started process (PID=19107) to work on /home/airflow/.local/lib/python3.7/site-packages/airflow/example_dags/example_latest_only.py
[2023-01-11T01:24:00.129+0000] {processor.py:756} INFO - Processing file /home/airflow/.local/lib/python3.7/site-packages/airflow/example_dags/example_latest_only.py for tasks to queue
[2023-01-11T01:24:00.132+0000] {logging_mixin.py:120} INFO - [2023-01-11T01:24:00.131+0000] {dagbag.py:537} INFO - Filling up the DagBag from /home/airflow/.local/lib/python3.7/site-packages/airflow/example_dags/example_latest_only.py
[2023-01-11T01:24:00.187+0000] {processor.py:766} INFO - DAG(s) dict_keys(['latest_only']) retrieved from /home/airflow/.local/lib/python3.7/site-packages/airflow/example_dags/example_latest_only.py
[2023-01-11T01:24:00.303+0000] {logging_mixin.py:120} INFO - [2023-01-11T01:24:00.303+0000] {dag.py:2585} INFO - Sync 1 DAGs
[2023-01-11T01:24:00.387+0000] {logging_mixin.py:120} INFO - [2023-01-11T01:24:00.386+0000] {dag.py:3340} INFO - Setting next_dagrun for latest_only to 2023-01-10T21:24:00.385488+00:00, run_after=2023-01-11T01:24:00.385488+00:00
[2023-01-11T01:24:00.446+0000] {processor.py:176} INFO - Processing /home/airflow/.local/lib/python3.7/site-packages/airflow/example_dags/example_latest_only.py took 0.328 seconds
[2023-01-11T01:24:30.861+0000] {processor.py:154} INFO - Started process (PID=19165) to work on /home/airflow/.local/lib/python3.7/site-packages/airflow/example_dags/example_latest_only.py
[2023-01-11T01:24:30.862+0000] {processor.py:756} INFO - Processing file /home/airflow/.local/lib/python3.7/site-packages/airflow/example_dags/example_latest_only.py for tasks to queue
[2023-01-11T01:24:30.865+0000] {logging_mixin.py:120} INFO - [2023-01-11T01:24:30.865+0000] {dagbag.py:537} INFO - Filling up the DagBag from /home/airflow/.local/lib/python3.7/site-packages/airflow/example_dags/example_latest_only.py
[2023-01-11T01:24:30.896+0000] {processor.py:766} INFO - DAG(s) dict_keys(['latest_only']) retrieved from /home/airflow/.local/lib/python3.7/site-packages/airflow/example_dags/example_latest_only.py
[2023-01-11T01:24:30.962+0000] {logging_mixin.py:120} INFO - [2023-01-11T01:24:30.962+0000] {dag.py:2585} INFO - Sync 1 DAGs
[2023-01-11T01:24:31.009+0000] {logging_mixin.py:120} INFO - [2023-01-11T01:24:31.009+0000] {dag.py:3340} INFO - Setting next_dagrun for latest_only to 2023-01-10T21:24:31.008862+00:00, run_after=2023-01-11T01:24:31.008862+00:00
[2023-01-11T01:24:31.050+0000] {processor.py:176} INFO - Processing /home/airflow/.local/lib/python3.7/site-packages/airflow/example_dags/example_latest_only.py took 0.197 seconds
[2023-01-11T01:25:01.260+0000] {processor.py:154} INFO - Started process (PID=19233) to work on /home/airflow/.local/lib/python3.7/site-packages/airflow/example_dags/example_latest_only.py
[2023-01-11T01:25:01.262+0000] {processor.py:756} INFO - Processing file /home/airflow/.local/lib/python3.7/site-packages/airflow/example_dags/example_latest_only.py for tasks to queue
[2023-01-11T01:25:01.264+0000] {logging_mixin.py:120} INFO - [2023-01-11T01:25:01.263+0000] {dagbag.py:537} INFO - Filling up the DagBag from /home/airflow/.local/lib/python3.7/site-packages/airflow/example_dags/example_latest_only.py
[2023-01-11T01:25:01.288+0000] {processor.py:766} INFO - DAG(s) dict_keys(['latest_only']) retrieved from /home/airflow/.local/lib/python3.7/site-packages/airflow/example_dags/example_latest_only.py
[2023-01-11T01:25:01.361+0000] {logging_mixin.py:120} INFO - [2023-01-11T01:25:01.361+0000] {dag.py:2585} INFO - Sync 1 DAGs
[2023-01-11T01:25:01.405+0000] {logging_mixin.py:120} INFO - [2023-01-11T01:25:01.405+0000] {dag.py:3340} INFO - Setting next_dagrun for latest_only to 2023-01-10T21:25:01.404639+00:00, run_after=2023-01-11T01:25:01.404639+00:00
[2023-01-11T01:25:01.441+0000] {processor.py:176} INFO - Processing /home/airflow/.local/lib/python3.7/site-packages/airflow/example_dags/example_latest_only.py took 0.189 seconds
[2023-01-11T01:25:32.230+0000] {processor.py:154} INFO - Started process (PID=19291) to work on /home/airflow/.local/lib/python3.7/site-packages/airflow/example_dags/example_latest_only.py
[2023-01-11T01:25:32.231+0000] {processor.py:756} INFO - Processing file /home/airflow/.local/lib/python3.7/site-packages/airflow/example_dags/example_latest_only.py for tasks to queue
[2023-01-11T01:25:32.233+0000] {logging_mixin.py:120} INFO - [2023-01-11T01:25:32.233+0000] {dagbag.py:537} INFO - Filling up the DagBag from /home/airflow/.local/lib/python3.7/site-packages/airflow/example_dags/example_latest_only.py
[2023-01-11T01:25:32.277+0000] {processor.py:766} INFO - DAG(s) dict_keys(['latest_only']) retrieved from /home/airflow/.local/lib/python3.7/site-packages/airflow/example_dags/example_latest_only.py
[2023-01-11T01:25:32.404+0000] {logging_mixin.py:120} INFO - [2023-01-11T01:25:32.403+0000] {dag.py:2585} INFO - Sync 1 DAGs
[2023-01-11T01:25:32.483+0000] {logging_mixin.py:120} INFO - [2023-01-11T01:25:32.483+0000] {dag.py:3340} INFO - Setting next_dagrun for latest_only to 2023-01-10T21:25:32.482433+00:00, run_after=2023-01-11T01:25:32.482433+00:00
[2023-01-11T01:25:32.546+0000] {processor.py:176} INFO - Processing /home/airflow/.local/lib/python3.7/site-packages/airflow/example_dags/example_latest_only.py took 0.324 seconds
[2023-01-11T01:26:02.785+0000] {processor.py:154} INFO - Started process (PID=19358) to work on /home/airflow/.local/lib/python3.7/site-packages/airflow/example_dags/example_latest_only.py
[2023-01-11T01:26:02.786+0000] {processor.py:756} INFO - Processing file /home/airflow/.local/lib/python3.7/site-packages/airflow/example_dags/example_latest_only.py for tasks to queue
[2023-01-11T01:26:02.788+0000] {logging_mixin.py:120} INFO - [2023-01-11T01:26:02.788+0000] {dagbag.py:537} INFO - Filling up the DagBag from /home/airflow/.local/lib/python3.7/site-packages/airflow/example_dags/example_latest_only.py
[2023-01-11T01:26:02.812+0000] {processor.py:766} INFO - DAG(s) dict_keys(['latest_only']) retrieved from /home/airflow/.local/lib/python3.7/site-packages/airflow/example_dags/example_latest_only.py
[2023-01-11T01:26:02.896+0000] {logging_mixin.py:120} INFO - [2023-01-11T01:26:02.895+0000] {dag.py:2585} INFO - Sync 1 DAGs
[2023-01-11T01:26:02.966+0000] {logging_mixin.py:120} INFO - [2023-01-11T01:26:02.965+0000] {dag.py:3340} INFO - Setting next_dagrun for latest_only to 2023-01-10T21:26:02.965138+00:00, run_after=2023-01-11T01:26:02.965138+00:00
[2023-01-11T01:26:03.005+0000] {processor.py:176} INFO - Processing /home/airflow/.local/lib/python3.7/site-packages/airflow/example_dags/example_latest_only.py took 0.230 seconds
[2023-01-11T01:26:33.222+0000] {processor.py:154} INFO - Started process (PID=19416) to work on /home/airflow/.local/lib/python3.7/site-packages/airflow/example_dags/example_latest_only.py
[2023-01-11T01:26:33.225+0000] {processor.py:756} INFO - Processing file /home/airflow/.local/lib/python3.7/site-packages/airflow/example_dags/example_latest_only.py for tasks to queue
[2023-01-11T01:26:33.227+0000] {logging_mixin.py:120} INFO - [2023-01-11T01:26:33.226+0000] {dagbag.py:537} INFO - Filling up the DagBag from /home/airflow/.local/lib/python3.7/site-packages/airflow/example_dags/example_latest_only.py
[2023-01-11T01:26:33.259+0000] {processor.py:766} INFO - DAG(s) dict_keys(['latest_only']) retrieved from /home/airflow/.local/lib/python3.7/site-packages/airflow/example_dags/example_latest_only.py
[2023-01-11T01:26:33.354+0000] {logging_mixin.py:120} INFO - [2023-01-11T01:26:33.353+0000] {dag.py:2585} INFO - Sync 1 DAGs
[2023-01-11T01:26:33.424+0000] {logging_mixin.py:120} INFO - [2023-01-11T01:26:33.424+0000] {dag.py:3340} INFO - Setting next_dagrun for latest_only to 2023-01-10T21:26:33.423853+00:00, run_after=2023-01-11T01:26:33.423853+00:00
[2023-01-11T01:26:33.487+0000] {processor.py:176} INFO - Processing /home/airflow/.local/lib/python3.7/site-packages/airflow/example_dags/example_latest_only.py took 0.270 seconds
[2023-01-11T01:27:03.733+0000] {processor.py:154} INFO - Started process (PID=19483) to work on /home/airflow/.local/lib/python3.7/site-packages/airflow/example_dags/example_latest_only.py
[2023-01-11T01:27:03.734+0000] {processor.py:756} INFO - Processing file /home/airflow/.local/lib/python3.7/site-packages/airflow/example_dags/example_latest_only.py for tasks to queue
[2023-01-11T01:27:03.735+0000] {logging_mixin.py:120} INFO - [2023-01-11T01:27:03.735+0000] {dagbag.py:537} INFO - Filling up the DagBag from /home/airflow/.local/lib/python3.7/site-packages/airflow/example_dags/example_latest_only.py
[2023-01-11T01:27:03.755+0000] {processor.py:766} INFO - DAG(s) dict_keys(['latest_only']) retrieved from /home/airflow/.local/lib/python3.7/site-packages/airflow/example_dags/example_latest_only.py
[2023-01-11T01:27:03.830+0000] {logging_mixin.py:120} INFO - [2023-01-11T01:27:03.830+0000] {dag.py:2585} INFO - Sync 1 DAGs
[2023-01-11T01:27:03.878+0000] {logging_mixin.py:120} INFO - [2023-01-11T01:27:03.878+0000] {dag.py:3340} INFO - Setting next_dagrun for latest_only to 2023-01-10T21:27:03.877642+00:00, run_after=2023-01-11T01:27:03.877642+00:00
[2023-01-11T01:27:03.910+0000] {processor.py:176} INFO - Processing /home/airflow/.local/lib/python3.7/site-packages/airflow/example_dags/example_latest_only.py took 0.181 seconds
[2023-01-11T01:27:34.205+0000] {processor.py:154} INFO - Started process (PID=19541) to work on /home/airflow/.local/lib/python3.7/site-packages/airflow/example_dags/example_latest_only.py
[2023-01-11T01:27:34.206+0000] {processor.py:756} INFO - Processing file /home/airflow/.local/lib/python3.7/site-packages/airflow/example_dags/example_latest_only.py for tasks to queue
[2023-01-11T01:27:34.206+0000] {logging_mixin.py:120} INFO - [2023-01-11T01:27:34.206+0000] {dagbag.py:537} INFO - Filling up the DagBag from /home/airflow/.local/lib/python3.7/site-packages/airflow/example_dags/example_latest_only.py
[2023-01-11T01:27:34.220+0000] {processor.py:766} INFO - DAG(s) dict_keys(['latest_only']) retrieved from /home/airflow/.local/lib/python3.7/site-packages/airflow/example_dags/example_latest_only.py
[2023-01-11T01:27:34.273+0000] {logging_mixin.py:120} INFO - [2023-01-11T01:27:34.273+0000] {dag.py:2585} INFO - Sync 1 DAGs
[2023-01-11T01:27:34.306+0000] {logging_mixin.py:120} INFO - [2023-01-11T01:27:34.306+0000] {dag.py:3340} INFO - Setting next_dagrun for latest_only to 2023-01-10T21:27:34.306408+00:00, run_after=2023-01-11T01:27:34.306408+00:00
[2023-01-11T01:27:34.332+0000] {processor.py:176} INFO - Processing /home/airflow/.local/lib/python3.7/site-packages/airflow/example_dags/example_latest_only.py took 0.130 seconds
[2023-01-11T01:28:05.091+0000] {processor.py:154} INFO - Started process (PID=19608) to work on /home/airflow/.local/lib/python3.7/site-packages/airflow/example_dags/example_latest_only.py
[2023-01-11T01:28:05.092+0000] {processor.py:756} INFO - Processing file /home/airflow/.local/lib/python3.7/site-packages/airflow/example_dags/example_latest_only.py for tasks to queue
[2023-01-11T01:28:05.093+0000] {logging_mixin.py:120} INFO - [2023-01-11T01:28:05.093+0000] {dagbag.py:537} INFO - Filling up the DagBag from /home/airflow/.local/lib/python3.7/site-packages/airflow/example_dags/example_latest_only.py
[2023-01-11T01:28:05.109+0000] {processor.py:766} INFO - DAG(s) dict_keys(['latest_only']) retrieved from /home/airflow/.local/lib/python3.7/site-packages/airflow/example_dags/example_latest_only.py
[2023-01-11T01:28:05.157+0000] {logging_mixin.py:120} INFO - [2023-01-11T01:28:05.157+0000] {dag.py:2585} INFO - Sync 1 DAGs
[2023-01-11T01:28:05.188+0000] {logging_mixin.py:120} INFO - [2023-01-11T01:28:05.188+0000] {dag.py:3340} INFO - Setting next_dagrun for latest_only to 2023-01-10T21:28:05.187818+00:00, run_after=2023-01-11T01:28:05.187818+00:00
[2023-01-11T01:28:05.212+0000] {processor.py:176} INFO - Processing /home/airflow/.local/lib/python3.7/site-packages/airflow/example_dags/example_latest_only.py took 0.124 seconds
[2023-01-11T01:28:35.540+0000] {processor.py:154} INFO - Started process (PID=19666) to work on /home/airflow/.local/lib/python3.7/site-packages/airflow/example_dags/example_latest_only.py
[2023-01-11T01:28:35.541+0000] {processor.py:756} INFO - Processing file /home/airflow/.local/lib/python3.7/site-packages/airflow/example_dags/example_latest_only.py for tasks to queue
[2023-01-11T01:28:35.542+0000] {logging_mixin.py:120} INFO - [2023-01-11T01:28:35.542+0000] {dagbag.py:537} INFO - Filling up the DagBag from /home/airflow/.local/lib/python3.7/site-packages/airflow/example_dags/example_latest_only.py
[2023-01-11T01:28:35.556+0000] {processor.py:766} INFO - DAG(s) dict_keys(['latest_only']) retrieved from /home/airflow/.local/lib/python3.7/site-packages/airflow/example_dags/example_latest_only.py
[2023-01-11T01:28:35.604+0000] {logging_mixin.py:120} INFO - [2023-01-11T01:28:35.603+0000] {dag.py:2585} INFO - Sync 1 DAGs
[2023-01-11T01:28:35.633+0000] {logging_mixin.py:120} INFO - [2023-01-11T01:28:35.632+0000] {dag.py:3340} INFO - Setting next_dagrun for latest_only to 2023-01-10T21:28:35.632651+00:00, run_after=2023-01-11T01:28:35.632651+00:00
[2023-01-11T01:28:35.654+0000] {processor.py:176} INFO - Processing /home/airflow/.local/lib/python3.7/site-packages/airflow/example_dags/example_latest_only.py took 0.118 seconds
[2023-01-11T01:29:06.206+0000] {processor.py:154} INFO - Started process (PID=19733) to work on /home/airflow/.local/lib/python3.7/site-packages/airflow/example_dags/example_latest_only.py
[2023-01-11T01:29:06.207+0000] {processor.py:756} INFO - Processing file /home/airflow/.local/lib/python3.7/site-packages/airflow/example_dags/example_latest_only.py for tasks to queue
[2023-01-11T01:29:06.208+0000] {logging_mixin.py:120} INFO - [2023-01-11T01:29:06.208+0000] {dagbag.py:537} INFO - Filling up the DagBag from /home/airflow/.local/lib/python3.7/site-packages/airflow/example_dags/example_latest_only.py
[2023-01-11T01:29:06.223+0000] {processor.py:766} INFO - DAG(s) dict_keys(['latest_only']) retrieved from /home/airflow/.local/lib/python3.7/site-packages/airflow/example_dags/example_latest_only.py
[2023-01-11T01:29:06.295+0000] {logging_mixin.py:120} INFO - [2023-01-11T01:29:06.295+0000] {dag.py:2585} INFO - Sync 1 DAGs
[2023-01-11T01:29:06.353+0000] {logging_mixin.py:120} INFO - [2023-01-11T01:29:06.353+0000] {dag.py:3340} INFO - Setting next_dagrun for latest_only to 2023-01-10T21:29:06.352495+00:00, run_after=2023-01-11T01:29:06.352495+00:00
[2023-01-11T01:29:06.386+0000] {processor.py:176} INFO - Processing /home/airflow/.local/lib/python3.7/site-packages/airflow/example_dags/example_latest_only.py took 0.184 seconds
[2023-01-11T01:29:36.838+0000] {processor.py:154} INFO - Started process (PID=19790) to work on /home/airflow/.local/lib/python3.7/site-packages/airflow/example_dags/example_latest_only.py
[2023-01-11T01:29:36.839+0000] {processor.py:756} INFO - Processing file /home/airflow/.local/lib/python3.7/site-packages/airflow/example_dags/example_latest_only.py for tasks to queue
[2023-01-11T01:29:36.846+0000] {logging_mixin.py:120} INFO - [2023-01-11T01:29:36.845+0000] {dagbag.py:537} INFO - Filling up the DagBag from /home/airflow/.local/lib/python3.7/site-packages/airflow/example_dags/example_latest_only.py
[2023-01-11T01:29:36.883+0000] {processor.py:766} INFO - DAG(s) dict_keys(['latest_only']) retrieved from /home/airflow/.local/lib/python3.7/site-packages/airflow/example_dags/example_latest_only.py
[2023-01-11T01:29:36.980+0000] {logging_mixin.py:120} INFO - [2023-01-11T01:29:36.980+0000] {dag.py:2585} INFO - Sync 1 DAGs
[2023-01-11T01:29:37.046+0000] {logging_mixin.py:120} INFO - [2023-01-11T01:29:37.046+0000] {dag.py:3340} INFO - Setting next_dagrun for latest_only to 2023-01-10T21:29:37.045665+00:00, run_after=2023-01-11T01:29:37.045665+00:00
[2023-01-11T01:29:37.099+0000] {processor.py:176} INFO - Processing /home/airflow/.local/lib/python3.7/site-packages/airflow/example_dags/example_latest_only.py took 0.267 seconds
[2023-01-11T01:30:07.335+0000] {processor.py:154} INFO - Started process (PID=19857) to work on /home/airflow/.local/lib/python3.7/site-packages/airflow/example_dags/example_latest_only.py
[2023-01-11T01:30:07.337+0000] {processor.py:756} INFO - Processing file /home/airflow/.local/lib/python3.7/site-packages/airflow/example_dags/example_latest_only.py for tasks to queue
[2023-01-11T01:30:07.338+0000] {logging_mixin.py:120} INFO - [2023-01-11T01:30:07.338+0000] {dagbag.py:537} INFO - Filling up the DagBag from /home/airflow/.local/lib/python3.7/site-packages/airflow/example_dags/example_latest_only.py
[2023-01-11T01:30:07.369+0000] {processor.py:766} INFO - DAG(s) dict_keys(['latest_only']) retrieved from /home/airflow/.local/lib/python3.7/site-packages/airflow/example_dags/example_latest_only.py
[2023-01-11T01:30:07.452+0000] {logging_mixin.py:120} INFO - [2023-01-11T01:30:07.452+0000] {dag.py:2585} INFO - Sync 1 DAGs
[2023-01-11T01:30:07.509+0000] {logging_mixin.py:120} INFO - [2023-01-11T01:30:07.509+0000] {dag.py:3340} INFO - Setting next_dagrun for latest_only to 2023-01-10T21:30:07.508653+00:00, run_after=2023-01-11T01:30:07.508653+00:00
[2023-01-11T01:30:07.558+0000] {processor.py:176} INFO - Processing /home/airflow/.local/lib/python3.7/site-packages/airflow/example_dags/example_latest_only.py took 0.227 seconds
[2023-01-11T01:30:38.236+0000] {processor.py:154} INFO - Started process (PID=19924) to work on /home/airflow/.local/lib/python3.7/site-packages/airflow/example_dags/example_latest_only.py
[2023-01-11T01:30:38.238+0000] {processor.py:756} INFO - Processing file /home/airflow/.local/lib/python3.7/site-packages/airflow/example_dags/example_latest_only.py for tasks to queue
[2023-01-11T01:30:38.241+0000] {logging_mixin.py:120} INFO - [2023-01-11T01:30:38.240+0000] {dagbag.py:537} INFO - Filling up the DagBag from /home/airflow/.local/lib/python3.7/site-packages/airflow/example_dags/example_latest_only.py
[2023-01-11T01:30:38.278+0000] {processor.py:766} INFO - DAG(s) dict_keys(['latest_only']) retrieved from /home/airflow/.local/lib/python3.7/site-packages/airflow/example_dags/example_latest_only.py
[2023-01-11T01:30:38.378+0000] {logging_mixin.py:120} INFO - [2023-01-11T01:30:38.377+0000] {dag.py:2585} INFO - Sync 1 DAGs
[2023-01-11T01:30:38.437+0000] {logging_mixin.py:120} INFO - [2023-01-11T01:30:38.437+0000] {dag.py:3340} INFO - Setting next_dagrun for latest_only to 2023-01-10T21:30:38.436639+00:00, run_after=2023-01-11T01:30:38.436639+00:00
[2023-01-11T01:30:38.494+0000] {processor.py:176} INFO - Processing /home/airflow/.local/lib/python3.7/site-packages/airflow/example_dags/example_latest_only.py took 0.274 seconds
[2023-01-11T01:31:09.088+0000] {processor.py:154} INFO - Started process (PID=19982) to work on /home/airflow/.local/lib/python3.7/site-packages/airflow/example_dags/example_latest_only.py
[2023-01-11T01:31:09.089+0000] {processor.py:756} INFO - Processing file /home/airflow/.local/lib/python3.7/site-packages/airflow/example_dags/example_latest_only.py for tasks to queue
[2023-01-11T01:31:09.090+0000] {logging_mixin.py:120} INFO - [2023-01-11T01:31:09.090+0000] {dagbag.py:537} INFO - Filling up the DagBag from /home/airflow/.local/lib/python3.7/site-packages/airflow/example_dags/example_latest_only.py
[2023-01-11T01:31:09.103+0000] {processor.py:766} INFO - DAG(s) dict_keys(['latest_only']) retrieved from /home/airflow/.local/lib/python3.7/site-packages/airflow/example_dags/example_latest_only.py
[2023-01-11T01:31:09.143+0000] {logging_mixin.py:120} INFO - [2023-01-11T01:31:09.143+0000] {dag.py:2585} INFO - Sync 1 DAGs
[2023-01-11T01:31:09.171+0000] {logging_mixin.py:120} INFO - [2023-01-11T01:31:09.170+0000] {dag.py:3340} INFO - Setting next_dagrun for latest_only to 2023-01-10T21:31:09.170412+00:00, run_after=2023-01-11T01:31:09.170412+00:00
[2023-01-11T01:31:09.207+0000] {processor.py:176} INFO - Processing /home/airflow/.local/lib/python3.7/site-packages/airflow/example_dags/example_latest_only.py took 0.123 seconds
[2023-01-11T01:31:39.654+0000] {processor.py:154} INFO - Started process (PID=20040) to work on /home/airflow/.local/lib/python3.7/site-packages/airflow/example_dags/example_latest_only.py
[2023-01-11T01:31:39.657+0000] {processor.py:756} INFO - Processing file /home/airflow/.local/lib/python3.7/site-packages/airflow/example_dags/example_latest_only.py for tasks to queue
[2023-01-11T01:31:39.660+0000] {logging_mixin.py:120} INFO - [2023-01-11T01:31:39.660+0000] {dagbag.py:537} INFO - Filling up the DagBag from /home/airflow/.local/lib/python3.7/site-packages/airflow/example_dags/example_latest_only.py
[2023-01-11T01:31:39.706+0000] {processor.py:766} INFO - DAG(s) dict_keys(['latest_only']) retrieved from /home/airflow/.local/lib/python3.7/site-packages/airflow/example_dags/example_latest_only.py
[2023-01-11T01:31:39.795+0000] {logging_mixin.py:120} INFO - [2023-01-11T01:31:39.794+0000] {dag.py:2585} INFO - Sync 1 DAGs
[2023-01-11T01:31:39.866+0000] {logging_mixin.py:120} INFO - [2023-01-11T01:31:39.866+0000] {dag.py:3340} INFO - Setting next_dagrun for latest_only to 2023-01-10T21:31:39.865713+00:00, run_after=2023-01-11T01:31:39.865713+00:00
[2023-01-11T01:31:39.918+0000] {processor.py:176} INFO - Processing /home/airflow/.local/lib/python3.7/site-packages/airflow/example_dags/example_latest_only.py took 0.274 seconds
[2023-01-11T01:32:10.473+0000] {processor.py:154} INFO - Started process (PID=20107) to work on /home/airflow/.local/lib/python3.7/site-packages/airflow/example_dags/example_latest_only.py
[2023-01-11T01:32:10.474+0000] {processor.py:756} INFO - Processing file /home/airflow/.local/lib/python3.7/site-packages/airflow/example_dags/example_latest_only.py for tasks to queue
[2023-01-11T01:32:10.475+0000] {logging_mixin.py:120} INFO - [2023-01-11T01:32:10.475+0000] {dagbag.py:537} INFO - Filling up the DagBag from /home/airflow/.local/lib/python3.7/site-packages/airflow/example_dags/example_latest_only.py
[2023-01-11T01:32:10.493+0000] {processor.py:766} INFO - DAG(s) dict_keys(['latest_only']) retrieved from /home/airflow/.local/lib/python3.7/site-packages/airflow/example_dags/example_latest_only.py
[2023-01-11T01:32:10.549+0000] {logging_mixin.py:120} INFO - [2023-01-11T01:32:10.549+0000] {dag.py:2585} INFO - Sync 1 DAGs
[2023-01-11T01:32:10.582+0000] {logging_mixin.py:120} INFO - [2023-01-11T01:32:10.582+0000] {dag.py:3340} INFO - Setting next_dagrun for latest_only to 2023-01-10T21:32:10.582568+00:00, run_after=2023-01-11T01:32:10.582568+00:00
[2023-01-11T01:32:10.610+0000] {processor.py:176} INFO - Processing /home/airflow/.local/lib/python3.7/site-packages/airflow/example_dags/example_latest_only.py took 0.140 seconds
[2023-01-11T01:32:40.745+0000] {processor.py:154} INFO - Started process (PID=20174) to work on /home/airflow/.local/lib/python3.7/site-packages/airflow/example_dags/example_latest_only.py
[2023-01-11T01:32:40.746+0000] {processor.py:756} INFO - Processing file /home/airflow/.local/lib/python3.7/site-packages/airflow/example_dags/example_latest_only.py for tasks to queue
[2023-01-11T01:32:40.747+0000] {logging_mixin.py:120} INFO - [2023-01-11T01:32:40.747+0000] {dagbag.py:537} INFO - Filling up the DagBag from /home/airflow/.local/lib/python3.7/site-packages/airflow/example_dags/example_latest_only.py
[2023-01-11T01:32:40.767+0000] {processor.py:766} INFO - DAG(s) dict_keys(['latest_only']) retrieved from /home/airflow/.local/lib/python3.7/site-packages/airflow/example_dags/example_latest_only.py
[2023-01-11T01:32:40.826+0000] {logging_mixin.py:120} INFO - [2023-01-11T01:32:40.825+0000] {dag.py:2585} INFO - Sync 1 DAGs
[2023-01-11T01:32:40.869+0000] {logging_mixin.py:120} INFO - [2023-01-11T01:32:40.868+0000] {dag.py:3340} INFO - Setting next_dagrun for latest_only to 2023-01-10T21:32:40.868388+00:00, run_after=2023-01-11T01:32:40.868388+00:00
[2023-01-11T01:32:40.899+0000] {processor.py:176} INFO - Processing /home/airflow/.local/lib/python3.7/site-packages/airflow/example_dags/example_latest_only.py took 0.159 seconds
[2023-01-11T01:33:12.118+0000] {processor.py:154} INFO - Started process (PID=20232) to work on /home/airflow/.local/lib/python3.7/site-packages/airflow/example_dags/example_latest_only.py
[2023-01-11T01:33:12.119+0000] {processor.py:756} INFO - Processing file /home/airflow/.local/lib/python3.7/site-packages/airflow/example_dags/example_latest_only.py for tasks to queue
[2023-01-11T01:33:12.121+0000] {logging_mixin.py:120} INFO - [2023-01-11T01:33:12.121+0000] {dagbag.py:537} INFO - Filling up the DagBag from /home/airflow/.local/lib/python3.7/site-packages/airflow/example_dags/example_latest_only.py
[2023-01-11T01:33:12.160+0000] {processor.py:766} INFO - DAG(s) dict_keys(['latest_only']) retrieved from /home/airflow/.local/lib/python3.7/site-packages/airflow/example_dags/example_latest_only.py
[2023-01-11T01:33:12.241+0000] {logging_mixin.py:120} INFO - [2023-01-11T01:33:12.241+0000] {dag.py:2585} INFO - Sync 1 DAGs
[2023-01-11T01:33:12.283+0000] {logging_mixin.py:120} INFO - [2023-01-11T01:33:12.282+0000] {dag.py:3340} INFO - Setting next_dagrun for latest_only to 2023-01-10T21:33:12.282564+00:00, run_after=2023-01-11T01:33:12.282564+00:00
[2023-01-11T01:33:12.336+0000] {processor.py:176} INFO - Processing /home/airflow/.local/lib/python3.7/site-packages/airflow/example_dags/example_latest_only.py took 0.225 seconds
[2023-01-11T01:33:43.113+0000] {processor.py:154} INFO - Started process (PID=20299) to work on /home/airflow/.local/lib/python3.7/site-packages/airflow/example_dags/example_latest_only.py
[2023-01-11T01:33:43.114+0000] {processor.py:756} INFO - Processing file /home/airflow/.local/lib/python3.7/site-packages/airflow/example_dags/example_latest_only.py for tasks to queue
[2023-01-11T01:33:43.118+0000] {logging_mixin.py:120} INFO - [2023-01-11T01:33:43.117+0000] {dagbag.py:537} INFO - Filling up the DagBag from /home/airflow/.local/lib/python3.7/site-packages/airflow/example_dags/example_latest_only.py
[2023-01-11T01:33:43.141+0000] {processor.py:766} INFO - DAG(s) dict_keys(['latest_only']) retrieved from /home/airflow/.local/lib/python3.7/site-packages/airflow/example_dags/example_latest_only.py
[2023-01-11T01:33:43.213+0000] {logging_mixin.py:120} INFO - [2023-01-11T01:33:43.213+0000] {dag.py:2585} INFO - Sync 1 DAGs
[2023-01-11T01:33:43.262+0000] {logging_mixin.py:120} INFO - [2023-01-11T01:33:43.262+0000] {dag.py:3340} INFO - Setting next_dagrun for latest_only to 2023-01-10T21:33:43.262173+00:00, run_after=2023-01-11T01:33:43.262173+00:00
[2023-01-11T01:33:43.299+0000] {processor.py:176} INFO - Processing /home/airflow/.local/lib/python3.7/site-packages/airflow/example_dags/example_latest_only.py took 0.191 seconds
[2023-01-11T01:34:14.138+0000] {processor.py:154} INFO - Started process (PID=20357) to work on /home/airflow/.local/lib/python3.7/site-packages/airflow/example_dags/example_latest_only.py
[2023-01-11T01:34:14.140+0000] {processor.py:756} INFO - Processing file /home/airflow/.local/lib/python3.7/site-packages/airflow/example_dags/example_latest_only.py for tasks to queue
[2023-01-11T01:34:14.142+0000] {logging_mixin.py:120} INFO - [2023-01-11T01:34:14.141+0000] {dagbag.py:537} INFO - Filling up the DagBag from /home/airflow/.local/lib/python3.7/site-packages/airflow/example_dags/example_latest_only.py
[2023-01-11T01:34:14.166+0000] {processor.py:766} INFO - DAG(s) dict_keys(['latest_only']) retrieved from /home/airflow/.local/lib/python3.7/site-packages/airflow/example_dags/example_latest_only.py
[2023-01-11T01:34:14.239+0000] {logging_mixin.py:120} INFO - [2023-01-11T01:34:14.239+0000] {dag.py:2585} INFO - Sync 1 DAGs
[2023-01-11T01:34:14.291+0000] {logging_mixin.py:120} INFO - [2023-01-11T01:34:14.291+0000] {dag.py:3340} INFO - Setting next_dagrun for latest_only to 2023-01-10T21:34:14.291225+00:00, run_after=2023-01-11T01:34:14.291225+00:00
[2023-01-11T01:34:14.331+0000] {processor.py:176} INFO - Processing /home/airflow/.local/lib/python3.7/site-packages/airflow/example_dags/example_latest_only.py took 0.198 seconds
[2023-01-11T01:34:44.446+0000] {processor.py:154} INFO - Started process (PID=20422) to work on /home/airflow/.local/lib/python3.7/site-packages/airflow/example_dags/example_latest_only.py
[2023-01-11T01:34:44.447+0000] {processor.py:756} INFO - Processing file /home/airflow/.local/lib/python3.7/site-packages/airflow/example_dags/example_latest_only.py for tasks to queue
[2023-01-11T01:34:44.449+0000] {logging_mixin.py:120} INFO - [2023-01-11T01:34:44.449+0000] {dagbag.py:537} INFO - Filling up the DagBag from /home/airflow/.local/lib/python3.7/site-packages/airflow/example_dags/example_latest_only.py
[2023-01-11T01:34:44.474+0000] {processor.py:766} INFO - DAG(s) dict_keys(['latest_only']) retrieved from /home/airflow/.local/lib/python3.7/site-packages/airflow/example_dags/example_latest_only.py
[2023-01-11T01:34:44.568+0000] {logging_mixin.py:120} INFO - [2023-01-11T01:34:44.568+0000] {dag.py:2585} INFO - Sync 1 DAGs
[2023-01-11T01:34:44.644+0000] {logging_mixin.py:120} INFO - [2023-01-11T01:34:44.644+0000] {dag.py:3340} INFO - Setting next_dagrun for latest_only to 2023-01-10T21:34:44.643860+00:00, run_after=2023-01-11T01:34:44.643860+00:00
[2023-01-11T01:34:44.685+0000] {processor.py:176} INFO - Processing /home/airflow/.local/lib/python3.7/site-packages/airflow/example_dags/example_latest_only.py took 0.244 seconds
[2023-01-11T01:35:15.190+0000] {processor.py:154} INFO - Started process (PID=20481) to work on /home/airflow/.local/lib/python3.7/site-packages/airflow/example_dags/example_latest_only.py
[2023-01-11T01:35:15.193+0000] {processor.py:756} INFO - Processing file /home/airflow/.local/lib/python3.7/site-packages/airflow/example_dags/example_latest_only.py for tasks to queue
[2023-01-11T01:35:15.196+0000] {logging_mixin.py:120} INFO - [2023-01-11T01:35:15.196+0000] {dagbag.py:537} INFO - Filling up the DagBag from /home/airflow/.local/lib/python3.7/site-packages/airflow/example_dags/example_latest_only.py
[2023-01-11T01:35:15.240+0000] {processor.py:766} INFO - DAG(s) dict_keys(['latest_only']) retrieved from /home/airflow/.local/lib/python3.7/site-packages/airflow/example_dags/example_latest_only.py
[2023-01-11T01:35:15.326+0000] {logging_mixin.py:120} INFO - [2023-01-11T01:35:15.326+0000] {dag.py:2585} INFO - Sync 1 DAGs
[2023-01-11T01:35:15.375+0000] {logging_mixin.py:120} INFO - [2023-01-11T01:35:15.375+0000] {dag.py:3340} INFO - Setting next_dagrun for latest_only to 2023-01-10T21:35:15.374684+00:00, run_after=2023-01-11T01:35:15.374684+00:00
[2023-01-11T01:35:15.426+0000] {processor.py:176} INFO - Processing /home/airflow/.local/lib/python3.7/site-packages/airflow/example_dags/example_latest_only.py took 0.248 seconds
[2023-01-11T01:35:45.675+0000] {processor.py:154} INFO - Started process (PID=20549) to work on /home/airflow/.local/lib/python3.7/site-packages/airflow/example_dags/example_latest_only.py
[2023-01-11T01:35:45.677+0000] {processor.py:756} INFO - Processing file /home/airflow/.local/lib/python3.7/site-packages/airflow/example_dags/example_latest_only.py for tasks to queue
[2023-01-11T01:35:45.679+0000] {logging_mixin.py:120} INFO - [2023-01-11T01:35:45.678+0000] {dagbag.py:537} INFO - Filling up the DagBag from /home/airflow/.local/lib/python3.7/site-packages/airflow/example_dags/example_latest_only.py
[2023-01-11T01:35:45.703+0000] {processor.py:766} INFO - DAG(s) dict_keys(['latest_only']) retrieved from /home/airflow/.local/lib/python3.7/site-packages/airflow/example_dags/example_latest_only.py
[2023-01-11T01:35:45.772+0000] {logging_mixin.py:120} INFO - [2023-01-11T01:35:45.772+0000] {dag.py:2585} INFO - Sync 1 DAGs
[2023-01-11T01:35:45.826+0000] {logging_mixin.py:120} INFO - [2023-01-11T01:35:45.826+0000] {dag.py:3340} INFO - Setting next_dagrun for latest_only to 2023-01-10T21:35:45.826114+00:00, run_after=2023-01-11T01:35:45.826114+00:00
[2023-01-11T01:35:45.861+0000] {processor.py:176} INFO - Processing /home/airflow/.local/lib/python3.7/site-packages/airflow/example_dags/example_latest_only.py took 0.194 seconds
[2023-01-11T01:36:16.346+0000] {processor.py:154} INFO - Started process (PID=20616) to work on /home/airflow/.local/lib/python3.7/site-packages/airflow/example_dags/example_latest_only.py
[2023-01-11T01:36:16.348+0000] {processor.py:756} INFO - Processing file /home/airflow/.local/lib/python3.7/site-packages/airflow/example_dags/example_latest_only.py for tasks to queue
[2023-01-11T01:36:16.352+0000] {logging_mixin.py:120} INFO - [2023-01-11T01:36:16.351+0000] {dagbag.py:537} INFO - Filling up the DagBag from /home/airflow/.local/lib/python3.7/site-packages/airflow/example_dags/example_latest_only.py
[2023-01-11T01:36:16.374+0000] {processor.py:766} INFO - DAG(s) dict_keys(['latest_only']) retrieved from /home/airflow/.local/lib/python3.7/site-packages/airflow/example_dags/example_latest_only.py
[2023-01-11T01:36:16.440+0000] {logging_mixin.py:120} INFO - [2023-01-11T01:36:16.440+0000] {dag.py:2585} INFO - Sync 1 DAGs
[2023-01-11T01:36:16.485+0000] {logging_mixin.py:120} INFO - [2023-01-11T01:36:16.485+0000] {dag.py:3340} INFO - Setting next_dagrun for latest_only to 2023-01-10T21:36:16.484742+00:00, run_after=2023-01-11T01:36:16.484742+00:00
[2023-01-11T01:36:16.524+0000] {processor.py:176} INFO - Processing /home/airflow/.local/lib/python3.7/site-packages/airflow/example_dags/example_latest_only.py took 0.185 seconds
[2023-01-11T01:36:46.634+0000] {processor.py:154} INFO - Started process (PID=20674) to work on /home/airflow/.local/lib/python3.7/site-packages/airflow/example_dags/example_latest_only.py
[2023-01-11T01:36:46.635+0000] {processor.py:756} INFO - Processing file /home/airflow/.local/lib/python3.7/site-packages/airflow/example_dags/example_latest_only.py for tasks to queue
[2023-01-11T01:36:46.637+0000] {logging_mixin.py:120} INFO - [2023-01-11T01:36:46.637+0000] {dagbag.py:537} INFO - Filling up the DagBag from /home/airflow/.local/lib/python3.7/site-packages/airflow/example_dags/example_latest_only.py
[2023-01-11T01:36:46.658+0000] {processor.py:766} INFO - DAG(s) dict_keys(['latest_only']) retrieved from /home/airflow/.local/lib/python3.7/site-packages/airflow/example_dags/example_latest_only.py
[2023-01-11T01:36:46.725+0000] {logging_mixin.py:120} INFO - [2023-01-11T01:36:46.724+0000] {dag.py:2585} INFO - Sync 1 DAGs
[2023-01-11T01:36:46.772+0000] {logging_mixin.py:120} INFO - [2023-01-11T01:36:46.772+0000] {dag.py:3340} INFO - Setting next_dagrun for latest_only to 2023-01-10T21:36:46.771663+00:00, run_after=2023-01-11T01:36:46.771663+00:00
[2023-01-11T01:36:46.812+0000] {processor.py:176} INFO - Processing /home/airflow/.local/lib/python3.7/site-packages/airflow/example_dags/example_latest_only.py took 0.181 seconds
[2023-01-11T01:37:17.213+0000] {processor.py:154} INFO - Started process (PID=20741) to work on /home/airflow/.local/lib/python3.7/site-packages/airflow/example_dags/example_latest_only.py
[2023-01-11T01:37:17.216+0000] {processor.py:756} INFO - Processing file /home/airflow/.local/lib/python3.7/site-packages/airflow/example_dags/example_latest_only.py for tasks to queue
[2023-01-11T01:37:17.220+0000] {logging_mixin.py:120} INFO - [2023-01-11T01:37:17.219+0000] {dagbag.py:537} INFO - Filling up the DagBag from /home/airflow/.local/lib/python3.7/site-packages/airflow/example_dags/example_latest_only.py
[2023-01-11T01:37:17.263+0000] {processor.py:766} INFO - DAG(s) dict_keys(['latest_only']) retrieved from /home/airflow/.local/lib/python3.7/site-packages/airflow/example_dags/example_latest_only.py
[2023-01-11T01:37:17.335+0000] {logging_mixin.py:120} INFO - [2023-01-11T01:37:17.335+0000] {dag.py:2585} INFO - Sync 1 DAGs
[2023-01-11T01:37:17.377+0000] {logging_mixin.py:120} INFO - [2023-01-11T01:37:17.377+0000] {dag.py:3340} INFO - Setting next_dagrun for latest_only to 2023-01-10T21:37:17.377178+00:00, run_after=2023-01-11T01:37:17.377178+00:00
[2023-01-11T01:37:17.416+0000] {processor.py:176} INFO - Processing /home/airflow/.local/lib/python3.7/site-packages/airflow/example_dags/example_latest_only.py took 0.218 seconds
[2023-01-11T01:37:47.958+0000] {processor.py:154} INFO - Started process (PID=20800) to work on /home/airflow/.local/lib/python3.7/site-packages/airflow/example_dags/example_latest_only.py
[2023-01-11T01:37:47.960+0000] {processor.py:756} INFO - Processing file /home/airflow/.local/lib/python3.7/site-packages/airflow/example_dags/example_latest_only.py for tasks to queue
[2023-01-11T01:37:47.964+0000] {logging_mixin.py:120} INFO - [2023-01-11T01:37:47.963+0000] {dagbag.py:537} INFO - Filling up the DagBag from /home/airflow/.local/lib/python3.7/site-packages/airflow/example_dags/example_latest_only.py
[2023-01-11T01:37:48.008+0000] {processor.py:766} INFO - DAG(s) dict_keys(['latest_only']) retrieved from /home/airflow/.local/lib/python3.7/site-packages/airflow/example_dags/example_latest_only.py
[2023-01-11T01:37:48.086+0000] {logging_mixin.py:120} INFO - [2023-01-11T01:37:48.086+0000] {dag.py:2585} INFO - Sync 1 DAGs
[2023-01-11T01:37:48.118+0000] {logging_mixin.py:120} INFO - [2023-01-11T01:37:48.118+0000] {dag.py:3340} INFO - Setting next_dagrun for latest_only to 2023-01-10T21:37:48.118446+00:00, run_after=2023-01-11T01:37:48.118446+00:00
[2023-01-11T01:37:48.148+0000] {processor.py:176} INFO - Processing /home/airflow/.local/lib/python3.7/site-packages/airflow/example_dags/example_latest_only.py took 0.199 seconds
[2023-01-11T01:38:18.465+0000] {processor.py:154} INFO - Started process (PID=20869) to work on /home/airflow/.local/lib/python3.7/site-packages/airflow/example_dags/example_latest_only.py
[2023-01-11T01:38:18.466+0000] {processor.py:756} INFO - Processing file /home/airflow/.local/lib/python3.7/site-packages/airflow/example_dags/example_latest_only.py for tasks to queue
[2023-01-11T01:38:18.468+0000] {logging_mixin.py:120} INFO - [2023-01-11T01:38:18.468+0000] {dagbag.py:537} INFO - Filling up the DagBag from /home/airflow/.local/lib/python3.7/site-packages/airflow/example_dags/example_latest_only.py
[2023-01-11T01:38:18.484+0000] {processor.py:766} INFO - DAG(s) dict_keys(['latest_only']) retrieved from /home/airflow/.local/lib/python3.7/site-packages/airflow/example_dags/example_latest_only.py
[2023-01-11T01:38:18.531+0000] {logging_mixin.py:120} INFO - [2023-01-11T01:38:18.530+0000] {dag.py:2585} INFO - Sync 1 DAGs
[2023-01-11T01:38:18.559+0000] {logging_mixin.py:120} INFO - [2023-01-11T01:38:18.559+0000] {dag.py:3340} INFO - Setting next_dagrun for latest_only to 2023-01-10T21:38:18.558768+00:00, run_after=2023-01-11T01:38:18.558768+00:00
[2023-01-11T01:38:18.581+0000] {processor.py:176} INFO - Processing /home/airflow/.local/lib/python3.7/site-packages/airflow/example_dags/example_latest_only.py took 0.119 seconds
[2023-01-11T01:38:48.975+0000] {processor.py:154} INFO - Started process (PID=20927) to work on /home/airflow/.local/lib/python3.7/site-packages/airflow/example_dags/example_latest_only.py
[2023-01-11T01:38:48.977+0000] {processor.py:756} INFO - Processing file /home/airflow/.local/lib/python3.7/site-packages/airflow/example_dags/example_latest_only.py for tasks to queue
[2023-01-11T01:38:48.980+0000] {logging_mixin.py:120} INFO - [2023-01-11T01:38:48.980+0000] {dagbag.py:537} INFO - Filling up the DagBag from /home/airflow/.local/lib/python3.7/site-packages/airflow/example_dags/example_latest_only.py
[2023-01-11T01:38:49.019+0000] {processor.py:766} INFO - DAG(s) dict_keys(['latest_only']) retrieved from /home/airflow/.local/lib/python3.7/site-packages/airflow/example_dags/example_latest_only.py
[2023-01-11T01:38:49.096+0000] {logging_mixin.py:120} INFO - [2023-01-11T01:38:49.096+0000] {dag.py:2585} INFO - Sync 1 DAGs
[2023-01-11T01:38:49.129+0000] {logging_mixin.py:120} INFO - [2023-01-11T01:38:49.129+0000] {dag.py:3340} INFO - Setting next_dagrun for latest_only to 2023-01-10T21:38:49.128788+00:00, run_after=2023-01-11T01:38:49.128788+00:00
[2023-01-11T01:38:49.154+0000] {processor.py:176} INFO - Processing /home/airflow/.local/lib/python3.7/site-packages/airflow/example_dags/example_latest_only.py took 0.188 seconds
[2023-01-11T01:39:19.693+0000] {processor.py:154} INFO - Started process (PID=20994) to work on /home/airflow/.local/lib/python3.7/site-packages/airflow/example_dags/example_latest_only.py
[2023-01-11T01:39:19.697+0000] {processor.py:756} INFO - Processing file /home/airflow/.local/lib/python3.7/site-packages/airflow/example_dags/example_latest_only.py for tasks to queue
[2023-01-11T01:39:19.700+0000] {logging_mixin.py:120} INFO - [2023-01-11T01:39:19.700+0000] {dagbag.py:537} INFO - Filling up the DagBag from /home/airflow/.local/lib/python3.7/site-packages/airflow/example_dags/example_latest_only.py
[2023-01-11T01:39:19.734+0000] {processor.py:766} INFO - DAG(s) dict_keys(['latest_only']) retrieved from /home/airflow/.local/lib/python3.7/site-packages/airflow/example_dags/example_latest_only.py
[2023-01-11T01:39:19.811+0000] {logging_mixin.py:120} INFO - [2023-01-11T01:39:19.811+0000] {dag.py:2585} INFO - Sync 1 DAGs
[2023-01-11T01:39:19.855+0000] {logging_mixin.py:120} INFO - [2023-01-11T01:39:19.855+0000] {dag.py:3340} INFO - Setting next_dagrun for latest_only to 2023-01-10T21:39:19.854794+00:00, run_after=2023-01-11T01:39:19.854794+00:00
[2023-01-11T01:39:19.892+0000] {processor.py:176} INFO - Processing /home/airflow/.local/lib/python3.7/site-packages/airflow/example_dags/example_latest_only.py took 0.217 seconds
[2023-01-11T01:39:50.332+0000] {processor.py:154} INFO - Started process (PID=21052) to work on /home/airflow/.local/lib/python3.7/site-packages/airflow/example_dags/example_latest_only.py
[2023-01-11T01:39:50.334+0000] {processor.py:756} INFO - Processing file /home/airflow/.local/lib/python3.7/site-packages/airflow/example_dags/example_latest_only.py for tasks to queue
[2023-01-11T01:39:50.335+0000] {logging_mixin.py:120} INFO - [2023-01-11T01:39:50.335+0000] {dagbag.py:537} INFO - Filling up the DagBag from /home/airflow/.local/lib/python3.7/site-packages/airflow/example_dags/example_latest_only.py
[2023-01-11T01:39:50.361+0000] {processor.py:766} INFO - DAG(s) dict_keys(['latest_only']) retrieved from /home/airflow/.local/lib/python3.7/site-packages/airflow/example_dags/example_latest_only.py
[2023-01-11T01:39:50.443+0000] {logging_mixin.py:120} INFO - [2023-01-11T01:39:50.442+0000] {dag.py:2585} INFO - Sync 1 DAGs
[2023-01-11T01:39:50.491+0000] {logging_mixin.py:120} INFO - [2023-01-11T01:39:50.490+0000] {dag.py:3340} INFO - Setting next_dagrun for latest_only to 2023-01-10T21:39:50.490346+00:00, run_after=2023-01-11T01:39:50.490346+00:00
[2023-01-11T01:39:50.526+0000] {processor.py:176} INFO - Processing /home/airflow/.local/lib/python3.7/site-packages/airflow/example_dags/example_latest_only.py took 0.198 seconds
[2023-01-11T01:40:20.696+0000] {processor.py:154} INFO - Started process (PID=21119) to work on /home/airflow/.local/lib/python3.7/site-packages/airflow/example_dags/example_latest_only.py
[2023-01-11T01:40:20.697+0000] {processor.py:756} INFO - Processing file /home/airflow/.local/lib/python3.7/site-packages/airflow/example_dags/example_latest_only.py for tasks to queue
[2023-01-11T01:40:20.699+0000] {logging_mixin.py:120} INFO - [2023-01-11T01:40:20.698+0000] {dagbag.py:537} INFO - Filling up the DagBag from /home/airflow/.local/lib/python3.7/site-packages/airflow/example_dags/example_latest_only.py
[2023-01-11T01:40:20.713+0000] {processor.py:766} INFO - DAG(s) dict_keys(['latest_only']) retrieved from /home/airflow/.local/lib/python3.7/site-packages/airflow/example_dags/example_latest_only.py
[2023-01-11T01:40:20.754+0000] {logging_mixin.py:120} INFO - [2023-01-11T01:40:20.754+0000] {dag.py:2585} INFO - Sync 1 DAGs
[2023-01-11T01:40:20.782+0000] {logging_mixin.py:120} INFO - [2023-01-11T01:40:20.781+0000] {dag.py:3340} INFO - Setting next_dagrun for latest_only to 2023-01-10T21:40:20.781676+00:00, run_after=2023-01-11T01:40:20.781676+00:00
[2023-01-11T01:40:20.811+0000] {processor.py:176} INFO - Processing /home/airflow/.local/lib/python3.7/site-packages/airflow/example_dags/example_latest_only.py took 0.117 seconds
[2023-01-11T01:40:51.024+0000] {processor.py:154} INFO - Started process (PID=21186) to work on /home/airflow/.local/lib/python3.7/site-packages/airflow/example_dags/example_latest_only.py
[2023-01-11T01:40:51.025+0000] {processor.py:756} INFO - Processing file /home/airflow/.local/lib/python3.7/site-packages/airflow/example_dags/example_latest_only.py for tasks to queue
[2023-01-11T01:40:51.026+0000] {logging_mixin.py:120} INFO - [2023-01-11T01:40:51.026+0000] {dagbag.py:537} INFO - Filling up the DagBag from /home/airflow/.local/lib/python3.7/site-packages/airflow/example_dags/example_latest_only.py
[2023-01-11T01:40:51.040+0000] {processor.py:766} INFO - DAG(s) dict_keys(['latest_only']) retrieved from /home/airflow/.local/lib/python3.7/site-packages/airflow/example_dags/example_latest_only.py
[2023-01-11T01:40:51.080+0000] {logging_mixin.py:120} INFO - [2023-01-11T01:40:51.080+0000] {dag.py:2585} INFO - Sync 1 DAGs
[2023-01-11T01:40:51.104+0000] {logging_mixin.py:120} INFO - [2023-01-11T01:40:51.104+0000] {dag.py:3340} INFO - Setting next_dagrun for latest_only to 2023-01-10T21:40:51.104475+00:00, run_after=2023-01-11T01:40:51.104475+00:00
[2023-01-11T01:40:51.162+0000] {processor.py:176} INFO - Processing /home/airflow/.local/lib/python3.7/site-packages/airflow/example_dags/example_latest_only.py took 0.141 seconds
[2023-01-11T01:41:21.400+0000] {processor.py:154} INFO - Started process (PID=21244) to work on /home/airflow/.local/lib/python3.7/site-packages/airflow/example_dags/example_latest_only.py
[2023-01-11T01:41:21.401+0000] {processor.py:756} INFO - Processing file /home/airflow/.local/lib/python3.7/site-packages/airflow/example_dags/example_latest_only.py for tasks to queue
[2023-01-11T01:41:21.402+0000] {logging_mixin.py:120} INFO - [2023-01-11T01:41:21.402+0000] {dagbag.py:537} INFO - Filling up the DagBag from /home/airflow/.local/lib/python3.7/site-packages/airflow/example_dags/example_latest_only.py
[2023-01-11T01:41:21.420+0000] {processor.py:766} INFO - DAG(s) dict_keys(['latest_only']) retrieved from /home/airflow/.local/lib/python3.7/site-packages/airflow/example_dags/example_latest_only.py
[2023-01-11T01:41:21.488+0000] {logging_mixin.py:120} INFO - [2023-01-11T01:41:21.488+0000] {dag.py:2585} INFO - Sync 1 DAGs
[2023-01-11T01:41:21.522+0000] {logging_mixin.py:120} INFO - [2023-01-11T01:41:21.522+0000] {dag.py:3340} INFO - Setting next_dagrun for latest_only to 2023-01-10T21:41:21.522322+00:00, run_after=2023-01-11T01:41:21.522322+00:00
[2023-01-11T01:41:21.557+0000] {processor.py:176} INFO - Processing /home/airflow/.local/lib/python3.7/site-packages/airflow/example_dags/example_latest_only.py took 0.160 seconds
[2023-01-11T01:41:51.812+0000] {processor.py:154} INFO - Started process (PID=21311) to work on /home/airflow/.local/lib/python3.7/site-packages/airflow/example_dags/example_latest_only.py
[2023-01-11T01:41:51.814+0000] {processor.py:756} INFO - Processing file /home/airflow/.local/lib/python3.7/site-packages/airflow/example_dags/example_latest_only.py for tasks to queue
[2023-01-11T01:41:51.816+0000] {logging_mixin.py:120} INFO - [2023-01-11T01:41:51.816+0000] {dagbag.py:537} INFO - Filling up the DagBag from /home/airflow/.local/lib/python3.7/site-packages/airflow/example_dags/example_latest_only.py
[2023-01-11T01:41:51.843+0000] {processor.py:766} INFO - DAG(s) dict_keys(['latest_only']) retrieved from /home/airflow/.local/lib/python3.7/site-packages/airflow/example_dags/example_latest_only.py
[2023-01-11T01:41:51.895+0000] {logging_mixin.py:120} INFO - [2023-01-11T01:41:51.895+0000] {dag.py:2585} INFO - Sync 1 DAGs
[2023-01-11T01:41:51.923+0000] {logging_mixin.py:120} INFO - [2023-01-11T01:41:51.923+0000] {dag.py:3340} INFO - Setting next_dagrun for latest_only to 2023-01-10T21:41:51.923357+00:00, run_after=2023-01-11T01:41:51.923357+00:00
[2023-01-11T01:41:51.952+0000] {processor.py:176} INFO - Processing /home/airflow/.local/lib/python3.7/site-packages/airflow/example_dags/example_latest_only.py took 0.148 seconds
[2023-01-11T01:42:22.261+0000] {processor.py:154} INFO - Started process (PID=21379) to work on /home/airflow/.local/lib/python3.7/site-packages/airflow/example_dags/example_latest_only.py
[2023-01-11T01:42:22.264+0000] {processor.py:756} INFO - Processing file /home/airflow/.local/lib/python3.7/site-packages/airflow/example_dags/example_latest_only.py for tasks to queue
[2023-01-11T01:42:22.268+0000] {logging_mixin.py:120} INFO - [2023-01-11T01:42:22.267+0000] {dagbag.py:537} INFO - Filling up the DagBag from /home/airflow/.local/lib/python3.7/site-packages/airflow/example_dags/example_latest_only.py
[2023-01-11T01:42:22.309+0000] {processor.py:766} INFO - DAG(s) dict_keys(['latest_only']) retrieved from /home/airflow/.local/lib/python3.7/site-packages/airflow/example_dags/example_latest_only.py
[2023-01-11T01:42:22.389+0000] {logging_mixin.py:120} INFO - [2023-01-11T01:42:22.389+0000] {dag.py:2585} INFO - Sync 1 DAGs
[2023-01-11T01:42:22.437+0000] {logging_mixin.py:120} INFO - [2023-01-11T01:42:22.437+0000] {dag.py:3340} INFO - Setting next_dagrun for latest_only to 2023-01-10T21:42:22.436573+00:00, run_after=2023-01-11T01:42:22.436573+00:00
[2023-01-11T01:42:22.486+0000] {processor.py:176} INFO - Processing /home/airflow/.local/lib/python3.7/site-packages/airflow/example_dags/example_latest_only.py took 0.230 seconds
[2023-01-11T01:42:53.145+0000] {processor.py:154} INFO - Started process (PID=21437) to work on /home/airflow/.local/lib/python3.7/site-packages/airflow/example_dags/example_latest_only.py
[2023-01-11T01:42:53.146+0000] {processor.py:756} INFO - Processing file /home/airflow/.local/lib/python3.7/site-packages/airflow/example_dags/example_latest_only.py for tasks to queue
[2023-01-11T01:42:53.146+0000] {logging_mixin.py:120} INFO - [2023-01-11T01:42:53.146+0000] {dagbag.py:537} INFO - Filling up the DagBag from /home/airflow/.local/lib/python3.7/site-packages/airflow/example_dags/example_latest_only.py
[2023-01-11T01:42:53.160+0000] {processor.py:766} INFO - DAG(s) dict_keys(['latest_only']) retrieved from /home/airflow/.local/lib/python3.7/site-packages/airflow/example_dags/example_latest_only.py
[2023-01-11T01:42:53.220+0000] {logging_mixin.py:120} INFO - [2023-01-11T01:42:53.220+0000] {dag.py:2585} INFO - Sync 1 DAGs
[2023-01-11T01:42:53.246+0000] {logging_mixin.py:120} INFO - [2023-01-11T01:42:53.246+0000] {dag.py:3340} INFO - Setting next_dagrun for latest_only to 2023-01-10T21:42:53.246031+00:00, run_after=2023-01-11T01:42:53.246031+00:00
[2023-01-11T01:42:53.266+0000] {processor.py:176} INFO - Processing /home/airflow/.local/lib/python3.7/site-packages/airflow/example_dags/example_latest_only.py took 0.125 seconds
[2023-01-11T01:43:23.502+0000] {processor.py:154} INFO - Started process (PID=21504) to work on /home/airflow/.local/lib/python3.7/site-packages/airflow/example_dags/example_latest_only.py
[2023-01-11T01:43:23.503+0000] {processor.py:756} INFO - Processing file /home/airflow/.local/lib/python3.7/site-packages/airflow/example_dags/example_latest_only.py for tasks to queue
[2023-01-11T01:43:23.503+0000] {logging_mixin.py:120} INFO - [2023-01-11T01:43:23.503+0000] {dagbag.py:537} INFO - Filling up the DagBag from /home/airflow/.local/lib/python3.7/site-packages/airflow/example_dags/example_latest_only.py
[2023-01-11T01:43:23.518+0000] {processor.py:766} INFO - DAG(s) dict_keys(['latest_only']) retrieved from /home/airflow/.local/lib/python3.7/site-packages/airflow/example_dags/example_latest_only.py
[2023-01-11T01:43:23.568+0000] {logging_mixin.py:120} INFO - [2023-01-11T01:43:23.568+0000] {dag.py:2585} INFO - Sync 1 DAGs
[2023-01-11T01:43:23.592+0000] {logging_mixin.py:120} INFO - [2023-01-11T01:43:23.592+0000] {dag.py:3340} INFO - Setting next_dagrun for latest_only to 2023-01-10T21:43:23.591996+00:00, run_after=2023-01-11T01:43:23.591996+00:00
[2023-01-11T01:43:23.616+0000] {processor.py:176} INFO - Processing /home/airflow/.local/lib/python3.7/site-packages/airflow/example_dags/example_latest_only.py took 0.118 seconds
[2023-01-11T01:43:53.968+0000] {processor.py:154} INFO - Started process (PID=21571) to work on /home/airflow/.local/lib/python3.7/site-packages/airflow/example_dags/example_latest_only.py
[2023-01-11T01:43:53.969+0000] {processor.py:756} INFO - Processing file /home/airflow/.local/lib/python3.7/site-packages/airflow/example_dags/example_latest_only.py for tasks to queue
[2023-01-11T01:43:53.970+0000] {logging_mixin.py:120} INFO - [2023-01-11T01:43:53.970+0000] {dagbag.py:537} INFO - Filling up the DagBag from /home/airflow/.local/lib/python3.7/site-packages/airflow/example_dags/example_latest_only.py
[2023-01-11T01:43:53.990+0000] {processor.py:766} INFO - DAG(s) dict_keys(['latest_only']) retrieved from /home/airflow/.local/lib/python3.7/site-packages/airflow/example_dags/example_latest_only.py
[2023-01-11T01:43:54.050+0000] {logging_mixin.py:120} INFO - [2023-01-11T01:43:54.050+0000] {dag.py:2585} INFO - Sync 1 DAGs
[2023-01-11T01:43:54.089+0000] {logging_mixin.py:120} INFO - [2023-01-11T01:43:54.088+0000] {dag.py:3340} INFO - Setting next_dagrun for latest_only to 2023-01-10T21:43:54.088644+00:00, run_after=2023-01-11T01:43:54.088644+00:00
[2023-01-11T01:43:54.121+0000] {processor.py:176} INFO - Processing /home/airflow/.local/lib/python3.7/site-packages/airflow/example_dags/example_latest_only.py took 0.158 seconds
[2023-01-11T01:44:24.430+0000] {processor.py:154} INFO - Started process (PID=21629) to work on /home/airflow/.local/lib/python3.7/site-packages/airflow/example_dags/example_latest_only.py
[2023-01-11T01:44:24.431+0000] {processor.py:756} INFO - Processing file /home/airflow/.local/lib/python3.7/site-packages/airflow/example_dags/example_latest_only.py for tasks to queue
[2023-01-11T01:44:24.432+0000] {logging_mixin.py:120} INFO - [2023-01-11T01:44:24.431+0000] {dagbag.py:537} INFO - Filling up the DagBag from /home/airflow/.local/lib/python3.7/site-packages/airflow/example_dags/example_latest_only.py
[2023-01-11T01:44:24.447+0000] {processor.py:766} INFO - DAG(s) dict_keys(['latest_only']) retrieved from /home/airflow/.local/lib/python3.7/site-packages/airflow/example_dags/example_latest_only.py
[2023-01-11T01:44:24.485+0000] {logging_mixin.py:120} INFO - [2023-01-11T01:44:24.485+0000] {dag.py:2585} INFO - Sync 1 DAGs
[2023-01-11T01:44:24.512+0000] {logging_mixin.py:120} INFO - [2023-01-11T01:44:24.512+0000] {dag.py:3340} INFO - Setting next_dagrun for latest_only to 2023-01-10T21:44:24.512121+00:00, run_after=2023-01-11T01:44:24.512121+00:00
[2023-01-11T01:44:24.538+0000] {processor.py:176} INFO - Processing /home/airflow/.local/lib/python3.7/site-packages/airflow/example_dags/example_latest_only.py took 0.111 seconds
[2023-01-11T01:44:54.838+0000] {processor.py:154} INFO - Started process (PID=21696) to work on /home/airflow/.local/lib/python3.7/site-packages/airflow/example_dags/example_latest_only.py
[2023-01-11T01:44:54.839+0000] {processor.py:756} INFO - Processing file /home/airflow/.local/lib/python3.7/site-packages/airflow/example_dags/example_latest_only.py for tasks to queue
[2023-01-11T01:44:54.840+0000] {logging_mixin.py:120} INFO - [2023-01-11T01:44:54.840+0000] {dagbag.py:537} INFO - Filling up the DagBag from /home/airflow/.local/lib/python3.7/site-packages/airflow/example_dags/example_latest_only.py
[2023-01-11T01:44:54.855+0000] {processor.py:766} INFO - DAG(s) dict_keys(['latest_only']) retrieved from /home/airflow/.local/lib/python3.7/site-packages/airflow/example_dags/example_latest_only.py
[2023-01-11T01:44:54.895+0000] {logging_mixin.py:120} INFO - [2023-01-11T01:44:54.894+0000] {dag.py:2585} INFO - Sync 1 DAGs
[2023-01-11T01:44:54.922+0000] {logging_mixin.py:120} INFO - [2023-01-11T01:44:54.922+0000] {dag.py:3340} INFO - Setting next_dagrun for latest_only to 2023-01-10T21:44:54.921754+00:00, run_after=2023-01-11T01:44:54.921754+00:00
[2023-01-11T01:44:54.947+0000] {processor.py:176} INFO - Processing /home/airflow/.local/lib/python3.7/site-packages/airflow/example_dags/example_latest_only.py took 0.113 seconds
[2023-01-11T01:45:25.398+0000] {processor.py:154} INFO - Started process (PID=21763) to work on /home/airflow/.local/lib/python3.7/site-packages/airflow/example_dags/example_latest_only.py
[2023-01-11T01:45:25.399+0000] {processor.py:756} INFO - Processing file /home/airflow/.local/lib/python3.7/site-packages/airflow/example_dags/example_latest_only.py for tasks to queue
[2023-01-11T01:45:25.401+0000] {logging_mixin.py:120} INFO - [2023-01-11T01:45:25.400+0000] {dagbag.py:537} INFO - Filling up the DagBag from /home/airflow/.local/lib/python3.7/site-packages/airflow/example_dags/example_latest_only.py
[2023-01-11T01:45:25.422+0000] {processor.py:766} INFO - DAG(s) dict_keys(['latest_only']) retrieved from /home/airflow/.local/lib/python3.7/site-packages/airflow/example_dags/example_latest_only.py
[2023-01-11T01:45:25.517+0000] {logging_mixin.py:120} INFO - [2023-01-11T01:45:25.517+0000] {dag.py:2585} INFO - Sync 1 DAGs
[2023-01-11T01:45:25.556+0000] {logging_mixin.py:120} INFO - [2023-01-11T01:45:25.556+0000] {dag.py:3340} INFO - Setting next_dagrun for latest_only to 2023-01-10T21:45:25.556262+00:00, run_after=2023-01-11T01:45:25.556262+00:00
[2023-01-11T01:45:25.582+0000] {processor.py:176} INFO - Processing /home/airflow/.local/lib/python3.7/site-packages/airflow/example_dags/example_latest_only.py took 0.189 seconds
[2023-01-11T01:45:56.019+0000] {processor.py:154} INFO - Started process (PID=21821) to work on /home/airflow/.local/lib/python3.7/site-packages/airflow/example_dags/example_latest_only.py
[2023-01-11T01:45:56.020+0000] {processor.py:756} INFO - Processing file /home/airflow/.local/lib/python3.7/site-packages/airflow/example_dags/example_latest_only.py for tasks to queue
[2023-01-11T01:45:56.021+0000] {logging_mixin.py:120} INFO - [2023-01-11T01:45:56.021+0000] {dagbag.py:537} INFO - Filling up the DagBag from /home/airflow/.local/lib/python3.7/site-packages/airflow/example_dags/example_latest_only.py
[2023-01-11T01:45:56.046+0000] {processor.py:766} INFO - DAG(s) dict_keys(['latest_only']) retrieved from /home/airflow/.local/lib/python3.7/site-packages/airflow/example_dags/example_latest_only.py
[2023-01-11T01:45:56.102+0000] {logging_mixin.py:120} INFO - [2023-01-11T01:45:56.101+0000] {dag.py:2585} INFO - Sync 1 DAGs
[2023-01-11T01:45:56.131+0000] {logging_mixin.py:120} INFO - [2023-01-11T01:45:56.131+0000] {dag.py:3340} INFO - Setting next_dagrun for latest_only to 2023-01-10T21:45:56.130842+00:00, run_after=2023-01-11T01:45:56.130842+00:00
[2023-01-11T01:45:56.158+0000] {processor.py:176} INFO - Processing /home/airflow/.local/lib/python3.7/site-packages/airflow/example_dags/example_latest_only.py took 0.144 seconds
[2023-01-11T01:46:27.007+0000] {processor.py:154} INFO - Started process (PID=21889) to work on /home/airflow/.local/lib/python3.7/site-packages/airflow/example_dags/example_latest_only.py
[2023-01-11T01:46:27.008+0000] {processor.py:756} INFO - Processing file /home/airflow/.local/lib/python3.7/site-packages/airflow/example_dags/example_latest_only.py for tasks to queue
[2023-01-11T01:46:27.010+0000] {logging_mixin.py:120} INFO - [2023-01-11T01:46:27.010+0000] {dagbag.py:537} INFO - Filling up the DagBag from /home/airflow/.local/lib/python3.7/site-packages/airflow/example_dags/example_latest_only.py
[2023-01-11T01:46:27.036+0000] {processor.py:766} INFO - DAG(s) dict_keys(['latest_only']) retrieved from /home/airflow/.local/lib/python3.7/site-packages/airflow/example_dags/example_latest_only.py
[2023-01-11T01:46:27.107+0000] {logging_mixin.py:120} INFO - [2023-01-11T01:46:27.107+0000] {dag.py:2585} INFO - Sync 1 DAGs
[2023-01-11T01:46:27.162+0000] {logging_mixin.py:120} INFO - [2023-01-11T01:46:27.162+0000] {dag.py:3340} INFO - Setting next_dagrun for latest_only to 2023-01-10T21:46:27.161371+00:00, run_after=2023-01-11T01:46:27.161371+00:00
[2023-01-11T01:46:27.209+0000] {processor.py:176} INFO - Processing /home/airflow/.local/lib/python3.7/site-packages/airflow/example_dags/example_latest_only.py took 0.207 seconds
