[2023-01-11T01:09:36.770+0000] {processor.py:154} INFO - Started process (PID=17332) to work on /home/airflow/.local/lib/python3.7/site-packages/airflow/example_dags/example_skip_dag.py
[2023-01-11T01:09:36.771+0000] {processor.py:756} INFO - Processing file /home/airflow/.local/lib/python3.7/site-packages/airflow/example_dags/example_skip_dag.py for tasks to queue
[2023-01-11T01:09:36.773+0000] {logging_mixin.py:120} INFO - [2023-01-11T01:09:36.773+0000] {dagbag.py:537} INFO - Filling up the DagBag from /home/airflow/.local/lib/python3.7/site-packages/airflow/example_dags/example_skip_dag.py
[2023-01-11T01:09:36.818+0000] {processor.py:766} INFO - DAG(s) dict_keys(['example_skip_dag']) retrieved from /home/airflow/.local/lib/python3.7/site-packages/airflow/example_dags/example_skip_dag.py
[2023-01-11T01:09:36.931+0000] {logging_mixin.py:120} INFO - [2023-01-11T01:09:36.931+0000] {dag.py:2585} INFO - Sync 1 DAGs
[2023-01-11T01:09:37.023+0000] {logging_mixin.py:120} INFO - [2023-01-11T01:09:37.023+0000] {dag.py:3340} INFO - Setting next_dagrun for example_skip_dag to 2023-01-10T01:09:37.021584+00:00, run_after=2023-01-11T01:09:37.021584+00:00
[2023-01-11T01:09:37.085+0000] {processor.py:176} INFO - Processing /home/airflow/.local/lib/python3.7/site-packages/airflow/example_dags/example_skip_dag.py took 0.320 seconds
[2023-01-11T01:10:07.397+0000] {processor.py:154} INFO - Started process (PID=17397) to work on /home/airflow/.local/lib/python3.7/site-packages/airflow/example_dags/example_skip_dag.py
[2023-01-11T01:10:07.398+0000] {processor.py:756} INFO - Processing file /home/airflow/.local/lib/python3.7/site-packages/airflow/example_dags/example_skip_dag.py for tasks to queue
[2023-01-11T01:10:07.402+0000] {logging_mixin.py:120} INFO - [2023-01-11T01:10:07.401+0000] {dagbag.py:537} INFO - Filling up the DagBag from /home/airflow/.local/lib/python3.7/site-packages/airflow/example_dags/example_skip_dag.py
[2023-01-11T01:10:07.431+0000] {processor.py:766} INFO - DAG(s) dict_keys(['example_skip_dag']) retrieved from /home/airflow/.local/lib/python3.7/site-packages/airflow/example_dags/example_skip_dag.py
[2023-01-11T01:10:07.545+0000] {logging_mixin.py:120} INFO - [2023-01-11T01:10:07.545+0000] {dag.py:2585} INFO - Sync 1 DAGs
[2023-01-11T01:10:07.621+0000] {logging_mixin.py:120} INFO - [2023-01-11T01:10:07.620+0000] {dag.py:3340} INFO - Setting next_dagrun for example_skip_dag to 2023-01-10T01:10:07.620002+00:00, run_after=2023-01-11T01:10:07.620002+00:00
[2023-01-11T01:10:07.671+0000] {processor.py:176} INFO - Processing /home/airflow/.local/lib/python3.7/site-packages/airflow/example_dags/example_skip_dag.py took 0.285 seconds
[2023-01-11T01:10:38.928+0000] {processor.py:154} INFO - Started process (PID=17457) to work on /home/airflow/.local/lib/python3.7/site-packages/airflow/example_dags/example_skip_dag.py
[2023-01-11T01:10:38.929+0000] {processor.py:756} INFO - Processing file /home/airflow/.local/lib/python3.7/site-packages/airflow/example_dags/example_skip_dag.py for tasks to queue
[2023-01-11T01:10:38.930+0000] {logging_mixin.py:120} INFO - [2023-01-11T01:10:38.930+0000] {dagbag.py:537} INFO - Filling up the DagBag from /home/airflow/.local/lib/python3.7/site-packages/airflow/example_dags/example_skip_dag.py
[2023-01-11T01:10:38.979+0000] {processor.py:766} INFO - DAG(s) dict_keys(['example_skip_dag']) retrieved from /home/airflow/.local/lib/python3.7/site-packages/airflow/example_dags/example_skip_dag.py
[2023-01-11T01:10:39.075+0000] {logging_mixin.py:120} INFO - [2023-01-11T01:10:39.074+0000] {dag.py:2585} INFO - Sync 1 DAGs
[2023-01-11T01:10:39.146+0000] {logging_mixin.py:120} INFO - [2023-01-11T01:10:39.146+0000] {dag.py:3340} INFO - Setting next_dagrun for example_skip_dag to 2023-01-10T01:10:39.145743+00:00, run_after=2023-01-11T01:10:39.145743+00:00
[2023-01-11T01:10:39.194+0000] {processor.py:176} INFO - Processing /home/airflow/.local/lib/python3.7/site-packages/airflow/example_dags/example_skip_dag.py took 0.274 seconds
[2023-01-11T01:11:09.870+0000] {processor.py:154} INFO - Started process (PID=17524) to work on /home/airflow/.local/lib/python3.7/site-packages/airflow/example_dags/example_skip_dag.py
[2023-01-11T01:11:09.872+0000] {processor.py:756} INFO - Processing file /home/airflow/.local/lib/python3.7/site-packages/airflow/example_dags/example_skip_dag.py for tasks to queue
[2023-01-11T01:11:09.873+0000] {logging_mixin.py:120} INFO - [2023-01-11T01:11:09.873+0000] {dagbag.py:537} INFO - Filling up the DagBag from /home/airflow/.local/lib/python3.7/site-packages/airflow/example_dags/example_skip_dag.py
[2023-01-11T01:11:09.892+0000] {processor.py:766} INFO - DAG(s) dict_keys(['example_skip_dag']) retrieved from /home/airflow/.local/lib/python3.7/site-packages/airflow/example_dags/example_skip_dag.py
[2023-01-11T01:11:09.970+0000] {logging_mixin.py:120} INFO - [2023-01-11T01:11:09.970+0000] {dag.py:2585} INFO - Sync 1 DAGs
[2023-01-11T01:11:10.016+0000] {logging_mixin.py:120} INFO - [2023-01-11T01:11:10.016+0000] {dag.py:3340} INFO - Setting next_dagrun for example_skip_dag to 2023-01-10T01:11:10.015778+00:00, run_after=2023-01-11T01:11:10.015778+00:00
[2023-01-11T01:11:10.056+0000] {processor.py:176} INFO - Processing /home/airflow/.local/lib/python3.7/site-packages/airflow/example_dags/example_skip_dag.py took 0.191 seconds
[2023-01-11T01:11:40.945+0000] {processor.py:154} INFO - Started process (PID=17581) to work on /home/airflow/.local/lib/python3.7/site-packages/airflow/example_dags/example_skip_dag.py
[2023-01-11T01:11:40.947+0000] {processor.py:756} INFO - Processing file /home/airflow/.local/lib/python3.7/site-packages/airflow/example_dags/example_skip_dag.py for tasks to queue
[2023-01-11T01:11:40.951+0000] {logging_mixin.py:120} INFO - [2023-01-11T01:11:40.950+0000] {dagbag.py:537} INFO - Filling up the DagBag from /home/airflow/.local/lib/python3.7/site-packages/airflow/example_dags/example_skip_dag.py
[2023-01-11T01:11:40.999+0000] {processor.py:766} INFO - DAG(s) dict_keys(['example_skip_dag']) retrieved from /home/airflow/.local/lib/python3.7/site-packages/airflow/example_dags/example_skip_dag.py
[2023-01-11T01:11:41.117+0000] {logging_mixin.py:120} INFO - [2023-01-11T01:11:41.116+0000] {dag.py:2585} INFO - Sync 1 DAGs
[2023-01-11T01:11:41.169+0000] {logging_mixin.py:120} INFO - [2023-01-11T01:11:41.169+0000] {dag.py:3340} INFO - Setting next_dagrun for example_skip_dag to 2023-01-10T01:11:41.168428+00:00, run_after=2023-01-11T01:11:41.168428+00:00
[2023-01-11T01:11:41.224+0000] {processor.py:176} INFO - Processing /home/airflow/.local/lib/python3.7/site-packages/airflow/example_dags/example_skip_dag.py took 0.288 seconds
[2023-01-11T01:12:11.564+0000] {processor.py:154} INFO - Started process (PID=17647) to work on /home/airflow/.local/lib/python3.7/site-packages/airflow/example_dags/example_skip_dag.py
[2023-01-11T01:12:11.567+0000] {processor.py:756} INFO - Processing file /home/airflow/.local/lib/python3.7/site-packages/airflow/example_dags/example_skip_dag.py for tasks to queue
[2023-01-11T01:12:11.570+0000] {logging_mixin.py:120} INFO - [2023-01-11T01:12:11.569+0000] {dagbag.py:537} INFO - Filling up the DagBag from /home/airflow/.local/lib/python3.7/site-packages/airflow/example_dags/example_skip_dag.py
[2023-01-11T01:12:11.621+0000] {processor.py:766} INFO - DAG(s) dict_keys(['example_skip_dag']) retrieved from /home/airflow/.local/lib/python3.7/site-packages/airflow/example_dags/example_skip_dag.py
[2023-01-11T01:12:11.763+0000] {logging_mixin.py:120} INFO - [2023-01-11T01:12:11.763+0000] {dag.py:2585} INFO - Sync 1 DAGs
[2023-01-11T01:12:11.824+0000] {logging_mixin.py:120} INFO - [2023-01-11T01:12:11.824+0000] {dag.py:3340} INFO - Setting next_dagrun for example_skip_dag to 2023-01-10T01:12:11.823734+00:00, run_after=2023-01-11T01:12:11.823734+00:00
[2023-01-11T01:12:11.864+0000] {processor.py:176} INFO - Processing /home/airflow/.local/lib/python3.7/site-packages/airflow/example_dags/example_skip_dag.py took 0.310 seconds
[2023-01-11T01:12:42.774+0000] {processor.py:154} INFO - Started process (PID=17705) to work on /home/airflow/.local/lib/python3.7/site-packages/airflow/example_dags/example_skip_dag.py
[2023-01-11T01:12:42.775+0000] {processor.py:756} INFO - Processing file /home/airflow/.local/lib/python3.7/site-packages/airflow/example_dags/example_skip_dag.py for tasks to queue
[2023-01-11T01:12:42.776+0000] {logging_mixin.py:120} INFO - [2023-01-11T01:12:42.776+0000] {dagbag.py:537} INFO - Filling up the DagBag from /home/airflow/.local/lib/python3.7/site-packages/airflow/example_dags/example_skip_dag.py
[2023-01-11T01:12:42.794+0000] {processor.py:766} INFO - DAG(s) dict_keys(['example_skip_dag']) retrieved from /home/airflow/.local/lib/python3.7/site-packages/airflow/example_dags/example_skip_dag.py
[2023-01-11T01:12:42.849+0000] {logging_mixin.py:120} INFO - [2023-01-11T01:12:42.849+0000] {dag.py:2585} INFO - Sync 1 DAGs
[2023-01-11T01:12:42.889+0000] {logging_mixin.py:120} INFO - [2023-01-11T01:12:42.889+0000] {dag.py:3340} INFO - Setting next_dagrun for example_skip_dag to 2023-01-10T01:12:42.888563+00:00, run_after=2023-01-11T01:12:42.888563+00:00
[2023-01-11T01:12:42.922+0000] {processor.py:176} INFO - Processing /home/airflow/.local/lib/python3.7/site-packages/airflow/example_dags/example_skip_dag.py took 0.152 seconds
[2023-01-11T01:13:13.258+0000] {processor.py:154} INFO - Started process (PID=17772) to work on /home/airflow/.local/lib/python3.7/site-packages/airflow/example_dags/example_skip_dag.py
[2023-01-11T01:13:13.260+0000] {processor.py:756} INFO - Processing file /home/airflow/.local/lib/python3.7/site-packages/airflow/example_dags/example_skip_dag.py for tasks to queue
[2023-01-11T01:13:13.261+0000] {logging_mixin.py:120} INFO - [2023-01-11T01:13:13.261+0000] {dagbag.py:537} INFO - Filling up the DagBag from /home/airflow/.local/lib/python3.7/site-packages/airflow/example_dags/example_skip_dag.py
[2023-01-11T01:13:13.279+0000] {processor.py:766} INFO - DAG(s) dict_keys(['example_skip_dag']) retrieved from /home/airflow/.local/lib/python3.7/site-packages/airflow/example_dags/example_skip_dag.py
[2023-01-11T01:13:13.336+0000] {logging_mixin.py:120} INFO - [2023-01-11T01:13:13.335+0000] {dag.py:2585} INFO - Sync 1 DAGs
[2023-01-11T01:13:13.372+0000] {logging_mixin.py:120} INFO - [2023-01-11T01:13:13.372+0000] {dag.py:3340} INFO - Setting next_dagrun for example_skip_dag to 2023-01-10T01:13:13.371380+00:00, run_after=2023-01-11T01:13:13.371380+00:00
[2023-01-11T01:13:13.402+0000] {processor.py:176} INFO - Processing /home/airflow/.local/lib/python3.7/site-packages/airflow/example_dags/example_skip_dag.py took 0.148 seconds
[2023-01-11T01:13:43.949+0000] {processor.py:154} INFO - Started process (PID=17839) to work on /home/airflow/.local/lib/python3.7/site-packages/airflow/example_dags/example_skip_dag.py
[2023-01-11T01:13:43.951+0000] {processor.py:756} INFO - Processing file /home/airflow/.local/lib/python3.7/site-packages/airflow/example_dags/example_skip_dag.py for tasks to queue
[2023-01-11T01:13:43.952+0000] {logging_mixin.py:120} INFO - [2023-01-11T01:13:43.952+0000] {dagbag.py:537} INFO - Filling up the DagBag from /home/airflow/.local/lib/python3.7/site-packages/airflow/example_dags/example_skip_dag.py
[2023-01-11T01:13:43.981+0000] {processor.py:766} INFO - DAG(s) dict_keys(['example_skip_dag']) retrieved from /home/airflow/.local/lib/python3.7/site-packages/airflow/example_dags/example_skip_dag.py
[2023-01-11T01:13:44.030+0000] {logging_mixin.py:120} INFO - [2023-01-11T01:13:44.030+0000] {dag.py:2585} INFO - Sync 1 DAGs
[2023-01-11T01:13:44.070+0000] {logging_mixin.py:120} INFO - [2023-01-11T01:13:44.070+0000] {dag.py:3340} INFO - Setting next_dagrun for example_skip_dag to 2023-01-10T01:13:44.069887+00:00, run_after=2023-01-11T01:13:44.069887+00:00
[2023-01-11T01:13:44.098+0000] {processor.py:176} INFO - Processing /home/airflow/.local/lib/python3.7/site-packages/airflow/example_dags/example_skip_dag.py took 0.151 seconds
[2023-01-11T01:14:14.815+0000] {processor.py:154} INFO - Started process (PID=17897) to work on /home/airflow/.local/lib/python3.7/site-packages/airflow/example_dags/example_skip_dag.py
[2023-01-11T01:14:14.817+0000] {processor.py:756} INFO - Processing file /home/airflow/.local/lib/python3.7/site-packages/airflow/example_dags/example_skip_dag.py for tasks to queue
[2023-01-11T01:14:14.819+0000] {logging_mixin.py:120} INFO - [2023-01-11T01:14:14.819+0000] {dagbag.py:537} INFO - Filling up the DagBag from /home/airflow/.local/lib/python3.7/site-packages/airflow/example_dags/example_skip_dag.py
[2023-01-11T01:14:14.841+0000] {processor.py:766} INFO - DAG(s) dict_keys(['example_skip_dag']) retrieved from /home/airflow/.local/lib/python3.7/site-packages/airflow/example_dags/example_skip_dag.py
[2023-01-11T01:14:14.887+0000] {logging_mixin.py:120} INFO - [2023-01-11T01:14:14.887+0000] {dag.py:2585} INFO - Sync 1 DAGs
[2023-01-11T01:14:14.914+0000] {logging_mixin.py:120} INFO - [2023-01-11T01:14:14.914+0000] {dag.py:3340} INFO - Setting next_dagrun for example_skip_dag to 2023-01-10T01:14:14.914044+00:00, run_after=2023-01-11T01:14:14.914044+00:00
[2023-01-11T01:14:14.938+0000] {processor.py:176} INFO - Processing /home/airflow/.local/lib/python3.7/site-packages/airflow/example_dags/example_skip_dag.py took 0.130 seconds
[2023-01-11T01:14:45.411+0000] {processor.py:154} INFO - Started process (PID=17965) to work on /home/airflow/.local/lib/python3.7/site-packages/airflow/example_dags/example_skip_dag.py
[2023-01-11T01:14:45.412+0000] {processor.py:756} INFO - Processing file /home/airflow/.local/lib/python3.7/site-packages/airflow/example_dags/example_skip_dag.py for tasks to queue
[2023-01-11T01:14:45.413+0000] {logging_mixin.py:120} INFO - [2023-01-11T01:14:45.413+0000] {dagbag.py:537} INFO - Filling up the DagBag from /home/airflow/.local/lib/python3.7/site-packages/airflow/example_dags/example_skip_dag.py
[2023-01-11T01:14:45.429+0000] {processor.py:766} INFO - DAG(s) dict_keys(['example_skip_dag']) retrieved from /home/airflow/.local/lib/python3.7/site-packages/airflow/example_dags/example_skip_dag.py
[2023-01-11T01:14:45.481+0000] {logging_mixin.py:120} INFO - [2023-01-11T01:14:45.480+0000] {dag.py:2585} INFO - Sync 1 DAGs
[2023-01-11T01:14:45.517+0000] {logging_mixin.py:120} INFO - [2023-01-11T01:14:45.517+0000] {dag.py:3340} INFO - Setting next_dagrun for example_skip_dag to 2023-01-10T01:14:45.516862+00:00, run_after=2023-01-11T01:14:45.516862+00:00
[2023-01-11T01:14:45.543+0000] {processor.py:176} INFO - Processing /home/airflow/.local/lib/python3.7/site-packages/airflow/example_dags/example_skip_dag.py took 0.136 seconds
[2023-01-11T01:15:15.738+0000] {processor.py:154} INFO - Started process (PID=18030) to work on /home/airflow/.local/lib/python3.7/site-packages/airflow/example_dags/example_skip_dag.py
[2023-01-11T01:15:15.740+0000] {processor.py:756} INFO - Processing file /home/airflow/.local/lib/python3.7/site-packages/airflow/example_dags/example_skip_dag.py for tasks to queue
[2023-01-11T01:15:15.744+0000] {logging_mixin.py:120} INFO - [2023-01-11T01:15:15.743+0000] {dagbag.py:537} INFO - Filling up the DagBag from /home/airflow/.local/lib/python3.7/site-packages/airflow/example_dags/example_skip_dag.py
[2023-01-11T01:15:15.785+0000] {processor.py:766} INFO - DAG(s) dict_keys(['example_skip_dag']) retrieved from /home/airflow/.local/lib/python3.7/site-packages/airflow/example_dags/example_skip_dag.py
[2023-01-11T01:15:15.899+0000] {logging_mixin.py:120} INFO - [2023-01-11T01:15:15.898+0000] {dag.py:2585} INFO - Sync 1 DAGs
[2023-01-11T01:15:15.981+0000] {logging_mixin.py:120} INFO - [2023-01-11T01:15:15.980+0000] {dag.py:3340} INFO - Setting next_dagrun for example_skip_dag to 2023-01-10T01:15:15.979961+00:00, run_after=2023-01-11T01:15:15.979961+00:00
[2023-01-11T01:15:16.031+0000] {processor.py:176} INFO - Processing /home/airflow/.local/lib/python3.7/site-packages/airflow/example_dags/example_skip_dag.py took 0.304 seconds
[2023-01-11T01:15:46.890+0000] {processor.py:154} INFO - Started process (PID=18090) to work on /home/airflow/.local/lib/python3.7/site-packages/airflow/example_dags/example_skip_dag.py
[2023-01-11T01:15:46.892+0000] {processor.py:756} INFO - Processing file /home/airflow/.local/lib/python3.7/site-packages/airflow/example_dags/example_skip_dag.py for tasks to queue
[2023-01-11T01:15:46.898+0000] {logging_mixin.py:120} INFO - [2023-01-11T01:15:46.897+0000] {dagbag.py:537} INFO - Filling up the DagBag from /home/airflow/.local/lib/python3.7/site-packages/airflow/example_dags/example_skip_dag.py
[2023-01-11T01:15:46.932+0000] {processor.py:766} INFO - DAG(s) dict_keys(['example_skip_dag']) retrieved from /home/airflow/.local/lib/python3.7/site-packages/airflow/example_dags/example_skip_dag.py
[2023-01-11T01:15:47.034+0000] {logging_mixin.py:120} INFO - [2023-01-11T01:15:47.034+0000] {dag.py:2585} INFO - Sync 1 DAGs
[2023-01-11T01:15:47.105+0000] {logging_mixin.py:120} INFO - [2023-01-11T01:15:47.105+0000] {dag.py:3340} INFO - Setting next_dagrun for example_skip_dag to 2023-01-10T01:15:47.104570+00:00, run_after=2023-01-11T01:15:47.104570+00:00
[2023-01-11T01:15:47.168+0000] {processor.py:176} INFO - Processing /home/airflow/.local/lib/python3.7/site-packages/airflow/example_dags/example_skip_dag.py took 0.286 seconds
[2023-01-11T01:16:17.246+0000] {processor.py:154} INFO - Started process (PID=18149) to work on /home/airflow/.local/lib/python3.7/site-packages/airflow/example_dags/example_skip_dag.py
[2023-01-11T01:16:17.249+0000] {processor.py:756} INFO - Processing file /home/airflow/.local/lib/python3.7/site-packages/airflow/example_dags/example_skip_dag.py for tasks to queue
[2023-01-11T01:16:17.251+0000] {logging_mixin.py:120} INFO - [2023-01-11T01:16:17.251+0000] {dagbag.py:537} INFO - Filling up the DagBag from /home/airflow/.local/lib/python3.7/site-packages/airflow/example_dags/example_skip_dag.py
[2023-01-11T01:16:17.283+0000] {processor.py:766} INFO - DAG(s) dict_keys(['example_skip_dag']) retrieved from /home/airflow/.local/lib/python3.7/site-packages/airflow/example_dags/example_skip_dag.py
[2023-01-11T01:16:17.395+0000] {logging_mixin.py:120} INFO - [2023-01-11T01:16:17.395+0000] {dag.py:2585} INFO - Sync 1 DAGs
[2023-01-11T01:16:17.463+0000] {logging_mixin.py:120} INFO - [2023-01-11T01:16:17.463+0000] {dag.py:3340} INFO - Setting next_dagrun for example_skip_dag to 2023-01-10T01:16:17.462471+00:00, run_after=2023-01-11T01:16:17.462471+00:00
[2023-01-11T01:16:17.523+0000] {processor.py:176} INFO - Processing /home/airflow/.local/lib/python3.7/site-packages/airflow/example_dags/example_skip_dag.py took 0.285 seconds
[2023-01-11T01:16:47.996+0000] {processor.py:154} INFO - Started process (PID=18216) to work on /home/airflow/.local/lib/python3.7/site-packages/airflow/example_dags/example_skip_dag.py
[2023-01-11T01:16:47.997+0000] {processor.py:756} INFO - Processing file /home/airflow/.local/lib/python3.7/site-packages/airflow/example_dags/example_skip_dag.py for tasks to queue
[2023-01-11T01:16:47.998+0000] {logging_mixin.py:120} INFO - [2023-01-11T01:16:47.998+0000] {dagbag.py:537} INFO - Filling up the DagBag from /home/airflow/.local/lib/python3.7/site-packages/airflow/example_dags/example_skip_dag.py
[2023-01-11T01:16:48.018+0000] {processor.py:766} INFO - DAG(s) dict_keys(['example_skip_dag']) retrieved from /home/airflow/.local/lib/python3.7/site-packages/airflow/example_dags/example_skip_dag.py
[2023-01-11T01:16:48.067+0000] {logging_mixin.py:120} INFO - [2023-01-11T01:16:48.067+0000] {dag.py:2585} INFO - Sync 1 DAGs
[2023-01-11T01:16:48.103+0000] {logging_mixin.py:120} INFO - [2023-01-11T01:16:48.103+0000] {dag.py:3340} INFO - Setting next_dagrun for example_skip_dag to 2023-01-10T01:16:48.103137+00:00, run_after=2023-01-11T01:16:48.103137+00:00
[2023-01-11T01:16:48.134+0000] {processor.py:176} INFO - Processing /home/airflow/.local/lib/python3.7/site-packages/airflow/example_dags/example_skip_dag.py took 0.146 seconds
[2023-01-11T01:17:18.951+0000] {processor.py:154} INFO - Started process (PID=18284) to work on /home/airflow/.local/lib/python3.7/site-packages/airflow/example_dags/example_skip_dag.py
[2023-01-11T01:17:18.953+0000] {processor.py:756} INFO - Processing file /home/airflow/.local/lib/python3.7/site-packages/airflow/example_dags/example_skip_dag.py for tasks to queue
[2023-01-11T01:17:18.954+0000] {logging_mixin.py:120} INFO - [2023-01-11T01:17:18.954+0000] {dagbag.py:537} INFO - Filling up the DagBag from /home/airflow/.local/lib/python3.7/site-packages/airflow/example_dags/example_skip_dag.py
[2023-01-11T01:17:18.977+0000] {processor.py:766} INFO - DAG(s) dict_keys(['example_skip_dag']) retrieved from /home/airflow/.local/lib/python3.7/site-packages/airflow/example_dags/example_skip_dag.py
[2023-01-11T01:17:19.045+0000] {logging_mixin.py:120} INFO - [2023-01-11T01:17:19.044+0000] {dag.py:2585} INFO - Sync 1 DAGs
[2023-01-11T01:17:19.086+0000] {logging_mixin.py:120} INFO - [2023-01-11T01:17:19.086+0000] {dag.py:3340} INFO - Setting next_dagrun for example_skip_dag to 2023-01-10T01:17:19.085804+00:00, run_after=2023-01-11T01:17:19.085804+00:00
[2023-01-11T01:17:19.129+0000] {processor.py:176} INFO - Processing /home/airflow/.local/lib/python3.7/site-packages/airflow/example_dags/example_skip_dag.py took 0.183 seconds
[2023-01-11T01:17:49.251+0000] {processor.py:154} INFO - Started process (PID=18342) to work on /home/airflow/.local/lib/python3.7/site-packages/airflow/example_dags/example_skip_dag.py
[2023-01-11T01:17:49.252+0000] {processor.py:756} INFO - Processing file /home/airflow/.local/lib/python3.7/site-packages/airflow/example_dags/example_skip_dag.py for tasks to queue
[2023-01-11T01:17:49.253+0000] {logging_mixin.py:120} INFO - [2023-01-11T01:17:49.253+0000] {dagbag.py:537} INFO - Filling up the DagBag from /home/airflow/.local/lib/python3.7/site-packages/airflow/example_dags/example_skip_dag.py
[2023-01-11T01:17:49.276+0000] {processor.py:766} INFO - DAG(s) dict_keys(['example_skip_dag']) retrieved from /home/airflow/.local/lib/python3.7/site-packages/airflow/example_dags/example_skip_dag.py
[2023-01-11T01:17:49.362+0000] {logging_mixin.py:120} INFO - [2023-01-11T01:17:49.362+0000] {dag.py:2585} INFO - Sync 1 DAGs
[2023-01-11T01:17:49.429+0000] {logging_mixin.py:120} INFO - [2023-01-11T01:17:49.429+0000] {dag.py:3340} INFO - Setting next_dagrun for example_skip_dag to 2023-01-10T01:17:49.429024+00:00, run_after=2023-01-11T01:17:49.429024+00:00
[2023-01-11T01:17:49.469+0000] {processor.py:176} INFO - Processing /home/airflow/.local/lib/python3.7/site-packages/airflow/example_dags/example_skip_dag.py took 0.223 seconds
[2023-01-11T01:18:19.768+0000] {processor.py:154} INFO - Started process (PID=18409) to work on /home/airflow/.local/lib/python3.7/site-packages/airflow/example_dags/example_skip_dag.py
[2023-01-11T01:18:19.770+0000] {processor.py:756} INFO - Processing file /home/airflow/.local/lib/python3.7/site-packages/airflow/example_dags/example_skip_dag.py for tasks to queue
[2023-01-11T01:18:19.772+0000] {logging_mixin.py:120} INFO - [2023-01-11T01:18:19.772+0000] {dagbag.py:537} INFO - Filling up the DagBag from /home/airflow/.local/lib/python3.7/site-packages/airflow/example_dags/example_skip_dag.py
[2023-01-11T01:18:19.802+0000] {processor.py:766} INFO - DAG(s) dict_keys(['example_skip_dag']) retrieved from /home/airflow/.local/lib/python3.7/site-packages/airflow/example_dags/example_skip_dag.py
[2023-01-11T01:18:19.910+0000] {logging_mixin.py:120} INFO - [2023-01-11T01:18:19.909+0000] {dag.py:2585} INFO - Sync 1 DAGs
[2023-01-11T01:18:19.981+0000] {logging_mixin.py:120} INFO - [2023-01-11T01:18:19.980+0000] {dag.py:3340} INFO - Setting next_dagrun for example_skip_dag to 2023-01-10T01:18:19.976642+00:00, run_after=2023-01-11T01:18:19.976642+00:00
[2023-01-11T01:18:20.051+0000] {processor.py:176} INFO - Processing /home/airflow/.local/lib/python3.7/site-packages/airflow/example_dags/example_skip_dag.py took 0.292 seconds
[2023-01-11T01:18:50.430+0000] {processor.py:154} INFO - Started process (PID=18467) to work on /home/airflow/.local/lib/python3.7/site-packages/airflow/example_dags/example_skip_dag.py
[2023-01-11T01:18:50.432+0000] {processor.py:756} INFO - Processing file /home/airflow/.local/lib/python3.7/site-packages/airflow/example_dags/example_skip_dag.py for tasks to queue
[2023-01-11T01:18:50.433+0000] {logging_mixin.py:120} INFO - [2023-01-11T01:18:50.433+0000] {dagbag.py:537} INFO - Filling up the DagBag from /home/airflow/.local/lib/python3.7/site-packages/airflow/example_dags/example_skip_dag.py
[2023-01-11T01:18:50.452+0000] {processor.py:766} INFO - DAG(s) dict_keys(['example_skip_dag']) retrieved from /home/airflow/.local/lib/python3.7/site-packages/airflow/example_dags/example_skip_dag.py
[2023-01-11T01:18:50.513+0000] {logging_mixin.py:120} INFO - [2023-01-11T01:18:50.513+0000] {dag.py:2585} INFO - Sync 1 DAGs
[2023-01-11T01:18:50.561+0000] {logging_mixin.py:120} INFO - [2023-01-11T01:18:50.560+0000] {dag.py:3340} INFO - Setting next_dagrun for example_skip_dag to 2023-01-10T01:18:50.560527+00:00, run_after=2023-01-11T01:18:50.560527+00:00
[2023-01-11T01:18:50.586+0000] {processor.py:176} INFO - Processing /home/airflow/.local/lib/python3.7/site-packages/airflow/example_dags/example_skip_dag.py took 0.160 seconds
[2023-01-11T01:19:21.549+0000] {processor.py:154} INFO - Started process (PID=18534) to work on /home/airflow/.local/lib/python3.7/site-packages/airflow/example_dags/example_skip_dag.py
[2023-01-11T01:19:21.552+0000] {processor.py:756} INFO - Processing file /home/airflow/.local/lib/python3.7/site-packages/airflow/example_dags/example_skip_dag.py for tasks to queue
[2023-01-11T01:19:21.555+0000] {logging_mixin.py:120} INFO - [2023-01-11T01:19:21.555+0000] {dagbag.py:537} INFO - Filling up the DagBag from /home/airflow/.local/lib/python3.7/site-packages/airflow/example_dags/example_skip_dag.py
[2023-01-11T01:19:21.593+0000] {processor.py:766} INFO - DAG(s) dict_keys(['example_skip_dag']) retrieved from /home/airflow/.local/lib/python3.7/site-packages/airflow/example_dags/example_skip_dag.py
[2023-01-11T01:19:21.683+0000] {logging_mixin.py:120} INFO - [2023-01-11T01:19:21.682+0000] {dag.py:2585} INFO - Sync 1 DAGs
[2023-01-11T01:19:21.750+0000] {logging_mixin.py:120} INFO - [2023-01-11T01:19:21.748+0000] {dag.py:3340} INFO - Setting next_dagrun for example_skip_dag to 2023-01-10T01:19:21.747279+00:00, run_after=2023-01-11T01:19:21.747279+00:00
[2023-01-11T01:19:21.809+0000] {processor.py:176} INFO - Processing /home/airflow/.local/lib/python3.7/site-packages/airflow/example_dags/example_skip_dag.py took 0.269 seconds
[2023-01-11T01:19:52.133+0000] {processor.py:154} INFO - Started process (PID=18592) to work on /home/airflow/.local/lib/python3.7/site-packages/airflow/example_dags/example_skip_dag.py
[2023-01-11T01:19:52.134+0000] {processor.py:756} INFO - Processing file /home/airflow/.local/lib/python3.7/site-packages/airflow/example_dags/example_skip_dag.py for tasks to queue
[2023-01-11T01:19:52.136+0000] {logging_mixin.py:120} INFO - [2023-01-11T01:19:52.135+0000] {dagbag.py:537} INFO - Filling up the DagBag from /home/airflow/.local/lib/python3.7/site-packages/airflow/example_dags/example_skip_dag.py
[2023-01-11T01:19:52.152+0000] {processor.py:766} INFO - DAG(s) dict_keys(['example_skip_dag']) retrieved from /home/airflow/.local/lib/python3.7/site-packages/airflow/example_dags/example_skip_dag.py
[2023-01-11T01:19:52.200+0000] {logging_mixin.py:120} INFO - [2023-01-11T01:19:52.200+0000] {dag.py:2585} INFO - Sync 1 DAGs
[2023-01-11T01:19:52.236+0000] {logging_mixin.py:120} INFO - [2023-01-11T01:19:52.235+0000] {dag.py:3340} INFO - Setting next_dagrun for example_skip_dag to 2023-01-10T01:19:52.235491+00:00, run_after=2023-01-11T01:19:52.235491+00:00
[2023-01-11T01:19:52.265+0000] {processor.py:176} INFO - Processing /home/airflow/.local/lib/python3.7/site-packages/airflow/example_dags/example_skip_dag.py took 0.136 seconds
[2023-01-11T01:20:23.217+0000] {processor.py:154} INFO - Started process (PID=18659) to work on /home/airflow/.local/lib/python3.7/site-packages/airflow/example_dags/example_skip_dag.py
[2023-01-11T01:20:23.218+0000] {processor.py:756} INFO - Processing file /home/airflow/.local/lib/python3.7/site-packages/airflow/example_dags/example_skip_dag.py for tasks to queue
[2023-01-11T01:20:23.219+0000] {logging_mixin.py:120} INFO - [2023-01-11T01:20:23.219+0000] {dagbag.py:537} INFO - Filling up the DagBag from /home/airflow/.local/lib/python3.7/site-packages/airflow/example_dags/example_skip_dag.py
[2023-01-11T01:20:23.247+0000] {processor.py:766} INFO - DAG(s) dict_keys(['example_skip_dag']) retrieved from /home/airflow/.local/lib/python3.7/site-packages/airflow/example_dags/example_skip_dag.py
[2023-01-11T01:20:23.302+0000] {logging_mixin.py:120} INFO - [2023-01-11T01:20:23.301+0000] {dag.py:2585} INFO - Sync 1 DAGs
[2023-01-11T01:20:23.327+0000] {logging_mixin.py:120} INFO - [2023-01-11T01:20:23.327+0000] {dag.py:3340} INFO - Setting next_dagrun for example_skip_dag to 2023-01-10T01:20:23.327390+00:00, run_after=2023-01-11T01:20:23.327390+00:00
[2023-01-11T01:20:23.352+0000] {processor.py:176} INFO - Processing /home/airflow/.local/lib/python3.7/site-packages/airflow/example_dags/example_skip_dag.py took 0.138 seconds
[2023-01-11T01:20:54.045+0000] {processor.py:154} INFO - Started process (PID=18717) to work on /home/airflow/.local/lib/python3.7/site-packages/airflow/example_dags/example_skip_dag.py
[2023-01-11T01:20:54.046+0000] {processor.py:756} INFO - Processing file /home/airflow/.local/lib/python3.7/site-packages/airflow/example_dags/example_skip_dag.py for tasks to queue
[2023-01-11T01:20:54.047+0000] {logging_mixin.py:120} INFO - [2023-01-11T01:20:54.047+0000] {dagbag.py:537} INFO - Filling up the DagBag from /home/airflow/.local/lib/python3.7/site-packages/airflow/example_dags/example_skip_dag.py
[2023-01-11T01:20:54.071+0000] {processor.py:766} INFO - DAG(s) dict_keys(['example_skip_dag']) retrieved from /home/airflow/.local/lib/python3.7/site-packages/airflow/example_dags/example_skip_dag.py
[2023-01-11T01:20:54.127+0000] {logging_mixin.py:120} INFO - [2023-01-11T01:20:54.126+0000] {dag.py:2585} INFO - Sync 1 DAGs
[2023-01-11T01:20:54.165+0000] {logging_mixin.py:120} INFO - [2023-01-11T01:20:54.165+0000] {dag.py:3340} INFO - Setting next_dagrun for example_skip_dag to 2023-01-10T01:20:54.164945+00:00, run_after=2023-01-11T01:20:54.164945+00:00
[2023-01-11T01:20:54.196+0000] {processor.py:176} INFO - Processing /home/airflow/.local/lib/python3.7/site-packages/airflow/example_dags/example_skip_dag.py took 0.155 seconds
[2023-01-11T01:21:24.775+0000] {processor.py:154} INFO - Started process (PID=18784) to work on /home/airflow/.local/lib/python3.7/site-packages/airflow/example_dags/example_skip_dag.py
[2023-01-11T01:21:24.777+0000] {processor.py:756} INFO - Processing file /home/airflow/.local/lib/python3.7/site-packages/airflow/example_dags/example_skip_dag.py for tasks to queue
[2023-01-11T01:21:24.780+0000] {logging_mixin.py:120} INFO - [2023-01-11T01:21:24.780+0000] {dagbag.py:537} INFO - Filling up the DagBag from /home/airflow/.local/lib/python3.7/site-packages/airflow/example_dags/example_skip_dag.py
[2023-01-11T01:21:24.804+0000] {processor.py:766} INFO - DAG(s) dict_keys(['example_skip_dag']) retrieved from /home/airflow/.local/lib/python3.7/site-packages/airflow/example_dags/example_skip_dag.py
[2023-01-11T01:21:24.865+0000] {logging_mixin.py:120} INFO - [2023-01-11T01:21:24.864+0000] {dag.py:2585} INFO - Sync 1 DAGs
[2023-01-11T01:21:24.906+0000] {logging_mixin.py:120} INFO - [2023-01-11T01:21:24.905+0000] {dag.py:3340} INFO - Setting next_dagrun for example_skip_dag to 2023-01-10T01:21:24.905469+00:00, run_after=2023-01-11T01:21:24.905469+00:00
[2023-01-11T01:21:24.943+0000] {processor.py:176} INFO - Processing /home/airflow/.local/lib/python3.7/site-packages/airflow/example_dags/example_skip_dag.py took 0.181 seconds
[2023-01-11T01:21:55.267+0000] {processor.py:154} INFO - Started process (PID=18851) to work on /home/airflow/.local/lib/python3.7/site-packages/airflow/example_dags/example_skip_dag.py
[2023-01-11T01:21:55.269+0000] {processor.py:756} INFO - Processing file /home/airflow/.local/lib/python3.7/site-packages/airflow/example_dags/example_skip_dag.py for tasks to queue
[2023-01-11T01:21:55.271+0000] {logging_mixin.py:120} INFO - [2023-01-11T01:21:55.270+0000] {dagbag.py:537} INFO - Filling up the DagBag from /home/airflow/.local/lib/python3.7/site-packages/airflow/example_dags/example_skip_dag.py
[2023-01-11T01:21:55.304+0000] {processor.py:766} INFO - DAG(s) dict_keys(['example_skip_dag']) retrieved from /home/airflow/.local/lib/python3.7/site-packages/airflow/example_dags/example_skip_dag.py
[2023-01-11T01:21:55.426+0000] {logging_mixin.py:120} INFO - [2023-01-11T01:21:55.426+0000] {dag.py:2585} INFO - Sync 1 DAGs
[2023-01-11T01:21:55.503+0000] {logging_mixin.py:120} INFO - [2023-01-11T01:21:55.502+0000] {dag.py:3340} INFO - Setting next_dagrun for example_skip_dag to 2023-01-10T01:21:55.502301+00:00, run_after=2023-01-11T01:21:55.502301+00:00
[2023-01-11T01:21:55.565+0000] {processor.py:176} INFO - Processing /home/airflow/.local/lib/python3.7/site-packages/airflow/example_dags/example_skip_dag.py took 0.304 seconds
[2023-01-11T01:22:25.665+0000] {processor.py:154} INFO - Started process (PID=18909) to work on /home/airflow/.local/lib/python3.7/site-packages/airflow/example_dags/example_skip_dag.py
[2023-01-11T01:22:25.666+0000] {processor.py:756} INFO - Processing file /home/airflow/.local/lib/python3.7/site-packages/airflow/example_dags/example_skip_dag.py for tasks to queue
[2023-01-11T01:22:25.667+0000] {logging_mixin.py:120} INFO - [2023-01-11T01:22:25.667+0000] {dagbag.py:537} INFO - Filling up the DagBag from /home/airflow/.local/lib/python3.7/site-packages/airflow/example_dags/example_skip_dag.py
[2023-01-11T01:22:25.685+0000] {processor.py:766} INFO - DAG(s) dict_keys(['example_skip_dag']) retrieved from /home/airflow/.local/lib/python3.7/site-packages/airflow/example_dags/example_skip_dag.py
[2023-01-11T01:22:25.735+0000] {logging_mixin.py:120} INFO - [2023-01-11T01:22:25.734+0000] {dag.py:2585} INFO - Sync 1 DAGs
[2023-01-11T01:22:25.773+0000] {logging_mixin.py:120} INFO - [2023-01-11T01:22:25.773+0000] {dag.py:3340} INFO - Setting next_dagrun for example_skip_dag to 2023-01-10T01:22:25.773229+00:00, run_after=2023-01-11T01:22:25.773229+00:00
[2023-01-11T01:22:25.802+0000] {processor.py:176} INFO - Processing /home/airflow/.local/lib/python3.7/site-packages/airflow/example_dags/example_skip_dag.py took 0.141 seconds
[2023-01-11T01:22:55.876+0000] {processor.py:154} INFO - Started process (PID=18976) to work on /home/airflow/.local/lib/python3.7/site-packages/airflow/example_dags/example_skip_dag.py
[2023-01-11T01:22:55.879+0000] {processor.py:756} INFO - Processing file /home/airflow/.local/lib/python3.7/site-packages/airflow/example_dags/example_skip_dag.py for tasks to queue
[2023-01-11T01:22:55.882+0000] {logging_mixin.py:120} INFO - [2023-01-11T01:22:55.881+0000] {dagbag.py:537} INFO - Filling up the DagBag from /home/airflow/.local/lib/python3.7/site-packages/airflow/example_dags/example_skip_dag.py
[2023-01-11T01:22:55.930+0000] {processor.py:766} INFO - DAG(s) dict_keys(['example_skip_dag']) retrieved from /home/airflow/.local/lib/python3.7/site-packages/airflow/example_dags/example_skip_dag.py
[2023-01-11T01:22:56.047+0000] {logging_mixin.py:120} INFO - [2023-01-11T01:22:56.047+0000] {dag.py:2585} INFO - Sync 1 DAGs
[2023-01-11T01:22:56.147+0000] {logging_mixin.py:120} INFO - [2023-01-11T01:22:56.146+0000] {dag.py:3340} INFO - Setting next_dagrun for example_skip_dag to 2023-01-10T01:22:56.145692+00:00, run_after=2023-01-11T01:22:56.145692+00:00
[2023-01-11T01:22:56.225+0000] {processor.py:176} INFO - Processing /home/airflow/.local/lib/python3.7/site-packages/airflow/example_dags/example_skip_dag.py took 0.358 seconds
[2023-01-11T01:23:26.325+0000] {processor.py:154} INFO - Started process (PID=19034) to work on /home/airflow/.local/lib/python3.7/site-packages/airflow/example_dags/example_skip_dag.py
[2023-01-11T01:23:26.328+0000] {processor.py:756} INFO - Processing file /home/airflow/.local/lib/python3.7/site-packages/airflow/example_dags/example_skip_dag.py for tasks to queue
[2023-01-11T01:23:26.330+0000] {logging_mixin.py:120} INFO - [2023-01-11T01:23:26.330+0000] {dagbag.py:537} INFO - Filling up the DagBag from /home/airflow/.local/lib/python3.7/site-packages/airflow/example_dags/example_skip_dag.py
[2023-01-11T01:23:26.364+0000] {processor.py:766} INFO - DAG(s) dict_keys(['example_skip_dag']) retrieved from /home/airflow/.local/lib/python3.7/site-packages/airflow/example_dags/example_skip_dag.py
[2023-01-11T01:23:26.417+0000] {logging_mixin.py:120} INFO - [2023-01-11T01:23:26.417+0000] {dag.py:2585} INFO - Sync 1 DAGs
[2023-01-11T01:23:26.446+0000] {logging_mixin.py:120} INFO - [2023-01-11T01:23:26.446+0000] {dag.py:3340} INFO - Setting next_dagrun for example_skip_dag to 2023-01-10T01:23:26.445981+00:00, run_after=2023-01-11T01:23:26.445981+00:00
[2023-01-11T01:23:26.473+0000] {processor.py:176} INFO - Processing /home/airflow/.local/lib/python3.7/site-packages/airflow/example_dags/example_skip_dag.py took 0.156 seconds
[2023-01-11T01:23:57.159+0000] {processor.py:154} INFO - Started process (PID=19092) to work on /home/airflow/.local/lib/python3.7/site-packages/airflow/example_dags/example_skip_dag.py
[2023-01-11T01:23:57.160+0000] {processor.py:756} INFO - Processing file /home/airflow/.local/lib/python3.7/site-packages/airflow/example_dags/example_skip_dag.py for tasks to queue
[2023-01-11T01:23:57.161+0000] {logging_mixin.py:120} INFO - [2023-01-11T01:23:57.161+0000] {dagbag.py:537} INFO - Filling up the DagBag from /home/airflow/.local/lib/python3.7/site-packages/airflow/example_dags/example_skip_dag.py
[2023-01-11T01:23:57.178+0000] {processor.py:766} INFO - DAG(s) dict_keys(['example_skip_dag']) retrieved from /home/airflow/.local/lib/python3.7/site-packages/airflow/example_dags/example_skip_dag.py
[2023-01-11T01:23:57.367+0000] {logging_mixin.py:120} INFO - [2023-01-11T01:23:57.366+0000] {dag.py:2585} INFO - Sync 1 DAGs
[2023-01-11T01:23:57.414+0000] {logging_mixin.py:120} INFO - [2023-01-11T01:23:57.414+0000] {dag.py:3340} INFO - Setting next_dagrun for example_skip_dag to 2023-01-10T01:23:57.413657+00:00, run_after=2023-01-11T01:23:57.413657+00:00
[2023-01-11T01:23:57.454+0000] {processor.py:176} INFO - Processing /home/airflow/.local/lib/python3.7/site-packages/airflow/example_dags/example_skip_dag.py took 0.299 seconds
[2023-01-11T01:24:27.585+0000] {processor.py:154} INFO - Started process (PID=19159) to work on /home/airflow/.local/lib/python3.7/site-packages/airflow/example_dags/example_skip_dag.py
[2023-01-11T01:24:27.586+0000] {processor.py:756} INFO - Processing file /home/airflow/.local/lib/python3.7/site-packages/airflow/example_dags/example_skip_dag.py for tasks to queue
[2023-01-11T01:24:27.588+0000] {logging_mixin.py:120} INFO - [2023-01-11T01:24:27.588+0000] {dagbag.py:537} INFO - Filling up the DagBag from /home/airflow/.local/lib/python3.7/site-packages/airflow/example_dags/example_skip_dag.py
[2023-01-11T01:24:27.606+0000] {processor.py:766} INFO - DAG(s) dict_keys(['example_skip_dag']) retrieved from /home/airflow/.local/lib/python3.7/site-packages/airflow/example_dags/example_skip_dag.py
[2023-01-11T01:24:27.659+0000] {logging_mixin.py:120} INFO - [2023-01-11T01:24:27.659+0000] {dag.py:2585} INFO - Sync 1 DAGs
[2023-01-11T01:24:27.690+0000] {logging_mixin.py:120} INFO - [2023-01-11T01:24:27.690+0000] {dag.py:3340} INFO - Setting next_dagrun for example_skip_dag to 2023-01-10T01:24:27.690001+00:00, run_after=2023-01-11T01:24:27.690001+00:00
[2023-01-11T01:24:27.713+0000] {processor.py:176} INFO - Processing /home/airflow/.local/lib/python3.7/site-packages/airflow/example_dags/example_skip_dag.py took 0.134 seconds
[2023-01-11T01:24:58.058+0000] {processor.py:154} INFO - Started process (PID=19218) to work on /home/airflow/.local/lib/python3.7/site-packages/airflow/example_dags/example_skip_dag.py
[2023-01-11T01:24:58.058+0000] {processor.py:756} INFO - Processing file /home/airflow/.local/lib/python3.7/site-packages/airflow/example_dags/example_skip_dag.py for tasks to queue
[2023-01-11T01:24:58.059+0000] {logging_mixin.py:120} INFO - [2023-01-11T01:24:58.059+0000] {dagbag.py:537} INFO - Filling up the DagBag from /home/airflow/.local/lib/python3.7/site-packages/airflow/example_dags/example_skip_dag.py
[2023-01-11T01:24:58.087+0000] {processor.py:766} INFO - DAG(s) dict_keys(['example_skip_dag']) retrieved from /home/airflow/.local/lib/python3.7/site-packages/airflow/example_dags/example_skip_dag.py
[2023-01-11T01:24:58.150+0000] {logging_mixin.py:120} INFO - [2023-01-11T01:24:58.150+0000] {dag.py:2585} INFO - Sync 1 DAGs
[2023-01-11T01:24:58.175+0000] {logging_mixin.py:120} INFO - [2023-01-11T01:24:58.175+0000] {dag.py:3340} INFO - Setting next_dagrun for example_skip_dag to 2023-01-10T01:24:58.174956+00:00, run_after=2023-01-11T01:24:58.174956+00:00
[2023-01-11T01:24:58.195+0000] {processor.py:176} INFO - Processing /home/airflow/.local/lib/python3.7/site-packages/airflow/example_dags/example_skip_dag.py took 0.141 seconds
[2023-01-11T01:25:28.414+0000] {processor.py:154} INFO - Started process (PID=19285) to work on /home/airflow/.local/lib/python3.7/site-packages/airflow/example_dags/example_skip_dag.py
[2023-01-11T01:25:28.417+0000] {processor.py:756} INFO - Processing file /home/airflow/.local/lib/python3.7/site-packages/airflow/example_dags/example_skip_dag.py for tasks to queue
[2023-01-11T01:25:28.421+0000] {logging_mixin.py:120} INFO - [2023-01-11T01:25:28.420+0000] {dagbag.py:537} INFO - Filling up the DagBag from /home/airflow/.local/lib/python3.7/site-packages/airflow/example_dags/example_skip_dag.py
[2023-01-11T01:25:28.464+0000] {processor.py:766} INFO - DAG(s) dict_keys(['example_skip_dag']) retrieved from /home/airflow/.local/lib/python3.7/site-packages/airflow/example_dags/example_skip_dag.py
[2023-01-11T01:25:28.608+0000] {logging_mixin.py:120} INFO - [2023-01-11T01:25:28.607+0000] {dag.py:2585} INFO - Sync 1 DAGs
[2023-01-11T01:25:28.688+0000] {logging_mixin.py:120} INFO - [2023-01-11T01:25:28.688+0000] {dag.py:3340} INFO - Setting next_dagrun for example_skip_dag to 2023-01-10T01:25:28.688126+00:00, run_after=2023-01-11T01:25:28.688126+00:00
[2023-01-11T01:25:28.732+0000] {processor.py:176} INFO - Processing /home/airflow/.local/lib/python3.7/site-packages/airflow/example_dags/example_skip_dag.py took 0.332 seconds
[2023-01-11T01:25:58.893+0000] {processor.py:154} INFO - Started process (PID=19343) to work on /home/airflow/.local/lib/python3.7/site-packages/airflow/example_dags/example_skip_dag.py
[2023-01-11T01:25:58.894+0000] {processor.py:756} INFO - Processing file /home/airflow/.local/lib/python3.7/site-packages/airflow/example_dags/example_skip_dag.py for tasks to queue
[2023-01-11T01:25:58.895+0000] {logging_mixin.py:120} INFO - [2023-01-11T01:25:58.895+0000] {dagbag.py:537} INFO - Filling up the DagBag from /home/airflow/.local/lib/python3.7/site-packages/airflow/example_dags/example_skip_dag.py
[2023-01-11T01:25:58.919+0000] {processor.py:766} INFO - DAG(s) dict_keys(['example_skip_dag']) retrieved from /home/airflow/.local/lib/python3.7/site-packages/airflow/example_dags/example_skip_dag.py
[2023-01-11T01:25:58.966+0000] {logging_mixin.py:120} INFO - [2023-01-11T01:25:58.966+0000] {dag.py:2585} INFO - Sync 1 DAGs
[2023-01-11T01:25:58.994+0000] {logging_mixin.py:120} INFO - [2023-01-11T01:25:58.994+0000] {dag.py:3340} INFO - Setting next_dagrun for example_skip_dag to 2023-01-10T01:25:58.994470+00:00, run_after=2023-01-11T01:25:58.994470+00:00
[2023-01-11T01:25:59.017+0000] {processor.py:176} INFO - Processing /home/airflow/.local/lib/python3.7/site-packages/airflow/example_dags/example_skip_dag.py took 0.127 seconds
[2023-01-11T01:26:29.081+0000] {processor.py:154} INFO - Started process (PID=19410) to work on /home/airflow/.local/lib/python3.7/site-packages/airflow/example_dags/example_skip_dag.py
[2023-01-11T01:26:29.083+0000] {processor.py:756} INFO - Processing file /home/airflow/.local/lib/python3.7/site-packages/airflow/example_dags/example_skip_dag.py for tasks to queue
[2023-01-11T01:26:29.085+0000] {logging_mixin.py:120} INFO - [2023-01-11T01:26:29.084+0000] {dagbag.py:537} INFO - Filling up the DagBag from /home/airflow/.local/lib/python3.7/site-packages/airflow/example_dags/example_skip_dag.py
[2023-01-11T01:26:29.140+0000] {processor.py:766} INFO - DAG(s) dict_keys(['example_skip_dag']) retrieved from /home/airflow/.local/lib/python3.7/site-packages/airflow/example_dags/example_skip_dag.py
[2023-01-11T01:26:29.282+0000] {logging_mixin.py:120} INFO - [2023-01-11T01:26:29.282+0000] {dag.py:2585} INFO - Sync 1 DAGs
[2023-01-11T01:26:29.357+0000] {logging_mixin.py:120} INFO - [2023-01-11T01:26:29.357+0000] {dag.py:3340} INFO - Setting next_dagrun for example_skip_dag to 2023-01-10T01:26:29.356731+00:00, run_after=2023-01-11T01:26:29.356731+00:00
[2023-01-11T01:26:29.427+0000] {processor.py:176} INFO - Processing /home/airflow/.local/lib/python3.7/site-packages/airflow/example_dags/example_skip_dag.py took 0.357 seconds
[2023-01-11T01:26:59.744+0000] {processor.py:154} INFO - Started process (PID=19468) to work on /home/airflow/.local/lib/python3.7/site-packages/airflow/example_dags/example_skip_dag.py
[2023-01-11T01:26:59.746+0000] {processor.py:756} INFO - Processing file /home/airflow/.local/lib/python3.7/site-packages/airflow/example_dags/example_skip_dag.py for tasks to queue
[2023-01-11T01:26:59.748+0000] {logging_mixin.py:120} INFO - [2023-01-11T01:26:59.748+0000] {dagbag.py:537} INFO - Filling up the DagBag from /home/airflow/.local/lib/python3.7/site-packages/airflow/example_dags/example_skip_dag.py
[2023-01-11T01:26:59.793+0000] {processor.py:766} INFO - DAG(s) dict_keys(['example_skip_dag']) retrieved from /home/airflow/.local/lib/python3.7/site-packages/airflow/example_dags/example_skip_dag.py
[2023-01-11T01:26:59.850+0000] {logging_mixin.py:120} INFO - [2023-01-11T01:26:59.850+0000] {dag.py:2585} INFO - Sync 1 DAGs
[2023-01-11T01:26:59.882+0000] {logging_mixin.py:120} INFO - [2023-01-11T01:26:59.882+0000] {dag.py:3340} INFO - Setting next_dagrun for example_skip_dag to 2023-01-10T01:26:59.881831+00:00, run_after=2023-01-11T01:26:59.881831+00:00
[2023-01-11T01:26:59.911+0000] {processor.py:176} INFO - Processing /home/airflow/.local/lib/python3.7/site-packages/airflow/example_dags/example_skip_dag.py took 0.171 seconds
[2023-01-11T01:27:30.778+0000] {processor.py:154} INFO - Started process (PID=19535) to work on /home/airflow/.local/lib/python3.7/site-packages/airflow/example_dags/example_skip_dag.py
[2023-01-11T01:27:30.780+0000] {processor.py:756} INFO - Processing file /home/airflow/.local/lib/python3.7/site-packages/airflow/example_dags/example_skip_dag.py for tasks to queue
[2023-01-11T01:27:30.783+0000] {logging_mixin.py:120} INFO - [2023-01-11T01:27:30.782+0000] {dagbag.py:537} INFO - Filling up the DagBag from /home/airflow/.local/lib/python3.7/site-packages/airflow/example_dags/example_skip_dag.py
[2023-01-11T01:27:30.825+0000] {processor.py:766} INFO - DAG(s) dict_keys(['example_skip_dag']) retrieved from /home/airflow/.local/lib/python3.7/site-packages/airflow/example_dags/example_skip_dag.py
[2023-01-11T01:27:30.889+0000] {logging_mixin.py:120} INFO - [2023-01-11T01:27:30.889+0000] {dag.py:2585} INFO - Sync 1 DAGs
[2023-01-11T01:27:30.929+0000] {logging_mixin.py:120} INFO - [2023-01-11T01:27:30.928+0000] {dag.py:3340} INFO - Setting next_dagrun for example_skip_dag to 2023-01-10T01:27:30.928571+00:00, run_after=2023-01-11T01:27:30.928571+00:00
[2023-01-11T01:27:30.957+0000] {processor.py:176} INFO - Processing /home/airflow/.local/lib/python3.7/site-packages/airflow/example_dags/example_skip_dag.py took 0.189 seconds
[2023-01-11T01:28:01.668+0000] {processor.py:154} INFO - Started process (PID=19593) to work on /home/airflow/.local/lib/python3.7/site-packages/airflow/example_dags/example_skip_dag.py
[2023-01-11T01:28:01.670+0000] {processor.py:756} INFO - Processing file /home/airflow/.local/lib/python3.7/site-packages/airflow/example_dags/example_skip_dag.py for tasks to queue
[2023-01-11T01:28:01.673+0000] {logging_mixin.py:120} INFO - [2023-01-11T01:28:01.673+0000] {dagbag.py:537} INFO - Filling up the DagBag from /home/airflow/.local/lib/python3.7/site-packages/airflow/example_dags/example_skip_dag.py
[2023-01-11T01:28:01.703+0000] {processor.py:766} INFO - DAG(s) dict_keys(['example_skip_dag']) retrieved from /home/airflow/.local/lib/python3.7/site-packages/airflow/example_dags/example_skip_dag.py
[2023-01-11T01:28:01.759+0000] {logging_mixin.py:120} INFO - [2023-01-11T01:28:01.759+0000] {dag.py:2585} INFO - Sync 1 DAGs
[2023-01-11T01:28:01.790+0000] {logging_mixin.py:120} INFO - [2023-01-11T01:28:01.790+0000] {dag.py:3340} INFO - Setting next_dagrun for example_skip_dag to 2023-01-10T01:28:01.790297+00:00, run_after=2023-01-11T01:28:01.790297+00:00
[2023-01-11T01:28:01.821+0000] {processor.py:176} INFO - Processing /home/airflow/.local/lib/python3.7/site-packages/airflow/example_dags/example_skip_dag.py took 0.161 seconds
[2023-01-11T01:28:32.289+0000] {processor.py:154} INFO - Started process (PID=19660) to work on /home/airflow/.local/lib/python3.7/site-packages/airflow/example_dags/example_skip_dag.py
[2023-01-11T01:28:32.292+0000] {processor.py:756} INFO - Processing file /home/airflow/.local/lib/python3.7/site-packages/airflow/example_dags/example_skip_dag.py for tasks to queue
[2023-01-11T01:28:32.295+0000] {logging_mixin.py:120} INFO - [2023-01-11T01:28:32.294+0000] {dagbag.py:537} INFO - Filling up the DagBag from /home/airflow/.local/lib/python3.7/site-packages/airflow/example_dags/example_skip_dag.py
[2023-01-11T01:28:32.325+0000] {processor.py:766} INFO - DAG(s) dict_keys(['example_skip_dag']) retrieved from /home/airflow/.local/lib/python3.7/site-packages/airflow/example_dags/example_skip_dag.py
[2023-01-11T01:28:32.404+0000] {logging_mixin.py:120} INFO - [2023-01-11T01:28:32.403+0000] {dag.py:2585} INFO - Sync 1 DAGs
[2023-01-11T01:28:32.446+0000] {logging_mixin.py:120} INFO - [2023-01-11T01:28:32.446+0000] {dag.py:3340} INFO - Setting next_dagrun for example_skip_dag to 2023-01-10T01:28:32.445836+00:00, run_after=2023-01-11T01:28:32.445836+00:00
[2023-01-11T01:28:32.481+0000] {processor.py:176} INFO - Processing /home/airflow/.local/lib/python3.7/site-packages/airflow/example_dags/example_skip_dag.py took 0.201 seconds
[2023-01-11T01:29:02.790+0000] {processor.py:154} INFO - Started process (PID=19725) to work on /home/airflow/.local/lib/python3.7/site-packages/airflow/example_dags/example_skip_dag.py
[2023-01-11T01:29:02.792+0000] {processor.py:756} INFO - Processing file /home/airflow/.local/lib/python3.7/site-packages/airflow/example_dags/example_skip_dag.py for tasks to queue
[2023-01-11T01:29:02.794+0000] {logging_mixin.py:120} INFO - [2023-01-11T01:29:02.794+0000] {dagbag.py:537} INFO - Filling up the DagBag from /home/airflow/.local/lib/python3.7/site-packages/airflow/example_dags/example_skip_dag.py
[2023-01-11T01:29:02.832+0000] {processor.py:766} INFO - DAG(s) dict_keys(['example_skip_dag']) retrieved from /home/airflow/.local/lib/python3.7/site-packages/airflow/example_dags/example_skip_dag.py
[2023-01-11T01:29:02.916+0000] {logging_mixin.py:120} INFO - [2023-01-11T01:29:02.916+0000] {dag.py:2585} INFO - Sync 1 DAGs
[2023-01-11T01:29:02.951+0000] {logging_mixin.py:120} INFO - [2023-01-11T01:29:02.951+0000] {dag.py:3340} INFO - Setting next_dagrun for example_skip_dag to 2023-01-10T01:29:02.951025+00:00, run_after=2023-01-11T01:29:02.951025+00:00
[2023-01-11T01:29:02.988+0000] {processor.py:176} INFO - Processing /home/airflow/.local/lib/python3.7/site-packages/airflow/example_dags/example_skip_dag.py took 0.204 seconds
[2023-01-11T01:29:33.812+0000] {processor.py:154} INFO - Started process (PID=19784) to work on /home/airflow/.local/lib/python3.7/site-packages/airflow/example_dags/example_skip_dag.py
[2023-01-11T01:29:33.815+0000] {processor.py:756} INFO - Processing file /home/airflow/.local/lib/python3.7/site-packages/airflow/example_dags/example_skip_dag.py for tasks to queue
[2023-01-11T01:29:33.817+0000] {logging_mixin.py:120} INFO - [2023-01-11T01:29:33.816+0000] {dagbag.py:537} INFO - Filling up the DagBag from /home/airflow/.local/lib/python3.7/site-packages/airflow/example_dags/example_skip_dag.py
[2023-01-11T01:29:33.840+0000] {processor.py:766} INFO - DAG(s) dict_keys(['example_skip_dag']) retrieved from /home/airflow/.local/lib/python3.7/site-packages/airflow/example_dags/example_skip_dag.py
[2023-01-11T01:29:33.924+0000] {logging_mixin.py:120} INFO - [2023-01-11T01:29:33.924+0000] {dag.py:2585} INFO - Sync 1 DAGs
[2023-01-11T01:29:33.984+0000] {logging_mixin.py:120} INFO - [2023-01-11T01:29:33.984+0000] {dag.py:3340} INFO - Setting next_dagrun for example_skip_dag to 2023-01-10T01:29:33.983560+00:00, run_after=2023-01-11T01:29:33.983560+00:00
[2023-01-11T01:29:34.017+0000] {processor.py:176} INFO - Processing /home/airflow/.local/lib/python3.7/site-packages/airflow/example_dags/example_skip_dag.py took 0.212 seconds
[2023-01-11T01:30:04.669+0000] {processor.py:154} INFO - Started process (PID=19851) to work on /home/airflow/.local/lib/python3.7/site-packages/airflow/example_dags/example_skip_dag.py
[2023-01-11T01:30:04.671+0000] {processor.py:756} INFO - Processing file /home/airflow/.local/lib/python3.7/site-packages/airflow/example_dags/example_skip_dag.py for tasks to queue
[2023-01-11T01:30:04.672+0000] {logging_mixin.py:120} INFO - [2023-01-11T01:30:04.672+0000] {dagbag.py:537} INFO - Filling up the DagBag from /home/airflow/.local/lib/python3.7/site-packages/airflow/example_dags/example_skip_dag.py
[2023-01-11T01:30:04.695+0000] {processor.py:766} INFO - DAG(s) dict_keys(['example_skip_dag']) retrieved from /home/airflow/.local/lib/python3.7/site-packages/airflow/example_dags/example_skip_dag.py
[2023-01-11T01:30:04.753+0000] {logging_mixin.py:120} INFO - [2023-01-11T01:30:04.753+0000] {dag.py:2585} INFO - Sync 1 DAGs
[2023-01-11T01:30:04.794+0000] {logging_mixin.py:120} INFO - [2023-01-11T01:30:04.794+0000] {dag.py:3340} INFO - Setting next_dagrun for example_skip_dag to 2023-01-10T01:30:04.794047+00:00, run_after=2023-01-11T01:30:04.794047+00:00
[2023-01-11T01:30:04.822+0000] {processor.py:176} INFO - Processing /home/airflow/.local/lib/python3.7/site-packages/airflow/example_dags/example_skip_dag.py took 0.158 seconds
[2023-01-11T01:30:35.220+0000] {processor.py:154} INFO - Started process (PID=19909) to work on /home/airflow/.local/lib/python3.7/site-packages/airflow/example_dags/example_skip_dag.py
[2023-01-11T01:30:35.222+0000] {processor.py:756} INFO - Processing file /home/airflow/.local/lib/python3.7/site-packages/airflow/example_dags/example_skip_dag.py for tasks to queue
[2023-01-11T01:30:35.224+0000] {logging_mixin.py:120} INFO - [2023-01-11T01:30:35.224+0000] {dagbag.py:537} INFO - Filling up the DagBag from /home/airflow/.local/lib/python3.7/site-packages/airflow/example_dags/example_skip_dag.py
[2023-01-11T01:30:35.254+0000] {processor.py:766} INFO - DAG(s) dict_keys(['example_skip_dag']) retrieved from /home/airflow/.local/lib/python3.7/site-packages/airflow/example_dags/example_skip_dag.py
[2023-01-11T01:30:35.356+0000] {logging_mixin.py:120} INFO - [2023-01-11T01:30:35.356+0000] {dag.py:2585} INFO - Sync 1 DAGs
[2023-01-11T01:30:35.417+0000] {logging_mixin.py:120} INFO - [2023-01-11T01:30:35.416+0000] {dag.py:3340} INFO - Setting next_dagrun for example_skip_dag to 2023-01-10T01:30:35.416302+00:00, run_after=2023-01-11T01:30:35.416302+00:00
[2023-01-11T01:30:35.482+0000] {processor.py:176} INFO - Processing /home/airflow/.local/lib/python3.7/site-packages/airflow/example_dags/example_skip_dag.py took 0.268 seconds
[2023-01-11T01:31:05.697+0000] {processor.py:154} INFO - Started process (PID=19976) to work on /home/airflow/.local/lib/python3.7/site-packages/airflow/example_dags/example_skip_dag.py
[2023-01-11T01:31:05.698+0000] {processor.py:756} INFO - Processing file /home/airflow/.local/lib/python3.7/site-packages/airflow/example_dags/example_skip_dag.py for tasks to queue
[2023-01-11T01:31:05.700+0000] {logging_mixin.py:120} INFO - [2023-01-11T01:31:05.699+0000] {dagbag.py:537} INFO - Filling up the DagBag from /home/airflow/.local/lib/python3.7/site-packages/airflow/example_dags/example_skip_dag.py
[2023-01-11T01:31:05.729+0000] {processor.py:766} INFO - DAG(s) dict_keys(['example_skip_dag']) retrieved from /home/airflow/.local/lib/python3.7/site-packages/airflow/example_dags/example_skip_dag.py
[2023-01-11T01:31:05.777+0000] {logging_mixin.py:120} INFO - [2023-01-11T01:31:05.777+0000] {dag.py:2585} INFO - Sync 1 DAGs
[2023-01-11T01:31:05.817+0000] {logging_mixin.py:120} INFO - [2023-01-11T01:31:05.817+0000] {dag.py:3340} INFO - Setting next_dagrun for example_skip_dag to 2023-01-10T01:31:05.817210+00:00, run_after=2023-01-11T01:31:05.817210+00:00
[2023-01-11T01:31:05.839+0000] {processor.py:176} INFO - Processing /home/airflow/.local/lib/python3.7/site-packages/airflow/example_dags/example_skip_dag.py took 0.148 seconds
[2023-01-11T01:31:36.756+0000] {processor.py:154} INFO - Started process (PID=20034) to work on /home/airflow/.local/lib/python3.7/site-packages/airflow/example_dags/example_skip_dag.py
[2023-01-11T01:31:36.757+0000] {processor.py:756} INFO - Processing file /home/airflow/.local/lib/python3.7/site-packages/airflow/example_dags/example_skip_dag.py for tasks to queue
[2023-01-11T01:31:36.763+0000] {logging_mixin.py:120} INFO - [2023-01-11T01:31:36.761+0000] {dagbag.py:537} INFO - Filling up the DagBag from /home/airflow/.local/lib/python3.7/site-packages/airflow/example_dags/example_skip_dag.py
[2023-01-11T01:31:36.796+0000] {processor.py:766} INFO - DAG(s) dict_keys(['example_skip_dag']) retrieved from /home/airflow/.local/lib/python3.7/site-packages/airflow/example_dags/example_skip_dag.py
[2023-01-11T01:31:36.990+0000] {logging_mixin.py:120} INFO - [2023-01-11T01:31:36.990+0000] {dag.py:2585} INFO - Sync 1 DAGs
[2023-01-11T01:31:37.038+0000] {logging_mixin.py:120} INFO - [2023-01-11T01:31:37.038+0000] {dag.py:3340} INFO - Setting next_dagrun for example_skip_dag to 2023-01-10T01:31:37.038163+00:00, run_after=2023-01-11T01:31:37.038163+00:00
[2023-01-11T01:31:37.079+0000] {processor.py:176} INFO - Processing /home/airflow/.local/lib/python3.7/site-packages/airflow/example_dags/example_skip_dag.py took 0.328 seconds
[2023-01-11T01:32:07.253+0000] {processor.py:154} INFO - Started process (PID=20100) to work on /home/airflow/.local/lib/python3.7/site-packages/airflow/example_dags/example_skip_dag.py
[2023-01-11T01:32:07.254+0000] {processor.py:756} INFO - Processing file /home/airflow/.local/lib/python3.7/site-packages/airflow/example_dags/example_skip_dag.py for tasks to queue
[2023-01-11T01:32:07.256+0000] {logging_mixin.py:120} INFO - [2023-01-11T01:32:07.256+0000] {dagbag.py:537} INFO - Filling up the DagBag from /home/airflow/.local/lib/python3.7/site-packages/airflow/example_dags/example_skip_dag.py
[2023-01-11T01:32:07.283+0000] {processor.py:766} INFO - DAG(s) dict_keys(['example_skip_dag']) retrieved from /home/airflow/.local/lib/python3.7/site-packages/airflow/example_dags/example_skip_dag.py
[2023-01-11T01:32:07.360+0000] {logging_mixin.py:120} INFO - [2023-01-11T01:32:07.359+0000] {dag.py:2585} INFO - Sync 1 DAGs
[2023-01-11T01:32:07.411+0000] {logging_mixin.py:120} INFO - [2023-01-11T01:32:07.410+0000] {dag.py:3340} INFO - Setting next_dagrun for example_skip_dag to 2023-01-10T01:32:07.410350+00:00, run_after=2023-01-11T01:32:07.410350+00:00
[2023-01-11T01:32:07.446+0000] {processor.py:176} INFO - Processing /home/airflow/.local/lib/python3.7/site-packages/airflow/example_dags/example_skip_dag.py took 0.198 seconds
[2023-01-11T01:32:37.595+0000] {processor.py:154} INFO - Started process (PID=20157) to work on /home/airflow/.local/lib/python3.7/site-packages/airflow/example_dags/example_skip_dag.py
[2023-01-11T01:32:37.596+0000] {processor.py:756} INFO - Processing file /home/airflow/.local/lib/python3.7/site-packages/airflow/example_dags/example_skip_dag.py for tasks to queue
[2023-01-11T01:32:37.597+0000] {logging_mixin.py:120} INFO - [2023-01-11T01:32:37.597+0000] {dagbag.py:537} INFO - Filling up the DagBag from /home/airflow/.local/lib/python3.7/site-packages/airflow/example_dags/example_skip_dag.py
[2023-01-11T01:32:37.614+0000] {processor.py:766} INFO - DAG(s) dict_keys(['example_skip_dag']) retrieved from /home/airflow/.local/lib/python3.7/site-packages/airflow/example_dags/example_skip_dag.py
[2023-01-11T01:32:37.670+0000] {logging_mixin.py:120} INFO - [2023-01-11T01:32:37.670+0000] {dag.py:2585} INFO - Sync 1 DAGs
[2023-01-11T01:32:37.697+0000] {logging_mixin.py:120} INFO - [2023-01-11T01:32:37.697+0000] {dag.py:3340} INFO - Setting next_dagrun for example_skip_dag to 2023-01-10T01:32:37.697151+00:00, run_after=2023-01-11T01:32:37.697151+00:00
[2023-01-11T01:32:37.720+0000] {processor.py:176} INFO - Processing /home/airflow/.local/lib/python3.7/site-packages/airflow/example_dags/example_skip_dag.py took 0.129 seconds
[2023-01-11T01:33:08.086+0000] {processor.py:154} INFO - Started process (PID=20224) to work on /home/airflow/.local/lib/python3.7/site-packages/airflow/example_dags/example_skip_dag.py
[2023-01-11T01:33:08.087+0000] {processor.py:756} INFO - Processing file /home/airflow/.local/lib/python3.7/site-packages/airflow/example_dags/example_skip_dag.py for tasks to queue
[2023-01-11T01:33:08.087+0000] {logging_mixin.py:120} INFO - [2023-01-11T01:33:08.087+0000] {dagbag.py:537} INFO - Filling up the DagBag from /home/airflow/.local/lib/python3.7/site-packages/airflow/example_dags/example_skip_dag.py
[2023-01-11T01:33:08.108+0000] {processor.py:766} INFO - DAG(s) dict_keys(['example_skip_dag']) retrieved from /home/airflow/.local/lib/python3.7/site-packages/airflow/example_dags/example_skip_dag.py
[2023-01-11T01:33:08.155+0000] {logging_mixin.py:120} INFO - [2023-01-11T01:33:08.155+0000] {dag.py:2585} INFO - Sync 1 DAGs
[2023-01-11T01:33:08.181+0000] {logging_mixin.py:120} INFO - [2023-01-11T01:33:08.181+0000] {dag.py:3340} INFO - Setting next_dagrun for example_skip_dag to 2023-01-10T01:33:08.181279+00:00, run_after=2023-01-11T01:33:08.181279+00:00
[2023-01-11T01:33:08.204+0000] {processor.py:176} INFO - Processing /home/airflow/.local/lib/python3.7/site-packages/airflow/example_dags/example_skip_dag.py took 0.123 seconds
[2023-01-11T01:33:38.746+0000] {processor.py:154} INFO - Started process (PID=20282) to work on /home/airflow/.local/lib/python3.7/site-packages/airflow/example_dags/example_skip_dag.py
[2023-01-11T01:33:38.747+0000] {processor.py:756} INFO - Processing file /home/airflow/.local/lib/python3.7/site-packages/airflow/example_dags/example_skip_dag.py for tasks to queue
[2023-01-11T01:33:38.750+0000] {logging_mixin.py:120} INFO - [2023-01-11T01:33:38.749+0000] {dagbag.py:537} INFO - Filling up the DagBag from /home/airflow/.local/lib/python3.7/site-packages/airflow/example_dags/example_skip_dag.py
[2023-01-11T01:33:38.775+0000] {processor.py:766} INFO - DAG(s) dict_keys(['example_skip_dag']) retrieved from /home/airflow/.local/lib/python3.7/site-packages/airflow/example_dags/example_skip_dag.py
[2023-01-11T01:33:38.852+0000] {logging_mixin.py:120} INFO - [2023-01-11T01:33:38.852+0000] {dag.py:2585} INFO - Sync 1 DAGs
[2023-01-11T01:33:38.925+0000] {logging_mixin.py:120} INFO - [2023-01-11T01:33:38.924+0000] {dag.py:3340} INFO - Setting next_dagrun for example_skip_dag to 2023-01-10T01:33:38.923447+00:00, run_after=2023-01-11T01:33:38.923447+00:00
[2023-01-11T01:33:38.986+0000] {processor.py:176} INFO - Processing /home/airflow/.local/lib/python3.7/site-packages/airflow/example_dags/example_skip_dag.py took 0.246 seconds
[2023-01-11T01:34:09.332+0000] {processor.py:154} INFO - Started process (PID=20349) to work on /home/airflow/.local/lib/python3.7/site-packages/airflow/example_dags/example_skip_dag.py
[2023-01-11T01:34:09.333+0000] {processor.py:756} INFO - Processing file /home/airflow/.local/lib/python3.7/site-packages/airflow/example_dags/example_skip_dag.py for tasks to queue
[2023-01-11T01:34:09.334+0000] {logging_mixin.py:120} INFO - [2023-01-11T01:34:09.334+0000] {dagbag.py:537} INFO - Filling up the DagBag from /home/airflow/.local/lib/python3.7/site-packages/airflow/example_dags/example_skip_dag.py
[2023-01-11T01:34:09.351+0000] {processor.py:766} INFO - DAG(s) dict_keys(['example_skip_dag']) retrieved from /home/airflow/.local/lib/python3.7/site-packages/airflow/example_dags/example_skip_dag.py
[2023-01-11T01:34:09.394+0000] {logging_mixin.py:120} INFO - [2023-01-11T01:34:09.393+0000] {dag.py:2585} INFO - Sync 1 DAGs
[2023-01-11T01:34:09.423+0000] {logging_mixin.py:120} INFO - [2023-01-11T01:34:09.423+0000] {dag.py:3340} INFO - Setting next_dagrun for example_skip_dag to 2023-01-10T01:34:09.423516+00:00, run_after=2023-01-11T01:34:09.423516+00:00
[2023-01-11T01:34:09.444+0000] {processor.py:176} INFO - Processing /home/airflow/.local/lib/python3.7/site-packages/airflow/example_dags/example_skip_dag.py took 0.116 seconds
[2023-01-11T01:34:39.833+0000] {processor.py:154} INFO - Started process (PID=20407) to work on /home/airflow/.local/lib/python3.7/site-packages/airflow/example_dags/example_skip_dag.py
[2023-01-11T01:34:39.833+0000] {processor.py:756} INFO - Processing file /home/airflow/.local/lib/python3.7/site-packages/airflow/example_dags/example_skip_dag.py for tasks to queue
[2023-01-11T01:34:39.834+0000] {logging_mixin.py:120} INFO - [2023-01-11T01:34:39.834+0000] {dagbag.py:537} INFO - Filling up the DagBag from /home/airflow/.local/lib/python3.7/site-packages/airflow/example_dags/example_skip_dag.py
[2023-01-11T01:34:39.849+0000] {processor.py:766} INFO - DAG(s) dict_keys(['example_skip_dag']) retrieved from /home/airflow/.local/lib/python3.7/site-packages/airflow/example_dags/example_skip_dag.py
[2023-01-11T01:34:39.897+0000] {logging_mixin.py:120} INFO - [2023-01-11T01:34:39.897+0000] {dag.py:2585} INFO - Sync 1 DAGs
[2023-01-11T01:34:39.940+0000] {logging_mixin.py:120} INFO - [2023-01-11T01:34:39.939+0000] {dag.py:3340} INFO - Setting next_dagrun for example_skip_dag to 2023-01-10T01:34:39.939362+00:00, run_after=2023-01-11T01:34:39.939362+00:00
[2023-01-11T01:34:39.990+0000] {processor.py:176} INFO - Processing /home/airflow/.local/lib/python3.7/site-packages/airflow/example_dags/example_skip_dag.py took 0.161 seconds
[2023-01-11T01:35:10.656+0000] {processor.py:154} INFO - Started process (PID=20475) to work on /home/airflow/.local/lib/python3.7/site-packages/airflow/example_dags/example_skip_dag.py
[2023-01-11T01:35:10.657+0000] {processor.py:756} INFO - Processing file /home/airflow/.local/lib/python3.7/site-packages/airflow/example_dags/example_skip_dag.py for tasks to queue
[2023-01-11T01:35:10.658+0000] {logging_mixin.py:120} INFO - [2023-01-11T01:35:10.658+0000] {dagbag.py:537} INFO - Filling up the DagBag from /home/airflow/.local/lib/python3.7/site-packages/airflow/example_dags/example_skip_dag.py
[2023-01-11T01:35:10.672+0000] {processor.py:766} INFO - DAG(s) dict_keys(['example_skip_dag']) retrieved from /home/airflow/.local/lib/python3.7/site-packages/airflow/example_dags/example_skip_dag.py
[2023-01-11T01:35:10.717+0000] {logging_mixin.py:120} INFO - [2023-01-11T01:35:10.716+0000] {dag.py:2585} INFO - Sync 1 DAGs
[2023-01-11T01:35:10.743+0000] {logging_mixin.py:120} INFO - [2023-01-11T01:35:10.743+0000] {dag.py:3340} INFO - Setting next_dagrun for example_skip_dag to 2023-01-10T01:35:10.743263+00:00, run_after=2023-01-11T01:35:10.743263+00:00
[2023-01-11T01:35:10.767+0000] {processor.py:176} INFO - Processing /home/airflow/.local/lib/python3.7/site-packages/airflow/example_dags/example_skip_dag.py took 0.114 seconds
[2023-01-11T01:35:41.171+0000] {processor.py:154} INFO - Started process (PID=20543) to work on /home/airflow/.local/lib/python3.7/site-packages/airflow/example_dags/example_skip_dag.py
[2023-01-11T01:35:41.172+0000] {processor.py:756} INFO - Processing file /home/airflow/.local/lib/python3.7/site-packages/airflow/example_dags/example_skip_dag.py for tasks to queue
[2023-01-11T01:35:41.173+0000] {logging_mixin.py:120} INFO - [2023-01-11T01:35:41.173+0000] {dagbag.py:537} INFO - Filling up the DagBag from /home/airflow/.local/lib/python3.7/site-packages/airflow/example_dags/example_skip_dag.py
[2023-01-11T01:35:41.197+0000] {processor.py:766} INFO - DAG(s) dict_keys(['example_skip_dag']) retrieved from /home/airflow/.local/lib/python3.7/site-packages/airflow/example_dags/example_skip_dag.py
[2023-01-11T01:35:41.260+0000] {logging_mixin.py:120} INFO - [2023-01-11T01:35:41.259+0000] {dag.py:2585} INFO - Sync 1 DAGs
[2023-01-11T01:35:41.303+0000] {logging_mixin.py:120} INFO - [2023-01-11T01:35:41.303+0000] {dag.py:3340} INFO - Setting next_dagrun for example_skip_dag to 2023-01-10T01:35:41.302745+00:00, run_after=2023-01-11T01:35:41.302745+00:00
[2023-01-11T01:35:41.339+0000] {processor.py:176} INFO - Processing /home/airflow/.local/lib/python3.7/site-packages/airflow/example_dags/example_skip_dag.py took 0.172 seconds
[2023-01-11T01:36:11.830+0000] {processor.py:154} INFO - Started process (PID=20601) to work on /home/airflow/.local/lib/python3.7/site-packages/airflow/example_dags/example_skip_dag.py
[2023-01-11T01:36:11.831+0000] {processor.py:756} INFO - Processing file /home/airflow/.local/lib/python3.7/site-packages/airflow/example_dags/example_skip_dag.py for tasks to queue
[2023-01-11T01:36:11.833+0000] {logging_mixin.py:120} INFO - [2023-01-11T01:36:11.833+0000] {dagbag.py:537} INFO - Filling up the DagBag from /home/airflow/.local/lib/python3.7/site-packages/airflow/example_dags/example_skip_dag.py
[2023-01-11T01:36:11.859+0000] {processor.py:766} INFO - DAG(s) dict_keys(['example_skip_dag']) retrieved from /home/airflow/.local/lib/python3.7/site-packages/airflow/example_dags/example_skip_dag.py
[2023-01-11T01:36:11.912+0000] {logging_mixin.py:120} INFO - [2023-01-11T01:36:11.912+0000] {dag.py:2585} INFO - Sync 1 DAGs
[2023-01-11T01:36:11.957+0000] {logging_mixin.py:120} INFO - [2023-01-11T01:36:11.956+0000] {dag.py:3340} INFO - Setting next_dagrun for example_skip_dag to 2023-01-10T01:36:11.956476+00:00, run_after=2023-01-11T01:36:11.956476+00:00
[2023-01-11T01:36:11.994+0000] {processor.py:176} INFO - Processing /home/airflow/.local/lib/python3.7/site-packages/airflow/example_dags/example_skip_dag.py took 0.168 seconds
[2023-01-11T01:36:42.337+0000] {processor.py:154} INFO - Started process (PID=20668) to work on /home/airflow/.local/lib/python3.7/site-packages/airflow/example_dags/example_skip_dag.py
[2023-01-11T01:36:42.338+0000] {processor.py:756} INFO - Processing file /home/airflow/.local/lib/python3.7/site-packages/airflow/example_dags/example_skip_dag.py for tasks to queue
[2023-01-11T01:36:42.339+0000] {logging_mixin.py:120} INFO - [2023-01-11T01:36:42.339+0000] {dagbag.py:537} INFO - Filling up the DagBag from /home/airflow/.local/lib/python3.7/site-packages/airflow/example_dags/example_skip_dag.py
[2023-01-11T01:36:42.355+0000] {processor.py:766} INFO - DAG(s) dict_keys(['example_skip_dag']) retrieved from /home/airflow/.local/lib/python3.7/site-packages/airflow/example_dags/example_skip_dag.py
[2023-01-11T01:36:42.398+0000] {logging_mixin.py:120} INFO - [2023-01-11T01:36:42.397+0000] {dag.py:2585} INFO - Sync 1 DAGs
[2023-01-11T01:36:42.424+0000] {logging_mixin.py:120} INFO - [2023-01-11T01:36:42.424+0000] {dag.py:3340} INFO - Setting next_dagrun for example_skip_dag to 2023-01-10T01:36:42.423848+00:00, run_after=2023-01-11T01:36:42.423848+00:00
[2023-01-11T01:36:42.449+0000] {processor.py:176} INFO - Processing /home/airflow/.local/lib/python3.7/site-packages/airflow/example_dags/example_skip_dag.py took 0.115 seconds
[2023-01-11T01:37:13.203+0000] {processor.py:154} INFO - Started process (PID=20726) to work on /home/airflow/.local/lib/python3.7/site-packages/airflow/example_dags/example_skip_dag.py
[2023-01-11T01:37:13.204+0000] {processor.py:756} INFO - Processing file /home/airflow/.local/lib/python3.7/site-packages/airflow/example_dags/example_skip_dag.py for tasks to queue
[2023-01-11T01:37:13.205+0000] {logging_mixin.py:120} INFO - [2023-01-11T01:37:13.204+0000] {dagbag.py:537} INFO - Filling up the DagBag from /home/airflow/.local/lib/python3.7/site-packages/airflow/example_dags/example_skip_dag.py
[2023-01-11T01:37:13.220+0000] {processor.py:766} INFO - DAG(s) dict_keys(['example_skip_dag']) retrieved from /home/airflow/.local/lib/python3.7/site-packages/airflow/example_dags/example_skip_dag.py
[2023-01-11T01:37:13.264+0000] {logging_mixin.py:120} INFO - [2023-01-11T01:37:13.264+0000] {dag.py:2585} INFO - Sync 1 DAGs
[2023-01-11T01:37:13.292+0000] {logging_mixin.py:120} INFO - [2023-01-11T01:37:13.291+0000] {dag.py:3340} INFO - Setting next_dagrun for example_skip_dag to 2023-01-10T01:37:13.291545+00:00, run_after=2023-01-11T01:37:13.291545+00:00
[2023-01-11T01:37:13.314+0000] {processor.py:176} INFO - Processing /home/airflow/.local/lib/python3.7/site-packages/airflow/example_dags/example_skip_dag.py took 0.115 seconds
[2023-01-11T01:37:44.377+0000] {processor.py:154} INFO - Started process (PID=20794) to work on /home/airflow/.local/lib/python3.7/site-packages/airflow/example_dags/example_skip_dag.py
[2023-01-11T01:37:44.378+0000] {processor.py:756} INFO - Processing file /home/airflow/.local/lib/python3.7/site-packages/airflow/example_dags/example_skip_dag.py for tasks to queue
[2023-01-11T01:37:44.379+0000] {logging_mixin.py:120} INFO - [2023-01-11T01:37:44.379+0000] {dagbag.py:537} INFO - Filling up the DagBag from /home/airflow/.local/lib/python3.7/site-packages/airflow/example_dags/example_skip_dag.py
[2023-01-11T01:37:44.411+0000] {processor.py:766} INFO - DAG(s) dict_keys(['example_skip_dag']) retrieved from /home/airflow/.local/lib/python3.7/site-packages/airflow/example_dags/example_skip_dag.py
[2023-01-11T01:37:44.474+0000] {logging_mixin.py:120} INFO - [2023-01-11T01:37:44.474+0000] {dag.py:2585} INFO - Sync 1 DAGs
[2023-01-11T01:37:44.507+0000] {logging_mixin.py:120} INFO - [2023-01-11T01:37:44.507+0000] {dag.py:3340} INFO - Setting next_dagrun for example_skip_dag to 2023-01-10T01:37:44.507465+00:00, run_after=2023-01-11T01:37:44.507465+00:00
[2023-01-11T01:37:44.529+0000] {processor.py:176} INFO - Processing /home/airflow/.local/lib/python3.7/site-packages/airflow/example_dags/example_skip_dag.py took 0.156 seconds
[2023-01-11T01:38:14.794+0000] {processor.py:154} INFO - Started process (PID=20853) to work on /home/airflow/.local/lib/python3.7/site-packages/airflow/example_dags/example_skip_dag.py
[2023-01-11T01:38:14.796+0000] {processor.py:756} INFO - Processing file /home/airflow/.local/lib/python3.7/site-packages/airflow/example_dags/example_skip_dag.py for tasks to queue
[2023-01-11T01:38:14.797+0000] {logging_mixin.py:120} INFO - [2023-01-11T01:38:14.797+0000] {dagbag.py:537} INFO - Filling up the DagBag from /home/airflow/.local/lib/python3.7/site-packages/airflow/example_dags/example_skip_dag.py
[2023-01-11T01:38:14.823+0000] {processor.py:766} INFO - DAG(s) dict_keys(['example_skip_dag']) retrieved from /home/airflow/.local/lib/python3.7/site-packages/airflow/example_dags/example_skip_dag.py
[2023-01-11T01:38:14.898+0000] {logging_mixin.py:120} INFO - [2023-01-11T01:38:14.898+0000] {dag.py:2585} INFO - Sync 1 DAGs
[2023-01-11T01:38:14.941+0000] {logging_mixin.py:120} INFO - [2023-01-11T01:38:14.941+0000] {dag.py:3340} INFO - Setting next_dagrun for example_skip_dag to 2023-01-10T01:38:14.941181+00:00, run_after=2023-01-11T01:38:14.941181+00:00
[2023-01-11T01:38:14.979+0000] {processor.py:176} INFO - Processing /home/airflow/.local/lib/python3.7/site-packages/airflow/example_dags/example_skip_dag.py took 0.190 seconds
[2023-01-11T01:38:45.543+0000] {processor.py:154} INFO - Started process (PID=20921) to work on /home/airflow/.local/lib/python3.7/site-packages/airflow/example_dags/example_skip_dag.py
[2023-01-11T01:38:45.544+0000] {processor.py:756} INFO - Processing file /home/airflow/.local/lib/python3.7/site-packages/airflow/example_dags/example_skip_dag.py for tasks to queue
[2023-01-11T01:38:45.546+0000] {logging_mixin.py:120} INFO - [2023-01-11T01:38:45.545+0000] {dagbag.py:537} INFO - Filling up the DagBag from /home/airflow/.local/lib/python3.7/site-packages/airflow/example_dags/example_skip_dag.py
[2023-01-11T01:38:45.569+0000] {processor.py:766} INFO - DAG(s) dict_keys(['example_skip_dag']) retrieved from /home/airflow/.local/lib/python3.7/site-packages/airflow/example_dags/example_skip_dag.py
[2023-01-11T01:38:45.621+0000] {logging_mixin.py:120} INFO - [2023-01-11T01:38:45.621+0000] {dag.py:2585} INFO - Sync 1 DAGs
[2023-01-11T01:38:45.652+0000] {logging_mixin.py:120} INFO - [2023-01-11T01:38:45.652+0000] {dag.py:3340} INFO - Setting next_dagrun for example_skip_dag to 2023-01-10T01:38:45.652109+00:00, run_after=2023-01-11T01:38:45.652109+00:00
[2023-01-11T01:38:45.678+0000] {processor.py:176} INFO - Processing /home/airflow/.local/lib/python3.7/site-packages/airflow/example_dags/example_skip_dag.py took 0.139 seconds
[2023-01-11T01:39:16.062+0000] {processor.py:154} INFO - Started process (PID=20988) to work on /home/airflow/.local/lib/python3.7/site-packages/airflow/example_dags/example_skip_dag.py
[2023-01-11T01:39:16.064+0000] {processor.py:756} INFO - Processing file /home/airflow/.local/lib/python3.7/site-packages/airflow/example_dags/example_skip_dag.py for tasks to queue
[2023-01-11T01:39:16.066+0000] {logging_mixin.py:120} INFO - [2023-01-11T01:39:16.066+0000] {dagbag.py:537} INFO - Filling up the DagBag from /home/airflow/.local/lib/python3.7/site-packages/airflow/example_dags/example_skip_dag.py
[2023-01-11T01:39:16.094+0000] {processor.py:766} INFO - DAG(s) dict_keys(['example_skip_dag']) retrieved from /home/airflow/.local/lib/python3.7/site-packages/airflow/example_dags/example_skip_dag.py
[2023-01-11T01:39:16.168+0000] {logging_mixin.py:120} INFO - [2023-01-11T01:39:16.168+0000] {dag.py:2585} INFO - Sync 1 DAGs
[2023-01-11T01:39:16.194+0000] {logging_mixin.py:120} INFO - [2023-01-11T01:39:16.194+0000] {dag.py:3340} INFO - Setting next_dagrun for example_skip_dag to 2023-01-10T01:39:16.194064+00:00, run_after=2023-01-11T01:39:16.194064+00:00
[2023-01-11T01:39:16.215+0000] {processor.py:176} INFO - Processing /home/airflow/.local/lib/python3.7/site-packages/airflow/example_dags/example_skip_dag.py took 0.158 seconds
[2023-01-11T01:39:47.083+0000] {processor.py:154} INFO - Started process (PID=21046) to work on /home/airflow/.local/lib/python3.7/site-packages/airflow/example_dags/example_skip_dag.py
[2023-01-11T01:39:47.085+0000] {processor.py:756} INFO - Processing file /home/airflow/.local/lib/python3.7/site-packages/airflow/example_dags/example_skip_dag.py for tasks to queue
[2023-01-11T01:39:47.088+0000] {logging_mixin.py:120} INFO - [2023-01-11T01:39:47.087+0000] {dagbag.py:537} INFO - Filling up the DagBag from /home/airflow/.local/lib/python3.7/site-packages/airflow/example_dags/example_skip_dag.py
[2023-01-11T01:39:47.117+0000] {processor.py:766} INFO - DAG(s) dict_keys(['example_skip_dag']) retrieved from /home/airflow/.local/lib/python3.7/site-packages/airflow/example_dags/example_skip_dag.py
[2023-01-11T01:39:47.166+0000] {logging_mixin.py:120} INFO - [2023-01-11T01:39:47.166+0000] {dag.py:2585} INFO - Sync 1 DAGs
[2023-01-11T01:39:47.194+0000] {logging_mixin.py:120} INFO - [2023-01-11T01:39:47.194+0000] {dag.py:3340} INFO - Setting next_dagrun for example_skip_dag to 2023-01-10T01:39:47.193919+00:00, run_after=2023-01-11T01:39:47.193919+00:00
[2023-01-11T01:39:47.221+0000] {processor.py:176} INFO - Processing /home/airflow/.local/lib/python3.7/site-packages/airflow/example_dags/example_skip_dag.py took 0.146 seconds
[2023-01-11T01:40:18.026+0000] {processor.py:154} INFO - Started process (PID=21113) to work on /home/airflow/.local/lib/python3.7/site-packages/airflow/example_dags/example_skip_dag.py
[2023-01-11T01:40:18.027+0000] {processor.py:756} INFO - Processing file /home/airflow/.local/lib/python3.7/site-packages/airflow/example_dags/example_skip_dag.py for tasks to queue
[2023-01-11T01:40:18.027+0000] {logging_mixin.py:120} INFO - [2023-01-11T01:40:18.027+0000] {dagbag.py:537} INFO - Filling up the DagBag from /home/airflow/.local/lib/python3.7/site-packages/airflow/example_dags/example_skip_dag.py
[2023-01-11T01:40:18.042+0000] {processor.py:766} INFO - DAG(s) dict_keys(['example_skip_dag']) retrieved from /home/airflow/.local/lib/python3.7/site-packages/airflow/example_dags/example_skip_dag.py
[2023-01-11T01:40:18.083+0000] {logging_mixin.py:120} INFO - [2023-01-11T01:40:18.082+0000] {dag.py:2585} INFO - Sync 1 DAGs
[2023-01-11T01:40:18.129+0000] {logging_mixin.py:120} INFO - [2023-01-11T01:40:18.129+0000] {dag.py:3340} INFO - Setting next_dagrun for example_skip_dag to 2023-01-10T01:40:18.129080+00:00, run_after=2023-01-11T01:40:18.129080+00:00
[2023-01-11T01:40:18.183+0000] {processor.py:176} INFO - Processing /home/airflow/.local/lib/python3.7/site-packages/airflow/example_dags/example_skip_dag.py took 0.161 seconds
[2023-01-11T01:40:48.378+0000] {processor.py:154} INFO - Started process (PID=21178) to work on /home/airflow/.local/lib/python3.7/site-packages/airflow/example_dags/example_skip_dag.py
[2023-01-11T01:40:48.379+0000] {processor.py:756} INFO - Processing file /home/airflow/.local/lib/python3.7/site-packages/airflow/example_dags/example_skip_dag.py for tasks to queue
[2023-01-11T01:40:48.380+0000] {logging_mixin.py:120} INFO - [2023-01-11T01:40:48.380+0000] {dagbag.py:537} INFO - Filling up the DagBag from /home/airflow/.local/lib/python3.7/site-packages/airflow/example_dags/example_skip_dag.py
[2023-01-11T01:40:48.396+0000] {processor.py:766} INFO - DAG(s) dict_keys(['example_skip_dag']) retrieved from /home/airflow/.local/lib/python3.7/site-packages/airflow/example_dags/example_skip_dag.py
[2023-01-11T01:40:48.512+0000] {logging_mixin.py:120} INFO - [2023-01-11T01:40:48.511+0000] {dag.py:2585} INFO - Sync 1 DAGs
[2023-01-11T01:40:48.549+0000] {logging_mixin.py:120} INFO - [2023-01-11T01:40:48.549+0000] {dag.py:3340} INFO - Setting next_dagrun for example_skip_dag to 2023-01-10T01:40:48.548635+00:00, run_after=2023-01-11T01:40:48.548635+00:00
[2023-01-11T01:40:48.580+0000] {processor.py:176} INFO - Processing /home/airflow/.local/lib/python3.7/site-packages/airflow/example_dags/example_skip_dag.py took 0.208 seconds
[2023-01-11T01:41:18.987+0000] {processor.py:154} INFO - Started process (PID=21238) to work on /home/airflow/.local/lib/python3.7/site-packages/airflow/example_dags/example_skip_dag.py
[2023-01-11T01:41:18.988+0000] {processor.py:756} INFO - Processing file /home/airflow/.local/lib/python3.7/site-packages/airflow/example_dags/example_skip_dag.py for tasks to queue
[2023-01-11T01:41:18.990+0000] {logging_mixin.py:120} INFO - [2023-01-11T01:41:18.990+0000] {dagbag.py:537} INFO - Filling up the DagBag from /home/airflow/.local/lib/python3.7/site-packages/airflow/example_dags/example_skip_dag.py
[2023-01-11T01:41:19.005+0000] {processor.py:766} INFO - DAG(s) dict_keys(['example_skip_dag']) retrieved from /home/airflow/.local/lib/python3.7/site-packages/airflow/example_dags/example_skip_dag.py
[2023-01-11T01:41:19.051+0000] {logging_mixin.py:120} INFO - [2023-01-11T01:41:19.051+0000] {dag.py:2585} INFO - Sync 1 DAGs
[2023-01-11T01:41:19.075+0000] {logging_mixin.py:120} INFO - [2023-01-11T01:41:19.075+0000] {dag.py:3340} INFO - Setting next_dagrun for example_skip_dag to 2023-01-10T01:41:19.075206+00:00, run_after=2023-01-11T01:41:19.075206+00:00
[2023-01-11T01:41:19.123+0000] {processor.py:176} INFO - Processing /home/airflow/.local/lib/python3.7/site-packages/airflow/example_dags/example_skip_dag.py took 0.139 seconds
[2023-01-11T01:41:49.247+0000] {processor.py:154} INFO - Started process (PID=21305) to work on /home/airflow/.local/lib/python3.7/site-packages/airflow/example_dags/example_skip_dag.py
[2023-01-11T01:41:49.248+0000] {processor.py:756} INFO - Processing file /home/airflow/.local/lib/python3.7/site-packages/airflow/example_dags/example_skip_dag.py for tasks to queue
[2023-01-11T01:41:49.248+0000] {logging_mixin.py:120} INFO - [2023-01-11T01:41:49.248+0000] {dagbag.py:537} INFO - Filling up the DagBag from /home/airflow/.local/lib/python3.7/site-packages/airflow/example_dags/example_skip_dag.py
[2023-01-11T01:41:49.264+0000] {processor.py:766} INFO - DAG(s) dict_keys(['example_skip_dag']) retrieved from /home/airflow/.local/lib/python3.7/site-packages/airflow/example_dags/example_skip_dag.py
[2023-01-11T01:41:49.308+0000] {logging_mixin.py:120} INFO - [2023-01-11T01:41:49.308+0000] {dag.py:2585} INFO - Sync 1 DAGs
[2023-01-11T01:41:49.336+0000] {logging_mixin.py:120} INFO - [2023-01-11T01:41:49.336+0000] {dag.py:3340} INFO - Setting next_dagrun for example_skip_dag to 2023-01-10T01:41:49.336166+00:00, run_after=2023-01-11T01:41:49.336166+00:00
[2023-01-11T01:41:49.397+0000] {processor.py:176} INFO - Processing /home/airflow/.local/lib/python3.7/site-packages/airflow/example_dags/example_skip_dag.py took 0.154 seconds
[2023-01-11T01:42:19.755+0000] {processor.py:154} INFO - Started process (PID=21364) to work on /home/airflow/.local/lib/python3.7/site-packages/airflow/example_dags/example_skip_dag.py
[2023-01-11T01:42:19.756+0000] {processor.py:756} INFO - Processing file /home/airflow/.local/lib/python3.7/site-packages/airflow/example_dags/example_skip_dag.py for tasks to queue
[2023-01-11T01:42:19.757+0000] {logging_mixin.py:120} INFO - [2023-01-11T01:42:19.757+0000] {dagbag.py:537} INFO - Filling up the DagBag from /home/airflow/.local/lib/python3.7/site-packages/airflow/example_dags/example_skip_dag.py
[2023-01-11T01:42:19.775+0000] {processor.py:766} INFO - DAG(s) dict_keys(['example_skip_dag']) retrieved from /home/airflow/.local/lib/python3.7/site-packages/airflow/example_dags/example_skip_dag.py
[2023-01-11T01:42:19.819+0000] {logging_mixin.py:120} INFO - [2023-01-11T01:42:19.819+0000] {dag.py:2585} INFO - Sync 1 DAGs
[2023-01-11T01:42:19.844+0000] {logging_mixin.py:120} INFO - [2023-01-11T01:42:19.844+0000] {dag.py:3340} INFO - Setting next_dagrun for example_skip_dag to 2023-01-10T01:42:19.844477+00:00, run_after=2023-01-11T01:42:19.844477+00:00
[2023-01-11T01:42:19.884+0000] {processor.py:176} INFO - Processing /home/airflow/.local/lib/python3.7/site-packages/airflow/example_dags/example_skip_dag.py took 0.133 seconds
[2023-01-11T01:42:50.711+0000] {processor.py:154} INFO - Started process (PID=21431) to work on /home/airflow/.local/lib/python3.7/site-packages/airflow/example_dags/example_skip_dag.py
[2023-01-11T01:42:50.713+0000] {processor.py:756} INFO - Processing file /home/airflow/.local/lib/python3.7/site-packages/airflow/example_dags/example_skip_dag.py for tasks to queue
[2023-01-11T01:42:50.714+0000] {logging_mixin.py:120} INFO - [2023-01-11T01:42:50.714+0000] {dagbag.py:537} INFO - Filling up the DagBag from /home/airflow/.local/lib/python3.7/site-packages/airflow/example_dags/example_skip_dag.py
[2023-01-11T01:42:50.731+0000] {processor.py:766} INFO - DAG(s) dict_keys(['example_skip_dag']) retrieved from /home/airflow/.local/lib/python3.7/site-packages/airflow/example_dags/example_skip_dag.py
[2023-01-11T01:42:50.781+0000] {logging_mixin.py:120} INFO - [2023-01-11T01:42:50.780+0000] {dag.py:2585} INFO - Sync 1 DAGs
[2023-01-11T01:42:50.814+0000] {logging_mixin.py:120} INFO - [2023-01-11T01:42:50.814+0000] {dag.py:3340} INFO - Setting next_dagrun for example_skip_dag to 2023-01-10T01:42:50.813702+00:00, run_after=2023-01-11T01:42:50.813702+00:00
[2023-01-11T01:42:50.842+0000] {processor.py:176} INFO - Processing /home/airflow/.local/lib/python3.7/site-packages/airflow/example_dags/example_skip_dag.py took 0.136 seconds
[2023-01-11T01:43:21.823+0000] {processor.py:154} INFO - Started process (PID=21498) to work on /home/airflow/.local/lib/python3.7/site-packages/airflow/example_dags/example_skip_dag.py
[2023-01-11T01:43:21.824+0000] {processor.py:756} INFO - Processing file /home/airflow/.local/lib/python3.7/site-packages/airflow/example_dags/example_skip_dag.py for tasks to queue
[2023-01-11T01:43:21.825+0000] {logging_mixin.py:120} INFO - [2023-01-11T01:43:21.825+0000] {dagbag.py:537} INFO - Filling up the DagBag from /home/airflow/.local/lib/python3.7/site-packages/airflow/example_dags/example_skip_dag.py
[2023-01-11T01:43:21.854+0000] {processor.py:766} INFO - DAG(s) dict_keys(['example_skip_dag']) retrieved from /home/airflow/.local/lib/python3.7/site-packages/airflow/example_dags/example_skip_dag.py
[2023-01-11T01:43:21.908+0000] {logging_mixin.py:120} INFO - [2023-01-11T01:43:21.908+0000] {dag.py:2585} INFO - Sync 1 DAGs
[2023-01-11T01:43:21.935+0000] {logging_mixin.py:120} INFO - [2023-01-11T01:43:21.935+0000] {dag.py:3340} INFO - Setting next_dagrun for example_skip_dag to 2023-01-10T01:43:21.935175+00:00, run_after=2023-01-11T01:43:21.935175+00:00
[2023-01-11T01:43:21.960+0000] {processor.py:176} INFO - Processing /home/airflow/.local/lib/python3.7/site-packages/airflow/example_dags/example_skip_dag.py took 0.142 seconds
[2023-01-11T01:43:52.504+0000] {processor.py:154} INFO - Started process (PID=21556) to work on /home/airflow/.local/lib/python3.7/site-packages/airflow/example_dags/example_skip_dag.py
[2023-01-11T01:43:52.506+0000] {processor.py:756} INFO - Processing file /home/airflow/.local/lib/python3.7/site-packages/airflow/example_dags/example_skip_dag.py for tasks to queue
[2023-01-11T01:43:52.507+0000] {logging_mixin.py:120} INFO - [2023-01-11T01:43:52.507+0000] {dagbag.py:537} INFO - Filling up the DagBag from /home/airflow/.local/lib/python3.7/site-packages/airflow/example_dags/example_skip_dag.py
[2023-01-11T01:43:52.530+0000] {processor.py:766} INFO - DAG(s) dict_keys(['example_skip_dag']) retrieved from /home/airflow/.local/lib/python3.7/site-packages/airflow/example_dags/example_skip_dag.py
[2023-01-11T01:43:52.578+0000] {logging_mixin.py:120} INFO - [2023-01-11T01:43:52.578+0000] {dag.py:2585} INFO - Sync 1 DAGs
[2023-01-11T01:43:52.602+0000] {logging_mixin.py:120} INFO - [2023-01-11T01:43:52.602+0000] {dag.py:3340} INFO - Setting next_dagrun for example_skip_dag to 2023-01-10T01:43:52.602129+00:00, run_after=2023-01-11T01:43:52.602129+00:00
[2023-01-11T01:43:52.624+0000] {processor.py:176} INFO - Processing /home/airflow/.local/lib/python3.7/site-packages/airflow/example_dags/example_skip_dag.py took 0.127 seconds
[2023-01-11T01:44:22.914+0000] {processor.py:154} INFO - Started process (PID=21623) to work on /home/airflow/.local/lib/python3.7/site-packages/airflow/example_dags/example_skip_dag.py
[2023-01-11T01:44:22.916+0000] {processor.py:756} INFO - Processing file /home/airflow/.local/lib/python3.7/site-packages/airflow/example_dags/example_skip_dag.py for tasks to queue
[2023-01-11T01:44:22.917+0000] {logging_mixin.py:120} INFO - [2023-01-11T01:44:22.917+0000] {dagbag.py:537} INFO - Filling up the DagBag from /home/airflow/.local/lib/python3.7/site-packages/airflow/example_dags/example_skip_dag.py
[2023-01-11T01:44:22.937+0000] {processor.py:766} INFO - DAG(s) dict_keys(['example_skip_dag']) retrieved from /home/airflow/.local/lib/python3.7/site-packages/airflow/example_dags/example_skip_dag.py
[2023-01-11T01:44:22.988+0000] {logging_mixin.py:120} INFO - [2023-01-11T01:44:22.988+0000] {dag.py:2585} INFO - Sync 1 DAGs
[2023-01-11T01:44:23.021+0000] {logging_mixin.py:120} INFO - [2023-01-11T01:44:23.021+0000] {dag.py:3340} INFO - Setting next_dagrun for example_skip_dag to 2023-01-10T01:44:23.020840+00:00, run_after=2023-01-11T01:44:23.020840+00:00
[2023-01-11T01:44:23.051+0000] {processor.py:176} INFO - Processing /home/airflow/.local/lib/python3.7/site-packages/airflow/example_dags/example_skip_dag.py took 0.140 seconds
[2023-01-11T01:44:53.344+0000] {processor.py:154} INFO - Started process (PID=21690) to work on /home/airflow/.local/lib/python3.7/site-packages/airflow/example_dags/example_skip_dag.py
[2023-01-11T01:44:53.345+0000] {processor.py:756} INFO - Processing file /home/airflow/.local/lib/python3.7/site-packages/airflow/example_dags/example_skip_dag.py for tasks to queue
[2023-01-11T01:44:53.346+0000] {logging_mixin.py:120} INFO - [2023-01-11T01:44:53.346+0000] {dagbag.py:537} INFO - Filling up the DagBag from /home/airflow/.local/lib/python3.7/site-packages/airflow/example_dags/example_skip_dag.py
[2023-01-11T01:44:53.361+0000] {processor.py:766} INFO - DAG(s) dict_keys(['example_skip_dag']) retrieved from /home/airflow/.local/lib/python3.7/site-packages/airflow/example_dags/example_skip_dag.py
[2023-01-11T01:44:53.401+0000] {logging_mixin.py:120} INFO - [2023-01-11T01:44:53.401+0000] {dag.py:2585} INFO - Sync 1 DAGs
[2023-01-11T01:44:53.429+0000] {logging_mixin.py:120} INFO - [2023-01-11T01:44:53.429+0000] {dag.py:3340} INFO - Setting next_dagrun for example_skip_dag to 2023-01-10T01:44:53.429082+00:00, run_after=2023-01-11T01:44:53.429082+00:00
[2023-01-11T01:44:53.453+0000] {processor.py:176} INFO - Processing /home/airflow/.local/lib/python3.7/site-packages/airflow/example_dags/example_skip_dag.py took 0.113 seconds
[2023-01-11T01:45:23.765+0000] {processor.py:154} INFO - Started process (PID=21748) to work on /home/airflow/.local/lib/python3.7/site-packages/airflow/example_dags/example_skip_dag.py
[2023-01-11T01:45:23.766+0000] {processor.py:756} INFO - Processing file /home/airflow/.local/lib/python3.7/site-packages/airflow/example_dags/example_skip_dag.py for tasks to queue
[2023-01-11T01:45:23.767+0000] {logging_mixin.py:120} INFO - [2023-01-11T01:45:23.767+0000] {dagbag.py:537} INFO - Filling up the DagBag from /home/airflow/.local/lib/python3.7/site-packages/airflow/example_dags/example_skip_dag.py
[2023-01-11T01:45:23.781+0000] {processor.py:766} INFO - DAG(s) dict_keys(['example_skip_dag']) retrieved from /home/airflow/.local/lib/python3.7/site-packages/airflow/example_dags/example_skip_dag.py
[2023-01-11T01:45:23.824+0000] {logging_mixin.py:120} INFO - [2023-01-11T01:45:23.824+0000] {dag.py:2585} INFO - Sync 1 DAGs
[2023-01-11T01:45:23.855+0000] {logging_mixin.py:120} INFO - [2023-01-11T01:45:23.855+0000] {dag.py:3340} INFO - Setting next_dagrun for example_skip_dag to 2023-01-10T01:45:23.855124+00:00, run_after=2023-01-11T01:45:23.855124+00:00
[2023-01-11T01:45:23.878+0000] {processor.py:176} INFO - Processing /home/airflow/.local/lib/python3.7/site-packages/airflow/example_dags/example_skip_dag.py took 0.117 seconds
[2023-01-11T01:45:54.478+0000] {processor.py:154} INFO - Started process (PID=21815) to work on /home/airflow/.local/lib/python3.7/site-packages/airflow/example_dags/example_skip_dag.py
[2023-01-11T01:45:54.479+0000] {processor.py:756} INFO - Processing file /home/airflow/.local/lib/python3.7/site-packages/airflow/example_dags/example_skip_dag.py for tasks to queue
[2023-01-11T01:45:54.480+0000] {logging_mixin.py:120} INFO - [2023-01-11T01:45:54.480+0000] {dagbag.py:537} INFO - Filling up the DagBag from /home/airflow/.local/lib/python3.7/site-packages/airflow/example_dags/example_skip_dag.py
[2023-01-11T01:45:54.496+0000] {processor.py:766} INFO - DAG(s) dict_keys(['example_skip_dag']) retrieved from /home/airflow/.local/lib/python3.7/site-packages/airflow/example_dags/example_skip_dag.py
[2023-01-11T01:45:54.544+0000] {logging_mixin.py:120} INFO - [2023-01-11T01:45:54.544+0000] {dag.py:2585} INFO - Sync 1 DAGs
[2023-01-11T01:45:54.578+0000] {logging_mixin.py:120} INFO - [2023-01-11T01:45:54.578+0000] {dag.py:3340} INFO - Setting next_dagrun for example_skip_dag to 2023-01-10T01:45:54.577905+00:00, run_after=2023-01-11T01:45:54.577905+00:00
[2023-01-11T01:45:54.606+0000] {processor.py:176} INFO - Processing /home/airflow/.local/lib/python3.7/site-packages/airflow/example_dags/example_skip_dag.py took 0.131 seconds
[2023-01-11T01:46:25.455+0000] {processor.py:154} INFO - Started process (PID=21883) to work on /home/airflow/.local/lib/python3.7/site-packages/airflow/example_dags/example_skip_dag.py
[2023-01-11T01:46:25.456+0000] {processor.py:756} INFO - Processing file /home/airflow/.local/lib/python3.7/site-packages/airflow/example_dags/example_skip_dag.py for tasks to queue
[2023-01-11T01:46:25.457+0000] {logging_mixin.py:120} INFO - [2023-01-11T01:46:25.456+0000] {dagbag.py:537} INFO - Filling up the DagBag from /home/airflow/.local/lib/python3.7/site-packages/airflow/example_dags/example_skip_dag.py
[2023-01-11T01:46:25.471+0000] {processor.py:766} INFO - DAG(s) dict_keys(['example_skip_dag']) retrieved from /home/airflow/.local/lib/python3.7/site-packages/airflow/example_dags/example_skip_dag.py
[2023-01-11T01:46:25.517+0000] {logging_mixin.py:120} INFO - [2023-01-11T01:46:25.517+0000] {dag.py:2585} INFO - Sync 1 DAGs
[2023-01-11T01:46:25.544+0000] {logging_mixin.py:120} INFO - [2023-01-11T01:46:25.544+0000] {dag.py:3340} INFO - Setting next_dagrun for example_skip_dag to 2023-01-10T01:46:25.544070+00:00, run_after=2023-01-11T01:46:25.544070+00:00
[2023-01-11T01:46:25.572+0000] {processor.py:176} INFO - Processing /home/airflow/.local/lib/python3.7/site-packages/airflow/example_dags/example_skip_dag.py took 0.120 seconds
