[2023-01-11T01:09:36.230+0000] {processor.py:154} INFO - Started process (PID=17329) to work on /home/airflow/.local/lib/python3.7/site-packages/airflow/example_dags/example_task_group.py
[2023-01-11T01:09:36.231+0000] {processor.py:756} INFO - Processing file /home/airflow/.local/lib/python3.7/site-packages/airflow/example_dags/example_task_group.py for tasks to queue
[2023-01-11T01:09:36.234+0000] {logging_mixin.py:120} INFO - [2023-01-11T01:09:36.233+0000] {dagbag.py:537} INFO - Filling up the DagBag from /home/airflow/.local/lib/python3.7/site-packages/airflow/example_dags/example_task_group.py
[2023-01-11T01:09:36.289+0000] {processor.py:766} INFO - DAG(s) dict_keys(['example_task_group']) retrieved from /home/airflow/.local/lib/python3.7/site-packages/airflow/example_dags/example_task_group.py
[2023-01-11T01:09:36.420+0000] {logging_mixin.py:120} INFO - [2023-01-11T01:09:36.420+0000] {dag.py:2585} INFO - Sync 1 DAGs
[2023-01-11T01:09:36.472+0000] {logging_mixin.py:120} INFO - [2023-01-11T01:09:36.472+0000] {dag.py:3340} INFO - Setting next_dagrun for example_task_group to 2023-01-10T01:09:36.471834+00:00, run_after=2023-01-11T01:09:36.471834+00:00
[2023-01-11T01:09:36.550+0000] {processor.py:176} INFO - Processing /home/airflow/.local/lib/python3.7/site-packages/airflow/example_dags/example_task_group.py took 0.326 seconds
[2023-01-11T01:10:06.711+0000] {processor.py:154} INFO - Started process (PID=17387) to work on /home/airflow/.local/lib/python3.7/site-packages/airflow/example_dags/example_task_group.py
[2023-01-11T01:10:06.713+0000] {processor.py:756} INFO - Processing file /home/airflow/.local/lib/python3.7/site-packages/airflow/example_dags/example_task_group.py for tasks to queue
[2023-01-11T01:10:06.714+0000] {logging_mixin.py:120} INFO - [2023-01-11T01:10:06.714+0000] {dagbag.py:537} INFO - Filling up the DagBag from /home/airflow/.local/lib/python3.7/site-packages/airflow/example_dags/example_task_group.py
[2023-01-11T01:10:06.748+0000] {processor.py:766} INFO - DAG(s) dict_keys(['example_task_group']) retrieved from /home/airflow/.local/lib/python3.7/site-packages/airflow/example_dags/example_task_group.py
[2023-01-11T01:10:06.855+0000] {logging_mixin.py:120} INFO - [2023-01-11T01:10:06.855+0000] {dag.py:2585} INFO - Sync 1 DAGs
[2023-01-11T01:10:06.948+0000] {logging_mixin.py:120} INFO - [2023-01-11T01:10:06.948+0000] {dag.py:3340} INFO - Setting next_dagrun for example_task_group to 2023-01-10T01:10:06.947922+00:00, run_after=2023-01-11T01:10:06.947922+00:00
[2023-01-11T01:10:06.991+0000] {processor.py:176} INFO - Processing /home/airflow/.local/lib/python3.7/site-packages/airflow/example_dags/example_task_group.py took 0.287 seconds
[2023-01-11T01:10:38.082+0000] {processor.py:154} INFO - Started process (PID=17454) to work on /home/airflow/.local/lib/python3.7/site-packages/airflow/example_dags/example_task_group.py
[2023-01-11T01:10:38.084+0000] {processor.py:756} INFO - Processing file /home/airflow/.local/lib/python3.7/site-packages/airflow/example_dags/example_task_group.py for tasks to queue
[2023-01-11T01:10:38.086+0000] {logging_mixin.py:120} INFO - [2023-01-11T01:10:38.086+0000] {dagbag.py:537} INFO - Filling up the DagBag from /home/airflow/.local/lib/python3.7/site-packages/airflow/example_dags/example_task_group.py
[2023-01-11T01:10:38.122+0000] {processor.py:766} INFO - DAG(s) dict_keys(['example_task_group']) retrieved from /home/airflow/.local/lib/python3.7/site-packages/airflow/example_dags/example_task_group.py
[2023-01-11T01:10:38.217+0000] {logging_mixin.py:120} INFO - [2023-01-11T01:10:38.216+0000] {dag.py:2585} INFO - Sync 1 DAGs
[2023-01-11T01:10:38.332+0000] {logging_mixin.py:120} INFO - [2023-01-11T01:10:38.331+0000] {dag.py:3340} INFO - Setting next_dagrun for example_task_group to 2023-01-10T01:10:38.331369+00:00, run_after=2023-01-11T01:10:38.331369+00:00
[2023-01-11T01:10:38.408+0000] {processor.py:176} INFO - Processing /home/airflow/.local/lib/python3.7/site-packages/airflow/example_dags/example_task_group.py took 0.334 seconds
[2023-01-11T01:11:09.074+0000] {processor.py:154} INFO - Started process (PID=17511) to work on /home/airflow/.local/lib/python3.7/site-packages/airflow/example_dags/example_task_group.py
[2023-01-11T01:11:09.075+0000] {processor.py:756} INFO - Processing file /home/airflow/.local/lib/python3.7/site-packages/airflow/example_dags/example_task_group.py for tasks to queue
[2023-01-11T01:11:09.078+0000] {logging_mixin.py:120} INFO - [2023-01-11T01:11:09.078+0000] {dagbag.py:537} INFO - Filling up the DagBag from /home/airflow/.local/lib/python3.7/site-packages/airflow/example_dags/example_task_group.py
[2023-01-11T01:11:09.100+0000] {processor.py:766} INFO - DAG(s) dict_keys(['example_task_group']) retrieved from /home/airflow/.local/lib/python3.7/site-packages/airflow/example_dags/example_task_group.py
[2023-01-11T01:11:09.178+0000] {logging_mixin.py:120} INFO - [2023-01-11T01:11:09.178+0000] {dag.py:2585} INFO - Sync 1 DAGs
[2023-01-11T01:11:09.220+0000] {logging_mixin.py:120} INFO - [2023-01-11T01:11:09.220+0000] {dag.py:3340} INFO - Setting next_dagrun for example_task_group to 2023-01-10T01:11:09.219687+00:00, run_after=2023-01-11T01:11:09.219687+00:00
[2023-01-11T01:11:09.261+0000] {processor.py:176} INFO - Processing /home/airflow/.local/lib/python3.7/site-packages/airflow/example_dags/example_task_group.py took 0.191 seconds
[2023-01-11T01:11:39.463+0000] {processor.py:154} INFO - Started process (PID=17577) to work on /home/airflow/.local/lib/python3.7/site-packages/airflow/example_dags/example_task_group.py
[2023-01-11T01:11:39.464+0000] {processor.py:756} INFO - Processing file /home/airflow/.local/lib/python3.7/site-packages/airflow/example_dags/example_task_group.py for tasks to queue
[2023-01-11T01:11:39.465+0000] {logging_mixin.py:120} INFO - [2023-01-11T01:11:39.465+0000] {dagbag.py:537} INFO - Filling up the DagBag from /home/airflow/.local/lib/python3.7/site-packages/airflow/example_dags/example_task_group.py
[2023-01-11T01:11:39.485+0000] {processor.py:766} INFO - DAG(s) dict_keys(['example_task_group']) retrieved from /home/airflow/.local/lib/python3.7/site-packages/airflow/example_dags/example_task_group.py
[2023-01-11T01:11:39.533+0000] {logging_mixin.py:120} INFO - [2023-01-11T01:11:39.533+0000] {dag.py:2585} INFO - Sync 1 DAGs
[2023-01-11T01:11:39.567+0000] {logging_mixin.py:120} INFO - [2023-01-11T01:11:39.567+0000] {dag.py:3340} INFO - Setting next_dagrun for example_task_group to 2023-01-10T01:11:39.566788+00:00, run_after=2023-01-11T01:11:39.566788+00:00
[2023-01-11T01:11:39.603+0000] {processor.py:176} INFO - Processing /home/airflow/.local/lib/python3.7/site-packages/airflow/example_dags/example_task_group.py took 0.144 seconds
[2023-01-11T01:12:09.681+0000] {processor.py:154} INFO - Started process (PID=17644) to work on /home/airflow/.local/lib/python3.7/site-packages/airflow/example_dags/example_task_group.py
[2023-01-11T01:12:09.683+0000] {processor.py:756} INFO - Processing file /home/airflow/.local/lib/python3.7/site-packages/airflow/example_dags/example_task_group.py for tasks to queue
[2023-01-11T01:12:09.685+0000] {logging_mixin.py:120} INFO - [2023-01-11T01:12:09.685+0000] {dagbag.py:537} INFO - Filling up the DagBag from /home/airflow/.local/lib/python3.7/site-packages/airflow/example_dags/example_task_group.py
[2023-01-11T01:12:09.726+0000] {processor.py:766} INFO - DAG(s) dict_keys(['example_task_group']) retrieved from /home/airflow/.local/lib/python3.7/site-packages/airflow/example_dags/example_task_group.py
[2023-01-11T01:12:09.822+0000] {logging_mixin.py:120} INFO - [2023-01-11T01:12:09.821+0000] {dag.py:2585} INFO - Sync 1 DAGs
[2023-01-11T01:12:09.888+0000] {logging_mixin.py:120} INFO - [2023-01-11T01:12:09.888+0000] {dag.py:3340} INFO - Setting next_dagrun for example_task_group to 2023-01-10T01:12:09.887778+00:00, run_after=2023-01-11T01:12:09.887778+00:00
[2023-01-11T01:12:09.935+0000] {processor.py:176} INFO - Processing /home/airflow/.local/lib/python3.7/site-packages/airflow/example_dags/example_task_group.py took 0.263 seconds
[2023-01-11T01:12:40.289+0000] {processor.py:154} INFO - Started process (PID=17702) to work on /home/airflow/.local/lib/python3.7/site-packages/airflow/example_dags/example_task_group.py
[2023-01-11T01:12:40.290+0000] {processor.py:756} INFO - Processing file /home/airflow/.local/lib/python3.7/site-packages/airflow/example_dags/example_task_group.py for tasks to queue
[2023-01-11T01:12:40.291+0000] {logging_mixin.py:120} INFO - [2023-01-11T01:12:40.291+0000] {dagbag.py:537} INFO - Filling up the DagBag from /home/airflow/.local/lib/python3.7/site-packages/airflow/example_dags/example_task_group.py
[2023-01-11T01:12:40.309+0000] {processor.py:766} INFO - DAG(s) dict_keys(['example_task_group']) retrieved from /home/airflow/.local/lib/python3.7/site-packages/airflow/example_dags/example_task_group.py
[2023-01-11T01:12:40.355+0000] {logging_mixin.py:120} INFO - [2023-01-11T01:12:40.355+0000] {dag.py:2585} INFO - Sync 1 DAGs
[2023-01-11T01:12:40.387+0000] {logging_mixin.py:120} INFO - [2023-01-11T01:12:40.387+0000] {dag.py:3340} INFO - Setting next_dagrun for example_task_group to 2023-01-10T01:12:40.386993+00:00, run_after=2023-01-11T01:12:40.386993+00:00
[2023-01-11T01:12:40.413+0000] {processor.py:176} INFO - Processing /home/airflow/.local/lib/python3.7/site-packages/airflow/example_dags/example_task_group.py took 0.128 seconds
[2023-01-11T01:13:10.684+0000] {processor.py:154} INFO - Started process (PID=17768) to work on /home/airflow/.local/lib/python3.7/site-packages/airflow/example_dags/example_task_group.py
[2023-01-11T01:13:10.685+0000] {processor.py:756} INFO - Processing file /home/airflow/.local/lib/python3.7/site-packages/airflow/example_dags/example_task_group.py for tasks to queue
[2023-01-11T01:13:10.687+0000] {logging_mixin.py:120} INFO - [2023-01-11T01:13:10.686+0000] {dagbag.py:537} INFO - Filling up the DagBag from /home/airflow/.local/lib/python3.7/site-packages/airflow/example_dags/example_task_group.py
[2023-01-11T01:13:10.715+0000] {processor.py:766} INFO - DAG(s) dict_keys(['example_task_group']) retrieved from /home/airflow/.local/lib/python3.7/site-packages/airflow/example_dags/example_task_group.py
[2023-01-11T01:13:10.794+0000] {logging_mixin.py:120} INFO - [2023-01-11T01:13:10.794+0000] {dag.py:2585} INFO - Sync 1 DAGs
[2023-01-11T01:13:10.837+0000] {logging_mixin.py:120} INFO - [2023-01-11T01:13:10.837+0000] {dag.py:3340} INFO - Setting next_dagrun for example_task_group to 2023-01-10T01:13:10.836715+00:00, run_after=2023-01-11T01:13:10.836715+00:00
[2023-01-11T01:13:10.875+0000] {processor.py:176} INFO - Processing /home/airflow/.local/lib/python3.7/site-packages/airflow/example_dags/example_task_group.py took 0.196 seconds
[2023-01-11T01:13:41.595+0000] {processor.py:154} INFO - Started process (PID=17827) to work on /home/airflow/.local/lib/python3.7/site-packages/airflow/example_dags/example_task_group.py
[2023-01-11T01:13:41.596+0000] {processor.py:756} INFO - Processing file /home/airflow/.local/lib/python3.7/site-packages/airflow/example_dags/example_task_group.py for tasks to queue
[2023-01-11T01:13:41.597+0000] {logging_mixin.py:120} INFO - [2023-01-11T01:13:41.596+0000] {dagbag.py:537} INFO - Filling up the DagBag from /home/airflow/.local/lib/python3.7/site-packages/airflow/example_dags/example_task_group.py
[2023-01-11T01:13:41.614+0000] {processor.py:766} INFO - DAG(s) dict_keys(['example_task_group']) retrieved from /home/airflow/.local/lib/python3.7/site-packages/airflow/example_dags/example_task_group.py
[2023-01-11T01:13:41.661+0000] {logging_mixin.py:120} INFO - [2023-01-11T01:13:41.661+0000] {dag.py:2585} INFO - Sync 1 DAGs
[2023-01-11T01:13:41.690+0000] {logging_mixin.py:120} INFO - [2023-01-11T01:13:41.690+0000] {dag.py:3340} INFO - Setting next_dagrun for example_task_group to 2023-01-10T01:13:41.689983+00:00, run_after=2023-01-11T01:13:41.689983+00:00
[2023-01-11T01:13:41.713+0000] {processor.py:176} INFO - Processing /home/airflow/.local/lib/python3.7/site-packages/airflow/example_dags/example_task_group.py took 0.122 seconds
[2023-01-11T01:14:12.262+0000] {processor.py:154} INFO - Started process (PID=17894) to work on /home/airflow/.local/lib/python3.7/site-packages/airflow/example_dags/example_task_group.py
[2023-01-11T01:14:12.264+0000] {processor.py:756} INFO - Processing file /home/airflow/.local/lib/python3.7/site-packages/airflow/example_dags/example_task_group.py for tasks to queue
[2023-01-11T01:14:12.266+0000] {logging_mixin.py:120} INFO - [2023-01-11T01:14:12.266+0000] {dagbag.py:537} INFO - Filling up the DagBag from /home/airflow/.local/lib/python3.7/site-packages/airflow/example_dags/example_task_group.py
[2023-01-11T01:14:12.298+0000] {processor.py:766} INFO - DAG(s) dict_keys(['example_task_group']) retrieved from /home/airflow/.local/lib/python3.7/site-packages/airflow/example_dags/example_task_group.py
[2023-01-11T01:14:12.365+0000] {logging_mixin.py:120} INFO - [2023-01-11T01:14:12.365+0000] {dag.py:2585} INFO - Sync 1 DAGs
[2023-01-11T01:14:12.411+0000] {logging_mixin.py:120} INFO - [2023-01-11T01:14:12.411+0000] {dag.py:3340} INFO - Setting next_dagrun for example_task_group to 2023-01-10T01:14:12.410710+00:00, run_after=2023-01-11T01:14:12.410710+00:00
[2023-01-11T01:14:12.452+0000] {processor.py:176} INFO - Processing /home/airflow/.local/lib/python3.7/site-packages/airflow/example_dags/example_task_group.py took 0.196 seconds
[2023-01-11T01:14:43.029+0000] {processor.py:154} INFO - Started process (PID=17962) to work on /home/airflow/.local/lib/python3.7/site-packages/airflow/example_dags/example_task_group.py
[2023-01-11T01:14:43.032+0000] {processor.py:756} INFO - Processing file /home/airflow/.local/lib/python3.7/site-packages/airflow/example_dags/example_task_group.py for tasks to queue
[2023-01-11T01:14:43.034+0000] {logging_mixin.py:120} INFO - [2023-01-11T01:14:43.034+0000] {dagbag.py:537} INFO - Filling up the DagBag from /home/airflow/.local/lib/python3.7/site-packages/airflow/example_dags/example_task_group.py
[2023-01-11T01:14:43.077+0000] {processor.py:766} INFO - DAG(s) dict_keys(['example_task_group']) retrieved from /home/airflow/.local/lib/python3.7/site-packages/airflow/example_dags/example_task_group.py
[2023-01-11T01:14:43.156+0000] {logging_mixin.py:120} INFO - [2023-01-11T01:14:43.155+0000] {dag.py:2585} INFO - Sync 1 DAGs
[2023-01-11T01:14:43.204+0000] {logging_mixin.py:120} INFO - [2023-01-11T01:14:43.204+0000] {dag.py:3340} INFO - Setting next_dagrun for example_task_group to 2023-01-10T01:14:43.204311+00:00, run_after=2023-01-11T01:14:43.204311+00:00
[2023-01-11T01:14:43.263+0000] {processor.py:176} INFO - Processing /home/airflow/.local/lib/python3.7/site-packages/airflow/example_dags/example_task_group.py took 0.242 seconds
[2023-01-11T01:15:13.336+0000] {processor.py:154} INFO - Started process (PID=18020) to work on /home/airflow/.local/lib/python3.7/site-packages/airflow/example_dags/example_task_group.py
[2023-01-11T01:15:13.337+0000] {processor.py:756} INFO - Processing file /home/airflow/.local/lib/python3.7/site-packages/airflow/example_dags/example_task_group.py for tasks to queue
[2023-01-11T01:15:13.338+0000] {logging_mixin.py:120} INFO - [2023-01-11T01:15:13.338+0000] {dagbag.py:537} INFO - Filling up the DagBag from /home/airflow/.local/lib/python3.7/site-packages/airflow/example_dags/example_task_group.py
[2023-01-11T01:15:13.355+0000] {processor.py:766} INFO - DAG(s) dict_keys(['example_task_group']) retrieved from /home/airflow/.local/lib/python3.7/site-packages/airflow/example_dags/example_task_group.py
[2023-01-11T01:15:13.399+0000] {logging_mixin.py:120} INFO - [2023-01-11T01:15:13.399+0000] {dag.py:2585} INFO - Sync 1 DAGs
[2023-01-11T01:15:13.425+0000] {logging_mixin.py:120} INFO - [2023-01-11T01:15:13.425+0000] {dag.py:3340} INFO - Setting next_dagrun for example_task_group to 2023-01-10T01:15:13.425413+00:00, run_after=2023-01-11T01:15:13.425413+00:00
[2023-01-11T01:15:13.450+0000] {processor.py:176} INFO - Processing /home/airflow/.local/lib/python3.7/site-packages/airflow/example_dags/example_task_group.py took 0.122 seconds
[2023-01-11T01:15:44.520+0000] {processor.py:154} INFO - Started process (PID=18087) to work on /home/airflow/.local/lib/python3.7/site-packages/airflow/example_dags/example_task_group.py
[2023-01-11T01:15:44.521+0000] {processor.py:756} INFO - Processing file /home/airflow/.local/lib/python3.7/site-packages/airflow/example_dags/example_task_group.py for tasks to queue
[2023-01-11T01:15:44.524+0000] {logging_mixin.py:120} INFO - [2023-01-11T01:15:44.523+0000] {dagbag.py:537} INFO - Filling up the DagBag from /home/airflow/.local/lib/python3.7/site-packages/airflow/example_dags/example_task_group.py
[2023-01-11T01:15:44.557+0000] {processor.py:766} INFO - DAG(s) dict_keys(['example_task_group']) retrieved from /home/airflow/.local/lib/python3.7/site-packages/airflow/example_dags/example_task_group.py
[2023-01-11T01:15:44.645+0000] {logging_mixin.py:120} INFO - [2023-01-11T01:15:44.645+0000] {dag.py:2585} INFO - Sync 1 DAGs
[2023-01-11T01:15:44.698+0000] {logging_mixin.py:120} INFO - [2023-01-11T01:15:44.698+0000] {dag.py:3340} INFO - Setting next_dagrun for example_task_group to 2023-01-10T01:15:44.697913+00:00, run_after=2023-01-11T01:15:44.697913+00:00
[2023-01-11T01:15:44.737+0000] {processor.py:176} INFO - Processing /home/airflow/.local/lib/python3.7/site-packages/airflow/example_dags/example_task_group.py took 0.223 seconds
[2023-01-11T01:16:14.793+0000] {processor.py:154} INFO - Started process (PID=18146) to work on /home/airflow/.local/lib/python3.7/site-packages/airflow/example_dags/example_task_group.py
[2023-01-11T01:16:14.793+0000] {processor.py:756} INFO - Processing file /home/airflow/.local/lib/python3.7/site-packages/airflow/example_dags/example_task_group.py for tasks to queue
[2023-01-11T01:16:14.794+0000] {logging_mixin.py:120} INFO - [2023-01-11T01:16:14.794+0000] {dagbag.py:537} INFO - Filling up the DagBag from /home/airflow/.local/lib/python3.7/site-packages/airflow/example_dags/example_task_group.py
[2023-01-11T01:16:14.811+0000] {processor.py:766} INFO - DAG(s) dict_keys(['example_task_group']) retrieved from /home/airflow/.local/lib/python3.7/site-packages/airflow/example_dags/example_task_group.py
[2023-01-11T01:16:14.862+0000] {logging_mixin.py:120} INFO - [2023-01-11T01:16:14.861+0000] {dag.py:2585} INFO - Sync 1 DAGs
[2023-01-11T01:16:14.892+0000] {logging_mixin.py:120} INFO - [2023-01-11T01:16:14.892+0000] {dag.py:3340} INFO - Setting next_dagrun for example_task_group to 2023-01-10T01:16:14.892601+00:00, run_after=2023-01-11T01:16:14.892601+00:00
[2023-01-11T01:16:14.929+0000] {processor.py:176} INFO - Processing /home/airflow/.local/lib/python3.7/site-packages/airflow/example_dags/example_task_group.py took 0.139 seconds
[2023-01-11T01:16:45.141+0000] {processor.py:154} INFO - Started process (PID=18213) to work on /home/airflow/.local/lib/python3.7/site-packages/airflow/example_dags/example_task_group.py
[2023-01-11T01:16:45.143+0000] {processor.py:756} INFO - Processing file /home/airflow/.local/lib/python3.7/site-packages/airflow/example_dags/example_task_group.py for tasks to queue
[2023-01-11T01:16:45.145+0000] {logging_mixin.py:120} INFO - [2023-01-11T01:16:45.144+0000] {dagbag.py:537} INFO - Filling up the DagBag from /home/airflow/.local/lib/python3.7/site-packages/airflow/example_dags/example_task_group.py
[2023-01-11T01:16:45.185+0000] {processor.py:766} INFO - DAG(s) dict_keys(['example_task_group']) retrieved from /home/airflow/.local/lib/python3.7/site-packages/airflow/example_dags/example_task_group.py
[2023-01-11T01:16:45.283+0000] {logging_mixin.py:120} INFO - [2023-01-11T01:16:45.283+0000] {dag.py:2585} INFO - Sync 1 DAGs
[2023-01-11T01:16:45.381+0000] {logging_mixin.py:120} INFO - [2023-01-11T01:16:45.381+0000] {dag.py:3340} INFO - Setting next_dagrun for example_task_group to 2023-01-10T01:16:45.380946+00:00, run_after=2023-01-11T01:16:45.380946+00:00
[2023-01-11T01:16:45.451+0000] {processor.py:176} INFO - Processing /home/airflow/.local/lib/python3.7/site-packages/airflow/example_dags/example_task_group.py took 0.316 seconds
[2023-01-11T01:17:16.281+0000] {processor.py:154} INFO - Started process (PID=18271) to work on /home/airflow/.local/lib/python3.7/site-packages/airflow/example_dags/example_task_group.py
[2023-01-11T01:17:16.282+0000] {processor.py:756} INFO - Processing file /home/airflow/.local/lib/python3.7/site-packages/airflow/example_dags/example_task_group.py for tasks to queue
[2023-01-11T01:17:16.283+0000] {logging_mixin.py:120} INFO - [2023-01-11T01:17:16.283+0000] {dagbag.py:537} INFO - Filling up the DagBag from /home/airflow/.local/lib/python3.7/site-packages/airflow/example_dags/example_task_group.py
[2023-01-11T01:17:16.302+0000] {processor.py:766} INFO - DAG(s) dict_keys(['example_task_group']) retrieved from /home/airflow/.local/lib/python3.7/site-packages/airflow/example_dags/example_task_group.py
[2023-01-11T01:17:16.347+0000] {logging_mixin.py:120} INFO - [2023-01-11T01:17:16.347+0000] {dag.py:2585} INFO - Sync 1 DAGs
[2023-01-11T01:17:16.375+0000] {logging_mixin.py:120} INFO - [2023-01-11T01:17:16.375+0000] {dag.py:3340} INFO - Setting next_dagrun for example_task_group to 2023-01-10T01:17:16.374474+00:00, run_after=2023-01-11T01:17:16.374474+00:00
[2023-01-11T01:17:16.404+0000] {processor.py:176} INFO - Processing /home/airflow/.local/lib/python3.7/site-packages/airflow/example_dags/example_task_group.py took 0.127 seconds
[2023-01-11T01:17:46.753+0000] {processor.py:154} INFO - Started process (PID=18339) to work on /home/airflow/.local/lib/python3.7/site-packages/airflow/example_dags/example_task_group.py
[2023-01-11T01:17:46.756+0000] {processor.py:756} INFO - Processing file /home/airflow/.local/lib/python3.7/site-packages/airflow/example_dags/example_task_group.py for tasks to queue
[2023-01-11T01:17:46.758+0000] {logging_mixin.py:120} INFO - [2023-01-11T01:17:46.758+0000] {dagbag.py:537} INFO - Filling up the DagBag from /home/airflow/.local/lib/python3.7/site-packages/airflow/example_dags/example_task_group.py
[2023-01-11T01:17:46.782+0000] {processor.py:766} INFO - DAG(s) dict_keys(['example_task_group']) retrieved from /home/airflow/.local/lib/python3.7/site-packages/airflow/example_dags/example_task_group.py
[2023-01-11T01:17:46.844+0000] {logging_mixin.py:120} INFO - [2023-01-11T01:17:46.844+0000] {dag.py:2585} INFO - Sync 1 DAGs
[2023-01-11T01:17:46.876+0000] {logging_mixin.py:120} INFO - [2023-01-11T01:17:46.876+0000] {dag.py:3340} INFO - Setting next_dagrun for example_task_group to 2023-01-10T01:17:46.875759+00:00, run_after=2023-01-11T01:17:46.875759+00:00
[2023-01-11T01:17:46.902+0000] {processor.py:176} INFO - Processing /home/airflow/.local/lib/python3.7/site-packages/airflow/example_dags/example_task_group.py took 0.153 seconds
[2023-01-11T01:18:17.041+0000] {processor.py:154} INFO - Started process (PID=18396) to work on /home/airflow/.local/lib/python3.7/site-packages/airflow/example_dags/example_task_group.py
[2023-01-11T01:18:17.043+0000] {processor.py:756} INFO - Processing file /home/airflow/.local/lib/python3.7/site-packages/airflow/example_dags/example_task_group.py for tasks to queue
[2023-01-11T01:18:17.045+0000] {logging_mixin.py:120} INFO - [2023-01-11T01:18:17.044+0000] {dagbag.py:537} INFO - Filling up the DagBag from /home/airflow/.local/lib/python3.7/site-packages/airflow/example_dags/example_task_group.py
[2023-01-11T01:18:17.075+0000] {processor.py:766} INFO - DAG(s) dict_keys(['example_task_group']) retrieved from /home/airflow/.local/lib/python3.7/site-packages/airflow/example_dags/example_task_group.py
[2023-01-11T01:18:17.126+0000] {logging_mixin.py:120} INFO - [2023-01-11T01:18:17.126+0000] {dag.py:2585} INFO - Sync 1 DAGs
[2023-01-11T01:18:17.153+0000] {logging_mixin.py:120} INFO - [2023-01-11T01:18:17.153+0000] {dag.py:3340} INFO - Setting next_dagrun for example_task_group to 2023-01-10T01:18:17.153247+00:00, run_after=2023-01-11T01:18:17.153247+00:00
[2023-01-11T01:18:17.176+0000] {processor.py:176} INFO - Processing /home/airflow/.local/lib/python3.7/site-packages/airflow/example_dags/example_task_group.py took 0.140 seconds
[2023-01-11T01:18:48.111+0000] {processor.py:154} INFO - Started process (PID=18464) to work on /home/airflow/.local/lib/python3.7/site-packages/airflow/example_dags/example_task_group.py
[2023-01-11T01:18:48.112+0000] {processor.py:756} INFO - Processing file /home/airflow/.local/lib/python3.7/site-packages/airflow/example_dags/example_task_group.py for tasks to queue
[2023-01-11T01:18:48.113+0000] {logging_mixin.py:120} INFO - [2023-01-11T01:18:48.113+0000] {dagbag.py:537} INFO - Filling up the DagBag from /home/airflow/.local/lib/python3.7/site-packages/airflow/example_dags/example_task_group.py
[2023-01-11T01:18:48.135+0000] {processor.py:766} INFO - DAG(s) dict_keys(['example_task_group']) retrieved from /home/airflow/.local/lib/python3.7/site-packages/airflow/example_dags/example_task_group.py
[2023-01-11T01:18:48.188+0000] {logging_mixin.py:120} INFO - [2023-01-11T01:18:48.188+0000] {dag.py:2585} INFO - Sync 1 DAGs
[2023-01-11T01:18:48.223+0000] {logging_mixin.py:120} INFO - [2023-01-11T01:18:48.223+0000] {dag.py:3340} INFO - Setting next_dagrun for example_task_group to 2023-01-10T01:18:48.222950+00:00, run_after=2023-01-11T01:18:48.222950+00:00
[2023-01-11T01:18:48.249+0000] {processor.py:176} INFO - Processing /home/airflow/.local/lib/python3.7/site-packages/airflow/example_dags/example_task_group.py took 0.142 seconds
[2023-01-11T01:19:18.630+0000] {processor.py:154} INFO - Started process (PID=18522) to work on /home/airflow/.local/lib/python3.7/site-packages/airflow/example_dags/example_task_group.py
[2023-01-11T01:19:18.634+0000] {processor.py:756} INFO - Processing file /home/airflow/.local/lib/python3.7/site-packages/airflow/example_dags/example_task_group.py for tasks to queue
[2023-01-11T01:19:18.639+0000] {logging_mixin.py:120} INFO - [2023-01-11T01:19:18.638+0000] {dagbag.py:537} INFO - Filling up the DagBag from /home/airflow/.local/lib/python3.7/site-packages/airflow/example_dags/example_task_group.py
[2023-01-11T01:19:18.708+0000] {processor.py:766} INFO - DAG(s) dict_keys(['example_task_group']) retrieved from /home/airflow/.local/lib/python3.7/site-packages/airflow/example_dags/example_task_group.py
[2023-01-11T01:19:18.973+0000] {logging_mixin.py:120} INFO - [2023-01-11T01:19:18.972+0000] {dag.py:2585} INFO - Sync 1 DAGs
[2023-01-11T01:19:19.071+0000] {logging_mixin.py:120} INFO - [2023-01-11T01:19:19.070+0000] {dag.py:3340} INFO - Setting next_dagrun for example_task_group to 2023-01-10T01:19:19.070132+00:00, run_after=2023-01-11T01:19:19.070132+00:00
[2023-01-11T01:19:19.140+0000] {processor.py:176} INFO - Processing /home/airflow/.local/lib/python3.7/site-packages/airflow/example_dags/example_task_group.py took 0.524 seconds
[2023-01-11T01:19:49.695+0000] {processor.py:154} INFO - Started process (PID=18589) to work on /home/airflow/.local/lib/python3.7/site-packages/airflow/example_dags/example_task_group.py
[2023-01-11T01:19:49.697+0000] {processor.py:756} INFO - Processing file /home/airflow/.local/lib/python3.7/site-packages/airflow/example_dags/example_task_group.py for tasks to queue
[2023-01-11T01:19:49.699+0000] {logging_mixin.py:120} INFO - [2023-01-11T01:19:49.699+0000] {dagbag.py:537} INFO - Filling up the DagBag from /home/airflow/.local/lib/python3.7/site-packages/airflow/example_dags/example_task_group.py
[2023-01-11T01:19:49.739+0000] {processor.py:766} INFO - DAG(s) dict_keys(['example_task_group']) retrieved from /home/airflow/.local/lib/python3.7/site-packages/airflow/example_dags/example_task_group.py
[2023-01-11T01:19:49.814+0000] {logging_mixin.py:120} INFO - [2023-01-11T01:19:49.814+0000] {dag.py:2585} INFO - Sync 1 DAGs
[2023-01-11T01:19:49.845+0000] {logging_mixin.py:120} INFO - [2023-01-11T01:19:49.845+0000] {dag.py:3340} INFO - Setting next_dagrun for example_task_group to 2023-01-10T01:19:49.845126+00:00, run_after=2023-01-11T01:19:49.845126+00:00
[2023-01-11T01:19:49.873+0000] {processor.py:176} INFO - Processing /home/airflow/.local/lib/python3.7/site-packages/airflow/example_dags/example_task_group.py took 0.186 seconds
[2023-01-11T01:20:20.148+0000] {processor.py:154} INFO - Started process (PID=18656) to work on /home/airflow/.local/lib/python3.7/site-packages/airflow/example_dags/example_task_group.py
[2023-01-11T01:20:20.151+0000] {processor.py:756} INFO - Processing file /home/airflow/.local/lib/python3.7/site-packages/airflow/example_dags/example_task_group.py for tasks to queue
[2023-01-11T01:20:20.154+0000] {logging_mixin.py:120} INFO - [2023-01-11T01:20:20.153+0000] {dagbag.py:537} INFO - Filling up the DagBag from /home/airflow/.local/lib/python3.7/site-packages/airflow/example_dags/example_task_group.py
[2023-01-11T01:20:20.209+0000] {processor.py:766} INFO - DAG(s) dict_keys(['example_task_group']) retrieved from /home/airflow/.local/lib/python3.7/site-packages/airflow/example_dags/example_task_group.py
[2023-01-11T01:20:20.346+0000] {logging_mixin.py:120} INFO - [2023-01-11T01:20:20.345+0000] {dag.py:2585} INFO - Sync 1 DAGs
[2023-01-11T01:20:20.444+0000] {logging_mixin.py:120} INFO - [2023-01-11T01:20:20.443+0000] {dag.py:3340} INFO - Setting next_dagrun for example_task_group to 2023-01-10T01:20:20.443277+00:00, run_after=2023-01-11T01:20:20.443277+00:00
[2023-01-11T01:20:20.515+0000] {processor.py:176} INFO - Processing /home/airflow/.local/lib/python3.7/site-packages/airflow/example_dags/example_task_group.py took 0.377 seconds
[2023-01-11T01:20:51.320+0000] {processor.py:154} INFO - Started process (PID=18714) to work on /home/airflow/.local/lib/python3.7/site-packages/airflow/example_dags/example_task_group.py
[2023-01-11T01:20:51.322+0000] {processor.py:756} INFO - Processing file /home/airflow/.local/lib/python3.7/site-packages/airflow/example_dags/example_task_group.py for tasks to queue
[2023-01-11T01:20:51.323+0000] {logging_mixin.py:120} INFO - [2023-01-11T01:20:51.323+0000] {dagbag.py:537} INFO - Filling up the DagBag from /home/airflow/.local/lib/python3.7/site-packages/airflow/example_dags/example_task_group.py
[2023-01-11T01:20:51.358+0000] {processor.py:766} INFO - DAG(s) dict_keys(['example_task_group']) retrieved from /home/airflow/.local/lib/python3.7/site-packages/airflow/example_dags/example_task_group.py
[2023-01-11T01:20:51.444+0000] {logging_mixin.py:120} INFO - [2023-01-11T01:20:51.444+0000] {dag.py:2585} INFO - Sync 1 DAGs
[2023-01-11T01:20:51.516+0000] {logging_mixin.py:120} INFO - [2023-01-11T01:20:51.515+0000] {dag.py:3340} INFO - Setting next_dagrun for example_task_group to 2023-01-10T01:20:51.514731+00:00, run_after=2023-01-11T01:20:51.514731+00:00
[2023-01-11T01:20:51.572+0000] {processor.py:176} INFO - Processing /home/airflow/.local/lib/python3.7/site-packages/airflow/example_dags/example_task_group.py took 0.259 seconds
[2023-01-11T01:21:21.679+0000] {processor.py:154} INFO - Started process (PID=18780) to work on /home/airflow/.local/lib/python3.7/site-packages/airflow/example_dags/example_task_group.py
[2023-01-11T01:21:21.680+0000] {processor.py:756} INFO - Processing file /home/airflow/.local/lib/python3.7/site-packages/airflow/example_dags/example_task_group.py for tasks to queue
[2023-01-11T01:21:21.681+0000] {logging_mixin.py:120} INFO - [2023-01-11T01:21:21.681+0000] {dagbag.py:537} INFO - Filling up the DagBag from /home/airflow/.local/lib/python3.7/site-packages/airflow/example_dags/example_task_group.py
[2023-01-11T01:21:21.696+0000] {processor.py:766} INFO - DAG(s) dict_keys(['example_task_group']) retrieved from /home/airflow/.local/lib/python3.7/site-packages/airflow/example_dags/example_task_group.py
[2023-01-11T01:21:21.739+0000] {logging_mixin.py:120} INFO - [2023-01-11T01:21:21.738+0000] {dag.py:2585} INFO - Sync 1 DAGs
[2023-01-11T01:21:21.769+0000] {logging_mixin.py:120} INFO - [2023-01-11T01:21:21.769+0000] {dag.py:3340} INFO - Setting next_dagrun for example_task_group to 2023-01-10T01:21:21.768946+00:00, run_after=2023-01-11T01:21:21.768946+00:00
[2023-01-11T01:21:21.804+0000] {processor.py:176} INFO - Processing /home/airflow/.local/lib/python3.7/site-packages/airflow/example_dags/example_task_group.py took 0.130 seconds
[2023-01-11T01:21:52.131+0000] {processor.py:154} INFO - Started process (PID=18838) to work on /home/airflow/.local/lib/python3.7/site-packages/airflow/example_dags/example_task_group.py
[2023-01-11T01:21:52.133+0000] {processor.py:756} INFO - Processing file /home/airflow/.local/lib/python3.7/site-packages/airflow/example_dags/example_task_group.py for tasks to queue
[2023-01-11T01:21:52.136+0000] {logging_mixin.py:120} INFO - [2023-01-11T01:21:52.136+0000] {dagbag.py:537} INFO - Filling up the DagBag from /home/airflow/.local/lib/python3.7/site-packages/airflow/example_dags/example_task_group.py
[2023-01-11T01:21:52.181+0000] {processor.py:766} INFO - DAG(s) dict_keys(['example_task_group']) retrieved from /home/airflow/.local/lib/python3.7/site-packages/airflow/example_dags/example_task_group.py
[2023-01-11T01:21:52.296+0000] {logging_mixin.py:120} INFO - [2023-01-11T01:21:52.296+0000] {dag.py:2585} INFO - Sync 1 DAGs
[2023-01-11T01:21:52.366+0000] {logging_mixin.py:120} INFO - [2023-01-11T01:21:52.366+0000] {dag.py:3340} INFO - Setting next_dagrun for example_task_group to 2023-01-10T01:21:52.365348+00:00, run_after=2023-01-11T01:21:52.365348+00:00
[2023-01-11T01:21:52.423+0000] {processor.py:176} INFO - Processing /home/airflow/.local/lib/python3.7/site-packages/airflow/example_dags/example_task_group.py took 0.301 seconds
[2023-01-11T01:22:22.667+0000] {processor.py:154} INFO - Started process (PID=18905) to work on /home/airflow/.local/lib/python3.7/site-packages/airflow/example_dags/example_task_group.py
[2023-01-11T01:22:22.669+0000] {processor.py:756} INFO - Processing file /home/airflow/.local/lib/python3.7/site-packages/airflow/example_dags/example_task_group.py for tasks to queue
[2023-01-11T01:22:22.672+0000] {logging_mixin.py:120} INFO - [2023-01-11T01:22:22.671+0000] {dagbag.py:537} INFO - Filling up the DagBag from /home/airflow/.local/lib/python3.7/site-packages/airflow/example_dags/example_task_group.py
[2023-01-11T01:22:22.716+0000] {processor.py:766} INFO - DAG(s) dict_keys(['example_task_group']) retrieved from /home/airflow/.local/lib/python3.7/site-packages/airflow/example_dags/example_task_group.py
[2023-01-11T01:22:22.820+0000] {logging_mixin.py:120} INFO - [2023-01-11T01:22:22.820+0000] {dag.py:2585} INFO - Sync 1 DAGs
[2023-01-11T01:22:22.857+0000] {logging_mixin.py:120} INFO - [2023-01-11T01:22:22.857+0000] {dag.py:3340} INFO - Setting next_dagrun for example_task_group to 2023-01-10T01:22:22.857214+00:00, run_after=2023-01-11T01:22:22.857214+00:00
[2023-01-11T01:22:22.908+0000] {processor.py:176} INFO - Processing /home/airflow/.local/lib/python3.7/site-packages/airflow/example_dags/example_task_group.py took 0.250 seconds
[2023-01-11T01:22:53.270+0000] {processor.py:154} INFO - Started process (PID=18963) to work on /home/airflow/.local/lib/python3.7/site-packages/airflow/example_dags/example_task_group.py
[2023-01-11T01:22:53.271+0000] {processor.py:756} INFO - Processing file /home/airflow/.local/lib/python3.7/site-packages/airflow/example_dags/example_task_group.py for tasks to queue
[2023-01-11T01:22:53.273+0000] {logging_mixin.py:120} INFO - [2023-01-11T01:22:53.272+0000] {dagbag.py:537} INFO - Filling up the DagBag from /home/airflow/.local/lib/python3.7/site-packages/airflow/example_dags/example_task_group.py
[2023-01-11T01:22:53.291+0000] {processor.py:766} INFO - DAG(s) dict_keys(['example_task_group']) retrieved from /home/airflow/.local/lib/python3.7/site-packages/airflow/example_dags/example_task_group.py
[2023-01-11T01:22:53.345+0000] {logging_mixin.py:120} INFO - [2023-01-11T01:22:53.344+0000] {dag.py:2585} INFO - Sync 1 DAGs
[2023-01-11T01:22:53.376+0000] {logging_mixin.py:120} INFO - [2023-01-11T01:22:53.375+0000] {dag.py:3340} INFO - Setting next_dagrun for example_task_group to 2023-01-10T01:22:53.375511+00:00, run_after=2023-01-11T01:22:53.375511+00:00
[2023-01-11T01:22:53.403+0000] {processor.py:176} INFO - Processing /home/airflow/.local/lib/python3.7/site-packages/airflow/example_dags/example_task_group.py took 0.136 seconds
[2023-01-11T01:23:23.706+0000] {processor.py:154} INFO - Started process (PID=19031) to work on /home/airflow/.local/lib/python3.7/site-packages/airflow/example_dags/example_task_group.py
[2023-01-11T01:23:23.708+0000] {processor.py:756} INFO - Processing file /home/airflow/.local/lib/python3.7/site-packages/airflow/example_dags/example_task_group.py for tasks to queue
[2023-01-11T01:23:23.710+0000] {logging_mixin.py:120} INFO - [2023-01-11T01:23:23.710+0000] {dagbag.py:537} INFO - Filling up the DagBag from /home/airflow/.local/lib/python3.7/site-packages/airflow/example_dags/example_task_group.py
[2023-01-11T01:23:23.732+0000] {processor.py:766} INFO - DAG(s) dict_keys(['example_task_group']) retrieved from /home/airflow/.local/lib/python3.7/site-packages/airflow/example_dags/example_task_group.py
[2023-01-11T01:23:23.775+0000] {logging_mixin.py:120} INFO - [2023-01-11T01:23:23.775+0000] {dag.py:2585} INFO - Sync 1 DAGs
[2023-01-11T01:23:23.802+0000] {logging_mixin.py:120} INFO - [2023-01-11T01:23:23.802+0000] {dag.py:3340} INFO - Setting next_dagrun for example_task_group to 2023-01-10T01:23:23.801866+00:00, run_after=2023-01-11T01:23:23.801866+00:00
[2023-01-11T01:23:23.824+0000] {processor.py:176} INFO - Processing /home/airflow/.local/lib/python3.7/site-packages/airflow/example_dags/example_task_group.py took 0.125 seconds
[2023-01-11T01:23:54.337+0000] {processor.py:154} INFO - Started process (PID=19089) to work on /home/airflow/.local/lib/python3.7/site-packages/airflow/example_dags/example_task_group.py
[2023-01-11T01:23:54.339+0000] {processor.py:756} INFO - Processing file /home/airflow/.local/lib/python3.7/site-packages/airflow/example_dags/example_task_group.py for tasks to queue
[2023-01-11T01:23:54.340+0000] {logging_mixin.py:120} INFO - [2023-01-11T01:23:54.340+0000] {dagbag.py:537} INFO - Filling up the DagBag from /home/airflow/.local/lib/python3.7/site-packages/airflow/example_dags/example_task_group.py
[2023-01-11T01:23:54.370+0000] {processor.py:766} INFO - DAG(s) dict_keys(['example_task_group']) retrieved from /home/airflow/.local/lib/python3.7/site-packages/airflow/example_dags/example_task_group.py
[2023-01-11T01:23:54.463+0000] {logging_mixin.py:120} INFO - [2023-01-11T01:23:54.463+0000] {dag.py:2585} INFO - Sync 1 DAGs
[2023-01-11T01:23:54.525+0000] {logging_mixin.py:120} INFO - [2023-01-11T01:23:54.524+0000] {dag.py:3340} INFO - Setting next_dagrun for example_task_group to 2023-01-10T01:23:54.524370+00:00, run_after=2023-01-11T01:23:54.524370+00:00
[2023-01-11T01:23:54.574+0000] {processor.py:176} INFO - Processing /home/airflow/.local/lib/python3.7/site-packages/airflow/example_dags/example_task_group.py took 0.244 seconds
[2023-01-11T01:24:25.078+0000] {processor.py:154} INFO - Started process (PID=19156) to work on /home/airflow/.local/lib/python3.7/site-packages/airflow/example_dags/example_task_group.py
[2023-01-11T01:24:25.080+0000] {processor.py:756} INFO - Processing file /home/airflow/.local/lib/python3.7/site-packages/airflow/example_dags/example_task_group.py for tasks to queue
[2023-01-11T01:24:25.081+0000] {logging_mixin.py:120} INFO - [2023-01-11T01:24:25.081+0000] {dagbag.py:537} INFO - Filling up the DagBag from /home/airflow/.local/lib/python3.7/site-packages/airflow/example_dags/example_task_group.py
[2023-01-11T01:24:25.110+0000] {processor.py:766} INFO - DAG(s) dict_keys(['example_task_group']) retrieved from /home/airflow/.local/lib/python3.7/site-packages/airflow/example_dags/example_task_group.py
[2023-01-11T01:24:25.181+0000] {logging_mixin.py:120} INFO - [2023-01-11T01:24:25.181+0000] {dag.py:2585} INFO - Sync 1 DAGs
[2023-01-11T01:24:25.223+0000] {logging_mixin.py:120} INFO - [2023-01-11T01:24:25.223+0000] {dag.py:3340} INFO - Setting next_dagrun for example_task_group to 2023-01-10T01:24:25.222972+00:00, run_after=2023-01-11T01:24:25.222972+00:00
[2023-01-11T01:24:25.258+0000] {processor.py:176} INFO - Processing /home/airflow/.local/lib/python3.7/site-packages/airflow/example_dags/example_task_group.py took 0.184 seconds
[2023-01-11T01:24:55.770+0000] {processor.py:154} INFO - Started process (PID=19215) to work on /home/airflow/.local/lib/python3.7/site-packages/airflow/example_dags/example_task_group.py
[2023-01-11T01:24:55.771+0000] {processor.py:756} INFO - Processing file /home/airflow/.local/lib/python3.7/site-packages/airflow/example_dags/example_task_group.py for tasks to queue
[2023-01-11T01:24:55.773+0000] {logging_mixin.py:120} INFO - [2023-01-11T01:24:55.772+0000] {dagbag.py:537} INFO - Filling up the DagBag from /home/airflow/.local/lib/python3.7/site-packages/airflow/example_dags/example_task_group.py
[2023-01-11T01:24:55.796+0000] {processor.py:766} INFO - DAG(s) dict_keys(['example_task_group']) retrieved from /home/airflow/.local/lib/python3.7/site-packages/airflow/example_dags/example_task_group.py
[2023-01-11T01:24:55.856+0000] {logging_mixin.py:120} INFO - [2023-01-11T01:24:55.856+0000] {dag.py:2585} INFO - Sync 1 DAGs
[2023-01-11T01:24:55.901+0000] {logging_mixin.py:120} INFO - [2023-01-11T01:24:55.901+0000] {dag.py:3340} INFO - Setting next_dagrun for example_task_group to 2023-01-10T01:24:55.901049+00:00, run_after=2023-01-11T01:24:55.901049+00:00
[2023-01-11T01:24:55.929+0000] {processor.py:176} INFO - Processing /home/airflow/.local/lib/python3.7/site-packages/airflow/example_dags/example_task_group.py took 0.163 seconds
[2023-01-11T01:25:26.648+0000] {processor.py:154} INFO - Started process (PID=19282) to work on /home/airflow/.local/lib/python3.7/site-packages/airflow/example_dags/example_task_group.py
[2023-01-11T01:25:26.650+0000] {processor.py:756} INFO - Processing file /home/airflow/.local/lib/python3.7/site-packages/airflow/example_dags/example_task_group.py for tasks to queue
[2023-01-11T01:25:26.652+0000] {logging_mixin.py:120} INFO - [2023-01-11T01:25:26.652+0000] {dagbag.py:537} INFO - Filling up the DagBag from /home/airflow/.local/lib/python3.7/site-packages/airflow/example_dags/example_task_group.py
[2023-01-11T01:25:26.684+0000] {processor.py:766} INFO - DAG(s) dict_keys(['example_task_group']) retrieved from /home/airflow/.local/lib/python3.7/site-packages/airflow/example_dags/example_task_group.py
[2023-01-11T01:25:26.772+0000] {logging_mixin.py:120} INFO - [2023-01-11T01:25:26.772+0000] {dag.py:2585} INFO - Sync 1 DAGs
[2023-01-11T01:25:26.825+0000] {logging_mixin.py:120} INFO - [2023-01-11T01:25:26.825+0000] {dag.py:3340} INFO - Setting next_dagrun for example_task_group to 2023-01-10T01:25:26.824631+00:00, run_after=2023-01-11T01:25:26.824631+00:00
[2023-01-11T01:25:26.867+0000] {processor.py:176} INFO - Processing /home/airflow/.local/lib/python3.7/site-packages/airflow/example_dags/example_task_group.py took 0.225 seconds
[2023-01-11T01:25:57.389+0000] {processor.py:154} INFO - Started process (PID=19340) to work on /home/airflow/.local/lib/python3.7/site-packages/airflow/example_dags/example_task_group.py
[2023-01-11T01:25:57.391+0000] {processor.py:756} INFO - Processing file /home/airflow/.local/lib/python3.7/site-packages/airflow/example_dags/example_task_group.py for tasks to queue
[2023-01-11T01:25:57.401+0000] {logging_mixin.py:120} INFO - [2023-01-11T01:25:57.397+0000] {dagbag.py:537} INFO - Filling up the DagBag from /home/airflow/.local/lib/python3.7/site-packages/airflow/example_dags/example_task_group.py
[2023-01-11T01:25:57.438+0000] {processor.py:766} INFO - DAG(s) dict_keys(['example_task_group']) retrieved from /home/airflow/.local/lib/python3.7/site-packages/airflow/example_dags/example_task_group.py
[2023-01-11T01:25:57.616+0000] {logging_mixin.py:120} INFO - [2023-01-11T01:25:57.616+0000] {dag.py:2585} INFO - Sync 1 DAGs
[2023-01-11T01:25:57.671+0000] {logging_mixin.py:120} INFO - [2023-01-11T01:25:57.671+0000] {dag.py:3340} INFO - Setting next_dagrun for example_task_group to 2023-01-10T01:25:57.670296+00:00, run_after=2023-01-11T01:25:57.670296+00:00
[2023-01-11T01:25:57.728+0000] {processor.py:176} INFO - Processing /home/airflow/.local/lib/python3.7/site-packages/airflow/example_dags/example_task_group.py took 0.348 seconds
[2023-01-11T01:26:28.271+0000] {processor.py:154} INFO - Started process (PID=19407) to work on /home/airflow/.local/lib/python3.7/site-packages/airflow/example_dags/example_task_group.py
[2023-01-11T01:26:28.274+0000] {processor.py:756} INFO - Processing file /home/airflow/.local/lib/python3.7/site-packages/airflow/example_dags/example_task_group.py for tasks to queue
[2023-01-11T01:26:28.276+0000] {logging_mixin.py:120} INFO - [2023-01-11T01:26:28.276+0000] {dagbag.py:537} INFO - Filling up the DagBag from /home/airflow/.local/lib/python3.7/site-packages/airflow/example_dags/example_task_group.py
[2023-01-11T01:26:28.317+0000] {processor.py:766} INFO - DAG(s) dict_keys(['example_task_group']) retrieved from /home/airflow/.local/lib/python3.7/site-packages/airflow/example_dags/example_task_group.py
[2023-01-11T01:26:28.415+0000] {logging_mixin.py:120} INFO - [2023-01-11T01:26:28.415+0000] {dag.py:2585} INFO - Sync 1 DAGs
[2023-01-11T01:26:28.468+0000] {logging_mixin.py:120} INFO - [2023-01-11T01:26:28.468+0000] {dag.py:3340} INFO - Setting next_dagrun for example_task_group to 2023-01-10T01:26:28.467375+00:00, run_after=2023-01-11T01:26:28.467375+00:00
[2023-01-11T01:26:28.527+0000] {processor.py:176} INFO - Processing /home/airflow/.local/lib/python3.7/site-packages/airflow/example_dags/example_task_group.py took 0.262 seconds
[2023-01-11T01:26:58.798+0000] {processor.py:154} INFO - Started process (PID=19465) to work on /home/airflow/.local/lib/python3.7/site-packages/airflow/example_dags/example_task_group.py
[2023-01-11T01:26:58.800+0000] {processor.py:756} INFO - Processing file /home/airflow/.local/lib/python3.7/site-packages/airflow/example_dags/example_task_group.py for tasks to queue
[2023-01-11T01:26:58.801+0000] {logging_mixin.py:120} INFO - [2023-01-11T01:26:58.801+0000] {dagbag.py:537} INFO - Filling up the DagBag from /home/airflow/.local/lib/python3.7/site-packages/airflow/example_dags/example_task_group.py
[2023-01-11T01:26:58.823+0000] {processor.py:766} INFO - DAG(s) dict_keys(['example_task_group']) retrieved from /home/airflow/.local/lib/python3.7/site-packages/airflow/example_dags/example_task_group.py
[2023-01-11T01:26:58.895+0000] {logging_mixin.py:120} INFO - [2023-01-11T01:26:58.894+0000] {dag.py:2585} INFO - Sync 1 DAGs
[2023-01-11T01:26:58.943+0000] {logging_mixin.py:120} INFO - [2023-01-11T01:26:58.943+0000] {dag.py:3340} INFO - Setting next_dagrun for example_task_group to 2023-01-10T01:26:58.943020+00:00, run_after=2023-01-11T01:26:58.943020+00:00
[2023-01-11T01:26:58.991+0000] {processor.py:176} INFO - Processing /home/airflow/.local/lib/python3.7/site-packages/airflow/example_dags/example_task_group.py took 0.196 seconds
[2023-01-11T01:27:29.229+0000] {processor.py:154} INFO - Started process (PID=19532) to work on /home/airflow/.local/lib/python3.7/site-packages/airflow/example_dags/example_task_group.py
[2023-01-11T01:27:29.230+0000] {processor.py:756} INFO - Processing file /home/airflow/.local/lib/python3.7/site-packages/airflow/example_dags/example_task_group.py for tasks to queue
[2023-01-11T01:27:29.231+0000] {logging_mixin.py:120} INFO - [2023-01-11T01:27:29.231+0000] {dagbag.py:537} INFO - Filling up the DagBag from /home/airflow/.local/lib/python3.7/site-packages/airflow/example_dags/example_task_group.py
[2023-01-11T01:27:29.260+0000] {processor.py:766} INFO - DAG(s) dict_keys(['example_task_group']) retrieved from /home/airflow/.local/lib/python3.7/site-packages/airflow/example_dags/example_task_group.py
[2023-01-11T01:27:29.327+0000] {logging_mixin.py:120} INFO - [2023-01-11T01:27:29.327+0000] {dag.py:2585} INFO - Sync 1 DAGs
[2023-01-11T01:27:29.368+0000] {logging_mixin.py:120} INFO - [2023-01-11T01:27:29.368+0000] {dag.py:3340} INFO - Setting next_dagrun for example_task_group to 2023-01-10T01:27:29.368176+00:00, run_after=2023-01-11T01:27:29.368176+00:00
[2023-01-11T01:27:29.403+0000] {processor.py:176} INFO - Processing /home/airflow/.local/lib/python3.7/site-packages/airflow/example_dags/example_task_group.py took 0.181 seconds
[2023-01-11T01:27:59.908+0000] {processor.py:154} INFO - Started process (PID=19590) to work on /home/airflow/.local/lib/python3.7/site-packages/airflow/example_dags/example_task_group.py
[2023-01-11T01:27:59.910+0000] {processor.py:756} INFO - Processing file /home/airflow/.local/lib/python3.7/site-packages/airflow/example_dags/example_task_group.py for tasks to queue
[2023-01-11T01:27:59.913+0000] {logging_mixin.py:120} INFO - [2023-01-11T01:27:59.912+0000] {dagbag.py:537} INFO - Filling up the DagBag from /home/airflow/.local/lib/python3.7/site-packages/airflow/example_dags/example_task_group.py
[2023-01-11T01:27:59.972+0000] {processor.py:766} INFO - DAG(s) dict_keys(['example_task_group']) retrieved from /home/airflow/.local/lib/python3.7/site-packages/airflow/example_dags/example_task_group.py
[2023-01-11T01:28:00.063+0000] {logging_mixin.py:120} INFO - [2023-01-11T01:28:00.063+0000] {dag.py:2585} INFO - Sync 1 DAGs
[2023-01-11T01:28:00.115+0000] {logging_mixin.py:120} INFO - [2023-01-11T01:28:00.114+0000] {dag.py:3340} INFO - Setting next_dagrun for example_task_group to 2023-01-10T01:28:00.114433+00:00, run_after=2023-01-11T01:28:00.114433+00:00
[2023-01-11T01:28:00.166+0000] {processor.py:176} INFO - Processing /home/airflow/.local/lib/python3.7/site-packages/airflow/example_dags/example_task_group.py took 0.267 seconds
[2023-01-11T01:28:30.255+0000] {processor.py:154} INFO - Started process (PID=19656) to work on /home/airflow/.local/lib/python3.7/site-packages/airflow/example_dags/example_task_group.py
[2023-01-11T01:28:30.257+0000] {processor.py:756} INFO - Processing file /home/airflow/.local/lib/python3.7/site-packages/airflow/example_dags/example_task_group.py for tasks to queue
[2023-01-11T01:28:30.259+0000] {logging_mixin.py:120} INFO - [2023-01-11T01:28:30.258+0000] {dagbag.py:537} INFO - Filling up the DagBag from /home/airflow/.local/lib/python3.7/site-packages/airflow/example_dags/example_task_group.py
[2023-01-11T01:28:30.287+0000] {processor.py:766} INFO - DAG(s) dict_keys(['example_task_group']) retrieved from /home/airflow/.local/lib/python3.7/site-packages/airflow/example_dags/example_task_group.py
[2023-01-11T01:28:30.366+0000] {logging_mixin.py:120} INFO - [2023-01-11T01:28:30.366+0000] {dag.py:2585} INFO - Sync 1 DAGs
[2023-01-11T01:28:30.420+0000] {logging_mixin.py:120} INFO - [2023-01-11T01:28:30.419+0000] {dag.py:3340} INFO - Setting next_dagrun for example_task_group to 2023-01-10T01:28:30.419395+00:00, run_after=2023-01-11T01:28:30.419395+00:00
[2023-01-11T01:28:30.466+0000] {processor.py:176} INFO - Processing /home/airflow/.local/lib/python3.7/site-packages/airflow/example_dags/example_task_group.py took 0.216 seconds
[2023-01-11T01:29:00.754+0000] {processor.py:154} INFO - Started process (PID=19714) to work on /home/airflow/.local/lib/python3.7/site-packages/airflow/example_dags/example_task_group.py
[2023-01-11T01:29:00.757+0000] {processor.py:756} INFO - Processing file /home/airflow/.local/lib/python3.7/site-packages/airflow/example_dags/example_task_group.py for tasks to queue
[2023-01-11T01:29:00.759+0000] {logging_mixin.py:120} INFO - [2023-01-11T01:29:00.759+0000] {dagbag.py:537} INFO - Filling up the DagBag from /home/airflow/.local/lib/python3.7/site-packages/airflow/example_dags/example_task_group.py
[2023-01-11T01:29:00.806+0000] {processor.py:766} INFO - DAG(s) dict_keys(['example_task_group']) retrieved from /home/airflow/.local/lib/python3.7/site-packages/airflow/example_dags/example_task_group.py
[2023-01-11T01:29:00.918+0000] {logging_mixin.py:120} INFO - [2023-01-11T01:29:00.917+0000] {dag.py:2585} INFO - Sync 1 DAGs
[2023-01-11T01:29:00.988+0000] {logging_mixin.py:120} INFO - [2023-01-11T01:29:00.987+0000] {dag.py:3340} INFO - Setting next_dagrun for example_task_group to 2023-01-10T01:29:00.987069+00:00, run_after=2023-01-11T01:29:00.987069+00:00
[2023-01-11T01:29:01.044+0000] {processor.py:176} INFO - Processing /home/airflow/.local/lib/python3.7/site-packages/airflow/example_dags/example_task_group.py took 0.298 seconds
[2023-01-11T01:29:31.181+0000] {processor.py:154} INFO - Started process (PID=19780) to work on /home/airflow/.local/lib/python3.7/site-packages/airflow/example_dags/example_task_group.py
[2023-01-11T01:29:31.182+0000] {processor.py:756} INFO - Processing file /home/airflow/.local/lib/python3.7/site-packages/airflow/example_dags/example_task_group.py for tasks to queue
[2023-01-11T01:29:31.183+0000] {logging_mixin.py:120} INFO - [2023-01-11T01:29:31.183+0000] {dagbag.py:537} INFO - Filling up the DagBag from /home/airflow/.local/lib/python3.7/site-packages/airflow/example_dags/example_task_group.py
[2023-01-11T01:29:31.201+0000] {processor.py:766} INFO - DAG(s) dict_keys(['example_task_group']) retrieved from /home/airflow/.local/lib/python3.7/site-packages/airflow/example_dags/example_task_group.py
[2023-01-11T01:29:31.252+0000] {logging_mixin.py:120} INFO - [2023-01-11T01:29:31.252+0000] {dag.py:2585} INFO - Sync 1 DAGs
[2023-01-11T01:29:31.301+0000] {logging_mixin.py:120} INFO - [2023-01-11T01:29:31.301+0000] {dag.py:3340} INFO - Setting next_dagrun for example_task_group to 2023-01-10T01:29:31.301386+00:00, run_after=2023-01-11T01:29:31.301386+00:00
[2023-01-11T01:29:31.321+0000] {processor.py:176} INFO - Processing /home/airflow/.local/lib/python3.7/site-packages/airflow/example_dags/example_task_group.py took 0.144 seconds
[2023-01-11T01:30:01.648+0000] {processor.py:154} INFO - Started process (PID=19837) to work on /home/airflow/.local/lib/python3.7/site-packages/airflow/example_dags/example_task_group.py
[2023-01-11T01:30:01.650+0000] {processor.py:756} INFO - Processing file /home/airflow/.local/lib/python3.7/site-packages/airflow/example_dags/example_task_group.py for tasks to queue
[2023-01-11T01:30:01.652+0000] {logging_mixin.py:120} INFO - [2023-01-11T01:30:01.652+0000] {dagbag.py:537} INFO - Filling up the DagBag from /home/airflow/.local/lib/python3.7/site-packages/airflow/example_dags/example_task_group.py
[2023-01-11T01:30:01.679+0000] {processor.py:766} INFO - DAG(s) dict_keys(['example_task_group']) retrieved from /home/airflow/.local/lib/python3.7/site-packages/airflow/example_dags/example_task_group.py
[2023-01-11T01:30:01.743+0000] {logging_mixin.py:120} INFO - [2023-01-11T01:30:01.743+0000] {dag.py:2585} INFO - Sync 1 DAGs
[2023-01-11T01:30:01.781+0000] {logging_mixin.py:120} INFO - [2023-01-11T01:30:01.781+0000] {dag.py:3340} INFO - Setting next_dagrun for example_task_group to 2023-01-10T01:30:01.780911+00:00, run_after=2023-01-11T01:30:01.780911+00:00
[2023-01-11T01:30:01.816+0000] {processor.py:176} INFO - Processing /home/airflow/.local/lib/python3.7/site-packages/airflow/example_dags/example_task_group.py took 0.173 seconds
[2023-01-11T01:30:32.530+0000] {processor.py:154} INFO - Started process (PID=19904) to work on /home/airflow/.local/lib/python3.7/site-packages/airflow/example_dags/example_task_group.py
[2023-01-11T01:30:32.532+0000] {processor.py:756} INFO - Processing file /home/airflow/.local/lib/python3.7/site-packages/airflow/example_dags/example_task_group.py for tasks to queue
[2023-01-11T01:30:32.533+0000] {logging_mixin.py:120} INFO - [2023-01-11T01:30:32.533+0000] {dagbag.py:537} INFO - Filling up the DagBag from /home/airflow/.local/lib/python3.7/site-packages/airflow/example_dags/example_task_group.py
[2023-01-11T01:30:32.548+0000] {processor.py:766} INFO - DAG(s) dict_keys(['example_task_group']) retrieved from /home/airflow/.local/lib/python3.7/site-packages/airflow/example_dags/example_task_group.py
[2023-01-11T01:30:32.593+0000] {logging_mixin.py:120} INFO - [2023-01-11T01:30:32.593+0000] {dag.py:2585} INFO - Sync 1 DAGs
[2023-01-11T01:30:32.615+0000] {logging_mixin.py:120} INFO - [2023-01-11T01:30:32.615+0000] {dag.py:3340} INFO - Setting next_dagrun for example_task_group to 2023-01-10T01:30:32.615570+00:00, run_after=2023-01-11T01:30:32.615570+00:00
[2023-01-11T01:30:32.635+0000] {processor.py:176} INFO - Processing /home/airflow/.local/lib/python3.7/site-packages/airflow/example_dags/example_task_group.py took 0.109 seconds
[2023-01-11T01:31:02.747+0000] {processor.py:154} INFO - Started process (PID=19970) to work on /home/airflow/.local/lib/python3.7/site-packages/airflow/example_dags/example_task_group.py
[2023-01-11T01:31:02.749+0000] {processor.py:756} INFO - Processing file /home/airflow/.local/lib/python3.7/site-packages/airflow/example_dags/example_task_group.py for tasks to queue
[2023-01-11T01:31:02.752+0000] {logging_mixin.py:120} INFO - [2023-01-11T01:31:02.751+0000] {dagbag.py:537} INFO - Filling up the DagBag from /home/airflow/.local/lib/python3.7/site-packages/airflow/example_dags/example_task_group.py
[2023-01-11T01:31:02.795+0000] {processor.py:766} INFO - DAG(s) dict_keys(['example_task_group']) retrieved from /home/airflow/.local/lib/python3.7/site-packages/airflow/example_dags/example_task_group.py
[2023-01-11T01:31:02.885+0000] {logging_mixin.py:120} INFO - [2023-01-11T01:31:02.885+0000] {dag.py:2585} INFO - Sync 1 DAGs
[2023-01-11T01:31:02.947+0000] {logging_mixin.py:120} INFO - [2023-01-11T01:31:02.946+0000] {dag.py:3340} INFO - Setting next_dagrun for example_task_group to 2023-01-10T01:31:02.945914+00:00, run_after=2023-01-11T01:31:02.945914+00:00
[2023-01-11T01:31:03.006+0000] {processor.py:176} INFO - Processing /home/airflow/.local/lib/python3.7/site-packages/airflow/example_dags/example_task_group.py took 0.267 seconds
[2023-01-11T01:31:33.776+0000] {processor.py:154} INFO - Started process (PID=20028) to work on /home/airflow/.local/lib/python3.7/site-packages/airflow/example_dags/example_task_group.py
[2023-01-11T01:31:33.779+0000] {processor.py:756} INFO - Processing file /home/airflow/.local/lib/python3.7/site-packages/airflow/example_dags/example_task_group.py for tasks to queue
[2023-01-11T01:31:33.781+0000] {logging_mixin.py:120} INFO - [2023-01-11T01:31:33.781+0000] {dagbag.py:537} INFO - Filling up the DagBag from /home/airflow/.local/lib/python3.7/site-packages/airflow/example_dags/example_task_group.py
[2023-01-11T01:31:33.824+0000] {processor.py:766} INFO - DAG(s) dict_keys(['example_task_group']) retrieved from /home/airflow/.local/lib/python3.7/site-packages/airflow/example_dags/example_task_group.py
[2023-01-11T01:31:33.913+0000] {logging_mixin.py:120} INFO - [2023-01-11T01:31:33.912+0000] {dag.py:2585} INFO - Sync 1 DAGs
[2023-01-11T01:31:33.971+0000] {logging_mixin.py:120} INFO - [2023-01-11T01:31:33.970+0000] {dag.py:3340} INFO - Setting next_dagrun for example_task_group to 2023-01-10T01:31:33.970231+00:00, run_after=2023-01-11T01:31:33.970231+00:00
[2023-01-11T01:31:34.030+0000] {processor.py:176} INFO - Processing /home/airflow/.local/lib/python3.7/site-packages/airflow/example_dags/example_task_group.py took 0.263 seconds
[2023-01-11T01:32:04.506+0000] {processor.py:154} INFO - Started process (PID=20095) to work on /home/airflow/.local/lib/python3.7/site-packages/airflow/example_dags/example_task_group.py
[2023-01-11T01:32:04.507+0000] {processor.py:756} INFO - Processing file /home/airflow/.local/lib/python3.7/site-packages/airflow/example_dags/example_task_group.py for tasks to queue
[2023-01-11T01:32:04.508+0000] {logging_mixin.py:120} INFO - [2023-01-11T01:32:04.507+0000] {dagbag.py:537} INFO - Filling up the DagBag from /home/airflow/.local/lib/python3.7/site-packages/airflow/example_dags/example_task_group.py
[2023-01-11T01:32:04.528+0000] {processor.py:766} INFO - DAG(s) dict_keys(['example_task_group']) retrieved from /home/airflow/.local/lib/python3.7/site-packages/airflow/example_dags/example_task_group.py
[2023-01-11T01:32:04.585+0000] {logging_mixin.py:120} INFO - [2023-01-11T01:32:04.585+0000] {dag.py:2585} INFO - Sync 1 DAGs
[2023-01-11T01:32:04.622+0000] {logging_mixin.py:120} INFO - [2023-01-11T01:32:04.622+0000] {dag.py:3340} INFO - Setting next_dagrun for example_task_group to 2023-01-10T01:32:04.622345+00:00, run_after=2023-01-11T01:32:04.622345+00:00
[2023-01-11T01:32:04.650+0000] {processor.py:176} INFO - Processing /home/airflow/.local/lib/python3.7/site-packages/airflow/example_dags/example_task_group.py took 0.149 seconds
[2023-01-11T01:32:35.030+0000] {processor.py:154} INFO - Started process (PID=20153) to work on /home/airflow/.local/lib/python3.7/site-packages/airflow/example_dags/example_task_group.py
[2023-01-11T01:32:35.032+0000] {processor.py:756} INFO - Processing file /home/airflow/.local/lib/python3.7/site-packages/airflow/example_dags/example_task_group.py for tasks to queue
[2023-01-11T01:32:35.033+0000] {logging_mixin.py:120} INFO - [2023-01-11T01:32:35.033+0000] {dagbag.py:537} INFO - Filling up the DagBag from /home/airflow/.local/lib/python3.7/site-packages/airflow/example_dags/example_task_group.py
[2023-01-11T01:32:35.069+0000] {processor.py:766} INFO - DAG(s) dict_keys(['example_task_group']) retrieved from /home/airflow/.local/lib/python3.7/site-packages/airflow/example_dags/example_task_group.py
[2023-01-11T01:32:35.161+0000] {logging_mixin.py:120} INFO - [2023-01-11T01:32:35.161+0000] {dag.py:2585} INFO - Sync 1 DAGs
[2023-01-11T01:32:35.211+0000] {logging_mixin.py:120} INFO - [2023-01-11T01:32:35.211+0000] {dag.py:3340} INFO - Setting next_dagrun for example_task_group to 2023-01-10T01:32:35.210966+00:00, run_after=2023-01-11T01:32:35.210966+00:00
[2023-01-11T01:32:35.251+0000] {processor.py:176} INFO - Processing /home/airflow/.local/lib/python3.7/site-packages/airflow/example_dags/example_task_group.py took 0.229 seconds
[2023-01-11T01:33:05.881+0000] {processor.py:154} INFO - Started process (PID=20220) to work on /home/airflow/.local/lib/python3.7/site-packages/airflow/example_dags/example_task_group.py
[2023-01-11T01:33:05.883+0000] {processor.py:756} INFO - Processing file /home/airflow/.local/lib/python3.7/site-packages/airflow/example_dags/example_task_group.py for tasks to queue
[2023-01-11T01:33:05.886+0000] {logging_mixin.py:120} INFO - [2023-01-11T01:33:05.885+0000] {dagbag.py:537} INFO - Filling up the DagBag from /home/airflow/.local/lib/python3.7/site-packages/airflow/example_dags/example_task_group.py
[2023-01-11T01:33:05.928+0000] {processor.py:766} INFO - DAG(s) dict_keys(['example_task_group']) retrieved from /home/airflow/.local/lib/python3.7/site-packages/airflow/example_dags/example_task_group.py
[2023-01-11T01:33:06.041+0000] {logging_mixin.py:120} INFO - [2023-01-11T01:33:06.041+0000] {dag.py:2585} INFO - Sync 1 DAGs
[2023-01-11T01:33:06.114+0000] {logging_mixin.py:120} INFO - [2023-01-11T01:33:06.113+0000] {dag.py:3340} INFO - Setting next_dagrun for example_task_group to 2023-01-10T01:33:06.113140+00:00, run_after=2023-01-11T01:33:06.113140+00:00
[2023-01-11T01:33:06.186+0000] {processor.py:176} INFO - Processing /home/airflow/.local/lib/python3.7/site-packages/airflow/example_dags/example_task_group.py took 0.311 seconds
[2023-01-11T01:33:36.256+0000] {processor.py:154} INFO - Started process (PID=20278) to work on /home/airflow/.local/lib/python3.7/site-packages/airflow/example_dags/example_task_group.py
[2023-01-11T01:33:36.257+0000] {processor.py:756} INFO - Processing file /home/airflow/.local/lib/python3.7/site-packages/airflow/example_dags/example_task_group.py for tasks to queue
[2023-01-11T01:33:36.258+0000] {logging_mixin.py:120} INFO - [2023-01-11T01:33:36.258+0000] {dagbag.py:537} INFO - Filling up the DagBag from /home/airflow/.local/lib/python3.7/site-packages/airflow/example_dags/example_task_group.py
[2023-01-11T01:33:36.286+0000] {processor.py:766} INFO - DAG(s) dict_keys(['example_task_group']) retrieved from /home/airflow/.local/lib/python3.7/site-packages/airflow/example_dags/example_task_group.py
[2023-01-11T01:33:36.363+0000] {logging_mixin.py:120} INFO - [2023-01-11T01:33:36.363+0000] {dag.py:2585} INFO - Sync 1 DAGs
[2023-01-11T01:33:36.410+0000] {logging_mixin.py:120} INFO - [2023-01-11T01:33:36.409+0000] {dag.py:3340} INFO - Setting next_dagrun for example_task_group to 2023-01-10T01:33:36.409293+00:00, run_after=2023-01-11T01:33:36.409293+00:00
[2023-01-11T01:33:36.463+0000] {processor.py:176} INFO - Processing /home/airflow/.local/lib/python3.7/site-packages/airflow/example_dags/example_task_group.py took 0.213 seconds
[2023-01-11T01:34:06.896+0000] {processor.py:154} INFO - Started process (PID=20345) to work on /home/airflow/.local/lib/python3.7/site-packages/airflow/example_dags/example_task_group.py
[2023-01-11T01:34:06.898+0000] {processor.py:756} INFO - Processing file /home/airflow/.local/lib/python3.7/site-packages/airflow/example_dags/example_task_group.py for tasks to queue
[2023-01-11T01:34:06.900+0000] {logging_mixin.py:120} INFO - [2023-01-11T01:34:06.900+0000] {dagbag.py:537} INFO - Filling up the DagBag from /home/airflow/.local/lib/python3.7/site-packages/airflow/example_dags/example_task_group.py
[2023-01-11T01:34:06.936+0000] {processor.py:766} INFO - DAG(s) dict_keys(['example_task_group']) retrieved from /home/airflow/.local/lib/python3.7/site-packages/airflow/example_dags/example_task_group.py
[2023-01-11T01:34:07.036+0000] {logging_mixin.py:120} INFO - [2023-01-11T01:34:07.035+0000] {dag.py:2585} INFO - Sync 1 DAGs
[2023-01-11T01:34:07.105+0000] {logging_mixin.py:120} INFO - [2023-01-11T01:34:07.105+0000] {dag.py:3340} INFO - Setting next_dagrun for example_task_group to 2023-01-10T01:34:07.104636+00:00, run_after=2023-01-11T01:34:07.104636+00:00
[2023-01-11T01:34:07.164+0000] {processor.py:176} INFO - Processing /home/airflow/.local/lib/python3.7/site-packages/airflow/example_dags/example_task_group.py took 0.277 seconds
[2023-01-11T01:34:38.099+0000] {processor.py:154} INFO - Started process (PID=20403) to work on /home/airflow/.local/lib/python3.7/site-packages/airflow/example_dags/example_task_group.py
[2023-01-11T01:34:38.101+0000] {processor.py:756} INFO - Processing file /home/airflow/.local/lib/python3.7/site-packages/airflow/example_dags/example_task_group.py for tasks to queue
[2023-01-11T01:34:38.104+0000] {logging_mixin.py:120} INFO - [2023-01-11T01:34:38.103+0000] {dagbag.py:537} INFO - Filling up the DagBag from /home/airflow/.local/lib/python3.7/site-packages/airflow/example_dags/example_task_group.py
[2023-01-11T01:34:38.153+0000] {processor.py:766} INFO - DAG(s) dict_keys(['example_task_group']) retrieved from /home/airflow/.local/lib/python3.7/site-packages/airflow/example_dags/example_task_group.py
[2023-01-11T01:34:38.247+0000] {logging_mixin.py:120} INFO - [2023-01-11T01:34:38.246+0000] {dag.py:2585} INFO - Sync 1 DAGs
[2023-01-11T01:34:38.313+0000] {logging_mixin.py:120} INFO - [2023-01-11T01:34:38.313+0000] {dag.py:3340} INFO - Setting next_dagrun for example_task_group to 2023-01-10T01:34:38.312452+00:00, run_after=2023-01-11T01:34:38.312452+00:00
[2023-01-11T01:34:38.356+0000] {processor.py:176} INFO - Processing /home/airflow/.local/lib/python3.7/site-packages/airflow/example_dags/example_task_group.py took 0.264 seconds
[2023-01-11T01:35:08.432+0000] {processor.py:154} INFO - Started process (PID=20471) to work on /home/airflow/.local/lib/python3.7/site-packages/airflow/example_dags/example_task_group.py
[2023-01-11T01:35:08.434+0000] {processor.py:756} INFO - Processing file /home/airflow/.local/lib/python3.7/site-packages/airflow/example_dags/example_task_group.py for tasks to queue
[2023-01-11T01:35:08.436+0000] {logging_mixin.py:120} INFO - [2023-01-11T01:35:08.435+0000] {dagbag.py:537} INFO - Filling up the DagBag from /home/airflow/.local/lib/python3.7/site-packages/airflow/example_dags/example_task_group.py
[2023-01-11T01:35:08.470+0000] {processor.py:766} INFO - DAG(s) dict_keys(['example_task_group']) retrieved from /home/airflow/.local/lib/python3.7/site-packages/airflow/example_dags/example_task_group.py
[2023-01-11T01:35:08.547+0000] {logging_mixin.py:120} INFO - [2023-01-11T01:35:08.547+0000] {dag.py:2585} INFO - Sync 1 DAGs
[2023-01-11T01:35:08.570+0000] {logging_mixin.py:120} INFO - [2023-01-11T01:35:08.570+0000] {dag.py:3340} INFO - Setting next_dagrun for example_task_group to 2023-01-10T01:35:08.570491+00:00, run_after=2023-01-11T01:35:08.570491+00:00
[2023-01-11T01:35:08.589+0000] {processor.py:176} INFO - Processing /home/airflow/.local/lib/python3.7/site-packages/airflow/example_dags/example_task_group.py took 0.164 seconds
[2023-01-11T01:35:38.746+0000] {processor.py:154} INFO - Started process (PID=20530) to work on /home/airflow/.local/lib/python3.7/site-packages/airflow/example_dags/example_task_group.py
[2023-01-11T01:35:38.748+0000] {processor.py:756} INFO - Processing file /home/airflow/.local/lib/python3.7/site-packages/airflow/example_dags/example_task_group.py for tasks to queue
[2023-01-11T01:35:38.750+0000] {logging_mixin.py:120} INFO - [2023-01-11T01:35:38.750+0000] {dagbag.py:537} INFO - Filling up the DagBag from /home/airflow/.local/lib/python3.7/site-packages/airflow/example_dags/example_task_group.py
[2023-01-11T01:35:38.794+0000] {processor.py:766} INFO - DAG(s) dict_keys(['example_task_group']) retrieved from /home/airflow/.local/lib/python3.7/site-packages/airflow/example_dags/example_task_group.py
[2023-01-11T01:35:38.909+0000] {logging_mixin.py:120} INFO - [2023-01-11T01:35:38.908+0000] {dag.py:2585} INFO - Sync 1 DAGs
[2023-01-11T01:35:38.967+0000] {logging_mixin.py:120} INFO - [2023-01-11T01:35:38.967+0000] {dag.py:3340} INFO - Setting next_dagrun for example_task_group to 2023-01-10T01:35:38.966750+00:00, run_after=2023-01-11T01:35:38.966750+00:00
[2023-01-11T01:35:39.019+0000] {processor.py:176} INFO - Processing /home/airflow/.local/lib/python3.7/site-packages/airflow/example_dags/example_task_group.py took 0.282 seconds
[2023-01-11T01:36:09.104+0000] {processor.py:154} INFO - Started process (PID=20597) to work on /home/airflow/.local/lib/python3.7/site-packages/airflow/example_dags/example_task_group.py
[2023-01-11T01:36:09.106+0000] {processor.py:756} INFO - Processing file /home/airflow/.local/lib/python3.7/site-packages/airflow/example_dags/example_task_group.py for tasks to queue
[2023-01-11T01:36:09.109+0000] {logging_mixin.py:120} INFO - [2023-01-11T01:36:09.108+0000] {dagbag.py:537} INFO - Filling up the DagBag from /home/airflow/.local/lib/python3.7/site-packages/airflow/example_dags/example_task_group.py
[2023-01-11T01:36:09.171+0000] {processor.py:766} INFO - DAG(s) dict_keys(['example_task_group']) retrieved from /home/airflow/.local/lib/python3.7/site-packages/airflow/example_dags/example_task_group.py
[2023-01-11T01:36:09.292+0000] {logging_mixin.py:120} INFO - [2023-01-11T01:36:09.292+0000] {dag.py:2585} INFO - Sync 1 DAGs
[2023-01-11T01:36:09.342+0000] {logging_mixin.py:120} INFO - [2023-01-11T01:36:09.342+0000] {dag.py:3340} INFO - Setting next_dagrun for example_task_group to 2023-01-10T01:36:09.341295+00:00, run_after=2023-01-11T01:36:09.341295+00:00
[2023-01-11T01:36:09.384+0000] {processor.py:176} INFO - Processing /home/airflow/.local/lib/python3.7/site-packages/airflow/example_dags/example_task_group.py took 0.288 seconds
[2023-01-11T01:36:39.954+0000] {processor.py:154} INFO - Started process (PID=20662) to work on /home/airflow/.local/lib/python3.7/site-packages/airflow/example_dags/example_task_group.py
[2023-01-11T01:36:39.956+0000] {processor.py:756} INFO - Processing file /home/airflow/.local/lib/python3.7/site-packages/airflow/example_dags/example_task_group.py for tasks to queue
[2023-01-11T01:36:39.957+0000] {logging_mixin.py:120} INFO - [2023-01-11T01:36:39.957+0000] {dagbag.py:537} INFO - Filling up the DagBag from /home/airflow/.local/lib/python3.7/site-packages/airflow/example_dags/example_task_group.py
[2023-01-11T01:36:39.977+0000] {processor.py:766} INFO - DAG(s) dict_keys(['example_task_group']) retrieved from /home/airflow/.local/lib/python3.7/site-packages/airflow/example_dags/example_task_group.py
[2023-01-11T01:36:40.056+0000] {logging_mixin.py:120} INFO - [2023-01-11T01:36:40.055+0000] {dag.py:2585} INFO - Sync 1 DAGs
[2023-01-11T01:36:40.108+0000] {logging_mixin.py:120} INFO - [2023-01-11T01:36:40.108+0000] {dag.py:3340} INFO - Setting next_dagrun for example_task_group to 2023-01-10T01:36:40.107895+00:00, run_after=2023-01-11T01:36:40.107895+00:00
[2023-01-11T01:36:40.154+0000] {processor.py:176} INFO - Processing /home/airflow/.local/lib/python3.7/site-packages/airflow/example_dags/example_task_group.py took 0.205 seconds
[2023-01-11T01:37:10.876+0000] {processor.py:154} INFO - Started process (PID=20722) to work on /home/airflow/.local/lib/python3.7/site-packages/airflow/example_dags/example_task_group.py
[2023-01-11T01:37:10.877+0000] {processor.py:756} INFO - Processing file /home/airflow/.local/lib/python3.7/site-packages/airflow/example_dags/example_task_group.py for tasks to queue
[2023-01-11T01:37:10.878+0000] {logging_mixin.py:120} INFO - [2023-01-11T01:37:10.878+0000] {dagbag.py:537} INFO - Filling up the DagBag from /home/airflow/.local/lib/python3.7/site-packages/airflow/example_dags/example_task_group.py
[2023-01-11T01:37:10.894+0000] {processor.py:766} INFO - DAG(s) dict_keys(['example_task_group']) retrieved from /home/airflow/.local/lib/python3.7/site-packages/airflow/example_dags/example_task_group.py
[2023-01-11T01:37:10.957+0000] {logging_mixin.py:120} INFO - [2023-01-11T01:37:10.956+0000] {dag.py:2585} INFO - Sync 1 DAGs
[2023-01-11T01:37:10.991+0000] {logging_mixin.py:120} INFO - [2023-01-11T01:37:10.990+0000] {dag.py:3340} INFO - Setting next_dagrun for example_task_group to 2023-01-10T01:37:10.990507+00:00, run_after=2023-01-11T01:37:10.990507+00:00
[2023-01-11T01:37:11.023+0000] {processor.py:176} INFO - Processing /home/airflow/.local/lib/python3.7/site-packages/airflow/example_dags/example_task_group.py took 0.150 seconds
[2023-01-11T01:37:41.692+0000] {processor.py:154} INFO - Started process (PID=20790) to work on /home/airflow/.local/lib/python3.7/site-packages/airflow/example_dags/example_task_group.py
[2023-01-11T01:37:41.693+0000] {processor.py:756} INFO - Processing file /home/airflow/.local/lib/python3.7/site-packages/airflow/example_dags/example_task_group.py for tasks to queue
[2023-01-11T01:37:41.695+0000] {logging_mixin.py:120} INFO - [2023-01-11T01:37:41.694+0000] {dagbag.py:537} INFO - Filling up the DagBag from /home/airflow/.local/lib/python3.7/site-packages/airflow/example_dags/example_task_group.py
[2023-01-11T01:37:41.719+0000] {processor.py:766} INFO - DAG(s) dict_keys(['example_task_group']) retrieved from /home/airflow/.local/lib/python3.7/site-packages/airflow/example_dags/example_task_group.py
[2023-01-11T01:37:41.780+0000] {logging_mixin.py:120} INFO - [2023-01-11T01:37:41.780+0000] {dag.py:2585} INFO - Sync 1 DAGs
[2023-01-11T01:37:41.813+0000] {logging_mixin.py:120} INFO - [2023-01-11T01:37:41.813+0000] {dag.py:3340} INFO - Setting next_dagrun for example_task_group to 2023-01-10T01:37:41.812919+00:00, run_after=2023-01-11T01:37:41.812919+00:00
[2023-01-11T01:37:41.839+0000] {processor.py:176} INFO - Processing /home/airflow/.local/lib/python3.7/site-packages/airflow/example_dags/example_task_group.py took 0.152 seconds
[2023-01-11T01:38:12.363+0000] {processor.py:154} INFO - Started process (PID=20849) to work on /home/airflow/.local/lib/python3.7/site-packages/airflow/example_dags/example_task_group.py
[2023-01-11T01:38:12.364+0000] {processor.py:756} INFO - Processing file /home/airflow/.local/lib/python3.7/site-packages/airflow/example_dags/example_task_group.py for tasks to queue
[2023-01-11T01:38:12.365+0000] {logging_mixin.py:120} INFO - [2023-01-11T01:38:12.365+0000] {dagbag.py:537} INFO - Filling up the DagBag from /home/airflow/.local/lib/python3.7/site-packages/airflow/example_dags/example_task_group.py
[2023-01-11T01:38:12.393+0000] {processor.py:766} INFO - DAG(s) dict_keys(['example_task_group']) retrieved from /home/airflow/.local/lib/python3.7/site-packages/airflow/example_dags/example_task_group.py
[2023-01-11T01:38:12.481+0000] {logging_mixin.py:120} INFO - [2023-01-11T01:38:12.481+0000] {dag.py:2585} INFO - Sync 1 DAGs
[2023-01-11T01:38:12.519+0000] {logging_mixin.py:120} INFO - [2023-01-11T01:38:12.519+0000] {dag.py:3340} INFO - Setting next_dagrun for example_task_group to 2023-01-10T01:38:12.518920+00:00, run_after=2023-01-11T01:38:12.518920+00:00
[2023-01-11T01:38:12.540+0000] {processor.py:176} INFO - Processing /home/airflow/.local/lib/python3.7/site-packages/airflow/example_dags/example_task_group.py took 0.180 seconds
[2023-01-11T01:38:42.998+0000] {processor.py:154} INFO - Started process (PID=20917) to work on /home/airflow/.local/lib/python3.7/site-packages/airflow/example_dags/example_task_group.py
[2023-01-11T01:38:42.999+0000] {processor.py:756} INFO - Processing file /home/airflow/.local/lib/python3.7/site-packages/airflow/example_dags/example_task_group.py for tasks to queue
[2023-01-11T01:38:43.000+0000] {logging_mixin.py:120} INFO - [2023-01-11T01:38:43.000+0000] {dagbag.py:537} INFO - Filling up the DagBag from /home/airflow/.local/lib/python3.7/site-packages/airflow/example_dags/example_task_group.py
[2023-01-11T01:38:43.015+0000] {processor.py:766} INFO - DAG(s) dict_keys(['example_task_group']) retrieved from /home/airflow/.local/lib/python3.7/site-packages/airflow/example_dags/example_task_group.py
[2023-01-11T01:38:43.066+0000] {logging_mixin.py:120} INFO - [2023-01-11T01:38:43.066+0000] {dag.py:2585} INFO - Sync 1 DAGs
[2023-01-11T01:38:43.109+0000] {logging_mixin.py:120} INFO - [2023-01-11T01:38:43.109+0000] {dag.py:3340} INFO - Setting next_dagrun for example_task_group to 2023-01-10T01:38:43.108623+00:00, run_after=2023-01-11T01:38:43.108623+00:00
[2023-01-11T01:38:43.136+0000] {processor.py:176} INFO - Processing /home/airflow/.local/lib/python3.7/site-packages/airflow/example_dags/example_task_group.py took 0.141 seconds
[2023-01-11T01:39:13.587+0000] {processor.py:154} INFO - Started process (PID=20975) to work on /home/airflow/.local/lib/python3.7/site-packages/airflow/example_dags/example_task_group.py
[2023-01-11T01:39:13.589+0000] {processor.py:756} INFO - Processing file /home/airflow/.local/lib/python3.7/site-packages/airflow/example_dags/example_task_group.py for tasks to queue
[2023-01-11T01:39:13.591+0000] {logging_mixin.py:120} INFO - [2023-01-11T01:39:13.591+0000] {dagbag.py:537} INFO - Filling up the DagBag from /home/airflow/.local/lib/python3.7/site-packages/airflow/example_dags/example_task_group.py
[2023-01-11T01:39:13.623+0000] {processor.py:766} INFO - DAG(s) dict_keys(['example_task_group']) retrieved from /home/airflow/.local/lib/python3.7/site-packages/airflow/example_dags/example_task_group.py
[2023-01-11T01:39:13.730+0000] {logging_mixin.py:120} INFO - [2023-01-11T01:39:13.729+0000] {dag.py:2585} INFO - Sync 1 DAGs
[2023-01-11T01:39:13.790+0000] {logging_mixin.py:120} INFO - [2023-01-11T01:39:13.789+0000] {dag.py:3340} INFO - Setting next_dagrun for example_task_group to 2023-01-10T01:39:13.789098+00:00, run_after=2023-01-11T01:39:13.789098+00:00
[2023-01-11T01:39:13.825+0000] {processor.py:176} INFO - Processing /home/airflow/.local/lib/python3.7/site-packages/airflow/example_dags/example_task_group.py took 0.244 seconds
[2023-01-11T01:39:44.462+0000] {processor.py:154} INFO - Started process (PID=21042) to work on /home/airflow/.local/lib/python3.7/site-packages/airflow/example_dags/example_task_group.py
[2023-01-11T01:39:44.464+0000] {processor.py:756} INFO - Processing file /home/airflow/.local/lib/python3.7/site-packages/airflow/example_dags/example_task_group.py for tasks to queue
[2023-01-11T01:39:44.466+0000] {logging_mixin.py:120} INFO - [2023-01-11T01:39:44.466+0000] {dagbag.py:537} INFO - Filling up the DagBag from /home/airflow/.local/lib/python3.7/site-packages/airflow/example_dags/example_task_group.py
[2023-01-11T01:39:44.510+0000] {processor.py:766} INFO - DAG(s) dict_keys(['example_task_group']) retrieved from /home/airflow/.local/lib/python3.7/site-packages/airflow/example_dags/example_task_group.py
[2023-01-11T01:39:44.609+0000] {logging_mixin.py:120} INFO - [2023-01-11T01:39:44.609+0000] {dag.py:2585} INFO - Sync 1 DAGs
[2023-01-11T01:39:44.656+0000] {logging_mixin.py:120} INFO - [2023-01-11T01:39:44.656+0000] {dag.py:3340} INFO - Setting next_dagrun for example_task_group to 2023-01-10T01:39:44.656266+00:00, run_after=2023-01-11T01:39:44.656266+00:00
[2023-01-11T01:39:44.686+0000] {processor.py:176} INFO - Processing /home/airflow/.local/lib/python3.7/site-packages/airflow/example_dags/example_task_group.py took 0.232 seconds
[2023-01-11T01:40:15.173+0000] {processor.py:154} INFO - Started process (PID=21109) to work on /home/airflow/.local/lib/python3.7/site-packages/airflow/example_dags/example_task_group.py
[2023-01-11T01:40:15.174+0000] {processor.py:756} INFO - Processing file /home/airflow/.local/lib/python3.7/site-packages/airflow/example_dags/example_task_group.py for tasks to queue
[2023-01-11T01:40:15.176+0000] {logging_mixin.py:120} INFO - [2023-01-11T01:40:15.175+0000] {dagbag.py:537} INFO - Filling up the DagBag from /home/airflow/.local/lib/python3.7/site-packages/airflow/example_dags/example_task_group.py
[2023-01-11T01:40:15.199+0000] {processor.py:766} INFO - DAG(s) dict_keys(['example_task_group']) retrieved from /home/airflow/.local/lib/python3.7/site-packages/airflow/example_dags/example_task_group.py
[2023-01-11T01:40:15.281+0000] {logging_mixin.py:120} INFO - [2023-01-11T01:40:15.280+0000] {dag.py:2585} INFO - Sync 1 DAGs
[2023-01-11T01:40:15.343+0000] {logging_mixin.py:120} INFO - [2023-01-11T01:40:15.343+0000] {dag.py:3340} INFO - Setting next_dagrun for example_task_group to 2023-01-10T01:40:15.342460+00:00, run_after=2023-01-11T01:40:15.342460+00:00
[2023-01-11T01:40:15.394+0000] {processor.py:176} INFO - Processing /home/airflow/.local/lib/python3.7/site-packages/airflow/example_dags/example_task_group.py took 0.226 seconds
[2023-01-11T01:40:45.658+0000] {processor.py:154} INFO - Started process (PID=21167) to work on /home/airflow/.local/lib/python3.7/site-packages/airflow/example_dags/example_task_group.py
[2023-01-11T01:40:45.659+0000] {processor.py:756} INFO - Processing file /home/airflow/.local/lib/python3.7/site-packages/airflow/example_dags/example_task_group.py for tasks to queue
[2023-01-11T01:40:45.661+0000] {logging_mixin.py:120} INFO - [2023-01-11T01:40:45.661+0000] {dagbag.py:537} INFO - Filling up the DagBag from /home/airflow/.local/lib/python3.7/site-packages/airflow/example_dags/example_task_group.py
[2023-01-11T01:40:45.693+0000] {processor.py:766} INFO - DAG(s) dict_keys(['example_task_group']) retrieved from /home/airflow/.local/lib/python3.7/site-packages/airflow/example_dags/example_task_group.py
[2023-01-11T01:40:45.756+0000] {logging_mixin.py:120} INFO - [2023-01-11T01:40:45.756+0000] {dag.py:2585} INFO - Sync 1 DAGs
[2023-01-11T01:40:45.810+0000] {logging_mixin.py:120} INFO - [2023-01-11T01:40:45.810+0000] {dag.py:3340} INFO - Setting next_dagrun for example_task_group to 2023-01-10T01:40:45.810093+00:00, run_after=2023-01-11T01:40:45.810093+00:00
[2023-01-11T01:40:45.894+0000] {processor.py:176} INFO - Processing /home/airflow/.local/lib/python3.7/site-packages/airflow/example_dags/example_task_group.py took 0.243 seconds
[2023-01-11T01:41:16.077+0000] {processor.py:154} INFO - Started process (PID=21234) to work on /home/airflow/.local/lib/python3.7/site-packages/airflow/example_dags/example_task_group.py
[2023-01-11T01:41:16.078+0000] {processor.py:756} INFO - Processing file /home/airflow/.local/lib/python3.7/site-packages/airflow/example_dags/example_task_group.py for tasks to queue
[2023-01-11T01:41:16.079+0000] {logging_mixin.py:120} INFO - [2023-01-11T01:41:16.078+0000] {dagbag.py:537} INFO - Filling up the DagBag from /home/airflow/.local/lib/python3.7/site-packages/airflow/example_dags/example_task_group.py
[2023-01-11T01:41:16.103+0000] {processor.py:766} INFO - DAG(s) dict_keys(['example_task_group']) retrieved from /home/airflow/.local/lib/python3.7/site-packages/airflow/example_dags/example_task_group.py
[2023-01-11T01:41:16.150+0000] {logging_mixin.py:120} INFO - [2023-01-11T01:41:16.149+0000] {dag.py:2585} INFO - Sync 1 DAGs
[2023-01-11T01:41:16.177+0000] {logging_mixin.py:120} INFO - [2023-01-11T01:41:16.177+0000] {dag.py:3340} INFO - Setting next_dagrun for example_task_group to 2023-01-10T01:41:16.177198+00:00, run_after=2023-01-11T01:41:16.177198+00:00
[2023-01-11T01:41:16.218+0000] {processor.py:176} INFO - Processing /home/airflow/.local/lib/python3.7/site-packages/airflow/example_dags/example_task_group.py took 0.145 seconds
[2023-01-11T01:41:46.425+0000] {processor.py:154} INFO - Started process (PID=21299) to work on /home/airflow/.local/lib/python3.7/site-packages/airflow/example_dags/example_task_group.py
[2023-01-11T01:41:46.427+0000] {processor.py:756} INFO - Processing file /home/airflow/.local/lib/python3.7/site-packages/airflow/example_dags/example_task_group.py for tasks to queue
[2023-01-11T01:41:46.430+0000] {logging_mixin.py:120} INFO - [2023-01-11T01:41:46.430+0000] {dagbag.py:537} INFO - Filling up the DagBag from /home/airflow/.local/lib/python3.7/site-packages/airflow/example_dags/example_task_group.py
[2023-01-11T01:41:46.459+0000] {processor.py:766} INFO - DAG(s) dict_keys(['example_task_group']) retrieved from /home/airflow/.local/lib/python3.7/site-packages/airflow/example_dags/example_task_group.py
[2023-01-11T01:41:46.534+0000] {logging_mixin.py:120} INFO - [2023-01-11T01:41:46.534+0000] {dag.py:2585} INFO - Sync 1 DAGs
[2023-01-11T01:41:46.594+0000] {logging_mixin.py:120} INFO - [2023-01-11T01:41:46.594+0000] {dag.py:3340} INFO - Setting next_dagrun for example_task_group to 2023-01-10T01:41:46.593269+00:00, run_after=2023-01-11T01:41:46.593269+00:00
[2023-01-11T01:41:46.663+0000] {processor.py:176} INFO - Processing /home/airflow/.local/lib/python3.7/site-packages/airflow/example_dags/example_task_group.py took 0.243 seconds
[2023-01-11T01:42:17.095+0000] {processor.py:154} INFO - Started process (PID=21360) to work on /home/airflow/.local/lib/python3.7/site-packages/airflow/example_dags/example_task_group.py
[2023-01-11T01:42:17.096+0000] {processor.py:756} INFO - Processing file /home/airflow/.local/lib/python3.7/site-packages/airflow/example_dags/example_task_group.py for tasks to queue
[2023-01-11T01:42:17.098+0000] {logging_mixin.py:120} INFO - [2023-01-11T01:42:17.098+0000] {dagbag.py:537} INFO - Filling up the DagBag from /home/airflow/.local/lib/python3.7/site-packages/airflow/example_dags/example_task_group.py
[2023-01-11T01:42:17.130+0000] {processor.py:766} INFO - DAG(s) dict_keys(['example_task_group']) retrieved from /home/airflow/.local/lib/python3.7/site-packages/airflow/example_dags/example_task_group.py
[2023-01-11T01:42:17.184+0000] {logging_mixin.py:120} INFO - [2023-01-11T01:42:17.183+0000] {dag.py:2585} INFO - Sync 1 DAGs
[2023-01-11T01:42:17.217+0000] {logging_mixin.py:120} INFO - [2023-01-11T01:42:17.217+0000] {dag.py:3340} INFO - Setting next_dagrun for example_task_group to 2023-01-10T01:42:17.216864+00:00, run_after=2023-01-11T01:42:17.216864+00:00
[2023-01-11T01:42:17.254+0000] {processor.py:176} INFO - Processing /home/airflow/.local/lib/python3.7/site-packages/airflow/example_dags/example_task_group.py took 0.164 seconds
[2023-01-11T01:42:48.164+0000] {processor.py:154} INFO - Started process (PID=21427) to work on /home/airflow/.local/lib/python3.7/site-packages/airflow/example_dags/example_task_group.py
[2023-01-11T01:42:48.167+0000] {processor.py:756} INFO - Processing file /home/airflow/.local/lib/python3.7/site-packages/airflow/example_dags/example_task_group.py for tasks to queue
[2023-01-11T01:42:48.169+0000] {logging_mixin.py:120} INFO - [2023-01-11T01:42:48.169+0000] {dagbag.py:537} INFO - Filling up the DagBag from /home/airflow/.local/lib/python3.7/site-packages/airflow/example_dags/example_task_group.py
[2023-01-11T01:42:48.216+0000] {processor.py:766} INFO - DAG(s) dict_keys(['example_task_group']) retrieved from /home/airflow/.local/lib/python3.7/site-packages/airflow/example_dags/example_task_group.py
[2023-01-11T01:42:48.303+0000] {logging_mixin.py:120} INFO - [2023-01-11T01:42:48.302+0000] {dag.py:2585} INFO - Sync 1 DAGs
[2023-01-11T01:42:48.372+0000] {logging_mixin.py:120} INFO - [2023-01-11T01:42:48.371+0000] {dag.py:3340} INFO - Setting next_dagrun for example_task_group to 2023-01-10T01:42:48.371122+00:00, run_after=2023-01-11T01:42:48.371122+00:00
[2023-01-11T01:42:48.426+0000] {processor.py:176} INFO - Processing /home/airflow/.local/lib/python3.7/site-packages/airflow/example_dags/example_task_group.py took 0.271 seconds
[2023-01-11T01:43:19.108+0000] {processor.py:154} INFO - Started process (PID=21494) to work on /home/airflow/.local/lib/python3.7/site-packages/airflow/example_dags/example_task_group.py
[2023-01-11T01:43:19.109+0000] {processor.py:756} INFO - Processing file /home/airflow/.local/lib/python3.7/site-packages/airflow/example_dags/example_task_group.py for tasks to queue
[2023-01-11T01:43:19.110+0000] {logging_mixin.py:120} INFO - [2023-01-11T01:43:19.110+0000] {dagbag.py:537} INFO - Filling up the DagBag from /home/airflow/.local/lib/python3.7/site-packages/airflow/example_dags/example_task_group.py
[2023-01-11T01:43:19.132+0000] {processor.py:766} INFO - DAG(s) dict_keys(['example_task_group']) retrieved from /home/airflow/.local/lib/python3.7/site-packages/airflow/example_dags/example_task_group.py
[2023-01-11T01:43:19.186+0000] {logging_mixin.py:120} INFO - [2023-01-11T01:43:19.186+0000] {dag.py:2585} INFO - Sync 1 DAGs
[2023-01-11T01:43:19.224+0000] {logging_mixin.py:120} INFO - [2023-01-11T01:43:19.224+0000] {dag.py:3340} INFO - Setting next_dagrun for example_task_group to 2023-01-10T01:43:19.224206+00:00, run_after=2023-01-11T01:43:19.224206+00:00
[2023-01-11T01:43:19.254+0000] {processor.py:176} INFO - Processing /home/airflow/.local/lib/python3.7/site-packages/airflow/example_dags/example_task_group.py took 0.150 seconds
[2023-01-11T01:43:50.079+0000] {processor.py:154} INFO - Started process (PID=21552) to work on /home/airflow/.local/lib/python3.7/site-packages/airflow/example_dags/example_task_group.py
[2023-01-11T01:43:50.081+0000] {processor.py:756} INFO - Processing file /home/airflow/.local/lib/python3.7/site-packages/airflow/example_dags/example_task_group.py for tasks to queue
[2023-01-11T01:43:50.082+0000] {logging_mixin.py:120} INFO - [2023-01-11T01:43:50.082+0000] {dagbag.py:537} INFO - Filling up the DagBag from /home/airflow/.local/lib/python3.7/site-packages/airflow/example_dags/example_task_group.py
[2023-01-11T01:43:50.125+0000] {processor.py:766} INFO - DAG(s) dict_keys(['example_task_group']) retrieved from /home/airflow/.local/lib/python3.7/site-packages/airflow/example_dags/example_task_group.py
[2023-01-11T01:43:50.220+0000] {logging_mixin.py:120} INFO - [2023-01-11T01:43:50.219+0000] {dag.py:2585} INFO - Sync 1 DAGs
[2023-01-11T01:43:50.260+0000] {logging_mixin.py:120} INFO - [2023-01-11T01:43:50.260+0000] {dag.py:3340} INFO - Setting next_dagrun for example_task_group to 2023-01-10T01:43:50.259704+00:00, run_after=2023-01-11T01:43:50.259704+00:00
[2023-01-11T01:43:50.298+0000] {processor.py:176} INFO - Processing /home/airflow/.local/lib/python3.7/site-packages/airflow/example_dags/example_task_group.py took 0.225 seconds
[2023-01-11T01:44:20.480+0000] {processor.py:154} INFO - Started process (PID=21619) to work on /home/airflow/.local/lib/python3.7/site-packages/airflow/example_dags/example_task_group.py
[2023-01-11T01:44:20.481+0000] {processor.py:756} INFO - Processing file /home/airflow/.local/lib/python3.7/site-packages/airflow/example_dags/example_task_group.py for tasks to queue
[2023-01-11T01:44:20.483+0000] {logging_mixin.py:120} INFO - [2023-01-11T01:44:20.483+0000] {dagbag.py:537} INFO - Filling up the DagBag from /home/airflow/.local/lib/python3.7/site-packages/airflow/example_dags/example_task_group.py
[2023-01-11T01:44:20.515+0000] {processor.py:766} INFO - DAG(s) dict_keys(['example_task_group']) retrieved from /home/airflow/.local/lib/python3.7/site-packages/airflow/example_dags/example_task_group.py
[2023-01-11T01:44:20.610+0000] {logging_mixin.py:120} INFO - [2023-01-11T01:44:20.610+0000] {dag.py:2585} INFO - Sync 1 DAGs
[2023-01-11T01:44:20.668+0000] {logging_mixin.py:120} INFO - [2023-01-11T01:44:20.668+0000] {dag.py:3340} INFO - Setting next_dagrun for example_task_group to 2023-01-10T01:44:20.667869+00:00, run_after=2023-01-11T01:44:20.667869+00:00
[2023-01-11T01:44:20.713+0000] {processor.py:176} INFO - Processing /home/airflow/.local/lib/python3.7/site-packages/airflow/example_dags/example_task_group.py took 0.240 seconds
[2023-01-11T01:44:51.664+0000] {processor.py:154} INFO - Started process (PID=21686) to work on /home/airflow/.local/lib/python3.7/site-packages/airflow/example_dags/example_task_group.py
[2023-01-11T01:44:51.666+0000] {processor.py:756} INFO - Processing file /home/airflow/.local/lib/python3.7/site-packages/airflow/example_dags/example_task_group.py for tasks to queue
[2023-01-11T01:44:51.668+0000] {logging_mixin.py:120} INFO - [2023-01-11T01:44:51.668+0000] {dagbag.py:537} INFO - Filling up the DagBag from /home/airflow/.local/lib/python3.7/site-packages/airflow/example_dags/example_task_group.py
[2023-01-11T01:44:51.703+0000] {processor.py:766} INFO - DAG(s) dict_keys(['example_task_group']) retrieved from /home/airflow/.local/lib/python3.7/site-packages/airflow/example_dags/example_task_group.py
[2023-01-11T01:44:51.808+0000] {logging_mixin.py:120} INFO - [2023-01-11T01:44:51.807+0000] {dag.py:2585} INFO - Sync 1 DAGs
[2023-01-11T01:44:51.866+0000] {logging_mixin.py:120} INFO - [2023-01-11T01:44:51.866+0000] {dag.py:3340} INFO - Setting next_dagrun for example_task_group to 2023-01-10T01:44:51.866319+00:00, run_after=2023-01-11T01:44:51.866319+00:00
[2023-01-11T01:44:51.897+0000] {processor.py:176} INFO - Processing /home/airflow/.local/lib/python3.7/site-packages/airflow/example_dags/example_task_group.py took 0.239 seconds
[2023-01-11T01:45:22.285+0000] {processor.py:154} INFO - Started process (PID=21744) to work on /home/airflow/.local/lib/python3.7/site-packages/airflow/example_dags/example_task_group.py
[2023-01-11T01:45:22.286+0000] {processor.py:756} INFO - Processing file /home/airflow/.local/lib/python3.7/site-packages/airflow/example_dags/example_task_group.py for tasks to queue
[2023-01-11T01:45:22.288+0000] {logging_mixin.py:120} INFO - [2023-01-11T01:45:22.287+0000] {dagbag.py:537} INFO - Filling up the DagBag from /home/airflow/.local/lib/python3.7/site-packages/airflow/example_dags/example_task_group.py
[2023-01-11T01:45:22.309+0000] {processor.py:766} INFO - DAG(s) dict_keys(['example_task_group']) retrieved from /home/airflow/.local/lib/python3.7/site-packages/airflow/example_dags/example_task_group.py
[2023-01-11T01:45:22.366+0000] {logging_mixin.py:120} INFO - [2023-01-11T01:45:22.366+0000] {dag.py:2585} INFO - Sync 1 DAGs
[2023-01-11T01:45:22.398+0000] {logging_mixin.py:120} INFO - [2023-01-11T01:45:22.398+0000] {dag.py:3340} INFO - Setting next_dagrun for example_task_group to 2023-01-10T01:45:22.397882+00:00, run_after=2023-01-11T01:45:22.397882+00:00
[2023-01-11T01:45:22.429+0000] {processor.py:176} INFO - Processing /home/airflow/.local/lib/python3.7/site-packages/airflow/example_dags/example_task_group.py took 0.148 seconds
[2023-01-11T01:45:53.104+0000] {processor.py:154} INFO - Started process (PID=21811) to work on /home/airflow/.local/lib/python3.7/site-packages/airflow/example_dags/example_task_group.py
[2023-01-11T01:45:53.106+0000] {processor.py:756} INFO - Processing file /home/airflow/.local/lib/python3.7/site-packages/airflow/example_dags/example_task_group.py for tasks to queue
[2023-01-11T01:45:53.109+0000] {logging_mixin.py:120} INFO - [2023-01-11T01:45:53.109+0000] {dagbag.py:537} INFO - Filling up the DagBag from /home/airflow/.local/lib/python3.7/site-packages/airflow/example_dags/example_task_group.py
[2023-01-11T01:45:53.143+0000] {processor.py:766} INFO - DAG(s) dict_keys(['example_task_group']) retrieved from /home/airflow/.local/lib/python3.7/site-packages/airflow/example_dags/example_task_group.py
[2023-01-11T01:45:53.259+0000] {logging_mixin.py:120} INFO - [2023-01-11T01:45:53.259+0000] {dag.py:2585} INFO - Sync 1 DAGs
[2023-01-11T01:45:53.312+0000] {logging_mixin.py:120} INFO - [2023-01-11T01:45:53.312+0000] {dag.py:3340} INFO - Setting next_dagrun for example_task_group to 2023-01-10T01:45:53.311612+00:00, run_after=2023-01-11T01:45:53.311612+00:00
[2023-01-11T01:45:53.366+0000] {processor.py:176} INFO - Processing /home/airflow/.local/lib/python3.7/site-packages/airflow/example_dags/example_task_group.py took 0.270 seconds
[2023-01-11T01:46:24.020+0000] {processor.py:154} INFO - Started process (PID=21879) to work on /home/airflow/.local/lib/python3.7/site-packages/airflow/example_dags/example_task_group.py
[2023-01-11T01:46:24.021+0000] {processor.py:756} INFO - Processing file /home/airflow/.local/lib/python3.7/site-packages/airflow/example_dags/example_task_group.py for tasks to queue
[2023-01-11T01:46:24.022+0000] {logging_mixin.py:120} INFO - [2023-01-11T01:46:24.021+0000] {dagbag.py:537} INFO - Filling up the DagBag from /home/airflow/.local/lib/python3.7/site-packages/airflow/example_dags/example_task_group.py
[2023-01-11T01:46:24.038+0000] {processor.py:766} INFO - DAG(s) dict_keys(['example_task_group']) retrieved from /home/airflow/.local/lib/python3.7/site-packages/airflow/example_dags/example_task_group.py
[2023-01-11T01:46:24.081+0000] {logging_mixin.py:120} INFO - [2023-01-11T01:46:24.081+0000] {dag.py:2585} INFO - Sync 1 DAGs
[2023-01-11T01:46:24.107+0000] {logging_mixin.py:120} INFO - [2023-01-11T01:46:24.107+0000] {dag.py:3340} INFO - Setting next_dagrun for example_task_group to 2023-01-10T01:46:24.107034+00:00, run_after=2023-01-11T01:46:24.107034+00:00
[2023-01-11T01:46:24.135+0000] {processor.py:176} INFO - Processing /home/airflow/.local/lib/python3.7/site-packages/airflow/example_dags/example_task_group.py took 0.118 seconds
