[2023-01-11T01:09:42.914+0000] {processor.py:154} INFO - Started process (PID=17360) to work on /home/airflow/.local/lib/python3.7/site-packages/airflow/example_dags/example_trigger_target_dag.py
[2023-01-11T01:09:42.925+0000] {processor.py:756} INFO - Processing file /home/airflow/.local/lib/python3.7/site-packages/airflow/example_dags/example_trigger_target_dag.py for tasks to queue
[2023-01-11T01:09:42.928+0000] {logging_mixin.py:120} INFO - [2023-01-11T01:09:42.928+0000] {dagbag.py:537} INFO - Filling up the DagBag from /home/airflow/.local/lib/python3.7/site-packages/airflow/example_dags/example_trigger_target_dag.py
[2023-01-11T01:09:43.007+0000] {processor.py:766} INFO - DAG(s) dict_keys(['example_trigger_target_dag']) retrieved from /home/airflow/.local/lib/python3.7/site-packages/airflow/example_dags/example_trigger_target_dag.py
[2023-01-11T01:09:43.262+0000] {logging_mixin.py:120} INFO - [2023-01-11T01:09:43.261+0000] {dag.py:2585} INFO - Sync 1 DAGs
[2023-01-11T01:09:43.363+0000] {logging_mixin.py:120} INFO - [2023-01-11T01:09:43.362+0000] {dag.py:3340} INFO - Setting next_dagrun for example_trigger_target_dag to None, run_after=None
[2023-01-11T01:09:43.440+0000] {processor.py:176} INFO - Processing /home/airflow/.local/lib/python3.7/site-packages/airflow/example_dags/example_trigger_target_dag.py took 0.548 seconds
[2023-01-11T01:10:13.670+0000] {processor.py:154} INFO - Started process (PID=17418) to work on /home/airflow/.local/lib/python3.7/site-packages/airflow/example_dags/example_trigger_target_dag.py
[2023-01-11T01:10:13.672+0000] {processor.py:756} INFO - Processing file /home/airflow/.local/lib/python3.7/site-packages/airflow/example_dags/example_trigger_target_dag.py for tasks to queue
[2023-01-11T01:10:13.673+0000] {logging_mixin.py:120} INFO - [2023-01-11T01:10:13.673+0000] {dagbag.py:537} INFO - Filling up the DagBag from /home/airflow/.local/lib/python3.7/site-packages/airflow/example_dags/example_trigger_target_dag.py
[2023-01-11T01:10:13.708+0000] {processor.py:766} INFO - DAG(s) dict_keys(['example_trigger_target_dag']) retrieved from /home/airflow/.local/lib/python3.7/site-packages/airflow/example_dags/example_trigger_target_dag.py
[2023-01-11T01:10:13.784+0000] {logging_mixin.py:120} INFO - [2023-01-11T01:10:13.783+0000] {dag.py:2585} INFO - Sync 1 DAGs
[2023-01-11T01:10:13.836+0000] {logging_mixin.py:120} INFO - [2023-01-11T01:10:13.836+0000] {dag.py:3340} INFO - Setting next_dagrun for example_trigger_target_dag to None, run_after=None
[2023-01-11T01:10:13.884+0000] {processor.py:176} INFO - Processing /home/airflow/.local/lib/python3.7/site-packages/airflow/example_dags/example_trigger_target_dag.py took 0.220 seconds
[2023-01-11T01:10:43.945+0000] {processor.py:154} INFO - Started process (PID=17476) to work on /home/airflow/.local/lib/python3.7/site-packages/airflow/example_dags/example_trigger_target_dag.py
[2023-01-11T01:10:43.946+0000] {processor.py:756} INFO - Processing file /home/airflow/.local/lib/python3.7/site-packages/airflow/example_dags/example_trigger_target_dag.py for tasks to queue
[2023-01-11T01:10:43.948+0000] {logging_mixin.py:120} INFO - [2023-01-11T01:10:43.948+0000] {dagbag.py:537} INFO - Filling up the DagBag from /home/airflow/.local/lib/python3.7/site-packages/airflow/example_dags/example_trigger_target_dag.py
[2023-01-11T01:10:43.982+0000] {processor.py:766} INFO - DAG(s) dict_keys(['example_trigger_target_dag']) retrieved from /home/airflow/.local/lib/python3.7/site-packages/airflow/example_dags/example_trigger_target_dag.py
[2023-01-11T01:10:44.157+0000] {logging_mixin.py:120} INFO - [2023-01-11T01:10:44.156+0000] {dag.py:2585} INFO - Sync 1 DAGs
[2023-01-11T01:10:44.202+0000] {logging_mixin.py:120} INFO - [2023-01-11T01:10:44.202+0000] {dag.py:3340} INFO - Setting next_dagrun for example_trigger_target_dag to None, run_after=None
[2023-01-11T01:10:44.251+0000] {processor.py:176} INFO - Processing /home/airflow/.local/lib/python3.7/site-packages/airflow/example_dags/example_trigger_target_dag.py took 0.313 seconds
[2023-01-11T01:11:15.100+0000] {processor.py:154} INFO - Started process (PID=17543) to work on /home/airflow/.local/lib/python3.7/site-packages/airflow/example_dags/example_trigger_target_dag.py
[2023-01-11T01:11:15.102+0000] {processor.py:756} INFO - Processing file /home/airflow/.local/lib/python3.7/site-packages/airflow/example_dags/example_trigger_target_dag.py for tasks to queue
[2023-01-11T01:11:15.104+0000] {logging_mixin.py:120} INFO - [2023-01-11T01:11:15.104+0000] {dagbag.py:537} INFO - Filling up the DagBag from /home/airflow/.local/lib/python3.7/site-packages/airflow/example_dags/example_trigger_target_dag.py
[2023-01-11T01:11:15.143+0000] {processor.py:766} INFO - DAG(s) dict_keys(['example_trigger_target_dag']) retrieved from /home/airflow/.local/lib/python3.7/site-packages/airflow/example_dags/example_trigger_target_dag.py
[2023-01-11T01:11:15.233+0000] {logging_mixin.py:120} INFO - [2023-01-11T01:11:15.233+0000] {dag.py:2585} INFO - Sync 1 DAGs
[2023-01-11T01:11:15.279+0000] {logging_mixin.py:120} INFO - [2023-01-11T01:11:15.279+0000] {dag.py:3340} INFO - Setting next_dagrun for example_trigger_target_dag to None, run_after=None
[2023-01-11T01:11:15.331+0000] {processor.py:176} INFO - Processing /home/airflow/.local/lib/python3.7/site-packages/airflow/example_dags/example_trigger_target_dag.py took 0.237 seconds
[2023-01-11T01:11:45.650+0000] {processor.py:154} INFO - Started process (PID=17610) to work on /home/airflow/.local/lib/python3.7/site-packages/airflow/example_dags/example_trigger_target_dag.py
[2023-01-11T01:11:45.651+0000] {processor.py:756} INFO - Processing file /home/airflow/.local/lib/python3.7/site-packages/airflow/example_dags/example_trigger_target_dag.py for tasks to queue
[2023-01-11T01:11:45.653+0000] {logging_mixin.py:120} INFO - [2023-01-11T01:11:45.653+0000] {dagbag.py:537} INFO - Filling up the DagBag from /home/airflow/.local/lib/python3.7/site-packages/airflow/example_dags/example_trigger_target_dag.py
[2023-01-11T01:11:45.674+0000] {processor.py:766} INFO - DAG(s) dict_keys(['example_trigger_target_dag']) retrieved from /home/airflow/.local/lib/python3.7/site-packages/airflow/example_dags/example_trigger_target_dag.py
[2023-01-11T01:11:45.729+0000] {logging_mixin.py:120} INFO - [2023-01-11T01:11:45.729+0000] {dag.py:2585} INFO - Sync 1 DAGs
[2023-01-11T01:11:45.764+0000] {logging_mixin.py:120} INFO - [2023-01-11T01:11:45.763+0000] {dag.py:3340} INFO - Setting next_dagrun for example_trigger_target_dag to None, run_after=None
[2023-01-11T01:11:45.797+0000] {processor.py:176} INFO - Processing /home/airflow/.local/lib/python3.7/site-packages/airflow/example_dags/example_trigger_target_dag.py took 0.151 seconds
[2023-01-11T01:12:16.345+0000] {processor.py:154} INFO - Started process (PID=17668) to work on /home/airflow/.local/lib/python3.7/site-packages/airflow/example_dags/example_trigger_target_dag.py
[2023-01-11T01:12:16.346+0000] {processor.py:756} INFO - Processing file /home/airflow/.local/lib/python3.7/site-packages/airflow/example_dags/example_trigger_target_dag.py for tasks to queue
[2023-01-11T01:12:16.347+0000] {logging_mixin.py:120} INFO - [2023-01-11T01:12:16.347+0000] {dagbag.py:537} INFO - Filling up the DagBag from /home/airflow/.local/lib/python3.7/site-packages/airflow/example_dags/example_trigger_target_dag.py
[2023-01-11T01:12:16.375+0000] {processor.py:766} INFO - DAG(s) dict_keys(['example_trigger_target_dag']) retrieved from /home/airflow/.local/lib/python3.7/site-packages/airflow/example_dags/example_trigger_target_dag.py
[2023-01-11T01:12:16.450+0000] {logging_mixin.py:120} INFO - [2023-01-11T01:12:16.450+0000] {dag.py:2585} INFO - Sync 1 DAGs
[2023-01-11T01:12:16.501+0000] {logging_mixin.py:120} INFO - [2023-01-11T01:12:16.500+0000] {dag.py:3340} INFO - Setting next_dagrun for example_trigger_target_dag to None, run_after=None
[2023-01-11T01:12:16.550+0000] {processor.py:176} INFO - Processing /home/airflow/.local/lib/python3.7/site-packages/airflow/example_dags/example_trigger_target_dag.py took 0.208 seconds
[2023-01-11T01:12:47.010+0000] {processor.py:154} INFO - Started process (PID=17735) to work on /home/airflow/.local/lib/python3.7/site-packages/airflow/example_dags/example_trigger_target_dag.py
[2023-01-11T01:12:47.012+0000] {processor.py:756} INFO - Processing file /home/airflow/.local/lib/python3.7/site-packages/airflow/example_dags/example_trigger_target_dag.py for tasks to queue
[2023-01-11T01:12:47.015+0000] {logging_mixin.py:120} INFO - [2023-01-11T01:12:47.014+0000] {dagbag.py:537} INFO - Filling up the DagBag from /home/airflow/.local/lib/python3.7/site-packages/airflow/example_dags/example_trigger_target_dag.py
[2023-01-11T01:12:47.051+0000] {processor.py:766} INFO - DAG(s) dict_keys(['example_trigger_target_dag']) retrieved from /home/airflow/.local/lib/python3.7/site-packages/airflow/example_dags/example_trigger_target_dag.py
[2023-01-11T01:12:47.157+0000] {logging_mixin.py:120} INFO - [2023-01-11T01:12:47.157+0000] {dag.py:2585} INFO - Sync 1 DAGs
[2023-01-11T01:12:47.239+0000] {logging_mixin.py:120} INFO - [2023-01-11T01:12:47.239+0000] {dag.py:3340} INFO - Setting next_dagrun for example_trigger_target_dag to None, run_after=None
[2023-01-11T01:12:47.294+0000] {processor.py:176} INFO - Processing /home/airflow/.local/lib/python3.7/site-packages/airflow/example_dags/example_trigger_target_dag.py took 0.290 seconds
[2023-01-11T01:13:17.674+0000] {processor.py:154} INFO - Started process (PID=17793) to work on /home/airflow/.local/lib/python3.7/site-packages/airflow/example_dags/example_trigger_target_dag.py
[2023-01-11T01:13:17.676+0000] {processor.py:756} INFO - Processing file /home/airflow/.local/lib/python3.7/site-packages/airflow/example_dags/example_trigger_target_dag.py for tasks to queue
[2023-01-11T01:13:17.677+0000] {logging_mixin.py:120} INFO - [2023-01-11T01:13:17.677+0000] {dagbag.py:537} INFO - Filling up the DagBag from /home/airflow/.local/lib/python3.7/site-packages/airflow/example_dags/example_trigger_target_dag.py
[2023-01-11T01:13:17.713+0000] {processor.py:766} INFO - DAG(s) dict_keys(['example_trigger_target_dag']) retrieved from /home/airflow/.local/lib/python3.7/site-packages/airflow/example_dags/example_trigger_target_dag.py
[2023-01-11T01:13:17.779+0000] {logging_mixin.py:120} INFO - [2023-01-11T01:13:17.779+0000] {dag.py:2585} INFO - Sync 1 DAGs
[2023-01-11T01:13:17.849+0000] {logging_mixin.py:120} INFO - [2023-01-11T01:13:17.848+0000] {dag.py:3340} INFO - Setting next_dagrun for example_trigger_target_dag to None, run_after=None
[2023-01-11T01:13:17.907+0000] {processor.py:176} INFO - Processing /home/airflow/.local/lib/python3.7/site-packages/airflow/example_dags/example_trigger_target_dag.py took 0.238 seconds
[2023-01-11T01:13:48.384+0000] {processor.py:154} INFO - Started process (PID=17860) to work on /home/airflow/.local/lib/python3.7/site-packages/airflow/example_dags/example_trigger_target_dag.py
[2023-01-11T01:13:48.385+0000] {processor.py:756} INFO - Processing file /home/airflow/.local/lib/python3.7/site-packages/airflow/example_dags/example_trigger_target_dag.py for tasks to queue
[2023-01-11T01:13:48.386+0000] {logging_mixin.py:120} INFO - [2023-01-11T01:13:48.386+0000] {dagbag.py:537} INFO - Filling up the DagBag from /home/airflow/.local/lib/python3.7/site-packages/airflow/example_dags/example_trigger_target_dag.py
[2023-01-11T01:13:48.410+0000] {processor.py:766} INFO - DAG(s) dict_keys(['example_trigger_target_dag']) retrieved from /home/airflow/.local/lib/python3.7/site-packages/airflow/example_dags/example_trigger_target_dag.py
[2023-01-11T01:13:48.458+0000] {logging_mixin.py:120} INFO - [2023-01-11T01:13:48.458+0000] {dag.py:2585} INFO - Sync 1 DAGs
[2023-01-11T01:13:48.484+0000] {logging_mixin.py:120} INFO - [2023-01-11T01:13:48.484+0000] {dag.py:3340} INFO - Setting next_dagrun for example_trigger_target_dag to None, run_after=None
[2023-01-11T01:13:48.505+0000] {processor.py:176} INFO - Processing /home/airflow/.local/lib/python3.7/site-packages/airflow/example_dags/example_trigger_target_dag.py took 0.125 seconds
[2023-01-11T01:14:19.524+0000] {processor.py:154} INFO - Started process (PID=17928) to work on /home/airflow/.local/lib/python3.7/site-packages/airflow/example_dags/example_trigger_target_dag.py
[2023-01-11T01:14:19.526+0000] {processor.py:756} INFO - Processing file /home/airflow/.local/lib/python3.7/site-packages/airflow/example_dags/example_trigger_target_dag.py for tasks to queue
[2023-01-11T01:14:19.528+0000] {logging_mixin.py:120} INFO - [2023-01-11T01:14:19.528+0000] {dagbag.py:537} INFO - Filling up the DagBag from /home/airflow/.local/lib/python3.7/site-packages/airflow/example_dags/example_trigger_target_dag.py
[2023-01-11T01:14:19.566+0000] {processor.py:766} INFO - DAG(s) dict_keys(['example_trigger_target_dag']) retrieved from /home/airflow/.local/lib/python3.7/site-packages/airflow/example_dags/example_trigger_target_dag.py
[2023-01-11T01:14:19.640+0000] {logging_mixin.py:120} INFO - [2023-01-11T01:14:19.640+0000] {dag.py:2585} INFO - Sync 1 DAGs
[2023-01-11T01:14:19.682+0000] {logging_mixin.py:120} INFO - [2023-01-11T01:14:19.682+0000] {dag.py:3340} INFO - Setting next_dagrun for example_trigger_target_dag to None, run_after=None
[2023-01-11T01:14:19.721+0000] {processor.py:176} INFO - Processing /home/airflow/.local/lib/python3.7/site-packages/airflow/example_dags/example_trigger_target_dag.py took 0.203 seconds
[2023-01-11T01:14:50.841+0000] {processor.py:154} INFO - Started process (PID=17993) to work on /home/airflow/.local/lib/python3.7/site-packages/airflow/example_dags/example_trigger_target_dag.py
[2023-01-11T01:14:50.843+0000] {processor.py:756} INFO - Processing file /home/airflow/.local/lib/python3.7/site-packages/airflow/example_dags/example_trigger_target_dag.py for tasks to queue
[2023-01-11T01:14:50.845+0000] {logging_mixin.py:120} INFO - [2023-01-11T01:14:50.845+0000] {dagbag.py:537} INFO - Filling up the DagBag from /home/airflow/.local/lib/python3.7/site-packages/airflow/example_dags/example_trigger_target_dag.py
[2023-01-11T01:14:50.905+0000] {processor.py:766} INFO - DAG(s) dict_keys(['example_trigger_target_dag']) retrieved from /home/airflow/.local/lib/python3.7/site-packages/airflow/example_dags/example_trigger_target_dag.py
[2023-01-11T01:14:51.002+0000] {logging_mixin.py:120} INFO - [2023-01-11T01:14:51.002+0000] {dag.py:2585} INFO - Sync 1 DAGs
[2023-01-11T01:14:51.067+0000] {logging_mixin.py:120} INFO - [2023-01-11T01:14:51.067+0000] {dag.py:3340} INFO - Setting next_dagrun for example_trigger_target_dag to None, run_after=None
[2023-01-11T01:14:51.129+0000] {processor.py:176} INFO - Processing /home/airflow/.local/lib/python3.7/site-packages/airflow/example_dags/example_trigger_target_dag.py took 0.296 seconds
[2023-01-11T01:15:21.480+0000] {processor.py:154} INFO - Started process (PID=18053) to work on /home/airflow/.local/lib/python3.7/site-packages/airflow/example_dags/example_trigger_target_dag.py
[2023-01-11T01:15:21.481+0000] {processor.py:756} INFO - Processing file /home/airflow/.local/lib/python3.7/site-packages/airflow/example_dags/example_trigger_target_dag.py for tasks to queue
[2023-01-11T01:15:21.482+0000] {logging_mixin.py:120} INFO - [2023-01-11T01:15:21.482+0000] {dagbag.py:537} INFO - Filling up the DagBag from /home/airflow/.local/lib/python3.7/site-packages/airflow/example_dags/example_trigger_target_dag.py
[2023-01-11T01:15:21.516+0000] {processor.py:766} INFO - DAG(s) dict_keys(['example_trigger_target_dag']) retrieved from /home/airflow/.local/lib/python3.7/site-packages/airflow/example_dags/example_trigger_target_dag.py
[2023-01-11T01:15:21.567+0000] {logging_mixin.py:120} INFO - [2023-01-11T01:15:21.567+0000] {dag.py:2585} INFO - Sync 1 DAGs
[2023-01-11T01:15:21.610+0000] {logging_mixin.py:120} INFO - [2023-01-11T01:15:21.610+0000] {dag.py:3340} INFO - Setting next_dagrun for example_trigger_target_dag to None, run_after=None
[2023-01-11T01:15:21.649+0000] {processor.py:176} INFO - Processing /home/airflow/.local/lib/python3.7/site-packages/airflow/example_dags/example_trigger_target_dag.py took 0.177 seconds
[2023-01-11T01:15:52.242+0000] {processor.py:154} INFO - Started process (PID=18110) to work on /home/airflow/.local/lib/python3.7/site-packages/airflow/example_dags/example_trigger_target_dag.py
[2023-01-11T01:15:52.245+0000] {processor.py:756} INFO - Processing file /home/airflow/.local/lib/python3.7/site-packages/airflow/example_dags/example_trigger_target_dag.py for tasks to queue
[2023-01-11T01:15:52.247+0000] {logging_mixin.py:120} INFO - [2023-01-11T01:15:52.247+0000] {dagbag.py:537} INFO - Filling up the DagBag from /home/airflow/.local/lib/python3.7/site-packages/airflow/example_dags/example_trigger_target_dag.py
[2023-01-11T01:15:52.312+0000] {processor.py:766} INFO - DAG(s) dict_keys(['example_trigger_target_dag']) retrieved from /home/airflow/.local/lib/python3.7/site-packages/airflow/example_dags/example_trigger_target_dag.py
[2023-01-11T01:15:52.393+0000] {logging_mixin.py:120} INFO - [2023-01-11T01:15:52.392+0000] {dag.py:2585} INFO - Sync 1 DAGs
[2023-01-11T01:15:52.447+0000] {logging_mixin.py:120} INFO - [2023-01-11T01:15:52.447+0000] {dag.py:3340} INFO - Setting next_dagrun for example_trigger_target_dag to None, run_after=None
[2023-01-11T01:15:52.506+0000] {processor.py:176} INFO - Processing /home/airflow/.local/lib/python3.7/site-packages/airflow/example_dags/example_trigger_target_dag.py took 0.269 seconds
[2023-01-11T01:16:23.727+0000] {processor.py:154} INFO - Started process (PID=18177) to work on /home/airflow/.local/lib/python3.7/site-packages/airflow/example_dags/example_trigger_target_dag.py
[2023-01-11T01:16:23.729+0000] {processor.py:756} INFO - Processing file /home/airflow/.local/lib/python3.7/site-packages/airflow/example_dags/example_trigger_target_dag.py for tasks to queue
[2023-01-11T01:16:23.732+0000] {logging_mixin.py:120} INFO - [2023-01-11T01:16:23.731+0000] {dagbag.py:537} INFO - Filling up the DagBag from /home/airflow/.local/lib/python3.7/site-packages/airflow/example_dags/example_trigger_target_dag.py
[2023-01-11T01:16:23.781+0000] {processor.py:766} INFO - DAG(s) dict_keys(['example_trigger_target_dag']) retrieved from /home/airflow/.local/lib/python3.7/site-packages/airflow/example_dags/example_trigger_target_dag.py
[2023-01-11T01:16:23.874+0000] {logging_mixin.py:120} INFO - [2023-01-11T01:16:23.874+0000] {dag.py:2585} INFO - Sync 1 DAGs
[2023-01-11T01:16:23.919+0000] {logging_mixin.py:120} INFO - [2023-01-11T01:16:23.918+0000] {dag.py:3340} INFO - Setting next_dagrun for example_trigger_target_dag to None, run_after=None
[2023-01-11T01:16:23.961+0000] {processor.py:176} INFO - Processing /home/airflow/.local/lib/python3.7/site-packages/airflow/example_dags/example_trigger_target_dag.py took 0.241 seconds
[2023-01-11T01:16:54.344+0000] {processor.py:154} INFO - Started process (PID=18244) to work on /home/airflow/.local/lib/python3.7/site-packages/airflow/example_dags/example_trigger_target_dag.py
[2023-01-11T01:16:54.346+0000] {processor.py:756} INFO - Processing file /home/airflow/.local/lib/python3.7/site-packages/airflow/example_dags/example_trigger_target_dag.py for tasks to queue
[2023-01-11T01:16:54.347+0000] {logging_mixin.py:120} INFO - [2023-01-11T01:16:54.347+0000] {dagbag.py:537} INFO - Filling up the DagBag from /home/airflow/.local/lib/python3.7/site-packages/airflow/example_dags/example_trigger_target_dag.py
[2023-01-11T01:16:54.376+0000] {processor.py:766} INFO - DAG(s) dict_keys(['example_trigger_target_dag']) retrieved from /home/airflow/.local/lib/python3.7/site-packages/airflow/example_dags/example_trigger_target_dag.py
[2023-01-11T01:16:54.425+0000] {logging_mixin.py:120} INFO - [2023-01-11T01:16:54.425+0000] {dag.py:2585} INFO - Sync 1 DAGs
[2023-01-11T01:16:54.458+0000] {logging_mixin.py:120} INFO - [2023-01-11T01:16:54.458+0000] {dag.py:3340} INFO - Setting next_dagrun for example_trigger_target_dag to None, run_after=None
[2023-01-11T01:16:54.488+0000] {processor.py:176} INFO - Processing /home/airflow/.local/lib/python3.7/site-packages/airflow/example_dags/example_trigger_target_dag.py took 0.147 seconds
[2023-01-11T01:17:24.810+0000] {processor.py:154} INFO - Started process (PID=18303) to work on /home/airflow/.local/lib/python3.7/site-packages/airflow/example_dags/example_trigger_target_dag.py
[2023-01-11T01:17:24.812+0000] {processor.py:756} INFO - Processing file /home/airflow/.local/lib/python3.7/site-packages/airflow/example_dags/example_trigger_target_dag.py for tasks to queue
[2023-01-11T01:17:24.813+0000] {logging_mixin.py:120} INFO - [2023-01-11T01:17:24.813+0000] {dagbag.py:537} INFO - Filling up the DagBag from /home/airflow/.local/lib/python3.7/site-packages/airflow/example_dags/example_trigger_target_dag.py
[2023-01-11T01:17:24.844+0000] {processor.py:766} INFO - DAG(s) dict_keys(['example_trigger_target_dag']) retrieved from /home/airflow/.local/lib/python3.7/site-packages/airflow/example_dags/example_trigger_target_dag.py
[2023-01-11T01:17:24.923+0000] {logging_mixin.py:120} INFO - [2023-01-11T01:17:24.923+0000] {dag.py:2585} INFO - Sync 1 DAGs
[2023-01-11T01:17:24.988+0000] {logging_mixin.py:120} INFO - [2023-01-11T01:17:24.987+0000] {dag.py:3340} INFO - Setting next_dagrun for example_trigger_target_dag to None, run_after=None
[2023-01-11T01:17:25.031+0000] {processor.py:176} INFO - Processing /home/airflow/.local/lib/python3.7/site-packages/airflow/example_dags/example_trigger_target_dag.py took 0.228 seconds
[2023-01-11T01:17:55.335+0000] {processor.py:154} INFO - Started process (PID=18370) to work on /home/airflow/.local/lib/python3.7/site-packages/airflow/example_dags/example_trigger_target_dag.py
[2023-01-11T01:17:55.339+0000] {processor.py:756} INFO - Processing file /home/airflow/.local/lib/python3.7/site-packages/airflow/example_dags/example_trigger_target_dag.py for tasks to queue
[2023-01-11T01:17:55.346+0000] {logging_mixin.py:120} INFO - [2023-01-11T01:17:55.345+0000] {dagbag.py:537} INFO - Filling up the DagBag from /home/airflow/.local/lib/python3.7/site-packages/airflow/example_dags/example_trigger_target_dag.py
[2023-01-11T01:17:55.413+0000] {processor.py:766} INFO - DAG(s) dict_keys(['example_trigger_target_dag']) retrieved from /home/airflow/.local/lib/python3.7/site-packages/airflow/example_dags/example_trigger_target_dag.py
[2023-01-11T01:17:55.496+0000] {logging_mixin.py:120} INFO - [2023-01-11T01:17:55.496+0000] {dag.py:2585} INFO - Sync 1 DAGs
[2023-01-11T01:17:55.553+0000] {logging_mixin.py:120} INFO - [2023-01-11T01:17:55.553+0000] {dag.py:3340} INFO - Setting next_dagrun for example_trigger_target_dag to None, run_after=None
[2023-01-11T01:17:55.605+0000] {processor.py:176} INFO - Processing /home/airflow/.local/lib/python3.7/site-packages/airflow/example_dags/example_trigger_target_dag.py took 0.277 seconds
[2023-01-11T01:18:26.284+0000] {processor.py:154} INFO - Started process (PID=18428) to work on /home/airflow/.local/lib/python3.7/site-packages/airflow/example_dags/example_trigger_target_dag.py
[2023-01-11T01:18:26.286+0000] {processor.py:756} INFO - Processing file /home/airflow/.local/lib/python3.7/site-packages/airflow/example_dags/example_trigger_target_dag.py for tasks to queue
[2023-01-11T01:18:26.288+0000] {logging_mixin.py:120} INFO - [2023-01-11T01:18:26.287+0000] {dagbag.py:537} INFO - Filling up the DagBag from /home/airflow/.local/lib/python3.7/site-packages/airflow/example_dags/example_trigger_target_dag.py
[2023-01-11T01:18:26.338+0000] {processor.py:766} INFO - DAG(s) dict_keys(['example_trigger_target_dag']) retrieved from /home/airflow/.local/lib/python3.7/site-packages/airflow/example_dags/example_trigger_target_dag.py
[2023-01-11T01:18:26.412+0000] {logging_mixin.py:120} INFO - [2023-01-11T01:18:26.411+0000] {dag.py:2585} INFO - Sync 1 DAGs
[2023-01-11T01:18:26.443+0000] {logging_mixin.py:120} INFO - [2023-01-11T01:18:26.443+0000] {dag.py:3340} INFO - Setting next_dagrun for example_trigger_target_dag to None, run_after=None
[2023-01-11T01:18:26.466+0000] {processor.py:176} INFO - Processing /home/airflow/.local/lib/python3.7/site-packages/airflow/example_dags/example_trigger_target_dag.py took 0.195 seconds
[2023-01-11T01:18:57.801+0000] {processor.py:154} INFO - Started process (PID=18495) to work on /home/airflow/.local/lib/python3.7/site-packages/airflow/example_dags/example_trigger_target_dag.py
[2023-01-11T01:18:57.804+0000] {processor.py:756} INFO - Processing file /home/airflow/.local/lib/python3.7/site-packages/airflow/example_dags/example_trigger_target_dag.py for tasks to queue
[2023-01-11T01:18:57.806+0000] {logging_mixin.py:120} INFO - [2023-01-11T01:18:57.806+0000] {dagbag.py:537} INFO - Filling up the DagBag from /home/airflow/.local/lib/python3.7/site-packages/airflow/example_dags/example_trigger_target_dag.py
[2023-01-11T01:18:57.850+0000] {processor.py:766} INFO - DAG(s) dict_keys(['example_trigger_target_dag']) retrieved from /home/airflow/.local/lib/python3.7/site-packages/airflow/example_dags/example_trigger_target_dag.py
[2023-01-11T01:18:57.922+0000] {logging_mixin.py:120} INFO - [2023-01-11T01:18:57.922+0000] {dag.py:2585} INFO - Sync 1 DAGs
[2023-01-11T01:18:57.963+0000] {logging_mixin.py:120} INFO - [2023-01-11T01:18:57.963+0000] {dag.py:3340} INFO - Setting next_dagrun for example_trigger_target_dag to None, run_after=None
[2023-01-11T01:18:58.002+0000] {processor.py:176} INFO - Processing /home/airflow/.local/lib/python3.7/site-packages/airflow/example_dags/example_trigger_target_dag.py took 0.209 seconds
[2023-01-11T01:19:28.234+0000] {processor.py:154} INFO - Started process (PID=18553) to work on /home/airflow/.local/lib/python3.7/site-packages/airflow/example_dags/example_trigger_target_dag.py
[2023-01-11T01:19:28.236+0000] {processor.py:756} INFO - Processing file /home/airflow/.local/lib/python3.7/site-packages/airflow/example_dags/example_trigger_target_dag.py for tasks to queue
[2023-01-11T01:19:28.239+0000] {logging_mixin.py:120} INFO - [2023-01-11T01:19:28.238+0000] {dagbag.py:537} INFO - Filling up the DagBag from /home/airflow/.local/lib/python3.7/site-packages/airflow/example_dags/example_trigger_target_dag.py
[2023-01-11T01:19:28.280+0000] {processor.py:766} INFO - DAG(s) dict_keys(['example_trigger_target_dag']) retrieved from /home/airflow/.local/lib/python3.7/site-packages/airflow/example_dags/example_trigger_target_dag.py
[2023-01-11T01:19:28.391+0000] {logging_mixin.py:120} INFO - [2023-01-11T01:19:28.391+0000] {dag.py:2585} INFO - Sync 1 DAGs
[2023-01-11T01:19:28.444+0000] {logging_mixin.py:120} INFO - [2023-01-11T01:19:28.444+0000] {dag.py:3340} INFO - Setting next_dagrun for example_trigger_target_dag to None, run_after=None
[2023-01-11T01:19:28.495+0000] {processor.py:176} INFO - Processing /home/airflow/.local/lib/python3.7/site-packages/airflow/example_dags/example_trigger_target_dag.py took 0.266 seconds
[2023-01-11T01:19:58.776+0000] {processor.py:154} INFO - Started process (PID=18620) to work on /home/airflow/.local/lib/python3.7/site-packages/airflow/example_dags/example_trigger_target_dag.py
[2023-01-11T01:19:58.778+0000] {processor.py:756} INFO - Processing file /home/airflow/.local/lib/python3.7/site-packages/airflow/example_dags/example_trigger_target_dag.py for tasks to queue
[2023-01-11T01:19:58.780+0000] {logging_mixin.py:120} INFO - [2023-01-11T01:19:58.780+0000] {dagbag.py:537} INFO - Filling up the DagBag from /home/airflow/.local/lib/python3.7/site-packages/airflow/example_dags/example_trigger_target_dag.py
[2023-01-11T01:19:58.819+0000] {processor.py:766} INFO - DAG(s) dict_keys(['example_trigger_target_dag']) retrieved from /home/airflow/.local/lib/python3.7/site-packages/airflow/example_dags/example_trigger_target_dag.py
[2023-01-11T01:19:58.906+0000] {logging_mixin.py:120} INFO - [2023-01-11T01:19:58.906+0000] {dag.py:2585} INFO - Sync 1 DAGs
[2023-01-11T01:19:58.947+0000] {logging_mixin.py:120} INFO - [2023-01-11T01:19:58.946+0000] {dag.py:3340} INFO - Setting next_dagrun for example_trigger_target_dag to None, run_after=None
[2023-01-11T01:19:58.977+0000] {processor.py:176} INFO - Processing /home/airflow/.local/lib/python3.7/site-packages/airflow/example_dags/example_trigger_target_dag.py took 0.208 seconds
[2023-01-11T01:20:29.411+0000] {processor.py:154} INFO - Started process (PID=18678) to work on /home/airflow/.local/lib/python3.7/site-packages/airflow/example_dags/example_trigger_target_dag.py
[2023-01-11T01:20:29.412+0000] {processor.py:756} INFO - Processing file /home/airflow/.local/lib/python3.7/site-packages/airflow/example_dags/example_trigger_target_dag.py for tasks to queue
[2023-01-11T01:20:29.415+0000] {logging_mixin.py:120} INFO - [2023-01-11T01:20:29.415+0000] {dagbag.py:537} INFO - Filling up the DagBag from /home/airflow/.local/lib/python3.7/site-packages/airflow/example_dags/example_trigger_target_dag.py
[2023-01-11T01:20:29.456+0000] {processor.py:766} INFO - DAG(s) dict_keys(['example_trigger_target_dag']) retrieved from /home/airflow/.local/lib/python3.7/site-packages/airflow/example_dags/example_trigger_target_dag.py
[2023-01-11T01:20:29.526+0000] {logging_mixin.py:120} INFO - [2023-01-11T01:20:29.526+0000] {dag.py:2585} INFO - Sync 1 DAGs
[2023-01-11T01:20:29.564+0000] {logging_mixin.py:120} INFO - [2023-01-11T01:20:29.563+0000] {dag.py:3340} INFO - Setting next_dagrun for example_trigger_target_dag to None, run_after=None
[2023-01-11T01:20:29.583+0000] {processor.py:176} INFO - Processing /home/airflow/.local/lib/python3.7/site-packages/airflow/example_dags/example_trigger_target_dag.py took 0.176 seconds
[2023-01-11T01:20:59.836+0000] {processor.py:154} INFO - Started process (PID=18745) to work on /home/airflow/.local/lib/python3.7/site-packages/airflow/example_dags/example_trigger_target_dag.py
[2023-01-11T01:20:59.837+0000] {processor.py:756} INFO - Processing file /home/airflow/.local/lib/python3.7/site-packages/airflow/example_dags/example_trigger_target_dag.py for tasks to queue
[2023-01-11T01:20:59.839+0000] {logging_mixin.py:120} INFO - [2023-01-11T01:20:59.838+0000] {dagbag.py:537} INFO - Filling up the DagBag from /home/airflow/.local/lib/python3.7/site-packages/airflow/example_dags/example_trigger_target_dag.py
[2023-01-11T01:20:59.872+0000] {processor.py:766} INFO - DAG(s) dict_keys(['example_trigger_target_dag']) retrieved from /home/airflow/.local/lib/python3.7/site-packages/airflow/example_dags/example_trigger_target_dag.py
[2023-01-11T01:20:59.933+0000] {logging_mixin.py:120} INFO - [2023-01-11T01:20:59.933+0000] {dag.py:2585} INFO - Sync 1 DAGs
[2023-01-11T01:20:59.962+0000] {logging_mixin.py:120} INFO - [2023-01-11T01:20:59.961+0000] {dag.py:3340} INFO - Setting next_dagrun for example_trigger_target_dag to None, run_after=None
[2023-01-11T01:20:59.984+0000] {processor.py:176} INFO - Processing /home/airflow/.local/lib/python3.7/site-packages/airflow/example_dags/example_trigger_target_dag.py took 0.155 seconds
[2023-01-11T01:21:30.214+0000] {processor.py:154} INFO - Started process (PID=18809) to work on /home/airflow/.local/lib/python3.7/site-packages/airflow/example_dags/example_trigger_target_dag.py
[2023-01-11T01:21:30.216+0000] {processor.py:756} INFO - Processing file /home/airflow/.local/lib/python3.7/site-packages/airflow/example_dags/example_trigger_target_dag.py for tasks to queue
[2023-01-11T01:21:30.219+0000] {logging_mixin.py:120} INFO - [2023-01-11T01:21:30.218+0000] {dagbag.py:537} INFO - Filling up the DagBag from /home/airflow/.local/lib/python3.7/site-packages/airflow/example_dags/example_trigger_target_dag.py
[2023-01-11T01:21:30.270+0000] {processor.py:766} INFO - DAG(s) dict_keys(['example_trigger_target_dag']) retrieved from /home/airflow/.local/lib/python3.7/site-packages/airflow/example_dags/example_trigger_target_dag.py
[2023-01-11T01:21:30.386+0000] {logging_mixin.py:120} INFO - [2023-01-11T01:21:30.386+0000] {dag.py:2585} INFO - Sync 1 DAGs
[2023-01-11T01:21:30.451+0000] {logging_mixin.py:120} INFO - [2023-01-11T01:21:30.451+0000] {dag.py:3340} INFO - Setting next_dagrun for example_trigger_target_dag to None, run_after=None
[2023-01-11T01:21:30.508+0000] {processor.py:176} INFO - Processing /home/airflow/.local/lib/python3.7/site-packages/airflow/example_dags/example_trigger_target_dag.py took 0.304 seconds
[2023-01-11T01:22:01.106+0000] {processor.py:154} INFO - Started process (PID=18870) to work on /home/airflow/.local/lib/python3.7/site-packages/airflow/example_dags/example_trigger_target_dag.py
[2023-01-11T01:22:01.109+0000] {processor.py:756} INFO - Processing file /home/airflow/.local/lib/python3.7/site-packages/airflow/example_dags/example_trigger_target_dag.py for tasks to queue
[2023-01-11T01:22:01.111+0000] {logging_mixin.py:120} INFO - [2023-01-11T01:22:01.110+0000] {dagbag.py:537} INFO - Filling up the DagBag from /home/airflow/.local/lib/python3.7/site-packages/airflow/example_dags/example_trigger_target_dag.py
[2023-01-11T01:22:01.151+0000] {processor.py:766} INFO - DAG(s) dict_keys(['example_trigger_target_dag']) retrieved from /home/airflow/.local/lib/python3.7/site-packages/airflow/example_dags/example_trigger_target_dag.py
[2023-01-11T01:22:01.233+0000] {logging_mixin.py:120} INFO - [2023-01-11T01:22:01.232+0000] {dag.py:2585} INFO - Sync 1 DAGs
[2023-01-11T01:22:01.278+0000] {logging_mixin.py:120} INFO - [2023-01-11T01:22:01.277+0000] {dag.py:3340} INFO - Setting next_dagrun for example_trigger_target_dag to None, run_after=None
[2023-01-11T01:22:01.328+0000] {processor.py:176} INFO - Processing /home/airflow/.local/lib/python3.7/site-packages/airflow/example_dags/example_trigger_target_dag.py took 0.228 seconds
[2023-01-11T01:22:31.797+0000] {processor.py:154} INFO - Started process (PID=18937) to work on /home/airflow/.local/lib/python3.7/site-packages/airflow/example_dags/example_trigger_target_dag.py
[2023-01-11T01:22:31.799+0000] {processor.py:756} INFO - Processing file /home/airflow/.local/lib/python3.7/site-packages/airflow/example_dags/example_trigger_target_dag.py for tasks to queue
[2023-01-11T01:22:31.800+0000] {logging_mixin.py:120} INFO - [2023-01-11T01:22:31.799+0000] {dagbag.py:537} INFO - Filling up the DagBag from /home/airflow/.local/lib/python3.7/site-packages/airflow/example_dags/example_trigger_target_dag.py
[2023-01-11T01:22:31.832+0000] {processor.py:766} INFO - DAG(s) dict_keys(['example_trigger_target_dag']) retrieved from /home/airflow/.local/lib/python3.7/site-packages/airflow/example_dags/example_trigger_target_dag.py
[2023-01-11T01:22:31.886+0000] {logging_mixin.py:120} INFO - [2023-01-11T01:22:31.886+0000] {dag.py:2585} INFO - Sync 1 DAGs
[2023-01-11T01:22:31.930+0000] {logging_mixin.py:120} INFO - [2023-01-11T01:22:31.929+0000] {dag.py:3340} INFO - Setting next_dagrun for example_trigger_target_dag to None, run_after=None
[2023-01-11T01:22:31.969+0000] {processor.py:176} INFO - Processing /home/airflow/.local/lib/python3.7/site-packages/airflow/example_dags/example_trigger_target_dag.py took 0.176 seconds
[2023-01-11T01:23:03.179+0000] {processor.py:154} INFO - Started process (PID=18995) to work on /home/airflow/.local/lib/python3.7/site-packages/airflow/example_dags/example_trigger_target_dag.py
[2023-01-11T01:23:03.180+0000] {processor.py:756} INFO - Processing file /home/airflow/.local/lib/python3.7/site-packages/airflow/example_dags/example_trigger_target_dag.py for tasks to queue
[2023-01-11T01:23:03.184+0000] {logging_mixin.py:120} INFO - [2023-01-11T01:23:03.183+0000] {dagbag.py:537} INFO - Filling up the DagBag from /home/airflow/.local/lib/python3.7/site-packages/airflow/example_dags/example_trigger_target_dag.py
[2023-01-11T01:23:03.236+0000] {processor.py:766} INFO - DAG(s) dict_keys(['example_trigger_target_dag']) retrieved from /home/airflow/.local/lib/python3.7/site-packages/airflow/example_dags/example_trigger_target_dag.py
[2023-01-11T01:23:03.371+0000] {logging_mixin.py:120} INFO - [2023-01-11T01:23:03.371+0000] {dag.py:2585} INFO - Sync 1 DAGs
[2023-01-11T01:23:03.444+0000] {logging_mixin.py:120} INFO - [2023-01-11T01:23:03.443+0000] {dag.py:3340} INFO - Setting next_dagrun for example_trigger_target_dag to None, run_after=None
[2023-01-11T01:23:03.489+0000] {processor.py:176} INFO - Processing /home/airflow/.local/lib/python3.7/site-packages/airflow/example_dags/example_trigger_target_dag.py took 0.315 seconds
[2023-01-11T01:23:33.666+0000] {processor.py:154} INFO - Started process (PID=19062) to work on /home/airflow/.local/lib/python3.7/site-packages/airflow/example_dags/example_trigger_target_dag.py
[2023-01-11T01:23:33.668+0000] {processor.py:756} INFO - Processing file /home/airflow/.local/lib/python3.7/site-packages/airflow/example_dags/example_trigger_target_dag.py for tasks to queue
[2023-01-11T01:23:33.671+0000] {logging_mixin.py:120} INFO - [2023-01-11T01:23:33.670+0000] {dagbag.py:537} INFO - Filling up the DagBag from /home/airflow/.local/lib/python3.7/site-packages/airflow/example_dags/example_trigger_target_dag.py
[2023-01-11T01:23:33.721+0000] {processor.py:766} INFO - DAG(s) dict_keys(['example_trigger_target_dag']) retrieved from /home/airflow/.local/lib/python3.7/site-packages/airflow/example_dags/example_trigger_target_dag.py
[2023-01-11T01:23:33.817+0000] {logging_mixin.py:120} INFO - [2023-01-11T01:23:33.817+0000] {dag.py:2585} INFO - Sync 1 DAGs
[2023-01-11T01:23:33.890+0000] {logging_mixin.py:120} INFO - [2023-01-11T01:23:33.890+0000] {dag.py:3340} INFO - Setting next_dagrun for example_trigger_target_dag to None, run_after=None
[2023-01-11T01:23:33.946+0000] {processor.py:176} INFO - Processing /home/airflow/.local/lib/python3.7/site-packages/airflow/example_dags/example_trigger_target_dag.py took 0.287 seconds
[2023-01-11T01:24:04.112+0000] {processor.py:154} INFO - Started process (PID=19120) to work on /home/airflow/.local/lib/python3.7/site-packages/airflow/example_dags/example_trigger_target_dag.py
[2023-01-11T01:24:04.113+0000] {processor.py:756} INFO - Processing file /home/airflow/.local/lib/python3.7/site-packages/airflow/example_dags/example_trigger_target_dag.py for tasks to queue
[2023-01-11T01:24:04.114+0000] {logging_mixin.py:120} INFO - [2023-01-11T01:24:04.114+0000] {dagbag.py:537} INFO - Filling up the DagBag from /home/airflow/.local/lib/python3.7/site-packages/airflow/example_dags/example_trigger_target_dag.py
[2023-01-11T01:24:04.136+0000] {processor.py:766} INFO - DAG(s) dict_keys(['example_trigger_target_dag']) retrieved from /home/airflow/.local/lib/python3.7/site-packages/airflow/example_dags/example_trigger_target_dag.py
[2023-01-11T01:24:04.180+0000] {logging_mixin.py:120} INFO - [2023-01-11T01:24:04.180+0000] {dag.py:2585} INFO - Sync 1 DAGs
[2023-01-11T01:24:04.202+0000] {logging_mixin.py:120} INFO - [2023-01-11T01:24:04.202+0000] {dag.py:3340} INFO - Setting next_dagrun for example_trigger_target_dag to None, run_after=None
[2023-01-11T01:24:04.222+0000] {processor.py:176} INFO - Processing /home/airflow/.local/lib/python3.7/site-packages/airflow/example_dags/example_trigger_target_dag.py took 0.113 seconds
[2023-01-11T01:24:35.032+0000] {processor.py:154} INFO - Started process (PID=19186) to work on /home/airflow/.local/lib/python3.7/site-packages/airflow/example_dags/example_trigger_target_dag.py
[2023-01-11T01:24:35.034+0000] {processor.py:756} INFO - Processing file /home/airflow/.local/lib/python3.7/site-packages/airflow/example_dags/example_trigger_target_dag.py for tasks to queue
[2023-01-11T01:24:35.036+0000] {logging_mixin.py:120} INFO - [2023-01-11T01:24:35.036+0000] {dagbag.py:537} INFO - Filling up the DagBag from /home/airflow/.local/lib/python3.7/site-packages/airflow/example_dags/example_trigger_target_dag.py
[2023-01-11T01:24:35.091+0000] {processor.py:766} INFO - DAG(s) dict_keys(['example_trigger_target_dag']) retrieved from /home/airflow/.local/lib/python3.7/site-packages/airflow/example_dags/example_trigger_target_dag.py
[2023-01-11T01:24:35.193+0000] {logging_mixin.py:120} INFO - [2023-01-11T01:24:35.192+0000] {dag.py:2585} INFO - Sync 1 DAGs
[2023-01-11T01:24:35.274+0000] {logging_mixin.py:120} INFO - [2023-01-11T01:24:35.274+0000] {dag.py:3340} INFO - Setting next_dagrun for example_trigger_target_dag to None, run_after=None
[2023-01-11T01:24:35.329+0000] {processor.py:176} INFO - Processing /home/airflow/.local/lib/python3.7/site-packages/airflow/example_dags/example_trigger_target_dag.py took 0.302 seconds
[2023-01-11T01:25:05.805+0000] {processor.py:154} INFO - Started process (PID=19246) to work on /home/airflow/.local/lib/python3.7/site-packages/airflow/example_dags/example_trigger_target_dag.py
[2023-01-11T01:25:05.807+0000] {processor.py:756} INFO - Processing file /home/airflow/.local/lib/python3.7/site-packages/airflow/example_dags/example_trigger_target_dag.py for tasks to queue
[2023-01-11T01:25:05.808+0000] {logging_mixin.py:120} INFO - [2023-01-11T01:25:05.808+0000] {dagbag.py:537} INFO - Filling up the DagBag from /home/airflow/.local/lib/python3.7/site-packages/airflow/example_dags/example_trigger_target_dag.py
[2023-01-11T01:25:05.833+0000] {processor.py:766} INFO - DAG(s) dict_keys(['example_trigger_target_dag']) retrieved from /home/airflow/.local/lib/python3.7/site-packages/airflow/example_dags/example_trigger_target_dag.py
[2023-01-11T01:25:05.910+0000] {logging_mixin.py:120} INFO - [2023-01-11T01:25:05.910+0000] {dag.py:2585} INFO - Sync 1 DAGs
[2023-01-11T01:25:05.958+0000] {logging_mixin.py:120} INFO - [2023-01-11T01:25:05.957+0000] {dag.py:3340} INFO - Setting next_dagrun for example_trigger_target_dag to None, run_after=None
[2023-01-11T01:25:06.005+0000] {processor.py:176} INFO - Processing /home/airflow/.local/lib/python3.7/site-packages/airflow/example_dags/example_trigger_target_dag.py took 0.203 seconds
[2023-01-11T01:25:37.072+0000] {processor.py:154} INFO - Started process (PID=19313) to work on /home/airflow/.local/lib/python3.7/site-packages/airflow/example_dags/example_trigger_target_dag.py
[2023-01-11T01:25:37.074+0000] {processor.py:756} INFO - Processing file /home/airflow/.local/lib/python3.7/site-packages/airflow/example_dags/example_trigger_target_dag.py for tasks to queue
[2023-01-11T01:25:37.077+0000] {logging_mixin.py:120} INFO - [2023-01-11T01:25:37.077+0000] {dagbag.py:537} INFO - Filling up the DagBag from /home/airflow/.local/lib/python3.7/site-packages/airflow/example_dags/example_trigger_target_dag.py
[2023-01-11T01:25:37.136+0000] {processor.py:766} INFO - DAG(s) dict_keys(['example_trigger_target_dag']) retrieved from /home/airflow/.local/lib/python3.7/site-packages/airflow/example_dags/example_trigger_target_dag.py
[2023-01-11T01:25:37.255+0000] {logging_mixin.py:120} INFO - [2023-01-11T01:25:37.254+0000] {dag.py:2585} INFO - Sync 1 DAGs
[2023-01-11T01:25:37.327+0000] {logging_mixin.py:120} INFO - [2023-01-11T01:25:37.326+0000] {dag.py:3340} INFO - Setting next_dagrun for example_trigger_target_dag to None, run_after=None
[2023-01-11T01:25:37.400+0000] {processor.py:176} INFO - Processing /home/airflow/.local/lib/python3.7/site-packages/airflow/example_dags/example_trigger_target_dag.py took 0.335 seconds
[2023-01-11T01:26:07.569+0000] {processor.py:154} INFO - Started process (PID=19371) to work on /home/airflow/.local/lib/python3.7/site-packages/airflow/example_dags/example_trigger_target_dag.py
[2023-01-11T01:26:07.570+0000] {processor.py:756} INFO - Processing file /home/airflow/.local/lib/python3.7/site-packages/airflow/example_dags/example_trigger_target_dag.py for tasks to queue
[2023-01-11T01:26:07.571+0000] {logging_mixin.py:120} INFO - [2023-01-11T01:26:07.571+0000] {dagbag.py:537} INFO - Filling up the DagBag from /home/airflow/.local/lib/python3.7/site-packages/airflow/example_dags/example_trigger_target_dag.py
[2023-01-11T01:26:07.594+0000] {processor.py:766} INFO - DAG(s) dict_keys(['example_trigger_target_dag']) retrieved from /home/airflow/.local/lib/python3.7/site-packages/airflow/example_dags/example_trigger_target_dag.py
[2023-01-11T01:26:07.647+0000] {logging_mixin.py:120} INFO - [2023-01-11T01:26:07.647+0000] {dag.py:2585} INFO - Sync 1 DAGs
[2023-01-11T01:26:07.676+0000] {logging_mixin.py:120} INFO - [2023-01-11T01:26:07.675+0000] {dag.py:3340} INFO - Setting next_dagrun for example_trigger_target_dag to None, run_after=None
[2023-01-11T01:26:07.696+0000] {processor.py:176} INFO - Processing /home/airflow/.local/lib/python3.7/site-packages/airflow/example_dags/example_trigger_target_dag.py took 0.130 seconds
[2023-01-11T01:26:38.183+0000] {processor.py:154} INFO - Started process (PID=19436) to work on /home/airflow/.local/lib/python3.7/site-packages/airflow/example_dags/example_trigger_target_dag.py
[2023-01-11T01:26:38.184+0000] {processor.py:756} INFO - Processing file /home/airflow/.local/lib/python3.7/site-packages/airflow/example_dags/example_trigger_target_dag.py for tasks to queue
[2023-01-11T01:26:38.185+0000] {logging_mixin.py:120} INFO - [2023-01-11T01:26:38.185+0000] {dagbag.py:537} INFO - Filling up the DagBag from /home/airflow/.local/lib/python3.7/site-packages/airflow/example_dags/example_trigger_target_dag.py
[2023-01-11T01:26:38.218+0000] {processor.py:766} INFO - DAG(s) dict_keys(['example_trigger_target_dag']) retrieved from /home/airflow/.local/lib/python3.7/site-packages/airflow/example_dags/example_trigger_target_dag.py
[2023-01-11T01:26:38.280+0000] {logging_mixin.py:120} INFO - [2023-01-11T01:26:38.280+0000] {dag.py:2585} INFO - Sync 1 DAGs
[2023-01-11T01:26:38.320+0000] {logging_mixin.py:120} INFO - [2023-01-11T01:26:38.319+0000] {dag.py:3340} INFO - Setting next_dagrun for example_trigger_target_dag to None, run_after=None
[2023-01-11T01:26:38.350+0000] {processor.py:176} INFO - Processing /home/airflow/.local/lib/python3.7/site-packages/airflow/example_dags/example_trigger_target_dag.py took 0.171 seconds
[2023-01-11T01:27:08.972+0000] {processor.py:154} INFO - Started process (PID=19496) to work on /home/airflow/.local/lib/python3.7/site-packages/airflow/example_dags/example_trigger_target_dag.py
[2023-01-11T01:27:08.973+0000] {processor.py:756} INFO - Processing file /home/airflow/.local/lib/python3.7/site-packages/airflow/example_dags/example_trigger_target_dag.py for tasks to queue
[2023-01-11T01:27:08.974+0000] {logging_mixin.py:120} INFO - [2023-01-11T01:27:08.974+0000] {dagbag.py:537} INFO - Filling up the DagBag from /home/airflow/.local/lib/python3.7/site-packages/airflow/example_dags/example_trigger_target_dag.py
[2023-01-11T01:27:08.995+0000] {processor.py:766} INFO - DAG(s) dict_keys(['example_trigger_target_dag']) retrieved from /home/airflow/.local/lib/python3.7/site-packages/airflow/example_dags/example_trigger_target_dag.py
[2023-01-11T01:27:09.037+0000] {logging_mixin.py:120} INFO - [2023-01-11T01:27:09.036+0000] {dag.py:2585} INFO - Sync 1 DAGs
[2023-01-11T01:27:09.063+0000] {logging_mixin.py:120} INFO - [2023-01-11T01:27:09.063+0000] {dag.py:3340} INFO - Setting next_dagrun for example_trigger_target_dag to None, run_after=None
[2023-01-11T01:27:09.083+0000] {processor.py:176} INFO - Processing /home/airflow/.local/lib/python3.7/site-packages/airflow/example_dags/example_trigger_target_dag.py took 0.115 seconds
[2023-01-11T01:27:39.646+0000] {processor.py:154} INFO - Started process (PID=19561) to work on /home/airflow/.local/lib/python3.7/site-packages/airflow/example_dags/example_trigger_target_dag.py
[2023-01-11T01:27:39.648+0000] {processor.py:756} INFO - Processing file /home/airflow/.local/lib/python3.7/site-packages/airflow/example_dags/example_trigger_target_dag.py for tasks to queue
[2023-01-11T01:27:39.650+0000] {logging_mixin.py:120} INFO - [2023-01-11T01:27:39.650+0000] {dagbag.py:537} INFO - Filling up the DagBag from /home/airflow/.local/lib/python3.7/site-packages/airflow/example_dags/example_trigger_target_dag.py
[2023-01-11T01:27:39.689+0000] {processor.py:766} INFO - DAG(s) dict_keys(['example_trigger_target_dag']) retrieved from /home/airflow/.local/lib/python3.7/site-packages/airflow/example_dags/example_trigger_target_dag.py
[2023-01-11T01:27:39.757+0000] {logging_mixin.py:120} INFO - [2023-01-11T01:27:39.757+0000] {dag.py:2585} INFO - Sync 1 DAGs
[2023-01-11T01:27:39.815+0000] {logging_mixin.py:120} INFO - [2023-01-11T01:27:39.815+0000] {dag.py:3340} INFO - Setting next_dagrun for example_trigger_target_dag to None, run_after=None
[2023-01-11T01:27:39.855+0000] {processor.py:176} INFO - Processing /home/airflow/.local/lib/python3.7/site-packages/airflow/example_dags/example_trigger_target_dag.py took 0.215 seconds
[2023-01-11T01:28:10.700+0000] {processor.py:154} INFO - Started process (PID=19621) to work on /home/airflow/.local/lib/python3.7/site-packages/airflow/example_dags/example_trigger_target_dag.py
[2023-01-11T01:28:10.701+0000] {processor.py:756} INFO - Processing file /home/airflow/.local/lib/python3.7/site-packages/airflow/example_dags/example_trigger_target_dag.py for tasks to queue
[2023-01-11T01:28:10.702+0000] {logging_mixin.py:120} INFO - [2023-01-11T01:28:10.702+0000] {dagbag.py:537} INFO - Filling up the DagBag from /home/airflow/.local/lib/python3.7/site-packages/airflow/example_dags/example_trigger_target_dag.py
[2023-01-11T01:28:10.731+0000] {processor.py:766} INFO - DAG(s) dict_keys(['example_trigger_target_dag']) retrieved from /home/airflow/.local/lib/python3.7/site-packages/airflow/example_dags/example_trigger_target_dag.py
[2023-01-11T01:28:10.786+0000] {logging_mixin.py:120} INFO - [2023-01-11T01:28:10.786+0000] {dag.py:2585} INFO - Sync 1 DAGs
[2023-01-11T01:28:10.817+0000] {logging_mixin.py:120} INFO - [2023-01-11T01:28:10.817+0000] {dag.py:3340} INFO - Setting next_dagrun for example_trigger_target_dag to None, run_after=None
[2023-01-11T01:28:10.846+0000] {processor.py:176} INFO - Processing /home/airflow/.local/lib/python3.7/site-packages/airflow/example_dags/example_trigger_target_dag.py took 0.150 seconds
[2023-01-11T01:28:41.365+0000] {processor.py:154} INFO - Started process (PID=19688) to work on /home/airflow/.local/lib/python3.7/site-packages/airflow/example_dags/example_trigger_target_dag.py
[2023-01-11T01:28:41.366+0000] {processor.py:756} INFO - Processing file /home/airflow/.local/lib/python3.7/site-packages/airflow/example_dags/example_trigger_target_dag.py for tasks to queue
[2023-01-11T01:28:41.367+0000] {logging_mixin.py:120} INFO - [2023-01-11T01:28:41.367+0000] {dagbag.py:537} INFO - Filling up the DagBag from /home/airflow/.local/lib/python3.7/site-packages/airflow/example_dags/example_trigger_target_dag.py
[2023-01-11T01:28:41.393+0000] {processor.py:766} INFO - DAG(s) dict_keys(['example_trigger_target_dag']) retrieved from /home/airflow/.local/lib/python3.7/site-packages/airflow/example_dags/example_trigger_target_dag.py
[2023-01-11T01:28:41.440+0000] {logging_mixin.py:120} INFO - [2023-01-11T01:28:41.440+0000] {dag.py:2585} INFO - Sync 1 DAGs
[2023-01-11T01:28:41.474+0000] {logging_mixin.py:120} INFO - [2023-01-11T01:28:41.473+0000] {dag.py:3340} INFO - Setting next_dagrun for example_trigger_target_dag to None, run_after=None
[2023-01-11T01:28:41.512+0000] {processor.py:176} INFO - Processing /home/airflow/.local/lib/python3.7/site-packages/airflow/example_dags/example_trigger_target_dag.py took 0.151 seconds
[2023-01-11T01:29:12.241+0000] {processor.py:154} INFO - Started process (PID=19746) to work on /home/airflow/.local/lib/python3.7/site-packages/airflow/example_dags/example_trigger_target_dag.py
[2023-01-11T01:29:12.242+0000] {processor.py:756} INFO - Processing file /home/airflow/.local/lib/python3.7/site-packages/airflow/example_dags/example_trigger_target_dag.py for tasks to queue
[2023-01-11T01:29:12.243+0000] {logging_mixin.py:120} INFO - [2023-01-11T01:29:12.243+0000] {dagbag.py:537} INFO - Filling up the DagBag from /home/airflow/.local/lib/python3.7/site-packages/airflow/example_dags/example_trigger_target_dag.py
[2023-01-11T01:29:12.263+0000] {processor.py:766} INFO - DAG(s) dict_keys(['example_trigger_target_dag']) retrieved from /home/airflow/.local/lib/python3.7/site-packages/airflow/example_dags/example_trigger_target_dag.py
[2023-01-11T01:29:12.322+0000] {logging_mixin.py:120} INFO - [2023-01-11T01:29:12.321+0000] {dag.py:2585} INFO - Sync 1 DAGs
[2023-01-11T01:29:12.369+0000] {logging_mixin.py:120} INFO - [2023-01-11T01:29:12.368+0000] {dag.py:3340} INFO - Setting next_dagrun for example_trigger_target_dag to None, run_after=None
[2023-01-11T01:29:12.398+0000] {processor.py:176} INFO - Processing /home/airflow/.local/lib/python3.7/site-packages/airflow/example_dags/example_trigger_target_dag.py took 0.160 seconds
[2023-01-11T01:29:43.308+0000] {processor.py:154} INFO - Started process (PID=19812) to work on /home/airflow/.local/lib/python3.7/site-packages/airflow/example_dags/example_trigger_target_dag.py
[2023-01-11T01:29:43.310+0000] {processor.py:756} INFO - Processing file /home/airflow/.local/lib/python3.7/site-packages/airflow/example_dags/example_trigger_target_dag.py for tasks to queue
[2023-01-11T01:29:43.312+0000] {logging_mixin.py:120} INFO - [2023-01-11T01:29:43.311+0000] {dagbag.py:537} INFO - Filling up the DagBag from /home/airflow/.local/lib/python3.7/site-packages/airflow/example_dags/example_trigger_target_dag.py
[2023-01-11T01:29:43.353+0000] {processor.py:766} INFO - DAG(s) dict_keys(['example_trigger_target_dag']) retrieved from /home/airflow/.local/lib/python3.7/site-packages/airflow/example_dags/example_trigger_target_dag.py
[2023-01-11T01:29:43.500+0000] {logging_mixin.py:120} INFO - [2023-01-11T01:29:43.500+0000] {dag.py:2585} INFO - Sync 1 DAGs
[2023-01-11T01:29:43.543+0000] {logging_mixin.py:120} INFO - [2023-01-11T01:29:43.543+0000] {dag.py:3340} INFO - Setting next_dagrun for example_trigger_target_dag to None, run_after=None
[2023-01-11T01:29:43.577+0000] {processor.py:176} INFO - Processing /home/airflow/.local/lib/python3.7/site-packages/airflow/example_dags/example_trigger_target_dag.py took 0.279 seconds
[2023-01-11T01:30:13.950+0000] {processor.py:154} INFO - Started process (PID=19877) to work on /home/airflow/.local/lib/python3.7/site-packages/airflow/example_dags/example_trigger_target_dag.py
[2023-01-11T01:30:13.953+0000] {processor.py:756} INFO - Processing file /home/airflow/.local/lib/python3.7/site-packages/airflow/example_dags/example_trigger_target_dag.py for tasks to queue
[2023-01-11T01:30:13.956+0000] {logging_mixin.py:120} INFO - [2023-01-11T01:30:13.955+0000] {dagbag.py:537} INFO - Filling up the DagBag from /home/airflow/.local/lib/python3.7/site-packages/airflow/example_dags/example_trigger_target_dag.py
[2023-01-11T01:30:14.011+0000] {processor.py:766} INFO - DAG(s) dict_keys(['example_trigger_target_dag']) retrieved from /home/airflow/.local/lib/python3.7/site-packages/airflow/example_dags/example_trigger_target_dag.py
[2023-01-11T01:30:14.111+0000] {logging_mixin.py:120} INFO - [2023-01-11T01:30:14.111+0000] {dag.py:2585} INFO - Sync 1 DAGs
[2023-01-11T01:30:14.166+0000] {logging_mixin.py:120} INFO - [2023-01-11T01:30:14.166+0000] {dag.py:3340} INFO - Setting next_dagrun for example_trigger_target_dag to None, run_after=None
[2023-01-11T01:30:14.234+0000] {processor.py:176} INFO - Processing /home/airflow/.local/lib/python3.7/site-packages/airflow/example_dags/example_trigger_target_dag.py took 0.295 seconds
[2023-01-11T01:30:44.764+0000] {processor.py:154} INFO - Started process (PID=19937) to work on /home/airflow/.local/lib/python3.7/site-packages/airflow/example_dags/example_trigger_target_dag.py
[2023-01-11T01:30:44.765+0000] {processor.py:756} INFO - Processing file /home/airflow/.local/lib/python3.7/site-packages/airflow/example_dags/example_trigger_target_dag.py for tasks to queue
[2023-01-11T01:30:44.767+0000] {logging_mixin.py:120} INFO - [2023-01-11T01:30:44.766+0000] {dagbag.py:537} INFO - Filling up the DagBag from /home/airflow/.local/lib/python3.7/site-packages/airflow/example_dags/example_trigger_target_dag.py
[2023-01-11T01:30:44.803+0000] {processor.py:766} INFO - DAG(s) dict_keys(['example_trigger_target_dag']) retrieved from /home/airflow/.local/lib/python3.7/site-packages/airflow/example_dags/example_trigger_target_dag.py
[2023-01-11T01:30:44.891+0000] {logging_mixin.py:120} INFO - [2023-01-11T01:30:44.891+0000] {dag.py:2585} INFO - Sync 1 DAGs
[2023-01-11T01:30:44.943+0000] {logging_mixin.py:120} INFO - [2023-01-11T01:30:44.943+0000] {dag.py:3340} INFO - Setting next_dagrun for example_trigger_target_dag to None, run_after=None
[2023-01-11T01:30:44.994+0000] {processor.py:176} INFO - Processing /home/airflow/.local/lib/python3.7/site-packages/airflow/example_dags/example_trigger_target_dag.py took 0.237 seconds
[2023-01-11T01:31:15.209+0000] {processor.py:154} INFO - Started process (PID=20004) to work on /home/airflow/.local/lib/python3.7/site-packages/airflow/example_dags/example_trigger_target_dag.py
[2023-01-11T01:31:15.210+0000] {processor.py:756} INFO - Processing file /home/airflow/.local/lib/python3.7/site-packages/airflow/example_dags/example_trigger_target_dag.py for tasks to queue
[2023-01-11T01:31:15.212+0000] {logging_mixin.py:120} INFO - [2023-01-11T01:31:15.212+0000] {dagbag.py:537} INFO - Filling up the DagBag from /home/airflow/.local/lib/python3.7/site-packages/airflow/example_dags/example_trigger_target_dag.py
[2023-01-11T01:31:15.251+0000] {processor.py:766} INFO - DAG(s) dict_keys(['example_trigger_target_dag']) retrieved from /home/airflow/.local/lib/python3.7/site-packages/airflow/example_dags/example_trigger_target_dag.py
[2023-01-11T01:31:15.349+0000] {logging_mixin.py:120} INFO - [2023-01-11T01:31:15.348+0000] {dag.py:2585} INFO - Sync 1 DAGs
[2023-01-11T01:31:15.431+0000] {logging_mixin.py:120} INFO - [2023-01-11T01:31:15.431+0000] {dag.py:3340} INFO - Setting next_dagrun for example_trigger_target_dag to None, run_after=None
[2023-01-11T01:31:15.493+0000] {processor.py:176} INFO - Processing /home/airflow/.local/lib/python3.7/site-packages/airflow/example_dags/example_trigger_target_dag.py took 0.289 seconds
[2023-01-11T01:31:45.687+0000] {processor.py:154} INFO - Started process (PID=20062) to work on /home/airflow/.local/lib/python3.7/site-packages/airflow/example_dags/example_trigger_target_dag.py
[2023-01-11T01:31:45.689+0000] {processor.py:756} INFO - Processing file /home/airflow/.local/lib/python3.7/site-packages/airflow/example_dags/example_trigger_target_dag.py for tasks to queue
[2023-01-11T01:31:45.690+0000] {logging_mixin.py:120} INFO - [2023-01-11T01:31:45.690+0000] {dagbag.py:537} INFO - Filling up the DagBag from /home/airflow/.local/lib/python3.7/site-packages/airflow/example_dags/example_trigger_target_dag.py
[2023-01-11T01:31:45.726+0000] {processor.py:766} INFO - DAG(s) dict_keys(['example_trigger_target_dag']) retrieved from /home/airflow/.local/lib/python3.7/site-packages/airflow/example_dags/example_trigger_target_dag.py
[2023-01-11T01:31:45.783+0000] {logging_mixin.py:120} INFO - [2023-01-11T01:31:45.782+0000] {dag.py:2585} INFO - Sync 1 DAGs
[2023-01-11T01:31:45.820+0000] {logging_mixin.py:120} INFO - [2023-01-11T01:31:45.820+0000] {dag.py:3340} INFO - Setting next_dagrun for example_trigger_target_dag to None, run_after=None
[2023-01-11T01:31:45.854+0000] {processor.py:176} INFO - Processing /home/airflow/.local/lib/python3.7/site-packages/airflow/example_dags/example_trigger_target_dag.py took 0.172 seconds
[2023-01-11T01:32:16.043+0000] {processor.py:154} INFO - Started process (PID=20127) to work on /home/airflow/.local/lib/python3.7/site-packages/airflow/example_dags/example_trigger_target_dag.py
[2023-01-11T01:32:16.045+0000] {processor.py:756} INFO - Processing file /home/airflow/.local/lib/python3.7/site-packages/airflow/example_dags/example_trigger_target_dag.py for tasks to queue
[2023-01-11T01:32:16.046+0000] {logging_mixin.py:120} INFO - [2023-01-11T01:32:16.046+0000] {dagbag.py:537} INFO - Filling up the DagBag from /home/airflow/.local/lib/python3.7/site-packages/airflow/example_dags/example_trigger_target_dag.py
[2023-01-11T01:32:16.083+0000] {processor.py:766} INFO - DAG(s) dict_keys(['example_trigger_target_dag']) retrieved from /home/airflow/.local/lib/python3.7/site-packages/airflow/example_dags/example_trigger_target_dag.py
[2023-01-11T01:32:16.154+0000] {logging_mixin.py:120} INFO - [2023-01-11T01:32:16.153+0000] {dag.py:2585} INFO - Sync 1 DAGs
[2023-01-11T01:32:16.194+0000] {logging_mixin.py:120} INFO - [2023-01-11T01:32:16.194+0000] {dag.py:3340} INFO - Setting next_dagrun for example_trigger_target_dag to None, run_after=None
[2023-01-11T01:32:16.233+0000] {processor.py:176} INFO - Processing /home/airflow/.local/lib/python3.7/site-packages/airflow/example_dags/example_trigger_target_dag.py took 0.193 seconds
[2023-01-11T01:32:46.303+0000] {processor.py:154} INFO - Started process (PID=20186) to work on /home/airflow/.local/lib/python3.7/site-packages/airflow/example_dags/example_trigger_target_dag.py
[2023-01-11T01:32:46.305+0000] {processor.py:756} INFO - Processing file /home/airflow/.local/lib/python3.7/site-packages/airflow/example_dags/example_trigger_target_dag.py for tasks to queue
[2023-01-11T01:32:46.306+0000] {logging_mixin.py:120} INFO - [2023-01-11T01:32:46.306+0000] {dagbag.py:537} INFO - Filling up the DagBag from /home/airflow/.local/lib/python3.7/site-packages/airflow/example_dags/example_trigger_target_dag.py
[2023-01-11T01:32:46.336+0000] {processor.py:766} INFO - DAG(s) dict_keys(['example_trigger_target_dag']) retrieved from /home/airflow/.local/lib/python3.7/site-packages/airflow/example_dags/example_trigger_target_dag.py
[2023-01-11T01:32:46.385+0000] {logging_mixin.py:120} INFO - [2023-01-11T01:32:46.385+0000] {dag.py:2585} INFO - Sync 1 DAGs
[2023-01-11T01:32:46.428+0000] {logging_mixin.py:120} INFO - [2023-01-11T01:32:46.428+0000] {dag.py:3340} INFO - Setting next_dagrun for example_trigger_target_dag to None, run_after=None
[2023-01-11T01:32:46.461+0000] {processor.py:176} INFO - Processing /home/airflow/.local/lib/python3.7/site-packages/airflow/example_dags/example_trigger_target_dag.py took 0.166 seconds
[2023-01-11T01:33:16.678+0000] {processor.py:154} INFO - Started process (PID=20251) to work on /home/airflow/.local/lib/python3.7/site-packages/airflow/example_dags/example_trigger_target_dag.py
[2023-01-11T01:33:16.679+0000] {processor.py:756} INFO - Processing file /home/airflow/.local/lib/python3.7/site-packages/airflow/example_dags/example_trigger_target_dag.py for tasks to queue
[2023-01-11T01:33:16.681+0000] {logging_mixin.py:120} INFO - [2023-01-11T01:33:16.681+0000] {dagbag.py:537} INFO - Filling up the DagBag from /home/airflow/.local/lib/python3.7/site-packages/airflow/example_dags/example_trigger_target_dag.py
[2023-01-11T01:33:16.744+0000] {processor.py:766} INFO - DAG(s) dict_keys(['example_trigger_target_dag']) retrieved from /home/airflow/.local/lib/python3.7/site-packages/airflow/example_dags/example_trigger_target_dag.py
[2023-01-11T01:33:16.831+0000] {logging_mixin.py:120} INFO - [2023-01-11T01:33:16.830+0000] {dag.py:2585} INFO - Sync 1 DAGs
[2023-01-11T01:33:16.899+0000] {logging_mixin.py:120} INFO - [2023-01-11T01:33:16.899+0000] {dag.py:3340} INFO - Setting next_dagrun for example_trigger_target_dag to None, run_after=None
[2023-01-11T01:33:16.949+0000] {processor.py:176} INFO - Processing /home/airflow/.local/lib/python3.7/site-packages/airflow/example_dags/example_trigger_target_dag.py took 0.279 seconds
[2023-01-11T01:33:47.654+0000] {processor.py:154} INFO - Started process (PID=20311) to work on /home/airflow/.local/lib/python3.7/site-packages/airflow/example_dags/example_trigger_target_dag.py
[2023-01-11T01:33:47.655+0000] {processor.py:756} INFO - Processing file /home/airflow/.local/lib/python3.7/site-packages/airflow/example_dags/example_trigger_target_dag.py for tasks to queue
[2023-01-11T01:33:47.656+0000] {logging_mixin.py:120} INFO - [2023-01-11T01:33:47.656+0000] {dagbag.py:537} INFO - Filling up the DagBag from /home/airflow/.local/lib/python3.7/site-packages/airflow/example_dags/example_trigger_target_dag.py
[2023-01-11T01:33:47.681+0000] {processor.py:766} INFO - DAG(s) dict_keys(['example_trigger_target_dag']) retrieved from /home/airflow/.local/lib/python3.7/site-packages/airflow/example_dags/example_trigger_target_dag.py
[2023-01-11T01:33:47.726+0000] {logging_mixin.py:120} INFO - [2023-01-11T01:33:47.726+0000] {dag.py:2585} INFO - Sync 1 DAGs
[2023-01-11T01:33:47.757+0000] {logging_mixin.py:120} INFO - [2023-01-11T01:33:47.756+0000] {dag.py:3340} INFO - Setting next_dagrun for example_trigger_target_dag to None, run_after=None
[2023-01-11T01:33:47.787+0000] {processor.py:176} INFO - Processing /home/airflow/.local/lib/python3.7/site-packages/airflow/example_dags/example_trigger_target_dag.py took 0.137 seconds
[2023-01-11T01:34:18.127+0000] {processor.py:154} INFO - Started process (PID=20378) to work on /home/airflow/.local/lib/python3.7/site-packages/airflow/example_dags/example_trigger_target_dag.py
[2023-01-11T01:34:18.129+0000] {processor.py:756} INFO - Processing file /home/airflow/.local/lib/python3.7/site-packages/airflow/example_dags/example_trigger_target_dag.py for tasks to queue
[2023-01-11T01:34:18.130+0000] {logging_mixin.py:120} INFO - [2023-01-11T01:34:18.130+0000] {dagbag.py:537} INFO - Filling up the DagBag from /home/airflow/.local/lib/python3.7/site-packages/airflow/example_dags/example_trigger_target_dag.py
[2023-01-11T01:34:18.164+0000] {processor.py:766} INFO - DAG(s) dict_keys(['example_trigger_target_dag']) retrieved from /home/airflow/.local/lib/python3.7/site-packages/airflow/example_dags/example_trigger_target_dag.py
[2023-01-11T01:34:18.226+0000] {logging_mixin.py:120} INFO - [2023-01-11T01:34:18.225+0000] {dag.py:2585} INFO - Sync 1 DAGs
[2023-01-11T01:34:18.264+0000] {logging_mixin.py:120} INFO - [2023-01-11T01:34:18.264+0000] {dag.py:3340} INFO - Setting next_dagrun for example_trigger_target_dag to None, run_after=None
[2023-01-11T01:34:18.297+0000] {processor.py:176} INFO - Processing /home/airflow/.local/lib/python3.7/site-packages/airflow/example_dags/example_trigger_target_dag.py took 0.174 seconds
[2023-01-11T01:34:48.900+0000] {processor.py:154} INFO - Started process (PID=20436) to work on /home/airflow/.local/lib/python3.7/site-packages/airflow/example_dags/example_trigger_target_dag.py
[2023-01-11T01:34:48.901+0000] {processor.py:756} INFO - Processing file /home/airflow/.local/lib/python3.7/site-packages/airflow/example_dags/example_trigger_target_dag.py for tasks to queue
[2023-01-11T01:34:48.903+0000] {logging_mixin.py:120} INFO - [2023-01-11T01:34:48.902+0000] {dagbag.py:537} INFO - Filling up the DagBag from /home/airflow/.local/lib/python3.7/site-packages/airflow/example_dags/example_trigger_target_dag.py
[2023-01-11T01:34:48.931+0000] {processor.py:766} INFO - DAG(s) dict_keys(['example_trigger_target_dag']) retrieved from /home/airflow/.local/lib/python3.7/site-packages/airflow/example_dags/example_trigger_target_dag.py
[2023-01-11T01:34:48.993+0000] {logging_mixin.py:120} INFO - [2023-01-11T01:34:48.993+0000] {dag.py:2585} INFO - Sync 1 DAGs
[2023-01-11T01:34:49.031+0000] {logging_mixin.py:120} INFO - [2023-01-11T01:34:49.030+0000] {dag.py:3340} INFO - Setting next_dagrun for example_trigger_target_dag to None, run_after=None
[2023-01-11T01:34:49.061+0000] {processor.py:176} INFO - Processing /home/airflow/.local/lib/python3.7/site-packages/airflow/example_dags/example_trigger_target_dag.py took 0.166 seconds
[2023-01-11T01:35:19.522+0000] {processor.py:154} INFO - Started process (PID=20507) to work on /home/airflow/.local/lib/python3.7/site-packages/airflow/example_dags/example_trigger_target_dag.py
[2023-01-11T01:35:19.523+0000] {processor.py:756} INFO - Processing file /home/airflow/.local/lib/python3.7/site-packages/airflow/example_dags/example_trigger_target_dag.py for tasks to queue
[2023-01-11T01:35:19.526+0000] {logging_mixin.py:120} INFO - [2023-01-11T01:35:19.525+0000] {dagbag.py:537} INFO - Filling up the DagBag from /home/airflow/.local/lib/python3.7/site-packages/airflow/example_dags/example_trigger_target_dag.py
[2023-01-11T01:35:19.557+0000] {processor.py:766} INFO - DAG(s) dict_keys(['example_trigger_target_dag']) retrieved from /home/airflow/.local/lib/python3.7/site-packages/airflow/example_dags/example_trigger_target_dag.py
[2023-01-11T01:35:19.608+0000] {logging_mixin.py:120} INFO - [2023-01-11T01:35:19.608+0000] {dag.py:2585} INFO - Sync 1 DAGs
[2023-01-11T01:35:19.641+0000] {logging_mixin.py:120} INFO - [2023-01-11T01:35:19.640+0000] {dag.py:3340} INFO - Setting next_dagrun for example_trigger_target_dag to None, run_after=None
[2023-01-11T01:35:19.667+0000] {processor.py:176} INFO - Processing /home/airflow/.local/lib/python3.7/site-packages/airflow/example_dags/example_trigger_target_dag.py took 0.155 seconds
[2023-01-11T01:35:49.961+0000] {processor.py:154} INFO - Started process (PID=20563) to work on /home/airflow/.local/lib/python3.7/site-packages/airflow/example_dags/example_trigger_target_dag.py
[2023-01-11T01:35:49.962+0000] {processor.py:756} INFO - Processing file /home/airflow/.local/lib/python3.7/site-packages/airflow/example_dags/example_trigger_target_dag.py for tasks to queue
[2023-01-11T01:35:49.964+0000] {logging_mixin.py:120} INFO - [2023-01-11T01:35:49.964+0000] {dagbag.py:537} INFO - Filling up the DagBag from /home/airflow/.local/lib/python3.7/site-packages/airflow/example_dags/example_trigger_target_dag.py
[2023-01-11T01:35:50.028+0000] {processor.py:766} INFO - DAG(s) dict_keys(['example_trigger_target_dag']) retrieved from /home/airflow/.local/lib/python3.7/site-packages/airflow/example_dags/example_trigger_target_dag.py
[2023-01-11T01:35:50.095+0000] {logging_mixin.py:120} INFO - [2023-01-11T01:35:50.094+0000] {dag.py:2585} INFO - Sync 1 DAGs
[2023-01-11T01:35:50.131+0000] {logging_mixin.py:120} INFO - [2023-01-11T01:35:50.131+0000] {dag.py:3340} INFO - Setting next_dagrun for example_trigger_target_dag to None, run_after=None
[2023-01-11T01:35:50.163+0000] {processor.py:176} INFO - Processing /home/airflow/.local/lib/python3.7/site-packages/airflow/example_dags/example_trigger_target_dag.py took 0.211 seconds
[2023-01-11T01:36:21.125+0000] {processor.py:154} INFO - Started process (PID=20630) to work on /home/airflow/.local/lib/python3.7/site-packages/airflow/example_dags/example_trigger_target_dag.py
[2023-01-11T01:36:21.127+0000] {processor.py:756} INFO - Processing file /home/airflow/.local/lib/python3.7/site-packages/airflow/example_dags/example_trigger_target_dag.py for tasks to queue
[2023-01-11T01:36:21.129+0000] {logging_mixin.py:120} INFO - [2023-01-11T01:36:21.129+0000] {dagbag.py:537} INFO - Filling up the DagBag from /home/airflow/.local/lib/python3.7/site-packages/airflow/example_dags/example_trigger_target_dag.py
[2023-01-11T01:36:21.167+0000] {processor.py:766} INFO - DAG(s) dict_keys(['example_trigger_target_dag']) retrieved from /home/airflow/.local/lib/python3.7/site-packages/airflow/example_dags/example_trigger_target_dag.py
[2023-01-11T01:36:21.248+0000] {logging_mixin.py:120} INFO - [2023-01-11T01:36:21.248+0000] {dag.py:2585} INFO - Sync 1 DAGs
[2023-01-11T01:36:21.294+0000] {logging_mixin.py:120} INFO - [2023-01-11T01:36:21.293+0000] {dag.py:3340} INFO - Setting next_dagrun for example_trigger_target_dag to None, run_after=None
[2023-01-11T01:36:21.332+0000] {processor.py:176} INFO - Processing /home/airflow/.local/lib/python3.7/site-packages/airflow/example_dags/example_trigger_target_dag.py took 0.216 seconds
[2023-01-11T01:36:51.383+0000] {processor.py:154} INFO - Started process (PID=20688) to work on /home/airflow/.local/lib/python3.7/site-packages/airflow/example_dags/example_trigger_target_dag.py
[2023-01-11T01:36:51.386+0000] {processor.py:756} INFO - Processing file /home/airflow/.local/lib/python3.7/site-packages/airflow/example_dags/example_trigger_target_dag.py for tasks to queue
[2023-01-11T01:36:51.388+0000] {logging_mixin.py:120} INFO - [2023-01-11T01:36:51.388+0000] {dagbag.py:537} INFO - Filling up the DagBag from /home/airflow/.local/lib/python3.7/site-packages/airflow/example_dags/example_trigger_target_dag.py
[2023-01-11T01:36:51.424+0000] {processor.py:766} INFO - DAG(s) dict_keys(['example_trigger_target_dag']) retrieved from /home/airflow/.local/lib/python3.7/site-packages/airflow/example_dags/example_trigger_target_dag.py
[2023-01-11T01:36:51.566+0000] {logging_mixin.py:120} INFO - [2023-01-11T01:36:51.565+0000] {dag.py:2585} INFO - Sync 1 DAGs
[2023-01-11T01:36:51.621+0000] {logging_mixin.py:120} INFO - [2023-01-11T01:36:51.621+0000] {dag.py:3340} INFO - Setting next_dagrun for example_trigger_target_dag to None, run_after=None
[2023-01-11T01:36:51.665+0000] {processor.py:176} INFO - Processing /home/airflow/.local/lib/python3.7/site-packages/airflow/example_dags/example_trigger_target_dag.py took 0.285 seconds
[2023-01-11T01:37:22.432+0000] {processor.py:154} INFO - Started process (PID=20755) to work on /home/airflow/.local/lib/python3.7/site-packages/airflow/example_dags/example_trigger_target_dag.py
[2023-01-11T01:37:22.434+0000] {processor.py:756} INFO - Processing file /home/airflow/.local/lib/python3.7/site-packages/airflow/example_dags/example_trigger_target_dag.py for tasks to queue
[2023-01-11T01:37:22.435+0000] {logging_mixin.py:120} INFO - [2023-01-11T01:37:22.435+0000] {dagbag.py:537} INFO - Filling up the DagBag from /home/airflow/.local/lib/python3.7/site-packages/airflow/example_dags/example_trigger_target_dag.py
[2023-01-11T01:37:22.464+0000] {processor.py:766} INFO - DAG(s) dict_keys(['example_trigger_target_dag']) retrieved from /home/airflow/.local/lib/python3.7/site-packages/airflow/example_dags/example_trigger_target_dag.py
[2023-01-11T01:37:22.523+0000] {logging_mixin.py:120} INFO - [2023-01-11T01:37:22.522+0000] {dag.py:2585} INFO - Sync 1 DAGs
[2023-01-11T01:37:22.557+0000] {logging_mixin.py:120} INFO - [2023-01-11T01:37:22.557+0000] {dag.py:3340} INFO - Setting next_dagrun for example_trigger_target_dag to None, run_after=None
[2023-01-11T01:37:22.590+0000] {processor.py:176} INFO - Processing /home/airflow/.local/lib/python3.7/site-packages/airflow/example_dags/example_trigger_target_dag.py took 0.161 seconds
[2023-01-11T01:37:53.454+0000] {processor.py:154} INFO - Started process (PID=20825) to work on /home/airflow/.local/lib/python3.7/site-packages/airflow/example_dags/example_trigger_target_dag.py
[2023-01-11T01:37:53.456+0000] {processor.py:756} INFO - Processing file /home/airflow/.local/lib/python3.7/site-packages/airflow/example_dags/example_trigger_target_dag.py for tasks to queue
[2023-01-11T01:37:53.459+0000] {logging_mixin.py:120} INFO - [2023-01-11T01:37:53.458+0000] {dagbag.py:537} INFO - Filling up the DagBag from /home/airflow/.local/lib/python3.7/site-packages/airflow/example_dags/example_trigger_target_dag.py
[2023-01-11T01:37:53.498+0000] {processor.py:766} INFO - DAG(s) dict_keys(['example_trigger_target_dag']) retrieved from /home/airflow/.local/lib/python3.7/site-packages/airflow/example_dags/example_trigger_target_dag.py
[2023-01-11T01:37:53.579+0000] {logging_mixin.py:120} INFO - [2023-01-11T01:37:53.579+0000] {dag.py:2585} INFO - Sync 1 DAGs
[2023-01-11T01:37:53.624+0000] {logging_mixin.py:120} INFO - [2023-01-11T01:37:53.624+0000] {dag.py:3340} INFO - Setting next_dagrun for example_trigger_target_dag to None, run_after=None
[2023-01-11T01:37:53.661+0000] {processor.py:176} INFO - Processing /home/airflow/.local/lib/python3.7/site-packages/airflow/example_dags/example_trigger_target_dag.py took 0.215 seconds
[2023-01-11T01:38:24.007+0000] {processor.py:154} INFO - Started process (PID=20884) to work on /home/airflow/.local/lib/python3.7/site-packages/airflow/example_dags/example_trigger_target_dag.py
[2023-01-11T01:38:24.008+0000] {processor.py:756} INFO - Processing file /home/airflow/.local/lib/python3.7/site-packages/airflow/example_dags/example_trigger_target_dag.py for tasks to queue
[2023-01-11T01:38:24.009+0000] {logging_mixin.py:120} INFO - [2023-01-11T01:38:24.009+0000] {dagbag.py:537} INFO - Filling up the DagBag from /home/airflow/.local/lib/python3.7/site-packages/airflow/example_dags/example_trigger_target_dag.py
[2023-01-11T01:38:24.033+0000] {processor.py:766} INFO - DAG(s) dict_keys(['example_trigger_target_dag']) retrieved from /home/airflow/.local/lib/python3.7/site-packages/airflow/example_dags/example_trigger_target_dag.py
[2023-01-11T01:38:24.099+0000] {logging_mixin.py:120} INFO - [2023-01-11T01:38:24.099+0000] {dag.py:2585} INFO - Sync 1 DAGs
[2023-01-11T01:38:24.126+0000] {logging_mixin.py:120} INFO - [2023-01-11T01:38:24.126+0000] {dag.py:3340} INFO - Setting next_dagrun for example_trigger_target_dag to None, run_after=None
[2023-01-11T01:38:24.149+0000] {processor.py:176} INFO - Processing /home/airflow/.local/lib/python3.7/site-packages/airflow/example_dags/example_trigger_target_dag.py took 0.146 seconds
[2023-01-11T01:38:55.092+0000] {processor.py:154} INFO - Started process (PID=20952) to work on /home/airflow/.local/lib/python3.7/site-packages/airflow/example_dags/example_trigger_target_dag.py
[2023-01-11T01:38:55.093+0000] {processor.py:756} INFO - Processing file /home/airflow/.local/lib/python3.7/site-packages/airflow/example_dags/example_trigger_target_dag.py for tasks to queue
[2023-01-11T01:38:55.094+0000] {logging_mixin.py:120} INFO - [2023-01-11T01:38:55.094+0000] {dagbag.py:537} INFO - Filling up the DagBag from /home/airflow/.local/lib/python3.7/site-packages/airflow/example_dags/example_trigger_target_dag.py
[2023-01-11T01:38:55.121+0000] {processor.py:766} INFO - DAG(s) dict_keys(['example_trigger_target_dag']) retrieved from /home/airflow/.local/lib/python3.7/site-packages/airflow/example_dags/example_trigger_target_dag.py
[2023-01-11T01:38:55.176+0000] {logging_mixin.py:120} INFO - [2023-01-11T01:38:55.176+0000] {dag.py:2585} INFO - Sync 1 DAGs
[2023-01-11T01:38:55.213+0000] {logging_mixin.py:120} INFO - [2023-01-11T01:38:55.213+0000] {dag.py:3340} INFO - Setting next_dagrun for example_trigger_target_dag to None, run_after=None
[2023-01-11T01:38:55.246+0000] {processor.py:176} INFO - Processing /home/airflow/.local/lib/python3.7/site-packages/airflow/example_dags/example_trigger_target_dag.py took 0.157 seconds
[2023-01-11T01:39:25.360+0000] {processor.py:154} INFO - Started process (PID=21008) to work on /home/airflow/.local/lib/python3.7/site-packages/airflow/example_dags/example_trigger_target_dag.py
[2023-01-11T01:39:25.361+0000] {processor.py:756} INFO - Processing file /home/airflow/.local/lib/python3.7/site-packages/airflow/example_dags/example_trigger_target_dag.py for tasks to queue
[2023-01-11T01:39:25.362+0000] {logging_mixin.py:120} INFO - [2023-01-11T01:39:25.362+0000] {dagbag.py:537} INFO - Filling up the DagBag from /home/airflow/.local/lib/python3.7/site-packages/airflow/example_dags/example_trigger_target_dag.py
[2023-01-11T01:39:25.393+0000] {processor.py:766} INFO - DAG(s) dict_keys(['example_trigger_target_dag']) retrieved from /home/airflow/.local/lib/python3.7/site-packages/airflow/example_dags/example_trigger_target_dag.py
[2023-01-11T01:39:25.475+0000] {logging_mixin.py:120} INFO - [2023-01-11T01:39:25.475+0000] {dag.py:2585} INFO - Sync 1 DAGs
[2023-01-11T01:39:25.524+0000] {logging_mixin.py:120} INFO - [2023-01-11T01:39:25.524+0000] {dag.py:3340} INFO - Setting next_dagrun for example_trigger_target_dag to None, run_after=None
[2023-01-11T01:39:25.571+0000] {processor.py:176} INFO - Processing /home/airflow/.local/lib/python3.7/site-packages/airflow/example_dags/example_trigger_target_dag.py took 0.215 seconds
[2023-01-11T01:39:56.159+0000] {processor.py:154} INFO - Started process (PID=21075) to work on /home/airflow/.local/lib/python3.7/site-packages/airflow/example_dags/example_trigger_target_dag.py
[2023-01-11T01:39:56.160+0000] {processor.py:756} INFO - Processing file /home/airflow/.local/lib/python3.7/site-packages/airflow/example_dags/example_trigger_target_dag.py for tasks to queue
[2023-01-11T01:39:56.162+0000] {logging_mixin.py:120} INFO - [2023-01-11T01:39:56.161+0000] {dagbag.py:537} INFO - Filling up the DagBag from /home/airflow/.local/lib/python3.7/site-packages/airflow/example_dags/example_trigger_target_dag.py
[2023-01-11T01:39:56.200+0000] {processor.py:766} INFO - DAG(s) dict_keys(['example_trigger_target_dag']) retrieved from /home/airflow/.local/lib/python3.7/site-packages/airflow/example_dags/example_trigger_target_dag.py
[2023-01-11T01:39:56.278+0000] {logging_mixin.py:120} INFO - [2023-01-11T01:39:56.278+0000] {dag.py:2585} INFO - Sync 1 DAGs
[2023-01-11T01:39:56.316+0000] {logging_mixin.py:120} INFO - [2023-01-11T01:39:56.315+0000] {dag.py:3340} INFO - Setting next_dagrun for example_trigger_target_dag to None, run_after=None
[2023-01-11T01:39:56.363+0000] {processor.py:176} INFO - Processing /home/airflow/.local/lib/python3.7/site-packages/airflow/example_dags/example_trigger_target_dag.py took 0.208 seconds
[2023-01-11T01:40:26.935+0000] {processor.py:154} INFO - Started process (PID=21142) to work on /home/airflow/.local/lib/python3.7/site-packages/airflow/example_dags/example_trigger_target_dag.py
[2023-01-11T01:40:26.937+0000] {processor.py:756} INFO - Processing file /home/airflow/.local/lib/python3.7/site-packages/airflow/example_dags/example_trigger_target_dag.py for tasks to queue
[2023-01-11T01:40:26.938+0000] {logging_mixin.py:120} INFO - [2023-01-11T01:40:26.938+0000] {dagbag.py:537} INFO - Filling up the DagBag from /home/airflow/.local/lib/python3.7/site-packages/airflow/example_dags/example_trigger_target_dag.py
[2023-01-11T01:40:26.988+0000] {processor.py:766} INFO - DAG(s) dict_keys(['example_trigger_target_dag']) retrieved from /home/airflow/.local/lib/python3.7/site-packages/airflow/example_dags/example_trigger_target_dag.py
[2023-01-11T01:40:27.035+0000] {logging_mixin.py:120} INFO - [2023-01-11T01:40:27.035+0000] {dag.py:2585} INFO - Sync 1 DAGs
[2023-01-11T01:40:27.064+0000] {logging_mixin.py:120} INFO - [2023-01-11T01:40:27.064+0000] {dag.py:3340} INFO - Setting next_dagrun for example_trigger_target_dag to None, run_after=None
[2023-01-11T01:40:27.117+0000] {processor.py:176} INFO - Processing /home/airflow/.local/lib/python3.7/site-packages/airflow/example_dags/example_trigger_target_dag.py took 0.190 seconds
[2023-01-11T01:40:57.246+0000] {processor.py:154} INFO - Started process (PID=21199) to work on /home/airflow/.local/lib/python3.7/site-packages/airflow/example_dags/example_trigger_target_dag.py
[2023-01-11T01:40:57.247+0000] {processor.py:756} INFO - Processing file /home/airflow/.local/lib/python3.7/site-packages/airflow/example_dags/example_trigger_target_dag.py for tasks to queue
[2023-01-11T01:40:57.248+0000] {logging_mixin.py:120} INFO - [2023-01-11T01:40:57.248+0000] {dagbag.py:537} INFO - Filling up the DagBag from /home/airflow/.local/lib/python3.7/site-packages/airflow/example_dags/example_trigger_target_dag.py
[2023-01-11T01:40:57.274+0000] {processor.py:766} INFO - DAG(s) dict_keys(['example_trigger_target_dag']) retrieved from /home/airflow/.local/lib/python3.7/site-packages/airflow/example_dags/example_trigger_target_dag.py
[2023-01-11T01:40:57.328+0000] {logging_mixin.py:120} INFO - [2023-01-11T01:40:57.328+0000] {dag.py:2585} INFO - Sync 1 DAGs
[2023-01-11T01:40:57.357+0000] {logging_mixin.py:120} INFO - [2023-01-11T01:40:57.357+0000] {dag.py:3340} INFO - Setting next_dagrun for example_trigger_target_dag to None, run_after=None
[2023-01-11T01:40:57.396+0000] {processor.py:176} INFO - Processing /home/airflow/.local/lib/python3.7/site-packages/airflow/example_dags/example_trigger_target_dag.py took 0.156 seconds
[2023-01-11T01:41:28.056+0000] {processor.py:154} INFO - Started process (PID=21266) to work on /home/airflow/.local/lib/python3.7/site-packages/airflow/example_dags/example_trigger_target_dag.py
[2023-01-11T01:41:28.057+0000] {processor.py:756} INFO - Processing file /home/airflow/.local/lib/python3.7/site-packages/airflow/example_dags/example_trigger_target_dag.py for tasks to queue
[2023-01-11T01:41:28.058+0000] {logging_mixin.py:120} INFO - [2023-01-11T01:41:28.057+0000] {dagbag.py:537} INFO - Filling up the DagBag from /home/airflow/.local/lib/python3.7/site-packages/airflow/example_dags/example_trigger_target_dag.py
[2023-01-11T01:41:28.089+0000] {processor.py:766} INFO - DAG(s) dict_keys(['example_trigger_target_dag']) retrieved from /home/airflow/.local/lib/python3.7/site-packages/airflow/example_dags/example_trigger_target_dag.py
[2023-01-11T01:41:28.149+0000] {logging_mixin.py:120} INFO - [2023-01-11T01:41:28.149+0000] {dag.py:2585} INFO - Sync 1 DAGs
[2023-01-11T01:41:28.176+0000] {logging_mixin.py:120} INFO - [2023-01-11T01:41:28.176+0000] {dag.py:3340} INFO - Setting next_dagrun for example_trigger_target_dag to None, run_after=None
[2023-01-11T01:41:28.248+0000] {processor.py:176} INFO - Processing /home/airflow/.local/lib/python3.7/site-packages/airflow/example_dags/example_trigger_target_dag.py took 0.195 seconds
[2023-01-11T01:41:58.339+0000] {processor.py:154} INFO - Started process (PID=21333) to work on /home/airflow/.local/lib/python3.7/site-packages/airflow/example_dags/example_trigger_target_dag.py
[2023-01-11T01:41:58.340+0000] {processor.py:756} INFO - Processing file /home/airflow/.local/lib/python3.7/site-packages/airflow/example_dags/example_trigger_target_dag.py for tasks to queue
[2023-01-11T01:41:58.341+0000] {logging_mixin.py:120} INFO - [2023-01-11T01:41:58.341+0000] {dagbag.py:537} INFO - Filling up the DagBag from /home/airflow/.local/lib/python3.7/site-packages/airflow/example_dags/example_trigger_target_dag.py
[2023-01-11T01:41:58.372+0000] {processor.py:766} INFO - DAG(s) dict_keys(['example_trigger_target_dag']) retrieved from /home/airflow/.local/lib/python3.7/site-packages/airflow/example_dags/example_trigger_target_dag.py
[2023-01-11T01:41:58.433+0000] {logging_mixin.py:120} INFO - [2023-01-11T01:41:58.433+0000] {dag.py:2585} INFO - Sync 1 DAGs
[2023-01-11T01:41:58.472+0000] {logging_mixin.py:120} INFO - [2023-01-11T01:41:58.472+0000] {dag.py:3340} INFO - Setting next_dagrun for example_trigger_target_dag to None, run_after=None
[2023-01-11T01:41:58.520+0000] {processor.py:176} INFO - Processing /home/airflow/.local/lib/python3.7/site-packages/airflow/example_dags/example_trigger_target_dag.py took 0.185 seconds
[2023-01-11T01:42:29.062+0000] {processor.py:154} INFO - Started process (PID=21391) to work on /home/airflow/.local/lib/python3.7/site-packages/airflow/example_dags/example_trigger_target_dag.py
[2023-01-11T01:42:29.063+0000] {processor.py:756} INFO - Processing file /home/airflow/.local/lib/python3.7/site-packages/airflow/example_dags/example_trigger_target_dag.py for tasks to queue
[2023-01-11T01:42:29.063+0000] {logging_mixin.py:120} INFO - [2023-01-11T01:42:29.063+0000] {dagbag.py:537} INFO - Filling up the DagBag from /home/airflow/.local/lib/python3.7/site-packages/airflow/example_dags/example_trigger_target_dag.py
[2023-01-11T01:42:29.088+0000] {processor.py:766} INFO - DAG(s) dict_keys(['example_trigger_target_dag']) retrieved from /home/airflow/.local/lib/python3.7/site-packages/airflow/example_dags/example_trigger_target_dag.py
[2023-01-11T01:42:29.149+0000] {logging_mixin.py:120} INFO - [2023-01-11T01:42:29.148+0000] {dag.py:2585} INFO - Sync 1 DAGs
[2023-01-11T01:42:29.190+0000] {logging_mixin.py:120} INFO - [2023-01-11T01:42:29.190+0000] {dag.py:3340} INFO - Setting next_dagrun for example_trigger_target_dag to None, run_after=None
[2023-01-11T01:42:29.217+0000] {processor.py:176} INFO - Processing /home/airflow/.local/lib/python3.7/site-packages/airflow/example_dags/example_trigger_target_dag.py took 0.158 seconds
[2023-01-11T01:42:59.857+0000] {processor.py:154} INFO - Started process (PID=21458) to work on /home/airflow/.local/lib/python3.7/site-packages/airflow/example_dags/example_trigger_target_dag.py
[2023-01-11T01:42:59.858+0000] {processor.py:756} INFO - Processing file /home/airflow/.local/lib/python3.7/site-packages/airflow/example_dags/example_trigger_target_dag.py for tasks to queue
[2023-01-11T01:42:59.858+0000] {logging_mixin.py:120} INFO - [2023-01-11T01:42:59.858+0000] {dagbag.py:537} INFO - Filling up the DagBag from /home/airflow/.local/lib/python3.7/site-packages/airflow/example_dags/example_trigger_target_dag.py
[2023-01-11T01:42:59.879+0000] {processor.py:766} INFO - DAG(s) dict_keys(['example_trigger_target_dag']) retrieved from /home/airflow/.local/lib/python3.7/site-packages/airflow/example_dags/example_trigger_target_dag.py
[2023-01-11T01:42:59.921+0000] {logging_mixin.py:120} INFO - [2023-01-11T01:42:59.921+0000] {dag.py:2585} INFO - Sync 1 DAGs
[2023-01-11T01:42:59.947+0000] {logging_mixin.py:120} INFO - [2023-01-11T01:42:59.947+0000] {dag.py:3340} INFO - Setting next_dagrun for example_trigger_target_dag to None, run_after=None
[2023-01-11T01:42:59.969+0000] {processor.py:176} INFO - Processing /home/airflow/.local/lib/python3.7/site-packages/airflow/example_dags/example_trigger_target_dag.py took 0.116 seconds
[2023-01-11T01:43:30.469+0000] {processor.py:154} INFO - Started process (PID=21525) to work on /home/airflow/.local/lib/python3.7/site-packages/airflow/example_dags/example_trigger_target_dag.py
[2023-01-11T01:43:30.470+0000] {processor.py:756} INFO - Processing file /home/airflow/.local/lib/python3.7/site-packages/airflow/example_dags/example_trigger_target_dag.py for tasks to queue
[2023-01-11T01:43:30.471+0000] {logging_mixin.py:120} INFO - [2023-01-11T01:43:30.470+0000] {dagbag.py:537} INFO - Filling up the DagBag from /home/airflow/.local/lib/python3.7/site-packages/airflow/example_dags/example_trigger_target_dag.py
[2023-01-11T01:43:30.491+0000] {processor.py:766} INFO - DAG(s) dict_keys(['example_trigger_target_dag']) retrieved from /home/airflow/.local/lib/python3.7/site-packages/airflow/example_dags/example_trigger_target_dag.py
[2023-01-11T01:43:30.535+0000] {logging_mixin.py:120} INFO - [2023-01-11T01:43:30.534+0000] {dag.py:2585} INFO - Sync 1 DAGs
[2023-01-11T01:43:30.560+0000] {logging_mixin.py:120} INFO - [2023-01-11T01:43:30.560+0000] {dag.py:3340} INFO - Setting next_dagrun for example_trigger_target_dag to None, run_after=None
[2023-01-11T01:43:30.585+0000] {processor.py:176} INFO - Processing /home/airflow/.local/lib/python3.7/site-packages/airflow/example_dags/example_trigger_target_dag.py took 0.120 seconds
[2023-01-11T01:44:00.996+0000] {processor.py:154} INFO - Started process (PID=21583) to work on /home/airflow/.local/lib/python3.7/site-packages/airflow/example_dags/example_trigger_target_dag.py
[2023-01-11T01:44:00.997+0000] {processor.py:756} INFO - Processing file /home/airflow/.local/lib/python3.7/site-packages/airflow/example_dags/example_trigger_target_dag.py for tasks to queue
[2023-01-11T01:44:00.998+0000] {logging_mixin.py:120} INFO - [2023-01-11T01:44:00.997+0000] {dagbag.py:537} INFO - Filling up the DagBag from /home/airflow/.local/lib/python3.7/site-packages/airflow/example_dags/example_trigger_target_dag.py
[2023-01-11T01:44:01.019+0000] {processor.py:766} INFO - DAG(s) dict_keys(['example_trigger_target_dag']) retrieved from /home/airflow/.local/lib/python3.7/site-packages/airflow/example_dags/example_trigger_target_dag.py
[2023-01-11T01:44:01.060+0000] {logging_mixin.py:120} INFO - [2023-01-11T01:44:01.060+0000] {dag.py:2585} INFO - Sync 1 DAGs
[2023-01-11T01:44:01.087+0000] {logging_mixin.py:120} INFO - [2023-01-11T01:44:01.087+0000] {dag.py:3340} INFO - Setting next_dagrun for example_trigger_target_dag to None, run_after=None
[2023-01-11T01:44:01.109+0000] {processor.py:176} INFO - Processing /home/airflow/.local/lib/python3.7/site-packages/airflow/example_dags/example_trigger_target_dag.py took 0.117 seconds
[2023-01-11T01:44:31.169+0000] {processor.py:154} INFO - Started process (PID=21650) to work on /home/airflow/.local/lib/python3.7/site-packages/airflow/example_dags/example_trigger_target_dag.py
[2023-01-11T01:44:31.170+0000] {processor.py:756} INFO - Processing file /home/airflow/.local/lib/python3.7/site-packages/airflow/example_dags/example_trigger_target_dag.py for tasks to queue
[2023-01-11T01:44:31.171+0000] {logging_mixin.py:120} INFO - [2023-01-11T01:44:31.171+0000] {dagbag.py:537} INFO - Filling up the DagBag from /home/airflow/.local/lib/python3.7/site-packages/airflow/example_dags/example_trigger_target_dag.py
[2023-01-11T01:44:31.191+0000] {processor.py:766} INFO - DAG(s) dict_keys(['example_trigger_target_dag']) retrieved from /home/airflow/.local/lib/python3.7/site-packages/airflow/example_dags/example_trigger_target_dag.py
[2023-01-11T01:44:31.233+0000] {logging_mixin.py:120} INFO - [2023-01-11T01:44:31.233+0000] {dag.py:2585} INFO - Sync 1 DAGs
[2023-01-11T01:44:31.259+0000] {logging_mixin.py:120} INFO - [2023-01-11T01:44:31.258+0000] {dag.py:3340} INFO - Setting next_dagrun for example_trigger_target_dag to None, run_after=None
[2023-01-11T01:44:31.280+0000] {processor.py:176} INFO - Processing /home/airflow/.local/lib/python3.7/site-packages/airflow/example_dags/example_trigger_target_dag.py took 0.114 seconds
[2023-01-11T01:45:01.958+0000] {processor.py:154} INFO - Started process (PID=21714) to work on /home/airflow/.local/lib/python3.7/site-packages/airflow/example_dags/example_trigger_target_dag.py
[2023-01-11T01:45:01.960+0000] {processor.py:756} INFO - Processing file /home/airflow/.local/lib/python3.7/site-packages/airflow/example_dags/example_trigger_target_dag.py for tasks to queue
[2023-01-11T01:45:01.960+0000] {logging_mixin.py:120} INFO - [2023-01-11T01:45:01.960+0000] {dagbag.py:537} INFO - Filling up the DagBag from /home/airflow/.local/lib/python3.7/site-packages/airflow/example_dags/example_trigger_target_dag.py
[2023-01-11T01:45:01.988+0000] {processor.py:766} INFO - DAG(s) dict_keys(['example_trigger_target_dag']) retrieved from /home/airflow/.local/lib/python3.7/site-packages/airflow/example_dags/example_trigger_target_dag.py
[2023-01-11T01:45:02.045+0000] {logging_mixin.py:120} INFO - [2023-01-11T01:45:02.045+0000] {dag.py:2585} INFO - Sync 1 DAGs
[2023-01-11T01:45:02.078+0000] {logging_mixin.py:120} INFO - [2023-01-11T01:45:02.078+0000] {dag.py:3340} INFO - Setting next_dagrun for example_trigger_target_dag to None, run_after=None
[2023-01-11T01:45:02.109+0000] {processor.py:176} INFO - Processing /home/airflow/.local/lib/python3.7/site-packages/airflow/example_dags/example_trigger_target_dag.py took 0.155 seconds
[2023-01-11T01:45:32.384+0000] {processor.py:154} INFO - Started process (PID=21775) to work on /home/airflow/.local/lib/python3.7/site-packages/airflow/example_dags/example_trigger_target_dag.py
[2023-01-11T01:45:32.385+0000] {processor.py:756} INFO - Processing file /home/airflow/.local/lib/python3.7/site-packages/airflow/example_dags/example_trigger_target_dag.py for tasks to queue
[2023-01-11T01:45:32.386+0000] {logging_mixin.py:120} INFO - [2023-01-11T01:45:32.385+0000] {dagbag.py:537} INFO - Filling up the DagBag from /home/airflow/.local/lib/python3.7/site-packages/airflow/example_dags/example_trigger_target_dag.py
[2023-01-11T01:45:32.407+0000] {processor.py:766} INFO - DAG(s) dict_keys(['example_trigger_target_dag']) retrieved from /home/airflow/.local/lib/python3.7/site-packages/airflow/example_dags/example_trigger_target_dag.py
[2023-01-11T01:45:32.450+0000] {logging_mixin.py:120} INFO - [2023-01-11T01:45:32.449+0000] {dag.py:2585} INFO - Sync 1 DAGs
[2023-01-11T01:45:32.482+0000] {logging_mixin.py:120} INFO - [2023-01-11T01:45:32.481+0000] {dag.py:3340} INFO - Setting next_dagrun for example_trigger_target_dag to None, run_after=None
[2023-01-11T01:45:32.502+0000] {processor.py:176} INFO - Processing /home/airflow/.local/lib/python3.7/site-packages/airflow/example_dags/example_trigger_target_dag.py took 0.121 seconds
[2023-01-11T01:46:03.022+0000] {processor.py:154} INFO - Started process (PID=21842) to work on /home/airflow/.local/lib/python3.7/site-packages/airflow/example_dags/example_trigger_target_dag.py
[2023-01-11T01:46:03.023+0000] {processor.py:756} INFO - Processing file /home/airflow/.local/lib/python3.7/site-packages/airflow/example_dags/example_trigger_target_dag.py for tasks to queue
[2023-01-11T01:46:03.024+0000] {logging_mixin.py:120} INFO - [2023-01-11T01:46:03.024+0000] {dagbag.py:537} INFO - Filling up the DagBag from /home/airflow/.local/lib/python3.7/site-packages/airflow/example_dags/example_trigger_target_dag.py
[2023-01-11T01:46:03.045+0000] {processor.py:766} INFO - DAG(s) dict_keys(['example_trigger_target_dag']) retrieved from /home/airflow/.local/lib/python3.7/site-packages/airflow/example_dags/example_trigger_target_dag.py
[2023-01-11T01:46:03.090+0000] {logging_mixin.py:120} INFO - [2023-01-11T01:46:03.090+0000] {dag.py:2585} INFO - Sync 1 DAGs
[2023-01-11T01:46:03.114+0000] {logging_mixin.py:120} INFO - [2023-01-11T01:46:03.114+0000] {dag.py:3340} INFO - Setting next_dagrun for example_trigger_target_dag to None, run_after=None
[2023-01-11T01:46:03.141+0000] {processor.py:176} INFO - Processing /home/airflow/.local/lib/python3.7/site-packages/airflow/example_dags/example_trigger_target_dag.py took 0.122 seconds
[2023-01-11T01:46:33.430+0000] {processor.py:154} INFO - Started process (PID=21901) to work on /home/airflow/.local/lib/python3.7/site-packages/airflow/example_dags/example_trigger_target_dag.py
[2023-01-11T01:46:33.432+0000] {processor.py:756} INFO - Processing file /home/airflow/.local/lib/python3.7/site-packages/airflow/example_dags/example_trigger_target_dag.py for tasks to queue
[2023-01-11T01:46:33.433+0000] {logging_mixin.py:120} INFO - [2023-01-11T01:46:33.433+0000] {dagbag.py:537} INFO - Filling up the DagBag from /home/airflow/.local/lib/python3.7/site-packages/airflow/example_dags/example_trigger_target_dag.py
[2023-01-11T01:46:33.467+0000] {processor.py:766} INFO - DAG(s) dict_keys(['example_trigger_target_dag']) retrieved from /home/airflow/.local/lib/python3.7/site-packages/airflow/example_dags/example_trigger_target_dag.py
[2023-01-11T01:46:33.542+0000] {logging_mixin.py:120} INFO - [2023-01-11T01:46:33.542+0000] {dag.py:2585} INFO - Sync 1 DAGs
[2023-01-11T01:46:33.598+0000] {logging_mixin.py:120} INFO - [2023-01-11T01:46:33.598+0000] {dag.py:3340} INFO - Setting next_dagrun for example_trigger_target_dag to None, run_after=None
[2023-01-11T01:46:33.652+0000] {processor.py:176} INFO - Processing /home/airflow/.local/lib/python3.7/site-packages/airflow/example_dags/example_trigger_target_dag.py took 0.227 seconds
