[2023-01-11T01:09:33.449+0000] {processor.py:154} INFO - Started process (PID=17324) to work on /home/airflow/.local/lib/python3.7/site-packages/airflow/example_dags/example_kubernetes_executor.py
[2023-01-11T01:09:33.468+0000] {processor.py:756} INFO - Processing file /home/airflow/.local/lib/python3.7/site-packages/airflow/example_dags/example_kubernetes_executor.py for tasks to queue
[2023-01-11T01:09:33.474+0000] {logging_mixin.py:120} INFO - [2023-01-11T01:09:33.473+0000] {dagbag.py:537} INFO - Filling up the DagBag from /home/airflow/.local/lib/python3.7/site-packages/airflow/example_dags/example_kubernetes_executor.py
[2023-01-11T01:09:33.589+0000] {processor.py:766} INFO - DAG(s) dict_keys(['example_kubernetes_executor']) retrieved from /home/airflow/.local/lib/python3.7/site-packages/airflow/example_dags/example_kubernetes_executor.py
[2023-01-11T01:09:33.748+0000] {logging_mixin.py:120} INFO - [2023-01-11T01:09:33.748+0000] {dag.py:2585} INFO - Sync 1 DAGs
[2023-01-11T01:09:33.849+0000] {logging_mixin.py:120} INFO - [2023-01-11T01:09:33.848+0000] {dag.py:3340} INFO - Setting next_dagrun for example_kubernetes_executor to None, run_after=None
[2023-01-11T01:09:34.242+0000] {processor.py:176} INFO - Processing /home/airflow/.local/lib/python3.7/site-packages/airflow/example_dags/example_kubernetes_executor.py took 0.800 seconds
[2023-01-11T01:10:05.029+0000] {processor.py:154} INFO - Started process (PID=17381) to work on /home/airflow/.local/lib/python3.7/site-packages/airflow/example_dags/example_kubernetes_executor.py
[2023-01-11T01:10:05.030+0000] {processor.py:756} INFO - Processing file /home/airflow/.local/lib/python3.7/site-packages/airflow/example_dags/example_kubernetes_executor.py for tasks to queue
[2023-01-11T01:10:05.031+0000] {logging_mixin.py:120} INFO - [2023-01-11T01:10:05.031+0000] {dagbag.py:537} INFO - Filling up the DagBag from /home/airflow/.local/lib/python3.7/site-packages/airflow/example_dags/example_kubernetes_executor.py
[2023-01-11T01:10:05.067+0000] {processor.py:766} INFO - DAG(s) dict_keys(['example_kubernetes_executor']) retrieved from /home/airflow/.local/lib/python3.7/site-packages/airflow/example_dags/example_kubernetes_executor.py
[2023-01-11T01:10:05.132+0000] {logging_mixin.py:120} INFO - [2023-01-11T01:10:05.131+0000] {dag.py:2585} INFO - Sync 1 DAGs
[2023-01-11T01:10:05.172+0000] {logging_mixin.py:120} INFO - [2023-01-11T01:10:05.171+0000] {dag.py:3340} INFO - Setting next_dagrun for example_kubernetes_executor to None, run_after=None
[2023-01-11T01:10:05.207+0000] {processor.py:176} INFO - Processing /home/airflow/.local/lib/python3.7/site-packages/airflow/example_dags/example_kubernetes_executor.py took 0.181 seconds
[2023-01-11T01:10:35.525+0000] {processor.py:154} INFO - Started process (PID=17447) to work on /home/airflow/.local/lib/python3.7/site-packages/airflow/example_dags/example_kubernetes_executor.py
[2023-01-11T01:10:35.529+0000] {processor.py:756} INFO - Processing file /home/airflow/.local/lib/python3.7/site-packages/airflow/example_dags/example_kubernetes_executor.py for tasks to queue
[2023-01-11T01:10:35.535+0000] {logging_mixin.py:120} INFO - [2023-01-11T01:10:35.535+0000] {dagbag.py:537} INFO - Filling up the DagBag from /home/airflow/.local/lib/python3.7/site-packages/airflow/example_dags/example_kubernetes_executor.py
[2023-01-11T01:10:35.606+0000] {processor.py:766} INFO - DAG(s) dict_keys(['example_kubernetes_executor']) retrieved from /home/airflow/.local/lib/python3.7/site-packages/airflow/example_dags/example_kubernetes_executor.py
[2023-01-11T01:10:35.708+0000] {logging_mixin.py:120} INFO - [2023-01-11T01:10:35.708+0000] {dag.py:2585} INFO - Sync 1 DAGs
[2023-01-11T01:10:35.760+0000] {logging_mixin.py:120} INFO - [2023-01-11T01:10:35.759+0000] {dag.py:3340} INFO - Setting next_dagrun for example_kubernetes_executor to None, run_after=None
[2023-01-11T01:10:35.812+0000] {processor.py:176} INFO - Processing /home/airflow/.local/lib/python3.7/site-packages/airflow/example_dags/example_kubernetes_executor.py took 0.293 seconds
[2023-01-11T01:11:06.611+0000] {processor.py:154} INFO - Started process (PID=17505) to work on /home/airflow/.local/lib/python3.7/site-packages/airflow/example_dags/example_kubernetes_executor.py
[2023-01-11T01:11:06.613+0000] {processor.py:756} INFO - Processing file /home/airflow/.local/lib/python3.7/site-packages/airflow/example_dags/example_kubernetes_executor.py for tasks to queue
[2023-01-11T01:11:06.614+0000] {logging_mixin.py:120} INFO - [2023-01-11T01:11:06.614+0000] {dagbag.py:537} INFO - Filling up the DagBag from /home/airflow/.local/lib/python3.7/site-packages/airflow/example_dags/example_kubernetes_executor.py
[2023-01-11T01:11:06.664+0000] {processor.py:766} INFO - DAG(s) dict_keys(['example_kubernetes_executor']) retrieved from /home/airflow/.local/lib/python3.7/site-packages/airflow/example_dags/example_kubernetes_executor.py
[2023-01-11T01:11:06.750+0000] {logging_mixin.py:120} INFO - [2023-01-11T01:11:06.750+0000] {dag.py:2585} INFO - Sync 1 DAGs
[2023-01-11T01:11:06.796+0000] {logging_mixin.py:120} INFO - [2023-01-11T01:11:06.796+0000] {dag.py:3340} INFO - Setting next_dagrun for example_kubernetes_executor to None, run_after=None
[2023-01-11T01:11:06.834+0000] {processor.py:176} INFO - Processing /home/airflow/.local/lib/python3.7/site-packages/airflow/example_dags/example_kubernetes_executor.py took 0.229 seconds
[2023-01-11T01:11:36.977+0000] {processor.py:154} INFO - Started process (PID=17572) to work on /home/airflow/.local/lib/python3.7/site-packages/airflow/example_dags/example_kubernetes_executor.py
[2023-01-11T01:11:36.978+0000] {processor.py:756} INFO - Processing file /home/airflow/.local/lib/python3.7/site-packages/airflow/example_dags/example_kubernetes_executor.py for tasks to queue
[2023-01-11T01:11:36.979+0000] {logging_mixin.py:120} INFO - [2023-01-11T01:11:36.978+0000] {dagbag.py:537} INFO - Filling up the DagBag from /home/airflow/.local/lib/python3.7/site-packages/airflow/example_dags/example_kubernetes_executor.py
[2023-01-11T01:11:37.015+0000] {processor.py:766} INFO - DAG(s) dict_keys(['example_kubernetes_executor']) retrieved from /home/airflow/.local/lib/python3.7/site-packages/airflow/example_dags/example_kubernetes_executor.py
[2023-01-11T01:11:37.052+0000] {logging_mixin.py:120} INFO - [2023-01-11T01:11:37.052+0000] {dag.py:2585} INFO - Sync 1 DAGs
[2023-01-11T01:11:37.077+0000] {logging_mixin.py:120} INFO - [2023-01-11T01:11:37.077+0000] {dag.py:3340} INFO - Setting next_dagrun for example_kubernetes_executor to None, run_after=None
[2023-01-11T01:11:37.098+0000] {processor.py:176} INFO - Processing /home/airflow/.local/lib/python3.7/site-packages/airflow/example_dags/example_kubernetes_executor.py took 0.124 seconds
[2023-01-11T01:12:07.234+0000] {processor.py:154} INFO - Started process (PID=17630) to work on /home/airflow/.local/lib/python3.7/site-packages/airflow/example_dags/example_kubernetes_executor.py
[2023-01-11T01:12:07.237+0000] {processor.py:756} INFO - Processing file /home/airflow/.local/lib/python3.7/site-packages/airflow/example_dags/example_kubernetes_executor.py for tasks to queue
[2023-01-11T01:12:07.239+0000] {logging_mixin.py:120} INFO - [2023-01-11T01:12:07.238+0000] {dagbag.py:537} INFO - Filling up the DagBag from /home/airflow/.local/lib/python3.7/site-packages/airflow/example_dags/example_kubernetes_executor.py
[2023-01-11T01:12:07.274+0000] {processor.py:766} INFO - DAG(s) dict_keys(['example_kubernetes_executor']) retrieved from /home/airflow/.local/lib/python3.7/site-packages/airflow/example_dags/example_kubernetes_executor.py
[2023-01-11T01:12:07.335+0000] {logging_mixin.py:120} INFO - [2023-01-11T01:12:07.335+0000] {dag.py:2585} INFO - Sync 1 DAGs
[2023-01-11T01:12:07.362+0000] {logging_mixin.py:120} INFO - [2023-01-11T01:12:07.361+0000] {dag.py:3340} INFO - Setting next_dagrun for example_kubernetes_executor to None, run_after=None
[2023-01-11T01:12:07.383+0000] {processor.py:176} INFO - Processing /home/airflow/.local/lib/python3.7/site-packages/airflow/example_dags/example_kubernetes_executor.py took 0.155 seconds
[2023-01-11T01:12:37.912+0000] {processor.py:154} INFO - Started process (PID=17697) to work on /home/airflow/.local/lib/python3.7/site-packages/airflow/example_dags/example_kubernetes_executor.py
[2023-01-11T01:12:37.913+0000] {processor.py:756} INFO - Processing file /home/airflow/.local/lib/python3.7/site-packages/airflow/example_dags/example_kubernetes_executor.py for tasks to queue
[2023-01-11T01:12:37.915+0000] {logging_mixin.py:120} INFO - [2023-01-11T01:12:37.914+0000] {dagbag.py:537} INFO - Filling up the DagBag from /home/airflow/.local/lib/python3.7/site-packages/airflow/example_dags/example_kubernetes_executor.py
[2023-01-11T01:12:37.953+0000] {processor.py:766} INFO - DAG(s) dict_keys(['example_kubernetes_executor']) retrieved from /home/airflow/.local/lib/python3.7/site-packages/airflow/example_dags/example_kubernetes_executor.py
[2023-01-11T01:12:38.014+0000] {logging_mixin.py:120} INFO - [2023-01-11T01:12:38.014+0000] {dag.py:2585} INFO - Sync 1 DAGs
[2023-01-11T01:12:38.056+0000] {logging_mixin.py:120} INFO - [2023-01-11T01:12:38.056+0000] {dag.py:3340} INFO - Setting next_dagrun for example_kubernetes_executor to None, run_after=None
[2023-01-11T01:12:38.078+0000] {processor.py:176} INFO - Processing /home/airflow/.local/lib/python3.7/site-packages/airflow/example_dags/example_kubernetes_executor.py took 0.169 seconds
[2023-01-11T01:13:08.319+0000] {processor.py:154} INFO - Started process (PID=17764) to work on /home/airflow/.local/lib/python3.7/site-packages/airflow/example_dags/example_kubernetes_executor.py
[2023-01-11T01:13:08.320+0000] {processor.py:756} INFO - Processing file /home/airflow/.local/lib/python3.7/site-packages/airflow/example_dags/example_kubernetes_executor.py for tasks to queue
[2023-01-11T01:13:08.322+0000] {logging_mixin.py:120} INFO - [2023-01-11T01:13:08.322+0000] {dagbag.py:537} INFO - Filling up the DagBag from /home/airflow/.local/lib/python3.7/site-packages/airflow/example_dags/example_kubernetes_executor.py
[2023-01-11T01:13:08.365+0000] {processor.py:766} INFO - DAG(s) dict_keys(['example_kubernetes_executor']) retrieved from /home/airflow/.local/lib/python3.7/site-packages/airflow/example_dags/example_kubernetes_executor.py
[2023-01-11T01:13:08.421+0000] {logging_mixin.py:120} INFO - [2023-01-11T01:13:08.420+0000] {dag.py:2585} INFO - Sync 1 DAGs
[2023-01-11T01:13:08.455+0000] {logging_mixin.py:120} INFO - [2023-01-11T01:13:08.455+0000] {dag.py:3340} INFO - Setting next_dagrun for example_kubernetes_executor to None, run_after=None
[2023-01-11T01:13:08.483+0000] {processor.py:176} INFO - Processing /home/airflow/.local/lib/python3.7/site-packages/airflow/example_dags/example_kubernetes_executor.py took 0.169 seconds
[2023-01-11T01:13:39.118+0000] {processor.py:154} INFO - Started process (PID=17822) to work on /home/airflow/.local/lib/python3.7/site-packages/airflow/example_dags/example_kubernetes_executor.py
[2023-01-11T01:13:39.120+0000] {processor.py:756} INFO - Processing file /home/airflow/.local/lib/python3.7/site-packages/airflow/example_dags/example_kubernetes_executor.py for tasks to queue
[2023-01-11T01:13:39.123+0000] {logging_mixin.py:120} INFO - [2023-01-11T01:13:39.123+0000] {dagbag.py:537} INFO - Filling up the DagBag from /home/airflow/.local/lib/python3.7/site-packages/airflow/example_dags/example_kubernetes_executor.py
[2023-01-11T01:13:39.170+0000] {processor.py:766} INFO - DAG(s) dict_keys(['example_kubernetes_executor']) retrieved from /home/airflow/.local/lib/python3.7/site-packages/airflow/example_dags/example_kubernetes_executor.py
[2023-01-11T01:13:39.259+0000] {logging_mixin.py:120} INFO - [2023-01-11T01:13:39.259+0000] {dag.py:2585} INFO - Sync 1 DAGs
[2023-01-11T01:13:39.324+0000] {logging_mixin.py:120} INFO - [2023-01-11T01:13:39.323+0000] {dag.py:3340} INFO - Setting next_dagrun for example_kubernetes_executor to None, run_after=None
[2023-01-11T01:13:39.379+0000] {processor.py:176} INFO - Processing /home/airflow/.local/lib/python3.7/site-packages/airflow/example_dags/example_kubernetes_executor.py took 0.265 seconds
[2023-01-11T01:14:09.689+0000] {processor.py:154} INFO - Started process (PID=17889) to work on /home/airflow/.local/lib/python3.7/site-packages/airflow/example_dags/example_kubernetes_executor.py
[2023-01-11T01:14:09.690+0000] {processor.py:756} INFO - Processing file /home/airflow/.local/lib/python3.7/site-packages/airflow/example_dags/example_kubernetes_executor.py for tasks to queue
[2023-01-11T01:14:09.691+0000] {logging_mixin.py:120} INFO - [2023-01-11T01:14:09.691+0000] {dagbag.py:537} INFO - Filling up the DagBag from /home/airflow/.local/lib/python3.7/site-packages/airflow/example_dags/example_kubernetes_executor.py
[2023-01-11T01:14:09.741+0000] {processor.py:766} INFO - DAG(s) dict_keys(['example_kubernetes_executor']) retrieved from /home/airflow/.local/lib/python3.7/site-packages/airflow/example_dags/example_kubernetes_executor.py
[2023-01-11T01:14:09.840+0000] {logging_mixin.py:120} INFO - [2023-01-11T01:14:09.840+0000] {dag.py:2585} INFO - Sync 1 DAGs
[2023-01-11T01:14:09.874+0000] {logging_mixin.py:120} INFO - [2023-01-11T01:14:09.874+0000] {dag.py:3340} INFO - Setting next_dagrun for example_kubernetes_executor to None, run_after=None
[2023-01-11T01:14:09.899+0000] {processor.py:176} INFO - Processing /home/airflow/.local/lib/python3.7/site-packages/airflow/example_dags/example_kubernetes_executor.py took 0.212 seconds
[2023-01-11T01:14:40.023+0000] {processor.py:154} INFO - Started process (PID=17957) to work on /home/airflow/.local/lib/python3.7/site-packages/airflow/example_dags/example_kubernetes_executor.py
[2023-01-11T01:14:40.025+0000] {processor.py:756} INFO - Processing file /home/airflow/.local/lib/python3.7/site-packages/airflow/example_dags/example_kubernetes_executor.py for tasks to queue
[2023-01-11T01:14:40.026+0000] {logging_mixin.py:120} INFO - [2023-01-11T01:14:40.026+0000] {dagbag.py:537} INFO - Filling up the DagBag from /home/airflow/.local/lib/python3.7/site-packages/airflow/example_dags/example_kubernetes_executor.py
[2023-01-11T01:14:40.057+0000] {processor.py:766} INFO - DAG(s) dict_keys(['example_kubernetes_executor']) retrieved from /home/airflow/.local/lib/python3.7/site-packages/airflow/example_dags/example_kubernetes_executor.py
[2023-01-11T01:14:40.128+0000] {logging_mixin.py:120} INFO - [2023-01-11T01:14:40.128+0000] {dag.py:2585} INFO - Sync 1 DAGs
[2023-01-11T01:14:40.185+0000] {logging_mixin.py:120} INFO - [2023-01-11T01:14:40.185+0000] {dag.py:3340} INFO - Setting next_dagrun for example_kubernetes_executor to None, run_after=None
[2023-01-11T01:14:40.243+0000] {processor.py:176} INFO - Processing /home/airflow/.local/lib/python3.7/site-packages/airflow/example_dags/example_kubernetes_executor.py took 0.225 seconds
[2023-01-11T01:15:10.495+0000] {processor.py:154} INFO - Started process (PID=18015) to work on /home/airflow/.local/lib/python3.7/site-packages/airflow/example_dags/example_kubernetes_executor.py
[2023-01-11T01:15:10.496+0000] {processor.py:756} INFO - Processing file /home/airflow/.local/lib/python3.7/site-packages/airflow/example_dags/example_kubernetes_executor.py for tasks to queue
[2023-01-11T01:15:10.498+0000] {logging_mixin.py:120} INFO - [2023-01-11T01:15:10.497+0000] {dagbag.py:537} INFO - Filling up the DagBag from /home/airflow/.local/lib/python3.7/site-packages/airflow/example_dags/example_kubernetes_executor.py
[2023-01-11T01:15:10.537+0000] {processor.py:766} INFO - DAG(s) dict_keys(['example_kubernetes_executor']) retrieved from /home/airflow/.local/lib/python3.7/site-packages/airflow/example_dags/example_kubernetes_executor.py
[2023-01-11T01:15:10.598+0000] {logging_mixin.py:120} INFO - [2023-01-11T01:15:10.597+0000] {dag.py:2585} INFO - Sync 1 DAGs
[2023-01-11T01:15:10.636+0000] {logging_mixin.py:120} INFO - [2023-01-11T01:15:10.636+0000] {dag.py:3340} INFO - Setting next_dagrun for example_kubernetes_executor to None, run_after=None
[2023-01-11T01:15:10.664+0000] {processor.py:176} INFO - Processing /home/airflow/.local/lib/python3.7/site-packages/airflow/example_dags/example_kubernetes_executor.py took 0.175 seconds
[2023-01-11T01:15:41.452+0000] {processor.py:154} INFO - Started process (PID=18082) to work on /home/airflow/.local/lib/python3.7/site-packages/airflow/example_dags/example_kubernetes_executor.py
[2023-01-11T01:15:41.453+0000] {processor.py:756} INFO - Processing file /home/airflow/.local/lib/python3.7/site-packages/airflow/example_dags/example_kubernetes_executor.py for tasks to queue
[2023-01-11T01:15:41.455+0000] {logging_mixin.py:120} INFO - [2023-01-11T01:15:41.455+0000] {dagbag.py:537} INFO - Filling up the DagBag from /home/airflow/.local/lib/python3.7/site-packages/airflow/example_dags/example_kubernetes_executor.py
[2023-01-11T01:15:41.523+0000] {processor.py:766} INFO - DAG(s) dict_keys(['example_kubernetes_executor']) retrieved from /home/airflow/.local/lib/python3.7/site-packages/airflow/example_dags/example_kubernetes_executor.py
[2023-01-11T01:15:41.616+0000] {logging_mixin.py:120} INFO - [2023-01-11T01:15:41.615+0000] {dag.py:2585} INFO - Sync 1 DAGs
[2023-01-11T01:15:41.671+0000] {logging_mixin.py:120} INFO - [2023-01-11T01:15:41.671+0000] {dag.py:3340} INFO - Setting next_dagrun for example_kubernetes_executor to None, run_after=None
[2023-01-11T01:15:41.724+0000] {processor.py:176} INFO - Processing /home/airflow/.local/lib/python3.7/site-packages/airflow/example_dags/example_kubernetes_executor.py took 0.277 seconds
[2023-01-11T01:16:11.929+0000] {processor.py:154} INFO - Started process (PID=18141) to work on /home/airflow/.local/lib/python3.7/site-packages/airflow/example_dags/example_kubernetes_executor.py
[2023-01-11T01:16:11.930+0000] {processor.py:756} INFO - Processing file /home/airflow/.local/lib/python3.7/site-packages/airflow/example_dags/example_kubernetes_executor.py for tasks to queue
[2023-01-11T01:16:11.931+0000] {logging_mixin.py:120} INFO - [2023-01-11T01:16:11.931+0000] {dagbag.py:537} INFO - Filling up the DagBag from /home/airflow/.local/lib/python3.7/site-packages/airflow/example_dags/example_kubernetes_executor.py
[2023-01-11T01:16:11.962+0000] {processor.py:766} INFO - DAG(s) dict_keys(['example_kubernetes_executor']) retrieved from /home/airflow/.local/lib/python3.7/site-packages/airflow/example_dags/example_kubernetes_executor.py
[2023-01-11T01:16:12.011+0000] {logging_mixin.py:120} INFO - [2023-01-11T01:16:12.010+0000] {dag.py:2585} INFO - Sync 1 DAGs
[2023-01-11T01:16:12.039+0000] {logging_mixin.py:120} INFO - [2023-01-11T01:16:12.038+0000] {dag.py:3340} INFO - Setting next_dagrun for example_kubernetes_executor to None, run_after=None
[2023-01-11T01:16:12.063+0000] {processor.py:176} INFO - Processing /home/airflow/.local/lib/python3.7/site-packages/airflow/example_dags/example_kubernetes_executor.py took 0.137 seconds
[2023-01-11T01:16:42.593+0000] {processor.py:154} INFO - Started process (PID=18208) to work on /home/airflow/.local/lib/python3.7/site-packages/airflow/example_dags/example_kubernetes_executor.py
[2023-01-11T01:16:42.594+0000] {processor.py:756} INFO - Processing file /home/airflow/.local/lib/python3.7/site-packages/airflow/example_dags/example_kubernetes_executor.py for tasks to queue
[2023-01-11T01:16:42.595+0000] {logging_mixin.py:120} INFO - [2023-01-11T01:16:42.595+0000] {dagbag.py:537} INFO - Filling up the DagBag from /home/airflow/.local/lib/python3.7/site-packages/airflow/example_dags/example_kubernetes_executor.py
[2023-01-11T01:16:42.623+0000] {processor.py:766} INFO - DAG(s) dict_keys(['example_kubernetes_executor']) retrieved from /home/airflow/.local/lib/python3.7/site-packages/airflow/example_dags/example_kubernetes_executor.py
[2023-01-11T01:16:42.687+0000] {logging_mixin.py:120} INFO - [2023-01-11T01:16:42.686+0000] {dag.py:2585} INFO - Sync 1 DAGs
[2023-01-11T01:16:42.713+0000] {logging_mixin.py:120} INFO - [2023-01-11T01:16:42.713+0000] {dag.py:3340} INFO - Setting next_dagrun for example_kubernetes_executor to None, run_after=None
[2023-01-11T01:16:42.745+0000] {processor.py:176} INFO - Processing /home/airflow/.local/lib/python3.7/site-packages/airflow/example_dags/example_kubernetes_executor.py took 0.156 seconds
[2023-01-11T01:17:13.830+0000] {processor.py:154} INFO - Started process (PID=18266) to work on /home/airflow/.local/lib/python3.7/site-packages/airflow/example_dags/example_kubernetes_executor.py
[2023-01-11T01:17:13.832+0000] {processor.py:756} INFO - Processing file /home/airflow/.local/lib/python3.7/site-packages/airflow/example_dags/example_kubernetes_executor.py for tasks to queue
[2023-01-11T01:17:13.836+0000] {logging_mixin.py:120} INFO - [2023-01-11T01:17:13.835+0000] {dagbag.py:537} INFO - Filling up the DagBag from /home/airflow/.local/lib/python3.7/site-packages/airflow/example_dags/example_kubernetes_executor.py
[2023-01-11T01:17:13.896+0000] {processor.py:766} INFO - DAG(s) dict_keys(['example_kubernetes_executor']) retrieved from /home/airflow/.local/lib/python3.7/site-packages/airflow/example_dags/example_kubernetes_executor.py
[2023-01-11T01:17:14.019+0000] {logging_mixin.py:120} INFO - [2023-01-11T01:17:14.019+0000] {dag.py:2585} INFO - Sync 1 DAGs
[2023-01-11T01:17:14.088+0000] {logging_mixin.py:120} INFO - [2023-01-11T01:17:14.088+0000] {dag.py:3340} INFO - Setting next_dagrun for example_kubernetes_executor to None, run_after=None
[2023-01-11T01:17:14.151+0000] {processor.py:176} INFO - Processing /home/airflow/.local/lib/python3.7/site-packages/airflow/example_dags/example_kubernetes_executor.py took 0.327 seconds
[2023-01-11T01:17:44.310+0000] {processor.py:154} INFO - Started process (PID=18334) to work on /home/airflow/.local/lib/python3.7/site-packages/airflow/example_dags/example_kubernetes_executor.py
[2023-01-11T01:17:44.312+0000] {processor.py:756} INFO - Processing file /home/airflow/.local/lib/python3.7/site-packages/airflow/example_dags/example_kubernetes_executor.py for tasks to queue
[2023-01-11T01:17:44.315+0000] {logging_mixin.py:120} INFO - [2023-01-11T01:17:44.314+0000] {dagbag.py:537} INFO - Filling up the DagBag from /home/airflow/.local/lib/python3.7/site-packages/airflow/example_dags/example_kubernetes_executor.py
[2023-01-11T01:17:44.368+0000] {processor.py:766} INFO - DAG(s) dict_keys(['example_kubernetes_executor']) retrieved from /home/airflow/.local/lib/python3.7/site-packages/airflow/example_dags/example_kubernetes_executor.py
[2023-01-11T01:17:44.442+0000] {logging_mixin.py:120} INFO - [2023-01-11T01:17:44.442+0000] {dag.py:2585} INFO - Sync 1 DAGs
[2023-01-11T01:17:44.489+0000] {logging_mixin.py:120} INFO - [2023-01-11T01:17:44.488+0000] {dag.py:3340} INFO - Setting next_dagrun for example_kubernetes_executor to None, run_after=None
[2023-01-11T01:17:44.529+0000] {processor.py:176} INFO - Processing /home/airflow/.local/lib/python3.7/site-packages/airflow/example_dags/example_kubernetes_executor.py took 0.229 seconds
[2023-01-11T01:18:14.752+0000] {processor.py:154} INFO - Started process (PID=18392) to work on /home/airflow/.local/lib/python3.7/site-packages/airflow/example_dags/example_kubernetes_executor.py
[2023-01-11T01:18:14.754+0000] {processor.py:756} INFO - Processing file /home/airflow/.local/lib/python3.7/site-packages/airflow/example_dags/example_kubernetes_executor.py for tasks to queue
[2023-01-11T01:18:14.757+0000] {logging_mixin.py:120} INFO - [2023-01-11T01:18:14.756+0000] {dagbag.py:537} INFO - Filling up the DagBag from /home/airflow/.local/lib/python3.7/site-packages/airflow/example_dags/example_kubernetes_executor.py
[2023-01-11T01:18:14.825+0000] {processor.py:766} INFO - DAG(s) dict_keys(['example_kubernetes_executor']) retrieved from /home/airflow/.local/lib/python3.7/site-packages/airflow/example_dags/example_kubernetes_executor.py
[2023-01-11T01:18:14.944+0000] {logging_mixin.py:120} INFO - [2023-01-11T01:18:14.943+0000] {dag.py:2585} INFO - Sync 1 DAGs
[2023-01-11T01:18:15.020+0000] {logging_mixin.py:120} INFO - [2023-01-11T01:18:15.020+0000] {dag.py:3340} INFO - Setting next_dagrun for example_kubernetes_executor to None, run_after=None
[2023-01-11T01:18:15.078+0000] {processor.py:176} INFO - Processing /home/airflow/.local/lib/python3.7/site-packages/airflow/example_dags/example_kubernetes_executor.py took 0.332 seconds
[2023-01-11T01:18:45.332+0000] {processor.py:154} INFO - Started process (PID=18459) to work on /home/airflow/.local/lib/python3.7/site-packages/airflow/example_dags/example_kubernetes_executor.py
[2023-01-11T01:18:45.333+0000] {processor.py:756} INFO - Processing file /home/airflow/.local/lib/python3.7/site-packages/airflow/example_dags/example_kubernetes_executor.py for tasks to queue
[2023-01-11T01:18:45.335+0000] {logging_mixin.py:120} INFO - [2023-01-11T01:18:45.335+0000] {dagbag.py:537} INFO - Filling up the DagBag from /home/airflow/.local/lib/python3.7/site-packages/airflow/example_dags/example_kubernetes_executor.py
[2023-01-11T01:18:45.373+0000] {processor.py:766} INFO - DAG(s) dict_keys(['example_kubernetes_executor']) retrieved from /home/airflow/.local/lib/python3.7/site-packages/airflow/example_dags/example_kubernetes_executor.py
[2023-01-11T01:18:45.463+0000] {logging_mixin.py:120} INFO - [2023-01-11T01:18:45.462+0000] {dag.py:2585} INFO - Sync 1 DAGs
[2023-01-11T01:18:45.528+0000] {logging_mixin.py:120} INFO - [2023-01-11T01:18:45.528+0000] {dag.py:3340} INFO - Setting next_dagrun for example_kubernetes_executor to None, run_after=None
[2023-01-11T01:18:45.554+0000] {processor.py:176} INFO - Processing /home/airflow/.local/lib/python3.7/site-packages/airflow/example_dags/example_kubernetes_executor.py took 0.227 seconds
[2023-01-11T01:19:16.120+0000] {processor.py:154} INFO - Started process (PID=18517) to work on /home/airflow/.local/lib/python3.7/site-packages/airflow/example_dags/example_kubernetes_executor.py
[2023-01-11T01:19:16.122+0000] {processor.py:756} INFO - Processing file /home/airflow/.local/lib/python3.7/site-packages/airflow/example_dags/example_kubernetes_executor.py for tasks to queue
[2023-01-11T01:19:16.124+0000] {logging_mixin.py:120} INFO - [2023-01-11T01:19:16.123+0000] {dagbag.py:537} INFO - Filling up the DagBag from /home/airflow/.local/lib/python3.7/site-packages/airflow/example_dags/example_kubernetes_executor.py
[2023-01-11T01:19:16.172+0000] {processor.py:766} INFO - DAG(s) dict_keys(['example_kubernetes_executor']) retrieved from /home/airflow/.local/lib/python3.7/site-packages/airflow/example_dags/example_kubernetes_executor.py
[2023-01-11T01:19:16.263+0000] {logging_mixin.py:120} INFO - [2023-01-11T01:19:16.262+0000] {dag.py:2585} INFO - Sync 1 DAGs
[2023-01-11T01:19:16.309+0000] {logging_mixin.py:120} INFO - [2023-01-11T01:19:16.309+0000] {dag.py:3340} INFO - Setting next_dagrun for example_kubernetes_executor to None, run_after=None
[2023-01-11T01:19:16.350+0000] {processor.py:176} INFO - Processing /home/airflow/.local/lib/python3.7/site-packages/airflow/example_dags/example_kubernetes_executor.py took 0.236 seconds
[2023-01-11T01:19:46.421+0000] {processor.py:154} INFO - Started process (PID=18584) to work on /home/airflow/.local/lib/python3.7/site-packages/airflow/example_dags/example_kubernetes_executor.py
[2023-01-11T01:19:46.422+0000] {processor.py:756} INFO - Processing file /home/airflow/.local/lib/python3.7/site-packages/airflow/example_dags/example_kubernetes_executor.py for tasks to queue
[2023-01-11T01:19:46.424+0000] {logging_mixin.py:120} INFO - [2023-01-11T01:19:46.424+0000] {dagbag.py:537} INFO - Filling up the DagBag from /home/airflow/.local/lib/python3.7/site-packages/airflow/example_dags/example_kubernetes_executor.py
[2023-01-11T01:19:46.456+0000] {processor.py:766} INFO - DAG(s) dict_keys(['example_kubernetes_executor']) retrieved from /home/airflow/.local/lib/python3.7/site-packages/airflow/example_dags/example_kubernetes_executor.py
[2023-01-11T01:19:46.502+0000] {logging_mixin.py:120} INFO - [2023-01-11T01:19:46.502+0000] {dag.py:2585} INFO - Sync 1 DAGs
[2023-01-11T01:19:46.532+0000] {logging_mixin.py:120} INFO - [2023-01-11T01:19:46.532+0000] {dag.py:3340} INFO - Setting next_dagrun for example_kubernetes_executor to None, run_after=None
[2023-01-11T01:19:46.566+0000] {processor.py:176} INFO - Processing /home/airflow/.local/lib/python3.7/site-packages/airflow/example_dags/example_kubernetes_executor.py took 0.150 seconds
[2023-01-11T01:20:16.631+0000] {processor.py:154} INFO - Started process (PID=18642) to work on /home/airflow/.local/lib/python3.7/site-packages/airflow/example_dags/example_kubernetes_executor.py
[2023-01-11T01:20:16.632+0000] {processor.py:756} INFO - Processing file /home/airflow/.local/lib/python3.7/site-packages/airflow/example_dags/example_kubernetes_executor.py for tasks to queue
[2023-01-11T01:20:16.635+0000] {logging_mixin.py:120} INFO - [2023-01-11T01:20:16.634+0000] {dagbag.py:537} INFO - Filling up the DagBag from /home/airflow/.local/lib/python3.7/site-packages/airflow/example_dags/example_kubernetes_executor.py
[2023-01-11T01:20:16.679+0000] {processor.py:766} INFO - DAG(s) dict_keys(['example_kubernetes_executor']) retrieved from /home/airflow/.local/lib/python3.7/site-packages/airflow/example_dags/example_kubernetes_executor.py
[2023-01-11T01:20:16.737+0000] {logging_mixin.py:120} INFO - [2023-01-11T01:20:16.736+0000] {dag.py:2585} INFO - Sync 1 DAGs
[2023-01-11T01:20:16.763+0000] {logging_mixin.py:120} INFO - [2023-01-11T01:20:16.763+0000] {dag.py:3340} INFO - Setting next_dagrun for example_kubernetes_executor to None, run_after=None
[2023-01-11T01:20:16.784+0000] {processor.py:176} INFO - Processing /home/airflow/.local/lib/python3.7/site-packages/airflow/example_dags/example_kubernetes_executor.py took 0.159 seconds
[2023-01-11T01:20:47.034+0000] {processor.py:154} INFO - Started process (PID=18709) to work on /home/airflow/.local/lib/python3.7/site-packages/airflow/example_dags/example_kubernetes_executor.py
[2023-01-11T01:20:47.035+0000] {processor.py:756} INFO - Processing file /home/airflow/.local/lib/python3.7/site-packages/airflow/example_dags/example_kubernetes_executor.py for tasks to queue
[2023-01-11T01:20:47.036+0000] {logging_mixin.py:120} INFO - [2023-01-11T01:20:47.036+0000] {dagbag.py:537} INFO - Filling up the DagBag from /home/airflow/.local/lib/python3.7/site-packages/airflow/example_dags/example_kubernetes_executor.py
[2023-01-11T01:20:47.067+0000] {processor.py:766} INFO - DAG(s) dict_keys(['example_kubernetes_executor']) retrieved from /home/airflow/.local/lib/python3.7/site-packages/airflow/example_dags/example_kubernetes_executor.py
[2023-01-11T01:20:47.114+0000] {logging_mixin.py:120} INFO - [2023-01-11T01:20:47.114+0000] {dag.py:2585} INFO - Sync 1 DAGs
[2023-01-11T01:20:47.143+0000] {logging_mixin.py:120} INFO - [2023-01-11T01:20:47.142+0000] {dag.py:3340} INFO - Setting next_dagrun for example_kubernetes_executor to None, run_after=None
[2023-01-11T01:20:47.164+0000] {processor.py:176} INFO - Processing /home/airflow/.local/lib/python3.7/site-packages/airflow/example_dags/example_kubernetes_executor.py took 0.134 seconds
[2023-01-11T01:21:17.398+0000] {processor.py:154} INFO - Started process (PID=18767) to work on /home/airflow/.local/lib/python3.7/site-packages/airflow/example_dags/example_kubernetes_executor.py
[2023-01-11T01:21:17.399+0000] {processor.py:756} INFO - Processing file /home/airflow/.local/lib/python3.7/site-packages/airflow/example_dags/example_kubernetes_executor.py for tasks to queue
[2023-01-11T01:21:17.400+0000] {logging_mixin.py:120} INFO - [2023-01-11T01:21:17.400+0000] {dagbag.py:537} INFO - Filling up the DagBag from /home/airflow/.local/lib/python3.7/site-packages/airflow/example_dags/example_kubernetes_executor.py
[2023-01-11T01:21:17.431+0000] {processor.py:766} INFO - DAG(s) dict_keys(['example_kubernetes_executor']) retrieved from /home/airflow/.local/lib/python3.7/site-packages/airflow/example_dags/example_kubernetes_executor.py
[2023-01-11T01:21:17.478+0000] {logging_mixin.py:120} INFO - [2023-01-11T01:21:17.478+0000] {dag.py:2585} INFO - Sync 1 DAGs
[2023-01-11T01:21:17.518+0000] {logging_mixin.py:120} INFO - [2023-01-11T01:21:17.517+0000] {dag.py:3340} INFO - Setting next_dagrun for example_kubernetes_executor to None, run_after=None
[2023-01-11T01:21:17.552+0000] {processor.py:176} INFO - Processing /home/airflow/.local/lib/python3.7/site-packages/airflow/example_dags/example_kubernetes_executor.py took 0.157 seconds
[2023-01-11T01:21:47.826+0000] {processor.py:154} INFO - Started process (PID=18834) to work on /home/airflow/.local/lib/python3.7/site-packages/airflow/example_dags/example_kubernetes_executor.py
[2023-01-11T01:21:47.826+0000] {processor.py:756} INFO - Processing file /home/airflow/.local/lib/python3.7/site-packages/airflow/example_dags/example_kubernetes_executor.py for tasks to queue
[2023-01-11T01:21:47.827+0000] {logging_mixin.py:120} INFO - [2023-01-11T01:21:47.827+0000] {dagbag.py:537} INFO - Filling up the DagBag from /home/airflow/.local/lib/python3.7/site-packages/airflow/example_dags/example_kubernetes_executor.py
[2023-01-11T01:21:47.855+0000] {processor.py:766} INFO - DAG(s) dict_keys(['example_kubernetes_executor']) retrieved from /home/airflow/.local/lib/python3.7/site-packages/airflow/example_dags/example_kubernetes_executor.py
[2023-01-11T01:21:47.918+0000] {logging_mixin.py:120} INFO - [2023-01-11T01:21:47.918+0000] {dag.py:2585} INFO - Sync 1 DAGs
[2023-01-11T01:21:47.946+0000] {logging_mixin.py:120} INFO - [2023-01-11T01:21:47.946+0000] {dag.py:3340} INFO - Setting next_dagrun for example_kubernetes_executor to None, run_after=None
[2023-01-11T01:21:47.970+0000] {processor.py:176} INFO - Processing /home/airflow/.local/lib/python3.7/site-packages/airflow/example_dags/example_kubernetes_executor.py took 0.147 seconds
[2023-01-11T01:22:18.420+0000] {processor.py:154} INFO - Started process (PID=18901) to work on /home/airflow/.local/lib/python3.7/site-packages/airflow/example_dags/example_kubernetes_executor.py
[2023-01-11T01:22:18.421+0000] {processor.py:756} INFO - Processing file /home/airflow/.local/lib/python3.7/site-packages/airflow/example_dags/example_kubernetes_executor.py for tasks to queue
[2023-01-11T01:22:18.423+0000] {logging_mixin.py:120} INFO - [2023-01-11T01:22:18.423+0000] {dagbag.py:537} INFO - Filling up the DagBag from /home/airflow/.local/lib/python3.7/site-packages/airflow/example_dags/example_kubernetes_executor.py
[2023-01-11T01:22:18.493+0000] {processor.py:766} INFO - DAG(s) dict_keys(['example_kubernetes_executor']) retrieved from /home/airflow/.local/lib/python3.7/site-packages/airflow/example_dags/example_kubernetes_executor.py
[2023-01-11T01:22:18.618+0000] {logging_mixin.py:120} INFO - [2023-01-11T01:22:18.617+0000] {dag.py:2585} INFO - Sync 1 DAGs
[2023-01-11T01:22:18.682+0000] {logging_mixin.py:120} INFO - [2023-01-11T01:22:18.682+0000] {dag.py:3340} INFO - Setting next_dagrun for example_kubernetes_executor to None, run_after=None
[2023-01-11T01:22:18.725+0000] {processor.py:176} INFO - Processing /home/airflow/.local/lib/python3.7/site-packages/airflow/example_dags/example_kubernetes_executor.py took 0.311 seconds
[2023-01-11T01:22:49.496+0000] {processor.py:154} INFO - Started process (PID=18959) to work on /home/airflow/.local/lib/python3.7/site-packages/airflow/example_dags/example_kubernetes_executor.py
[2023-01-11T01:22:49.498+0000] {processor.py:756} INFO - Processing file /home/airflow/.local/lib/python3.7/site-packages/airflow/example_dags/example_kubernetes_executor.py for tasks to queue
[2023-01-11T01:22:49.502+0000] {logging_mixin.py:120} INFO - [2023-01-11T01:22:49.502+0000] {dagbag.py:537} INFO - Filling up the DagBag from /home/airflow/.local/lib/python3.7/site-packages/airflow/example_dags/example_kubernetes_executor.py
[2023-01-11T01:22:49.573+0000] {processor.py:766} INFO - DAG(s) dict_keys(['example_kubernetes_executor']) retrieved from /home/airflow/.local/lib/python3.7/site-packages/airflow/example_dags/example_kubernetes_executor.py
[2023-01-11T01:22:49.668+0000] {logging_mixin.py:120} INFO - [2023-01-11T01:22:49.668+0000] {dag.py:2585} INFO - Sync 1 DAGs
[2023-01-11T01:22:49.734+0000] {logging_mixin.py:120} INFO - [2023-01-11T01:22:49.733+0000] {dag.py:3340} INFO - Setting next_dagrun for example_kubernetes_executor to None, run_after=None
[2023-01-11T01:22:49.796+0000] {processor.py:176} INFO - Processing /home/airflow/.local/lib/python3.7/site-packages/airflow/example_dags/example_kubernetes_executor.py took 0.304 seconds
[2023-01-11T01:23:20.019+0000] {processor.py:154} INFO - Started process (PID=19017) to work on /home/airflow/.local/lib/python3.7/site-packages/airflow/example_dags/example_kubernetes_executor.py
[2023-01-11T01:23:20.020+0000] {processor.py:756} INFO - Processing file /home/airflow/.local/lib/python3.7/site-packages/airflow/example_dags/example_kubernetes_executor.py for tasks to queue
[2023-01-11T01:23:20.021+0000] {logging_mixin.py:120} INFO - [2023-01-11T01:23:20.021+0000] {dagbag.py:537} INFO - Filling up the DagBag from /home/airflow/.local/lib/python3.7/site-packages/airflow/example_dags/example_kubernetes_executor.py
[2023-01-11T01:23:20.056+0000] {processor.py:766} INFO - DAG(s) dict_keys(['example_kubernetes_executor']) retrieved from /home/airflow/.local/lib/python3.7/site-packages/airflow/example_dags/example_kubernetes_executor.py
[2023-01-11T01:23:20.144+0000] {logging_mixin.py:120} INFO - [2023-01-11T01:23:20.144+0000] {dag.py:2585} INFO - Sync 1 DAGs
[2023-01-11T01:23:20.195+0000] {logging_mixin.py:120} INFO - [2023-01-11T01:23:20.194+0000] {dag.py:3340} INFO - Setting next_dagrun for example_kubernetes_executor to None, run_after=None
[2023-01-11T01:23:20.242+0000] {processor.py:176} INFO - Processing /home/airflow/.local/lib/python3.7/site-packages/airflow/example_dags/example_kubernetes_executor.py took 0.227 seconds
[2023-01-11T01:23:50.846+0000] {processor.py:154} INFO - Started process (PID=19084) to work on /home/airflow/.local/lib/python3.7/site-packages/airflow/example_dags/example_kubernetes_executor.py
[2023-01-11T01:23:50.847+0000] {processor.py:756} INFO - Processing file /home/airflow/.local/lib/python3.7/site-packages/airflow/example_dags/example_kubernetes_executor.py for tasks to queue
[2023-01-11T01:23:50.850+0000] {logging_mixin.py:120} INFO - [2023-01-11T01:23:50.849+0000] {dagbag.py:537} INFO - Filling up the DagBag from /home/airflow/.local/lib/python3.7/site-packages/airflow/example_dags/example_kubernetes_executor.py
[2023-01-11T01:23:50.895+0000] {processor.py:766} INFO - DAG(s) dict_keys(['example_kubernetes_executor']) retrieved from /home/airflow/.local/lib/python3.7/site-packages/airflow/example_dags/example_kubernetes_executor.py
[2023-01-11T01:23:50.967+0000] {logging_mixin.py:120} INFO - [2023-01-11T01:23:50.966+0000] {dag.py:2585} INFO - Sync 1 DAGs
[2023-01-11T01:23:51.005+0000] {logging_mixin.py:120} INFO - [2023-01-11T01:23:51.005+0000] {dag.py:3340} INFO - Setting next_dagrun for example_kubernetes_executor to None, run_after=None
[2023-01-11T01:23:51.040+0000] {processor.py:176} INFO - Processing /home/airflow/.local/lib/python3.7/site-packages/airflow/example_dags/example_kubernetes_executor.py took 0.198 seconds
[2023-01-11T01:24:21.401+0000] {processor.py:154} INFO - Started process (PID=19143) to work on /home/airflow/.local/lib/python3.7/site-packages/airflow/example_dags/example_kubernetes_executor.py
[2023-01-11T01:24:21.402+0000] {processor.py:756} INFO - Processing file /home/airflow/.local/lib/python3.7/site-packages/airflow/example_dags/example_kubernetes_executor.py for tasks to queue
[2023-01-11T01:24:21.404+0000] {logging_mixin.py:120} INFO - [2023-01-11T01:24:21.404+0000] {dagbag.py:537} INFO - Filling up the DagBag from /home/airflow/.local/lib/python3.7/site-packages/airflow/example_dags/example_kubernetes_executor.py
[2023-01-11T01:24:21.465+0000] {processor.py:766} INFO - DAG(s) dict_keys(['example_kubernetes_executor']) retrieved from /home/airflow/.local/lib/python3.7/site-packages/airflow/example_dags/example_kubernetes_executor.py
[2023-01-11T01:24:21.551+0000] {logging_mixin.py:120} INFO - [2023-01-11T01:24:21.550+0000] {dag.py:2585} INFO - Sync 1 DAGs
[2023-01-11T01:24:21.601+0000] {logging_mixin.py:120} INFO - [2023-01-11T01:24:21.600+0000] {dag.py:3340} INFO - Setting next_dagrun for example_kubernetes_executor to None, run_after=None
[2023-01-11T01:24:21.650+0000] {processor.py:176} INFO - Processing /home/airflow/.local/lib/python3.7/site-packages/airflow/example_dags/example_kubernetes_executor.py took 0.256 seconds
[2023-01-11T01:24:52.448+0000] {processor.py:154} INFO - Started process (PID=19211) to work on /home/airflow/.local/lib/python3.7/site-packages/airflow/example_dags/example_kubernetes_executor.py
[2023-01-11T01:24:52.451+0000] {processor.py:756} INFO - Processing file /home/airflow/.local/lib/python3.7/site-packages/airflow/example_dags/example_kubernetes_executor.py for tasks to queue
[2023-01-11T01:24:52.453+0000] {logging_mixin.py:120} INFO - [2023-01-11T01:24:52.453+0000] {dagbag.py:537} INFO - Filling up the DagBag from /home/airflow/.local/lib/python3.7/site-packages/airflow/example_dags/example_kubernetes_executor.py
[2023-01-11T01:24:52.516+0000] {processor.py:766} INFO - DAG(s) dict_keys(['example_kubernetes_executor']) retrieved from /home/airflow/.local/lib/python3.7/site-packages/airflow/example_dags/example_kubernetes_executor.py
[2023-01-11T01:24:52.598+0000] {logging_mixin.py:120} INFO - [2023-01-11T01:24:52.597+0000] {dag.py:2585} INFO - Sync 1 DAGs
[2023-01-11T01:24:52.643+0000] {logging_mixin.py:120} INFO - [2023-01-11T01:24:52.643+0000] {dag.py:3340} INFO - Setting next_dagrun for example_kubernetes_executor to None, run_after=None
[2023-01-11T01:24:52.693+0000] {processor.py:176} INFO - Processing /home/airflow/.local/lib/python3.7/site-packages/airflow/example_dags/example_kubernetes_executor.py took 0.253 seconds
[2023-01-11T01:25:23.192+0000] {processor.py:154} INFO - Started process (PID=19276) to work on /home/airflow/.local/lib/python3.7/site-packages/airflow/example_dags/example_kubernetes_executor.py
[2023-01-11T01:25:23.193+0000] {processor.py:756} INFO - Processing file /home/airflow/.local/lib/python3.7/site-packages/airflow/example_dags/example_kubernetes_executor.py for tasks to queue
[2023-01-11T01:25:23.196+0000] {logging_mixin.py:120} INFO - [2023-01-11T01:25:23.196+0000] {dagbag.py:537} INFO - Filling up the DagBag from /home/airflow/.local/lib/python3.7/site-packages/airflow/example_dags/example_kubernetes_executor.py
[2023-01-11T01:25:23.269+0000] {processor.py:766} INFO - DAG(s) dict_keys(['example_kubernetes_executor']) retrieved from /home/airflow/.local/lib/python3.7/site-packages/airflow/example_dags/example_kubernetes_executor.py
[2023-01-11T01:25:23.397+0000] {logging_mixin.py:120} INFO - [2023-01-11T01:25:23.396+0000] {dag.py:2585} INFO - Sync 1 DAGs
[2023-01-11T01:25:23.478+0000] {logging_mixin.py:120} INFO - [2023-01-11T01:25:23.478+0000] {dag.py:3340} INFO - Setting next_dagrun for example_kubernetes_executor to None, run_after=None
[2023-01-11T01:25:23.545+0000] {processor.py:176} INFO - Processing /home/airflow/.local/lib/python3.7/site-packages/airflow/example_dags/example_kubernetes_executor.py took 0.361 seconds
[2023-01-11T01:25:54.065+0000] {processor.py:154} INFO - Started process (PID=19336) to work on /home/airflow/.local/lib/python3.7/site-packages/airflow/example_dags/example_kubernetes_executor.py
[2023-01-11T01:25:54.067+0000] {processor.py:756} INFO - Processing file /home/airflow/.local/lib/python3.7/site-packages/airflow/example_dags/example_kubernetes_executor.py for tasks to queue
[2023-01-11T01:25:54.068+0000] {logging_mixin.py:120} INFO - [2023-01-11T01:25:54.068+0000] {dagbag.py:537} INFO - Filling up the DagBag from /home/airflow/.local/lib/python3.7/site-packages/airflow/example_dags/example_kubernetes_executor.py
[2023-01-11T01:25:54.120+0000] {processor.py:766} INFO - DAG(s) dict_keys(['example_kubernetes_executor']) retrieved from /home/airflow/.local/lib/python3.7/site-packages/airflow/example_dags/example_kubernetes_executor.py
[2023-01-11T01:25:54.190+0000] {logging_mixin.py:120} INFO - [2023-01-11T01:25:54.189+0000] {dag.py:2585} INFO - Sync 1 DAGs
[2023-01-11T01:25:54.233+0000] {logging_mixin.py:120} INFO - [2023-01-11T01:25:54.232+0000] {dag.py:3340} INFO - Setting next_dagrun for example_kubernetes_executor to None, run_after=None
[2023-01-11T01:25:54.264+0000] {processor.py:176} INFO - Processing /home/airflow/.local/lib/python3.7/site-packages/airflow/example_dags/example_kubernetes_executor.py took 0.203 seconds
[2023-01-11T01:26:24.907+0000] {processor.py:154} INFO - Started process (PID=19394) to work on /home/airflow/.local/lib/python3.7/site-packages/airflow/example_dags/example_kubernetes_executor.py
[2023-01-11T01:26:24.908+0000] {processor.py:756} INFO - Processing file /home/airflow/.local/lib/python3.7/site-packages/airflow/example_dags/example_kubernetes_executor.py for tasks to queue
[2023-01-11T01:26:24.909+0000] {logging_mixin.py:120} INFO - [2023-01-11T01:26:24.909+0000] {dagbag.py:537} INFO - Filling up the DagBag from /home/airflow/.local/lib/python3.7/site-packages/airflow/example_dags/example_kubernetes_executor.py
[2023-01-11T01:26:24.957+0000] {processor.py:766} INFO - DAG(s) dict_keys(['example_kubernetes_executor']) retrieved from /home/airflow/.local/lib/python3.7/site-packages/airflow/example_dags/example_kubernetes_executor.py
[2023-01-11T01:26:25.030+0000] {logging_mixin.py:120} INFO - [2023-01-11T01:26:25.029+0000] {dag.py:2585} INFO - Sync 1 DAGs
[2023-01-11T01:26:25.068+0000] {logging_mixin.py:120} INFO - [2023-01-11T01:26:25.068+0000] {dag.py:3340} INFO - Setting next_dagrun for example_kubernetes_executor to None, run_after=None
[2023-01-11T01:26:25.122+0000] {processor.py:176} INFO - Processing /home/airflow/.local/lib/python3.7/site-packages/airflow/example_dags/example_kubernetes_executor.py took 0.221 seconds
[2023-01-11T01:26:55.471+0000] {processor.py:154} INFO - Started process (PID=19460) to work on /home/airflow/.local/lib/python3.7/site-packages/airflow/example_dags/example_kubernetes_executor.py
[2023-01-11T01:26:55.474+0000] {processor.py:756} INFO - Processing file /home/airflow/.local/lib/python3.7/site-packages/airflow/example_dags/example_kubernetes_executor.py for tasks to queue
[2023-01-11T01:26:55.476+0000] {logging_mixin.py:120} INFO - [2023-01-11T01:26:55.475+0000] {dagbag.py:537} INFO - Filling up the DagBag from /home/airflow/.local/lib/python3.7/site-packages/airflow/example_dags/example_kubernetes_executor.py
[2023-01-11T01:26:55.519+0000] {processor.py:766} INFO - DAG(s) dict_keys(['example_kubernetes_executor']) retrieved from /home/airflow/.local/lib/python3.7/site-packages/airflow/example_dags/example_kubernetes_executor.py
[2023-01-11T01:26:55.629+0000] {logging_mixin.py:120} INFO - [2023-01-11T01:26:55.629+0000] {dag.py:2585} INFO - Sync 1 DAGs
[2023-01-11T01:26:55.678+0000] {logging_mixin.py:120} INFO - [2023-01-11T01:26:55.677+0000] {dag.py:3340} INFO - Setting next_dagrun for example_kubernetes_executor to None, run_after=None
[2023-01-11T01:26:55.715+0000] {processor.py:176} INFO - Processing /home/airflow/.local/lib/python3.7/site-packages/airflow/example_dags/example_kubernetes_executor.py took 0.252 seconds
[2023-01-11T01:27:26.364+0000] {processor.py:154} INFO - Started process (PID=19518) to work on /home/airflow/.local/lib/python3.7/site-packages/airflow/example_dags/example_kubernetes_executor.py
[2023-01-11T01:27:26.365+0000] {processor.py:756} INFO - Processing file /home/airflow/.local/lib/python3.7/site-packages/airflow/example_dags/example_kubernetes_executor.py for tasks to queue
[2023-01-11T01:27:26.367+0000] {logging_mixin.py:120} INFO - [2023-01-11T01:27:26.366+0000] {dagbag.py:537} INFO - Filling up the DagBag from /home/airflow/.local/lib/python3.7/site-packages/airflow/example_dags/example_kubernetes_executor.py
[2023-01-11T01:27:26.403+0000] {processor.py:766} INFO - DAG(s) dict_keys(['example_kubernetes_executor']) retrieved from /home/airflow/.local/lib/python3.7/site-packages/airflow/example_dags/example_kubernetes_executor.py
[2023-01-11T01:27:26.462+0000] {logging_mixin.py:120} INFO - [2023-01-11T01:27:26.461+0000] {dag.py:2585} INFO - Sync 1 DAGs
[2023-01-11T01:27:26.506+0000] {logging_mixin.py:120} INFO - [2023-01-11T01:27:26.506+0000] {dag.py:3340} INFO - Setting next_dagrun for example_kubernetes_executor to None, run_after=None
[2023-01-11T01:27:26.537+0000] {processor.py:176} INFO - Processing /home/airflow/.local/lib/python3.7/site-packages/airflow/example_dags/example_kubernetes_executor.py took 0.177 seconds
[2023-01-11T01:27:56.982+0000] {processor.py:154} INFO - Started process (PID=19584) to work on /home/airflow/.local/lib/python3.7/site-packages/airflow/example_dags/example_kubernetes_executor.py
[2023-01-11T01:27:56.983+0000] {processor.py:756} INFO - Processing file /home/airflow/.local/lib/python3.7/site-packages/airflow/example_dags/example_kubernetes_executor.py for tasks to queue
[2023-01-11T01:27:56.984+0000] {logging_mixin.py:120} INFO - [2023-01-11T01:27:56.984+0000] {dagbag.py:537} INFO - Filling up the DagBag from /home/airflow/.local/lib/python3.7/site-packages/airflow/example_dags/example_kubernetes_executor.py
[2023-01-11T01:27:57.015+0000] {processor.py:766} INFO - DAG(s) dict_keys(['example_kubernetes_executor']) retrieved from /home/airflow/.local/lib/python3.7/site-packages/airflow/example_dags/example_kubernetes_executor.py
[2023-01-11T01:27:57.068+0000] {logging_mixin.py:120} INFO - [2023-01-11T01:27:57.068+0000] {dag.py:2585} INFO - Sync 1 DAGs
[2023-01-11T01:27:57.110+0000] {logging_mixin.py:120} INFO - [2023-01-11T01:27:57.110+0000] {dag.py:3340} INFO - Setting next_dagrun for example_kubernetes_executor to None, run_after=None
[2023-01-11T01:27:57.147+0000] {processor.py:176} INFO - Processing /home/airflow/.local/lib/python3.7/site-packages/airflow/example_dags/example_kubernetes_executor.py took 0.169 seconds
[2023-01-11T01:28:27.514+0000] {processor.py:154} INFO - Started process (PID=19650) to work on /home/airflow/.local/lib/python3.7/site-packages/airflow/example_dags/example_kubernetes_executor.py
[2023-01-11T01:28:27.515+0000] {processor.py:756} INFO - Processing file /home/airflow/.local/lib/python3.7/site-packages/airflow/example_dags/example_kubernetes_executor.py for tasks to queue
[2023-01-11T01:28:27.516+0000] {logging_mixin.py:120} INFO - [2023-01-11T01:28:27.516+0000] {dagbag.py:537} INFO - Filling up the DagBag from /home/airflow/.local/lib/python3.7/site-packages/airflow/example_dags/example_kubernetes_executor.py
[2023-01-11T01:28:27.549+0000] {processor.py:766} INFO - DAG(s) dict_keys(['example_kubernetes_executor']) retrieved from /home/airflow/.local/lib/python3.7/site-packages/airflow/example_dags/example_kubernetes_executor.py
[2023-01-11T01:28:27.606+0000] {logging_mixin.py:120} INFO - [2023-01-11T01:28:27.606+0000] {dag.py:2585} INFO - Sync 1 DAGs
[2023-01-11T01:28:27.639+0000] {logging_mixin.py:120} INFO - [2023-01-11T01:28:27.638+0000] {dag.py:3340} INFO - Setting next_dagrun for example_kubernetes_executor to None, run_after=None
[2023-01-11T01:28:27.672+0000] {processor.py:176} INFO - Processing /home/airflow/.local/lib/python3.7/site-packages/airflow/example_dags/example_kubernetes_executor.py took 0.163 seconds
[2023-01-11T01:28:57.792+0000] {processor.py:154} INFO - Started process (PID=19708) to work on /home/airflow/.local/lib/python3.7/site-packages/airflow/example_dags/example_kubernetes_executor.py
[2023-01-11T01:28:57.793+0000] {processor.py:756} INFO - Processing file /home/airflow/.local/lib/python3.7/site-packages/airflow/example_dags/example_kubernetes_executor.py for tasks to queue
[2023-01-11T01:28:57.794+0000] {logging_mixin.py:120} INFO - [2023-01-11T01:28:57.794+0000] {dagbag.py:537} INFO - Filling up the DagBag from /home/airflow/.local/lib/python3.7/site-packages/airflow/example_dags/example_kubernetes_executor.py
[2023-01-11T01:28:57.827+0000] {processor.py:766} INFO - DAG(s) dict_keys(['example_kubernetes_executor']) retrieved from /home/airflow/.local/lib/python3.7/site-packages/airflow/example_dags/example_kubernetes_executor.py
[2023-01-11T01:28:57.877+0000] {logging_mixin.py:120} INFO - [2023-01-11T01:28:57.876+0000] {dag.py:2585} INFO - Sync 1 DAGs
[2023-01-11T01:28:57.903+0000] {logging_mixin.py:120} INFO - [2023-01-11T01:28:57.903+0000] {dag.py:3340} INFO - Setting next_dagrun for example_kubernetes_executor to None, run_after=None
[2023-01-11T01:28:57.924+0000] {processor.py:176} INFO - Processing /home/airflow/.local/lib/python3.7/site-packages/airflow/example_dags/example_kubernetes_executor.py took 0.135 seconds
[2023-01-11T01:29:28.664+0000] {processor.py:154} INFO - Started process (PID=19774) to work on /home/airflow/.local/lib/python3.7/site-packages/airflow/example_dags/example_kubernetes_executor.py
[2023-01-11T01:29:28.665+0000] {processor.py:756} INFO - Processing file /home/airflow/.local/lib/python3.7/site-packages/airflow/example_dags/example_kubernetes_executor.py for tasks to queue
[2023-01-11T01:29:28.666+0000] {logging_mixin.py:120} INFO - [2023-01-11T01:29:28.665+0000] {dagbag.py:537} INFO - Filling up the DagBag from /home/airflow/.local/lib/python3.7/site-packages/airflow/example_dags/example_kubernetes_executor.py
[2023-01-11T01:29:28.703+0000] {processor.py:766} INFO - DAG(s) dict_keys(['example_kubernetes_executor']) retrieved from /home/airflow/.local/lib/python3.7/site-packages/airflow/example_dags/example_kubernetes_executor.py
[2023-01-11T01:29:28.754+0000] {logging_mixin.py:120} INFO - [2023-01-11T01:29:28.753+0000] {dag.py:2585} INFO - Sync 1 DAGs
[2023-01-11T01:29:28.782+0000] {logging_mixin.py:120} INFO - [2023-01-11T01:29:28.782+0000] {dag.py:3340} INFO - Setting next_dagrun for example_kubernetes_executor to None, run_after=None
[2023-01-11T01:29:28.807+0000] {processor.py:176} INFO - Processing /home/airflow/.local/lib/python3.7/site-packages/airflow/example_dags/example_kubernetes_executor.py took 0.147 seconds
[2023-01-11T01:29:59.569+0000] {processor.py:154} INFO - Started process (PID=19832) to work on /home/airflow/.local/lib/python3.7/site-packages/airflow/example_dags/example_kubernetes_executor.py
[2023-01-11T01:29:59.570+0000] {processor.py:756} INFO - Processing file /home/airflow/.local/lib/python3.7/site-packages/airflow/example_dags/example_kubernetes_executor.py for tasks to queue
[2023-01-11T01:29:59.573+0000] {logging_mixin.py:120} INFO - [2023-01-11T01:29:59.573+0000] {dagbag.py:537} INFO - Filling up the DagBag from /home/airflow/.local/lib/python3.7/site-packages/airflow/example_dags/example_kubernetes_executor.py
[2023-01-11T01:29:59.637+0000] {processor.py:766} INFO - DAG(s) dict_keys(['example_kubernetes_executor']) retrieved from /home/airflow/.local/lib/python3.7/site-packages/airflow/example_dags/example_kubernetes_executor.py
[2023-01-11T01:29:59.741+0000] {logging_mixin.py:120} INFO - [2023-01-11T01:29:59.741+0000] {dag.py:2585} INFO - Sync 1 DAGs
[2023-01-11T01:29:59.798+0000] {logging_mixin.py:120} INFO - [2023-01-11T01:29:59.797+0000] {dag.py:3340} INFO - Setting next_dagrun for example_kubernetes_executor to None, run_after=None
[2023-01-11T01:29:59.849+0000] {processor.py:176} INFO - Processing /home/airflow/.local/lib/python3.7/site-packages/airflow/example_dags/example_kubernetes_executor.py took 0.288 seconds
[2023-01-11T01:30:30.075+0000] {processor.py:154} INFO - Started process (PID=19899) to work on /home/airflow/.local/lib/python3.7/site-packages/airflow/example_dags/example_kubernetes_executor.py
[2023-01-11T01:30:30.076+0000] {processor.py:756} INFO - Processing file /home/airflow/.local/lib/python3.7/site-packages/airflow/example_dags/example_kubernetes_executor.py for tasks to queue
[2023-01-11T01:30:30.078+0000] {logging_mixin.py:120} INFO - [2023-01-11T01:30:30.077+0000] {dagbag.py:537} INFO - Filling up the DagBag from /home/airflow/.local/lib/python3.7/site-packages/airflow/example_dags/example_kubernetes_executor.py
[2023-01-11T01:30:30.119+0000] {processor.py:766} INFO - DAG(s) dict_keys(['example_kubernetes_executor']) retrieved from /home/airflow/.local/lib/python3.7/site-packages/airflow/example_dags/example_kubernetes_executor.py
[2023-01-11T01:30:30.256+0000] {logging_mixin.py:120} INFO - [2023-01-11T01:30:30.255+0000] {dag.py:2585} INFO - Sync 1 DAGs
[2023-01-11T01:30:30.300+0000] {logging_mixin.py:120} INFO - [2023-01-11T01:30:30.300+0000] {dag.py:3340} INFO - Setting next_dagrun for example_kubernetes_executor to None, run_after=None
[2023-01-11T01:30:30.338+0000] {processor.py:176} INFO - Processing /home/airflow/.local/lib/python3.7/site-packages/airflow/example_dags/example_kubernetes_executor.py took 0.268 seconds
[2023-01-11T01:31:00.395+0000] {processor.py:154} INFO - Started process (PID=19957) to work on /home/airflow/.local/lib/python3.7/site-packages/airflow/example_dags/example_kubernetes_executor.py
[2023-01-11T01:31:00.397+0000] {processor.py:756} INFO - Processing file /home/airflow/.local/lib/python3.7/site-packages/airflow/example_dags/example_kubernetes_executor.py for tasks to queue
[2023-01-11T01:31:00.398+0000] {logging_mixin.py:120} INFO - [2023-01-11T01:31:00.397+0000] {dagbag.py:537} INFO - Filling up the DagBag from /home/airflow/.local/lib/python3.7/site-packages/airflow/example_dags/example_kubernetes_executor.py
[2023-01-11T01:31:00.439+0000] {processor.py:766} INFO - DAG(s) dict_keys(['example_kubernetes_executor']) retrieved from /home/airflow/.local/lib/python3.7/site-packages/airflow/example_dags/example_kubernetes_executor.py
[2023-01-11T01:31:00.511+0000] {logging_mixin.py:120} INFO - [2023-01-11T01:31:00.510+0000] {dag.py:2585} INFO - Sync 1 DAGs
[2023-01-11T01:31:00.557+0000] {logging_mixin.py:120} INFO - [2023-01-11T01:31:00.557+0000] {dag.py:3340} INFO - Setting next_dagrun for example_kubernetes_executor to None, run_after=None
[2023-01-11T01:31:00.613+0000] {processor.py:176} INFO - Processing /home/airflow/.local/lib/python3.7/site-packages/airflow/example_dags/example_kubernetes_executor.py took 0.221 seconds
[2023-01-11T01:31:31.259+0000] {processor.py:154} INFO - Started process (PID=20024) to work on /home/airflow/.local/lib/python3.7/site-packages/airflow/example_dags/example_kubernetes_executor.py
[2023-01-11T01:31:31.260+0000] {processor.py:756} INFO - Processing file /home/airflow/.local/lib/python3.7/site-packages/airflow/example_dags/example_kubernetes_executor.py for tasks to queue
[2023-01-11T01:31:31.262+0000] {logging_mixin.py:120} INFO - [2023-01-11T01:31:31.262+0000] {dagbag.py:537} INFO - Filling up the DagBag from /home/airflow/.local/lib/python3.7/site-packages/airflow/example_dags/example_kubernetes_executor.py
[2023-01-11T01:31:31.309+0000] {processor.py:766} INFO - DAG(s) dict_keys(['example_kubernetes_executor']) retrieved from /home/airflow/.local/lib/python3.7/site-packages/airflow/example_dags/example_kubernetes_executor.py
[2023-01-11T01:31:31.400+0000] {logging_mixin.py:120} INFO - [2023-01-11T01:31:31.400+0000] {dag.py:2585} INFO - Sync 1 DAGs
[2023-01-11T01:31:31.473+0000] {logging_mixin.py:120} INFO - [2023-01-11T01:31:31.473+0000] {dag.py:3340} INFO - Setting next_dagrun for example_kubernetes_executor to None, run_after=None
[2023-01-11T01:31:31.513+0000] {processor.py:176} INFO - Processing /home/airflow/.local/lib/python3.7/site-packages/airflow/example_dags/example_kubernetes_executor.py took 0.259 seconds
[2023-01-11T01:32:01.958+0000] {processor.py:154} INFO - Started process (PID=20082) to work on /home/airflow/.local/lib/python3.7/site-packages/airflow/example_dags/example_kubernetes_executor.py
[2023-01-11T01:32:01.960+0000] {processor.py:756} INFO - Processing file /home/airflow/.local/lib/python3.7/site-packages/airflow/example_dags/example_kubernetes_executor.py for tasks to queue
[2023-01-11T01:32:01.962+0000] {logging_mixin.py:120} INFO - [2023-01-11T01:32:01.961+0000] {dagbag.py:537} INFO - Filling up the DagBag from /home/airflow/.local/lib/python3.7/site-packages/airflow/example_dags/example_kubernetes_executor.py
[2023-01-11T01:32:02.005+0000] {processor.py:766} INFO - DAG(s) dict_keys(['example_kubernetes_executor']) retrieved from /home/airflow/.local/lib/python3.7/site-packages/airflow/example_dags/example_kubernetes_executor.py
[2023-01-11T01:32:02.081+0000] {logging_mixin.py:120} INFO - [2023-01-11T01:32:02.081+0000] {dag.py:2585} INFO - Sync 1 DAGs
[2023-01-11T01:32:02.139+0000] {logging_mixin.py:120} INFO - [2023-01-11T01:32:02.139+0000] {dag.py:3340} INFO - Setting next_dagrun for example_kubernetes_executor to None, run_after=None
[2023-01-11T01:32:02.186+0000] {processor.py:176} INFO - Processing /home/airflow/.local/lib/python3.7/site-packages/airflow/example_dags/example_kubernetes_executor.py took 0.234 seconds
[2023-01-11T01:32:32.971+0000] {processor.py:154} INFO - Started process (PID=20149) to work on /home/airflow/.local/lib/python3.7/site-packages/airflow/example_dags/example_kubernetes_executor.py
[2023-01-11T01:32:32.972+0000] {processor.py:756} INFO - Processing file /home/airflow/.local/lib/python3.7/site-packages/airflow/example_dags/example_kubernetes_executor.py for tasks to queue
[2023-01-11T01:32:32.972+0000] {logging_mixin.py:120} INFO - [2023-01-11T01:32:32.972+0000] {dagbag.py:537} INFO - Filling up the DagBag from /home/airflow/.local/lib/python3.7/site-packages/airflow/example_dags/example_kubernetes_executor.py
[2023-01-11T01:32:33.013+0000] {processor.py:766} INFO - DAG(s) dict_keys(['example_kubernetes_executor']) retrieved from /home/airflow/.local/lib/python3.7/site-packages/airflow/example_dags/example_kubernetes_executor.py
[2023-01-11T01:32:33.083+0000] {logging_mixin.py:120} INFO - [2023-01-11T01:32:33.082+0000] {dag.py:2585} INFO - Sync 1 DAGs
[2023-01-11T01:32:33.141+0000] {logging_mixin.py:120} INFO - [2023-01-11T01:32:33.140+0000] {dag.py:3340} INFO - Setting next_dagrun for example_kubernetes_executor to None, run_after=None
[2023-01-11T01:32:33.190+0000] {processor.py:176} INFO - Processing /home/airflow/.local/lib/python3.7/site-packages/airflow/example_dags/example_kubernetes_executor.py took 0.223 seconds
[2023-01-11T01:33:04.064+0000] {processor.py:154} INFO - Started process (PID=20214) to work on /home/airflow/.local/lib/python3.7/site-packages/airflow/example_dags/example_kubernetes_executor.py
[2023-01-11T01:33:04.065+0000] {processor.py:756} INFO - Processing file /home/airflow/.local/lib/python3.7/site-packages/airflow/example_dags/example_kubernetes_executor.py for tasks to queue
[2023-01-11T01:33:04.068+0000] {logging_mixin.py:120} INFO - [2023-01-11T01:33:04.067+0000] {dagbag.py:537} INFO - Filling up the DagBag from /home/airflow/.local/lib/python3.7/site-packages/airflow/example_dags/example_kubernetes_executor.py
[2023-01-11T01:33:04.138+0000] {processor.py:766} INFO - DAG(s) dict_keys(['example_kubernetes_executor']) retrieved from /home/airflow/.local/lib/python3.7/site-packages/airflow/example_dags/example_kubernetes_executor.py
[2023-01-11T01:33:04.233+0000] {logging_mixin.py:120} INFO - [2023-01-11T01:33:04.232+0000] {dag.py:2585} INFO - Sync 1 DAGs
[2023-01-11T01:33:04.323+0000] {logging_mixin.py:120} INFO - [2023-01-11T01:33:04.322+0000] {dag.py:3340} INFO - Setting next_dagrun for example_kubernetes_executor to None, run_after=None
[2023-01-11T01:33:04.382+0000] {processor.py:176} INFO - Processing /home/airflow/.local/lib/python3.7/site-packages/airflow/example_dags/example_kubernetes_executor.py took 0.327 seconds
[2023-01-11T01:33:35.012+0000] {processor.py:154} INFO - Started process (PID=20274) to work on /home/airflow/.local/lib/python3.7/site-packages/airflow/example_dags/example_kubernetes_executor.py
[2023-01-11T01:33:35.013+0000] {processor.py:756} INFO - Processing file /home/airflow/.local/lib/python3.7/site-packages/airflow/example_dags/example_kubernetes_executor.py for tasks to queue
[2023-01-11T01:33:35.014+0000] {logging_mixin.py:120} INFO - [2023-01-11T01:33:35.014+0000] {dagbag.py:537} INFO - Filling up the DagBag from /home/airflow/.local/lib/python3.7/site-packages/airflow/example_dags/example_kubernetes_executor.py
[2023-01-11T01:33:35.055+0000] {processor.py:766} INFO - DAG(s) dict_keys(['example_kubernetes_executor']) retrieved from /home/airflow/.local/lib/python3.7/site-packages/airflow/example_dags/example_kubernetes_executor.py
[2023-01-11T01:33:35.105+0000] {logging_mixin.py:120} INFO - [2023-01-11T01:33:35.104+0000] {dag.py:2585} INFO - Sync 1 DAGs
[2023-01-11T01:33:35.141+0000] {logging_mixin.py:120} INFO - [2023-01-11T01:33:35.140+0000] {dag.py:3340} INFO - Setting next_dagrun for example_kubernetes_executor to None, run_after=None
[2023-01-11T01:33:35.169+0000] {processor.py:176} INFO - Processing /home/airflow/.local/lib/python3.7/site-packages/airflow/example_dags/example_kubernetes_executor.py took 0.163 seconds
[2023-01-11T01:34:05.803+0000] {processor.py:154} INFO - Started process (PID=20341) to work on /home/airflow/.local/lib/python3.7/site-packages/airflow/example_dags/example_kubernetes_executor.py
[2023-01-11T01:34:05.805+0000] {processor.py:756} INFO - Processing file /home/airflow/.local/lib/python3.7/site-packages/airflow/example_dags/example_kubernetes_executor.py for tasks to queue
[2023-01-11T01:34:05.808+0000] {logging_mixin.py:120} INFO - [2023-01-11T01:34:05.807+0000] {dagbag.py:537} INFO - Filling up the DagBag from /home/airflow/.local/lib/python3.7/site-packages/airflow/example_dags/example_kubernetes_executor.py
[2023-01-11T01:34:05.850+0000] {processor.py:766} INFO - DAG(s) dict_keys(['example_kubernetes_executor']) retrieved from /home/airflow/.local/lib/python3.7/site-packages/airflow/example_dags/example_kubernetes_executor.py
[2023-01-11T01:34:05.929+0000] {logging_mixin.py:120} INFO - [2023-01-11T01:34:05.928+0000] {dag.py:2585} INFO - Sync 1 DAGs
[2023-01-11T01:34:05.976+0000] {logging_mixin.py:120} INFO - [2023-01-11T01:34:05.976+0000] {dag.py:3340} INFO - Setting next_dagrun for example_kubernetes_executor to None, run_after=None
[2023-01-11T01:34:06.032+0000] {processor.py:176} INFO - Processing /home/airflow/.local/lib/python3.7/site-packages/airflow/example_dags/example_kubernetes_executor.py took 0.236 seconds
[2023-01-11T01:34:36.617+0000] {processor.py:154} INFO - Started process (PID=20399) to work on /home/airflow/.local/lib/python3.7/site-packages/airflow/example_dags/example_kubernetes_executor.py
[2023-01-11T01:34:36.618+0000] {processor.py:756} INFO - Processing file /home/airflow/.local/lib/python3.7/site-packages/airflow/example_dags/example_kubernetes_executor.py for tasks to queue
[2023-01-11T01:34:36.619+0000] {logging_mixin.py:120} INFO - [2023-01-11T01:34:36.619+0000] {dagbag.py:537} INFO - Filling up the DagBag from /home/airflow/.local/lib/python3.7/site-packages/airflow/example_dags/example_kubernetes_executor.py
[2023-01-11T01:34:36.661+0000] {processor.py:766} INFO - DAG(s) dict_keys(['example_kubernetes_executor']) retrieved from /home/airflow/.local/lib/python3.7/site-packages/airflow/example_dags/example_kubernetes_executor.py
[2023-01-11T01:34:36.737+0000] {logging_mixin.py:120} INFO - [2023-01-11T01:34:36.736+0000] {dag.py:2585} INFO - Sync 1 DAGs
[2023-01-11T01:34:36.774+0000] {logging_mixin.py:120} INFO - [2023-01-11T01:34:36.774+0000] {dag.py:3340} INFO - Setting next_dagrun for example_kubernetes_executor to None, run_after=None
[2023-01-11T01:34:36.804+0000] {processor.py:176} INFO - Processing /home/airflow/.local/lib/python3.7/site-packages/airflow/example_dags/example_kubernetes_executor.py took 0.192 seconds
[2023-01-11T01:35:06.853+0000] {processor.py:154} INFO - Started process (PID=20467) to work on /home/airflow/.local/lib/python3.7/site-packages/airflow/example_dags/example_kubernetes_executor.py
[2023-01-11T01:35:06.854+0000] {processor.py:756} INFO - Processing file /home/airflow/.local/lib/python3.7/site-packages/airflow/example_dags/example_kubernetes_executor.py for tasks to queue
[2023-01-11T01:35:06.855+0000] {logging_mixin.py:120} INFO - [2023-01-11T01:35:06.855+0000] {dagbag.py:537} INFO - Filling up the DagBag from /home/airflow/.local/lib/python3.7/site-packages/airflow/example_dags/example_kubernetes_executor.py
[2023-01-11T01:35:06.898+0000] {processor.py:766} INFO - DAG(s) dict_keys(['example_kubernetes_executor']) retrieved from /home/airflow/.local/lib/python3.7/site-packages/airflow/example_dags/example_kubernetes_executor.py
[2023-01-11T01:35:06.965+0000] {logging_mixin.py:120} INFO - [2023-01-11T01:35:06.965+0000] {dag.py:2585} INFO - Sync 1 DAGs
[2023-01-11T01:35:07.000+0000] {logging_mixin.py:120} INFO - [2023-01-11T01:35:07.000+0000] {dag.py:3340} INFO - Setting next_dagrun for example_kubernetes_executor to None, run_after=None
[2023-01-11T01:35:07.037+0000] {processor.py:176} INFO - Processing /home/airflow/.local/lib/python3.7/site-packages/airflow/example_dags/example_kubernetes_executor.py took 0.188 seconds
[2023-01-11T01:35:37.132+0000] {processor.py:154} INFO - Started process (PID=20526) to work on /home/airflow/.local/lib/python3.7/site-packages/airflow/example_dags/example_kubernetes_executor.py
[2023-01-11T01:35:37.133+0000] {processor.py:756} INFO - Processing file /home/airflow/.local/lib/python3.7/site-packages/airflow/example_dags/example_kubernetes_executor.py for tasks to queue
[2023-01-11T01:35:37.135+0000] {logging_mixin.py:120} INFO - [2023-01-11T01:35:37.135+0000] {dagbag.py:537} INFO - Filling up the DagBag from /home/airflow/.local/lib/python3.7/site-packages/airflow/example_dags/example_kubernetes_executor.py
[2023-01-11T01:35:37.175+0000] {processor.py:766} INFO - DAG(s) dict_keys(['example_kubernetes_executor']) retrieved from /home/airflow/.local/lib/python3.7/site-packages/airflow/example_dags/example_kubernetes_executor.py
[2023-01-11T01:35:37.229+0000] {logging_mixin.py:120} INFO - [2023-01-11T01:35:37.228+0000] {dag.py:2585} INFO - Sync 1 DAGs
[2023-01-11T01:35:37.269+0000] {logging_mixin.py:120} INFO - [2023-01-11T01:35:37.268+0000] {dag.py:3340} INFO - Setting next_dagrun for example_kubernetes_executor to None, run_after=None
[2023-01-11T01:35:37.304+0000] {processor.py:176} INFO - Processing /home/airflow/.local/lib/python3.7/site-packages/airflow/example_dags/example_kubernetes_executor.py took 0.175 seconds
[2023-01-11T01:36:07.628+0000] {processor.py:154} INFO - Started process (PID=20593) to work on /home/airflow/.local/lib/python3.7/site-packages/airflow/example_dags/example_kubernetes_executor.py
[2023-01-11T01:36:07.629+0000] {processor.py:756} INFO - Processing file /home/airflow/.local/lib/python3.7/site-packages/airflow/example_dags/example_kubernetes_executor.py for tasks to queue
[2023-01-11T01:36:07.630+0000] {logging_mixin.py:120} INFO - [2023-01-11T01:36:07.630+0000] {dagbag.py:537} INFO - Filling up the DagBag from /home/airflow/.local/lib/python3.7/site-packages/airflow/example_dags/example_kubernetes_executor.py
[2023-01-11T01:36:07.675+0000] {processor.py:766} INFO - DAG(s) dict_keys(['example_kubernetes_executor']) retrieved from /home/airflow/.local/lib/python3.7/site-packages/airflow/example_dags/example_kubernetes_executor.py
[2023-01-11T01:36:07.805+0000] {logging_mixin.py:120} INFO - [2023-01-11T01:36:07.804+0000] {dag.py:2585} INFO - Sync 1 DAGs
[2023-01-11T01:36:07.840+0000] {logging_mixin.py:120} INFO - [2023-01-11T01:36:07.840+0000] {dag.py:3340} INFO - Setting next_dagrun for example_kubernetes_executor to None, run_after=None
[2023-01-11T01:36:07.867+0000] {processor.py:176} INFO - Processing /home/airflow/.local/lib/python3.7/site-packages/airflow/example_dags/example_kubernetes_executor.py took 0.243 seconds
[2023-01-11T01:36:38.280+0000] {processor.py:154} INFO - Started process (PID=20651) to work on /home/airflow/.local/lib/python3.7/site-packages/airflow/example_dags/example_kubernetes_executor.py
[2023-01-11T01:36:38.282+0000] {processor.py:756} INFO - Processing file /home/airflow/.local/lib/python3.7/site-packages/airflow/example_dags/example_kubernetes_executor.py for tasks to queue
[2023-01-11T01:36:38.286+0000] {logging_mixin.py:120} INFO - [2023-01-11T01:36:38.285+0000] {dagbag.py:537} INFO - Filling up the DagBag from /home/airflow/.local/lib/python3.7/site-packages/airflow/example_dags/example_kubernetes_executor.py
[2023-01-11T01:36:38.342+0000] {processor.py:766} INFO - DAG(s) dict_keys(['example_kubernetes_executor']) retrieved from /home/airflow/.local/lib/python3.7/site-packages/airflow/example_dags/example_kubernetes_executor.py
[2023-01-11T01:36:38.435+0000] {logging_mixin.py:120} INFO - [2023-01-11T01:36:38.435+0000] {dag.py:2585} INFO - Sync 1 DAGs
[2023-01-11T01:36:38.494+0000] {logging_mixin.py:120} INFO - [2023-01-11T01:36:38.493+0000] {dag.py:3340} INFO - Setting next_dagrun for example_kubernetes_executor to None, run_after=None
[2023-01-11T01:36:38.544+0000] {processor.py:176} INFO - Processing /home/airflow/.local/lib/python3.7/site-packages/airflow/example_dags/example_kubernetes_executor.py took 0.270 seconds
[2023-01-11T01:37:08.616+0000] {processor.py:154} INFO - Started process (PID=20718) to work on /home/airflow/.local/lib/python3.7/site-packages/airflow/example_dags/example_kubernetes_executor.py
[2023-01-11T01:37:08.617+0000] {processor.py:756} INFO - Processing file /home/airflow/.local/lib/python3.7/site-packages/airflow/example_dags/example_kubernetes_executor.py for tasks to queue
[2023-01-11T01:37:08.619+0000] {logging_mixin.py:120} INFO - [2023-01-11T01:37:08.619+0000] {dagbag.py:537} INFO - Filling up the DagBag from /home/airflow/.local/lib/python3.7/site-packages/airflow/example_dags/example_kubernetes_executor.py
[2023-01-11T01:37:08.661+0000] {processor.py:766} INFO - DAG(s) dict_keys(['example_kubernetes_executor']) retrieved from /home/airflow/.local/lib/python3.7/site-packages/airflow/example_dags/example_kubernetes_executor.py
[2023-01-11T01:37:08.723+0000] {logging_mixin.py:120} INFO - [2023-01-11T01:37:08.723+0000] {dag.py:2585} INFO - Sync 1 DAGs
[2023-01-11T01:37:08.767+0000] {logging_mixin.py:120} INFO - [2023-01-11T01:37:08.767+0000] {dag.py:3340} INFO - Setting next_dagrun for example_kubernetes_executor to None, run_after=None
[2023-01-11T01:37:08.805+0000] {processor.py:176} INFO - Processing /home/airflow/.local/lib/python3.7/site-packages/airflow/example_dags/example_kubernetes_executor.py took 0.194 seconds
[2023-01-11T01:37:39.203+0000] {processor.py:154} INFO - Started process (PID=20786) to work on /home/airflow/.local/lib/python3.7/site-packages/airflow/example_dags/example_kubernetes_executor.py
[2023-01-11T01:37:39.204+0000] {processor.py:756} INFO - Processing file /home/airflow/.local/lib/python3.7/site-packages/airflow/example_dags/example_kubernetes_executor.py for tasks to queue
[2023-01-11T01:37:39.206+0000] {logging_mixin.py:120} INFO - [2023-01-11T01:37:39.206+0000] {dagbag.py:537} INFO - Filling up the DagBag from /home/airflow/.local/lib/python3.7/site-packages/airflow/example_dags/example_kubernetes_executor.py
[2023-01-11T01:37:39.281+0000] {processor.py:766} INFO - DAG(s) dict_keys(['example_kubernetes_executor']) retrieved from /home/airflow/.local/lib/python3.7/site-packages/airflow/example_dags/example_kubernetes_executor.py
[2023-01-11T01:37:39.405+0000] {logging_mixin.py:120} INFO - [2023-01-11T01:37:39.403+0000] {dag.py:2585} INFO - Sync 1 DAGs
[2023-01-11T01:37:39.493+0000] {logging_mixin.py:120} INFO - [2023-01-11T01:37:39.492+0000] {dag.py:3340} INFO - Setting next_dagrun for example_kubernetes_executor to None, run_after=None
[2023-01-11T01:37:39.582+0000] {processor.py:176} INFO - Processing /home/airflow/.local/lib/python3.7/site-packages/airflow/example_dags/example_kubernetes_executor.py took 0.386 seconds
[2023-01-11T01:38:09.906+0000] {processor.py:154} INFO - Started process (PID=20845) to work on /home/airflow/.local/lib/python3.7/site-packages/airflow/example_dags/example_kubernetes_executor.py
[2023-01-11T01:38:09.907+0000] {processor.py:756} INFO - Processing file /home/airflow/.local/lib/python3.7/site-packages/airflow/example_dags/example_kubernetes_executor.py for tasks to queue
[2023-01-11T01:38:09.909+0000] {logging_mixin.py:120} INFO - [2023-01-11T01:38:09.909+0000] {dagbag.py:537} INFO - Filling up the DagBag from /home/airflow/.local/lib/python3.7/site-packages/airflow/example_dags/example_kubernetes_executor.py
[2023-01-11T01:38:09.963+0000] {processor.py:766} INFO - DAG(s) dict_keys(['example_kubernetes_executor']) retrieved from /home/airflow/.local/lib/python3.7/site-packages/airflow/example_dags/example_kubernetes_executor.py
[2023-01-11T01:38:10.031+0000] {logging_mixin.py:120} INFO - [2023-01-11T01:38:10.030+0000] {dag.py:2585} INFO - Sync 1 DAGs
[2023-01-11T01:38:10.065+0000] {logging_mixin.py:120} INFO - [2023-01-11T01:38:10.064+0000] {dag.py:3340} INFO - Setting next_dagrun for example_kubernetes_executor to None, run_after=None
[2023-01-11T01:38:10.100+0000] {processor.py:176} INFO - Processing /home/airflow/.local/lib/python3.7/site-packages/airflow/example_dags/example_kubernetes_executor.py took 0.199 seconds
[2023-01-11T01:38:40.316+0000] {processor.py:154} INFO - Started process (PID=20913) to work on /home/airflow/.local/lib/python3.7/site-packages/airflow/example_dags/example_kubernetes_executor.py
[2023-01-11T01:38:40.318+0000] {processor.py:756} INFO - Processing file /home/airflow/.local/lib/python3.7/site-packages/airflow/example_dags/example_kubernetes_executor.py for tasks to queue
[2023-01-11T01:38:40.320+0000] {logging_mixin.py:120} INFO - [2023-01-11T01:38:40.320+0000] {dagbag.py:537} INFO - Filling up the DagBag from /home/airflow/.local/lib/python3.7/site-packages/airflow/example_dags/example_kubernetes_executor.py
[2023-01-11T01:38:40.378+0000] {processor.py:766} INFO - DAG(s) dict_keys(['example_kubernetes_executor']) retrieved from /home/airflow/.local/lib/python3.7/site-packages/airflow/example_dags/example_kubernetes_executor.py
[2023-01-11T01:38:40.450+0000] {logging_mixin.py:120} INFO - [2023-01-11T01:38:40.450+0000] {dag.py:2585} INFO - Sync 1 DAGs
[2023-01-11T01:38:40.519+0000] {logging_mixin.py:120} INFO - [2023-01-11T01:38:40.519+0000] {dag.py:3340} INFO - Setting next_dagrun for example_kubernetes_executor to None, run_after=None
[2023-01-11T01:38:40.569+0000] {processor.py:176} INFO - Processing /home/airflow/.local/lib/python3.7/site-packages/airflow/example_dags/example_kubernetes_executor.py took 0.258 seconds
[2023-01-11T01:39:10.769+0000] {processor.py:154} INFO - Started process (PID=20971) to work on /home/airflow/.local/lib/python3.7/site-packages/airflow/example_dags/example_kubernetes_executor.py
[2023-01-11T01:39:10.770+0000] {processor.py:756} INFO - Processing file /home/airflow/.local/lib/python3.7/site-packages/airflow/example_dags/example_kubernetes_executor.py for tasks to queue
[2023-01-11T01:39:10.771+0000] {logging_mixin.py:120} INFO - [2023-01-11T01:39:10.771+0000] {dagbag.py:537} INFO - Filling up the DagBag from /home/airflow/.local/lib/python3.7/site-packages/airflow/example_dags/example_kubernetes_executor.py
[2023-01-11T01:39:10.813+0000] {processor.py:766} INFO - DAG(s) dict_keys(['example_kubernetes_executor']) retrieved from /home/airflow/.local/lib/python3.7/site-packages/airflow/example_dags/example_kubernetes_executor.py
[2023-01-11T01:39:10.871+0000] {logging_mixin.py:120} INFO - [2023-01-11T01:39:10.871+0000] {dag.py:2585} INFO - Sync 1 DAGs
[2023-01-11T01:39:10.898+0000] {logging_mixin.py:120} INFO - [2023-01-11T01:39:10.898+0000] {dag.py:3340} INFO - Setting next_dagrun for example_kubernetes_executor to None, run_after=None
[2023-01-11T01:39:10.919+0000] {processor.py:176} INFO - Processing /home/airflow/.local/lib/python3.7/site-packages/airflow/example_dags/example_kubernetes_executor.py took 0.155 seconds
[2023-01-11T01:39:41.022+0000] {processor.py:154} INFO - Started process (PID=21038) to work on /home/airflow/.local/lib/python3.7/site-packages/airflow/example_dags/example_kubernetes_executor.py
[2023-01-11T01:39:41.023+0000] {processor.py:756} INFO - Processing file /home/airflow/.local/lib/python3.7/site-packages/airflow/example_dags/example_kubernetes_executor.py for tasks to queue
[2023-01-11T01:39:41.024+0000] {logging_mixin.py:120} INFO - [2023-01-11T01:39:41.023+0000] {dagbag.py:537} INFO - Filling up the DagBag from /home/airflow/.local/lib/python3.7/site-packages/airflow/example_dags/example_kubernetes_executor.py
[2023-01-11T01:39:41.059+0000] {processor.py:766} INFO - DAG(s) dict_keys(['example_kubernetes_executor']) retrieved from /home/airflow/.local/lib/python3.7/site-packages/airflow/example_dags/example_kubernetes_executor.py
[2023-01-11T01:39:41.106+0000] {logging_mixin.py:120} INFO - [2023-01-11T01:39:41.105+0000] {dag.py:2585} INFO - Sync 1 DAGs
[2023-01-11T01:39:41.144+0000] {logging_mixin.py:120} INFO - [2023-01-11T01:39:41.144+0000] {dag.py:3340} INFO - Setting next_dagrun for example_kubernetes_executor to None, run_after=None
[2023-01-11T01:39:41.171+0000] {processor.py:176} INFO - Processing /home/airflow/.local/lib/python3.7/site-packages/airflow/example_dags/example_kubernetes_executor.py took 0.153 seconds
[2023-01-11T01:40:11.776+0000] {processor.py:154} INFO - Started process (PID=21096) to work on /home/airflow/.local/lib/python3.7/site-packages/airflow/example_dags/example_kubernetes_executor.py
[2023-01-11T01:40:11.777+0000] {processor.py:756} INFO - Processing file /home/airflow/.local/lib/python3.7/site-packages/airflow/example_dags/example_kubernetes_executor.py for tasks to queue
[2023-01-11T01:40:11.779+0000] {logging_mixin.py:120} INFO - [2023-01-11T01:40:11.779+0000] {dagbag.py:537} INFO - Filling up the DagBag from /home/airflow/.local/lib/python3.7/site-packages/airflow/example_dags/example_kubernetes_executor.py
[2023-01-11T01:40:11.814+0000] {processor.py:766} INFO - DAG(s) dict_keys(['example_kubernetes_executor']) retrieved from /home/airflow/.local/lib/python3.7/site-packages/airflow/example_dags/example_kubernetes_executor.py
[2023-01-11T01:40:11.857+0000] {logging_mixin.py:120} INFO - [2023-01-11T01:40:11.857+0000] {dag.py:2585} INFO - Sync 1 DAGs
[2023-01-11T01:40:11.883+0000] {logging_mixin.py:120} INFO - [2023-01-11T01:40:11.883+0000] {dag.py:3340} INFO - Setting next_dagrun for example_kubernetes_executor to None, run_after=None
[2023-01-11T01:40:11.915+0000] {processor.py:176} INFO - Processing /home/airflow/.local/lib/python3.7/site-packages/airflow/example_dags/example_kubernetes_executor.py took 0.144 seconds
[2023-01-11T01:40:42.198+0000] {processor.py:154} INFO - Started process (PID=21163) to work on /home/airflow/.local/lib/python3.7/site-packages/airflow/example_dags/example_kubernetes_executor.py
[2023-01-11T01:40:42.198+0000] {processor.py:756} INFO - Processing file /home/airflow/.local/lib/python3.7/site-packages/airflow/example_dags/example_kubernetes_executor.py for tasks to queue
[2023-01-11T01:40:42.199+0000] {logging_mixin.py:120} INFO - [2023-01-11T01:40:42.199+0000] {dagbag.py:537} INFO - Filling up the DagBag from /home/airflow/.local/lib/python3.7/site-packages/airflow/example_dags/example_kubernetes_executor.py
[2023-01-11T01:40:42.227+0000] {processor.py:766} INFO - DAG(s) dict_keys(['example_kubernetes_executor']) retrieved from /home/airflow/.local/lib/python3.7/site-packages/airflow/example_dags/example_kubernetes_executor.py
[2023-01-11T01:40:42.270+0000] {logging_mixin.py:120} INFO - [2023-01-11T01:40:42.269+0000] {dag.py:2585} INFO - Sync 1 DAGs
[2023-01-11T01:40:42.293+0000] {logging_mixin.py:120} INFO - [2023-01-11T01:40:42.293+0000] {dag.py:3340} INFO - Setting next_dagrun for example_kubernetes_executor to None, run_after=None
[2023-01-11T01:40:42.331+0000] {processor.py:176} INFO - Processing /home/airflow/.local/lib/python3.7/site-packages/airflow/example_dags/example_kubernetes_executor.py took 0.136 seconds
[2023-01-11T01:41:12.690+0000] {processor.py:154} INFO - Started process (PID=21230) to work on /home/airflow/.local/lib/python3.7/site-packages/airflow/example_dags/example_kubernetes_executor.py
[2023-01-11T01:41:12.691+0000] {processor.py:756} INFO - Processing file /home/airflow/.local/lib/python3.7/site-packages/airflow/example_dags/example_kubernetes_executor.py for tasks to queue
[2023-01-11T01:41:12.692+0000] {logging_mixin.py:120} INFO - [2023-01-11T01:41:12.692+0000] {dagbag.py:537} INFO - Filling up the DagBag from /home/airflow/.local/lib/python3.7/site-packages/airflow/example_dags/example_kubernetes_executor.py
[2023-01-11T01:41:12.721+0000] {processor.py:766} INFO - DAG(s) dict_keys(['example_kubernetes_executor']) retrieved from /home/airflow/.local/lib/python3.7/site-packages/airflow/example_dags/example_kubernetes_executor.py
[2023-01-11T01:41:12.763+0000] {logging_mixin.py:120} INFO - [2023-01-11T01:41:12.763+0000] {dag.py:2585} INFO - Sync 1 DAGs
[2023-01-11T01:41:12.787+0000] {logging_mixin.py:120} INFO - [2023-01-11T01:41:12.786+0000] {dag.py:3340} INFO - Setting next_dagrun for example_kubernetes_executor to None, run_after=None
[2023-01-11T01:41:12.810+0000] {processor.py:176} INFO - Processing /home/airflow/.local/lib/python3.7/site-packages/airflow/example_dags/example_kubernetes_executor.py took 0.123 seconds
[2023-01-11T01:41:43.346+0000] {processor.py:154} INFO - Started process (PID=21288) to work on /home/airflow/.local/lib/python3.7/site-packages/airflow/example_dags/example_kubernetes_executor.py
[2023-01-11T01:41:43.348+0000] {processor.py:756} INFO - Processing file /home/airflow/.local/lib/python3.7/site-packages/airflow/example_dags/example_kubernetes_executor.py for tasks to queue
[2023-01-11T01:41:43.349+0000] {logging_mixin.py:120} INFO - [2023-01-11T01:41:43.349+0000] {dagbag.py:537} INFO - Filling up the DagBag from /home/airflow/.local/lib/python3.7/site-packages/airflow/example_dags/example_kubernetes_executor.py
[2023-01-11T01:41:43.390+0000] {processor.py:766} INFO - DAG(s) dict_keys(['example_kubernetes_executor']) retrieved from /home/airflow/.local/lib/python3.7/site-packages/airflow/example_dags/example_kubernetes_executor.py
[2023-01-11T01:41:43.502+0000] {logging_mixin.py:120} INFO - [2023-01-11T01:41:43.501+0000] {dag.py:2585} INFO - Sync 1 DAGs
[2023-01-11T01:41:43.540+0000] {logging_mixin.py:120} INFO - [2023-01-11T01:41:43.540+0000] {dag.py:3340} INFO - Setting next_dagrun for example_kubernetes_executor to None, run_after=None
[2023-01-11T01:41:43.561+0000] {processor.py:176} INFO - Processing /home/airflow/.local/lib/python3.7/site-packages/airflow/example_dags/example_kubernetes_executor.py took 0.222 seconds
[2023-01-11T01:42:13.856+0000] {processor.py:154} INFO - Started process (PID=21356) to work on /home/airflow/.local/lib/python3.7/site-packages/airflow/example_dags/example_kubernetes_executor.py
[2023-01-11T01:42:13.857+0000] {processor.py:756} INFO - Processing file /home/airflow/.local/lib/python3.7/site-packages/airflow/example_dags/example_kubernetes_executor.py for tasks to queue
[2023-01-11T01:42:13.858+0000] {logging_mixin.py:120} INFO - [2023-01-11T01:42:13.857+0000] {dagbag.py:537} INFO - Filling up the DagBag from /home/airflow/.local/lib/python3.7/site-packages/airflow/example_dags/example_kubernetes_executor.py
[2023-01-11T01:42:13.886+0000] {processor.py:766} INFO - DAG(s) dict_keys(['example_kubernetes_executor']) retrieved from /home/airflow/.local/lib/python3.7/site-packages/airflow/example_dags/example_kubernetes_executor.py
[2023-01-11T01:42:13.928+0000] {logging_mixin.py:120} INFO - [2023-01-11T01:42:13.928+0000] {dag.py:2585} INFO - Sync 1 DAGs
[2023-01-11T01:42:13.955+0000] {logging_mixin.py:120} INFO - [2023-01-11T01:42:13.955+0000] {dag.py:3340} INFO - Setting next_dagrun for example_kubernetes_executor to None, run_after=None
[2023-01-11T01:42:13.992+0000] {processor.py:176} INFO - Processing /home/airflow/.local/lib/python3.7/site-packages/airflow/example_dags/example_kubernetes_executor.py took 0.139 seconds
[2023-01-11T01:42:44.705+0000] {processor.py:154} INFO - Started process (PID=21423) to work on /home/airflow/.local/lib/python3.7/site-packages/airflow/example_dags/example_kubernetes_executor.py
[2023-01-11T01:42:44.706+0000] {processor.py:756} INFO - Processing file /home/airflow/.local/lib/python3.7/site-packages/airflow/example_dags/example_kubernetes_executor.py for tasks to queue
[2023-01-11T01:42:44.708+0000] {logging_mixin.py:120} INFO - [2023-01-11T01:42:44.707+0000] {dagbag.py:537} INFO - Filling up the DagBag from /home/airflow/.local/lib/python3.7/site-packages/airflow/example_dags/example_kubernetes_executor.py
[2023-01-11T01:42:44.741+0000] {processor.py:766} INFO - DAG(s) dict_keys(['example_kubernetes_executor']) retrieved from /home/airflow/.local/lib/python3.7/site-packages/airflow/example_dags/example_kubernetes_executor.py
[2023-01-11T01:42:44.797+0000] {logging_mixin.py:120} INFO - [2023-01-11T01:42:44.796+0000] {dag.py:2585} INFO - Sync 1 DAGs
[2023-01-11T01:42:44.835+0000] {logging_mixin.py:120} INFO - [2023-01-11T01:42:44.835+0000] {dag.py:3340} INFO - Setting next_dagrun for example_kubernetes_executor to None, run_after=None
[2023-01-11T01:42:44.864+0000] {processor.py:176} INFO - Processing /home/airflow/.local/lib/python3.7/site-packages/airflow/example_dags/example_kubernetes_executor.py took 0.164 seconds
[2023-01-11T01:43:15.737+0000] {processor.py:154} INFO - Started process (PID=21481) to work on /home/airflow/.local/lib/python3.7/site-packages/airflow/example_dags/example_kubernetes_executor.py
[2023-01-11T01:43:15.738+0000] {processor.py:756} INFO - Processing file /home/airflow/.local/lib/python3.7/site-packages/airflow/example_dags/example_kubernetes_executor.py for tasks to queue
[2023-01-11T01:43:15.738+0000] {logging_mixin.py:120} INFO - [2023-01-11T01:43:15.738+0000] {dagbag.py:537} INFO - Filling up the DagBag from /home/airflow/.local/lib/python3.7/site-packages/airflow/example_dags/example_kubernetes_executor.py
[2023-01-11T01:43:15.766+0000] {processor.py:766} INFO - DAG(s) dict_keys(['example_kubernetes_executor']) retrieved from /home/airflow/.local/lib/python3.7/site-packages/airflow/example_dags/example_kubernetes_executor.py
[2023-01-11T01:43:15.814+0000] {logging_mixin.py:120} INFO - [2023-01-11T01:43:15.814+0000] {dag.py:2585} INFO - Sync 1 DAGs
[2023-01-11T01:43:15.840+0000] {logging_mixin.py:120} INFO - [2023-01-11T01:43:15.840+0000] {dag.py:3340} INFO - Setting next_dagrun for example_kubernetes_executor to None, run_after=None
[2023-01-11T01:43:15.867+0000] {processor.py:176} INFO - Processing /home/airflow/.local/lib/python3.7/site-packages/airflow/example_dags/example_kubernetes_executor.py took 0.133 seconds
[2023-01-11T01:43:46.609+0000] {processor.py:154} INFO - Started process (PID=21548) to work on /home/airflow/.local/lib/python3.7/site-packages/airflow/example_dags/example_kubernetes_executor.py
[2023-01-11T01:43:46.610+0000] {processor.py:756} INFO - Processing file /home/airflow/.local/lib/python3.7/site-packages/airflow/example_dags/example_kubernetes_executor.py for tasks to queue
[2023-01-11T01:43:46.610+0000] {logging_mixin.py:120} INFO - [2023-01-11T01:43:46.610+0000] {dagbag.py:537} INFO - Filling up the DagBag from /home/airflow/.local/lib/python3.7/site-packages/airflow/example_dags/example_kubernetes_executor.py
[2023-01-11T01:43:46.640+0000] {processor.py:766} INFO - DAG(s) dict_keys(['example_kubernetes_executor']) retrieved from /home/airflow/.local/lib/python3.7/site-packages/airflow/example_dags/example_kubernetes_executor.py
[2023-01-11T01:43:46.701+0000] {logging_mixin.py:120} INFO - [2023-01-11T01:43:46.700+0000] {dag.py:2585} INFO - Sync 1 DAGs
[2023-01-11T01:43:46.736+0000] {logging_mixin.py:120} INFO - [2023-01-11T01:43:46.736+0000] {dag.py:3340} INFO - Setting next_dagrun for example_kubernetes_executor to None, run_after=None
[2023-01-11T01:43:46.765+0000] {processor.py:176} INFO - Processing /home/airflow/.local/lib/python3.7/site-packages/airflow/example_dags/example_kubernetes_executor.py took 0.160 seconds
[2023-01-11T01:44:17.005+0000] {processor.py:154} INFO - Started process (PID=21615) to work on /home/airflow/.local/lib/python3.7/site-packages/airflow/example_dags/example_kubernetes_executor.py
[2023-01-11T01:44:17.005+0000] {processor.py:756} INFO - Processing file /home/airflow/.local/lib/python3.7/site-packages/airflow/example_dags/example_kubernetes_executor.py for tasks to queue
[2023-01-11T01:44:17.007+0000] {logging_mixin.py:120} INFO - [2023-01-11T01:44:17.006+0000] {dagbag.py:537} INFO - Filling up the DagBag from /home/airflow/.local/lib/python3.7/site-packages/airflow/example_dags/example_kubernetes_executor.py
[2023-01-11T01:44:17.045+0000] {processor.py:766} INFO - DAG(s) dict_keys(['example_kubernetes_executor']) retrieved from /home/airflow/.local/lib/python3.7/site-packages/airflow/example_dags/example_kubernetes_executor.py
[2023-01-11T01:44:17.101+0000] {logging_mixin.py:120} INFO - [2023-01-11T01:44:17.101+0000] {dag.py:2585} INFO - Sync 1 DAGs
[2023-01-11T01:44:17.137+0000] {logging_mixin.py:120} INFO - [2023-01-11T01:44:17.137+0000] {dag.py:3340} INFO - Setting next_dagrun for example_kubernetes_executor to None, run_after=None
[2023-01-11T01:44:17.171+0000] {processor.py:176} INFO - Processing /home/airflow/.local/lib/python3.7/site-packages/airflow/example_dags/example_kubernetes_executor.py took 0.171 seconds
[2023-01-11T01:44:47.295+0000] {processor.py:154} INFO - Started process (PID=21673) to work on /home/airflow/.local/lib/python3.7/site-packages/airflow/example_dags/example_kubernetes_executor.py
[2023-01-11T01:44:47.297+0000] {processor.py:756} INFO - Processing file /home/airflow/.local/lib/python3.7/site-packages/airflow/example_dags/example_kubernetes_executor.py for tasks to queue
[2023-01-11T01:44:47.298+0000] {logging_mixin.py:120} INFO - [2023-01-11T01:44:47.298+0000] {dagbag.py:537} INFO - Filling up the DagBag from /home/airflow/.local/lib/python3.7/site-packages/airflow/example_dags/example_kubernetes_executor.py
[2023-01-11T01:44:47.331+0000] {processor.py:766} INFO - DAG(s) dict_keys(['example_kubernetes_executor']) retrieved from /home/airflow/.local/lib/python3.7/site-packages/airflow/example_dags/example_kubernetes_executor.py
[2023-01-11T01:44:47.374+0000] {logging_mixin.py:120} INFO - [2023-01-11T01:44:47.374+0000] {dag.py:2585} INFO - Sync 1 DAGs
[2023-01-11T01:44:47.399+0000] {logging_mixin.py:120} INFO - [2023-01-11T01:44:47.399+0000] {dag.py:3340} INFO - Setting next_dagrun for example_kubernetes_executor to None, run_after=None
[2023-01-11T01:44:47.420+0000] {processor.py:176} INFO - Processing /home/airflow/.local/lib/python3.7/site-packages/airflow/example_dags/example_kubernetes_executor.py took 0.129 seconds
[2023-01-11T01:45:17.883+0000] {processor.py:154} INFO - Started process (PID=21740) to work on /home/airflow/.local/lib/python3.7/site-packages/airflow/example_dags/example_kubernetes_executor.py
[2023-01-11T01:45:17.883+0000] {processor.py:756} INFO - Processing file /home/airflow/.local/lib/python3.7/site-packages/airflow/example_dags/example_kubernetes_executor.py for tasks to queue
[2023-01-11T01:45:17.884+0000] {logging_mixin.py:120} INFO - [2023-01-11T01:45:17.884+0000] {dagbag.py:537} INFO - Filling up the DagBag from /home/airflow/.local/lib/python3.7/site-packages/airflow/example_dags/example_kubernetes_executor.py
[2023-01-11T01:45:17.917+0000] {processor.py:766} INFO - DAG(s) dict_keys(['example_kubernetes_executor']) retrieved from /home/airflow/.local/lib/python3.7/site-packages/airflow/example_dags/example_kubernetes_executor.py
[2023-01-11T01:45:17.957+0000] {logging_mixin.py:120} INFO - [2023-01-11T01:45:17.957+0000] {dag.py:2585} INFO - Sync 1 DAGs
[2023-01-11T01:45:17.978+0000] {logging_mixin.py:120} INFO - [2023-01-11T01:45:17.978+0000] {dag.py:3340} INFO - Setting next_dagrun for example_kubernetes_executor to None, run_after=None
[2023-01-11T01:45:17.997+0000] {processor.py:176} INFO - Processing /home/airflow/.local/lib/python3.7/site-packages/airflow/example_dags/example_kubernetes_executor.py took 0.117 seconds
[2023-01-11T01:45:48.604+0000] {processor.py:154} INFO - Started process (PID=21807) to work on /home/airflow/.local/lib/python3.7/site-packages/airflow/example_dags/example_kubernetes_executor.py
[2023-01-11T01:45:48.606+0000] {processor.py:756} INFO - Processing file /home/airflow/.local/lib/python3.7/site-packages/airflow/example_dags/example_kubernetes_executor.py for tasks to queue
[2023-01-11T01:45:48.607+0000] {logging_mixin.py:120} INFO - [2023-01-11T01:45:48.607+0000] {dagbag.py:537} INFO - Filling up the DagBag from /home/airflow/.local/lib/python3.7/site-packages/airflow/example_dags/example_kubernetes_executor.py
[2023-01-11T01:45:48.649+0000] {processor.py:766} INFO - DAG(s) dict_keys(['example_kubernetes_executor']) retrieved from /home/airflow/.local/lib/python3.7/site-packages/airflow/example_dags/example_kubernetes_executor.py
[2023-01-11T01:45:48.712+0000] {logging_mixin.py:120} INFO - [2023-01-11T01:45:48.711+0000] {dag.py:2585} INFO - Sync 1 DAGs
[2023-01-11T01:45:48.762+0000] {logging_mixin.py:120} INFO - [2023-01-11T01:45:48.761+0000] {dag.py:3340} INFO - Setting next_dagrun for example_kubernetes_executor to None, run_after=None
[2023-01-11T01:45:48.800+0000] {processor.py:176} INFO - Processing /home/airflow/.local/lib/python3.7/site-packages/airflow/example_dags/example_kubernetes_executor.py took 0.201 seconds
[2023-01-11T01:46:19.626+0000] {processor.py:154} INFO - Started process (PID=21866) to work on /home/airflow/.local/lib/python3.7/site-packages/airflow/example_dags/example_kubernetes_executor.py
[2023-01-11T01:46:19.627+0000] {processor.py:756} INFO - Processing file /home/airflow/.local/lib/python3.7/site-packages/airflow/example_dags/example_kubernetes_executor.py for tasks to queue
[2023-01-11T01:46:19.628+0000] {logging_mixin.py:120} INFO - [2023-01-11T01:46:19.628+0000] {dagbag.py:537} INFO - Filling up the DagBag from /home/airflow/.local/lib/python3.7/site-packages/airflow/example_dags/example_kubernetes_executor.py
[2023-01-11T01:46:19.657+0000] {processor.py:766} INFO - DAG(s) dict_keys(['example_kubernetes_executor']) retrieved from /home/airflow/.local/lib/python3.7/site-packages/airflow/example_dags/example_kubernetes_executor.py
[2023-01-11T01:46:19.705+0000] {logging_mixin.py:120} INFO - [2023-01-11T01:46:19.705+0000] {dag.py:2585} INFO - Sync 1 DAGs
[2023-01-11T01:46:19.730+0000] {logging_mixin.py:120} INFO - [2023-01-11T01:46:19.730+0000] {dag.py:3340} INFO - Setting next_dagrun for example_kubernetes_executor to None, run_after=None
[2023-01-11T01:46:19.755+0000] {processor.py:176} INFO - Processing /home/airflow/.local/lib/python3.7/site-packages/airflow/example_dags/example_kubernetes_executor.py took 0.132 seconds
