[2023-01-11T01:09:39.792+0000] {processor.py:154} INFO - Started process (PID=17351) to work on /home/airflow/.local/lib/python3.7/site-packages/airflow/example_dags/example_bash_operator.py
[2023-01-11T01:09:39.793+0000] {processor.py:756} INFO - Processing file /home/airflow/.local/lib/python3.7/site-packages/airflow/example_dags/example_bash_operator.py for tasks to queue
[2023-01-11T01:09:39.796+0000] {logging_mixin.py:120} INFO - [2023-01-11T01:09:39.795+0000] {dagbag.py:537} INFO - Filling up the DagBag from /home/airflow/.local/lib/python3.7/site-packages/airflow/example_dags/example_bash_operator.py
[2023-01-11T01:09:39.902+0000] {processor.py:766} INFO - DAG(s) dict_keys(['example_bash_operator']) retrieved from /home/airflow/.local/lib/python3.7/site-packages/airflow/example_dags/example_bash_operator.py
[2023-01-11T01:09:40.156+0000] {logging_mixin.py:120} INFO - [2023-01-11T01:09:40.156+0000] {dag.py:2585} INFO - Sync 1 DAGs
[2023-01-11T01:09:40.305+0000] {logging_mixin.py:120} INFO - [2023-01-11T01:09:40.304+0000] {dag.py:3340} INFO - Setting next_dagrun for example_bash_operator to 2023-01-10T00:00:00+00:00, run_after=2023-01-11T00:00:00+00:00
[2023-01-11T01:09:40.401+0000] {processor.py:176} INFO - Processing /home/airflow/.local/lib/python3.7/site-packages/airflow/example_dags/example_bash_operator.py took 0.618 seconds
[2023-01-11T01:10:11.145+0000] {processor.py:154} INFO - Started process (PID=17411) to work on /home/airflow/.local/lib/python3.7/site-packages/airflow/example_dags/example_bash_operator.py
[2023-01-11T01:10:11.147+0000] {processor.py:756} INFO - Processing file /home/airflow/.local/lib/python3.7/site-packages/airflow/example_dags/example_bash_operator.py for tasks to queue
[2023-01-11T01:10:11.148+0000] {logging_mixin.py:120} INFO - [2023-01-11T01:10:11.148+0000] {dagbag.py:537} INFO - Filling up the DagBag from /home/airflow/.local/lib/python3.7/site-packages/airflow/example_dags/example_bash_operator.py
[2023-01-11T01:10:11.171+0000] {processor.py:766} INFO - DAG(s) dict_keys(['example_bash_operator']) retrieved from /home/airflow/.local/lib/python3.7/site-packages/airflow/example_dags/example_bash_operator.py
[2023-01-11T01:10:11.226+0000] {logging_mixin.py:120} INFO - [2023-01-11T01:10:11.225+0000] {dag.py:2585} INFO - Sync 1 DAGs
[2023-01-11T01:10:11.272+0000] {logging_mixin.py:120} INFO - [2023-01-11T01:10:11.271+0000] {dag.py:3340} INFO - Setting next_dagrun for example_bash_operator to 2023-01-10T00:00:00+00:00, run_after=2023-01-11T00:00:00+00:00
[2023-01-11T01:10:11.369+0000] {processor.py:176} INFO - Processing /home/airflow/.local/lib/python3.7/site-packages/airflow/example_dags/example_bash_operator.py took 0.228 seconds
[2023-01-11T01:10:41.645+0000] {processor.py:154} INFO - Started process (PID=17469) to work on /home/airflow/.local/lib/python3.7/site-packages/airflow/example_dags/example_bash_operator.py
[2023-01-11T01:10:41.647+0000] {processor.py:756} INFO - Processing file /home/airflow/.local/lib/python3.7/site-packages/airflow/example_dags/example_bash_operator.py for tasks to queue
[2023-01-11T01:10:41.651+0000] {logging_mixin.py:120} INFO - [2023-01-11T01:10:41.650+0000] {dagbag.py:537} INFO - Filling up the DagBag from /home/airflow/.local/lib/python3.7/site-packages/airflow/example_dags/example_bash_operator.py
[2023-01-11T01:10:41.737+0000] {processor.py:766} INFO - DAG(s) dict_keys(['example_bash_operator']) retrieved from /home/airflow/.local/lib/python3.7/site-packages/airflow/example_dags/example_bash_operator.py
[2023-01-11T01:10:41.856+0000] {logging_mixin.py:120} INFO - [2023-01-11T01:10:41.855+0000] {dag.py:2585} INFO - Sync 1 DAGs
[2023-01-11T01:10:41.908+0000] {logging_mixin.py:120} INFO - [2023-01-11T01:10:41.907+0000] {dag.py:3340} INFO - Setting next_dagrun for example_bash_operator to 2023-01-10T00:00:00+00:00, run_after=2023-01-11T00:00:00+00:00
[2023-01-11T01:10:41.953+0000] {processor.py:176} INFO - Processing /home/airflow/.local/lib/python3.7/site-packages/airflow/example_dags/example_bash_operator.py took 0.317 seconds
[2023-01-11T01:11:12.527+0000] {processor.py:154} INFO - Started process (PID=17536) to work on /home/airflow/.local/lib/python3.7/site-packages/airflow/example_dags/example_bash_operator.py
[2023-01-11T01:11:12.530+0000] {processor.py:756} INFO - Processing file /home/airflow/.local/lib/python3.7/site-packages/airflow/example_dags/example_bash_operator.py for tasks to queue
[2023-01-11T01:11:12.533+0000] {logging_mixin.py:120} INFO - [2023-01-11T01:11:12.533+0000] {dagbag.py:537} INFO - Filling up the DagBag from /home/airflow/.local/lib/python3.7/site-packages/airflow/example_dags/example_bash_operator.py
[2023-01-11T01:11:12.598+0000] {processor.py:766} INFO - DAG(s) dict_keys(['example_bash_operator']) retrieved from /home/airflow/.local/lib/python3.7/site-packages/airflow/example_dags/example_bash_operator.py
[2023-01-11T01:11:12.712+0000] {logging_mixin.py:120} INFO - [2023-01-11T01:11:12.711+0000] {dag.py:2585} INFO - Sync 1 DAGs
[2023-01-11T01:11:12.762+0000] {logging_mixin.py:120} INFO - [2023-01-11T01:11:12.762+0000] {dag.py:3340} INFO - Setting next_dagrun for example_bash_operator to 2023-01-10T00:00:00+00:00, run_after=2023-01-11T00:00:00+00:00
[2023-01-11T01:11:12.802+0000] {processor.py:176} INFO - Processing /home/airflow/.local/lib/python3.7/site-packages/airflow/example_dags/example_bash_operator.py took 0.285 seconds
[2023-01-11T01:11:43.983+0000] {processor.py:154} INFO - Started process (PID=17594) to work on /home/airflow/.local/lib/python3.7/site-packages/airflow/example_dags/example_bash_operator.py
[2023-01-11T01:11:43.985+0000] {processor.py:756} INFO - Processing file /home/airflow/.local/lib/python3.7/site-packages/airflow/example_dags/example_bash_operator.py for tasks to queue
[2023-01-11T01:11:43.988+0000] {logging_mixin.py:120} INFO - [2023-01-11T01:11:43.988+0000] {dagbag.py:537} INFO - Filling up the DagBag from /home/airflow/.local/lib/python3.7/site-packages/airflow/example_dags/example_bash_operator.py
[2023-01-11T01:11:44.038+0000] {processor.py:766} INFO - DAG(s) dict_keys(['example_bash_operator']) retrieved from /home/airflow/.local/lib/python3.7/site-packages/airflow/example_dags/example_bash_operator.py
[2023-01-11T01:11:44.126+0000] {logging_mixin.py:120} INFO - [2023-01-11T01:11:44.125+0000] {dag.py:2585} INFO - Sync 1 DAGs
[2023-01-11T01:11:44.178+0000] {logging_mixin.py:120} INFO - [2023-01-11T01:11:44.178+0000] {dag.py:3340} INFO - Setting next_dagrun for example_bash_operator to 2023-01-10T00:00:00+00:00, run_after=2023-01-11T00:00:00+00:00
[2023-01-11T01:11:44.214+0000] {processor.py:176} INFO - Processing /home/airflow/.local/lib/python3.7/site-packages/airflow/example_dags/example_bash_operator.py took 0.241 seconds
[2023-01-11T01:12:14.557+0000] {processor.py:154} INFO - Started process (PID=17661) to work on /home/airflow/.local/lib/python3.7/site-packages/airflow/example_dags/example_bash_operator.py
[2023-01-11T01:12:14.559+0000] {processor.py:756} INFO - Processing file /home/airflow/.local/lib/python3.7/site-packages/airflow/example_dags/example_bash_operator.py for tasks to queue
[2023-01-11T01:12:14.562+0000] {logging_mixin.py:120} INFO - [2023-01-11T01:12:14.562+0000] {dagbag.py:537} INFO - Filling up the DagBag from /home/airflow/.local/lib/python3.7/site-packages/airflow/example_dags/example_bash_operator.py
[2023-01-11T01:12:14.608+0000] {processor.py:766} INFO - DAG(s) dict_keys(['example_bash_operator']) retrieved from /home/airflow/.local/lib/python3.7/site-packages/airflow/example_dags/example_bash_operator.py
[2023-01-11T01:12:14.706+0000] {logging_mixin.py:120} INFO - [2023-01-11T01:12:14.705+0000] {dag.py:2585} INFO - Sync 1 DAGs
[2023-01-11T01:12:14.770+0000] {logging_mixin.py:120} INFO - [2023-01-11T01:12:14.769+0000] {dag.py:3340} INFO - Setting next_dagrun for example_bash_operator to 2023-01-10T00:00:00+00:00, run_after=2023-01-11T00:00:00+00:00
[2023-01-11T01:12:14.819+0000] {processor.py:176} INFO - Processing /home/airflow/.local/lib/python3.7/site-packages/airflow/example_dags/example_bash_operator.py took 0.266 seconds
[2023-01-11T01:12:45.941+0000] {processor.py:154} INFO - Started process (PID=17728) to work on /home/airflow/.local/lib/python3.7/site-packages/airflow/example_dags/example_bash_operator.py
[2023-01-11T01:12:45.942+0000] {processor.py:756} INFO - Processing file /home/airflow/.local/lib/python3.7/site-packages/airflow/example_dags/example_bash_operator.py for tasks to queue
[2023-01-11T01:12:45.943+0000] {logging_mixin.py:120} INFO - [2023-01-11T01:12:45.943+0000] {dagbag.py:537} INFO - Filling up the DagBag from /home/airflow/.local/lib/python3.7/site-packages/airflow/example_dags/example_bash_operator.py
[2023-01-11T01:12:45.977+0000] {processor.py:766} INFO - DAG(s) dict_keys(['example_bash_operator']) retrieved from /home/airflow/.local/lib/python3.7/site-packages/airflow/example_dags/example_bash_operator.py
[2023-01-11T01:12:46.050+0000] {logging_mixin.py:120} INFO - [2023-01-11T01:12:46.050+0000] {dag.py:2585} INFO - Sync 1 DAGs
[2023-01-11T01:12:46.090+0000] {logging_mixin.py:120} INFO - [2023-01-11T01:12:46.090+0000] {dag.py:3340} INFO - Setting next_dagrun for example_bash_operator to 2023-01-10T00:00:00+00:00, run_after=2023-01-11T00:00:00+00:00
[2023-01-11T01:12:46.123+0000] {processor.py:176} INFO - Processing /home/airflow/.local/lib/python3.7/site-packages/airflow/example_dags/example_bash_operator.py took 0.187 seconds
[2023-01-11T01:13:16.662+0000] {processor.py:154} INFO - Started process (PID=17786) to work on /home/airflow/.local/lib/python3.7/site-packages/airflow/example_dags/example_bash_operator.py
[2023-01-11T01:13:16.662+0000] {processor.py:756} INFO - Processing file /home/airflow/.local/lib/python3.7/site-packages/airflow/example_dags/example_bash_operator.py for tasks to queue
[2023-01-11T01:13:16.663+0000] {logging_mixin.py:120} INFO - [2023-01-11T01:13:16.663+0000] {dagbag.py:537} INFO - Filling up the DagBag from /home/airflow/.local/lib/python3.7/site-packages/airflow/example_dags/example_bash_operator.py
[2023-01-11T01:13:16.688+0000] {processor.py:766} INFO - DAG(s) dict_keys(['example_bash_operator']) retrieved from /home/airflow/.local/lib/python3.7/site-packages/airflow/example_dags/example_bash_operator.py
[2023-01-11T01:13:16.776+0000] {logging_mixin.py:120} INFO - [2023-01-11T01:13:16.776+0000] {dag.py:2585} INFO - Sync 1 DAGs
[2023-01-11T01:13:16.821+0000] {logging_mixin.py:120} INFO - [2023-01-11T01:13:16.821+0000] {dag.py:3340} INFO - Setting next_dagrun for example_bash_operator to 2023-01-10T00:00:00+00:00, run_after=2023-01-11T00:00:00+00:00
[2023-01-11T01:13:16.858+0000] {processor.py:176} INFO - Processing /home/airflow/.local/lib/python3.7/site-packages/airflow/example_dags/example_bash_operator.py took 0.201 seconds
[2023-01-11T01:13:47.625+0000] {processor.py:154} INFO - Started process (PID=17853) to work on /home/airflow/.local/lib/python3.7/site-packages/airflow/example_dags/example_bash_operator.py
[2023-01-11T01:13:47.626+0000] {processor.py:756} INFO - Processing file /home/airflow/.local/lib/python3.7/site-packages/airflow/example_dags/example_bash_operator.py for tasks to queue
[2023-01-11T01:13:47.627+0000] {logging_mixin.py:120} INFO - [2023-01-11T01:13:47.627+0000] {dagbag.py:537} INFO - Filling up the DagBag from /home/airflow/.local/lib/python3.7/site-packages/airflow/example_dags/example_bash_operator.py
[2023-01-11T01:13:47.648+0000] {processor.py:766} INFO - DAG(s) dict_keys(['example_bash_operator']) retrieved from /home/airflow/.local/lib/python3.7/site-packages/airflow/example_dags/example_bash_operator.py
[2023-01-11T01:13:47.693+0000] {logging_mixin.py:120} INFO - [2023-01-11T01:13:47.693+0000] {dag.py:2585} INFO - Sync 1 DAGs
[2023-01-11T01:13:47.720+0000] {logging_mixin.py:120} INFO - [2023-01-11T01:13:47.720+0000] {dag.py:3340} INFO - Setting next_dagrun for example_bash_operator to 2023-01-10T00:00:00+00:00, run_after=2023-01-11T00:00:00+00:00
[2023-01-11T01:13:47.741+0000] {processor.py:176} INFO - Processing /home/airflow/.local/lib/python3.7/site-packages/airflow/example_dags/example_bash_operator.py took 0.120 seconds
[2023-01-11T01:14:18.422+0000] {processor.py:154} INFO - Started process (PID=17921) to work on /home/airflow/.local/lib/python3.7/site-packages/airflow/example_dags/example_bash_operator.py
[2023-01-11T01:14:18.424+0000] {processor.py:756} INFO - Processing file /home/airflow/.local/lib/python3.7/site-packages/airflow/example_dags/example_bash_operator.py for tasks to queue
[2023-01-11T01:14:18.426+0000] {logging_mixin.py:120} INFO - [2023-01-11T01:14:18.425+0000] {dagbag.py:537} INFO - Filling up the DagBag from /home/airflow/.local/lib/python3.7/site-packages/airflow/example_dags/example_bash_operator.py
[2023-01-11T01:14:18.462+0000] {processor.py:766} INFO - DAG(s) dict_keys(['example_bash_operator']) retrieved from /home/airflow/.local/lib/python3.7/site-packages/airflow/example_dags/example_bash_operator.py
[2023-01-11T01:14:18.542+0000] {logging_mixin.py:120} INFO - [2023-01-11T01:14:18.542+0000] {dag.py:2585} INFO - Sync 1 DAGs
[2023-01-11T01:14:18.588+0000] {logging_mixin.py:120} INFO - [2023-01-11T01:14:18.588+0000] {dag.py:3340} INFO - Setting next_dagrun for example_bash_operator to 2023-01-10T00:00:00+00:00, run_after=2023-01-11T00:00:00+00:00
[2023-01-11T01:14:18.633+0000] {processor.py:176} INFO - Processing /home/airflow/.local/lib/python3.7/site-packages/airflow/example_dags/example_bash_operator.py took 0.216 seconds
[2023-01-11T01:14:48.899+0000] {processor.py:154} INFO - Started process (PID=17977) to work on /home/airflow/.local/lib/python3.7/site-packages/airflow/example_dags/example_bash_operator.py
[2023-01-11T01:14:48.900+0000] {processor.py:756} INFO - Processing file /home/airflow/.local/lib/python3.7/site-packages/airflow/example_dags/example_bash_operator.py for tasks to queue
[2023-01-11T01:14:48.902+0000] {logging_mixin.py:120} INFO - [2023-01-11T01:14:48.902+0000] {dagbag.py:537} INFO - Filling up the DagBag from /home/airflow/.local/lib/python3.7/site-packages/airflow/example_dags/example_bash_operator.py
[2023-01-11T01:14:48.937+0000] {processor.py:766} INFO - DAG(s) dict_keys(['example_bash_operator']) retrieved from /home/airflow/.local/lib/python3.7/site-packages/airflow/example_dags/example_bash_operator.py
[2023-01-11T01:14:49.030+0000] {logging_mixin.py:120} INFO - [2023-01-11T01:14:49.030+0000] {dag.py:2585} INFO - Sync 1 DAGs
[2023-01-11T01:14:49.076+0000] {logging_mixin.py:120} INFO - [2023-01-11T01:14:49.075+0000] {dag.py:3340} INFO - Setting next_dagrun for example_bash_operator to 2023-01-10T00:00:00+00:00, run_after=2023-01-11T00:00:00+00:00
[2023-01-11T01:14:49.108+0000] {processor.py:176} INFO - Processing /home/airflow/.local/lib/python3.7/site-packages/airflow/example_dags/example_bash_operator.py took 0.216 seconds
[2023-01-11T01:15:19.475+0000] {processor.py:154} INFO - Started process (PID=18044) to work on /home/airflow/.local/lib/python3.7/site-packages/airflow/example_dags/example_bash_operator.py
[2023-01-11T01:15:19.477+0000] {processor.py:756} INFO - Processing file /home/airflow/.local/lib/python3.7/site-packages/airflow/example_dags/example_bash_operator.py for tasks to queue
[2023-01-11T01:15:19.479+0000] {logging_mixin.py:120} INFO - [2023-01-11T01:15:19.478+0000] {dagbag.py:537} INFO - Filling up the DagBag from /home/airflow/.local/lib/python3.7/site-packages/airflow/example_dags/example_bash_operator.py
[2023-01-11T01:15:19.513+0000] {processor.py:766} INFO - DAG(s) dict_keys(['example_bash_operator']) retrieved from /home/airflow/.local/lib/python3.7/site-packages/airflow/example_dags/example_bash_operator.py
[2023-01-11T01:15:19.600+0000] {logging_mixin.py:120} INFO - [2023-01-11T01:15:19.600+0000] {dag.py:2585} INFO - Sync 1 DAGs
[2023-01-11T01:15:19.637+0000] {logging_mixin.py:120} INFO - [2023-01-11T01:15:19.636+0000] {dag.py:3340} INFO - Setting next_dagrun for example_bash_operator to 2023-01-10T00:00:00+00:00, run_after=2023-01-11T00:00:00+00:00
[2023-01-11T01:15:19.674+0000] {processor.py:176} INFO - Processing /home/airflow/.local/lib/python3.7/site-packages/airflow/example_dags/example_bash_operator.py took 0.205 seconds
[2023-01-11T01:15:49.909+0000] {processor.py:154} INFO - Started process (PID=18101) to work on /home/airflow/.local/lib/python3.7/site-packages/airflow/example_dags/example_bash_operator.py
[2023-01-11T01:15:49.910+0000] {processor.py:756} INFO - Processing file /home/airflow/.local/lib/python3.7/site-packages/airflow/example_dags/example_bash_operator.py for tasks to queue
[2023-01-11T01:15:49.911+0000] {logging_mixin.py:120} INFO - [2023-01-11T01:15:49.911+0000] {dagbag.py:537} INFO - Filling up the DagBag from /home/airflow/.local/lib/python3.7/site-packages/airflow/example_dags/example_bash_operator.py
[2023-01-11T01:15:49.940+0000] {processor.py:766} INFO - DAG(s) dict_keys(['example_bash_operator']) retrieved from /home/airflow/.local/lib/python3.7/site-packages/airflow/example_dags/example_bash_operator.py
[2023-01-11T01:15:50.002+0000] {logging_mixin.py:120} INFO - [2023-01-11T01:15:50.002+0000] {dag.py:2585} INFO - Sync 1 DAGs
[2023-01-11T01:15:50.032+0000] {logging_mixin.py:120} INFO - [2023-01-11T01:15:50.032+0000] {dag.py:3340} INFO - Setting next_dagrun for example_bash_operator to 2023-01-10T00:00:00+00:00, run_after=2023-01-11T00:00:00+00:00
[2023-01-11T01:15:50.068+0000] {processor.py:176} INFO - Processing /home/airflow/.local/lib/python3.7/site-packages/airflow/example_dags/example_bash_operator.py took 0.163 seconds
[2023-01-11T01:16:20.923+0000] {processor.py:154} INFO - Started process (PID=18170) to work on /home/airflow/.local/lib/python3.7/site-packages/airflow/example_dags/example_bash_operator.py
[2023-01-11T01:16:20.924+0000] {processor.py:756} INFO - Processing file /home/airflow/.local/lib/python3.7/site-packages/airflow/example_dags/example_bash_operator.py for tasks to queue
[2023-01-11T01:16:20.926+0000] {logging_mixin.py:120} INFO - [2023-01-11T01:16:20.926+0000] {dagbag.py:537} INFO - Filling up the DagBag from /home/airflow/.local/lib/python3.7/site-packages/airflow/example_dags/example_bash_operator.py
[2023-01-11T01:16:20.963+0000] {processor.py:766} INFO - DAG(s) dict_keys(['example_bash_operator']) retrieved from /home/airflow/.local/lib/python3.7/site-packages/airflow/example_dags/example_bash_operator.py
[2023-01-11T01:16:21.029+0000] {logging_mixin.py:120} INFO - [2023-01-11T01:16:21.029+0000] {dag.py:2585} INFO - Sync 1 DAGs
[2023-01-11T01:16:21.064+0000] {logging_mixin.py:120} INFO - [2023-01-11T01:16:21.063+0000] {dag.py:3340} INFO - Setting next_dagrun for example_bash_operator to 2023-01-10T00:00:00+00:00, run_after=2023-01-11T00:00:00+00:00
[2023-01-11T01:16:22.370+0000] {processor.py:176} INFO - Processing /home/airflow/.local/lib/python3.7/site-packages/airflow/example_dags/example_bash_operator.py took 1.451 seconds
[2023-01-11T01:16:52.455+0000] {processor.py:154} INFO - Started process (PID=18227) to work on /home/airflow/.local/lib/python3.7/site-packages/airflow/example_dags/example_bash_operator.py
[2023-01-11T01:16:52.456+0000] {processor.py:756} INFO - Processing file /home/airflow/.local/lib/python3.7/site-packages/airflow/example_dags/example_bash_operator.py for tasks to queue
[2023-01-11T01:16:52.457+0000] {logging_mixin.py:120} INFO - [2023-01-11T01:16:52.457+0000] {dagbag.py:537} INFO - Filling up the DagBag from /home/airflow/.local/lib/python3.7/site-packages/airflow/example_dags/example_bash_operator.py
[2023-01-11T01:16:52.494+0000] {processor.py:766} INFO - DAG(s) dict_keys(['example_bash_operator']) retrieved from /home/airflow/.local/lib/python3.7/site-packages/airflow/example_dags/example_bash_operator.py
[2023-01-11T01:16:52.564+0000] {logging_mixin.py:120} INFO - [2023-01-11T01:16:52.564+0000] {dag.py:2585} INFO - Sync 1 DAGs
[2023-01-11T01:16:52.592+0000] {logging_mixin.py:120} INFO - [2023-01-11T01:16:52.592+0000] {dag.py:3340} INFO - Setting next_dagrun for example_bash_operator to 2023-01-10T00:00:00+00:00, run_after=2023-01-11T00:00:00+00:00
[2023-01-11T01:16:52.626+0000] {processor.py:176} INFO - Processing /home/airflow/.local/lib/python3.7/site-packages/airflow/example_dags/example_bash_operator.py took 0.174 seconds
[2023-01-11T01:17:22.748+0000] {processor.py:154} INFO - Started process (PID=18295) to work on /home/airflow/.local/lib/python3.7/site-packages/airflow/example_dags/example_bash_operator.py
[2023-01-11T01:17:22.750+0000] {processor.py:756} INFO - Processing file /home/airflow/.local/lib/python3.7/site-packages/airflow/example_dags/example_bash_operator.py for tasks to queue
[2023-01-11T01:17:22.752+0000] {logging_mixin.py:120} INFO - [2023-01-11T01:17:22.752+0000] {dagbag.py:537} INFO - Filling up the DagBag from /home/airflow/.local/lib/python3.7/site-packages/airflow/example_dags/example_bash_operator.py
[2023-01-11T01:17:22.795+0000] {processor.py:766} INFO - DAG(s) dict_keys(['example_bash_operator']) retrieved from /home/airflow/.local/lib/python3.7/site-packages/airflow/example_dags/example_bash_operator.py
[2023-01-11T01:17:22.902+0000] {logging_mixin.py:120} INFO - [2023-01-11T01:17:22.902+0000] {dag.py:2585} INFO - Sync 1 DAGs
[2023-01-11T01:17:22.965+0000] {logging_mixin.py:120} INFO - [2023-01-11T01:17:22.965+0000] {dag.py:3340} INFO - Setting next_dagrun for example_bash_operator to 2023-01-10T00:00:00+00:00, run_after=2023-01-11T00:00:00+00:00
[2023-01-11T01:17:23.013+0000] {processor.py:176} INFO - Processing /home/airflow/.local/lib/python3.7/site-packages/airflow/example_dags/example_bash_operator.py took 0.272 seconds
[2023-01-11T01:17:53.454+0000] {processor.py:154} INFO - Started process (PID=18362) to work on /home/airflow/.local/lib/python3.7/site-packages/airflow/example_dags/example_bash_operator.py
[2023-01-11T01:17:53.457+0000] {processor.py:756} INFO - Processing file /home/airflow/.local/lib/python3.7/site-packages/airflow/example_dags/example_bash_operator.py for tasks to queue
[2023-01-11T01:17:53.459+0000] {logging_mixin.py:120} INFO - [2023-01-11T01:17:53.459+0000] {dagbag.py:537} INFO - Filling up the DagBag from /home/airflow/.local/lib/python3.7/site-packages/airflow/example_dags/example_bash_operator.py
[2023-01-11T01:17:53.511+0000] {processor.py:766} INFO - DAG(s) dict_keys(['example_bash_operator']) retrieved from /home/airflow/.local/lib/python3.7/site-packages/airflow/example_dags/example_bash_operator.py
[2023-01-11T01:17:53.630+0000] {logging_mixin.py:120} INFO - [2023-01-11T01:17:53.630+0000] {dag.py:2585} INFO - Sync 1 DAGs
[2023-01-11T01:17:53.688+0000] {logging_mixin.py:120} INFO - [2023-01-11T01:17:53.688+0000] {dag.py:3340} INFO - Setting next_dagrun for example_bash_operator to 2023-01-10T00:00:00+00:00, run_after=2023-01-11T00:00:00+00:00
[2023-01-11T01:17:53.736+0000] {processor.py:176} INFO - Processing /home/airflow/.local/lib/python3.7/site-packages/airflow/example_dags/example_bash_operator.py took 0.287 seconds
[2023-01-11T01:18:24.389+0000] {processor.py:154} INFO - Started process (PID=18420) to work on /home/airflow/.local/lib/python3.7/site-packages/airflow/example_dags/example_bash_operator.py
[2023-01-11T01:18:24.391+0000] {processor.py:756} INFO - Processing file /home/airflow/.local/lib/python3.7/site-packages/airflow/example_dags/example_bash_operator.py for tasks to queue
[2023-01-11T01:18:24.392+0000] {logging_mixin.py:120} INFO - [2023-01-11T01:18:24.392+0000] {dagbag.py:537} INFO - Filling up the DagBag from /home/airflow/.local/lib/python3.7/site-packages/airflow/example_dags/example_bash_operator.py
[2023-01-11T01:18:24.419+0000] {processor.py:766} INFO - DAG(s) dict_keys(['example_bash_operator']) retrieved from /home/airflow/.local/lib/python3.7/site-packages/airflow/example_dags/example_bash_operator.py
[2023-01-11T01:18:24.475+0000] {logging_mixin.py:120} INFO - [2023-01-11T01:18:24.475+0000] {dag.py:2585} INFO - Sync 1 DAGs
[2023-01-11T01:18:24.503+0000] {logging_mixin.py:120} INFO - [2023-01-11T01:18:24.503+0000] {dag.py:3340} INFO - Setting next_dagrun for example_bash_operator to 2023-01-10T00:00:00+00:00, run_after=2023-01-11T00:00:00+00:00
[2023-01-11T01:18:24.525+0000] {processor.py:176} INFO - Processing /home/airflow/.local/lib/python3.7/site-packages/airflow/example_dags/example_bash_operator.py took 0.142 seconds
[2023-01-11T01:18:54.879+0000] {processor.py:154} INFO - Started process (PID=18487) to work on /home/airflow/.local/lib/python3.7/site-packages/airflow/example_dags/example_bash_operator.py
[2023-01-11T01:18:54.881+0000] {processor.py:756} INFO - Processing file /home/airflow/.local/lib/python3.7/site-packages/airflow/example_dags/example_bash_operator.py for tasks to queue
[2023-01-11T01:18:54.883+0000] {logging_mixin.py:120} INFO - [2023-01-11T01:18:54.883+0000] {dagbag.py:537} INFO - Filling up the DagBag from /home/airflow/.local/lib/python3.7/site-packages/airflow/example_dags/example_bash_operator.py
[2023-01-11T01:18:54.935+0000] {processor.py:766} INFO - DAG(s) dict_keys(['example_bash_operator']) retrieved from /home/airflow/.local/lib/python3.7/site-packages/airflow/example_dags/example_bash_operator.py
[2023-01-11T01:18:55.059+0000] {logging_mixin.py:120} INFO - [2023-01-11T01:18:55.059+0000] {dag.py:2585} INFO - Sync 1 DAGs
[2023-01-11T01:18:55.125+0000] {logging_mixin.py:120} INFO - [2023-01-11T01:18:55.125+0000] {dag.py:3340} INFO - Setting next_dagrun for example_bash_operator to 2023-01-10T00:00:00+00:00, run_after=2023-01-11T00:00:00+00:00
[2023-01-11T01:18:55.198+0000] {processor.py:176} INFO - Processing /home/airflow/.local/lib/python3.7/site-packages/airflow/example_dags/example_bash_operator.py took 0.329 seconds
[2023-01-11T01:19:25.952+0000] {processor.py:154} INFO - Started process (PID=18545) to work on /home/airflow/.local/lib/python3.7/site-packages/airflow/example_dags/example_bash_operator.py
[2023-01-11T01:19:25.954+0000] {processor.py:756} INFO - Processing file /home/airflow/.local/lib/python3.7/site-packages/airflow/example_dags/example_bash_operator.py for tasks to queue
[2023-01-11T01:19:25.955+0000] {logging_mixin.py:120} INFO - [2023-01-11T01:19:25.955+0000] {dagbag.py:537} INFO - Filling up the DagBag from /home/airflow/.local/lib/python3.7/site-packages/airflow/example_dags/example_bash_operator.py
[2023-01-11T01:19:25.994+0000] {processor.py:766} INFO - DAG(s) dict_keys(['example_bash_operator']) retrieved from /home/airflow/.local/lib/python3.7/site-packages/airflow/example_dags/example_bash_operator.py
[2023-01-11T01:19:26.064+0000] {logging_mixin.py:120} INFO - [2023-01-11T01:19:26.064+0000] {dag.py:2585} INFO - Sync 1 DAGs
[2023-01-11T01:19:26.095+0000] {logging_mixin.py:120} INFO - [2023-01-11T01:19:26.095+0000] {dag.py:3340} INFO - Setting next_dagrun for example_bash_operator to 2023-01-10T00:00:00+00:00, run_after=2023-01-11T00:00:00+00:00
[2023-01-11T01:19:26.120+0000] {processor.py:176} INFO - Processing /home/airflow/.local/lib/python3.7/site-packages/airflow/example_dags/example_bash_operator.py took 0.174 seconds
[2023-01-11T01:19:56.561+0000] {processor.py:154} INFO - Started process (PID=18612) to work on /home/airflow/.local/lib/python3.7/site-packages/airflow/example_dags/example_bash_operator.py
[2023-01-11T01:19:56.563+0000] {processor.py:756} INFO - Processing file /home/airflow/.local/lib/python3.7/site-packages/airflow/example_dags/example_bash_operator.py for tasks to queue
[2023-01-11T01:19:56.564+0000] {logging_mixin.py:120} INFO - [2023-01-11T01:19:56.564+0000] {dagbag.py:537} INFO - Filling up the DagBag from /home/airflow/.local/lib/python3.7/site-packages/airflow/example_dags/example_bash_operator.py
[2023-01-11T01:19:56.614+0000] {processor.py:766} INFO - DAG(s) dict_keys(['example_bash_operator']) retrieved from /home/airflow/.local/lib/python3.7/site-packages/airflow/example_dags/example_bash_operator.py
[2023-01-11T01:19:56.753+0000] {logging_mixin.py:120} INFO - [2023-01-11T01:19:56.753+0000] {dag.py:2585} INFO - Sync 1 DAGs
[2023-01-11T01:19:56.828+0000] {logging_mixin.py:120} INFO - [2023-01-11T01:19:56.828+0000] {dag.py:3340} INFO - Setting next_dagrun for example_bash_operator to 2023-01-10T00:00:00+00:00, run_after=2023-01-11T00:00:00+00:00
[2023-01-11T01:19:56.895+0000] {processor.py:176} INFO - Processing /home/airflow/.local/lib/python3.7/site-packages/airflow/example_dags/example_bash_operator.py took 0.344 seconds
[2023-01-11T01:20:27.261+0000] {processor.py:154} INFO - Started process (PID=18670) to work on /home/airflow/.local/lib/python3.7/site-packages/airflow/example_dags/example_bash_operator.py
[2023-01-11T01:20:27.264+0000] {processor.py:756} INFO - Processing file /home/airflow/.local/lib/python3.7/site-packages/airflow/example_dags/example_bash_operator.py for tasks to queue
[2023-01-11T01:20:27.266+0000] {logging_mixin.py:120} INFO - [2023-01-11T01:20:27.266+0000] {dagbag.py:537} INFO - Filling up the DagBag from /home/airflow/.local/lib/python3.7/site-packages/airflow/example_dags/example_bash_operator.py
[2023-01-11T01:20:27.306+0000] {processor.py:766} INFO - DAG(s) dict_keys(['example_bash_operator']) retrieved from /home/airflow/.local/lib/python3.7/site-packages/airflow/example_dags/example_bash_operator.py
[2023-01-11T01:20:27.457+0000] {logging_mixin.py:120} INFO - [2023-01-11T01:20:27.456+0000] {dag.py:2585} INFO - Sync 1 DAGs
[2023-01-11T01:20:27.527+0000] {logging_mixin.py:120} INFO - [2023-01-11T01:20:27.527+0000] {dag.py:3340} INFO - Setting next_dagrun for example_bash_operator to 2023-01-10T00:00:00+00:00, run_after=2023-01-11T00:00:00+00:00
[2023-01-11T01:20:27.572+0000] {processor.py:176} INFO - Processing /home/airflow/.local/lib/python3.7/site-packages/airflow/example_dags/example_bash_operator.py took 0.315 seconds
[2023-01-11T01:20:57.737+0000] {processor.py:154} INFO - Started process (PID=18737) to work on /home/airflow/.local/lib/python3.7/site-packages/airflow/example_dags/example_bash_operator.py
[2023-01-11T01:20:57.739+0000] {processor.py:756} INFO - Processing file /home/airflow/.local/lib/python3.7/site-packages/airflow/example_dags/example_bash_operator.py for tasks to queue
[2023-01-11T01:20:57.740+0000] {logging_mixin.py:120} INFO - [2023-01-11T01:20:57.740+0000] {dagbag.py:537} INFO - Filling up the DagBag from /home/airflow/.local/lib/python3.7/site-packages/airflow/example_dags/example_bash_operator.py
[2023-01-11T01:20:57.775+0000] {processor.py:766} INFO - DAG(s) dict_keys(['example_bash_operator']) retrieved from /home/airflow/.local/lib/python3.7/site-packages/airflow/example_dags/example_bash_operator.py
[2023-01-11T01:20:57.842+0000] {logging_mixin.py:120} INFO - [2023-01-11T01:20:57.842+0000] {dag.py:2585} INFO - Sync 1 DAGs
[2023-01-11T01:20:57.873+0000] {logging_mixin.py:120} INFO - [2023-01-11T01:20:57.873+0000] {dag.py:3340} INFO - Setting next_dagrun for example_bash_operator to 2023-01-10T00:00:00+00:00, run_after=2023-01-11T00:00:00+00:00
[2023-01-11T01:20:57.895+0000] {processor.py:176} INFO - Processing /home/airflow/.local/lib/python3.7/site-packages/airflow/example_dags/example_bash_operator.py took 0.164 seconds
[2023-01-11T01:21:28.208+0000] {processor.py:154} INFO - Started process (PID=18795) to work on /home/airflow/.local/lib/python3.7/site-packages/airflow/example_dags/example_bash_operator.py
[2023-01-11T01:21:28.211+0000] {processor.py:756} INFO - Processing file /home/airflow/.local/lib/python3.7/site-packages/airflow/example_dags/example_bash_operator.py for tasks to queue
[2023-01-11T01:21:28.213+0000] {logging_mixin.py:120} INFO - [2023-01-11T01:21:28.213+0000] {dagbag.py:537} INFO - Filling up the DagBag from /home/airflow/.local/lib/python3.7/site-packages/airflow/example_dags/example_bash_operator.py
[2023-01-11T01:21:28.275+0000] {processor.py:766} INFO - DAG(s) dict_keys(['example_bash_operator']) retrieved from /home/airflow/.local/lib/python3.7/site-packages/airflow/example_dags/example_bash_operator.py
[2023-01-11T01:21:28.366+0000] {logging_mixin.py:120} INFO - [2023-01-11T01:21:28.366+0000] {dag.py:2585} INFO - Sync 1 DAGs
[2023-01-11T01:21:28.418+0000] {logging_mixin.py:120} INFO - [2023-01-11T01:21:28.418+0000] {dag.py:3340} INFO - Setting next_dagrun for example_bash_operator to 2023-01-10T00:00:00+00:00, run_after=2023-01-11T00:00:00+00:00
[2023-01-11T01:21:28.452+0000] {processor.py:176} INFO - Processing /home/airflow/.local/lib/python3.7/site-packages/airflow/example_dags/example_bash_operator.py took 0.252 seconds
[2023-01-11T01:21:58.888+0000] {processor.py:154} INFO - Started process (PID=18862) to work on /home/airflow/.local/lib/python3.7/site-packages/airflow/example_dags/example_bash_operator.py
[2023-01-11T01:21:58.890+0000] {processor.py:756} INFO - Processing file /home/airflow/.local/lib/python3.7/site-packages/airflow/example_dags/example_bash_operator.py for tasks to queue
[2023-01-11T01:21:58.893+0000] {logging_mixin.py:120} INFO - [2023-01-11T01:21:58.892+0000] {dagbag.py:537} INFO - Filling up the DagBag from /home/airflow/.local/lib/python3.7/site-packages/airflow/example_dags/example_bash_operator.py
[2023-01-11T01:21:58.952+0000] {processor.py:766} INFO - DAG(s) dict_keys(['example_bash_operator']) retrieved from /home/airflow/.local/lib/python3.7/site-packages/airflow/example_dags/example_bash_operator.py
[2023-01-11T01:21:59.047+0000] {logging_mixin.py:120} INFO - [2023-01-11T01:21:59.047+0000] {dag.py:2585} INFO - Sync 1 DAGs
[2023-01-11T01:21:59.092+0000] {logging_mixin.py:120} INFO - [2023-01-11T01:21:59.092+0000] {dag.py:3340} INFO - Setting next_dagrun for example_bash_operator to 2023-01-10T00:00:00+00:00, run_after=2023-01-11T00:00:00+00:00
[2023-01-11T01:21:59.128+0000] {processor.py:176} INFO - Processing /home/airflow/.local/lib/python3.7/site-packages/airflow/example_dags/example_bash_operator.py took 0.249 seconds
[2023-01-11T01:22:29.793+0000] {processor.py:154} INFO - Started process (PID=18929) to work on /home/airflow/.local/lib/python3.7/site-packages/airflow/example_dags/example_bash_operator.py
[2023-01-11T01:22:29.796+0000] {processor.py:756} INFO - Processing file /home/airflow/.local/lib/python3.7/site-packages/airflow/example_dags/example_bash_operator.py for tasks to queue
[2023-01-11T01:22:29.800+0000] {logging_mixin.py:120} INFO - [2023-01-11T01:22:29.799+0000] {dagbag.py:537} INFO - Filling up the DagBag from /home/airflow/.local/lib/python3.7/site-packages/airflow/example_dags/example_bash_operator.py
[2023-01-11T01:22:29.858+0000] {processor.py:766} INFO - DAG(s) dict_keys(['example_bash_operator']) retrieved from /home/airflow/.local/lib/python3.7/site-packages/airflow/example_dags/example_bash_operator.py
[2023-01-11T01:22:29.971+0000] {logging_mixin.py:120} INFO - [2023-01-11T01:22:29.971+0000] {dag.py:2585} INFO - Sync 1 DAGs
[2023-01-11T01:22:30.037+0000] {logging_mixin.py:120} INFO - [2023-01-11T01:22:30.037+0000] {dag.py:3340} INFO - Setting next_dagrun for example_bash_operator to 2023-01-10T00:00:00+00:00, run_after=2023-01-11T00:00:00+00:00
[2023-01-11T01:22:30.092+0000] {processor.py:176} INFO - Processing /home/airflow/.local/lib/python3.7/site-packages/airflow/example_dags/example_bash_operator.py took 0.305 seconds
[2023-01-11T01:23:00.526+0000] {processor.py:154} INFO - Started process (PID=18987) to work on /home/airflow/.local/lib/python3.7/site-packages/airflow/example_dags/example_bash_operator.py
[2023-01-11T01:23:00.532+0000] {processor.py:756} INFO - Processing file /home/airflow/.local/lib/python3.7/site-packages/airflow/example_dags/example_bash_operator.py for tasks to queue
[2023-01-11T01:23:00.535+0000] {logging_mixin.py:120} INFO - [2023-01-11T01:23:00.534+0000] {dagbag.py:537} INFO - Filling up the DagBag from /home/airflow/.local/lib/python3.7/site-packages/airflow/example_dags/example_bash_operator.py
[2023-01-11T01:23:00.595+0000] {processor.py:766} INFO - DAG(s) dict_keys(['example_bash_operator']) retrieved from /home/airflow/.local/lib/python3.7/site-packages/airflow/example_dags/example_bash_operator.py
[2023-01-11T01:23:00.734+0000] {logging_mixin.py:120} INFO - [2023-01-11T01:23:00.733+0000] {dag.py:2585} INFO - Sync 1 DAGs
[2023-01-11T01:23:00.800+0000] {logging_mixin.py:120} INFO - [2023-01-11T01:23:00.800+0000] {dag.py:3340} INFO - Setting next_dagrun for example_bash_operator to 2023-01-10T00:00:00+00:00, run_after=2023-01-11T00:00:00+00:00
[2023-01-11T01:23:00.872+0000] {processor.py:176} INFO - Processing /home/airflow/.local/lib/python3.7/site-packages/airflow/example_dags/example_bash_operator.py took 0.359 seconds
[2023-01-11T01:23:31.413+0000] {processor.py:154} INFO - Started process (PID=19045) to work on /home/airflow/.local/lib/python3.7/site-packages/airflow/example_dags/example_bash_operator.py
[2023-01-11T01:23:31.415+0000] {processor.py:756} INFO - Processing file /home/airflow/.local/lib/python3.7/site-packages/airflow/example_dags/example_bash_operator.py for tasks to queue
[2023-01-11T01:23:31.417+0000] {logging_mixin.py:120} INFO - [2023-01-11T01:23:31.417+0000] {dagbag.py:537} INFO - Filling up the DagBag from /home/airflow/.local/lib/python3.7/site-packages/airflow/example_dags/example_bash_operator.py
[2023-01-11T01:23:31.472+0000] {processor.py:766} INFO - DAG(s) dict_keys(['example_bash_operator']) retrieved from /home/airflow/.local/lib/python3.7/site-packages/airflow/example_dags/example_bash_operator.py
[2023-01-11T01:23:31.551+0000] {logging_mixin.py:120} INFO - [2023-01-11T01:23:31.551+0000] {dag.py:2585} INFO - Sync 1 DAGs
[2023-01-11T01:23:31.592+0000] {logging_mixin.py:120} INFO - [2023-01-11T01:23:31.591+0000] {dag.py:3340} INFO - Setting next_dagrun for example_bash_operator to 2023-01-10T00:00:00+00:00, run_after=2023-01-11T00:00:00+00:00
[2023-01-11T01:23:31.622+0000] {processor.py:176} INFO - Processing /home/airflow/.local/lib/python3.7/site-packages/airflow/example_dags/example_bash_operator.py took 0.215 seconds
[2023-01-11T01:24:02.036+0000] {processor.py:154} INFO - Started process (PID=19112) to work on /home/airflow/.local/lib/python3.7/site-packages/airflow/example_dags/example_bash_operator.py
[2023-01-11T01:24:02.037+0000] {processor.py:756} INFO - Processing file /home/airflow/.local/lib/python3.7/site-packages/airflow/example_dags/example_bash_operator.py for tasks to queue
[2023-01-11T01:24:02.038+0000] {logging_mixin.py:120} INFO - [2023-01-11T01:24:02.038+0000] {dagbag.py:537} INFO - Filling up the DagBag from /home/airflow/.local/lib/python3.7/site-packages/airflow/example_dags/example_bash_operator.py
[2023-01-11T01:24:02.094+0000] {processor.py:766} INFO - DAG(s) dict_keys(['example_bash_operator']) retrieved from /home/airflow/.local/lib/python3.7/site-packages/airflow/example_dags/example_bash_operator.py
[2023-01-11T01:24:02.211+0000] {logging_mixin.py:120} INFO - [2023-01-11T01:24:02.210+0000] {dag.py:2585} INFO - Sync 1 DAGs
[2023-01-11T01:24:02.276+0000] {logging_mixin.py:120} INFO - [2023-01-11T01:24:02.275+0000] {dag.py:3340} INFO - Setting next_dagrun for example_bash_operator to 2023-01-10T00:00:00+00:00, run_after=2023-01-11T00:00:00+00:00
[2023-01-11T01:24:02.328+0000] {processor.py:176} INFO - Processing /home/airflow/.local/lib/python3.7/site-packages/airflow/example_dags/example_bash_operator.py took 0.300 seconds
[2023-01-11T01:24:32.420+0000] {processor.py:154} INFO - Started process (PID=19170) to work on /home/airflow/.local/lib/python3.7/site-packages/airflow/example_dags/example_bash_operator.py
[2023-01-11T01:24:32.421+0000] {processor.py:756} INFO - Processing file /home/airflow/.local/lib/python3.7/site-packages/airflow/example_dags/example_bash_operator.py for tasks to queue
[2023-01-11T01:24:32.423+0000] {logging_mixin.py:120} INFO - [2023-01-11T01:24:32.423+0000] {dagbag.py:537} INFO - Filling up the DagBag from /home/airflow/.local/lib/python3.7/site-packages/airflow/example_dags/example_bash_operator.py
[2023-01-11T01:24:32.483+0000] {processor.py:766} INFO - DAG(s) dict_keys(['example_bash_operator']) retrieved from /home/airflow/.local/lib/python3.7/site-packages/airflow/example_dags/example_bash_operator.py
[2023-01-11T01:24:32.606+0000] {logging_mixin.py:120} INFO - [2023-01-11T01:24:32.605+0000] {dag.py:2585} INFO - Sync 1 DAGs
[2023-01-11T01:24:32.661+0000] {logging_mixin.py:120} INFO - [2023-01-11T01:24:32.660+0000] {dag.py:3340} INFO - Setting next_dagrun for example_bash_operator to 2023-01-10T00:00:00+00:00, run_after=2023-01-11T00:00:00+00:00
[2023-01-11T01:24:32.708+0000] {processor.py:176} INFO - Processing /home/airflow/.local/lib/python3.7/site-packages/airflow/example_dags/example_bash_operator.py took 0.296 seconds
[2023-01-11T01:25:03.197+0000] {processor.py:154} INFO - Started process (PID=19238) to work on /home/airflow/.local/lib/python3.7/site-packages/airflow/example_dags/example_bash_operator.py
[2023-01-11T01:25:03.198+0000] {processor.py:756} INFO - Processing file /home/airflow/.local/lib/python3.7/site-packages/airflow/example_dags/example_bash_operator.py for tasks to queue
[2023-01-11T01:25:03.199+0000] {logging_mixin.py:120} INFO - [2023-01-11T01:25:03.199+0000] {dagbag.py:537} INFO - Filling up the DagBag from /home/airflow/.local/lib/python3.7/site-packages/airflow/example_dags/example_bash_operator.py
[2023-01-11T01:25:03.236+0000] {processor.py:766} INFO - DAG(s) dict_keys(['example_bash_operator']) retrieved from /home/airflow/.local/lib/python3.7/site-packages/airflow/example_dags/example_bash_operator.py
[2023-01-11T01:25:03.300+0000] {logging_mixin.py:120} INFO - [2023-01-11T01:25:03.300+0000] {dag.py:2585} INFO - Sync 1 DAGs
[2023-01-11T01:25:03.328+0000] {logging_mixin.py:120} INFO - [2023-01-11T01:25:03.328+0000] {dag.py:3340} INFO - Setting next_dagrun for example_bash_operator to 2023-01-10T00:00:00+00:00, run_after=2023-01-11T00:00:00+00:00
[2023-01-11T01:25:03.351+0000] {processor.py:176} INFO - Processing /home/airflow/.local/lib/python3.7/site-packages/airflow/example_dags/example_bash_operator.py took 0.161 seconds
[2023-01-11T01:25:33.954+0000] {processor.py:154} INFO - Started process (PID=19296) to work on /home/airflow/.local/lib/python3.7/site-packages/airflow/example_dags/example_bash_operator.py
[2023-01-11T01:25:33.955+0000] {processor.py:756} INFO - Processing file /home/airflow/.local/lib/python3.7/site-packages/airflow/example_dags/example_bash_operator.py for tasks to queue
[2023-01-11T01:25:33.956+0000] {logging_mixin.py:120} INFO - [2023-01-11T01:25:33.956+0000] {dagbag.py:537} INFO - Filling up the DagBag from /home/airflow/.local/lib/python3.7/site-packages/airflow/example_dags/example_bash_operator.py
[2023-01-11T01:25:34.001+0000] {processor.py:766} INFO - DAG(s) dict_keys(['example_bash_operator']) retrieved from /home/airflow/.local/lib/python3.7/site-packages/airflow/example_dags/example_bash_operator.py
[2023-01-11T01:25:34.095+0000] {logging_mixin.py:120} INFO - [2023-01-11T01:25:34.095+0000] {dag.py:2585} INFO - Sync 1 DAGs
[2023-01-11T01:25:34.145+0000] {logging_mixin.py:120} INFO - [2023-01-11T01:25:34.144+0000] {dag.py:3340} INFO - Setting next_dagrun for example_bash_operator to 2023-01-10T00:00:00+00:00, run_after=2023-01-11T00:00:00+00:00
[2023-01-11T01:25:34.188+0000] {processor.py:176} INFO - Processing /home/airflow/.local/lib/python3.7/site-packages/airflow/example_dags/example_bash_operator.py took 0.238 seconds
[2023-01-11T01:26:04.778+0000] {processor.py:154} INFO - Started process (PID=19363) to work on /home/airflow/.local/lib/python3.7/site-packages/airflow/example_dags/example_bash_operator.py
[2023-01-11T01:26:04.780+0000] {processor.py:756} INFO - Processing file /home/airflow/.local/lib/python3.7/site-packages/airflow/example_dags/example_bash_operator.py for tasks to queue
[2023-01-11T01:26:04.784+0000] {logging_mixin.py:120} INFO - [2023-01-11T01:26:04.784+0000] {dagbag.py:537} INFO - Filling up the DagBag from /home/airflow/.local/lib/python3.7/site-packages/airflow/example_dags/example_bash_operator.py
[2023-01-11T01:26:04.838+0000] {processor.py:766} INFO - DAG(s) dict_keys(['example_bash_operator']) retrieved from /home/airflow/.local/lib/python3.7/site-packages/airflow/example_dags/example_bash_operator.py
[2023-01-11T01:26:04.918+0000] {logging_mixin.py:120} INFO - [2023-01-11T01:26:04.918+0000] {dag.py:2585} INFO - Sync 1 DAGs
[2023-01-11T01:26:04.945+0000] {logging_mixin.py:120} INFO - [2023-01-11T01:26:04.945+0000] {dag.py:3340} INFO - Setting next_dagrun for example_bash_operator to 2023-01-10T00:00:00+00:00, run_after=2023-01-11T00:00:00+00:00
[2023-01-11T01:26:04.967+0000] {processor.py:176} INFO - Processing /home/airflow/.local/lib/python3.7/site-packages/airflow/example_dags/example_bash_operator.py took 0.196 seconds
[2023-01-11T01:26:35.440+0000] {processor.py:154} INFO - Started process (PID=19421) to work on /home/airflow/.local/lib/python3.7/site-packages/airflow/example_dags/example_bash_operator.py
[2023-01-11T01:26:35.442+0000] {processor.py:756} INFO - Processing file /home/airflow/.local/lib/python3.7/site-packages/airflow/example_dags/example_bash_operator.py for tasks to queue
[2023-01-11T01:26:35.444+0000] {logging_mixin.py:120} INFO - [2023-01-11T01:26:35.444+0000] {dagbag.py:537} INFO - Filling up the DagBag from /home/airflow/.local/lib/python3.7/site-packages/airflow/example_dags/example_bash_operator.py
[2023-01-11T01:26:35.487+0000] {processor.py:766} INFO - DAG(s) dict_keys(['example_bash_operator']) retrieved from /home/airflow/.local/lib/python3.7/site-packages/airflow/example_dags/example_bash_operator.py
[2023-01-11T01:26:35.578+0000] {logging_mixin.py:120} INFO - [2023-01-11T01:26:35.578+0000] {dag.py:2585} INFO - Sync 1 DAGs
[2023-01-11T01:26:35.631+0000] {logging_mixin.py:120} INFO - [2023-01-11T01:26:35.631+0000] {dag.py:3340} INFO - Setting next_dagrun for example_bash_operator to 2023-01-10T00:00:00+00:00, run_after=2023-01-11T00:00:00+00:00
[2023-01-11T01:26:35.672+0000] {processor.py:176} INFO - Processing /home/airflow/.local/lib/python3.7/site-packages/airflow/example_dags/example_bash_operator.py took 0.237 seconds
[2023-01-11T01:27:06.308+0000] {processor.py:154} INFO - Started process (PID=19488) to work on /home/airflow/.local/lib/python3.7/site-packages/airflow/example_dags/example_bash_operator.py
[2023-01-11T01:27:06.309+0000] {processor.py:756} INFO - Processing file /home/airflow/.local/lib/python3.7/site-packages/airflow/example_dags/example_bash_operator.py for tasks to queue
[2023-01-11T01:27:06.310+0000] {logging_mixin.py:120} INFO - [2023-01-11T01:27:06.310+0000] {dagbag.py:537} INFO - Filling up the DagBag from /home/airflow/.local/lib/python3.7/site-packages/airflow/example_dags/example_bash_operator.py
[2023-01-11T01:27:06.347+0000] {processor.py:766} INFO - DAG(s) dict_keys(['example_bash_operator']) retrieved from /home/airflow/.local/lib/python3.7/site-packages/airflow/example_dags/example_bash_operator.py
[2023-01-11T01:27:06.394+0000] {logging_mixin.py:120} INFO - [2023-01-11T01:27:06.394+0000] {dag.py:2585} INFO - Sync 1 DAGs
[2023-01-11T01:27:06.418+0000] {logging_mixin.py:120} INFO - [2023-01-11T01:27:06.418+0000] {dag.py:3340} INFO - Setting next_dagrun for example_bash_operator to 2023-01-10T00:00:00+00:00, run_after=2023-01-11T00:00:00+00:00
[2023-01-11T01:27:06.435+0000] {processor.py:176} INFO - Processing /home/airflow/.local/lib/python3.7/site-packages/airflow/example_dags/example_bash_operator.py took 0.130 seconds
[2023-01-11T01:27:36.656+0000] {processor.py:154} INFO - Started process (PID=19546) to work on /home/airflow/.local/lib/python3.7/site-packages/airflow/example_dags/example_bash_operator.py
[2023-01-11T01:27:36.658+0000] {processor.py:756} INFO - Processing file /home/airflow/.local/lib/python3.7/site-packages/airflow/example_dags/example_bash_operator.py for tasks to queue
[2023-01-11T01:27:36.659+0000] {logging_mixin.py:120} INFO - [2023-01-11T01:27:36.659+0000] {dagbag.py:537} INFO - Filling up the DagBag from /home/airflow/.local/lib/python3.7/site-packages/airflow/example_dags/example_bash_operator.py
[2023-01-11T01:27:36.698+0000] {processor.py:766} INFO - DAG(s) dict_keys(['example_bash_operator']) retrieved from /home/airflow/.local/lib/python3.7/site-packages/airflow/example_dags/example_bash_operator.py
[2023-01-11T01:27:36.794+0000] {logging_mixin.py:120} INFO - [2023-01-11T01:27:36.794+0000] {dag.py:2585} INFO - Sync 1 DAGs
[2023-01-11T01:27:36.850+0000] {logging_mixin.py:120} INFO - [2023-01-11T01:27:36.849+0000] {dag.py:3340} INFO - Setting next_dagrun for example_bash_operator to 2023-01-10T00:00:00+00:00, run_after=2023-01-11T00:00:00+00:00
[2023-01-11T01:27:36.902+0000] {processor.py:176} INFO - Processing /home/airflow/.local/lib/python3.7/site-packages/airflow/example_dags/example_bash_operator.py took 0.252 seconds
[2023-01-11T01:28:07.655+0000] {processor.py:154} INFO - Started process (PID=19613) to work on /home/airflow/.local/lib/python3.7/site-packages/airflow/example_dags/example_bash_operator.py
[2023-01-11T01:28:07.658+0000] {processor.py:756} INFO - Processing file /home/airflow/.local/lib/python3.7/site-packages/airflow/example_dags/example_bash_operator.py for tasks to queue
[2023-01-11T01:28:07.660+0000] {logging_mixin.py:120} INFO - [2023-01-11T01:28:07.660+0000] {dagbag.py:537} INFO - Filling up the DagBag from /home/airflow/.local/lib/python3.7/site-packages/airflow/example_dags/example_bash_operator.py
[2023-01-11T01:28:07.720+0000] {processor.py:766} INFO - DAG(s) dict_keys(['example_bash_operator']) retrieved from /home/airflow/.local/lib/python3.7/site-packages/airflow/example_dags/example_bash_operator.py
[2023-01-11T01:28:07.834+0000] {logging_mixin.py:120} INFO - [2023-01-11T01:28:07.833+0000] {dag.py:2585} INFO - Sync 1 DAGs
[2023-01-11T01:28:07.903+0000] {logging_mixin.py:120} INFO - [2023-01-11T01:28:07.903+0000] {dag.py:3340} INFO - Setting next_dagrun for example_bash_operator to 2023-01-10T00:00:00+00:00, run_after=2023-01-11T00:00:00+00:00
[2023-01-11T01:28:07.948+0000] {processor.py:176} INFO - Processing /home/airflow/.local/lib/python3.7/site-packages/airflow/example_dags/example_bash_operator.py took 0.301 seconds
[2023-01-11T01:28:38.525+0000] {processor.py:154} INFO - Started process (PID=19678) to work on /home/airflow/.local/lib/python3.7/site-packages/airflow/example_dags/example_bash_operator.py
[2023-01-11T01:28:38.526+0000] {processor.py:756} INFO - Processing file /home/airflow/.local/lib/python3.7/site-packages/airflow/example_dags/example_bash_operator.py for tasks to queue
[2023-01-11T01:28:38.528+0000] {logging_mixin.py:120} INFO - [2023-01-11T01:28:38.528+0000] {dagbag.py:537} INFO - Filling up the DagBag from /home/airflow/.local/lib/python3.7/site-packages/airflow/example_dags/example_bash_operator.py
[2023-01-11T01:28:38.581+0000] {processor.py:766} INFO - DAG(s) dict_keys(['example_bash_operator']) retrieved from /home/airflow/.local/lib/python3.7/site-packages/airflow/example_dags/example_bash_operator.py
[2023-01-11T01:28:38.671+0000] {logging_mixin.py:120} INFO - [2023-01-11T01:28:38.671+0000] {dag.py:2585} INFO - Sync 1 DAGs
[2023-01-11T01:28:38.720+0000] {logging_mixin.py:120} INFO - [2023-01-11T01:28:38.720+0000] {dag.py:3340} INFO - Setting next_dagrun for example_bash_operator to 2023-01-10T00:00:00+00:00, run_after=2023-01-11T00:00:00+00:00
[2023-01-11T01:28:38.763+0000] {processor.py:176} INFO - Processing /home/airflow/.local/lib/python3.7/site-packages/airflow/example_dags/example_bash_operator.py took 0.244 seconds
[2023-01-11T01:29:09.283+0000] {processor.py:154} INFO - Started process (PID=19738) to work on /home/airflow/.local/lib/python3.7/site-packages/airflow/example_dags/example_bash_operator.py
[2023-01-11T01:29:09.285+0000] {processor.py:756} INFO - Processing file /home/airflow/.local/lib/python3.7/site-packages/airflow/example_dags/example_bash_operator.py for tasks to queue
[2023-01-11T01:29:09.286+0000] {logging_mixin.py:120} INFO - [2023-01-11T01:29:09.286+0000] {dagbag.py:537} INFO - Filling up the DagBag from /home/airflow/.local/lib/python3.7/site-packages/airflow/example_dags/example_bash_operator.py
[2023-01-11T01:29:09.316+0000] {processor.py:766} INFO - DAG(s) dict_keys(['example_bash_operator']) retrieved from /home/airflow/.local/lib/python3.7/site-packages/airflow/example_dags/example_bash_operator.py
[2023-01-11T01:29:09.377+0000] {logging_mixin.py:120} INFO - [2023-01-11T01:29:09.377+0000] {dag.py:2585} INFO - Sync 1 DAGs
[2023-01-11T01:29:09.411+0000] {logging_mixin.py:120} INFO - [2023-01-11T01:29:09.411+0000] {dag.py:3340} INFO - Setting next_dagrun for example_bash_operator to 2023-01-10T00:00:00+00:00, run_after=2023-01-11T00:00:00+00:00
[2023-01-11T01:29:09.442+0000] {processor.py:176} INFO - Processing /home/airflow/.local/lib/python3.7/site-packages/airflow/example_dags/example_bash_operator.py took 0.162 seconds
[2023-01-11T01:29:40.196+0000] {processor.py:154} INFO - Started process (PID=19804) to work on /home/airflow/.local/lib/python3.7/site-packages/airflow/example_dags/example_bash_operator.py
[2023-01-11T01:29:40.197+0000] {processor.py:756} INFO - Processing file /home/airflow/.local/lib/python3.7/site-packages/airflow/example_dags/example_bash_operator.py for tasks to queue
[2023-01-11T01:29:40.198+0000] {logging_mixin.py:120} INFO - [2023-01-11T01:29:40.198+0000] {dagbag.py:537} INFO - Filling up the DagBag from /home/airflow/.local/lib/python3.7/site-packages/airflow/example_dags/example_bash_operator.py
[2023-01-11T01:29:40.247+0000] {processor.py:766} INFO - DAG(s) dict_keys(['example_bash_operator']) retrieved from /home/airflow/.local/lib/python3.7/site-packages/airflow/example_dags/example_bash_operator.py
[2023-01-11T01:29:40.358+0000] {logging_mixin.py:120} INFO - [2023-01-11T01:29:40.357+0000] {dag.py:2585} INFO - Sync 1 DAGs
[2023-01-11T01:29:40.415+0000] {logging_mixin.py:120} INFO - [2023-01-11T01:29:40.414+0000] {dag.py:3340} INFO - Setting next_dagrun for example_bash_operator to 2023-01-10T00:00:00+00:00, run_after=2023-01-11T00:00:00+00:00
[2023-01-11T01:29:40.460+0000] {processor.py:176} INFO - Processing /home/airflow/.local/lib/python3.7/site-packages/airflow/example_dags/example_bash_operator.py took 0.267 seconds
[2023-01-11T01:30:10.669+0000] {processor.py:154} INFO - Started process (PID=19862) to work on /home/airflow/.local/lib/python3.7/site-packages/airflow/example_dags/example_bash_operator.py
[2023-01-11T01:30:10.670+0000] {processor.py:756} INFO - Processing file /home/airflow/.local/lib/python3.7/site-packages/airflow/example_dags/example_bash_operator.py for tasks to queue
[2023-01-11T01:30:10.671+0000] {logging_mixin.py:120} INFO - [2023-01-11T01:30:10.671+0000] {dagbag.py:537} INFO - Filling up the DagBag from /home/airflow/.local/lib/python3.7/site-packages/airflow/example_dags/example_bash_operator.py
[2023-01-11T01:30:10.709+0000] {processor.py:766} INFO - DAG(s) dict_keys(['example_bash_operator']) retrieved from /home/airflow/.local/lib/python3.7/site-packages/airflow/example_dags/example_bash_operator.py
[2023-01-11T01:30:10.826+0000] {logging_mixin.py:120} INFO - [2023-01-11T01:30:10.826+0000] {dag.py:2585} INFO - Sync 1 DAGs
[2023-01-11T01:30:10.884+0000] {logging_mixin.py:120} INFO - [2023-01-11T01:30:10.883+0000] {dag.py:3340} INFO - Setting next_dagrun for example_bash_operator to 2023-01-10T00:00:00+00:00, run_after=2023-01-11T00:00:00+00:00
[2023-01-11T01:30:10.925+0000] {processor.py:176} INFO - Processing /home/airflow/.local/lib/python3.7/site-packages/airflow/example_dags/example_bash_operator.py took 0.260 seconds
[2023-01-11T01:30:41.645+0000] {processor.py:154} INFO - Started process (PID=19929) to work on /home/airflow/.local/lib/python3.7/site-packages/airflow/example_dags/example_bash_operator.py
[2023-01-11T01:30:41.647+0000] {processor.py:756} INFO - Processing file /home/airflow/.local/lib/python3.7/site-packages/airflow/example_dags/example_bash_operator.py for tasks to queue
[2023-01-11T01:30:41.650+0000] {logging_mixin.py:120} INFO - [2023-01-11T01:30:41.650+0000] {dagbag.py:537} INFO - Filling up the DagBag from /home/airflow/.local/lib/python3.7/site-packages/airflow/example_dags/example_bash_operator.py
[2023-01-11T01:30:41.712+0000] {processor.py:766} INFO - DAG(s) dict_keys(['example_bash_operator']) retrieved from /home/airflow/.local/lib/python3.7/site-packages/airflow/example_dags/example_bash_operator.py
[2023-01-11T01:30:41.815+0000] {logging_mixin.py:120} INFO - [2023-01-11T01:30:41.815+0000] {dag.py:2585} INFO - Sync 1 DAGs
[2023-01-11T01:30:41.876+0000] {logging_mixin.py:120} INFO - [2023-01-11T01:30:41.875+0000] {dag.py:3340} INFO - Setting next_dagrun for example_bash_operator to 2023-01-10T00:00:00+00:00, run_after=2023-01-11T00:00:00+00:00
[2023-01-11T01:30:41.928+0000] {processor.py:176} INFO - Processing /home/airflow/.local/lib/python3.7/site-packages/airflow/example_dags/example_bash_operator.py took 0.294 seconds
[2023-01-11T01:31:12.819+0000] {processor.py:154} INFO - Started process (PID=19987) to work on /home/airflow/.local/lib/python3.7/site-packages/airflow/example_dags/example_bash_operator.py
[2023-01-11T01:31:12.822+0000] {processor.py:756} INFO - Processing file /home/airflow/.local/lib/python3.7/site-packages/airflow/example_dags/example_bash_operator.py for tasks to queue
[2023-01-11T01:31:12.824+0000] {logging_mixin.py:120} INFO - [2023-01-11T01:31:12.824+0000] {dagbag.py:537} INFO - Filling up the DagBag from /home/airflow/.local/lib/python3.7/site-packages/airflow/example_dags/example_bash_operator.py
[2023-01-11T01:31:12.881+0000] {processor.py:766} INFO - DAG(s) dict_keys(['example_bash_operator']) retrieved from /home/airflow/.local/lib/python3.7/site-packages/airflow/example_dags/example_bash_operator.py
[2023-01-11T01:31:13.020+0000] {logging_mixin.py:120} INFO - [2023-01-11T01:31:13.019+0000] {dag.py:2585} INFO - Sync 1 DAGs
[2023-01-11T01:31:13.099+0000] {logging_mixin.py:120} INFO - [2023-01-11T01:31:13.099+0000] {dag.py:3340} INFO - Setting next_dagrun for example_bash_operator to 2023-01-10T00:00:00+00:00, run_after=2023-01-11T00:00:00+00:00
[2023-01-11T01:31:13.149+0000] {processor.py:176} INFO - Processing /home/airflow/.local/lib/python3.7/site-packages/airflow/example_dags/example_bash_operator.py took 0.337 seconds
[2023-01-11T01:31:43.394+0000] {processor.py:154} INFO - Started process (PID=20054) to work on /home/airflow/.local/lib/python3.7/site-packages/airflow/example_dags/example_bash_operator.py
[2023-01-11T01:31:43.396+0000] {processor.py:756} INFO - Processing file /home/airflow/.local/lib/python3.7/site-packages/airflow/example_dags/example_bash_operator.py for tasks to queue
[2023-01-11T01:31:43.397+0000] {logging_mixin.py:120} INFO - [2023-01-11T01:31:43.397+0000] {dagbag.py:537} INFO - Filling up the DagBag from /home/airflow/.local/lib/python3.7/site-packages/airflow/example_dags/example_bash_operator.py
[2023-01-11T01:31:43.418+0000] {processor.py:766} INFO - DAG(s) dict_keys(['example_bash_operator']) retrieved from /home/airflow/.local/lib/python3.7/site-packages/airflow/example_dags/example_bash_operator.py
[2023-01-11T01:31:43.463+0000] {logging_mixin.py:120} INFO - [2023-01-11T01:31:43.463+0000] {dag.py:2585} INFO - Sync 1 DAGs
[2023-01-11T01:31:43.488+0000] {logging_mixin.py:120} INFO - [2023-01-11T01:31:43.488+0000] {dag.py:3340} INFO - Setting next_dagrun for example_bash_operator to 2023-01-10T00:00:00+00:00, run_after=2023-01-11T00:00:00+00:00
[2023-01-11T01:31:43.506+0000] {processor.py:176} INFO - Processing /home/airflow/.local/lib/python3.7/site-packages/airflow/example_dags/example_bash_operator.py took 0.116 seconds
[2023-01-11T01:32:13.789+0000] {processor.py:154} INFO - Started process (PID=20112) to work on /home/airflow/.local/lib/python3.7/site-packages/airflow/example_dags/example_bash_operator.py
[2023-01-11T01:32:13.792+0000] {processor.py:756} INFO - Processing file /home/airflow/.local/lib/python3.7/site-packages/airflow/example_dags/example_bash_operator.py for tasks to queue
[2023-01-11T01:32:13.795+0000] {logging_mixin.py:120} INFO - [2023-01-11T01:32:13.795+0000] {dagbag.py:537} INFO - Filling up the DagBag from /home/airflow/.local/lib/python3.7/site-packages/airflow/example_dags/example_bash_operator.py
[2023-01-11T01:32:13.852+0000] {processor.py:766} INFO - DAG(s) dict_keys(['example_bash_operator']) retrieved from /home/airflow/.local/lib/python3.7/site-packages/airflow/example_dags/example_bash_operator.py
[2023-01-11T01:32:13.972+0000] {logging_mixin.py:120} INFO - [2023-01-11T01:32:13.971+0000] {dag.py:2585} INFO - Sync 1 DAGs
[2023-01-11T01:32:14.016+0000] {logging_mixin.py:120} INFO - [2023-01-11T01:32:14.016+0000] {dag.py:3340} INFO - Setting next_dagrun for example_bash_operator to 2023-01-10T00:00:00+00:00, run_after=2023-01-11T00:00:00+00:00
[2023-01-11T01:32:14.050+0000] {processor.py:176} INFO - Processing /home/airflow/.local/lib/python3.7/site-packages/airflow/example_dags/example_bash_operator.py took 0.274 seconds
[2023-01-11T01:32:44.339+0000] {processor.py:154} INFO - Started process (PID=20179) to work on /home/airflow/.local/lib/python3.7/site-packages/airflow/example_dags/example_bash_operator.py
[2023-01-11T01:32:44.341+0000] {processor.py:756} INFO - Processing file /home/airflow/.local/lib/python3.7/site-packages/airflow/example_dags/example_bash_operator.py for tasks to queue
[2023-01-11T01:32:44.342+0000] {logging_mixin.py:120} INFO - [2023-01-11T01:32:44.342+0000] {dagbag.py:537} INFO - Filling up the DagBag from /home/airflow/.local/lib/python3.7/site-packages/airflow/example_dags/example_bash_operator.py
[2023-01-11T01:32:44.389+0000] {processor.py:766} INFO - DAG(s) dict_keys(['example_bash_operator']) retrieved from /home/airflow/.local/lib/python3.7/site-packages/airflow/example_dags/example_bash_operator.py
[2023-01-11T01:32:44.486+0000] {logging_mixin.py:120} INFO - [2023-01-11T01:32:44.485+0000] {dag.py:2585} INFO - Sync 1 DAGs
[2023-01-11T01:32:44.550+0000] {logging_mixin.py:120} INFO - [2023-01-11T01:32:44.550+0000] {dag.py:3340} INFO - Setting next_dagrun for example_bash_operator to 2023-01-10T00:00:00+00:00, run_after=2023-01-11T00:00:00+00:00
[2023-01-11T01:32:44.592+0000] {processor.py:176} INFO - Processing /home/airflow/.local/lib/python3.7/site-packages/airflow/example_dags/example_bash_operator.py took 0.259 seconds
[2023-01-11T01:33:14.703+0000] {processor.py:154} INFO - Started process (PID=20237) to work on /home/airflow/.local/lib/python3.7/site-packages/airflow/example_dags/example_bash_operator.py
[2023-01-11T01:33:14.706+0000] {processor.py:756} INFO - Processing file /home/airflow/.local/lib/python3.7/site-packages/airflow/example_dags/example_bash_operator.py for tasks to queue
[2023-01-11T01:33:14.709+0000] {logging_mixin.py:120} INFO - [2023-01-11T01:33:14.709+0000] {dagbag.py:537} INFO - Filling up the DagBag from /home/airflow/.local/lib/python3.7/site-packages/airflow/example_dags/example_bash_operator.py
[2023-01-11T01:33:14.756+0000] {processor.py:766} INFO - DAG(s) dict_keys(['example_bash_operator']) retrieved from /home/airflow/.local/lib/python3.7/site-packages/airflow/example_dags/example_bash_operator.py
[2023-01-11T01:33:14.853+0000] {logging_mixin.py:120} INFO - [2023-01-11T01:33:14.852+0000] {dag.py:2585} INFO - Sync 1 DAGs
[2023-01-11T01:33:14.921+0000] {logging_mixin.py:120} INFO - [2023-01-11T01:33:14.921+0000] {dag.py:3340} INFO - Setting next_dagrun for example_bash_operator to 2023-01-10T00:00:00+00:00, run_after=2023-01-11T00:00:00+00:00
[2023-01-11T01:33:14.981+0000] {processor.py:176} INFO - Processing /home/airflow/.local/lib/python3.7/site-packages/airflow/example_dags/example_bash_operator.py took 0.287 seconds
[2023-01-11T01:33:45.082+0000] {processor.py:154} INFO - Started process (PID=20304) to work on /home/airflow/.local/lib/python3.7/site-packages/airflow/example_dags/example_bash_operator.py
[2023-01-11T01:33:45.084+0000] {processor.py:756} INFO - Processing file /home/airflow/.local/lib/python3.7/site-packages/airflow/example_dags/example_bash_operator.py for tasks to queue
[2023-01-11T01:33:45.087+0000] {logging_mixin.py:120} INFO - [2023-01-11T01:33:45.086+0000] {dagbag.py:537} INFO - Filling up the DagBag from /home/airflow/.local/lib/python3.7/site-packages/airflow/example_dags/example_bash_operator.py
[2023-01-11T01:33:45.149+0000] {processor.py:766} INFO - DAG(s) dict_keys(['example_bash_operator']) retrieved from /home/airflow/.local/lib/python3.7/site-packages/airflow/example_dags/example_bash_operator.py
[2023-01-11T01:33:45.221+0000] {logging_mixin.py:120} INFO - [2023-01-11T01:33:45.220+0000] {dag.py:2585} INFO - Sync 1 DAGs
[2023-01-11T01:33:45.265+0000] {logging_mixin.py:120} INFO - [2023-01-11T01:33:45.264+0000] {dag.py:3340} INFO - Setting next_dagrun for example_bash_operator to 2023-01-10T00:00:00+00:00, run_after=2023-01-11T00:00:00+00:00
[2023-01-11T01:33:45.305+0000] {processor.py:176} INFO - Processing /home/airflow/.local/lib/python3.7/site-packages/airflow/example_dags/example_bash_operator.py took 0.232 seconds
[2023-01-11T01:34:16.191+0000] {processor.py:154} INFO - Started process (PID=20362) to work on /home/airflow/.local/lib/python3.7/site-packages/airflow/example_dags/example_bash_operator.py
[2023-01-11T01:34:16.192+0000] {processor.py:756} INFO - Processing file /home/airflow/.local/lib/python3.7/site-packages/airflow/example_dags/example_bash_operator.py for tasks to queue
[2023-01-11T01:34:16.193+0000] {logging_mixin.py:120} INFO - [2023-01-11T01:34:16.193+0000] {dagbag.py:537} INFO - Filling up the DagBag from /home/airflow/.local/lib/python3.7/site-packages/airflow/example_dags/example_bash_operator.py
[2023-01-11T01:34:16.228+0000] {processor.py:766} INFO - DAG(s) dict_keys(['example_bash_operator']) retrieved from /home/airflow/.local/lib/python3.7/site-packages/airflow/example_dags/example_bash_operator.py
[2023-01-11T01:34:16.291+0000] {logging_mixin.py:120} INFO - [2023-01-11T01:34:16.290+0000] {dag.py:2585} INFO - Sync 1 DAGs
[2023-01-11T01:34:16.320+0000] {logging_mixin.py:120} INFO - [2023-01-11T01:34:16.320+0000] {dag.py:3340} INFO - Setting next_dagrun for example_bash_operator to 2023-01-10T00:00:00+00:00, run_after=2023-01-11T00:00:00+00:00
[2023-01-11T01:34:16.343+0000] {processor.py:176} INFO - Processing /home/airflow/.local/lib/python3.7/site-packages/airflow/example_dags/example_bash_operator.py took 0.160 seconds
[2023-01-11T01:34:46.859+0000] {processor.py:154} INFO - Started process (PID=20429) to work on /home/airflow/.local/lib/python3.7/site-packages/airflow/example_dags/example_bash_operator.py
[2023-01-11T01:34:46.861+0000] {processor.py:756} INFO - Processing file /home/airflow/.local/lib/python3.7/site-packages/airflow/example_dags/example_bash_operator.py for tasks to queue
[2023-01-11T01:34:46.863+0000] {logging_mixin.py:120} INFO - [2023-01-11T01:34:46.862+0000] {dagbag.py:537} INFO - Filling up the DagBag from /home/airflow/.local/lib/python3.7/site-packages/airflow/example_dags/example_bash_operator.py
[2023-01-11T01:34:46.908+0000] {processor.py:766} INFO - DAG(s) dict_keys(['example_bash_operator']) retrieved from /home/airflow/.local/lib/python3.7/site-packages/airflow/example_dags/example_bash_operator.py
[2023-01-11T01:34:47.001+0000] {logging_mixin.py:120} INFO - [2023-01-11T01:34:47.001+0000] {dag.py:2585} INFO - Sync 1 DAGs
[2023-01-11T01:34:47.043+0000] {logging_mixin.py:120} INFO - [2023-01-11T01:34:47.043+0000] {dag.py:3340} INFO - Setting next_dagrun for example_bash_operator to 2023-01-10T00:00:00+00:00, run_after=2023-01-11T00:00:00+00:00
[2023-01-11T01:34:47.074+0000] {processor.py:176} INFO - Processing /home/airflow/.local/lib/python3.7/site-packages/airflow/example_dags/example_bash_operator.py took 0.219 seconds
[2023-01-11T01:35:17.150+0000] {processor.py:154} INFO - Started process (PID=20498) to work on /home/airflow/.local/lib/python3.7/site-packages/airflow/example_dags/example_bash_operator.py
[2023-01-11T01:35:17.152+0000] {processor.py:756} INFO - Processing file /home/airflow/.local/lib/python3.7/site-packages/airflow/example_dags/example_bash_operator.py for tasks to queue
[2023-01-11T01:35:17.153+0000] {logging_mixin.py:120} INFO - [2023-01-11T01:35:17.153+0000] {dagbag.py:537} INFO - Filling up the DagBag from /home/airflow/.local/lib/python3.7/site-packages/airflow/example_dags/example_bash_operator.py
[2023-01-11T01:35:17.187+0000] {processor.py:766} INFO - DAG(s) dict_keys(['example_bash_operator']) retrieved from /home/airflow/.local/lib/python3.7/site-packages/airflow/example_dags/example_bash_operator.py
[2023-01-11T01:35:17.264+0000] {logging_mixin.py:120} INFO - [2023-01-11T01:35:17.264+0000] {dag.py:2585} INFO - Sync 1 DAGs
[2023-01-11T01:35:17.305+0000] {logging_mixin.py:120} INFO - [2023-01-11T01:35:17.305+0000] {dag.py:3340} INFO - Setting next_dagrun for example_bash_operator to 2023-01-10T00:00:00+00:00, run_after=2023-01-11T00:00:00+00:00
[2023-01-11T01:35:17.348+0000] {processor.py:176} INFO - Processing /home/airflow/.local/lib/python3.7/site-packages/airflow/example_dags/example_bash_operator.py took 0.204 seconds
[2023-01-11T01:35:47.641+0000] {processor.py:154} INFO - Started process (PID=20555) to work on /home/airflow/.local/lib/python3.7/site-packages/airflow/example_dags/example_bash_operator.py
[2023-01-11T01:35:47.642+0000] {processor.py:756} INFO - Processing file /home/airflow/.local/lib/python3.7/site-packages/airflow/example_dags/example_bash_operator.py for tasks to queue
[2023-01-11T01:35:47.643+0000] {logging_mixin.py:120} INFO - [2023-01-11T01:35:47.643+0000] {dagbag.py:537} INFO - Filling up the DagBag from /home/airflow/.local/lib/python3.7/site-packages/airflow/example_dags/example_bash_operator.py
[2023-01-11T01:35:47.668+0000] {processor.py:766} INFO - DAG(s) dict_keys(['example_bash_operator']) retrieved from /home/airflow/.local/lib/python3.7/site-packages/airflow/example_dags/example_bash_operator.py
[2023-01-11T01:35:47.726+0000] {logging_mixin.py:120} INFO - [2023-01-11T01:35:47.726+0000] {dag.py:2585} INFO - Sync 1 DAGs
[2023-01-11T01:35:47.763+0000] {logging_mixin.py:120} INFO - [2023-01-11T01:35:47.762+0000] {dag.py:3340} INFO - Setting next_dagrun for example_bash_operator to 2023-01-10T00:00:00+00:00, run_after=2023-01-11T00:00:00+00:00
[2023-01-11T01:35:47.792+0000] {processor.py:176} INFO - Processing /home/airflow/.local/lib/python3.7/site-packages/airflow/example_dags/example_bash_operator.py took 0.155 seconds
[2023-01-11T01:36:18.136+0000] {processor.py:154} INFO - Started process (PID=20621) to work on /home/airflow/.local/lib/python3.7/site-packages/airflow/example_dags/example_bash_operator.py
[2023-01-11T01:36:18.138+0000] {processor.py:756} INFO - Processing file /home/airflow/.local/lib/python3.7/site-packages/airflow/example_dags/example_bash_operator.py for tasks to queue
[2023-01-11T01:36:18.141+0000] {logging_mixin.py:120} INFO - [2023-01-11T01:36:18.140+0000] {dagbag.py:537} INFO - Filling up the DagBag from /home/airflow/.local/lib/python3.7/site-packages/airflow/example_dags/example_bash_operator.py
[2023-01-11T01:36:18.200+0000] {processor.py:766} INFO - DAG(s) dict_keys(['example_bash_operator']) retrieved from /home/airflow/.local/lib/python3.7/site-packages/airflow/example_dags/example_bash_operator.py
[2023-01-11T01:36:18.305+0000] {logging_mixin.py:120} INFO - [2023-01-11T01:36:18.305+0000] {dag.py:2585} INFO - Sync 1 DAGs
[2023-01-11T01:36:18.368+0000] {logging_mixin.py:120} INFO - [2023-01-11T01:36:18.367+0000] {dag.py:3340} INFO - Setting next_dagrun for example_bash_operator to 2023-01-10T00:00:00+00:00, run_after=2023-01-11T00:00:00+00:00
[2023-01-11T01:36:18.394+0000] {processor.py:176} INFO - Processing /home/airflow/.local/lib/python3.7/site-packages/airflow/example_dags/example_bash_operator.py took 0.266 seconds
[2023-01-11T01:36:48.507+0000] {processor.py:154} INFO - Started process (PID=20679) to work on /home/airflow/.local/lib/python3.7/site-packages/airflow/example_dags/example_bash_operator.py
[2023-01-11T01:36:48.509+0000] {processor.py:756} INFO - Processing file /home/airflow/.local/lib/python3.7/site-packages/airflow/example_dags/example_bash_operator.py for tasks to queue
[2023-01-11T01:36:48.512+0000] {logging_mixin.py:120} INFO - [2023-01-11T01:36:48.512+0000] {dagbag.py:537} INFO - Filling up the DagBag from /home/airflow/.local/lib/python3.7/site-packages/airflow/example_dags/example_bash_operator.py
[2023-01-11T01:36:48.580+0000] {processor.py:766} INFO - DAG(s) dict_keys(['example_bash_operator']) retrieved from /home/airflow/.local/lib/python3.7/site-packages/airflow/example_dags/example_bash_operator.py
[2023-01-11T01:36:48.666+0000] {logging_mixin.py:120} INFO - [2023-01-11T01:36:48.666+0000] {dag.py:2585} INFO - Sync 1 DAGs
[2023-01-11T01:36:48.718+0000] {logging_mixin.py:120} INFO - [2023-01-11T01:36:48.718+0000] {dag.py:3340} INFO - Setting next_dagrun for example_bash_operator to 2023-01-10T00:00:00+00:00, run_after=2023-01-11T00:00:00+00:00
[2023-01-11T01:36:48.743+0000] {processor.py:176} INFO - Processing /home/airflow/.local/lib/python3.7/site-packages/airflow/example_dags/example_bash_operator.py took 0.245 seconds
[2023-01-11T01:37:19.012+0000] {processor.py:154} INFO - Started process (PID=20746) to work on /home/airflow/.local/lib/python3.7/site-packages/airflow/example_dags/example_bash_operator.py
[2023-01-11T01:37:19.015+0000] {processor.py:756} INFO - Processing file /home/airflow/.local/lib/python3.7/site-packages/airflow/example_dags/example_bash_operator.py for tasks to queue
[2023-01-11T01:37:19.018+0000] {logging_mixin.py:120} INFO - [2023-01-11T01:37:19.017+0000] {dagbag.py:537} INFO - Filling up the DagBag from /home/airflow/.local/lib/python3.7/site-packages/airflow/example_dags/example_bash_operator.py
[2023-01-11T01:37:19.089+0000] {processor.py:766} INFO - DAG(s) dict_keys(['example_bash_operator']) retrieved from /home/airflow/.local/lib/python3.7/site-packages/airflow/example_dags/example_bash_operator.py
[2023-01-11T01:37:19.150+0000] {logging_mixin.py:120} INFO - [2023-01-11T01:37:19.150+0000] {dag.py:2585} INFO - Sync 1 DAGs
[2023-01-11T01:37:19.180+0000] {logging_mixin.py:120} INFO - [2023-01-11T01:37:19.180+0000] {dag.py:3340} INFO - Setting next_dagrun for example_bash_operator to 2023-01-10T00:00:00+00:00, run_after=2023-01-11T00:00:00+00:00
[2023-01-11T01:37:19.209+0000] {processor.py:176} INFO - Processing /home/airflow/.local/lib/python3.7/site-packages/airflow/example_dags/example_bash_operator.py took 0.207 seconds
[2023-01-11T01:37:49.693+0000] {processor.py:154} INFO - Started process (PID=20805) to work on /home/airflow/.local/lib/python3.7/site-packages/airflow/example_dags/example_bash_operator.py
[2023-01-11T01:37:49.695+0000] {processor.py:756} INFO - Processing file /home/airflow/.local/lib/python3.7/site-packages/airflow/example_dags/example_bash_operator.py for tasks to queue
[2023-01-11T01:37:49.697+0000] {logging_mixin.py:120} INFO - [2023-01-11T01:37:49.697+0000] {dagbag.py:537} INFO - Filling up the DagBag from /home/airflow/.local/lib/python3.7/site-packages/airflow/example_dags/example_bash_operator.py
[2023-01-11T01:37:49.738+0000] {processor.py:766} INFO - DAG(s) dict_keys(['example_bash_operator']) retrieved from /home/airflow/.local/lib/python3.7/site-packages/airflow/example_dags/example_bash_operator.py
[2023-01-11T01:37:49.789+0000] {logging_mixin.py:120} INFO - [2023-01-11T01:37:49.789+0000] {dag.py:2585} INFO - Sync 1 DAGs
[2023-01-11T01:37:49.817+0000] {logging_mixin.py:120} INFO - [2023-01-11T01:37:49.817+0000] {dag.py:3340} INFO - Setting next_dagrun for example_bash_operator to 2023-01-10T00:00:00+00:00, run_after=2023-01-11T00:00:00+00:00
[2023-01-11T01:37:49.837+0000] {processor.py:176} INFO - Processing /home/airflow/.local/lib/python3.7/site-packages/airflow/example_dags/example_bash_operator.py took 0.150 seconds
[2023-01-11T01:38:20.062+0000] {processor.py:154} INFO - Started process (PID=20874) to work on /home/airflow/.local/lib/python3.7/site-packages/airflow/example_dags/example_bash_operator.py
[2023-01-11T01:38:20.065+0000] {processor.py:756} INFO - Processing file /home/airflow/.local/lib/python3.7/site-packages/airflow/example_dags/example_bash_operator.py for tasks to queue
[2023-01-11T01:38:20.067+0000] {logging_mixin.py:120} INFO - [2023-01-11T01:38:20.067+0000] {dagbag.py:537} INFO - Filling up the DagBag from /home/airflow/.local/lib/python3.7/site-packages/airflow/example_dags/example_bash_operator.py
[2023-01-11T01:38:20.116+0000] {processor.py:766} INFO - DAG(s) dict_keys(['example_bash_operator']) retrieved from /home/airflow/.local/lib/python3.7/site-packages/airflow/example_dags/example_bash_operator.py
[2023-01-11T01:38:20.219+0000] {logging_mixin.py:120} INFO - [2023-01-11T01:38:20.218+0000] {dag.py:2585} INFO - Sync 1 DAGs
[2023-01-11T01:38:20.280+0000] {logging_mixin.py:120} INFO - [2023-01-11T01:38:20.279+0000] {dag.py:3340} INFO - Setting next_dagrun for example_bash_operator to 2023-01-10T00:00:00+00:00, run_after=2023-01-11T00:00:00+00:00
[2023-01-11T01:38:20.325+0000] {processor.py:176} INFO - Processing /home/airflow/.local/lib/python3.7/site-packages/airflow/example_dags/example_bash_operator.py took 0.274 seconds
[2023-01-11T01:38:50.553+0000] {processor.py:154} INFO - Started process (PID=20932) to work on /home/airflow/.local/lib/python3.7/site-packages/airflow/example_dags/example_bash_operator.py
[2023-01-11T01:38:50.554+0000] {processor.py:756} INFO - Processing file /home/airflow/.local/lib/python3.7/site-packages/airflow/example_dags/example_bash_operator.py for tasks to queue
[2023-01-11T01:38:50.557+0000] {logging_mixin.py:120} INFO - [2023-01-11T01:38:50.557+0000] {dagbag.py:537} INFO - Filling up the DagBag from /home/airflow/.local/lib/python3.7/site-packages/airflow/example_dags/example_bash_operator.py
[2023-01-11T01:38:50.595+0000] {processor.py:766} INFO - DAG(s) dict_keys(['example_bash_operator']) retrieved from /home/airflow/.local/lib/python3.7/site-packages/airflow/example_dags/example_bash_operator.py
[2023-01-11T01:38:50.682+0000] {logging_mixin.py:120} INFO - [2023-01-11T01:38:50.682+0000] {dag.py:2585} INFO - Sync 1 DAGs
[2023-01-11T01:38:50.727+0000] {logging_mixin.py:120} INFO - [2023-01-11T01:38:50.727+0000] {dag.py:3340} INFO - Setting next_dagrun for example_bash_operator to 2023-01-10T00:00:00+00:00, run_after=2023-01-11T00:00:00+00:00
[2023-01-11T01:38:50.761+0000] {processor.py:176} INFO - Processing /home/airflow/.local/lib/python3.7/site-packages/airflow/example_dags/example_bash_operator.py took 0.215 seconds
[2023-01-11T01:39:21.499+0000] {processor.py:154} INFO - Started process (PID=20999) to work on /home/airflow/.local/lib/python3.7/site-packages/airflow/example_dags/example_bash_operator.py
[2023-01-11T01:39:21.500+0000] {processor.py:756} INFO - Processing file /home/airflow/.local/lib/python3.7/site-packages/airflow/example_dags/example_bash_operator.py for tasks to queue
[2023-01-11T01:39:21.501+0000] {logging_mixin.py:120} INFO - [2023-01-11T01:39:21.501+0000] {dagbag.py:537} INFO - Filling up the DagBag from /home/airflow/.local/lib/python3.7/site-packages/airflow/example_dags/example_bash_operator.py
[2023-01-11T01:39:21.537+0000] {processor.py:766} INFO - DAG(s) dict_keys(['example_bash_operator']) retrieved from /home/airflow/.local/lib/python3.7/site-packages/airflow/example_dags/example_bash_operator.py
[2023-01-11T01:39:21.611+0000] {logging_mixin.py:120} INFO - [2023-01-11T01:39:21.610+0000] {dag.py:2585} INFO - Sync 1 DAGs
[2023-01-11T01:39:21.645+0000] {logging_mixin.py:120} INFO - [2023-01-11T01:39:21.645+0000] {dag.py:3340} INFO - Setting next_dagrun for example_bash_operator to 2023-01-10T00:00:00+00:00, run_after=2023-01-11T00:00:00+00:00
[2023-01-11T01:39:21.677+0000] {processor.py:176} INFO - Processing /home/airflow/.local/lib/python3.7/site-packages/airflow/example_dags/example_bash_operator.py took 0.183 seconds
[2023-01-11T01:39:52.312+0000] {processor.py:154} INFO - Started process (PID=21066) to work on /home/airflow/.local/lib/python3.7/site-packages/airflow/example_dags/example_bash_operator.py
[2023-01-11T01:39:52.314+0000] {processor.py:756} INFO - Processing file /home/airflow/.local/lib/python3.7/site-packages/airflow/example_dags/example_bash_operator.py for tasks to queue
[2023-01-11T01:39:52.316+0000] {logging_mixin.py:120} INFO - [2023-01-11T01:39:52.316+0000] {dagbag.py:537} INFO - Filling up the DagBag from /home/airflow/.local/lib/python3.7/site-packages/airflow/example_dags/example_bash_operator.py
[2023-01-11T01:39:52.359+0000] {processor.py:766} INFO - DAG(s) dict_keys(['example_bash_operator']) retrieved from /home/airflow/.local/lib/python3.7/site-packages/airflow/example_dags/example_bash_operator.py
[2023-01-11T01:39:52.494+0000] {logging_mixin.py:120} INFO - [2023-01-11T01:39:52.494+0000] {dag.py:2585} INFO - Sync 1 DAGs
[2023-01-11T01:39:52.545+0000] {logging_mixin.py:120} INFO - [2023-01-11T01:39:52.545+0000] {dag.py:3340} INFO - Setting next_dagrun for example_bash_operator to 2023-01-10T00:00:00+00:00, run_after=2023-01-11T00:00:00+00:00
[2023-01-11T01:39:52.585+0000] {processor.py:176} INFO - Processing /home/airflow/.local/lib/python3.7/site-packages/airflow/example_dags/example_bash_operator.py took 0.278 seconds
[2023-01-11T01:40:23.096+0000] {processor.py:154} INFO - Started process (PID=21124) to work on /home/airflow/.local/lib/python3.7/site-packages/airflow/example_dags/example_bash_operator.py
[2023-01-11T01:40:23.098+0000] {processor.py:756} INFO - Processing file /home/airflow/.local/lib/python3.7/site-packages/airflow/example_dags/example_bash_operator.py for tasks to queue
[2023-01-11T01:40:23.100+0000] {logging_mixin.py:120} INFO - [2023-01-11T01:40:23.100+0000] {dagbag.py:537} INFO - Filling up the DagBag from /home/airflow/.local/lib/python3.7/site-packages/airflow/example_dags/example_bash_operator.py
[2023-01-11T01:40:23.158+0000] {processor.py:766} INFO - DAG(s) dict_keys(['example_bash_operator']) retrieved from /home/airflow/.local/lib/python3.7/site-packages/airflow/example_dags/example_bash_operator.py
[2023-01-11T01:40:23.245+0000] {logging_mixin.py:120} INFO - [2023-01-11T01:40:23.245+0000] {dag.py:2585} INFO - Sync 1 DAGs
[2023-01-11T01:40:23.291+0000] {logging_mixin.py:120} INFO - [2023-01-11T01:40:23.291+0000] {dag.py:3340} INFO - Setting next_dagrun for example_bash_operator to 2023-01-10T00:00:00+00:00, run_after=2023-01-11T00:00:00+00:00
[2023-01-11T01:40:23.343+0000] {processor.py:176} INFO - Processing /home/airflow/.local/lib/python3.7/site-packages/airflow/example_dags/example_bash_operator.py took 0.256 seconds
[2023-01-11T01:40:53.528+0000] {processor.py:154} INFO - Started process (PID=21191) to work on /home/airflow/.local/lib/python3.7/site-packages/airflow/example_dags/example_bash_operator.py
[2023-01-11T01:40:53.530+0000] {processor.py:756} INFO - Processing file /home/airflow/.local/lib/python3.7/site-packages/airflow/example_dags/example_bash_operator.py for tasks to queue
[2023-01-11T01:40:53.532+0000] {logging_mixin.py:120} INFO - [2023-01-11T01:40:53.532+0000] {dagbag.py:537} INFO - Filling up the DagBag from /home/airflow/.local/lib/python3.7/site-packages/airflow/example_dags/example_bash_operator.py
[2023-01-11T01:40:53.579+0000] {processor.py:766} INFO - DAG(s) dict_keys(['example_bash_operator']) retrieved from /home/airflow/.local/lib/python3.7/site-packages/airflow/example_dags/example_bash_operator.py
[2023-01-11T01:40:53.628+0000] {logging_mixin.py:120} INFO - [2023-01-11T01:40:53.628+0000] {dag.py:2585} INFO - Sync 1 DAGs
[2023-01-11T01:40:53.656+0000] {logging_mixin.py:120} INFO - [2023-01-11T01:40:53.656+0000] {dag.py:3340} INFO - Setting next_dagrun for example_bash_operator to 2023-01-10T00:00:00+00:00, run_after=2023-01-11T00:00:00+00:00
[2023-01-11T01:40:53.746+0000] {processor.py:176} INFO - Processing /home/airflow/.local/lib/python3.7/site-packages/airflow/example_dags/example_bash_operator.py took 0.224 seconds
[2023-01-11T01:41:24.261+0000] {processor.py:154} INFO - Started process (PID=21258) to work on /home/airflow/.local/lib/python3.7/site-packages/airflow/example_dags/example_bash_operator.py
[2023-01-11T01:41:24.262+0000] {processor.py:756} INFO - Processing file /home/airflow/.local/lib/python3.7/site-packages/airflow/example_dags/example_bash_operator.py for tasks to queue
[2023-01-11T01:41:24.263+0000] {logging_mixin.py:120} INFO - [2023-01-11T01:41:24.263+0000] {dagbag.py:537} INFO - Filling up the DagBag from /home/airflow/.local/lib/python3.7/site-packages/airflow/example_dags/example_bash_operator.py
[2023-01-11T01:41:24.298+0000] {processor.py:766} INFO - DAG(s) dict_keys(['example_bash_operator']) retrieved from /home/airflow/.local/lib/python3.7/site-packages/airflow/example_dags/example_bash_operator.py
[2023-01-11T01:41:24.370+0000] {logging_mixin.py:120} INFO - [2023-01-11T01:41:24.370+0000] {dag.py:2585} INFO - Sync 1 DAGs
[2023-01-11T01:41:24.415+0000] {logging_mixin.py:120} INFO - [2023-01-11T01:41:24.415+0000] {dag.py:3340} INFO - Setting next_dagrun for example_bash_operator to 2023-01-10T00:00:00+00:00, run_after=2023-01-11T00:00:00+00:00
[2023-01-11T01:41:24.455+0000] {processor.py:176} INFO - Processing /home/airflow/.local/lib/python3.7/site-packages/airflow/example_dags/example_bash_operator.py took 0.198 seconds
[2023-01-11T01:41:55.108+0000] {processor.py:154} INFO - Started process (PID=21316) to work on /home/airflow/.local/lib/python3.7/site-packages/airflow/example_dags/example_bash_operator.py
[2023-01-11T01:41:55.109+0000] {processor.py:756} INFO - Processing file /home/airflow/.local/lib/python3.7/site-packages/airflow/example_dags/example_bash_operator.py for tasks to queue
[2023-01-11T01:41:55.111+0000] {logging_mixin.py:120} INFO - [2023-01-11T01:41:55.110+0000] {dagbag.py:537} INFO - Filling up the DagBag from /home/airflow/.local/lib/python3.7/site-packages/airflow/example_dags/example_bash_operator.py
[2023-01-11T01:41:55.141+0000] {processor.py:766} INFO - DAG(s) dict_keys(['example_bash_operator']) retrieved from /home/airflow/.local/lib/python3.7/site-packages/airflow/example_dags/example_bash_operator.py
[2023-01-11T01:41:55.205+0000] {logging_mixin.py:120} INFO - [2023-01-11T01:41:55.204+0000] {dag.py:2585} INFO - Sync 1 DAGs
[2023-01-11T01:41:55.243+0000] {logging_mixin.py:120} INFO - [2023-01-11T01:41:55.242+0000] {dag.py:3340} INFO - Setting next_dagrun for example_bash_operator to 2023-01-10T00:00:00+00:00, run_after=2023-01-11T00:00:00+00:00
[2023-01-11T01:41:55.272+0000] {processor.py:176} INFO - Processing /home/airflow/.local/lib/python3.7/site-packages/airflow/example_dags/example_bash_operator.py took 0.168 seconds
[2023-01-11T01:42:25.647+0000] {processor.py:154} INFO - Started process (PID=21384) to work on /home/airflow/.local/lib/python3.7/site-packages/airflow/example_dags/example_bash_operator.py
[2023-01-11T01:42:25.649+0000] {processor.py:756} INFO - Processing file /home/airflow/.local/lib/python3.7/site-packages/airflow/example_dags/example_bash_operator.py for tasks to queue
[2023-01-11T01:42:25.651+0000] {logging_mixin.py:120} INFO - [2023-01-11T01:42:25.650+0000] {dagbag.py:537} INFO - Filling up the DagBag from /home/airflow/.local/lib/python3.7/site-packages/airflow/example_dags/example_bash_operator.py
[2023-01-11T01:42:25.694+0000] {processor.py:766} INFO - DAG(s) dict_keys(['example_bash_operator']) retrieved from /home/airflow/.local/lib/python3.7/site-packages/airflow/example_dags/example_bash_operator.py
[2023-01-11T01:42:25.748+0000] {logging_mixin.py:120} INFO - [2023-01-11T01:42:25.748+0000] {dag.py:2585} INFO - Sync 1 DAGs
[2023-01-11T01:42:25.774+0000] {logging_mixin.py:120} INFO - [2023-01-11T01:42:25.774+0000] {dag.py:3340} INFO - Setting next_dagrun for example_bash_operator to 2023-01-10T00:00:00+00:00, run_after=2023-01-11T00:00:00+00:00
[2023-01-11T01:42:25.817+0000] {processor.py:176} INFO - Processing /home/airflow/.local/lib/python3.7/site-packages/airflow/example_dags/example_bash_operator.py took 0.175 seconds
[2023-01-11T01:42:56.410+0000] {processor.py:154} INFO - Started process (PID=21451) to work on /home/airflow/.local/lib/python3.7/site-packages/airflow/example_dags/example_bash_operator.py
[2023-01-11T01:42:56.411+0000] {processor.py:756} INFO - Processing file /home/airflow/.local/lib/python3.7/site-packages/airflow/example_dags/example_bash_operator.py for tasks to queue
[2023-01-11T01:42:56.413+0000] {logging_mixin.py:120} INFO - [2023-01-11T01:42:56.412+0000] {dagbag.py:537} INFO - Filling up the DagBag from /home/airflow/.local/lib/python3.7/site-packages/airflow/example_dags/example_bash_operator.py
[2023-01-11T01:42:56.447+0000] {processor.py:766} INFO - DAG(s) dict_keys(['example_bash_operator']) retrieved from /home/airflow/.local/lib/python3.7/site-packages/airflow/example_dags/example_bash_operator.py
[2023-01-11T01:42:56.520+0000] {logging_mixin.py:120} INFO - [2023-01-11T01:42:56.519+0000] {dag.py:2585} INFO - Sync 1 DAGs
[2023-01-11T01:42:56.557+0000] {logging_mixin.py:120} INFO - [2023-01-11T01:42:56.556+0000] {dag.py:3340} INFO - Setting next_dagrun for example_bash_operator to 2023-01-10T00:00:00+00:00, run_after=2023-01-11T00:00:00+00:00
[2023-01-11T01:42:56.587+0000] {processor.py:176} INFO - Processing /home/airflow/.local/lib/python3.7/site-packages/airflow/example_dags/example_bash_operator.py took 0.181 seconds
[2023-01-11T01:43:26.904+0000] {processor.py:154} INFO - Started process (PID=21509) to work on /home/airflow/.local/lib/python3.7/site-packages/airflow/example_dags/example_bash_operator.py
[2023-01-11T01:43:26.906+0000] {processor.py:756} INFO - Processing file /home/airflow/.local/lib/python3.7/site-packages/airflow/example_dags/example_bash_operator.py for tasks to queue
[2023-01-11T01:43:26.907+0000] {logging_mixin.py:120} INFO - [2023-01-11T01:43:26.906+0000] {dagbag.py:537} INFO - Filling up the DagBag from /home/airflow/.local/lib/python3.7/site-packages/airflow/example_dags/example_bash_operator.py
[2023-01-11T01:43:26.941+0000] {processor.py:766} INFO - DAG(s) dict_keys(['example_bash_operator']) retrieved from /home/airflow/.local/lib/python3.7/site-packages/airflow/example_dags/example_bash_operator.py
[2023-01-11T01:43:26.994+0000] {logging_mixin.py:120} INFO - [2023-01-11T01:43:26.993+0000] {dag.py:2585} INFO - Sync 1 DAGs
[2023-01-11T01:43:27.021+0000] {logging_mixin.py:120} INFO - [2023-01-11T01:43:27.021+0000] {dag.py:3340} INFO - Setting next_dagrun for example_bash_operator to 2023-01-10T00:00:00+00:00, run_after=2023-01-11T00:00:00+00:00
[2023-01-11T01:43:27.047+0000] {processor.py:176} INFO - Processing /home/airflow/.local/lib/python3.7/site-packages/airflow/example_dags/example_bash_operator.py took 0.148 seconds
[2023-01-11T01:43:57.300+0000] {processor.py:154} INFO - Started process (PID=21576) to work on /home/airflow/.local/lib/python3.7/site-packages/airflow/example_dags/example_bash_operator.py
[2023-01-11T01:43:57.302+0000] {processor.py:756} INFO - Processing file /home/airflow/.local/lib/python3.7/site-packages/airflow/example_dags/example_bash_operator.py for tasks to queue
[2023-01-11T01:43:57.305+0000] {logging_mixin.py:120} INFO - [2023-01-11T01:43:57.304+0000] {dagbag.py:537} INFO - Filling up the DagBag from /home/airflow/.local/lib/python3.7/site-packages/airflow/example_dags/example_bash_operator.py
[2023-01-11T01:43:57.364+0000] {processor.py:766} INFO - DAG(s) dict_keys(['example_bash_operator']) retrieved from /home/airflow/.local/lib/python3.7/site-packages/airflow/example_dags/example_bash_operator.py
[2023-01-11T01:43:57.451+0000] {logging_mixin.py:120} INFO - [2023-01-11T01:43:57.451+0000] {dag.py:2585} INFO - Sync 1 DAGs
[2023-01-11T01:43:57.504+0000] {logging_mixin.py:120} INFO - [2023-01-11T01:43:57.504+0000] {dag.py:3340} INFO - Setting next_dagrun for example_bash_operator to 2023-01-10T00:00:00+00:00, run_after=2023-01-11T00:00:00+00:00
[2023-01-11T01:43:57.547+0000] {processor.py:176} INFO - Processing /home/airflow/.local/lib/python3.7/site-packages/airflow/example_dags/example_bash_operator.py took 0.256 seconds
[2023-01-11T01:44:27.720+0000] {processor.py:154} INFO - Started process (PID=21641) to work on /home/airflow/.local/lib/python3.7/site-packages/airflow/example_dags/example_bash_operator.py
[2023-01-11T01:44:27.721+0000] {processor.py:756} INFO - Processing file /home/airflow/.local/lib/python3.7/site-packages/airflow/example_dags/example_bash_operator.py for tasks to queue
[2023-01-11T01:44:27.722+0000] {logging_mixin.py:120} INFO - [2023-01-11T01:44:27.722+0000] {dagbag.py:537} INFO - Filling up the DagBag from /home/airflow/.local/lib/python3.7/site-packages/airflow/example_dags/example_bash_operator.py
[2023-01-11T01:44:27.753+0000] {processor.py:766} INFO - DAG(s) dict_keys(['example_bash_operator']) retrieved from /home/airflow/.local/lib/python3.7/site-packages/airflow/example_dags/example_bash_operator.py
[2023-01-11T01:44:27.821+0000] {logging_mixin.py:120} INFO - [2023-01-11T01:44:27.821+0000] {dag.py:2585} INFO - Sync 1 DAGs
[2023-01-11T01:44:27.863+0000] {logging_mixin.py:120} INFO - [2023-01-11T01:44:27.863+0000] {dag.py:3340} INFO - Setting next_dagrun for example_bash_operator to 2023-01-10T00:00:00+00:00, run_after=2023-01-11T00:00:00+00:00
[2023-01-11T01:44:27.891+0000] {processor.py:176} INFO - Processing /home/airflow/.local/lib/python3.7/site-packages/airflow/example_dags/example_bash_operator.py took 0.175 seconds
[2023-01-11T01:44:58.126+0000] {processor.py:154} INFO - Started process (PID=21701) to work on /home/airflow/.local/lib/python3.7/site-packages/airflow/example_dags/example_bash_operator.py
[2023-01-11T01:44:58.128+0000] {processor.py:756} INFO - Processing file /home/airflow/.local/lib/python3.7/site-packages/airflow/example_dags/example_bash_operator.py for tasks to queue
[2023-01-11T01:44:58.131+0000] {logging_mixin.py:120} INFO - [2023-01-11T01:44:58.130+0000] {dagbag.py:537} INFO - Filling up the DagBag from /home/airflow/.local/lib/python3.7/site-packages/airflow/example_dags/example_bash_operator.py
[2023-01-11T01:44:58.190+0000] {processor.py:766} INFO - DAG(s) dict_keys(['example_bash_operator']) retrieved from /home/airflow/.local/lib/python3.7/site-packages/airflow/example_dags/example_bash_operator.py
[2023-01-11T01:44:58.294+0000] {logging_mixin.py:120} INFO - [2023-01-11T01:44:58.293+0000] {dag.py:2585} INFO - Sync 1 DAGs
[2023-01-11T01:44:58.355+0000] {logging_mixin.py:120} INFO - [2023-01-11T01:44:58.354+0000] {dag.py:3340} INFO - Setting next_dagrun for example_bash_operator to 2023-01-10T00:00:00+00:00, run_after=2023-01-11T00:00:00+00:00
[2023-01-11T01:44:58.404+0000] {processor.py:176} INFO - Processing /home/airflow/.local/lib/python3.7/site-packages/airflow/example_dags/example_bash_operator.py took 0.287 seconds
[2023-01-11T01:45:28.836+0000] {processor.py:154} INFO - Started process (PID=21768) to work on /home/airflow/.local/lib/python3.7/site-packages/airflow/example_dags/example_bash_operator.py
[2023-01-11T01:45:28.837+0000] {processor.py:756} INFO - Processing file /home/airflow/.local/lib/python3.7/site-packages/airflow/example_dags/example_bash_operator.py for tasks to queue
[2023-01-11T01:45:28.837+0000] {logging_mixin.py:120} INFO - [2023-01-11T01:45:28.837+0000] {dagbag.py:537} INFO - Filling up the DagBag from /home/airflow/.local/lib/python3.7/site-packages/airflow/example_dags/example_bash_operator.py
[2023-01-11T01:45:28.859+0000] {processor.py:766} INFO - DAG(s) dict_keys(['example_bash_operator']) retrieved from /home/airflow/.local/lib/python3.7/site-packages/airflow/example_dags/example_bash_operator.py
[2023-01-11T01:45:28.906+0000] {logging_mixin.py:120} INFO - [2023-01-11T01:45:28.906+0000] {dag.py:2585} INFO - Sync 1 DAGs
[2023-01-11T01:45:28.930+0000] {logging_mixin.py:120} INFO - [2023-01-11T01:45:28.930+0000] {dag.py:3340} INFO - Setting next_dagrun for example_bash_operator to 2023-01-10T00:00:00+00:00, run_after=2023-01-11T00:00:00+00:00
[2023-01-11T01:45:28.951+0000] {processor.py:176} INFO - Processing /home/airflow/.local/lib/python3.7/site-packages/airflow/example_dags/example_bash_operator.py took 0.119 seconds
[2023-01-11T01:45:59.434+0000] {processor.py:154} INFO - Started process (PID=21833) to work on /home/airflow/.local/lib/python3.7/site-packages/airflow/example_dags/example_bash_operator.py
[2023-01-11T01:45:59.437+0000] {processor.py:756} INFO - Processing file /home/airflow/.local/lib/python3.7/site-packages/airflow/example_dags/example_bash_operator.py for tasks to queue
[2023-01-11T01:45:59.440+0000] {logging_mixin.py:120} INFO - [2023-01-11T01:45:59.440+0000] {dagbag.py:537} INFO - Filling up the DagBag from /home/airflow/.local/lib/python3.7/site-packages/airflow/example_dags/example_bash_operator.py
[2023-01-11T01:45:59.485+0000] {processor.py:766} INFO - DAG(s) dict_keys(['example_bash_operator']) retrieved from /home/airflow/.local/lib/python3.7/site-packages/airflow/example_dags/example_bash_operator.py
[2023-01-11T01:45:59.589+0000] {logging_mixin.py:120} INFO - [2023-01-11T01:45:59.588+0000] {dag.py:2585} INFO - Sync 1 DAGs
[2023-01-11T01:45:59.686+0000] {logging_mixin.py:120} INFO - [2023-01-11T01:45:59.685+0000] {dag.py:3340} INFO - Setting next_dagrun for example_bash_operator to 2023-01-10T00:00:00+00:00, run_after=2023-01-11T00:00:00+00:00
[2023-01-11T01:45:59.749+0000] {processor.py:176} INFO - Processing /home/airflow/.local/lib/python3.7/site-packages/airflow/example_dags/example_bash_operator.py took 0.325 seconds
[2023-01-11T01:46:30.627+0000] {processor.py:154} INFO - Started process (PID=21894) to work on /home/airflow/.local/lib/python3.7/site-packages/airflow/example_dags/example_bash_operator.py
[2023-01-11T01:46:30.629+0000] {processor.py:756} INFO - Processing file /home/airflow/.local/lib/python3.7/site-packages/airflow/example_dags/example_bash_operator.py for tasks to queue
[2023-01-11T01:46:30.631+0000] {logging_mixin.py:120} INFO - [2023-01-11T01:46:30.631+0000] {dagbag.py:537} INFO - Filling up the DagBag from /home/airflow/.local/lib/python3.7/site-packages/airflow/example_dags/example_bash_operator.py
[2023-01-11T01:46:30.675+0000] {processor.py:766} INFO - DAG(s) dict_keys(['example_bash_operator']) retrieved from /home/airflow/.local/lib/python3.7/site-packages/airflow/example_dags/example_bash_operator.py
[2023-01-11T01:46:30.779+0000] {logging_mixin.py:120} INFO - [2023-01-11T01:46:30.778+0000] {dag.py:2585} INFO - Sync 1 DAGs
[2023-01-11T01:46:30.822+0000] {logging_mixin.py:120} INFO - [2023-01-11T01:46:30.822+0000] {dag.py:3340} INFO - Setting next_dagrun for example_bash_operator to 2023-01-10T00:00:00+00:00, run_after=2023-01-11T00:00:00+00:00
[2023-01-11T01:46:30.852+0000] {processor.py:176} INFO - Processing /home/airflow/.local/lib/python3.7/site-packages/airflow/example_dags/example_bash_operator.py took 0.233 seconds
