[2023-01-11T01:09:32.343+0000] {processor.py:154} INFO - Started process (PID=17323) to work on /home/airflow/.local/lib/python3.7/site-packages/airflow/example_dags/example_xcom.py
[2023-01-11T01:09:32.345+0000] {processor.py:756} INFO - Processing file /home/airflow/.local/lib/python3.7/site-packages/airflow/example_dags/example_xcom.py for tasks to queue
[2023-01-11T01:09:32.351+0000] {logging_mixin.py:120} INFO - [2023-01-11T01:09:32.351+0000] {dagbag.py:537} INFO - Filling up the DagBag from /home/airflow/.local/lib/python3.7/site-packages/airflow/example_dags/example_xcom.py
[2023-01-11T01:09:32.427+0000] {processor.py:766} INFO - DAG(s) dict_keys(['example_xcom']) retrieved from /home/airflow/.local/lib/python3.7/site-packages/airflow/example_dags/example_xcom.py
[2023-01-11T01:09:32.630+0000] {logging_mixin.py:120} INFO - [2023-01-11T01:09:32.626+0000] {dag.py:2585} INFO - Sync 1 DAGs
[2023-01-11T01:09:32.739+0000] {logging_mixin.py:120} INFO - [2023-01-11T01:09:32.739+0000] {dag.py:3340} INFO - Setting next_dagrun for example_xcom to 2021-01-01T00:00:00+00:00, run_after=2021-01-01T00:00:00+00:00
[2023-01-11T01:09:32.997+0000] {processor.py:176} INFO - Processing /home/airflow/.local/lib/python3.7/site-packages/airflow/example_dags/example_xcom.py took 0.659 seconds
[2023-01-11T01:10:03.924+0000] {processor.py:154} INFO - Started process (PID=17379) to work on /home/airflow/.local/lib/python3.7/site-packages/airflow/example_dags/example_xcom.py
[2023-01-11T01:10:03.924+0000] {processor.py:756} INFO - Processing file /home/airflow/.local/lib/python3.7/site-packages/airflow/example_dags/example_xcom.py for tasks to queue
[2023-01-11T01:10:03.925+0000] {logging_mixin.py:120} INFO - [2023-01-11T01:10:03.925+0000] {dagbag.py:537} INFO - Filling up the DagBag from /home/airflow/.local/lib/python3.7/site-packages/airflow/example_dags/example_xcom.py
[2023-01-11T01:10:03.944+0000] {processor.py:766} INFO - DAG(s) dict_keys(['example_xcom']) retrieved from /home/airflow/.local/lib/python3.7/site-packages/airflow/example_dags/example_xcom.py
[2023-01-11T01:10:03.979+0000] {logging_mixin.py:120} INFO - [2023-01-11T01:10:03.979+0000] {dag.py:2585} INFO - Sync 1 DAGs
[2023-01-11T01:10:04.003+0000] {logging_mixin.py:120} INFO - [2023-01-11T01:10:04.002+0000] {dag.py:3340} INFO - Setting next_dagrun for example_xcom to 2021-01-01T00:00:00+00:00, run_after=2021-01-01T00:00:00+00:00
[2023-01-11T01:10:04.060+0000] {processor.py:176} INFO - Processing /home/airflow/.local/lib/python3.7/site-packages/airflow/example_dags/example_xcom.py took 0.139 seconds
[2023-01-11T01:10:34.219+0000] {processor.py:154} INFO - Started process (PID=17446) to work on /home/airflow/.local/lib/python3.7/site-packages/airflow/example_dags/example_xcom.py
[2023-01-11T01:10:34.220+0000] {processor.py:756} INFO - Processing file /home/airflow/.local/lib/python3.7/site-packages/airflow/example_dags/example_xcom.py for tasks to queue
[2023-01-11T01:10:34.222+0000] {logging_mixin.py:120} INFO - [2023-01-11T01:10:34.222+0000] {dagbag.py:537} INFO - Filling up the DagBag from /home/airflow/.local/lib/python3.7/site-packages/airflow/example_dags/example_xcom.py
[2023-01-11T01:10:34.275+0000] {processor.py:766} INFO - DAG(s) dict_keys(['example_xcom']) retrieved from /home/airflow/.local/lib/python3.7/site-packages/airflow/example_dags/example_xcom.py
[2023-01-11T01:10:34.362+0000] {logging_mixin.py:120} INFO - [2023-01-11T01:10:34.362+0000] {dag.py:2585} INFO - Sync 1 DAGs
[2023-01-11T01:10:34.397+0000] {logging_mixin.py:120} INFO - [2023-01-11T01:10:34.397+0000] {dag.py:3340} INFO - Setting next_dagrun for example_xcom to 2021-01-01T00:00:00+00:00, run_after=2021-01-01T00:00:00+00:00
[2023-01-11T01:10:34.422+0000] {processor.py:176} INFO - Processing /home/airflow/.local/lib/python3.7/site-packages/airflow/example_dags/example_xcom.py took 0.206 seconds
[2023-01-11T01:11:04.550+0000] {processor.py:154} INFO - Started process (PID=17504) to work on /home/airflow/.local/lib/python3.7/site-packages/airflow/example_dags/example_xcom.py
[2023-01-11T01:11:04.551+0000] {processor.py:756} INFO - Processing file /home/airflow/.local/lib/python3.7/site-packages/airflow/example_dags/example_xcom.py for tasks to queue
[2023-01-11T01:11:04.553+0000] {logging_mixin.py:120} INFO - [2023-01-11T01:11:04.553+0000] {dagbag.py:537} INFO - Filling up the DagBag from /home/airflow/.local/lib/python3.7/site-packages/airflow/example_dags/example_xcom.py
[2023-01-11T01:11:04.583+0000] {processor.py:766} INFO - DAG(s) dict_keys(['example_xcom']) retrieved from /home/airflow/.local/lib/python3.7/site-packages/airflow/example_dags/example_xcom.py
[2023-01-11T01:11:04.632+0000] {logging_mixin.py:120} INFO - [2023-01-11T01:11:04.631+0000] {dag.py:2585} INFO - Sync 1 DAGs
[2023-01-11T01:11:04.676+0000] {logging_mixin.py:120} INFO - [2023-01-11T01:11:04.676+0000] {dag.py:3340} INFO - Setting next_dagrun for example_xcom to 2021-01-01T00:00:00+00:00, run_after=2021-01-01T00:00:00+00:00
[2023-01-11T01:11:04.705+0000] {processor.py:176} INFO - Processing /home/airflow/.local/lib/python3.7/site-packages/airflow/example_dags/example_xcom.py took 0.160 seconds
[2023-01-11T01:11:34.962+0000] {processor.py:154} INFO - Started process (PID=17571) to work on /home/airflow/.local/lib/python3.7/site-packages/airflow/example_dags/example_xcom.py
[2023-01-11T01:11:34.965+0000] {processor.py:756} INFO - Processing file /home/airflow/.local/lib/python3.7/site-packages/airflow/example_dags/example_xcom.py for tasks to queue
[2023-01-11T01:11:34.969+0000] {logging_mixin.py:120} INFO - [2023-01-11T01:11:34.968+0000] {dagbag.py:537} INFO - Filling up the DagBag from /home/airflow/.local/lib/python3.7/site-packages/airflow/example_dags/example_xcom.py
[2023-01-11T01:11:35.039+0000] {processor.py:766} INFO - DAG(s) dict_keys(['example_xcom']) retrieved from /home/airflow/.local/lib/python3.7/site-packages/airflow/example_dags/example_xcom.py
[2023-01-11T01:11:35.131+0000] {logging_mixin.py:120} INFO - [2023-01-11T01:11:35.130+0000] {dag.py:2585} INFO - Sync 1 DAGs
[2023-01-11T01:11:35.198+0000] {logging_mixin.py:120} INFO - [2023-01-11T01:11:35.197+0000] {dag.py:3340} INFO - Setting next_dagrun for example_xcom to 2021-01-01T00:00:00+00:00, run_after=2021-01-01T00:00:00+00:00
[2023-01-11T01:11:35.256+0000] {processor.py:176} INFO - Processing /home/airflow/.local/lib/python3.7/site-packages/airflow/example_dags/example_xcom.py took 0.303 seconds
[2023-01-11T01:12:05.996+0000] {processor.py:154} INFO - Started process (PID=17629) to work on /home/airflow/.local/lib/python3.7/site-packages/airflow/example_dags/example_xcom.py
[2023-01-11T01:12:05.998+0000] {processor.py:756} INFO - Processing file /home/airflow/.local/lib/python3.7/site-packages/airflow/example_dags/example_xcom.py for tasks to queue
[2023-01-11T01:12:06.000+0000] {logging_mixin.py:120} INFO - [2023-01-11T01:12:06.000+0000] {dagbag.py:537} INFO - Filling up the DagBag from /home/airflow/.local/lib/python3.7/site-packages/airflow/example_dags/example_xcom.py
[2023-01-11T01:12:06.051+0000] {processor.py:766} INFO - DAG(s) dict_keys(['example_xcom']) retrieved from /home/airflow/.local/lib/python3.7/site-packages/airflow/example_dags/example_xcom.py
[2023-01-11T01:12:06.126+0000] {logging_mixin.py:120} INFO - [2023-01-11T01:12:06.126+0000] {dag.py:2585} INFO - Sync 1 DAGs
[2023-01-11T01:12:06.185+0000] {logging_mixin.py:120} INFO - [2023-01-11T01:12:06.185+0000] {dag.py:3340} INFO - Setting next_dagrun for example_xcom to 2021-01-01T00:00:00+00:00, run_after=2021-01-01T00:00:00+00:00
[2023-01-11T01:12:06.230+0000] {processor.py:176} INFO - Processing /home/airflow/.local/lib/python3.7/site-packages/airflow/example_dags/example_xcom.py took 0.245 seconds
[2023-01-11T01:12:36.897+0000] {processor.py:154} INFO - Started process (PID=17696) to work on /home/airflow/.local/lib/python3.7/site-packages/airflow/example_dags/example_xcom.py
[2023-01-11T01:12:36.898+0000] {processor.py:756} INFO - Processing file /home/airflow/.local/lib/python3.7/site-packages/airflow/example_dags/example_xcom.py for tasks to queue
[2023-01-11T01:12:36.898+0000] {logging_mixin.py:120} INFO - [2023-01-11T01:12:36.898+0000] {dagbag.py:537} INFO - Filling up the DagBag from /home/airflow/.local/lib/python3.7/site-packages/airflow/example_dags/example_xcom.py
[2023-01-11T01:12:36.923+0000] {processor.py:766} INFO - DAG(s) dict_keys(['example_xcom']) retrieved from /home/airflow/.local/lib/python3.7/site-packages/airflow/example_dags/example_xcom.py
[2023-01-11T01:12:36.966+0000] {logging_mixin.py:120} INFO - [2023-01-11T01:12:36.966+0000] {dag.py:2585} INFO - Sync 1 DAGs
[2023-01-11T01:12:36.992+0000] {logging_mixin.py:120} INFO - [2023-01-11T01:12:36.992+0000] {dag.py:3340} INFO - Setting next_dagrun for example_xcom to 2021-01-01T00:00:00+00:00, run_after=2021-01-01T00:00:00+00:00
[2023-01-11T01:12:37.019+0000] {processor.py:176} INFO - Processing /home/airflow/.local/lib/python3.7/site-packages/airflow/example_dags/example_xcom.py took 0.125 seconds
[2023-01-11T01:13:07.163+0000] {processor.py:154} INFO - Started process (PID=17754) to work on /home/airflow/.local/lib/python3.7/site-packages/airflow/example_dags/example_xcom.py
[2023-01-11T01:13:07.163+0000] {processor.py:756} INFO - Processing file /home/airflow/.local/lib/python3.7/site-packages/airflow/example_dags/example_xcom.py for tasks to queue
[2023-01-11T01:13:07.164+0000] {logging_mixin.py:120} INFO - [2023-01-11T01:13:07.164+0000] {dagbag.py:537} INFO - Filling up the DagBag from /home/airflow/.local/lib/python3.7/site-packages/airflow/example_dags/example_xcom.py
[2023-01-11T01:13:07.197+0000] {processor.py:766} INFO - DAG(s) dict_keys(['example_xcom']) retrieved from /home/airflow/.local/lib/python3.7/site-packages/airflow/example_dags/example_xcom.py
[2023-01-11T01:13:07.247+0000] {logging_mixin.py:120} INFO - [2023-01-11T01:13:07.247+0000] {dag.py:2585} INFO - Sync 1 DAGs
[2023-01-11T01:13:07.281+0000] {logging_mixin.py:120} INFO - [2023-01-11T01:13:07.281+0000] {dag.py:3340} INFO - Setting next_dagrun for example_xcom to 2021-01-01T00:00:00+00:00, run_after=2021-01-01T00:00:00+00:00
[2023-01-11T01:13:07.308+0000] {processor.py:176} INFO - Processing /home/airflow/.local/lib/python3.7/site-packages/airflow/example_dags/example_xcom.py took 0.149 seconds
[2023-01-11T01:13:37.970+0000] {processor.py:154} INFO - Started process (PID=17821) to work on /home/airflow/.local/lib/python3.7/site-packages/airflow/example_dags/example_xcom.py
[2023-01-11T01:13:37.972+0000] {processor.py:756} INFO - Processing file /home/airflow/.local/lib/python3.7/site-packages/airflow/example_dags/example_xcom.py for tasks to queue
[2023-01-11T01:13:37.974+0000] {logging_mixin.py:120} INFO - [2023-01-11T01:13:37.974+0000] {dagbag.py:537} INFO - Filling up the DagBag from /home/airflow/.local/lib/python3.7/site-packages/airflow/example_dags/example_xcom.py
[2023-01-11T01:13:38.017+0000] {processor.py:766} INFO - DAG(s) dict_keys(['example_xcom']) retrieved from /home/airflow/.local/lib/python3.7/site-packages/airflow/example_dags/example_xcom.py
[2023-01-11T01:13:38.112+0000] {logging_mixin.py:120} INFO - [2023-01-11T01:13:38.111+0000] {dag.py:2585} INFO - Sync 1 DAGs
[2023-01-11T01:13:38.166+0000] {logging_mixin.py:120} INFO - [2023-01-11T01:13:38.165+0000] {dag.py:3340} INFO - Setting next_dagrun for example_xcom to 2021-01-01T00:00:00+00:00, run_after=2021-01-01T00:00:00+00:00
[2023-01-11T01:13:38.207+0000] {processor.py:176} INFO - Processing /home/airflow/.local/lib/python3.7/site-packages/airflow/example_dags/example_xcom.py took 0.245 seconds
[2023-01-11T01:14:08.671+0000] {processor.py:154} INFO - Started process (PID=17888) to work on /home/airflow/.local/lib/python3.7/site-packages/airflow/example_dags/example_xcom.py
[2023-01-11T01:14:08.672+0000] {processor.py:756} INFO - Processing file /home/airflow/.local/lib/python3.7/site-packages/airflow/example_dags/example_xcom.py for tasks to queue
[2023-01-11T01:14:08.673+0000] {logging_mixin.py:120} INFO - [2023-01-11T01:14:08.673+0000] {dagbag.py:537} INFO - Filling up the DagBag from /home/airflow/.local/lib/python3.7/site-packages/airflow/example_dags/example_xcom.py
[2023-01-11T01:14:08.703+0000] {processor.py:766} INFO - DAG(s) dict_keys(['example_xcom']) retrieved from /home/airflow/.local/lib/python3.7/site-packages/airflow/example_dags/example_xcom.py
[2023-01-11T01:14:08.745+0000] {logging_mixin.py:120} INFO - [2023-01-11T01:14:08.745+0000] {dag.py:2585} INFO - Sync 1 DAGs
[2023-01-11T01:14:08.771+0000] {logging_mixin.py:120} INFO - [2023-01-11T01:14:08.771+0000] {dag.py:3340} INFO - Setting next_dagrun for example_xcom to 2021-01-01T00:00:00+00:00, run_after=2021-01-01T00:00:00+00:00
[2023-01-11T01:14:08.796+0000] {processor.py:176} INFO - Processing /home/airflow/.local/lib/python3.7/site-packages/airflow/example_dags/example_xcom.py took 0.128 seconds
[2023-01-11T01:14:38.830+0000] {processor.py:154} INFO - Started process (PID=17947) to work on /home/airflow/.local/lib/python3.7/site-packages/airflow/example_dags/example_xcom.py
[2023-01-11T01:14:38.831+0000] {processor.py:756} INFO - Processing file /home/airflow/.local/lib/python3.7/site-packages/airflow/example_dags/example_xcom.py for tasks to queue
[2023-01-11T01:14:38.832+0000] {logging_mixin.py:120} INFO - [2023-01-11T01:14:38.832+0000] {dagbag.py:537} INFO - Filling up the DagBag from /home/airflow/.local/lib/python3.7/site-packages/airflow/example_dags/example_xcom.py
[2023-01-11T01:14:38.854+0000] {processor.py:766} INFO - DAG(s) dict_keys(['example_xcom']) retrieved from /home/airflow/.local/lib/python3.7/site-packages/airflow/example_dags/example_xcom.py
[2023-01-11T01:14:38.903+0000] {logging_mixin.py:120} INFO - [2023-01-11T01:14:38.903+0000] {dag.py:2585} INFO - Sync 1 DAGs
[2023-01-11T01:14:38.930+0000] {logging_mixin.py:120} INFO - [2023-01-11T01:14:38.930+0000] {dag.py:3340} INFO - Setting next_dagrun for example_xcom to 2021-01-01T00:00:00+00:00, run_after=2021-01-01T00:00:00+00:00
[2023-01-11T01:14:38.956+0000] {processor.py:176} INFO - Processing /home/airflow/.local/lib/python3.7/site-packages/airflow/example_dags/example_xcom.py took 0.128 seconds
[2023-01-11T01:15:10.218+0000] {processor.py:154} INFO - Started process (PID=18014) to work on /home/airflow/.local/lib/python3.7/site-packages/airflow/example_dags/example_xcom.py
[2023-01-11T01:15:10.220+0000] {processor.py:756} INFO - Processing file /home/airflow/.local/lib/python3.7/site-packages/airflow/example_dags/example_xcom.py for tasks to queue
[2023-01-11T01:15:10.221+0000] {logging_mixin.py:120} INFO - [2023-01-11T01:15:10.221+0000] {dagbag.py:537} INFO - Filling up the DagBag from /home/airflow/.local/lib/python3.7/site-packages/airflow/example_dags/example_xcom.py
[2023-01-11T01:15:10.264+0000] {processor.py:766} INFO - DAG(s) dict_keys(['example_xcom']) retrieved from /home/airflow/.local/lib/python3.7/site-packages/airflow/example_dags/example_xcom.py
[2023-01-11T01:15:10.336+0000] {logging_mixin.py:120} INFO - [2023-01-11T01:15:10.335+0000] {dag.py:2585} INFO - Sync 1 DAGs
[2023-01-11T01:15:10.375+0000] {logging_mixin.py:120} INFO - [2023-01-11T01:15:10.375+0000] {dag.py:3340} INFO - Setting next_dagrun for example_xcom to 2021-01-01T00:00:00+00:00, run_after=2021-01-01T00:00:00+00:00
[2023-01-11T01:15:10.445+0000] {processor.py:176} INFO - Processing /home/airflow/.local/lib/python3.7/site-packages/airflow/example_dags/example_xcom.py took 0.231 seconds
[2023-01-11T01:15:41.172+0000] {processor.py:154} INFO - Started process (PID=18081) to work on /home/airflow/.local/lib/python3.7/site-packages/airflow/example_dags/example_xcom.py
[2023-01-11T01:15:41.174+0000] {processor.py:756} INFO - Processing file /home/airflow/.local/lib/python3.7/site-packages/airflow/example_dags/example_xcom.py for tasks to queue
[2023-01-11T01:15:41.175+0000] {logging_mixin.py:120} INFO - [2023-01-11T01:15:41.175+0000] {dagbag.py:537} INFO - Filling up the DagBag from /home/airflow/.local/lib/python3.7/site-packages/airflow/example_dags/example_xcom.py
[2023-01-11T01:15:41.249+0000] {processor.py:766} INFO - DAG(s) dict_keys(['example_xcom']) retrieved from /home/airflow/.local/lib/python3.7/site-packages/airflow/example_dags/example_xcom.py
[2023-01-11T01:15:41.336+0000] {logging_mixin.py:120} INFO - [2023-01-11T01:15:41.336+0000] {dag.py:2585} INFO - Sync 1 DAGs
[2023-01-11T01:15:41.391+0000] {logging_mixin.py:120} INFO - [2023-01-11T01:15:41.390+0000] {dag.py:3340} INFO - Setting next_dagrun for example_xcom to 2021-01-01T00:00:00+00:00, run_after=2021-01-01T00:00:00+00:00
[2023-01-11T01:15:41.434+0000] {processor.py:176} INFO - Processing /home/airflow/.local/lib/python3.7/site-packages/airflow/example_dags/example_xcom.py took 0.271 seconds
[2023-01-11T01:16:11.755+0000] {processor.py:154} INFO - Started process (PID=18140) to work on /home/airflow/.local/lib/python3.7/site-packages/airflow/example_dags/example_xcom.py
[2023-01-11T01:16:11.756+0000] {processor.py:756} INFO - Processing file /home/airflow/.local/lib/python3.7/site-packages/airflow/example_dags/example_xcom.py for tasks to queue
[2023-01-11T01:16:11.757+0000] {logging_mixin.py:120} INFO - [2023-01-11T01:16:11.757+0000] {dagbag.py:537} INFO - Filling up the DagBag from /home/airflow/.local/lib/python3.7/site-packages/airflow/example_dags/example_xcom.py
[2023-01-11T01:16:11.785+0000] {processor.py:766} INFO - DAG(s) dict_keys(['example_xcom']) retrieved from /home/airflow/.local/lib/python3.7/site-packages/airflow/example_dags/example_xcom.py
[2023-01-11T01:16:11.833+0000] {logging_mixin.py:120} INFO - [2023-01-11T01:16:11.832+0000] {dag.py:2585} INFO - Sync 1 DAGs
[2023-01-11T01:16:11.870+0000] {logging_mixin.py:120} INFO - [2023-01-11T01:16:11.870+0000] {dag.py:3340} INFO - Setting next_dagrun for example_xcom to 2021-01-01T00:00:00+00:00, run_after=2021-01-01T00:00:00+00:00
[2023-01-11T01:16:11.895+0000] {processor.py:176} INFO - Processing /home/airflow/.local/lib/python3.7/site-packages/airflow/example_dags/example_xcom.py took 0.144 seconds
[2023-01-11T01:16:42.381+0000] {processor.py:154} INFO - Started process (PID=18207) to work on /home/airflow/.local/lib/python3.7/site-packages/airflow/example_dags/example_xcom.py
[2023-01-11T01:16:42.382+0000] {processor.py:756} INFO - Processing file /home/airflow/.local/lib/python3.7/site-packages/airflow/example_dags/example_xcom.py for tasks to queue
[2023-01-11T01:16:42.384+0000] {logging_mixin.py:120} INFO - [2023-01-11T01:16:42.383+0000] {dagbag.py:537} INFO - Filling up the DagBag from /home/airflow/.local/lib/python3.7/site-packages/airflow/example_dags/example_xcom.py
[2023-01-11T01:16:42.430+0000] {processor.py:766} INFO - DAG(s) dict_keys(['example_xcom']) retrieved from /home/airflow/.local/lib/python3.7/site-packages/airflow/example_dags/example_xcom.py
[2023-01-11T01:16:42.504+0000] {logging_mixin.py:120} INFO - [2023-01-11T01:16:42.503+0000] {dag.py:2585} INFO - Sync 1 DAGs
[2023-01-11T01:16:42.544+0000] {logging_mixin.py:120} INFO - [2023-01-11T01:16:42.543+0000] {dag.py:3340} INFO - Setting next_dagrun for example_xcom to 2021-01-01T00:00:00+00:00, run_after=2021-01-01T00:00:00+00:00
[2023-01-11T01:16:42.570+0000] {processor.py:176} INFO - Processing /home/airflow/.local/lib/python3.7/site-packages/airflow/example_dags/example_xcom.py took 0.194 seconds
[2023-01-11T01:17:13.437+0000] {processor.py:154} INFO - Started process (PID=18265) to work on /home/airflow/.local/lib/python3.7/site-packages/airflow/example_dags/example_xcom.py
[2023-01-11T01:17:13.439+0000] {processor.py:756} INFO - Processing file /home/airflow/.local/lib/python3.7/site-packages/airflow/example_dags/example_xcom.py for tasks to queue
[2023-01-11T01:17:13.441+0000] {logging_mixin.py:120} INFO - [2023-01-11T01:17:13.441+0000] {dagbag.py:537} INFO - Filling up the DagBag from /home/airflow/.local/lib/python3.7/site-packages/airflow/example_dags/example_xcom.py
[2023-01-11T01:17:13.484+0000] {processor.py:766} INFO - DAG(s) dict_keys(['example_xcom']) retrieved from /home/airflow/.local/lib/python3.7/site-packages/airflow/example_dags/example_xcom.py
[2023-01-11T01:17:13.609+0000] {logging_mixin.py:120} INFO - [2023-01-11T01:17:13.608+0000] {dag.py:2585} INFO - Sync 1 DAGs
[2023-01-11T01:17:13.661+0000] {logging_mixin.py:120} INFO - [2023-01-11T01:17:13.661+0000] {dag.py:3340} INFO - Setting next_dagrun for example_xcom to 2021-01-01T00:00:00+00:00, run_after=2021-01-01T00:00:00+00:00
[2023-01-11T01:17:13.713+0000] {processor.py:176} INFO - Processing /home/airflow/.local/lib/python3.7/site-packages/airflow/example_dags/example_xcom.py took 0.283 seconds
[2023-01-11T01:17:44.310+0000] {processor.py:154} INFO - Started process (PID=18333) to work on /home/airflow/.local/lib/python3.7/site-packages/airflow/example_dags/example_xcom.py
[2023-01-11T01:17:44.312+0000] {processor.py:756} INFO - Processing file /home/airflow/.local/lib/python3.7/site-packages/airflow/example_dags/example_xcom.py for tasks to queue
[2023-01-11T01:17:44.315+0000] {logging_mixin.py:120} INFO - [2023-01-11T01:17:44.314+0000] {dagbag.py:537} INFO - Filling up the DagBag from /home/airflow/.local/lib/python3.7/site-packages/airflow/example_dags/example_xcom.py
[2023-01-11T01:17:44.361+0000] {processor.py:766} INFO - DAG(s) dict_keys(['example_xcom']) retrieved from /home/airflow/.local/lib/python3.7/site-packages/airflow/example_dags/example_xcom.py
[2023-01-11T01:17:44.437+0000] {logging_mixin.py:120} INFO - [2023-01-11T01:17:44.437+0000] {dag.py:2585} INFO - Sync 1 DAGs
[2023-01-11T01:17:44.488+0000] {logging_mixin.py:120} INFO - [2023-01-11T01:17:44.488+0000] {dag.py:3340} INFO - Setting next_dagrun for example_xcom to 2021-01-01T00:00:00+00:00, run_after=2021-01-01T00:00:00+00:00
[2023-01-11T01:17:44.531+0000] {processor.py:176} INFO - Processing /home/airflow/.local/lib/python3.7/site-packages/airflow/example_dags/example_xcom.py took 0.231 seconds
[2023-01-11T01:18:14.750+0000] {processor.py:154} INFO - Started process (PID=18391) to work on /home/airflow/.local/lib/python3.7/site-packages/airflow/example_dags/example_xcom.py
[2023-01-11T01:18:14.752+0000] {processor.py:756} INFO - Processing file /home/airflow/.local/lib/python3.7/site-packages/airflow/example_dags/example_xcom.py for tasks to queue
[2023-01-11T01:18:14.755+0000] {logging_mixin.py:120} INFO - [2023-01-11T01:18:14.754+0000] {dagbag.py:537} INFO - Filling up the DagBag from /home/airflow/.local/lib/python3.7/site-packages/airflow/example_dags/example_xcom.py
[2023-01-11T01:18:14.796+0000] {processor.py:766} INFO - DAG(s) dict_keys(['example_xcom']) retrieved from /home/airflow/.local/lib/python3.7/site-packages/airflow/example_dags/example_xcom.py
[2023-01-11T01:18:14.912+0000] {logging_mixin.py:120} INFO - [2023-01-11T01:18:14.912+0000] {dag.py:2585} INFO - Sync 1 DAGs
[2023-01-11T01:18:15.003+0000] {logging_mixin.py:120} INFO - [2023-01-11T01:18:15.002+0000] {dag.py:3340} INFO - Setting next_dagrun for example_xcom to 2021-01-01T00:00:00+00:00, run_after=2021-01-01T00:00:00+00:00
[2023-01-11T01:18:15.059+0000] {processor.py:176} INFO - Processing /home/airflow/.local/lib/python3.7/site-packages/airflow/example_dags/example_xcom.py took 0.315 seconds
[2023-01-11T01:18:45.313+0000] {processor.py:154} INFO - Started process (PID=18458) to work on /home/airflow/.local/lib/python3.7/site-packages/airflow/example_dags/example_xcom.py
[2023-01-11T01:18:45.314+0000] {processor.py:756} INFO - Processing file /home/airflow/.local/lib/python3.7/site-packages/airflow/example_dags/example_xcom.py for tasks to queue
[2023-01-11T01:18:45.316+0000] {logging_mixin.py:120} INFO - [2023-01-11T01:18:45.316+0000] {dagbag.py:537} INFO - Filling up the DagBag from /home/airflow/.local/lib/python3.7/site-packages/airflow/example_dags/example_xcom.py
[2023-01-11T01:18:45.346+0000] {processor.py:766} INFO - DAG(s) dict_keys(['example_xcom']) retrieved from /home/airflow/.local/lib/python3.7/site-packages/airflow/example_dags/example_xcom.py
[2023-01-11T01:18:45.422+0000] {logging_mixin.py:120} INFO - [2023-01-11T01:18:45.422+0000] {dag.py:2585} INFO - Sync 1 DAGs
[2023-01-11T01:18:45.475+0000] {logging_mixin.py:120} INFO - [2023-01-11T01:18:45.474+0000] {dag.py:3340} INFO - Setting next_dagrun for example_xcom to 2021-01-01T00:00:00+00:00, run_after=2021-01-01T00:00:00+00:00
[2023-01-11T01:18:45.525+0000] {processor.py:176} INFO - Processing /home/airflow/.local/lib/python3.7/site-packages/airflow/example_dags/example_xcom.py took 0.218 seconds
[2023-01-11T01:19:16.120+0000] {processor.py:154} INFO - Started process (PID=18516) to work on /home/airflow/.local/lib/python3.7/site-packages/airflow/example_dags/example_xcom.py
[2023-01-11T01:19:16.122+0000] {processor.py:756} INFO - Processing file /home/airflow/.local/lib/python3.7/site-packages/airflow/example_dags/example_xcom.py for tasks to queue
[2023-01-11T01:19:16.124+0000] {logging_mixin.py:120} INFO - [2023-01-11T01:19:16.124+0000] {dagbag.py:537} INFO - Filling up the DagBag from /home/airflow/.local/lib/python3.7/site-packages/airflow/example_dags/example_xcom.py
[2023-01-11T01:19:16.167+0000] {processor.py:766} INFO - DAG(s) dict_keys(['example_xcom']) retrieved from /home/airflow/.local/lib/python3.7/site-packages/airflow/example_dags/example_xcom.py
[2023-01-11T01:19:16.249+0000] {logging_mixin.py:120} INFO - [2023-01-11T01:19:16.249+0000] {dag.py:2585} INFO - Sync 1 DAGs
[2023-01-11T01:19:16.303+0000] {logging_mixin.py:120} INFO - [2023-01-11T01:19:16.302+0000] {dag.py:3340} INFO - Setting next_dagrun for example_xcom to 2021-01-01T00:00:00+00:00, run_after=2021-01-01T00:00:00+00:00
[2023-01-11T01:19:16.341+0000] {processor.py:176} INFO - Processing /home/airflow/.local/lib/python3.7/site-packages/airflow/example_dags/example_xcom.py took 0.227 seconds
[2023-01-11T01:19:46.420+0000] {processor.py:154} INFO - Started process (PID=18583) to work on /home/airflow/.local/lib/python3.7/site-packages/airflow/example_dags/example_xcom.py
[2023-01-11T01:19:46.422+0000] {processor.py:756} INFO - Processing file /home/airflow/.local/lib/python3.7/site-packages/airflow/example_dags/example_xcom.py for tasks to queue
[2023-01-11T01:19:46.423+0000] {logging_mixin.py:120} INFO - [2023-01-11T01:19:46.423+0000] {dagbag.py:537} INFO - Filling up the DagBag from /home/airflow/.local/lib/python3.7/site-packages/airflow/example_dags/example_xcom.py
[2023-01-11T01:19:46.451+0000] {processor.py:766} INFO - DAG(s) dict_keys(['example_xcom']) retrieved from /home/airflow/.local/lib/python3.7/site-packages/airflow/example_dags/example_xcom.py
[2023-01-11T01:19:46.497+0000] {logging_mixin.py:120} INFO - [2023-01-11T01:19:46.497+0000] {dag.py:2585} INFO - Sync 1 DAGs
[2023-01-11T01:19:46.528+0000] {logging_mixin.py:120} INFO - [2023-01-11T01:19:46.527+0000] {dag.py:3340} INFO - Setting next_dagrun for example_xcom to 2021-01-01T00:00:00+00:00, run_after=2021-01-01T00:00:00+00:00
[2023-01-11T01:19:46.558+0000] {processor.py:176} INFO - Processing /home/airflow/.local/lib/python3.7/site-packages/airflow/example_dags/example_xcom.py took 0.144 seconds
[2023-01-11T01:20:16.630+0000] {processor.py:154} INFO - Started process (PID=18641) to work on /home/airflow/.local/lib/python3.7/site-packages/airflow/example_dags/example_xcom.py
[2023-01-11T01:20:16.632+0000] {processor.py:756} INFO - Processing file /home/airflow/.local/lib/python3.7/site-packages/airflow/example_dags/example_xcom.py for tasks to queue
[2023-01-11T01:20:16.634+0000] {logging_mixin.py:120} INFO - [2023-01-11T01:20:16.633+0000] {dagbag.py:537} INFO - Filling up the DagBag from /home/airflow/.local/lib/python3.7/site-packages/airflow/example_dags/example_xcom.py
[2023-01-11T01:20:16.672+0000] {processor.py:766} INFO - DAG(s) dict_keys(['example_xcom']) retrieved from /home/airflow/.local/lib/python3.7/site-packages/airflow/example_dags/example_xcom.py
[2023-01-11T01:20:16.726+0000] {logging_mixin.py:120} INFO - [2023-01-11T01:20:16.726+0000] {dag.py:2585} INFO - Sync 1 DAGs
[2023-01-11T01:20:16.754+0000] {logging_mixin.py:120} INFO - [2023-01-11T01:20:16.754+0000] {dag.py:3340} INFO - Setting next_dagrun for example_xcom to 2021-01-01T00:00:00+00:00, run_after=2021-01-01T00:00:00+00:00
[2023-01-11T01:20:16.774+0000] {processor.py:176} INFO - Processing /home/airflow/.local/lib/python3.7/site-packages/airflow/example_dags/example_xcom.py took 0.150 seconds
[2023-01-11T01:20:46.859+0000] {processor.py:154} INFO - Started process (PID=18708) to work on /home/airflow/.local/lib/python3.7/site-packages/airflow/example_dags/example_xcom.py
[2023-01-11T01:20:46.860+0000] {processor.py:756} INFO - Processing file /home/airflow/.local/lib/python3.7/site-packages/airflow/example_dags/example_xcom.py for tasks to queue
[2023-01-11T01:20:46.862+0000] {logging_mixin.py:120} INFO - [2023-01-11T01:20:46.862+0000] {dagbag.py:537} INFO - Filling up the DagBag from /home/airflow/.local/lib/python3.7/site-packages/airflow/example_dags/example_xcom.py
[2023-01-11T01:20:46.897+0000] {processor.py:766} INFO - DAG(s) dict_keys(['example_xcom']) retrieved from /home/airflow/.local/lib/python3.7/site-packages/airflow/example_dags/example_xcom.py
[2023-01-11T01:20:46.949+0000] {logging_mixin.py:120} INFO - [2023-01-11T01:20:46.949+0000] {dag.py:2585} INFO - Sync 1 DAGs
[2023-01-11T01:20:46.977+0000] {logging_mixin.py:120} INFO - [2023-01-11T01:20:46.976+0000] {dag.py:3340} INFO - Setting next_dagrun for example_xcom to 2021-01-01T00:00:00+00:00, run_after=2021-01-01T00:00:00+00:00
[2023-01-11T01:20:47.000+0000] {processor.py:176} INFO - Processing /home/airflow/.local/lib/python3.7/site-packages/airflow/example_dags/example_xcom.py took 0.145 seconds
[2023-01-11T01:21:17.240+0000] {processor.py:154} INFO - Started process (PID=18766) to work on /home/airflow/.local/lib/python3.7/site-packages/airflow/example_dags/example_xcom.py
[2023-01-11T01:21:17.241+0000] {processor.py:756} INFO - Processing file /home/airflow/.local/lib/python3.7/site-packages/airflow/example_dags/example_xcom.py for tasks to queue
[2023-01-11T01:21:17.243+0000] {logging_mixin.py:120} INFO - [2023-01-11T01:21:17.243+0000] {dagbag.py:537} INFO - Filling up the DagBag from /home/airflow/.local/lib/python3.7/site-packages/airflow/example_dags/example_xcom.py
[2023-01-11T01:21:17.275+0000] {processor.py:766} INFO - DAG(s) dict_keys(['example_xcom']) retrieved from /home/airflow/.local/lib/python3.7/site-packages/airflow/example_dags/example_xcom.py
[2023-01-11T01:21:17.325+0000] {logging_mixin.py:120} INFO - [2023-01-11T01:21:17.324+0000] {dag.py:2585} INFO - Sync 1 DAGs
[2023-01-11T01:21:17.350+0000] {logging_mixin.py:120} INFO - [2023-01-11T01:21:17.350+0000] {dag.py:3340} INFO - Setting next_dagrun for example_xcom to 2021-01-01T00:00:00+00:00, run_after=2021-01-01T00:00:00+00:00
[2023-01-11T01:21:17.372+0000] {processor.py:176} INFO - Processing /home/airflow/.local/lib/python3.7/site-packages/airflow/example_dags/example_xcom.py took 0.136 seconds
[2023-01-11T01:21:47.683+0000] {processor.py:154} INFO - Started process (PID=18833) to work on /home/airflow/.local/lib/python3.7/site-packages/airflow/example_dags/example_xcom.py
[2023-01-11T01:21:47.684+0000] {processor.py:756} INFO - Processing file /home/airflow/.local/lib/python3.7/site-packages/airflow/example_dags/example_xcom.py for tasks to queue
[2023-01-11T01:21:47.685+0000] {logging_mixin.py:120} INFO - [2023-01-11T01:21:47.685+0000] {dagbag.py:537} INFO - Filling up the DagBag from /home/airflow/.local/lib/python3.7/site-packages/airflow/example_dags/example_xcom.py
[2023-01-11T01:21:47.709+0000] {processor.py:766} INFO - DAG(s) dict_keys(['example_xcom']) retrieved from /home/airflow/.local/lib/python3.7/site-packages/airflow/example_dags/example_xcom.py
[2023-01-11T01:21:47.754+0000] {logging_mixin.py:120} INFO - [2023-01-11T01:21:47.753+0000] {dag.py:2585} INFO - Sync 1 DAGs
[2023-01-11T01:21:47.779+0000] {logging_mixin.py:120} INFO - [2023-01-11T01:21:47.779+0000] {dag.py:3340} INFO - Setting next_dagrun for example_xcom to 2021-01-01T00:00:00+00:00, run_after=2021-01-01T00:00:00+00:00
[2023-01-11T01:21:47.800+0000] {processor.py:176} INFO - Processing /home/airflow/.local/lib/python3.7/site-packages/airflow/example_dags/example_xcom.py took 0.120 seconds
[2023-01-11T01:22:18.188+0000] {processor.py:154} INFO - Started process (PID=18900) to work on /home/airflow/.local/lib/python3.7/site-packages/airflow/example_dags/example_xcom.py
[2023-01-11T01:22:18.189+0000] {processor.py:756} INFO - Processing file /home/airflow/.local/lib/python3.7/site-packages/airflow/example_dags/example_xcom.py for tasks to queue
[2023-01-11T01:22:18.190+0000] {logging_mixin.py:120} INFO - [2023-01-11T01:22:18.190+0000] {dagbag.py:537} INFO - Filling up the DagBag from /home/airflow/.local/lib/python3.7/site-packages/airflow/example_dags/example_xcom.py
[2023-01-11T01:22:18.226+0000] {processor.py:766} INFO - DAG(s) dict_keys(['example_xcom']) retrieved from /home/airflow/.local/lib/python3.7/site-packages/airflow/example_dags/example_xcom.py
[2023-01-11T01:22:18.284+0000] {logging_mixin.py:120} INFO - [2023-01-11T01:22:18.284+0000] {dag.py:2585} INFO - Sync 1 DAGs
[2023-01-11T01:22:18.317+0000] {logging_mixin.py:120} INFO - [2023-01-11T01:22:18.316+0000] {dag.py:3340} INFO - Setting next_dagrun for example_xcom to 2021-01-01T00:00:00+00:00, run_after=2021-01-01T00:00:00+00:00
[2023-01-11T01:22:18.351+0000] {processor.py:176} INFO - Processing /home/airflow/.local/lib/python3.7/site-packages/airflow/example_dags/example_xcom.py took 0.167 seconds
[2023-01-11T01:22:48.456+0000] {processor.py:154} INFO - Started process (PID=18958) to work on /home/airflow/.local/lib/python3.7/site-packages/airflow/example_dags/example_xcom.py
[2023-01-11T01:22:48.458+0000] {processor.py:756} INFO - Processing file /home/airflow/.local/lib/python3.7/site-packages/airflow/example_dags/example_xcom.py for tasks to queue
[2023-01-11T01:22:48.460+0000] {logging_mixin.py:120} INFO - [2023-01-11T01:22:48.460+0000] {dagbag.py:537} INFO - Filling up the DagBag from /home/airflow/.local/lib/python3.7/site-packages/airflow/example_dags/example_xcom.py
[2023-01-11T01:22:48.495+0000] {processor.py:766} INFO - DAG(s) dict_keys(['example_xcom']) retrieved from /home/airflow/.local/lib/python3.7/site-packages/airflow/example_dags/example_xcom.py
[2023-01-11T01:22:48.537+0000] {logging_mixin.py:120} INFO - [2023-01-11T01:22:48.537+0000] {dag.py:2585} INFO - Sync 1 DAGs
[2023-01-11T01:22:48.566+0000] {logging_mixin.py:120} INFO - [2023-01-11T01:22:48.566+0000] {dag.py:3340} INFO - Setting next_dagrun for example_xcom to 2021-01-01T00:00:00+00:00, run_after=2021-01-01T00:00:00+00:00
[2023-01-11T01:22:48.588+0000] {processor.py:176} INFO - Processing /home/airflow/.local/lib/python3.7/site-packages/airflow/example_dags/example_xcom.py took 0.139 seconds
[2023-01-11T01:23:18.978+0000] {processor.py:154} INFO - Started process (PID=19016) to work on /home/airflow/.local/lib/python3.7/site-packages/airflow/example_dags/example_xcom.py
[2023-01-11T01:23:18.979+0000] {processor.py:756} INFO - Processing file /home/airflow/.local/lib/python3.7/site-packages/airflow/example_dags/example_xcom.py for tasks to queue
[2023-01-11T01:23:18.980+0000] {logging_mixin.py:120} INFO - [2023-01-11T01:23:18.980+0000] {dagbag.py:537} INFO - Filling up the DagBag from /home/airflow/.local/lib/python3.7/site-packages/airflow/example_dags/example_xcom.py
[2023-01-11T01:23:19.009+0000] {processor.py:766} INFO - DAG(s) dict_keys(['example_xcom']) retrieved from /home/airflow/.local/lib/python3.7/site-packages/airflow/example_dags/example_xcom.py
[2023-01-11T01:23:19.055+0000] {logging_mixin.py:120} INFO - [2023-01-11T01:23:19.055+0000] {dag.py:2585} INFO - Sync 1 DAGs
[2023-01-11T01:23:19.083+0000] {logging_mixin.py:120} INFO - [2023-01-11T01:23:19.083+0000] {dag.py:3340} INFO - Setting next_dagrun for example_xcom to 2021-01-01T00:00:00+00:00, run_after=2021-01-01T00:00:00+00:00
[2023-01-11T01:23:19.104+0000] {processor.py:176} INFO - Processing /home/airflow/.local/lib/python3.7/site-packages/airflow/example_dags/example_xcom.py took 0.129 seconds
[2023-01-11T01:23:49.824+0000] {processor.py:154} INFO - Started process (PID=19083) to work on /home/airflow/.local/lib/python3.7/site-packages/airflow/example_dags/example_xcom.py
[2023-01-11T01:23:49.826+0000] {processor.py:756} INFO - Processing file /home/airflow/.local/lib/python3.7/site-packages/airflow/example_dags/example_xcom.py for tasks to queue
[2023-01-11T01:23:49.828+0000] {logging_mixin.py:120} INFO - [2023-01-11T01:23:49.827+0000] {dagbag.py:537} INFO - Filling up the DagBag from /home/airflow/.local/lib/python3.7/site-packages/airflow/example_dags/example_xcom.py
[2023-01-11T01:23:49.860+0000] {processor.py:766} INFO - DAG(s) dict_keys(['example_xcom']) retrieved from /home/airflow/.local/lib/python3.7/site-packages/airflow/example_dags/example_xcom.py
[2023-01-11T01:23:49.920+0000] {logging_mixin.py:120} INFO - [2023-01-11T01:23:49.920+0000] {dag.py:2585} INFO - Sync 1 DAGs
[2023-01-11T01:23:49.948+0000] {logging_mixin.py:120} INFO - [2023-01-11T01:23:49.948+0000] {dag.py:3340} INFO - Setting next_dagrun for example_xcom to 2021-01-01T00:00:00+00:00, run_after=2021-01-01T00:00:00+00:00
[2023-01-11T01:23:49.971+0000] {processor.py:176} INFO - Processing /home/airflow/.local/lib/python3.7/site-packages/airflow/example_dags/example_xcom.py took 0.151 seconds
[2023-01-11T01:24:21.085+0000] {processor.py:154} INFO - Started process (PID=19141) to work on /home/airflow/.local/lib/python3.7/site-packages/airflow/example_dags/example_xcom.py
[2023-01-11T01:24:21.086+0000] {processor.py:756} INFO - Processing file /home/airflow/.local/lib/python3.7/site-packages/airflow/example_dags/example_xcom.py for tasks to queue
[2023-01-11T01:24:21.088+0000] {logging_mixin.py:120} INFO - [2023-01-11T01:24:21.088+0000] {dagbag.py:537} INFO - Filling up the DagBag from /home/airflow/.local/lib/python3.7/site-packages/airflow/example_dags/example_xcom.py
[2023-01-11T01:24:21.142+0000] {processor.py:766} INFO - DAG(s) dict_keys(['example_xcom']) retrieved from /home/airflow/.local/lib/python3.7/site-packages/airflow/example_dags/example_xcom.py
[2023-01-11T01:24:21.229+0000] {logging_mixin.py:120} INFO - [2023-01-11T01:24:21.229+0000] {dag.py:2585} INFO - Sync 1 DAGs
[2023-01-11T01:24:21.282+0000] {logging_mixin.py:120} INFO - [2023-01-11T01:24:21.282+0000] {dag.py:3340} INFO - Setting next_dagrun for example_xcom to 2021-01-01T00:00:00+00:00, run_after=2021-01-01T00:00:00+00:00
[2023-01-11T01:24:21.333+0000] {processor.py:176} INFO - Processing /home/airflow/.local/lib/python3.7/site-packages/airflow/example_dags/example_xcom.py took 0.256 seconds
[2023-01-11T01:24:51.393+0000] {processor.py:154} INFO - Started process (PID=19209) to work on /home/airflow/.local/lib/python3.7/site-packages/airflow/example_dags/example_xcom.py
[2023-01-11T01:24:51.394+0000] {processor.py:756} INFO - Processing file /home/airflow/.local/lib/python3.7/site-packages/airflow/example_dags/example_xcom.py for tasks to queue
[2023-01-11T01:24:51.395+0000] {logging_mixin.py:120} INFO - [2023-01-11T01:24:51.395+0000] {dagbag.py:537} INFO - Filling up the DagBag from /home/airflow/.local/lib/python3.7/site-packages/airflow/example_dags/example_xcom.py
[2023-01-11T01:24:51.420+0000] {processor.py:766} INFO - DAG(s) dict_keys(['example_xcom']) retrieved from /home/airflow/.local/lib/python3.7/site-packages/airflow/example_dags/example_xcom.py
[2023-01-11T01:24:51.465+0000] {logging_mixin.py:120} INFO - [2023-01-11T01:24:51.465+0000] {dag.py:2585} INFO - Sync 1 DAGs
[2023-01-11T01:24:51.497+0000] {logging_mixin.py:120} INFO - [2023-01-11T01:24:51.497+0000] {dag.py:3340} INFO - Setting next_dagrun for example_xcom to 2021-01-01T00:00:00+00:00, run_after=2021-01-01T00:00:00+00:00
[2023-01-11T01:24:51.522+0000] {processor.py:176} INFO - Processing /home/airflow/.local/lib/python3.7/site-packages/airflow/example_dags/example_xcom.py took 0.132 seconds
[2023-01-11T01:25:21.964+0000] {processor.py:154} INFO - Started process (PID=19267) to work on /home/airflow/.local/lib/python3.7/site-packages/airflow/example_dags/example_xcom.py
[2023-01-11T01:25:21.965+0000] {processor.py:756} INFO - Processing file /home/airflow/.local/lib/python3.7/site-packages/airflow/example_dags/example_xcom.py for tasks to queue
[2023-01-11T01:25:21.967+0000] {logging_mixin.py:120} INFO - [2023-01-11T01:25:21.967+0000] {dagbag.py:537} INFO - Filling up the DagBag from /home/airflow/.local/lib/python3.7/site-packages/airflow/example_dags/example_xcom.py
[2023-01-11T01:25:21.992+0000] {processor.py:766} INFO - DAG(s) dict_keys(['example_xcom']) retrieved from /home/airflow/.local/lib/python3.7/site-packages/airflow/example_dags/example_xcom.py
[2023-01-11T01:25:22.050+0000] {logging_mixin.py:120} INFO - [2023-01-11T01:25:22.050+0000] {dag.py:2585} INFO - Sync 1 DAGs
[2023-01-11T01:25:22.087+0000] {logging_mixin.py:120} INFO - [2023-01-11T01:25:22.087+0000] {dag.py:3340} INFO - Setting next_dagrun for example_xcom to 2021-01-01T00:00:00+00:00, run_after=2021-01-01T00:00:00+00:00
[2023-01-11T01:25:22.109+0000] {processor.py:176} INFO - Processing /home/airflow/.local/lib/python3.7/site-packages/airflow/example_dags/example_xcom.py took 0.148 seconds
[2023-01-11T01:25:52.796+0000] {processor.py:154} INFO - Started process (PID=19334) to work on /home/airflow/.local/lib/python3.7/site-packages/airflow/example_dags/example_xcom.py
[2023-01-11T01:25:52.797+0000] {processor.py:756} INFO - Processing file /home/airflow/.local/lib/python3.7/site-packages/airflow/example_dags/example_xcom.py for tasks to queue
[2023-01-11T01:25:52.798+0000] {logging_mixin.py:120} INFO - [2023-01-11T01:25:52.798+0000] {dagbag.py:537} INFO - Filling up the DagBag from /home/airflow/.local/lib/python3.7/site-packages/airflow/example_dags/example_xcom.py
[2023-01-11T01:25:52.840+0000] {processor.py:766} INFO - DAG(s) dict_keys(['example_xcom']) retrieved from /home/airflow/.local/lib/python3.7/site-packages/airflow/example_dags/example_xcom.py
[2023-01-11T01:25:52.922+0000] {logging_mixin.py:120} INFO - [2023-01-11T01:25:52.922+0000] {dag.py:2585} INFO - Sync 1 DAGs
[2023-01-11T01:25:52.968+0000] {logging_mixin.py:120} INFO - [2023-01-11T01:25:52.968+0000] {dag.py:3340} INFO - Setting next_dagrun for example_xcom to 2021-01-01T00:00:00+00:00, run_after=2021-01-01T00:00:00+00:00
[2023-01-11T01:25:53.004+0000] {processor.py:176} INFO - Processing /home/airflow/.local/lib/python3.7/site-packages/airflow/example_dags/example_xcom.py took 0.211 seconds
[2023-01-11T01:26:24.513+0000] {processor.py:154} INFO - Started process (PID=19392) to work on /home/airflow/.local/lib/python3.7/site-packages/airflow/example_dags/example_xcom.py
[2023-01-11T01:26:24.514+0000] {processor.py:756} INFO - Processing file /home/airflow/.local/lib/python3.7/site-packages/airflow/example_dags/example_xcom.py for tasks to queue
[2023-01-11T01:26:24.516+0000] {logging_mixin.py:120} INFO - [2023-01-11T01:26:24.515+0000] {dagbag.py:537} INFO - Filling up the DagBag from /home/airflow/.local/lib/python3.7/site-packages/airflow/example_dags/example_xcom.py
[2023-01-11T01:26:24.550+0000] {processor.py:766} INFO - DAG(s) dict_keys(['example_xcom']) retrieved from /home/airflow/.local/lib/python3.7/site-packages/airflow/example_dags/example_xcom.py
[2023-01-11T01:26:24.608+0000] {logging_mixin.py:120} INFO - [2023-01-11T01:26:24.608+0000] {dag.py:2585} INFO - Sync 1 DAGs
[2023-01-11T01:26:24.640+0000] {logging_mixin.py:120} INFO - [2023-01-11T01:26:24.639+0000] {dag.py:3340} INFO - Setting next_dagrun for example_xcom to 2021-01-01T00:00:00+00:00, run_after=2021-01-01T00:00:00+00:00
[2023-01-11T01:26:24.668+0000] {processor.py:176} INFO - Processing /home/airflow/.local/lib/python3.7/site-packages/airflow/example_dags/example_xcom.py took 0.159 seconds
[2023-01-11T01:26:55.469+0000] {processor.py:154} INFO - Started process (PID=19459) to work on /home/airflow/.local/lib/python3.7/site-packages/airflow/example_dags/example_xcom.py
[2023-01-11T01:26:55.471+0000] {processor.py:756} INFO - Processing file /home/airflow/.local/lib/python3.7/site-packages/airflow/example_dags/example_xcom.py for tasks to queue
[2023-01-11T01:26:55.474+0000] {logging_mixin.py:120} INFO - [2023-01-11T01:26:55.474+0000] {dagbag.py:537} INFO - Filling up the DagBag from /home/airflow/.local/lib/python3.7/site-packages/airflow/example_dags/example_xcom.py
[2023-01-11T01:26:55.515+0000] {processor.py:766} INFO - DAG(s) dict_keys(['example_xcom']) retrieved from /home/airflow/.local/lib/python3.7/site-packages/airflow/example_dags/example_xcom.py
[2023-01-11T01:26:55.631+0000] {logging_mixin.py:120} INFO - [2023-01-11T01:26:55.631+0000] {dag.py:2585} INFO - Sync 1 DAGs
[2023-01-11T01:26:55.677+0000] {logging_mixin.py:120} INFO - [2023-01-11T01:26:55.676+0000] {dag.py:3340} INFO - Setting next_dagrun for example_xcom to 2021-01-01T00:00:00+00:00, run_after=2021-01-01T00:00:00+00:00
[2023-01-11T01:26:55.714+0000] {processor.py:176} INFO - Processing /home/airflow/.local/lib/python3.7/site-packages/airflow/example_dags/example_xcom.py took 0.251 seconds
[2023-01-11T01:27:26.189+0000] {processor.py:154} INFO - Started process (PID=19517) to work on /home/airflow/.local/lib/python3.7/site-packages/airflow/example_dags/example_xcom.py
[2023-01-11T01:27:26.190+0000] {processor.py:756} INFO - Processing file /home/airflow/.local/lib/python3.7/site-packages/airflow/example_dags/example_xcom.py for tasks to queue
[2023-01-11T01:27:26.191+0000] {logging_mixin.py:120} INFO - [2023-01-11T01:27:26.191+0000] {dagbag.py:537} INFO - Filling up the DagBag from /home/airflow/.local/lib/python3.7/site-packages/airflow/example_dags/example_xcom.py
[2023-01-11T01:27:26.220+0000] {processor.py:766} INFO - DAG(s) dict_keys(['example_xcom']) retrieved from /home/airflow/.local/lib/python3.7/site-packages/airflow/example_dags/example_xcom.py
[2023-01-11T01:27:26.271+0000] {logging_mixin.py:120} INFO - [2023-01-11T01:27:26.271+0000] {dag.py:2585} INFO - Sync 1 DAGs
[2023-01-11T01:27:26.305+0000] {logging_mixin.py:120} INFO - [2023-01-11T01:27:26.305+0000] {dag.py:3340} INFO - Setting next_dagrun for example_xcom to 2021-01-01T00:00:00+00:00, run_after=2021-01-01T00:00:00+00:00
[2023-01-11T01:27:26.328+0000] {processor.py:176} INFO - Processing /home/airflow/.local/lib/python3.7/site-packages/airflow/example_dags/example_xcom.py took 0.141 seconds
[2023-01-11T01:27:56.778+0000] {processor.py:154} INFO - Started process (PID=19582) to work on /home/airflow/.local/lib/python3.7/site-packages/airflow/example_dags/example_xcom.py
[2023-01-11T01:27:56.779+0000] {processor.py:756} INFO - Processing file /home/airflow/.local/lib/python3.7/site-packages/airflow/example_dags/example_xcom.py for tasks to queue
[2023-01-11T01:27:56.780+0000] {logging_mixin.py:120} INFO - [2023-01-11T01:27:56.779+0000] {dagbag.py:537} INFO - Filling up the DagBag from /home/airflow/.local/lib/python3.7/site-packages/airflow/example_dags/example_xcom.py
[2023-01-11T01:27:56.816+0000] {processor.py:766} INFO - DAG(s) dict_keys(['example_xcom']) retrieved from /home/airflow/.local/lib/python3.7/site-packages/airflow/example_dags/example_xcom.py
[2023-01-11T01:27:56.878+0000] {logging_mixin.py:120} INFO - [2023-01-11T01:27:56.878+0000] {dag.py:2585} INFO - Sync 1 DAGs
[2023-01-11T01:27:56.913+0000] {logging_mixin.py:120} INFO - [2023-01-11T01:27:56.913+0000] {dag.py:3340} INFO - Setting next_dagrun for example_xcom to 2021-01-01T00:00:00+00:00, run_after=2021-01-01T00:00:00+00:00
[2023-01-11T01:27:56.941+0000] {processor.py:176} INFO - Processing /home/airflow/.local/lib/python3.7/site-packages/airflow/example_dags/example_xcom.py took 0.169 seconds
[2023-01-11T01:28:27.282+0000] {processor.py:154} INFO - Started process (PID=19649) to work on /home/airflow/.local/lib/python3.7/site-packages/airflow/example_dags/example_xcom.py
[2023-01-11T01:28:27.283+0000] {processor.py:756} INFO - Processing file /home/airflow/.local/lib/python3.7/site-packages/airflow/example_dags/example_xcom.py for tasks to queue
[2023-01-11T01:28:27.284+0000] {logging_mixin.py:120} INFO - [2023-01-11T01:28:27.284+0000] {dagbag.py:537} INFO - Filling up the DagBag from /home/airflow/.local/lib/python3.7/site-packages/airflow/example_dags/example_xcom.py
[2023-01-11T01:28:27.319+0000] {processor.py:766} INFO - DAG(s) dict_keys(['example_xcom']) retrieved from /home/airflow/.local/lib/python3.7/site-packages/airflow/example_dags/example_xcom.py
[2023-01-11T01:28:27.391+0000] {logging_mixin.py:120} INFO - [2023-01-11T01:28:27.391+0000] {dag.py:2585} INFO - Sync 1 DAGs
[2023-01-11T01:28:27.429+0000] {logging_mixin.py:120} INFO - [2023-01-11T01:28:27.428+0000] {dag.py:3340} INFO - Setting next_dagrun for example_xcom to 2021-01-01T00:00:00+00:00, run_after=2021-01-01T00:00:00+00:00
[2023-01-11T01:28:27.461+0000] {processor.py:176} INFO - Processing /home/airflow/.local/lib/python3.7/site-packages/airflow/example_dags/example_xcom.py took 0.184 seconds
[2023-01-11T01:28:57.564+0000] {processor.py:154} INFO - Started process (PID=19707) to work on /home/airflow/.local/lib/python3.7/site-packages/airflow/example_dags/example_xcom.py
[2023-01-11T01:28:57.565+0000] {processor.py:756} INFO - Processing file /home/airflow/.local/lib/python3.7/site-packages/airflow/example_dags/example_xcom.py for tasks to queue
[2023-01-11T01:28:57.566+0000] {logging_mixin.py:120} INFO - [2023-01-11T01:28:57.565+0000] {dagbag.py:537} INFO - Filling up the DagBag from /home/airflow/.local/lib/python3.7/site-packages/airflow/example_dags/example_xcom.py
[2023-01-11T01:28:57.591+0000] {processor.py:766} INFO - DAG(s) dict_keys(['example_xcom']) retrieved from /home/airflow/.local/lib/python3.7/site-packages/airflow/example_dags/example_xcom.py
[2023-01-11T01:28:57.682+0000] {logging_mixin.py:120} INFO - [2023-01-11T01:28:57.682+0000] {dag.py:2585} INFO - Sync 1 DAGs
[2023-01-11T01:28:57.721+0000] {logging_mixin.py:120} INFO - [2023-01-11T01:28:57.720+0000] {dag.py:3340} INFO - Setting next_dagrun for example_xcom to 2021-01-01T00:00:00+00:00, run_after=2021-01-01T00:00:00+00:00
[2023-01-11T01:28:57.746+0000] {processor.py:176} INFO - Processing /home/airflow/.local/lib/python3.7/site-packages/airflow/example_dags/example_xcom.py took 0.188 seconds
[2023-01-11T01:29:28.495+0000] {processor.py:154} INFO - Started process (PID=19773) to work on /home/airflow/.local/lib/python3.7/site-packages/airflow/example_dags/example_xcom.py
[2023-01-11T01:29:28.496+0000] {processor.py:756} INFO - Processing file /home/airflow/.local/lib/python3.7/site-packages/airflow/example_dags/example_xcom.py for tasks to queue
[2023-01-11T01:29:28.497+0000] {logging_mixin.py:120} INFO - [2023-01-11T01:29:28.496+0000] {dagbag.py:537} INFO - Filling up the DagBag from /home/airflow/.local/lib/python3.7/site-packages/airflow/example_dags/example_xcom.py
[2023-01-11T01:29:28.534+0000] {processor.py:766} INFO - DAG(s) dict_keys(['example_xcom']) retrieved from /home/airflow/.local/lib/python3.7/site-packages/airflow/example_dags/example_xcom.py
[2023-01-11T01:29:28.583+0000] {logging_mixin.py:120} INFO - [2023-01-11T01:29:28.583+0000] {dag.py:2585} INFO - Sync 1 DAGs
[2023-01-11T01:29:28.613+0000] {logging_mixin.py:120} INFO - [2023-01-11T01:29:28.612+0000] {dag.py:3340} INFO - Setting next_dagrun for example_xcom to 2021-01-01T00:00:00+00:00, run_after=2021-01-01T00:00:00+00:00
[2023-01-11T01:29:28.641+0000] {processor.py:176} INFO - Processing /home/airflow/.local/lib/python3.7/site-packages/airflow/example_dags/example_xcom.py took 0.150 seconds
[2023-01-11T01:29:59.230+0000] {processor.py:154} INFO - Started process (PID=19831) to work on /home/airflow/.local/lib/python3.7/site-packages/airflow/example_dags/example_xcom.py
[2023-01-11T01:29:59.233+0000] {processor.py:756} INFO - Processing file /home/airflow/.local/lib/python3.7/site-packages/airflow/example_dags/example_xcom.py for tasks to queue
[2023-01-11T01:29:59.235+0000] {logging_mixin.py:120} INFO - [2023-01-11T01:29:59.235+0000] {dagbag.py:537} INFO - Filling up the DagBag from /home/airflow/.local/lib/python3.7/site-packages/airflow/example_dags/example_xcom.py
[2023-01-11T01:29:59.299+0000] {processor.py:766} INFO - DAG(s) dict_keys(['example_xcom']) retrieved from /home/airflow/.local/lib/python3.7/site-packages/airflow/example_dags/example_xcom.py
[2023-01-11T01:29:59.390+0000] {logging_mixin.py:120} INFO - [2023-01-11T01:29:59.390+0000] {dag.py:2585} INFO - Sync 1 DAGs
[2023-01-11T01:29:59.436+0000] {logging_mixin.py:120} INFO - [2023-01-11T01:29:59.435+0000] {dag.py:3340} INFO - Setting next_dagrun for example_xcom to 2021-01-01T00:00:00+00:00, run_after=2021-01-01T00:00:00+00:00
[2023-01-11T01:29:59.479+0000] {processor.py:176} INFO - Processing /home/airflow/.local/lib/python3.7/site-packages/airflow/example_dags/example_xcom.py took 0.258 seconds
[2023-01-11T01:30:30.053+0000] {processor.py:154} INFO - Started process (PID=19898) to work on /home/airflow/.local/lib/python3.7/site-packages/airflow/example_dags/example_xcom.py
[2023-01-11T01:30:30.054+0000] {processor.py:756} INFO - Processing file /home/airflow/.local/lib/python3.7/site-packages/airflow/example_dags/example_xcom.py for tasks to queue
[2023-01-11T01:30:30.055+0000] {logging_mixin.py:120} INFO - [2023-01-11T01:30:30.055+0000] {dagbag.py:537} INFO - Filling up the DagBag from /home/airflow/.local/lib/python3.7/site-packages/airflow/example_dags/example_xcom.py
[2023-01-11T01:30:30.084+0000] {processor.py:766} INFO - DAG(s) dict_keys(['example_xcom']) retrieved from /home/airflow/.local/lib/python3.7/site-packages/airflow/example_dags/example_xcom.py
[2023-01-11T01:30:30.158+0000] {logging_mixin.py:120} INFO - [2023-01-11T01:30:30.158+0000] {dag.py:2585} INFO - Sync 1 DAGs
[2023-01-11T01:30:30.190+0000] {logging_mixin.py:120} INFO - [2023-01-11T01:30:30.190+0000] {dag.py:3340} INFO - Setting next_dagrun for example_xcom to 2021-01-01T00:00:00+00:00, run_after=2021-01-01T00:00:00+00:00
[2023-01-11T01:30:30.228+0000] {processor.py:176} INFO - Processing /home/airflow/.local/lib/python3.7/site-packages/airflow/example_dags/example_xcom.py took 0.177 seconds
[2023-01-11T01:31:00.350+0000] {processor.py:154} INFO - Started process (PID=19956) to work on /home/airflow/.local/lib/python3.7/site-packages/airflow/example_dags/example_xcom.py
[2023-01-11T01:31:00.351+0000] {processor.py:756} INFO - Processing file /home/airflow/.local/lib/python3.7/site-packages/airflow/example_dags/example_xcom.py for tasks to queue
[2023-01-11T01:31:00.353+0000] {logging_mixin.py:120} INFO - [2023-01-11T01:31:00.352+0000] {dagbag.py:537} INFO - Filling up the DagBag from /home/airflow/.local/lib/python3.7/site-packages/airflow/example_dags/example_xcom.py
[2023-01-11T01:31:00.385+0000] {processor.py:766} INFO - DAG(s) dict_keys(['example_xcom']) retrieved from /home/airflow/.local/lib/python3.7/site-packages/airflow/example_dags/example_xcom.py
[2023-01-11T01:31:00.451+0000] {logging_mixin.py:120} INFO - [2023-01-11T01:31:00.451+0000] {dag.py:2585} INFO - Sync 1 DAGs
[2023-01-11T01:31:00.492+0000] {logging_mixin.py:120} INFO - [2023-01-11T01:31:00.492+0000] {dag.py:3340} INFO - Setting next_dagrun for example_xcom to 2021-01-01T00:00:00+00:00, run_after=2021-01-01T00:00:00+00:00
[2023-01-11T01:31:00.524+0000] {processor.py:176} INFO - Processing /home/airflow/.local/lib/python3.7/site-packages/airflow/example_dags/example_xcom.py took 0.179 seconds
[2023-01-11T01:31:31.230+0000] {processor.py:154} INFO - Started process (PID=20023) to work on /home/airflow/.local/lib/python3.7/site-packages/airflow/example_dags/example_xcom.py
[2023-01-11T01:31:31.231+0000] {processor.py:756} INFO - Processing file /home/airflow/.local/lib/python3.7/site-packages/airflow/example_dags/example_xcom.py for tasks to queue
[2023-01-11T01:31:31.233+0000] {logging_mixin.py:120} INFO - [2023-01-11T01:31:31.233+0000] {dagbag.py:537} INFO - Filling up the DagBag from /home/airflow/.local/lib/python3.7/site-packages/airflow/example_dags/example_xcom.py
[2023-01-11T01:31:31.273+0000] {processor.py:766} INFO - DAG(s) dict_keys(['example_xcom']) retrieved from /home/airflow/.local/lib/python3.7/site-packages/airflow/example_dags/example_xcom.py
[2023-01-11T01:31:31.341+0000] {logging_mixin.py:120} INFO - [2023-01-11T01:31:31.340+0000] {dag.py:2585} INFO - Sync 1 DAGs
[2023-01-11T01:31:31.404+0000] {logging_mixin.py:120} INFO - [2023-01-11T01:31:31.403+0000] {dag.py:3340} INFO - Setting next_dagrun for example_xcom to 2021-01-01T00:00:00+00:00, run_after=2021-01-01T00:00:00+00:00
[2023-01-11T01:31:31.465+0000] {processor.py:176} INFO - Processing /home/airflow/.local/lib/python3.7/site-packages/airflow/example_dags/example_xcom.py took 0.240 seconds
[2023-01-11T01:32:01.928+0000] {processor.py:154} INFO - Started process (PID=20081) to work on /home/airflow/.local/lib/python3.7/site-packages/airflow/example_dags/example_xcom.py
[2023-01-11T01:32:01.929+0000] {processor.py:756} INFO - Processing file /home/airflow/.local/lib/python3.7/site-packages/airflow/example_dags/example_xcom.py for tasks to queue
[2023-01-11T01:32:01.931+0000] {logging_mixin.py:120} INFO - [2023-01-11T01:32:01.931+0000] {dagbag.py:537} INFO - Filling up the DagBag from /home/airflow/.local/lib/python3.7/site-packages/airflow/example_dags/example_xcom.py
[2023-01-11T01:32:01.962+0000] {processor.py:766} INFO - DAG(s) dict_keys(['example_xcom']) retrieved from /home/airflow/.local/lib/python3.7/site-packages/airflow/example_dags/example_xcom.py
[2023-01-11T01:32:02.042+0000] {logging_mixin.py:120} INFO - [2023-01-11T01:32:02.041+0000] {dag.py:2585} INFO - Sync 1 DAGs
[2023-01-11T01:32:02.086+0000] {logging_mixin.py:120} INFO - [2023-01-11T01:32:02.086+0000] {dag.py:3340} INFO - Setting next_dagrun for example_xcom to 2021-01-01T00:00:00+00:00, run_after=2021-01-01T00:00:00+00:00
[2023-01-11T01:32:02.137+0000] {processor.py:176} INFO - Processing /home/airflow/.local/lib/python3.7/site-packages/airflow/example_dags/example_xcom.py took 0.214 seconds
[2023-01-11T01:32:32.752+0000] {processor.py:154} INFO - Started process (PID=20148) to work on /home/airflow/.local/lib/python3.7/site-packages/airflow/example_dags/example_xcom.py
[2023-01-11T01:32:32.753+0000] {processor.py:756} INFO - Processing file /home/airflow/.local/lib/python3.7/site-packages/airflow/example_dags/example_xcom.py for tasks to queue
[2023-01-11T01:32:32.755+0000] {logging_mixin.py:120} INFO - [2023-01-11T01:32:32.755+0000] {dagbag.py:537} INFO - Filling up the DagBag from /home/airflow/.local/lib/python3.7/site-packages/airflow/example_dags/example_xcom.py
[2023-01-11T01:32:32.798+0000] {processor.py:766} INFO - DAG(s) dict_keys(['example_xcom']) retrieved from /home/airflow/.local/lib/python3.7/site-packages/airflow/example_dags/example_xcom.py
[2023-01-11T01:32:32.877+0000] {logging_mixin.py:120} INFO - [2023-01-11T01:32:32.876+0000] {dag.py:2585} INFO - Sync 1 DAGs
[2023-01-11T01:32:32.912+0000] {logging_mixin.py:120} INFO - [2023-01-11T01:32:32.912+0000] {dag.py:3340} INFO - Setting next_dagrun for example_xcom to 2021-01-01T00:00:00+00:00, run_after=2021-01-01T00:00:00+00:00
[2023-01-11T01:32:32.934+0000] {processor.py:176} INFO - Processing /home/airflow/.local/lib/python3.7/site-packages/airflow/example_dags/example_xcom.py took 0.187 seconds
[2023-01-11T01:33:02.982+0000] {processor.py:154} INFO - Started process (PID=20206) to work on /home/airflow/.local/lib/python3.7/site-packages/airflow/example_dags/example_xcom.py
[2023-01-11T01:33:02.983+0000] {processor.py:756} INFO - Processing file /home/airflow/.local/lib/python3.7/site-packages/airflow/example_dags/example_xcom.py for tasks to queue
[2023-01-11T01:33:02.984+0000] {logging_mixin.py:120} INFO - [2023-01-11T01:33:02.984+0000] {dagbag.py:537} INFO - Filling up the DagBag from /home/airflow/.local/lib/python3.7/site-packages/airflow/example_dags/example_xcom.py
[2023-01-11T01:33:03.012+0000] {processor.py:766} INFO - DAG(s) dict_keys(['example_xcom']) retrieved from /home/airflow/.local/lib/python3.7/site-packages/airflow/example_dags/example_xcom.py
[2023-01-11T01:33:03.056+0000] {logging_mixin.py:120} INFO - [2023-01-11T01:33:03.056+0000] {dag.py:2585} INFO - Sync 1 DAGs
[2023-01-11T01:33:03.086+0000] {logging_mixin.py:120} INFO - [2023-01-11T01:33:03.085+0000] {dag.py:3340} INFO - Setting next_dagrun for example_xcom to 2021-01-01T00:00:00+00:00, run_after=2021-01-01T00:00:00+00:00
[2023-01-11T01:33:03.116+0000] {processor.py:176} INFO - Processing /home/airflow/.local/lib/python3.7/site-packages/airflow/example_dags/example_xcom.py took 0.138 seconds
[2023-01-11T01:33:33.968+0000] {processor.py:154} INFO - Started process (PID=20273) to work on /home/airflow/.local/lib/python3.7/site-packages/airflow/example_dags/example_xcom.py
[2023-01-11T01:33:33.969+0000] {processor.py:756} INFO - Processing file /home/airflow/.local/lib/python3.7/site-packages/airflow/example_dags/example_xcom.py for tasks to queue
[2023-01-11T01:33:33.970+0000] {logging_mixin.py:120} INFO - [2023-01-11T01:33:33.970+0000] {dagbag.py:537} INFO - Filling up the DagBag from /home/airflow/.local/lib/python3.7/site-packages/airflow/example_dags/example_xcom.py
[2023-01-11T01:33:33.994+0000] {processor.py:766} INFO - DAG(s) dict_keys(['example_xcom']) retrieved from /home/airflow/.local/lib/python3.7/site-packages/airflow/example_dags/example_xcom.py
[2023-01-11T01:33:34.050+0000] {logging_mixin.py:120} INFO - [2023-01-11T01:33:34.049+0000] {dag.py:2585} INFO - Sync 1 DAGs
[2023-01-11T01:33:34.081+0000] {logging_mixin.py:120} INFO - [2023-01-11T01:33:34.081+0000] {dag.py:3340} INFO - Setting next_dagrun for example_xcom to 2021-01-01T00:00:00+00:00, run_after=2021-01-01T00:00:00+00:00
[2023-01-11T01:33:34.117+0000] {processor.py:176} INFO - Processing /home/airflow/.local/lib/python3.7/site-packages/airflow/example_dags/example_xcom.py took 0.153 seconds
[2023-01-11T01:34:04.752+0000] {processor.py:154} INFO - Started process (PID=20331) to work on /home/airflow/.local/lib/python3.7/site-packages/airflow/example_dags/example_xcom.py
[2023-01-11T01:34:04.752+0000] {processor.py:756} INFO - Processing file /home/airflow/.local/lib/python3.7/site-packages/airflow/example_dags/example_xcom.py for tasks to queue
[2023-01-11T01:34:04.753+0000] {logging_mixin.py:120} INFO - [2023-01-11T01:34:04.753+0000] {dagbag.py:537} INFO - Filling up the DagBag from /home/airflow/.local/lib/python3.7/site-packages/airflow/example_dags/example_xcom.py
[2023-01-11T01:34:04.780+0000] {processor.py:766} INFO - DAG(s) dict_keys(['example_xcom']) retrieved from /home/airflow/.local/lib/python3.7/site-packages/airflow/example_dags/example_xcom.py
[2023-01-11T01:34:04.832+0000] {logging_mixin.py:120} INFO - [2023-01-11T01:34:04.831+0000] {dag.py:2585} INFO - Sync 1 DAGs
[2023-01-11T01:34:04.859+0000] {logging_mixin.py:120} INFO - [2023-01-11T01:34:04.859+0000] {dag.py:3340} INFO - Setting next_dagrun for example_xcom to 2021-01-01T00:00:00+00:00, run_after=2021-01-01T00:00:00+00:00
[2023-01-11T01:34:04.893+0000] {processor.py:176} INFO - Processing /home/airflow/.local/lib/python3.7/site-packages/airflow/example_dags/example_xcom.py took 0.145 seconds
[2023-01-11T01:34:35.471+0000] {processor.py:154} INFO - Started process (PID=20398) to work on /home/airflow/.local/lib/python3.7/site-packages/airflow/example_dags/example_xcom.py
[2023-01-11T01:34:35.473+0000] {processor.py:756} INFO - Processing file /home/airflow/.local/lib/python3.7/site-packages/airflow/example_dags/example_xcom.py for tasks to queue
[2023-01-11T01:34:35.474+0000] {logging_mixin.py:120} INFO - [2023-01-11T01:34:35.474+0000] {dagbag.py:537} INFO - Filling up the DagBag from /home/airflow/.local/lib/python3.7/site-packages/airflow/example_dags/example_xcom.py
[2023-01-11T01:34:35.524+0000] {processor.py:766} INFO - DAG(s) dict_keys(['example_xcom']) retrieved from /home/airflow/.local/lib/python3.7/site-packages/airflow/example_dags/example_xcom.py
[2023-01-11T01:34:35.596+0000] {logging_mixin.py:120} INFO - [2023-01-11T01:34:35.595+0000] {dag.py:2585} INFO - Sync 1 DAGs
[2023-01-11T01:34:35.644+0000] {logging_mixin.py:120} INFO - [2023-01-11T01:34:35.644+0000] {dag.py:3340} INFO - Setting next_dagrun for example_xcom to 2021-01-01T00:00:00+00:00, run_after=2021-01-01T00:00:00+00:00
[2023-01-11T01:34:35.686+0000] {processor.py:176} INFO - Processing /home/airflow/.local/lib/python3.7/site-packages/airflow/example_dags/example_xcom.py took 0.221 seconds
[2023-01-11T01:35:06.625+0000] {processor.py:154} INFO - Started process (PID=20466) to work on /home/airflow/.local/lib/python3.7/site-packages/airflow/example_dags/example_xcom.py
[2023-01-11T01:35:06.627+0000] {processor.py:756} INFO - Processing file /home/airflow/.local/lib/python3.7/site-packages/airflow/example_dags/example_xcom.py for tasks to queue
[2023-01-11T01:35:06.630+0000] {logging_mixin.py:120} INFO - [2023-01-11T01:35:06.629+0000] {dagbag.py:537} INFO - Filling up the DagBag from /home/airflow/.local/lib/python3.7/site-packages/airflow/example_dags/example_xcom.py
[2023-01-11T01:35:06.671+0000] {processor.py:766} INFO - DAG(s) dict_keys(['example_xcom']) retrieved from /home/airflow/.local/lib/python3.7/site-packages/airflow/example_dags/example_xcom.py
[2023-01-11T01:35:06.729+0000] {logging_mixin.py:120} INFO - [2023-01-11T01:35:06.729+0000] {dag.py:2585} INFO - Sync 1 DAGs
[2023-01-11T01:35:06.764+0000] {logging_mixin.py:120} INFO - [2023-01-11T01:35:06.763+0000] {dag.py:3340} INFO - Setting next_dagrun for example_xcom to 2021-01-01T00:00:00+00:00, run_after=2021-01-01T00:00:00+00:00
[2023-01-11T01:35:06.804+0000] {processor.py:176} INFO - Processing /home/airflow/.local/lib/python3.7/site-packages/airflow/example_dags/example_xcom.py took 0.190 seconds
[2023-01-11T01:35:36.941+0000] {processor.py:154} INFO - Started process (PID=20525) to work on /home/airflow/.local/lib/python3.7/site-packages/airflow/example_dags/example_xcom.py
[2023-01-11T01:35:36.942+0000] {processor.py:756} INFO - Processing file /home/airflow/.local/lib/python3.7/site-packages/airflow/example_dags/example_xcom.py for tasks to queue
[2023-01-11T01:35:36.943+0000] {logging_mixin.py:120} INFO - [2023-01-11T01:35:36.943+0000] {dagbag.py:537} INFO - Filling up the DagBag from /home/airflow/.local/lib/python3.7/site-packages/airflow/example_dags/example_xcom.py
[2023-01-11T01:35:36.969+0000] {processor.py:766} INFO - DAG(s) dict_keys(['example_xcom']) retrieved from /home/airflow/.local/lib/python3.7/site-packages/airflow/example_dags/example_xcom.py
[2023-01-11T01:35:37.016+0000] {logging_mixin.py:120} INFO - [2023-01-11T01:35:37.016+0000] {dag.py:2585} INFO - Sync 1 DAGs
[2023-01-11T01:35:37.053+0000] {logging_mixin.py:120} INFO - [2023-01-11T01:35:37.052+0000] {dag.py:3340} INFO - Setting next_dagrun for example_xcom to 2021-01-01T00:00:00+00:00, run_after=2021-01-01T00:00:00+00:00
[2023-01-11T01:35:37.089+0000] {processor.py:176} INFO - Processing /home/airflow/.local/lib/python3.7/site-packages/airflow/example_dags/example_xcom.py took 0.151 seconds
[2023-01-11T01:36:07.440+0000] {processor.py:154} INFO - Started process (PID=20592) to work on /home/airflow/.local/lib/python3.7/site-packages/airflow/example_dags/example_xcom.py
[2023-01-11T01:36:07.441+0000] {processor.py:756} INFO - Processing file /home/airflow/.local/lib/python3.7/site-packages/airflow/example_dags/example_xcom.py for tasks to queue
[2023-01-11T01:36:07.442+0000] {logging_mixin.py:120} INFO - [2023-01-11T01:36:07.442+0000] {dagbag.py:537} INFO - Filling up the DagBag from /home/airflow/.local/lib/python3.7/site-packages/airflow/example_dags/example_xcom.py
[2023-01-11T01:36:07.473+0000] {processor.py:766} INFO - DAG(s) dict_keys(['example_xcom']) retrieved from /home/airflow/.local/lib/python3.7/site-packages/airflow/example_dags/example_xcom.py
[2023-01-11T01:36:07.539+0000] {logging_mixin.py:120} INFO - [2023-01-11T01:36:07.539+0000] {dag.py:2585} INFO - Sync 1 DAGs
[2023-01-11T01:36:07.565+0000] {logging_mixin.py:120} INFO - [2023-01-11T01:36:07.565+0000] {dag.py:3340} INFO - Setting next_dagrun for example_xcom to 2021-01-01T00:00:00+00:00, run_after=2021-01-01T00:00:00+00:00
[2023-01-11T01:36:07.588+0000] {processor.py:176} INFO - Processing /home/airflow/.local/lib/python3.7/site-packages/airflow/example_dags/example_xcom.py took 0.151 seconds
[2023-01-11T01:36:37.998+0000] {processor.py:154} INFO - Started process (PID=20650) to work on /home/airflow/.local/lib/python3.7/site-packages/airflow/example_dags/example_xcom.py
[2023-01-11T01:36:38.000+0000] {processor.py:756} INFO - Processing file /home/airflow/.local/lib/python3.7/site-packages/airflow/example_dags/example_xcom.py for tasks to queue
[2023-01-11T01:36:38.002+0000] {logging_mixin.py:120} INFO - [2023-01-11T01:36:38.002+0000] {dagbag.py:537} INFO - Filling up the DagBag from /home/airflow/.local/lib/python3.7/site-packages/airflow/example_dags/example_xcom.py
[2023-01-11T01:36:38.045+0000] {processor.py:766} INFO - DAG(s) dict_keys(['example_xcom']) retrieved from /home/airflow/.local/lib/python3.7/site-packages/airflow/example_dags/example_xcom.py
[2023-01-11T01:36:38.126+0000] {logging_mixin.py:120} INFO - [2023-01-11T01:36:38.126+0000] {dag.py:2585} INFO - Sync 1 DAGs
[2023-01-11T01:36:38.180+0000] {logging_mixin.py:120} INFO - [2023-01-11T01:36:38.179+0000] {dag.py:3340} INFO - Setting next_dagrun for example_xcom to 2021-01-01T00:00:00+00:00, run_after=2021-01-01T00:00:00+00:00
[2023-01-11T01:36:38.219+0000] {processor.py:176} INFO - Processing /home/airflow/.local/lib/python3.7/site-packages/airflow/example_dags/example_xcom.py took 0.227 seconds
[2023-01-11T01:37:08.399+0000] {processor.py:154} INFO - Started process (PID=20717) to work on /home/airflow/.local/lib/python3.7/site-packages/airflow/example_dags/example_xcom.py
[2023-01-11T01:37:08.399+0000] {processor.py:756} INFO - Processing file /home/airflow/.local/lib/python3.7/site-packages/airflow/example_dags/example_xcom.py for tasks to queue
[2023-01-11T01:37:08.401+0000] {logging_mixin.py:120} INFO - [2023-01-11T01:37:08.400+0000] {dagbag.py:537} INFO - Filling up the DagBag from /home/airflow/.local/lib/python3.7/site-packages/airflow/example_dags/example_xcom.py
[2023-01-11T01:37:08.433+0000] {processor.py:766} INFO - DAG(s) dict_keys(['example_xcom']) retrieved from /home/airflow/.local/lib/python3.7/site-packages/airflow/example_dags/example_xcom.py
[2023-01-11T01:37:08.494+0000] {logging_mixin.py:120} INFO - [2023-01-11T01:37:08.494+0000] {dag.py:2585} INFO - Sync 1 DAGs
[2023-01-11T01:37:08.525+0000] {logging_mixin.py:120} INFO - [2023-01-11T01:37:08.524+0000] {dag.py:3340} INFO - Setting next_dagrun for example_xcom to 2021-01-01T00:00:00+00:00, run_after=2021-01-01T00:00:00+00:00
[2023-01-11T01:37:08.564+0000] {processor.py:176} INFO - Processing /home/airflow/.local/lib/python3.7/site-packages/airflow/example_dags/example_xcom.py took 0.169 seconds
[2023-01-11T01:37:39.172+0000] {processor.py:154} INFO - Started process (PID=20785) to work on /home/airflow/.local/lib/python3.7/site-packages/airflow/example_dags/example_xcom.py
[2023-01-11T01:37:39.174+0000] {processor.py:756} INFO - Processing file /home/airflow/.local/lib/python3.7/site-packages/airflow/example_dags/example_xcom.py for tasks to queue
[2023-01-11T01:37:39.175+0000] {logging_mixin.py:120} INFO - [2023-01-11T01:37:39.175+0000] {dagbag.py:537} INFO - Filling up the DagBag from /home/airflow/.local/lib/python3.7/site-packages/airflow/example_dags/example_xcom.py
[2023-01-11T01:37:39.220+0000] {processor.py:766} INFO - DAG(s) dict_keys(['example_xcom']) retrieved from /home/airflow/.local/lib/python3.7/site-packages/airflow/example_dags/example_xcom.py
[2023-01-11T01:37:39.333+0000] {logging_mixin.py:120} INFO - [2023-01-11T01:37:39.332+0000] {dag.py:2585} INFO - Sync 1 DAGs
[2023-01-11T01:37:39.402+0000] {logging_mixin.py:120} INFO - [2023-01-11T01:37:39.402+0000] {dag.py:3340} INFO - Setting next_dagrun for example_xcom to 2021-01-01T00:00:00+00:00, run_after=2021-01-01T00:00:00+00:00
[2023-01-11T01:37:39.473+0000] {processor.py:176} INFO - Processing /home/airflow/.local/lib/python3.7/site-packages/airflow/example_dags/example_xcom.py took 0.304 seconds
[2023-01-11T01:38:09.673+0000] {processor.py:154} INFO - Started process (PID=20844) to work on /home/airflow/.local/lib/python3.7/site-packages/airflow/example_dags/example_xcom.py
[2023-01-11T01:38:09.675+0000] {processor.py:756} INFO - Processing file /home/airflow/.local/lib/python3.7/site-packages/airflow/example_dags/example_xcom.py for tasks to queue
[2023-01-11T01:38:09.676+0000] {logging_mixin.py:120} INFO - [2023-01-11T01:38:09.676+0000] {dagbag.py:537} INFO - Filling up the DagBag from /home/airflow/.local/lib/python3.7/site-packages/airflow/example_dags/example_xcom.py
[2023-01-11T01:38:09.713+0000] {processor.py:766} INFO - DAG(s) dict_keys(['example_xcom']) retrieved from /home/airflow/.local/lib/python3.7/site-packages/airflow/example_dags/example_xcom.py
[2023-01-11T01:38:09.781+0000] {logging_mixin.py:120} INFO - [2023-01-11T01:38:09.781+0000] {dag.py:2585} INFO - Sync 1 DAGs
[2023-01-11T01:38:09.821+0000] {logging_mixin.py:120} INFO - [2023-01-11T01:38:09.821+0000] {dag.py:3340} INFO - Setting next_dagrun for example_xcom to 2021-01-01T00:00:00+00:00, run_after=2021-01-01T00:00:00+00:00
[2023-01-11T01:38:09.860+0000] {processor.py:176} INFO - Processing /home/airflow/.local/lib/python3.7/site-packages/airflow/example_dags/example_xcom.py took 0.193 seconds
[2023-01-11T01:38:40.265+0000] {processor.py:154} INFO - Started process (PID=20912) to work on /home/airflow/.local/lib/python3.7/site-packages/airflow/example_dags/example_xcom.py
[2023-01-11T01:38:40.266+0000] {processor.py:756} INFO - Processing file /home/airflow/.local/lib/python3.7/site-packages/airflow/example_dags/example_xcom.py for tasks to queue
[2023-01-11T01:38:40.268+0000] {logging_mixin.py:120} INFO - [2023-01-11T01:38:40.268+0000] {dagbag.py:537} INFO - Filling up the DagBag from /home/airflow/.local/lib/python3.7/site-packages/airflow/example_dags/example_xcom.py
[2023-01-11T01:38:40.312+0000] {processor.py:766} INFO - DAG(s) dict_keys(['example_xcom']) retrieved from /home/airflow/.local/lib/python3.7/site-packages/airflow/example_dags/example_xcom.py
[2023-01-11T01:38:40.398+0000] {logging_mixin.py:120} INFO - [2023-01-11T01:38:40.398+0000] {dag.py:2585} INFO - Sync 1 DAGs
[2023-01-11T01:38:40.448+0000] {logging_mixin.py:120} INFO - [2023-01-11T01:38:40.447+0000] {dag.py:3340} INFO - Setting next_dagrun for example_xcom to 2021-01-01T00:00:00+00:00, run_after=2021-01-01T00:00:00+00:00
[2023-01-11T01:38:40.501+0000] {processor.py:176} INFO - Processing /home/airflow/.local/lib/python3.7/site-packages/airflow/example_dags/example_xcom.py took 0.241 seconds
[2023-01-11T01:39:10.768+0000] {processor.py:154} INFO - Started process (PID=20970) to work on /home/airflow/.local/lib/python3.7/site-packages/airflow/example_dags/example_xcom.py
[2023-01-11T01:39:10.769+0000] {processor.py:756} INFO - Processing file /home/airflow/.local/lib/python3.7/site-packages/airflow/example_dags/example_xcom.py for tasks to queue
[2023-01-11T01:39:10.770+0000] {logging_mixin.py:120} INFO - [2023-01-11T01:39:10.770+0000] {dagbag.py:537} INFO - Filling up the DagBag from /home/airflow/.local/lib/python3.7/site-packages/airflow/example_dags/example_xcom.py
[2023-01-11T01:39:10.798+0000] {processor.py:766} INFO - DAG(s) dict_keys(['example_xcom']) retrieved from /home/airflow/.local/lib/python3.7/site-packages/airflow/example_dags/example_xcom.py
[2023-01-11T01:39:10.859+0000] {logging_mixin.py:120} INFO - [2023-01-11T01:39:10.859+0000] {dag.py:2585} INFO - Sync 1 DAGs
[2023-01-11T01:39:10.884+0000] {logging_mixin.py:120} INFO - [2023-01-11T01:39:10.883+0000] {dag.py:3340} INFO - Setting next_dagrun for example_xcom to 2021-01-01T00:00:00+00:00, run_after=2021-01-01T00:00:00+00:00
[2023-01-11T01:39:10.906+0000] {processor.py:176} INFO - Processing /home/airflow/.local/lib/python3.7/site-packages/airflow/example_dags/example_xcom.py took 0.142 seconds
[2023-01-11T01:39:41.022+0000] {processor.py:154} INFO - Started process (PID=21037) to work on /home/airflow/.local/lib/python3.7/site-packages/airflow/example_dags/example_xcom.py
[2023-01-11T01:39:41.023+0000] {processor.py:756} INFO - Processing file /home/airflow/.local/lib/python3.7/site-packages/airflow/example_dags/example_xcom.py for tasks to queue
[2023-01-11T01:39:41.024+0000] {logging_mixin.py:120} INFO - [2023-01-11T01:39:41.023+0000] {dagbag.py:537} INFO - Filling up the DagBag from /home/airflow/.local/lib/python3.7/site-packages/airflow/example_dags/example_xcom.py
[2023-01-11T01:39:41.053+0000] {processor.py:766} INFO - DAG(s) dict_keys(['example_xcom']) retrieved from /home/airflow/.local/lib/python3.7/site-packages/airflow/example_dags/example_xcom.py
[2023-01-11T01:39:41.100+0000] {logging_mixin.py:120} INFO - [2023-01-11T01:39:41.100+0000] {dag.py:2585} INFO - Sync 1 DAGs
[2023-01-11T01:39:41.140+0000] {logging_mixin.py:120} INFO - [2023-01-11T01:39:41.140+0000] {dag.py:3340} INFO - Setting next_dagrun for example_xcom to 2021-01-01T00:00:00+00:00, run_after=2021-01-01T00:00:00+00:00
[2023-01-11T01:39:41.167+0000] {processor.py:176} INFO - Processing /home/airflow/.local/lib/python3.7/site-packages/airflow/example_dags/example_xcom.py took 0.150 seconds
[2023-01-11T01:40:11.776+0000] {processor.py:154} INFO - Started process (PID=21095) to work on /home/airflow/.local/lib/python3.7/site-packages/airflow/example_dags/example_xcom.py
[2023-01-11T01:40:11.777+0000] {processor.py:756} INFO - Processing file /home/airflow/.local/lib/python3.7/site-packages/airflow/example_dags/example_xcom.py for tasks to queue
[2023-01-11T01:40:11.779+0000] {logging_mixin.py:120} INFO - [2023-01-11T01:40:11.779+0000] {dagbag.py:537} INFO - Filling up the DagBag from /home/airflow/.local/lib/python3.7/site-packages/airflow/example_dags/example_xcom.py
[2023-01-11T01:40:11.809+0000] {processor.py:766} INFO - DAG(s) dict_keys(['example_xcom']) retrieved from /home/airflow/.local/lib/python3.7/site-packages/airflow/example_dags/example_xcom.py
[2023-01-11T01:40:11.852+0000] {logging_mixin.py:120} INFO - [2023-01-11T01:40:11.852+0000] {dag.py:2585} INFO - Sync 1 DAGs
[2023-01-11T01:40:11.878+0000] {logging_mixin.py:120} INFO - [2023-01-11T01:40:11.878+0000] {dag.py:3340} INFO - Setting next_dagrun for example_xcom to 2021-01-01T00:00:00+00:00, run_after=2021-01-01T00:00:00+00:00
[2023-01-11T01:40:11.913+0000] {processor.py:176} INFO - Processing /home/airflow/.local/lib/python3.7/site-packages/airflow/example_dags/example_xcom.py took 0.142 seconds
[2023-01-11T01:40:42.044+0000] {processor.py:154} INFO - Started process (PID=21162) to work on /home/airflow/.local/lib/python3.7/site-packages/airflow/example_dags/example_xcom.py
[2023-01-11T01:40:42.045+0000] {processor.py:756} INFO - Processing file /home/airflow/.local/lib/python3.7/site-packages/airflow/example_dags/example_xcom.py for tasks to queue
[2023-01-11T01:40:42.046+0000] {logging_mixin.py:120} INFO - [2023-01-11T01:40:42.045+0000] {dagbag.py:537} INFO - Filling up the DagBag from /home/airflow/.local/lib/python3.7/site-packages/airflow/example_dags/example_xcom.py
[2023-01-11T01:40:42.081+0000] {processor.py:766} INFO - DAG(s) dict_keys(['example_xcom']) retrieved from /home/airflow/.local/lib/python3.7/site-packages/airflow/example_dags/example_xcom.py
[2023-01-11T01:40:42.125+0000] {logging_mixin.py:120} INFO - [2023-01-11T01:40:42.124+0000] {dag.py:2585} INFO - Sync 1 DAGs
[2023-01-11T01:40:42.150+0000] {logging_mixin.py:120} INFO - [2023-01-11T01:40:42.149+0000] {dag.py:3340} INFO - Setting next_dagrun for example_xcom to 2021-01-01T00:00:00+00:00, run_after=2021-01-01T00:00:00+00:00
[2023-01-11T01:40:42.171+0000] {processor.py:176} INFO - Processing /home/airflow/.local/lib/python3.7/site-packages/airflow/example_dags/example_xcom.py took 0.134 seconds
[2023-01-11T01:41:12.453+0000] {processor.py:154} INFO - Started process (PID=21229) to work on /home/airflow/.local/lib/python3.7/site-packages/airflow/example_dags/example_xcom.py
[2023-01-11T01:41:12.455+0000] {processor.py:756} INFO - Processing file /home/airflow/.local/lib/python3.7/site-packages/airflow/example_dags/example_xcom.py for tasks to queue
[2023-01-11T01:41:12.456+0000] {logging_mixin.py:120} INFO - [2023-01-11T01:41:12.456+0000] {dagbag.py:537} INFO - Filling up the DagBag from /home/airflow/.local/lib/python3.7/site-packages/airflow/example_dags/example_xcom.py
[2023-01-11T01:41:12.492+0000] {processor.py:766} INFO - DAG(s) dict_keys(['example_xcom']) retrieved from /home/airflow/.local/lib/python3.7/site-packages/airflow/example_dags/example_xcom.py
[2023-01-11T01:41:12.566+0000] {logging_mixin.py:120} INFO - [2023-01-11T01:41:12.566+0000] {dag.py:2585} INFO - Sync 1 DAGs
[2023-01-11T01:41:12.590+0000] {logging_mixin.py:120} INFO - [2023-01-11T01:41:12.590+0000] {dag.py:3340} INFO - Setting next_dagrun for example_xcom to 2021-01-01T00:00:00+00:00, run_after=2021-01-01T00:00:00+00:00
[2023-01-11T01:41:12.638+0000] {processor.py:176} INFO - Processing /home/airflow/.local/lib/python3.7/site-packages/airflow/example_dags/example_xcom.py took 0.189 seconds
[2023-01-11T01:41:43.145+0000] {processor.py:154} INFO - Started process (PID=21287) to work on /home/airflow/.local/lib/python3.7/site-packages/airflow/example_dags/example_xcom.py
[2023-01-11T01:41:43.148+0000] {processor.py:756} INFO - Processing file /home/airflow/.local/lib/python3.7/site-packages/airflow/example_dags/example_xcom.py for tasks to queue
[2023-01-11T01:41:43.149+0000] {logging_mixin.py:120} INFO - [2023-01-11T01:41:43.149+0000] {dagbag.py:537} INFO - Filling up the DagBag from /home/airflow/.local/lib/python3.7/site-packages/airflow/example_dags/example_xcom.py
[2023-01-11T01:41:43.176+0000] {processor.py:766} INFO - DAG(s) dict_keys(['example_xcom']) retrieved from /home/airflow/.local/lib/python3.7/site-packages/airflow/example_dags/example_xcom.py
[2023-01-11T01:41:43.219+0000] {logging_mixin.py:120} INFO - [2023-01-11T01:41:43.219+0000] {dag.py:2585} INFO - Sync 1 DAGs
[2023-01-11T01:41:43.251+0000] {logging_mixin.py:120} INFO - [2023-01-11T01:41:43.251+0000] {dag.py:3340} INFO - Setting next_dagrun for example_xcom to 2021-01-01T00:00:00+00:00, run_after=2021-01-01T00:00:00+00:00
[2023-01-11T01:41:43.296+0000] {processor.py:176} INFO - Processing /home/airflow/.local/lib/python3.7/site-packages/airflow/example_dags/example_xcom.py took 0.156 seconds
[2023-01-11T01:42:13.697+0000] {processor.py:154} INFO - Started process (PID=21355) to work on /home/airflow/.local/lib/python3.7/site-packages/airflow/example_dags/example_xcom.py
[2023-01-11T01:42:13.699+0000] {processor.py:756} INFO - Processing file /home/airflow/.local/lib/python3.7/site-packages/airflow/example_dags/example_xcom.py for tasks to queue
[2023-01-11T01:42:13.702+0000] {logging_mixin.py:120} INFO - [2023-01-11T01:42:13.701+0000] {dagbag.py:537} INFO - Filling up the DagBag from /home/airflow/.local/lib/python3.7/site-packages/airflow/example_dags/example_xcom.py
[2023-01-11T01:42:13.744+0000] {processor.py:766} INFO - DAG(s) dict_keys(['example_xcom']) retrieved from /home/airflow/.local/lib/python3.7/site-packages/airflow/example_dags/example_xcom.py
[2023-01-11T01:42:13.786+0000] {logging_mixin.py:120} INFO - [2023-01-11T01:42:13.786+0000] {dag.py:2585} INFO - Sync 1 DAGs
[2023-01-11T01:42:13.811+0000] {logging_mixin.py:120} INFO - [2023-01-11T01:42:13.811+0000] {dag.py:3340} INFO - Setting next_dagrun for example_xcom to 2021-01-01T00:00:00+00:00, run_after=2021-01-01T00:00:00+00:00
[2023-01-11T01:42:13.831+0000] {processor.py:176} INFO - Processing /home/airflow/.local/lib/python3.7/site-packages/airflow/example_dags/example_xcom.py took 0.142 seconds
[2023-01-11T01:42:44.516+0000] {processor.py:154} INFO - Started process (PID=21422) to work on /home/airflow/.local/lib/python3.7/site-packages/airflow/example_dags/example_xcom.py
[2023-01-11T01:42:44.517+0000] {processor.py:756} INFO - Processing file /home/airflow/.local/lib/python3.7/site-packages/airflow/example_dags/example_xcom.py for tasks to queue
[2023-01-11T01:42:44.518+0000] {logging_mixin.py:120} INFO - [2023-01-11T01:42:44.518+0000] {dagbag.py:537} INFO - Filling up the DagBag from /home/airflow/.local/lib/python3.7/site-packages/airflow/example_dags/example_xcom.py
[2023-01-11T01:42:44.552+0000] {processor.py:766} INFO - DAG(s) dict_keys(['example_xcom']) retrieved from /home/airflow/.local/lib/python3.7/site-packages/airflow/example_dags/example_xcom.py
[2023-01-11T01:42:44.606+0000] {logging_mixin.py:120} INFO - [2023-01-11T01:42:44.605+0000] {dag.py:2585} INFO - Sync 1 DAGs
[2023-01-11T01:42:44.635+0000] {logging_mixin.py:120} INFO - [2023-01-11T01:42:44.635+0000] {dag.py:3340} INFO - Setting next_dagrun for example_xcom to 2021-01-01T00:00:00+00:00, run_after=2021-01-01T00:00:00+00:00
[2023-01-11T01:42:44.665+0000] {processor.py:176} INFO - Processing /home/airflow/.local/lib/python3.7/site-packages/airflow/example_dags/example_xcom.py took 0.153 seconds
[2023-01-11T01:43:15.592+0000] {processor.py:154} INFO - Started process (PID=21480) to work on /home/airflow/.local/lib/python3.7/site-packages/airflow/example_dags/example_xcom.py
[2023-01-11T01:43:15.593+0000] {processor.py:756} INFO - Processing file /home/airflow/.local/lib/python3.7/site-packages/airflow/example_dags/example_xcom.py for tasks to queue
[2023-01-11T01:43:15.595+0000] {logging_mixin.py:120} INFO - [2023-01-11T01:43:15.595+0000] {dagbag.py:537} INFO - Filling up the DagBag from /home/airflow/.local/lib/python3.7/site-packages/airflow/example_dags/example_xcom.py
[2023-01-11T01:43:15.621+0000] {processor.py:766} INFO - DAG(s) dict_keys(['example_xcom']) retrieved from /home/airflow/.local/lib/python3.7/site-packages/airflow/example_dags/example_xcom.py
[2023-01-11T01:43:15.663+0000] {logging_mixin.py:120} INFO - [2023-01-11T01:43:15.663+0000] {dag.py:2585} INFO - Sync 1 DAGs
[2023-01-11T01:43:15.689+0000] {logging_mixin.py:120} INFO - [2023-01-11T01:43:15.689+0000] {dag.py:3340} INFO - Setting next_dagrun for example_xcom to 2021-01-01T00:00:00+00:00, run_after=2021-01-01T00:00:00+00:00
[2023-01-11T01:43:15.711+0000] {processor.py:176} INFO - Processing /home/airflow/.local/lib/python3.7/site-packages/airflow/example_dags/example_xcom.py took 0.124 seconds
[2023-01-11T01:43:46.433+0000] {processor.py:154} INFO - Started process (PID=21547) to work on /home/airflow/.local/lib/python3.7/site-packages/airflow/example_dags/example_xcom.py
[2023-01-11T01:43:46.434+0000] {processor.py:756} INFO - Processing file /home/airflow/.local/lib/python3.7/site-packages/airflow/example_dags/example_xcom.py for tasks to queue
[2023-01-11T01:43:46.436+0000] {logging_mixin.py:120} INFO - [2023-01-11T01:43:46.435+0000] {dagbag.py:537} INFO - Filling up the DagBag from /home/airflow/.local/lib/python3.7/site-packages/airflow/example_dags/example_xcom.py
[2023-01-11T01:43:46.464+0000] {processor.py:766} INFO - DAG(s) dict_keys(['example_xcom']) retrieved from /home/airflow/.local/lib/python3.7/site-packages/airflow/example_dags/example_xcom.py
[2023-01-11T01:43:46.513+0000] {logging_mixin.py:120} INFO - [2023-01-11T01:43:46.513+0000] {dag.py:2585} INFO - Sync 1 DAGs
[2023-01-11T01:43:46.543+0000] {logging_mixin.py:120} INFO - [2023-01-11T01:43:46.543+0000] {dag.py:3340} INFO - Setting next_dagrun for example_xcom to 2021-01-01T00:00:00+00:00, run_after=2021-01-01T00:00:00+00:00
[2023-01-11T01:43:46.574+0000] {processor.py:176} INFO - Processing /home/airflow/.local/lib/python3.7/site-packages/airflow/example_dags/example_xcom.py took 0.146 seconds
[2023-01-11T01:44:17.003+0000] {processor.py:154} INFO - Started process (PID=21614) to work on /home/airflow/.local/lib/python3.7/site-packages/airflow/example_dags/example_xcom.py
[2023-01-11T01:44:17.004+0000] {processor.py:756} INFO - Processing file /home/airflow/.local/lib/python3.7/site-packages/airflow/example_dags/example_xcom.py for tasks to queue
[2023-01-11T01:44:17.005+0000] {logging_mixin.py:120} INFO - [2023-01-11T01:44:17.005+0000] {dagbag.py:537} INFO - Filling up the DagBag from /home/airflow/.local/lib/python3.7/site-packages/airflow/example_dags/example_xcom.py
[2023-01-11T01:44:17.033+0000] {processor.py:766} INFO - DAG(s) dict_keys(['example_xcom']) retrieved from /home/airflow/.local/lib/python3.7/site-packages/airflow/example_dags/example_xcom.py
[2023-01-11T01:44:17.091+0000] {logging_mixin.py:120} INFO - [2023-01-11T01:44:17.091+0000] {dag.py:2585} INFO - Sync 1 DAGs
[2023-01-11T01:44:17.125+0000] {logging_mixin.py:120} INFO - [2023-01-11T01:44:17.125+0000] {dag.py:3340} INFO - Setting next_dagrun for example_xcom to 2021-01-01T00:00:00+00:00, run_after=2021-01-01T00:00:00+00:00
[2023-01-11T01:44:17.154+0000] {processor.py:176} INFO - Processing /home/airflow/.local/lib/python3.7/site-packages/airflow/example_dags/example_xcom.py took 0.154 seconds
[2023-01-11T01:44:47.295+0000] {processor.py:154} INFO - Started process (PID=21672) to work on /home/airflow/.local/lib/python3.7/site-packages/airflow/example_dags/example_xcom.py
[2023-01-11T01:44:47.297+0000] {processor.py:756} INFO - Processing file /home/airflow/.local/lib/python3.7/site-packages/airflow/example_dags/example_xcom.py for tasks to queue
[2023-01-11T01:44:47.298+0000] {logging_mixin.py:120} INFO - [2023-01-11T01:44:47.298+0000] {dagbag.py:537} INFO - Filling up the DagBag from /home/airflow/.local/lib/python3.7/site-packages/airflow/example_dags/example_xcom.py
[2023-01-11T01:44:47.326+0000] {processor.py:766} INFO - DAG(s) dict_keys(['example_xcom']) retrieved from /home/airflow/.local/lib/python3.7/site-packages/airflow/example_dags/example_xcom.py
[2023-01-11T01:44:47.370+0000] {logging_mixin.py:120} INFO - [2023-01-11T01:44:47.370+0000] {dag.py:2585} INFO - Sync 1 DAGs
[2023-01-11T01:44:47.395+0000] {logging_mixin.py:120} INFO - [2023-01-11T01:44:47.395+0000] {dag.py:3340} INFO - Setting next_dagrun for example_xcom to 2021-01-01T00:00:00+00:00, run_after=2021-01-01T00:00:00+00:00
[2023-01-11T01:44:47.417+0000] {processor.py:176} INFO - Processing /home/airflow/.local/lib/python3.7/site-packages/airflow/example_dags/example_xcom.py took 0.126 seconds
[2023-01-11T01:45:17.729+0000] {processor.py:154} INFO - Started process (PID=21739) to work on /home/airflow/.local/lib/python3.7/site-packages/airflow/example_dags/example_xcom.py
[2023-01-11T01:45:17.730+0000] {processor.py:756} INFO - Processing file /home/airflow/.local/lib/python3.7/site-packages/airflow/example_dags/example_xcom.py for tasks to queue
[2023-01-11T01:45:17.731+0000] {logging_mixin.py:120} INFO - [2023-01-11T01:45:17.731+0000] {dagbag.py:537} INFO - Filling up the DagBag from /home/airflow/.local/lib/python3.7/site-packages/airflow/example_dags/example_xcom.py
[2023-01-11T01:45:17.763+0000] {processor.py:766} INFO - DAG(s) dict_keys(['example_xcom']) retrieved from /home/airflow/.local/lib/python3.7/site-packages/airflow/example_dags/example_xcom.py
[2023-01-11T01:45:17.810+0000] {logging_mixin.py:120} INFO - [2023-01-11T01:45:17.810+0000] {dag.py:2585} INFO - Sync 1 DAGs
[2023-01-11T01:45:17.832+0000] {logging_mixin.py:120} INFO - [2023-01-11T01:45:17.831+0000] {dag.py:3340} INFO - Setting next_dagrun for example_xcom to 2021-01-01T00:00:00+00:00, run_after=2021-01-01T00:00:00+00:00
[2023-01-11T01:45:17.851+0000] {processor.py:176} INFO - Processing /home/airflow/.local/lib/python3.7/site-packages/airflow/example_dags/example_xcom.py took 0.125 seconds
[2023-01-11T01:45:48.604+0000] {processor.py:154} INFO - Started process (PID=21806) to work on /home/airflow/.local/lib/python3.7/site-packages/airflow/example_dags/example_xcom.py
[2023-01-11T01:45:48.606+0000] {processor.py:756} INFO - Processing file /home/airflow/.local/lib/python3.7/site-packages/airflow/example_dags/example_xcom.py for tasks to queue
[2023-01-11T01:45:48.607+0000] {logging_mixin.py:120} INFO - [2023-01-11T01:45:48.607+0000] {dagbag.py:537} INFO - Filling up the DagBag from /home/airflow/.local/lib/python3.7/site-packages/airflow/example_dags/example_xcom.py
[2023-01-11T01:45:48.641+0000] {processor.py:766} INFO - DAG(s) dict_keys(['example_xcom']) retrieved from /home/airflow/.local/lib/python3.7/site-packages/airflow/example_dags/example_xcom.py
[2023-01-11T01:45:48.700+0000] {logging_mixin.py:120} INFO - [2023-01-11T01:45:48.700+0000] {dag.py:2585} INFO - Sync 1 DAGs
[2023-01-11T01:45:48.744+0000] {logging_mixin.py:120} INFO - [2023-01-11T01:45:48.744+0000] {dag.py:3340} INFO - Setting next_dagrun for example_xcom to 2021-01-01T00:00:00+00:00, run_after=2021-01-01T00:00:00+00:00
[2023-01-11T01:45:48.786+0000] {processor.py:176} INFO - Processing /home/airflow/.local/lib/python3.7/site-packages/airflow/example_dags/example_xcom.py took 0.186 seconds
[2023-01-11T01:46:19.440+0000] {processor.py:154} INFO - Started process (PID=21865) to work on /home/airflow/.local/lib/python3.7/site-packages/airflow/example_dags/example_xcom.py
[2023-01-11T01:46:19.441+0000] {processor.py:756} INFO - Processing file /home/airflow/.local/lib/python3.7/site-packages/airflow/example_dags/example_xcom.py for tasks to queue
[2023-01-11T01:46:19.443+0000] {logging_mixin.py:120} INFO - [2023-01-11T01:46:19.443+0000] {dagbag.py:537} INFO - Filling up the DagBag from /home/airflow/.local/lib/python3.7/site-packages/airflow/example_dags/example_xcom.py
[2023-01-11T01:46:19.498+0000] {processor.py:766} INFO - DAG(s) dict_keys(['example_xcom']) retrieved from /home/airflow/.local/lib/python3.7/site-packages/airflow/example_dags/example_xcom.py
[2023-01-11T01:46:19.549+0000] {logging_mixin.py:120} INFO - [2023-01-11T01:46:19.549+0000] {dag.py:2585} INFO - Sync 1 DAGs
[2023-01-11T01:46:19.577+0000] {logging_mixin.py:120} INFO - [2023-01-11T01:46:19.577+0000] {dag.py:3340} INFO - Setting next_dagrun for example_xcom to 2021-01-01T00:00:00+00:00, run_after=2021-01-01T00:00:00+00:00
[2023-01-11T01:46:19.599+0000] {processor.py:176} INFO - Processing /home/airflow/.local/lib/python3.7/site-packages/airflow/example_dags/example_xcom.py took 0.164 seconds
