[2023-01-11T01:09:38.402+0000] {processor.py:154} INFO - Started process (PID=17340) to work on /home/airflow/.local/lib/python3.7/site-packages/airflow/example_dags/example_sla_dag.py
[2023-01-11T01:09:38.408+0000] {processor.py:756} INFO - Processing file /home/airflow/.local/lib/python3.7/site-packages/airflow/example_dags/example_sla_dag.py for tasks to queue
[2023-01-11T01:09:38.414+0000] {logging_mixin.py:120} INFO - [2023-01-11T01:09:38.413+0000] {dagbag.py:537} INFO - Filling up the DagBag from /home/airflow/.local/lib/python3.7/site-packages/airflow/example_dags/example_sla_dag.py
[2023-01-11T01:09:38.516+0000] {processor.py:766} INFO - DAG(s) dict_keys(['example_sla_dag']) retrieved from /home/airflow/.local/lib/python3.7/site-packages/airflow/example_dags/example_sla_dag.py
[2023-01-11T01:09:38.706+0000] {logging_mixin.py:120} INFO - [2023-01-11T01:09:38.706+0000] {dag.py:2585} INFO - Sync 1 DAGs
[2023-01-11T01:09:38.837+0000] {logging_mixin.py:120} INFO - [2023-01-11T01:09:38.836+0000] {dag.py:3340} INFO - Setting next_dagrun for example_sla_dag to 2023-01-11T01:06:00+00:00, run_after=2023-01-11T01:08:00+00:00
[2023-01-11T01:09:38.929+0000] {processor.py:176} INFO - Processing /home/airflow/.local/lib/python3.7/site-packages/airflow/example_dags/example_sla_dag.py took 0.537 seconds
[2023-01-11T01:10:09.475+0000] {processor.py:154} INFO - Started process (PID=17407) to work on /home/airflow/.local/lib/python3.7/site-packages/airflow/example_dags/example_sla_dag.py
[2023-01-11T01:10:09.478+0000] {processor.py:756} INFO - Processing file /home/airflow/.local/lib/python3.7/site-packages/airflow/example_dags/example_sla_dag.py for tasks to queue
[2023-01-11T01:10:09.481+0000] {logging_mixin.py:120} INFO - [2023-01-11T01:10:09.480+0000] {dagbag.py:537} INFO - Filling up the DagBag from /home/airflow/.local/lib/python3.7/site-packages/airflow/example_dags/example_sla_dag.py
[2023-01-11T01:10:09.546+0000] {processor.py:766} INFO - DAG(s) dict_keys(['example_sla_dag']) retrieved from /home/airflow/.local/lib/python3.7/site-packages/airflow/example_dags/example_sla_dag.py
[2023-01-11T01:10:09.630+0000] {logging_mixin.py:120} INFO - [2023-01-11T01:10:09.629+0000] {dag.py:2585} INFO - Sync 1 DAGs
[2023-01-11T01:10:09.684+0000] {logging_mixin.py:120} INFO - [2023-01-11T01:10:09.683+0000] {dag.py:3340} INFO - Setting next_dagrun for example_sla_dag to 2023-01-11T01:08:00+00:00, run_after=2023-01-11T01:10:00+00:00
[2023-01-11T01:10:09.719+0000] {processor.py:176} INFO - Processing /home/airflow/.local/lib/python3.7/site-packages/airflow/example_dags/example_sla_dag.py took 0.258 seconds
[2023-01-11T01:10:40.040+0000] {processor.py:154} INFO - Started process (PID=17465) to work on /home/airflow/.local/lib/python3.7/site-packages/airflow/example_dags/example_sla_dag.py
[2023-01-11T01:10:40.041+0000] {processor.py:756} INFO - Processing file /home/airflow/.local/lib/python3.7/site-packages/airflow/example_dags/example_sla_dag.py for tasks to queue
[2023-01-11T01:10:40.043+0000] {logging_mixin.py:120} INFO - [2023-01-11T01:10:40.042+0000] {dagbag.py:537} INFO - Filling up the DagBag from /home/airflow/.local/lib/python3.7/site-packages/airflow/example_dags/example_sla_dag.py
[2023-01-11T01:10:40.074+0000] {processor.py:766} INFO - DAG(s) dict_keys(['example_sla_dag']) retrieved from /home/airflow/.local/lib/python3.7/site-packages/airflow/example_dags/example_sla_dag.py
[2023-01-11T01:10:40.138+0000] {logging_mixin.py:120} INFO - [2023-01-11T01:10:40.138+0000] {dag.py:2585} INFO - Sync 1 DAGs
[2023-01-11T01:10:40.180+0000] {logging_mixin.py:120} INFO - [2023-01-11T01:10:40.180+0000] {dag.py:3340} INFO - Setting next_dagrun for example_sla_dag to 2023-01-11T01:08:00+00:00, run_after=2023-01-11T01:10:00+00:00
[2023-01-11T01:10:40.214+0000] {processor.py:176} INFO - Processing /home/airflow/.local/lib/python3.7/site-packages/airflow/example_dags/example_sla_dag.py took 0.178 seconds
[2023-01-11T01:11:11.106+0000] {processor.py:154} INFO - Started process (PID=17532) to work on /home/airflow/.local/lib/python3.7/site-packages/airflow/example_dags/example_sla_dag.py
[2023-01-11T01:11:11.107+0000] {processor.py:756} INFO - Processing file /home/airflow/.local/lib/python3.7/site-packages/airflow/example_dags/example_sla_dag.py for tasks to queue
[2023-01-11T01:11:11.110+0000] {logging_mixin.py:120} INFO - [2023-01-11T01:11:11.110+0000] {dagbag.py:537} INFO - Filling up the DagBag from /home/airflow/.local/lib/python3.7/site-packages/airflow/example_dags/example_sla_dag.py
[2023-01-11T01:11:11.163+0000] {processor.py:766} INFO - DAG(s) dict_keys(['example_sla_dag']) retrieved from /home/airflow/.local/lib/python3.7/site-packages/airflow/example_dags/example_sla_dag.py
[2023-01-11T01:11:11.308+0000] {logging_mixin.py:120} INFO - [2023-01-11T01:11:11.307+0000] {dag.py:2585} INFO - Sync 1 DAGs
[2023-01-11T01:11:11.343+0000] {logging_mixin.py:120} INFO - [2023-01-11T01:11:11.342+0000] {dag.py:3340} INFO - Setting next_dagrun for example_sla_dag to 2023-01-11T01:08:00+00:00, run_after=2023-01-11T01:10:00+00:00
[2023-01-11T01:11:11.364+0000] {processor.py:176} INFO - Processing /home/airflow/.local/lib/python3.7/site-packages/airflow/example_dags/example_sla_dag.py took 0.263 seconds
[2023-01-11T01:11:42.913+0000] {processor.py:154} INFO - Started process (PID=17590) to work on /home/airflow/.local/lib/python3.7/site-packages/airflow/example_dags/example_sla_dag.py
[2023-01-11T01:11:42.914+0000] {processor.py:756} INFO - Processing file /home/airflow/.local/lib/python3.7/site-packages/airflow/example_dags/example_sla_dag.py for tasks to queue
[2023-01-11T01:11:42.916+0000] {logging_mixin.py:120} INFO - [2023-01-11T01:11:42.916+0000] {dagbag.py:537} INFO - Filling up the DagBag from /home/airflow/.local/lib/python3.7/site-packages/airflow/example_dags/example_sla_dag.py
[2023-01-11T01:11:42.957+0000] {processor.py:766} INFO - DAG(s) dict_keys(['example_sla_dag']) retrieved from /home/airflow/.local/lib/python3.7/site-packages/airflow/example_dags/example_sla_dag.py
[2023-01-11T01:11:43.027+0000] {logging_mixin.py:120} INFO - [2023-01-11T01:11:43.027+0000] {dag.py:2585} INFO - Sync 1 DAGs
[2023-01-11T01:11:43.078+0000] {logging_mixin.py:120} INFO - [2023-01-11T01:11:43.077+0000] {dag.py:3340} INFO - Setting next_dagrun for example_sla_dag to 2023-01-11T01:08:00+00:00, run_after=2023-01-11T01:10:00+00:00
[2023-01-11T01:11:43.113+0000] {processor.py:176} INFO - Processing /home/airflow/.local/lib/python3.7/site-packages/airflow/example_dags/example_sla_dag.py took 0.205 seconds
[2023-01-11T01:12:13.714+0000] {processor.py:154} INFO - Started process (PID=17657) to work on /home/airflow/.local/lib/python3.7/site-packages/airflow/example_dags/example_sla_dag.py
[2023-01-11T01:12:13.715+0000] {processor.py:756} INFO - Processing file /home/airflow/.local/lib/python3.7/site-packages/airflow/example_dags/example_sla_dag.py for tasks to queue
[2023-01-11T01:12:13.716+0000] {logging_mixin.py:120} INFO - [2023-01-11T01:12:13.716+0000] {dagbag.py:537} INFO - Filling up the DagBag from /home/airflow/.local/lib/python3.7/site-packages/airflow/example_dags/example_sla_dag.py
[2023-01-11T01:12:13.748+0000] {processor.py:766} INFO - DAG(s) dict_keys(['example_sla_dag']) retrieved from /home/airflow/.local/lib/python3.7/site-packages/airflow/example_dags/example_sla_dag.py
[2023-01-11T01:12:13.806+0000] {logging_mixin.py:120} INFO - [2023-01-11T01:12:13.806+0000] {dag.py:2585} INFO - Sync 1 DAGs
[2023-01-11T01:12:13.849+0000] {logging_mixin.py:120} INFO - [2023-01-11T01:12:13.849+0000] {dag.py:3340} INFO - Setting next_dagrun for example_sla_dag to 2023-01-11T01:10:00+00:00, run_after=2023-01-11T01:12:00+00:00
[2023-01-11T01:12:13.876+0000] {processor.py:176} INFO - Processing /home/airflow/.local/lib/python3.7/site-packages/airflow/example_dags/example_sla_dag.py took 0.166 seconds
[2023-01-11T01:12:45.103+0000] {processor.py:154} INFO - Started process (PID=17724) to work on /home/airflow/.local/lib/python3.7/site-packages/airflow/example_dags/example_sla_dag.py
[2023-01-11T01:12:45.106+0000] {processor.py:756} INFO - Processing file /home/airflow/.local/lib/python3.7/site-packages/airflow/example_dags/example_sla_dag.py for tasks to queue
[2023-01-11T01:12:45.109+0000] {logging_mixin.py:120} INFO - [2023-01-11T01:12:45.108+0000] {dagbag.py:537} INFO - Filling up the DagBag from /home/airflow/.local/lib/python3.7/site-packages/airflow/example_dags/example_sla_dag.py
[2023-01-11T01:12:45.179+0000] {processor.py:766} INFO - DAG(s) dict_keys(['example_sla_dag']) retrieved from /home/airflow/.local/lib/python3.7/site-packages/airflow/example_dags/example_sla_dag.py
[2023-01-11T01:12:45.293+0000] {logging_mixin.py:120} INFO - [2023-01-11T01:12:45.292+0000] {dag.py:2585} INFO - Sync 1 DAGs
[2023-01-11T01:12:45.362+0000] {logging_mixin.py:120} INFO - [2023-01-11T01:12:45.362+0000] {dag.py:3340} INFO - Setting next_dagrun for example_sla_dag to 2023-01-11T01:10:00+00:00, run_after=2023-01-11T01:12:00+00:00
[2023-01-11T01:12:45.423+0000] {processor.py:176} INFO - Processing /home/airflow/.local/lib/python3.7/site-packages/airflow/example_dags/example_sla_dag.py took 0.330 seconds
[2023-01-11T01:13:16.097+0000] {processor.py:154} INFO - Started process (PID=17782) to work on /home/airflow/.local/lib/python3.7/site-packages/airflow/example_dags/example_sla_dag.py
[2023-01-11T01:13:16.098+0000] {processor.py:756} INFO - Processing file /home/airflow/.local/lib/python3.7/site-packages/airflow/example_dags/example_sla_dag.py for tasks to queue
[2023-01-11T01:13:16.099+0000] {logging_mixin.py:120} INFO - [2023-01-11T01:13:16.099+0000] {dagbag.py:537} INFO - Filling up the DagBag from /home/airflow/.local/lib/python3.7/site-packages/airflow/example_dags/example_sla_dag.py
[2023-01-11T01:13:16.122+0000] {processor.py:766} INFO - DAG(s) dict_keys(['example_sla_dag']) retrieved from /home/airflow/.local/lib/python3.7/site-packages/airflow/example_dags/example_sla_dag.py
[2023-01-11T01:13:16.168+0000] {logging_mixin.py:120} INFO - [2023-01-11T01:13:16.168+0000] {dag.py:2585} INFO - Sync 1 DAGs
[2023-01-11T01:13:16.202+0000] {logging_mixin.py:120} INFO - [2023-01-11T01:13:16.201+0000] {dag.py:3340} INFO - Setting next_dagrun for example_sla_dag to 2023-01-11T01:10:00+00:00, run_after=2023-01-11T01:12:00+00:00
[2023-01-11T01:13:16.224+0000] {processor.py:176} INFO - Processing /home/airflow/.local/lib/python3.7/site-packages/airflow/example_dags/example_sla_dag.py took 0.130 seconds
[2023-01-11T01:13:46.700+0000] {processor.py:154} INFO - Started process (PID=17847) to work on /home/airflow/.local/lib/python3.7/site-packages/airflow/example_dags/example_sla_dag.py
[2023-01-11T01:13:46.702+0000] {processor.py:756} INFO - Processing file /home/airflow/.local/lib/python3.7/site-packages/airflow/example_dags/example_sla_dag.py for tasks to queue
[2023-01-11T01:13:46.705+0000] {logging_mixin.py:120} INFO - [2023-01-11T01:13:46.704+0000] {dagbag.py:537} INFO - Filling up the DagBag from /home/airflow/.local/lib/python3.7/site-packages/airflow/example_dags/example_sla_dag.py
[2023-01-11T01:13:46.755+0000] {processor.py:766} INFO - DAG(s) dict_keys(['example_sla_dag']) retrieved from /home/airflow/.local/lib/python3.7/site-packages/airflow/example_dags/example_sla_dag.py
[2023-01-11T01:13:46.836+0000] {logging_mixin.py:120} INFO - [2023-01-11T01:13:46.836+0000] {dag.py:2585} INFO - Sync 1 DAGs
[2023-01-11T01:13:46.891+0000] {logging_mixin.py:120} INFO - [2023-01-11T01:13:46.891+0000] {dag.py:3340} INFO - Setting next_dagrun for example_sla_dag to 2023-01-11T01:10:00+00:00, run_after=2023-01-11T01:12:00+00:00
[2023-01-11T01:13:46.928+0000] {processor.py:176} INFO - Processing /home/airflow/.local/lib/python3.7/site-packages/airflow/example_dags/example_sla_dag.py took 0.234 seconds
[2023-01-11T01:14:17.529+0000] {processor.py:154} INFO - Started process (PID=17915) to work on /home/airflow/.local/lib/python3.7/site-packages/airflow/example_dags/example_sla_dag.py
[2023-01-11T01:14:17.531+0000] {processor.py:756} INFO - Processing file /home/airflow/.local/lib/python3.7/site-packages/airflow/example_dags/example_sla_dag.py for tasks to queue
[2023-01-11T01:14:17.532+0000] {logging_mixin.py:120} INFO - [2023-01-11T01:14:17.532+0000] {dagbag.py:537} INFO - Filling up the DagBag from /home/airflow/.local/lib/python3.7/site-packages/airflow/example_dags/example_sla_dag.py
[2023-01-11T01:14:17.567+0000] {processor.py:766} INFO - DAG(s) dict_keys(['example_sla_dag']) retrieved from /home/airflow/.local/lib/python3.7/site-packages/airflow/example_dags/example_sla_dag.py
[2023-01-11T01:14:17.631+0000] {logging_mixin.py:120} INFO - [2023-01-11T01:14:17.631+0000] {dag.py:2585} INFO - Sync 1 DAGs
[2023-01-11T01:14:17.666+0000] {logging_mixin.py:120} INFO - [2023-01-11T01:14:17.666+0000] {dag.py:3340} INFO - Setting next_dagrun for example_sla_dag to 2023-01-11T01:12:00+00:00, run_after=2023-01-11T01:14:00+00:00
[2023-01-11T01:14:17.696+0000] {processor.py:176} INFO - Processing /home/airflow/.local/lib/python3.7/site-packages/airflow/example_dags/example_sla_dag.py took 0.172 seconds
[2023-01-11T01:14:47.976+0000] {processor.py:154} INFO - Started process (PID=17973) to work on /home/airflow/.local/lib/python3.7/site-packages/airflow/example_dags/example_sla_dag.py
[2023-01-11T01:14:47.978+0000] {processor.py:756} INFO - Processing file /home/airflow/.local/lib/python3.7/site-packages/airflow/example_dags/example_sla_dag.py for tasks to queue
[2023-01-11T01:14:47.980+0000] {logging_mixin.py:120} INFO - [2023-01-11T01:14:47.980+0000] {dagbag.py:537} INFO - Filling up the DagBag from /home/airflow/.local/lib/python3.7/site-packages/airflow/example_dags/example_sla_dag.py
[2023-01-11T01:14:48.015+0000] {processor.py:766} INFO - DAG(s) dict_keys(['example_sla_dag']) retrieved from /home/airflow/.local/lib/python3.7/site-packages/airflow/example_dags/example_sla_dag.py
[2023-01-11T01:14:48.109+0000] {logging_mixin.py:120} INFO - [2023-01-11T01:14:48.109+0000] {dag.py:2585} INFO - Sync 1 DAGs
[2023-01-11T01:14:48.138+0000] {logging_mixin.py:120} INFO - [2023-01-11T01:14:48.138+0000] {dag.py:3340} INFO - Setting next_dagrun for example_sla_dag to 2023-01-11T01:12:00+00:00, run_after=2023-01-11T01:14:00+00:00
[2023-01-11T01:14:48.156+0000] {processor.py:176} INFO - Processing /home/airflow/.local/lib/python3.7/site-packages/airflow/example_dags/example_sla_dag.py took 0.187 seconds
[2023-01-11T01:15:18.568+0000] {processor.py:154} INFO - Started process (PID=18040) to work on /home/airflow/.local/lib/python3.7/site-packages/airflow/example_dags/example_sla_dag.py
[2023-01-11T01:15:18.569+0000] {processor.py:756} INFO - Processing file /home/airflow/.local/lib/python3.7/site-packages/airflow/example_dags/example_sla_dag.py for tasks to queue
[2023-01-11T01:15:18.571+0000] {logging_mixin.py:120} INFO - [2023-01-11T01:15:18.570+0000] {dagbag.py:537} INFO - Filling up the DagBag from /home/airflow/.local/lib/python3.7/site-packages/airflow/example_dags/example_sla_dag.py
[2023-01-11T01:15:18.605+0000] {processor.py:766} INFO - DAG(s) dict_keys(['example_sla_dag']) retrieved from /home/airflow/.local/lib/python3.7/site-packages/airflow/example_dags/example_sla_dag.py
[2023-01-11T01:15:18.672+0000] {logging_mixin.py:120} INFO - [2023-01-11T01:15:18.671+0000] {dag.py:2585} INFO - Sync 1 DAGs
[2023-01-11T01:15:18.739+0000] {logging_mixin.py:120} INFO - [2023-01-11T01:15:18.739+0000] {dag.py:3340} INFO - Setting next_dagrun for example_sla_dag to 2023-01-11T01:12:00+00:00, run_after=2023-01-11T01:14:00+00:00
[2023-01-11T01:15:18.780+0000] {processor.py:176} INFO - Processing /home/airflow/.local/lib/python3.7/site-packages/airflow/example_dags/example_sla_dag.py took 0.216 seconds
[2023-01-11T01:15:48.996+0000] {processor.py:154} INFO - Started process (PID=18098) to work on /home/airflow/.local/lib/python3.7/site-packages/airflow/example_dags/example_sla_dag.py
[2023-01-11T01:15:48.998+0000] {processor.py:756} INFO - Processing file /home/airflow/.local/lib/python3.7/site-packages/airflow/example_dags/example_sla_dag.py for tasks to queue
[2023-01-11T01:15:49.001+0000] {logging_mixin.py:120} INFO - [2023-01-11T01:15:49.001+0000] {dagbag.py:537} INFO - Filling up the DagBag from /home/airflow/.local/lib/python3.7/site-packages/airflow/example_dags/example_sla_dag.py
[2023-01-11T01:15:49.082+0000] {processor.py:766} INFO - DAG(s) dict_keys(['example_sla_dag']) retrieved from /home/airflow/.local/lib/python3.7/site-packages/airflow/example_dags/example_sla_dag.py
[2023-01-11T01:15:49.195+0000] {logging_mixin.py:120} INFO - [2023-01-11T01:15:49.195+0000] {dag.py:2585} INFO - Sync 1 DAGs
[2023-01-11T01:15:49.280+0000] {logging_mixin.py:120} INFO - [2023-01-11T01:15:49.280+0000] {dag.py:3340} INFO - Setting next_dagrun for example_sla_dag to 2023-01-11T01:12:00+00:00, run_after=2023-01-11T01:14:00+00:00
[2023-01-11T01:15:49.346+0000] {processor.py:176} INFO - Processing /home/airflow/.local/lib/python3.7/site-packages/airflow/example_dags/example_sla_dag.py took 0.361 seconds
[2023-01-11T01:16:19.459+0000] {processor.py:154} INFO - Started process (PID=18166) to work on /home/airflow/.local/lib/python3.7/site-packages/airflow/example_dags/example_sla_dag.py
[2023-01-11T01:16:19.460+0000] {processor.py:756} INFO - Processing file /home/airflow/.local/lib/python3.7/site-packages/airflow/example_dags/example_sla_dag.py for tasks to queue
[2023-01-11T01:16:19.462+0000] {logging_mixin.py:120} INFO - [2023-01-11T01:16:19.462+0000] {dagbag.py:537} INFO - Filling up the DagBag from /home/airflow/.local/lib/python3.7/site-packages/airflow/example_dags/example_sla_dag.py
[2023-01-11T01:16:19.490+0000] {processor.py:766} INFO - DAG(s) dict_keys(['example_sla_dag']) retrieved from /home/airflow/.local/lib/python3.7/site-packages/airflow/example_dags/example_sla_dag.py
[2023-01-11T01:16:19.539+0000] {logging_mixin.py:120} INFO - [2023-01-11T01:16:19.539+0000] {dag.py:2585} INFO - Sync 1 DAGs
[2023-01-11T01:16:19.573+0000] {logging_mixin.py:120} INFO - [2023-01-11T01:16:19.573+0000] {dag.py:3340} INFO - Setting next_dagrun for example_sla_dag to 2023-01-11T01:14:00+00:00, run_after=2023-01-11T01:16:00+00:00
[2023-01-11T01:16:19.602+0000] {processor.py:176} INFO - Processing /home/airflow/.local/lib/python3.7/site-packages/airflow/example_dags/example_sla_dag.py took 0.149 seconds
[2023-01-11T01:16:49.722+0000] {processor.py:154} INFO - Started process (PID=18224) to work on /home/airflow/.local/lib/python3.7/site-packages/airflow/example_dags/example_sla_dag.py
[2023-01-11T01:16:49.724+0000] {processor.py:756} INFO - Processing file /home/airflow/.local/lib/python3.7/site-packages/airflow/example_dags/example_sla_dag.py for tasks to queue
[2023-01-11T01:16:49.726+0000] {logging_mixin.py:120} INFO - [2023-01-11T01:16:49.725+0000] {dagbag.py:537} INFO - Filling up the DagBag from /home/airflow/.local/lib/python3.7/site-packages/airflow/example_dags/example_sla_dag.py
[2023-01-11T01:16:49.772+0000] {processor.py:766} INFO - DAG(s) dict_keys(['example_sla_dag']) retrieved from /home/airflow/.local/lib/python3.7/site-packages/airflow/example_dags/example_sla_dag.py
[2023-01-11T01:16:49.862+0000] {logging_mixin.py:120} INFO - [2023-01-11T01:16:49.862+0000] {dag.py:2585} INFO - Sync 1 DAGs
[2023-01-11T01:16:49.931+0000] {logging_mixin.py:120} INFO - [2023-01-11T01:16:49.930+0000] {dag.py:3340} INFO - Setting next_dagrun for example_sla_dag to 2023-01-11T01:14:00+00:00, run_after=2023-01-11T01:16:00+00:00
[2023-01-11T01:16:50.000+0000] {processor.py:176} INFO - Processing /home/airflow/.local/lib/python3.7/site-packages/airflow/example_dags/example_sla_dag.py took 0.288 seconds
[2023-01-11T01:17:20.222+0000] {processor.py:154} INFO - Started process (PID=18292) to work on /home/airflow/.local/lib/python3.7/site-packages/airflow/example_dags/example_sla_dag.py
[2023-01-11T01:17:20.223+0000] {processor.py:756} INFO - Processing file /home/airflow/.local/lib/python3.7/site-packages/airflow/example_dags/example_sla_dag.py for tasks to queue
[2023-01-11T01:17:20.224+0000] {logging_mixin.py:120} INFO - [2023-01-11T01:17:20.224+0000] {dagbag.py:537} INFO - Filling up the DagBag from /home/airflow/.local/lib/python3.7/site-packages/airflow/example_dags/example_sla_dag.py
[2023-01-11T01:17:20.259+0000] {processor.py:766} INFO - DAG(s) dict_keys(['example_sla_dag']) retrieved from /home/airflow/.local/lib/python3.7/site-packages/airflow/example_dags/example_sla_dag.py
[2023-01-11T01:17:20.339+0000] {logging_mixin.py:120} INFO - [2023-01-11T01:17:20.339+0000] {dag.py:2585} INFO - Sync 1 DAGs
[2023-01-11T01:17:20.382+0000] {logging_mixin.py:120} INFO - [2023-01-11T01:17:20.382+0000] {dag.py:3340} INFO - Setting next_dagrun for example_sla_dag to 2023-01-11T01:14:00+00:00, run_after=2023-01-11T01:16:00+00:00
[2023-01-11T01:17:20.415+0000] {processor.py:176} INFO - Processing /home/airflow/.local/lib/python3.7/site-packages/airflow/example_dags/example_sla_dag.py took 0.198 seconds
[2023-01-11T01:17:51.240+0000] {processor.py:154} INFO - Started process (PID=18350) to work on /home/airflow/.local/lib/python3.7/site-packages/airflow/example_dags/example_sla_dag.py
[2023-01-11T01:17:51.241+0000] {processor.py:756} INFO - Processing file /home/airflow/.local/lib/python3.7/site-packages/airflow/example_dags/example_sla_dag.py for tasks to queue
[2023-01-11T01:17:51.242+0000] {logging_mixin.py:120} INFO - [2023-01-11T01:17:51.242+0000] {dagbag.py:537} INFO - Filling up the DagBag from /home/airflow/.local/lib/python3.7/site-packages/airflow/example_dags/example_sla_dag.py
[2023-01-11T01:17:51.280+0000] {processor.py:766} INFO - DAG(s) dict_keys(['example_sla_dag']) retrieved from /home/airflow/.local/lib/python3.7/site-packages/airflow/example_dags/example_sla_dag.py
[2023-01-11T01:17:51.353+0000] {logging_mixin.py:120} INFO - [2023-01-11T01:17:51.352+0000] {dag.py:2585} INFO - Sync 1 DAGs
[2023-01-11T01:17:51.435+0000] {logging_mixin.py:120} INFO - [2023-01-11T01:17:51.434+0000] {dag.py:3340} INFO - Setting next_dagrun for example_sla_dag to 2023-01-11T01:14:00+00:00, run_after=2023-01-11T01:16:00+00:00
[2023-01-11T01:17:51.512+0000] {processor.py:176} INFO - Processing /home/airflow/.local/lib/python3.7/site-packages/airflow/example_dags/example_sla_dag.py took 0.276 seconds
[2023-01-11T01:18:22.056+0000] {processor.py:154} INFO - Started process (PID=18417) to work on /home/airflow/.local/lib/python3.7/site-packages/airflow/example_dags/example_sla_dag.py
[2023-01-11T01:18:22.057+0000] {processor.py:756} INFO - Processing file /home/airflow/.local/lib/python3.7/site-packages/airflow/example_dags/example_sla_dag.py for tasks to queue
[2023-01-11T01:18:22.059+0000] {logging_mixin.py:120} INFO - [2023-01-11T01:18:22.058+0000] {dagbag.py:537} INFO - Filling up the DagBag from /home/airflow/.local/lib/python3.7/site-packages/airflow/example_dags/example_sla_dag.py
[2023-01-11T01:18:22.102+0000] {processor.py:766} INFO - DAG(s) dict_keys(['example_sla_dag']) retrieved from /home/airflow/.local/lib/python3.7/site-packages/airflow/example_dags/example_sla_dag.py
[2023-01-11T01:18:22.173+0000] {logging_mixin.py:120} INFO - [2023-01-11T01:18:22.173+0000] {dag.py:2585} INFO - Sync 1 DAGs
[2023-01-11T01:18:22.229+0000] {logging_mixin.py:120} INFO - [2023-01-11T01:18:22.229+0000] {dag.py:3340} INFO - Setting next_dagrun for example_sla_dag to 2023-01-11T01:16:00+00:00, run_after=2023-01-11T01:18:00+00:00
[2023-01-11T01:18:22.267+0000] {processor.py:176} INFO - Processing /home/airflow/.local/lib/python3.7/site-packages/airflow/example_dags/example_sla_dag.py took 0.217 seconds
[2023-01-11T01:18:52.454+0000] {processor.py:154} INFO - Started process (PID=18475) to work on /home/airflow/.local/lib/python3.7/site-packages/airflow/example_dags/example_sla_dag.py
[2023-01-11T01:18:52.456+0000] {processor.py:756} INFO - Processing file /home/airflow/.local/lib/python3.7/site-packages/airflow/example_dags/example_sla_dag.py for tasks to queue
[2023-01-11T01:18:52.458+0000] {logging_mixin.py:120} INFO - [2023-01-11T01:18:52.458+0000] {dagbag.py:537} INFO - Filling up the DagBag from /home/airflow/.local/lib/python3.7/site-packages/airflow/example_dags/example_sla_dag.py
[2023-01-11T01:18:52.515+0000] {processor.py:766} INFO - DAG(s) dict_keys(['example_sla_dag']) retrieved from /home/airflow/.local/lib/python3.7/site-packages/airflow/example_dags/example_sla_dag.py
[2023-01-11T01:18:52.633+0000] {logging_mixin.py:120} INFO - [2023-01-11T01:18:52.632+0000] {dag.py:2585} INFO - Sync 1 DAGs
[2023-01-11T01:18:52.707+0000] {logging_mixin.py:120} INFO - [2023-01-11T01:18:52.707+0000] {dag.py:3340} INFO - Setting next_dagrun for example_sla_dag to 2023-01-11T01:16:00+00:00, run_after=2023-01-11T01:18:00+00:00
[2023-01-11T01:18:52.758+0000] {processor.py:176} INFO - Processing /home/airflow/.local/lib/python3.7/site-packages/airflow/example_dags/example_sla_dag.py took 0.310 seconds
[2023-01-11T01:19:23.638+0000] {processor.py:154} INFO - Started process (PID=18542) to work on /home/airflow/.local/lib/python3.7/site-packages/airflow/example_dags/example_sla_dag.py
[2023-01-11T01:19:23.639+0000] {processor.py:756} INFO - Processing file /home/airflow/.local/lib/python3.7/site-packages/airflow/example_dags/example_sla_dag.py for tasks to queue
[2023-01-11T01:19:23.641+0000] {logging_mixin.py:120} INFO - [2023-01-11T01:19:23.641+0000] {dagbag.py:537} INFO - Filling up the DagBag from /home/airflow/.local/lib/python3.7/site-packages/airflow/example_dags/example_sla_dag.py
[2023-01-11T01:19:23.679+0000] {processor.py:766} INFO - DAG(s) dict_keys(['example_sla_dag']) retrieved from /home/airflow/.local/lib/python3.7/site-packages/airflow/example_dags/example_sla_dag.py
[2023-01-11T01:19:23.749+0000] {logging_mixin.py:120} INFO - [2023-01-11T01:19:23.749+0000] {dag.py:2585} INFO - Sync 1 DAGs
[2023-01-11T01:19:23.796+0000] {logging_mixin.py:120} INFO - [2023-01-11T01:19:23.796+0000] {dag.py:3340} INFO - Setting next_dagrun for example_sla_dag to 2023-01-11T01:16:00+00:00, run_after=2023-01-11T01:18:00+00:00
[2023-01-11T01:19:23.831+0000] {processor.py:176} INFO - Processing /home/airflow/.local/lib/python3.7/site-packages/airflow/example_dags/example_sla_dag.py took 0.198 seconds
[2023-01-11T01:19:54.233+0000] {processor.py:154} INFO - Started process (PID=18600) to work on /home/airflow/.local/lib/python3.7/site-packages/airflow/example_dags/example_sla_dag.py
[2023-01-11T01:19:54.235+0000] {processor.py:756} INFO - Processing file /home/airflow/.local/lib/python3.7/site-packages/airflow/example_dags/example_sla_dag.py for tasks to queue
[2023-01-11T01:19:54.236+0000] {logging_mixin.py:120} INFO - [2023-01-11T01:19:54.236+0000] {dagbag.py:537} INFO - Filling up the DagBag from /home/airflow/.local/lib/python3.7/site-packages/airflow/example_dags/example_sla_dag.py
[2023-01-11T01:19:54.278+0000] {processor.py:766} INFO - DAG(s) dict_keys(['example_sla_dag']) retrieved from /home/airflow/.local/lib/python3.7/site-packages/airflow/example_dags/example_sla_dag.py
[2023-01-11T01:19:54.353+0000] {logging_mixin.py:120} INFO - [2023-01-11T01:19:54.352+0000] {dag.py:2585} INFO - Sync 1 DAGs
[2023-01-11T01:19:54.400+0000] {logging_mixin.py:120} INFO - [2023-01-11T01:19:54.400+0000] {dag.py:3340} INFO - Setting next_dagrun for example_sla_dag to 2023-01-11T01:16:00+00:00, run_after=2023-01-11T01:18:00+00:00
[2023-01-11T01:19:54.442+0000] {processor.py:176} INFO - Processing /home/airflow/.local/lib/python3.7/site-packages/airflow/example_dags/example_sla_dag.py took 0.215 seconds
[2023-01-11T01:20:24.971+0000] {processor.py:154} INFO - Started process (PID=18667) to work on /home/airflow/.local/lib/python3.7/site-packages/airflow/example_dags/example_sla_dag.py
[2023-01-11T01:20:24.972+0000] {processor.py:756} INFO - Processing file /home/airflow/.local/lib/python3.7/site-packages/airflow/example_dags/example_sla_dag.py for tasks to queue
[2023-01-11T01:20:24.973+0000] {logging_mixin.py:120} INFO - [2023-01-11T01:20:24.973+0000] {dagbag.py:537} INFO - Filling up the DagBag from /home/airflow/.local/lib/python3.7/site-packages/airflow/example_dags/example_sla_dag.py
[2023-01-11T01:20:24.997+0000] {processor.py:766} INFO - DAG(s) dict_keys(['example_sla_dag']) retrieved from /home/airflow/.local/lib/python3.7/site-packages/airflow/example_dags/example_sla_dag.py
[2023-01-11T01:20:25.057+0000] {logging_mixin.py:120} INFO - [2023-01-11T01:20:25.056+0000] {dag.py:2585} INFO - Sync 1 DAGs
[2023-01-11T01:20:25.116+0000] {logging_mixin.py:120} INFO - [2023-01-11T01:20:25.115+0000] {dag.py:3340} INFO - Setting next_dagrun for example_sla_dag to 2023-01-11T01:18:00+00:00, run_after=2023-01-11T01:20:00+00:00
[2023-01-11T01:20:25.161+0000] {processor.py:176} INFO - Processing /home/airflow/.local/lib/python3.7/site-packages/airflow/example_dags/example_sla_dag.py took 0.197 seconds
[2023-01-11T01:20:55.465+0000] {processor.py:154} INFO - Started process (PID=18734) to work on /home/airflow/.local/lib/python3.7/site-packages/airflow/example_dags/example_sla_dag.py
[2023-01-11T01:20:55.466+0000] {processor.py:756} INFO - Processing file /home/airflow/.local/lib/python3.7/site-packages/airflow/example_dags/example_sla_dag.py for tasks to queue
[2023-01-11T01:20:55.468+0000] {logging_mixin.py:120} INFO - [2023-01-11T01:20:55.468+0000] {dagbag.py:537} INFO - Filling up the DagBag from /home/airflow/.local/lib/python3.7/site-packages/airflow/example_dags/example_sla_dag.py
[2023-01-11T01:20:55.495+0000] {processor.py:766} INFO - DAG(s) dict_keys(['example_sla_dag']) retrieved from /home/airflow/.local/lib/python3.7/site-packages/airflow/example_dags/example_sla_dag.py
[2023-01-11T01:20:55.561+0000] {logging_mixin.py:120} INFO - [2023-01-11T01:20:55.561+0000] {dag.py:2585} INFO - Sync 1 DAGs
[2023-01-11T01:20:55.609+0000] {logging_mixin.py:120} INFO - [2023-01-11T01:20:55.608+0000] {dag.py:3340} INFO - Setting next_dagrun for example_sla_dag to 2023-01-11T01:18:00+00:00, run_after=2023-01-11T01:20:00+00:00
[2023-01-11T01:20:55.651+0000] {processor.py:176} INFO - Processing /home/airflow/.local/lib/python3.7/site-packages/airflow/example_dags/example_sla_dag.py took 0.190 seconds
[2023-01-11T01:21:25.951+0000] {processor.py:154} INFO - Started process (PID=18792) to work on /home/airflow/.local/lib/python3.7/site-packages/airflow/example_dags/example_sla_dag.py
[2023-01-11T01:21:25.952+0000] {processor.py:756} INFO - Processing file /home/airflow/.local/lib/python3.7/site-packages/airflow/example_dags/example_sla_dag.py for tasks to queue
[2023-01-11T01:21:25.953+0000] {logging_mixin.py:120} INFO - [2023-01-11T01:21:25.953+0000] {dagbag.py:537} INFO - Filling up the DagBag from /home/airflow/.local/lib/python3.7/site-packages/airflow/example_dags/example_sla_dag.py
[2023-01-11T01:21:25.982+0000] {processor.py:766} INFO - DAG(s) dict_keys(['example_sla_dag']) retrieved from /home/airflow/.local/lib/python3.7/site-packages/airflow/example_dags/example_sla_dag.py
[2023-01-11T01:21:26.040+0000] {logging_mixin.py:120} INFO - [2023-01-11T01:21:26.040+0000] {dag.py:2585} INFO - Sync 1 DAGs
[2023-01-11T01:21:26.073+0000] {logging_mixin.py:120} INFO - [2023-01-11T01:21:26.073+0000] {dag.py:3340} INFO - Setting next_dagrun for example_sla_dag to 2023-01-11T01:18:00+00:00, run_after=2023-01-11T01:20:00+00:00
[2023-01-11T01:21:26.101+0000] {processor.py:176} INFO - Processing /home/airflow/.local/lib/python3.7/site-packages/airflow/example_dags/example_sla_dag.py took 0.154 seconds
[2023-01-11T01:21:56.659+0000] {processor.py:154} INFO - Started process (PID=18859) to work on /home/airflow/.local/lib/python3.7/site-packages/airflow/example_dags/example_sla_dag.py
[2023-01-11T01:21:56.660+0000] {processor.py:756} INFO - Processing file /home/airflow/.local/lib/python3.7/site-packages/airflow/example_dags/example_sla_dag.py for tasks to queue
[2023-01-11T01:21:56.661+0000] {logging_mixin.py:120} INFO - [2023-01-11T01:21:56.661+0000] {dagbag.py:537} INFO - Filling up the DagBag from /home/airflow/.local/lib/python3.7/site-packages/airflow/example_dags/example_sla_dag.py
[2023-01-11T01:21:56.688+0000] {processor.py:766} INFO - DAG(s) dict_keys(['example_sla_dag']) retrieved from /home/airflow/.local/lib/python3.7/site-packages/airflow/example_dags/example_sla_dag.py
[2023-01-11T01:21:56.742+0000] {logging_mixin.py:120} INFO - [2023-01-11T01:21:56.741+0000] {dag.py:2585} INFO - Sync 1 DAGs
[2023-01-11T01:21:56.770+0000] {logging_mixin.py:120} INFO - [2023-01-11T01:21:56.770+0000] {dag.py:3340} INFO - Setting next_dagrun for example_sla_dag to 2023-01-11T01:18:00+00:00, run_after=2023-01-11T01:20:00+00:00
[2023-01-11T01:21:56.792+0000] {processor.py:176} INFO - Processing /home/airflow/.local/lib/python3.7/site-packages/airflow/example_dags/example_sla_dag.py took 0.137 seconds
[2023-01-11T01:22:27.483+0000] {processor.py:154} INFO - Started process (PID=18917) to work on /home/airflow/.local/lib/python3.7/site-packages/airflow/example_dags/example_sla_dag.py
[2023-01-11T01:22:27.485+0000] {processor.py:756} INFO - Processing file /home/airflow/.local/lib/python3.7/site-packages/airflow/example_dags/example_sla_dag.py for tasks to queue
[2023-01-11T01:22:27.488+0000] {logging_mixin.py:120} INFO - [2023-01-11T01:22:27.487+0000] {dagbag.py:537} INFO - Filling up the DagBag from /home/airflow/.local/lib/python3.7/site-packages/airflow/example_dags/example_sla_dag.py
[2023-01-11T01:22:27.535+0000] {processor.py:766} INFO - DAG(s) dict_keys(['example_sla_dag']) retrieved from /home/airflow/.local/lib/python3.7/site-packages/airflow/example_dags/example_sla_dag.py
[2023-01-11T01:22:27.606+0000] {logging_mixin.py:120} INFO - [2023-01-11T01:22:27.605+0000] {dag.py:2585} INFO - Sync 1 DAGs
[2023-01-11T01:22:27.658+0000] {logging_mixin.py:120} INFO - [2023-01-11T01:22:27.658+0000] {dag.py:3340} INFO - Setting next_dagrun for example_sla_dag to 2023-01-11T01:20:00+00:00, run_after=2023-01-11T01:22:00+00:00
[2023-01-11T01:22:27.695+0000] {processor.py:176} INFO - Processing /home/airflow/.local/lib/python3.7/site-packages/airflow/example_dags/example_sla_dag.py took 0.217 seconds
[2023-01-11T01:22:58.237+0000] {processor.py:154} INFO - Started process (PID=18984) to work on /home/airflow/.local/lib/python3.7/site-packages/airflow/example_dags/example_sla_dag.py
[2023-01-11T01:22:58.238+0000] {processor.py:756} INFO - Processing file /home/airflow/.local/lib/python3.7/site-packages/airflow/example_dags/example_sla_dag.py for tasks to queue
[2023-01-11T01:22:58.240+0000] {logging_mixin.py:120} INFO - [2023-01-11T01:22:58.239+0000] {dagbag.py:537} INFO - Filling up the DagBag from /home/airflow/.local/lib/python3.7/site-packages/airflow/example_dags/example_sla_dag.py
[2023-01-11T01:22:58.281+0000] {processor.py:766} INFO - DAG(s) dict_keys(['example_sla_dag']) retrieved from /home/airflow/.local/lib/python3.7/site-packages/airflow/example_dags/example_sla_dag.py
[2023-01-11T01:22:58.338+0000] {logging_mixin.py:120} INFO - [2023-01-11T01:22:58.338+0000] {dag.py:2585} INFO - Sync 1 DAGs
[2023-01-11T01:22:58.380+0000] {logging_mixin.py:120} INFO - [2023-01-11T01:22:58.380+0000] {dag.py:3340} INFO - Setting next_dagrun for example_sla_dag to 2023-01-11T01:20:00+00:00, run_after=2023-01-11T01:22:00+00:00
[2023-01-11T01:22:58.410+0000] {processor.py:176} INFO - Processing /home/airflow/.local/lib/python3.7/site-packages/airflow/example_dags/example_sla_dag.py took 0.178 seconds
[2023-01-11T01:23:29.019+0000] {processor.py:154} INFO - Started process (PID=19042) to work on /home/airflow/.local/lib/python3.7/site-packages/airflow/example_dags/example_sla_dag.py
[2023-01-11T01:23:29.020+0000] {processor.py:756} INFO - Processing file /home/airflow/.local/lib/python3.7/site-packages/airflow/example_dags/example_sla_dag.py for tasks to queue
[2023-01-11T01:23:29.021+0000] {logging_mixin.py:120} INFO - [2023-01-11T01:23:29.021+0000] {dagbag.py:537} INFO - Filling up the DagBag from /home/airflow/.local/lib/python3.7/site-packages/airflow/example_dags/example_sla_dag.py
[2023-01-11T01:23:29.052+0000] {processor.py:766} INFO - DAG(s) dict_keys(['example_sla_dag']) retrieved from /home/airflow/.local/lib/python3.7/site-packages/airflow/example_dags/example_sla_dag.py
[2023-01-11T01:23:29.105+0000] {logging_mixin.py:120} INFO - [2023-01-11T01:23:29.104+0000] {dag.py:2585} INFO - Sync 1 DAGs
[2023-01-11T01:23:29.151+0000] {logging_mixin.py:120} INFO - [2023-01-11T01:23:29.151+0000] {dag.py:3340} INFO - Setting next_dagrun for example_sla_dag to 2023-01-11T01:20:00+00:00, run_after=2023-01-11T01:22:00+00:00
[2023-01-11T01:23:29.191+0000] {processor.py:176} INFO - Processing /home/airflow/.local/lib/python3.7/site-packages/airflow/example_dags/example_sla_dag.py took 0.176 seconds
[2023-01-11T01:24:00.524+0000] {processor.py:154} INFO - Started process (PID=19109) to work on /home/airflow/.local/lib/python3.7/site-packages/airflow/example_dags/example_sla_dag.py
[2023-01-11T01:24:00.526+0000] {processor.py:756} INFO - Processing file /home/airflow/.local/lib/python3.7/site-packages/airflow/example_dags/example_sla_dag.py for tasks to queue
[2023-01-11T01:24:00.529+0000] {logging_mixin.py:120} INFO - [2023-01-11T01:24:00.529+0000] {dagbag.py:537} INFO - Filling up the DagBag from /home/airflow/.local/lib/python3.7/site-packages/airflow/example_dags/example_sla_dag.py
[2023-01-11T01:24:00.594+0000] {processor.py:766} INFO - DAG(s) dict_keys(['example_sla_dag']) retrieved from /home/airflow/.local/lib/python3.7/site-packages/airflow/example_dags/example_sla_dag.py
[2023-01-11T01:24:00.712+0000] {logging_mixin.py:120} INFO - [2023-01-11T01:24:00.712+0000] {dag.py:2585} INFO - Sync 1 DAGs
[2023-01-11T01:24:00.796+0000] {logging_mixin.py:120} INFO - [2023-01-11T01:24:00.795+0000] {dag.py:3340} INFO - Setting next_dagrun for example_sla_dag to 2023-01-11T01:22:00+00:00, run_after=2023-01-11T01:24:00+00:00
[2023-01-11T01:24:00.846+0000] {processor.py:176} INFO - Processing /home/airflow/.local/lib/python3.7/site-packages/airflow/example_dags/example_sla_dag.py took 0.333 seconds
[2023-01-11T01:24:31.096+0000] {processor.py:154} INFO - Started process (PID=19167) to work on /home/airflow/.local/lib/python3.7/site-packages/airflow/example_dags/example_sla_dag.py
[2023-01-11T01:24:31.097+0000] {processor.py:756} INFO - Processing file /home/airflow/.local/lib/python3.7/site-packages/airflow/example_dags/example_sla_dag.py for tasks to queue
[2023-01-11T01:24:31.099+0000] {logging_mixin.py:120} INFO - [2023-01-11T01:24:31.099+0000] {dagbag.py:537} INFO - Filling up the DagBag from /home/airflow/.local/lib/python3.7/site-packages/airflow/example_dags/example_sla_dag.py
[2023-01-11T01:24:31.137+0000] {processor.py:766} INFO - DAG(s) dict_keys(['example_sla_dag']) retrieved from /home/airflow/.local/lib/python3.7/site-packages/airflow/example_dags/example_sla_dag.py
[2023-01-11T01:24:31.214+0000] {logging_mixin.py:120} INFO - [2023-01-11T01:24:31.213+0000] {dag.py:2585} INFO - Sync 1 DAGs
[2023-01-11T01:24:31.261+0000] {logging_mixin.py:120} INFO - [2023-01-11T01:24:31.261+0000] {dag.py:3340} INFO - Setting next_dagrun for example_sla_dag to 2023-01-11T01:22:00+00:00, run_after=2023-01-11T01:24:00+00:00
[2023-01-11T01:24:31.300+0000] {processor.py:176} INFO - Processing /home/airflow/.local/lib/python3.7/site-packages/airflow/example_dags/example_sla_dag.py took 0.209 seconds
[2023-01-11T01:25:01.511+0000] {processor.py:154} INFO - Started process (PID=19235) to work on /home/airflow/.local/lib/python3.7/site-packages/airflow/example_dags/example_sla_dag.py
[2023-01-11T01:25:01.513+0000] {processor.py:756} INFO - Processing file /home/airflow/.local/lib/python3.7/site-packages/airflow/example_dags/example_sla_dag.py for tasks to queue
[2023-01-11T01:25:01.515+0000] {logging_mixin.py:120} INFO - [2023-01-11T01:25:01.514+0000] {dagbag.py:537} INFO - Filling up the DagBag from /home/airflow/.local/lib/python3.7/site-packages/airflow/example_dags/example_sla_dag.py
[2023-01-11T01:25:01.557+0000] {processor.py:766} INFO - DAG(s) dict_keys(['example_sla_dag']) retrieved from /home/airflow/.local/lib/python3.7/site-packages/airflow/example_dags/example_sla_dag.py
[2023-01-11T01:25:01.641+0000] {logging_mixin.py:120} INFO - [2023-01-11T01:25:01.641+0000] {dag.py:2585} INFO - Sync 1 DAGs
[2023-01-11T01:25:01.692+0000] {logging_mixin.py:120} INFO - [2023-01-11T01:25:01.691+0000] {dag.py:3340} INFO - Setting next_dagrun for example_sla_dag to 2023-01-11T01:22:00+00:00, run_after=2023-01-11T01:24:00+00:00
[2023-01-11T01:25:01.731+0000] {processor.py:176} INFO - Processing /home/airflow/.local/lib/python3.7/site-packages/airflow/example_dags/example_sla_dag.py took 0.227 seconds
[2023-01-11T01:25:32.599+0000] {processor.py:154} INFO - Started process (PID=19293) to work on /home/airflow/.local/lib/python3.7/site-packages/airflow/example_dags/example_sla_dag.py
[2023-01-11T01:25:32.600+0000] {processor.py:756} INFO - Processing file /home/airflow/.local/lib/python3.7/site-packages/airflow/example_dags/example_sla_dag.py for tasks to queue
[2023-01-11T01:25:32.602+0000] {logging_mixin.py:120} INFO - [2023-01-11T01:25:32.602+0000] {dagbag.py:537} INFO - Filling up the DagBag from /home/airflow/.local/lib/python3.7/site-packages/airflow/example_dags/example_sla_dag.py
[2023-01-11T01:25:32.641+0000] {processor.py:766} INFO - DAG(s) dict_keys(['example_sla_dag']) retrieved from /home/airflow/.local/lib/python3.7/site-packages/airflow/example_dags/example_sla_dag.py
[2023-01-11T01:25:32.718+0000] {logging_mixin.py:120} INFO - [2023-01-11T01:25:32.718+0000] {dag.py:2585} INFO - Sync 1 DAGs
[2023-01-11T01:25:32.775+0000] {logging_mixin.py:120} INFO - [2023-01-11T01:25:32.775+0000] {dag.py:3340} INFO - Setting next_dagrun for example_sla_dag to 2023-01-11T01:22:00+00:00, run_after=2023-01-11T01:24:00+00:00
[2023-01-11T01:25:32.819+0000] {processor.py:176} INFO - Processing /home/airflow/.local/lib/python3.7/site-packages/airflow/example_dags/example_sla_dag.py took 0.227 seconds
[2023-01-11T01:26:03.490+0000] {processor.py:154} INFO - Started process (PID=19360) to work on /home/airflow/.local/lib/python3.7/site-packages/airflow/example_dags/example_sla_dag.py
[2023-01-11T01:26:03.493+0000] {processor.py:756} INFO - Processing file /home/airflow/.local/lib/python3.7/site-packages/airflow/example_dags/example_sla_dag.py for tasks to queue
[2023-01-11T01:26:03.496+0000] {logging_mixin.py:120} INFO - [2023-01-11T01:26:03.495+0000] {dagbag.py:537} INFO - Filling up the DagBag from /home/airflow/.local/lib/python3.7/site-packages/airflow/example_dags/example_sla_dag.py
[2023-01-11T01:26:03.566+0000] {processor.py:766} INFO - DAG(s) dict_keys(['example_sla_dag']) retrieved from /home/airflow/.local/lib/python3.7/site-packages/airflow/example_dags/example_sla_dag.py
[2023-01-11T01:26:03.635+0000] {logging_mixin.py:120} INFO - [2023-01-11T01:26:03.635+0000] {dag.py:2585} INFO - Sync 1 DAGs
[2023-01-11T01:26:03.681+0000] {logging_mixin.py:120} INFO - [2023-01-11T01:26:03.681+0000] {dag.py:3340} INFO - Setting next_dagrun for example_sla_dag to 2023-01-11T01:24:00+00:00, run_after=2023-01-11T01:26:00+00:00
[2023-01-11T01:26:03.714+0000] {processor.py:176} INFO - Processing /home/airflow/.local/lib/python3.7/site-packages/airflow/example_dags/example_sla_dag.py took 0.234 seconds
[2023-01-11T01:26:33.997+0000] {processor.py:154} INFO - Started process (PID=19418) to work on /home/airflow/.local/lib/python3.7/site-packages/airflow/example_dags/example_sla_dag.py
[2023-01-11T01:26:33.999+0000] {processor.py:756} INFO - Processing file /home/airflow/.local/lib/python3.7/site-packages/airflow/example_dags/example_sla_dag.py for tasks to queue
[2023-01-11T01:26:34.001+0000] {logging_mixin.py:120} INFO - [2023-01-11T01:26:34.001+0000] {dagbag.py:537} INFO - Filling up the DagBag from /home/airflow/.local/lib/python3.7/site-packages/airflow/example_dags/example_sla_dag.py
[2023-01-11T01:26:34.053+0000] {processor.py:766} INFO - DAG(s) dict_keys(['example_sla_dag']) retrieved from /home/airflow/.local/lib/python3.7/site-packages/airflow/example_dags/example_sla_dag.py
[2023-01-11T01:26:34.168+0000] {logging_mixin.py:120} INFO - [2023-01-11T01:26:34.168+0000] {dag.py:2585} INFO - Sync 1 DAGs
[2023-01-11T01:26:34.254+0000] {logging_mixin.py:120} INFO - [2023-01-11T01:26:34.254+0000] {dag.py:3340} INFO - Setting next_dagrun for example_sla_dag to 2023-01-11T01:24:00+00:00, run_after=2023-01-11T01:26:00+00:00
[2023-01-11T01:26:34.337+0000] {processor.py:176} INFO - Processing /home/airflow/.local/lib/python3.7/site-packages/airflow/example_dags/example_sla_dag.py took 0.345 seconds
[2023-01-11T01:27:04.782+0000] {processor.py:154} INFO - Started process (PID=19485) to work on /home/airflow/.local/lib/python3.7/site-packages/airflow/example_dags/example_sla_dag.py
[2023-01-11T01:27:04.784+0000] {processor.py:756} INFO - Processing file /home/airflow/.local/lib/python3.7/site-packages/airflow/example_dags/example_sla_dag.py for tasks to queue
[2023-01-11T01:27:04.785+0000] {logging_mixin.py:120} INFO - [2023-01-11T01:27:04.785+0000] {dagbag.py:537} INFO - Filling up the DagBag from /home/airflow/.local/lib/python3.7/site-packages/airflow/example_dags/example_sla_dag.py
[2023-01-11T01:27:04.827+0000] {processor.py:766} INFO - DAG(s) dict_keys(['example_sla_dag']) retrieved from /home/airflow/.local/lib/python3.7/site-packages/airflow/example_dags/example_sla_dag.py
[2023-01-11T01:27:04.893+0000] {logging_mixin.py:120} INFO - [2023-01-11T01:27:04.893+0000] {dag.py:2585} INFO - Sync 1 DAGs
[2023-01-11T01:27:04.944+0000] {logging_mixin.py:120} INFO - [2023-01-11T01:27:04.944+0000] {dag.py:3340} INFO - Setting next_dagrun for example_sla_dag to 2023-01-11T01:24:00+00:00, run_after=2023-01-11T01:26:00+00:00
[2023-01-11T01:27:04.984+0000] {processor.py:176} INFO - Processing /home/airflow/.local/lib/python3.7/site-packages/airflow/example_dags/example_sla_dag.py took 0.209 seconds
[2023-01-11T01:27:35.236+0000] {processor.py:154} INFO - Started process (PID=19543) to work on /home/airflow/.local/lib/python3.7/site-packages/airflow/example_dags/example_sla_dag.py
[2023-01-11T01:27:35.237+0000] {processor.py:756} INFO - Processing file /home/airflow/.local/lib/python3.7/site-packages/airflow/example_dags/example_sla_dag.py for tasks to queue
[2023-01-11T01:27:35.239+0000] {logging_mixin.py:120} INFO - [2023-01-11T01:27:35.238+0000] {dagbag.py:537} INFO - Filling up the DagBag from /home/airflow/.local/lib/python3.7/site-packages/airflow/example_dags/example_sla_dag.py
[2023-01-11T01:27:35.276+0000] {processor.py:766} INFO - DAG(s) dict_keys(['example_sla_dag']) retrieved from /home/airflow/.local/lib/python3.7/site-packages/airflow/example_dags/example_sla_dag.py
[2023-01-11T01:27:35.345+0000] {logging_mixin.py:120} INFO - [2023-01-11T01:27:35.345+0000] {dag.py:2585} INFO - Sync 1 DAGs
[2023-01-11T01:27:35.381+0000] {logging_mixin.py:120} INFO - [2023-01-11T01:27:35.381+0000] {dag.py:3340} INFO - Setting next_dagrun for example_sla_dag to 2023-01-11T01:24:00+00:00, run_after=2023-01-11T01:26:00+00:00
[2023-01-11T01:27:35.410+0000] {processor.py:176} INFO - Processing /home/airflow/.local/lib/python3.7/site-packages/airflow/example_dags/example_sla_dag.py took 0.179 seconds
[2023-01-11T01:28:06.109+0000] {processor.py:154} INFO - Started process (PID=19610) to work on /home/airflow/.local/lib/python3.7/site-packages/airflow/example_dags/example_sla_dag.py
[2023-01-11T01:28:06.110+0000] {processor.py:756} INFO - Processing file /home/airflow/.local/lib/python3.7/site-packages/airflow/example_dags/example_sla_dag.py for tasks to queue
[2023-01-11T01:28:06.111+0000] {logging_mixin.py:120} INFO - [2023-01-11T01:28:06.111+0000] {dagbag.py:537} INFO - Filling up the DagBag from /home/airflow/.local/lib/python3.7/site-packages/airflow/example_dags/example_sla_dag.py
[2023-01-11T01:28:06.148+0000] {processor.py:766} INFO - DAG(s) dict_keys(['example_sla_dag']) retrieved from /home/airflow/.local/lib/python3.7/site-packages/airflow/example_dags/example_sla_dag.py
[2023-01-11T01:28:06.201+0000] {logging_mixin.py:120} INFO - [2023-01-11T01:28:06.201+0000] {dag.py:2585} INFO - Sync 1 DAGs
[2023-01-11T01:28:06.239+0000] {logging_mixin.py:120} INFO - [2023-01-11T01:28:06.239+0000] {dag.py:3340} INFO - Setting next_dagrun for example_sla_dag to 2023-01-11T01:26:00+00:00, run_after=2023-01-11T01:28:00+00:00
[2023-01-11T01:28:06.276+0000] {processor.py:176} INFO - Processing /home/airflow/.local/lib/python3.7/site-packages/airflow/example_dags/example_sla_dag.py took 0.171 seconds
[2023-01-11T01:28:36.595+0000] {processor.py:154} INFO - Started process (PID=19668) to work on /home/airflow/.local/lib/python3.7/site-packages/airflow/example_dags/example_sla_dag.py
[2023-01-11T01:28:36.597+0000] {processor.py:756} INFO - Processing file /home/airflow/.local/lib/python3.7/site-packages/airflow/example_dags/example_sla_dag.py for tasks to queue
[2023-01-11T01:28:36.599+0000] {logging_mixin.py:120} INFO - [2023-01-11T01:28:36.599+0000] {dagbag.py:537} INFO - Filling up the DagBag from /home/airflow/.local/lib/python3.7/site-packages/airflow/example_dags/example_sla_dag.py
[2023-01-11T01:28:36.663+0000] {processor.py:766} INFO - DAG(s) dict_keys(['example_sla_dag']) retrieved from /home/airflow/.local/lib/python3.7/site-packages/airflow/example_dags/example_sla_dag.py
[2023-01-11T01:28:36.818+0000] {logging_mixin.py:120} INFO - [2023-01-11T01:28:36.817+0000] {dag.py:2585} INFO - Sync 1 DAGs
[2023-01-11T01:28:36.904+0000] {logging_mixin.py:120} INFO - [2023-01-11T01:28:36.904+0000] {dag.py:3340} INFO - Setting next_dagrun for example_sla_dag to 2023-01-11T01:26:00+00:00, run_after=2023-01-11T01:28:00+00:00
[2023-01-11T01:28:36.957+0000] {processor.py:176} INFO - Processing /home/airflow/.local/lib/python3.7/site-packages/airflow/example_dags/example_sla_dag.py took 0.371 seconds
[2023-01-11T01:29:07.230+0000] {processor.py:154} INFO - Started process (PID=19735) to work on /home/airflow/.local/lib/python3.7/site-packages/airflow/example_dags/example_sla_dag.py
[2023-01-11T01:29:07.231+0000] {processor.py:756} INFO - Processing file /home/airflow/.local/lib/python3.7/site-packages/airflow/example_dags/example_sla_dag.py for tasks to queue
[2023-01-11T01:29:07.233+0000] {logging_mixin.py:120} INFO - [2023-01-11T01:29:07.232+0000] {dagbag.py:537} INFO - Filling up the DagBag from /home/airflow/.local/lib/python3.7/site-packages/airflow/example_dags/example_sla_dag.py
[2023-01-11T01:29:07.281+0000] {processor.py:766} INFO - DAG(s) dict_keys(['example_sla_dag']) retrieved from /home/airflow/.local/lib/python3.7/site-packages/airflow/example_dags/example_sla_dag.py
[2023-01-11T01:29:07.338+0000] {logging_mixin.py:120} INFO - [2023-01-11T01:29:07.337+0000] {dag.py:2585} INFO - Sync 1 DAGs
[2023-01-11T01:29:07.369+0000] {logging_mixin.py:120} INFO - [2023-01-11T01:29:07.369+0000] {dag.py:3340} INFO - Setting next_dagrun for example_sla_dag to 2023-01-11T01:26:00+00:00, run_after=2023-01-11T01:28:00+00:00
[2023-01-11T01:29:07.391+0000] {processor.py:176} INFO - Processing /home/airflow/.local/lib/python3.7/site-packages/airflow/example_dags/example_sla_dag.py took 0.166 seconds
[2023-01-11T01:29:37.847+0000] {processor.py:154} INFO - Started process (PID=19792) to work on /home/airflow/.local/lib/python3.7/site-packages/airflow/example_dags/example_sla_dag.py
[2023-01-11T01:29:37.849+0000] {processor.py:756} INFO - Processing file /home/airflow/.local/lib/python3.7/site-packages/airflow/example_dags/example_sla_dag.py for tasks to queue
[2023-01-11T01:29:37.850+0000] {logging_mixin.py:120} INFO - [2023-01-11T01:29:37.850+0000] {dagbag.py:537} INFO - Filling up the DagBag from /home/airflow/.local/lib/python3.7/site-packages/airflow/example_dags/example_sla_dag.py
[2023-01-11T01:29:37.886+0000] {processor.py:766} INFO - DAG(s) dict_keys(['example_sla_dag']) retrieved from /home/airflow/.local/lib/python3.7/site-packages/airflow/example_dags/example_sla_dag.py
[2023-01-11T01:29:37.982+0000] {logging_mixin.py:120} INFO - [2023-01-11T01:29:37.982+0000] {dag.py:2585} INFO - Sync 1 DAGs
[2023-01-11T01:29:38.059+0000] {logging_mixin.py:120} INFO - [2023-01-11T01:29:38.058+0000] {dag.py:3340} INFO - Setting next_dagrun for example_sla_dag to 2023-01-11T01:26:00+00:00, run_after=2023-01-11T01:28:00+00:00
[2023-01-11T01:29:38.105+0000] {processor.py:176} INFO - Processing /home/airflow/.local/lib/python3.7/site-packages/airflow/example_dags/example_sla_dag.py took 0.266 seconds
[2023-01-11T01:30:08.376+0000] {processor.py:154} INFO - Started process (PID=19859) to work on /home/airflow/.local/lib/python3.7/site-packages/airflow/example_dags/example_sla_dag.py
[2023-01-11T01:30:08.377+0000] {processor.py:756} INFO - Processing file /home/airflow/.local/lib/python3.7/site-packages/airflow/example_dags/example_sla_dag.py for tasks to queue
[2023-01-11T01:30:08.379+0000] {logging_mixin.py:120} INFO - [2023-01-11T01:30:08.379+0000] {dagbag.py:537} INFO - Filling up the DagBag from /home/airflow/.local/lib/python3.7/site-packages/airflow/example_dags/example_sla_dag.py
[2023-01-11T01:30:08.426+0000] {processor.py:766} INFO - DAG(s) dict_keys(['example_sla_dag']) retrieved from /home/airflow/.local/lib/python3.7/site-packages/airflow/example_dags/example_sla_dag.py
[2023-01-11T01:30:08.495+0000] {logging_mixin.py:120} INFO - [2023-01-11T01:30:08.494+0000] {dag.py:2585} INFO - Sync 1 DAGs
[2023-01-11T01:30:08.533+0000] {logging_mixin.py:120} INFO - [2023-01-11T01:30:08.532+0000] {dag.py:3340} INFO - Setting next_dagrun for example_sla_dag to 2023-01-11T01:28:00+00:00, run_after=2023-01-11T01:30:00+00:00
[2023-01-11T01:30:08.570+0000] {processor.py:176} INFO - Processing /home/airflow/.local/lib/python3.7/site-packages/airflow/example_dags/example_sla_dag.py took 0.202 seconds
[2023-01-11T01:30:39.299+0000] {processor.py:154} INFO - Started process (PID=19926) to work on /home/airflow/.local/lib/python3.7/site-packages/airflow/example_dags/example_sla_dag.py
[2023-01-11T01:30:39.301+0000] {processor.py:756} INFO - Processing file /home/airflow/.local/lib/python3.7/site-packages/airflow/example_dags/example_sla_dag.py for tasks to queue
[2023-01-11T01:30:39.303+0000] {logging_mixin.py:120} INFO - [2023-01-11T01:30:39.302+0000] {dagbag.py:537} INFO - Filling up the DagBag from /home/airflow/.local/lib/python3.7/site-packages/airflow/example_dags/example_sla_dag.py
[2023-01-11T01:30:39.339+0000] {processor.py:766} INFO - DAG(s) dict_keys(['example_sla_dag']) retrieved from /home/airflow/.local/lib/python3.7/site-packages/airflow/example_dags/example_sla_dag.py
[2023-01-11T01:30:39.410+0000] {logging_mixin.py:120} INFO - [2023-01-11T01:30:39.409+0000] {dag.py:2585} INFO - Sync 1 DAGs
[2023-01-11T01:30:39.459+0000] {logging_mixin.py:120} INFO - [2023-01-11T01:30:39.459+0000] {dag.py:3340} INFO - Setting next_dagrun for example_sla_dag to 2023-01-11T01:28:00+00:00, run_after=2023-01-11T01:30:00+00:00
[2023-01-11T01:30:39.493+0000] {processor.py:176} INFO - Processing /home/airflow/.local/lib/python3.7/site-packages/airflow/example_dags/example_sla_dag.py took 0.198 seconds
[2023-01-11T01:31:10.157+0000] {processor.py:154} INFO - Started process (PID=19984) to work on /home/airflow/.local/lib/python3.7/site-packages/airflow/example_dags/example_sla_dag.py
[2023-01-11T01:31:10.160+0000] {processor.py:756} INFO - Processing file /home/airflow/.local/lib/python3.7/site-packages/airflow/example_dags/example_sla_dag.py for tasks to queue
[2023-01-11T01:31:10.163+0000] {logging_mixin.py:120} INFO - [2023-01-11T01:31:10.162+0000] {dagbag.py:537} INFO - Filling up the DagBag from /home/airflow/.local/lib/python3.7/site-packages/airflow/example_dags/example_sla_dag.py
[2023-01-11T01:31:10.227+0000] {processor.py:766} INFO - DAG(s) dict_keys(['example_sla_dag']) retrieved from /home/airflow/.local/lib/python3.7/site-packages/airflow/example_dags/example_sla_dag.py
[2023-01-11T01:31:10.309+0000] {logging_mixin.py:120} INFO - [2023-01-11T01:31:10.309+0000] {dag.py:2585} INFO - Sync 1 DAGs
[2023-01-11T01:31:10.374+0000] {logging_mixin.py:120} INFO - [2023-01-11T01:31:10.373+0000] {dag.py:3340} INFO - Setting next_dagrun for example_sla_dag to 2023-01-11T01:28:00+00:00, run_after=2023-01-11T01:30:00+00:00
[2023-01-11T01:31:10.424+0000] {processor.py:176} INFO - Processing /home/airflow/.local/lib/python3.7/site-packages/airflow/example_dags/example_sla_dag.py took 0.279 seconds
[2023-01-11T01:31:40.671+0000] {processor.py:154} INFO - Started process (PID=20051) to work on /home/airflow/.local/lib/python3.7/site-packages/airflow/example_dags/example_sla_dag.py
[2023-01-11T01:31:40.673+0000] {processor.py:756} INFO - Processing file /home/airflow/.local/lib/python3.7/site-packages/airflow/example_dags/example_sla_dag.py for tasks to queue
[2023-01-11T01:31:40.675+0000] {logging_mixin.py:120} INFO - [2023-01-11T01:31:40.674+0000] {dagbag.py:537} INFO - Filling up the DagBag from /home/airflow/.local/lib/python3.7/site-packages/airflow/example_dags/example_sla_dag.py
[2023-01-11T01:31:40.722+0000] {processor.py:766} INFO - DAG(s) dict_keys(['example_sla_dag']) retrieved from /home/airflow/.local/lib/python3.7/site-packages/airflow/example_dags/example_sla_dag.py
[2023-01-11T01:31:40.802+0000] {logging_mixin.py:120} INFO - [2023-01-11T01:31:40.801+0000] {dag.py:2585} INFO - Sync 1 DAGs
[2023-01-11T01:31:40.855+0000] {logging_mixin.py:120} INFO - [2023-01-11T01:31:40.854+0000] {dag.py:3340} INFO - Setting next_dagrun for example_sla_dag to 2023-01-11T01:28:00+00:00, run_after=2023-01-11T01:30:00+00:00
[2023-01-11T01:31:40.895+0000] {processor.py:176} INFO - Processing /home/airflow/.local/lib/python3.7/site-packages/airflow/example_dags/example_sla_dag.py took 0.230 seconds
[2023-01-11T01:32:11.485+0000] {processor.py:154} INFO - Started process (PID=20109) to work on /home/airflow/.local/lib/python3.7/site-packages/airflow/example_dags/example_sla_dag.py
[2023-01-11T01:32:11.486+0000] {processor.py:756} INFO - Processing file /home/airflow/.local/lib/python3.7/site-packages/airflow/example_dags/example_sla_dag.py for tasks to queue
[2023-01-11T01:32:11.487+0000] {logging_mixin.py:120} INFO - [2023-01-11T01:32:11.487+0000] {dagbag.py:537} INFO - Filling up the DagBag from /home/airflow/.local/lib/python3.7/site-packages/airflow/example_dags/example_sla_dag.py
[2023-01-11T01:32:11.515+0000] {processor.py:766} INFO - DAG(s) dict_keys(['example_sla_dag']) retrieved from /home/airflow/.local/lib/python3.7/site-packages/airflow/example_dags/example_sla_dag.py
[2023-01-11T01:32:11.571+0000] {logging_mixin.py:120} INFO - [2023-01-11T01:32:11.570+0000] {dag.py:2585} INFO - Sync 1 DAGs
[2023-01-11T01:32:11.600+0000] {logging_mixin.py:120} INFO - [2023-01-11T01:32:11.600+0000] {dag.py:3340} INFO - Setting next_dagrun for example_sla_dag to 2023-01-11T01:30:00+00:00, run_after=2023-01-11T01:32:00+00:00
[2023-01-11T01:32:11.627+0000] {processor.py:176} INFO - Processing /home/airflow/.local/lib/python3.7/site-packages/airflow/example_dags/example_sla_dag.py took 0.146 seconds
[2023-01-11T01:32:41.804+0000] {processor.py:154} INFO - Started process (PID=20176) to work on /home/airflow/.local/lib/python3.7/site-packages/airflow/example_dags/example_sla_dag.py
[2023-01-11T01:32:41.807+0000] {processor.py:756} INFO - Processing file /home/airflow/.local/lib/python3.7/site-packages/airflow/example_dags/example_sla_dag.py for tasks to queue
[2023-01-11T01:32:41.809+0000] {logging_mixin.py:120} INFO - [2023-01-11T01:32:41.809+0000] {dagbag.py:537} INFO - Filling up the DagBag from /home/airflow/.local/lib/python3.7/site-packages/airflow/example_dags/example_sla_dag.py
[2023-01-11T01:32:41.858+0000] {processor.py:766} INFO - DAG(s) dict_keys(['example_sla_dag']) retrieved from /home/airflow/.local/lib/python3.7/site-packages/airflow/example_dags/example_sla_dag.py
[2023-01-11T01:32:41.944+0000] {logging_mixin.py:120} INFO - [2023-01-11T01:32:41.944+0000] {dag.py:2585} INFO - Sync 1 DAGs
[2023-01-11T01:32:42.001+0000] {logging_mixin.py:120} INFO - [2023-01-11T01:32:42.000+0000] {dag.py:3340} INFO - Setting next_dagrun for example_sla_dag to 2023-01-11T01:30:00+00:00, run_after=2023-01-11T01:32:00+00:00
[2023-01-11T01:32:42.042+0000] {processor.py:176} INFO - Processing /home/airflow/.local/lib/python3.7/site-packages/airflow/example_dags/example_sla_dag.py took 0.248 seconds
[2023-01-11T01:33:12.410+0000] {processor.py:154} INFO - Started process (PID=20234) to work on /home/airflow/.local/lib/python3.7/site-packages/airflow/example_dags/example_sla_dag.py
[2023-01-11T01:33:12.412+0000] {processor.py:756} INFO - Processing file /home/airflow/.local/lib/python3.7/site-packages/airflow/example_dags/example_sla_dag.py for tasks to queue
[2023-01-11T01:33:12.415+0000] {logging_mixin.py:120} INFO - [2023-01-11T01:33:12.415+0000] {dagbag.py:537} INFO - Filling up the DagBag from /home/airflow/.local/lib/python3.7/site-packages/airflow/example_dags/example_sla_dag.py
[2023-01-11T01:33:12.471+0000] {processor.py:766} INFO - DAG(s) dict_keys(['example_sla_dag']) retrieved from /home/airflow/.local/lib/python3.7/site-packages/airflow/example_dags/example_sla_dag.py
[2023-01-11T01:33:12.543+0000] {logging_mixin.py:120} INFO - [2023-01-11T01:33:12.543+0000] {dag.py:2585} INFO - Sync 1 DAGs
[2023-01-11T01:33:12.592+0000] {logging_mixin.py:120} INFO - [2023-01-11T01:33:12.592+0000] {dag.py:3340} INFO - Setting next_dagrun for example_sla_dag to 2023-01-11T01:30:00+00:00, run_after=2023-01-11T01:32:00+00:00
[2023-01-11T01:33:12.632+0000] {processor.py:176} INFO - Processing /home/airflow/.local/lib/python3.7/site-packages/airflow/example_dags/example_sla_dag.py took 0.229 seconds
[2023-01-11T01:33:43.607+0000] {processor.py:154} INFO - Started process (PID=20301) to work on /home/airflow/.local/lib/python3.7/site-packages/airflow/example_dags/example_sla_dag.py
[2023-01-11T01:33:43.609+0000] {processor.py:756} INFO - Processing file /home/airflow/.local/lib/python3.7/site-packages/airflow/example_dags/example_sla_dag.py for tasks to queue
[2023-01-11T01:33:43.610+0000] {logging_mixin.py:120} INFO - [2023-01-11T01:33:43.610+0000] {dagbag.py:537} INFO - Filling up the DagBag from /home/airflow/.local/lib/python3.7/site-packages/airflow/example_dags/example_sla_dag.py
[2023-01-11T01:33:43.648+0000] {processor.py:766} INFO - DAG(s) dict_keys(['example_sla_dag']) retrieved from /home/airflow/.local/lib/python3.7/site-packages/airflow/example_dags/example_sla_dag.py
[2023-01-11T01:33:43.729+0000] {logging_mixin.py:120} INFO - [2023-01-11T01:33:43.729+0000] {dag.py:2585} INFO - Sync 1 DAGs
[2023-01-11T01:33:43.785+0000] {logging_mixin.py:120} INFO - [2023-01-11T01:33:43.785+0000] {dag.py:3340} INFO - Setting next_dagrun for example_sla_dag to 2023-01-11T01:30:00+00:00, run_after=2023-01-11T01:32:00+00:00
[2023-01-11T01:33:43.821+0000] {processor.py:176} INFO - Processing /home/airflow/.local/lib/python3.7/site-packages/airflow/example_dags/example_sla_dag.py took 0.221 seconds
[2023-01-11T01:34:14.651+0000] {processor.py:154} INFO - Started process (PID=20359) to work on /home/airflow/.local/lib/python3.7/site-packages/airflow/example_dags/example_sla_dag.py
[2023-01-11T01:34:14.653+0000] {processor.py:756} INFO - Processing file /home/airflow/.local/lib/python3.7/site-packages/airflow/example_dags/example_sla_dag.py for tasks to queue
[2023-01-11T01:34:14.656+0000] {logging_mixin.py:120} INFO - [2023-01-11T01:34:14.655+0000] {dagbag.py:537} INFO - Filling up the DagBag from /home/airflow/.local/lib/python3.7/site-packages/airflow/example_dags/example_sla_dag.py
[2023-01-11T01:34:14.695+0000] {processor.py:766} INFO - DAG(s) dict_keys(['example_sla_dag']) retrieved from /home/airflow/.local/lib/python3.7/site-packages/airflow/example_dags/example_sla_dag.py
[2023-01-11T01:34:14.762+0000] {logging_mixin.py:120} INFO - [2023-01-11T01:34:14.761+0000] {dag.py:2585} INFO - Sync 1 DAGs
[2023-01-11T01:34:14.808+0000] {logging_mixin.py:120} INFO - [2023-01-11T01:34:14.807+0000] {dag.py:3340} INFO - Setting next_dagrun for example_sla_dag to 2023-01-11T01:32:00+00:00, run_after=2023-01-11T01:34:00+00:00
[2023-01-11T01:34:14.841+0000] {processor.py:176} INFO - Processing /home/airflow/.local/lib/python3.7/site-packages/airflow/example_dags/example_sla_dag.py took 0.196 seconds
[2023-01-11T01:34:45.154+0000] {processor.py:154} INFO - Started process (PID=20425) to work on /home/airflow/.local/lib/python3.7/site-packages/airflow/example_dags/example_sla_dag.py
[2023-01-11T01:34:45.155+0000] {processor.py:756} INFO - Processing file /home/airflow/.local/lib/python3.7/site-packages/airflow/example_dags/example_sla_dag.py for tasks to queue
[2023-01-11T01:34:45.157+0000] {logging_mixin.py:120} INFO - [2023-01-11T01:34:45.157+0000] {dagbag.py:537} INFO - Filling up the DagBag from /home/airflow/.local/lib/python3.7/site-packages/airflow/example_dags/example_sla_dag.py
[2023-01-11T01:34:45.204+0000] {processor.py:766} INFO - DAG(s) dict_keys(['example_sla_dag']) retrieved from /home/airflow/.local/lib/python3.7/site-packages/airflow/example_dags/example_sla_dag.py
[2023-01-11T01:34:45.280+0000] {logging_mixin.py:120} INFO - [2023-01-11T01:34:45.279+0000] {dag.py:2585} INFO - Sync 1 DAGs
[2023-01-11T01:34:45.344+0000] {logging_mixin.py:120} INFO - [2023-01-11T01:34:45.343+0000] {dag.py:3340} INFO - Setting next_dagrun for example_sla_dag to 2023-01-11T01:32:00+00:00, run_after=2023-01-11T01:34:00+00:00
[2023-01-11T01:34:45.405+0000] {processor.py:176} INFO - Processing /home/airflow/.local/lib/python3.7/site-packages/airflow/example_dags/example_sla_dag.py took 0.260 seconds
[2023-01-11T01:35:15.516+0000] {processor.py:154} INFO - Started process (PID=20483) to work on /home/airflow/.local/lib/python3.7/site-packages/airflow/example_dags/example_sla_dag.py
[2023-01-11T01:35:15.518+0000] {processor.py:756} INFO - Processing file /home/airflow/.local/lib/python3.7/site-packages/airflow/example_dags/example_sla_dag.py for tasks to queue
[2023-01-11T01:35:15.520+0000] {logging_mixin.py:120} INFO - [2023-01-11T01:35:15.520+0000] {dagbag.py:537} INFO - Filling up the DagBag from /home/airflow/.local/lib/python3.7/site-packages/airflow/example_dags/example_sla_dag.py
[2023-01-11T01:35:15.568+0000] {processor.py:766} INFO - DAG(s) dict_keys(['example_sla_dag']) retrieved from /home/airflow/.local/lib/python3.7/site-packages/airflow/example_dags/example_sla_dag.py
[2023-01-11T01:35:15.650+0000] {logging_mixin.py:120} INFO - [2023-01-11T01:35:15.649+0000] {dag.py:2585} INFO - Sync 1 DAGs
[2023-01-11T01:35:15.703+0000] {logging_mixin.py:120} INFO - [2023-01-11T01:35:15.703+0000] {dag.py:3340} INFO - Setting next_dagrun for example_sla_dag to 2023-01-11T01:32:00+00:00, run_after=2023-01-11T01:34:00+00:00
[2023-01-11T01:35:15.747+0000] {processor.py:176} INFO - Processing /home/airflow/.local/lib/python3.7/site-packages/airflow/example_dags/example_sla_dag.py took 0.238 seconds
[2023-01-11T01:35:46.295+0000] {processor.py:154} INFO - Started process (PID=20551) to work on /home/airflow/.local/lib/python3.7/site-packages/airflow/example_dags/example_sla_dag.py
[2023-01-11T01:35:46.297+0000] {processor.py:756} INFO - Processing file /home/airflow/.local/lib/python3.7/site-packages/airflow/example_dags/example_sla_dag.py for tasks to queue
[2023-01-11T01:35:46.299+0000] {logging_mixin.py:120} INFO - [2023-01-11T01:35:46.299+0000] {dagbag.py:537} INFO - Filling up the DagBag from /home/airflow/.local/lib/python3.7/site-packages/airflow/example_dags/example_sla_dag.py
[2023-01-11T01:35:46.340+0000] {processor.py:766} INFO - DAG(s) dict_keys(['example_sla_dag']) retrieved from /home/airflow/.local/lib/python3.7/site-packages/airflow/example_dags/example_sla_dag.py
[2023-01-11T01:35:46.425+0000] {logging_mixin.py:120} INFO - [2023-01-11T01:35:46.425+0000] {dag.py:2585} INFO - Sync 1 DAGs
[2023-01-11T01:35:46.483+0000] {logging_mixin.py:120} INFO - [2023-01-11T01:35:46.483+0000] {dag.py:3340} INFO - Setting next_dagrun for example_sla_dag to 2023-01-11T01:32:00+00:00, run_after=2023-01-11T01:34:00+00:00
[2023-01-11T01:35:46.537+0000] {processor.py:176} INFO - Processing /home/airflow/.local/lib/python3.7/site-packages/airflow/example_dags/example_sla_dag.py took 0.247 seconds
[2023-01-11T01:36:16.596+0000] {processor.py:154} INFO - Started process (PID=20618) to work on /home/airflow/.local/lib/python3.7/site-packages/airflow/example_dags/example_sla_dag.py
[2023-01-11T01:36:16.598+0000] {processor.py:756} INFO - Processing file /home/airflow/.local/lib/python3.7/site-packages/airflow/example_dags/example_sla_dag.py for tasks to queue
[2023-01-11T01:36:16.599+0000] {logging_mixin.py:120} INFO - [2023-01-11T01:36:16.599+0000] {dagbag.py:537} INFO - Filling up the DagBag from /home/airflow/.local/lib/python3.7/site-packages/airflow/example_dags/example_sla_dag.py
[2023-01-11T01:36:16.644+0000] {processor.py:766} INFO - DAG(s) dict_keys(['example_sla_dag']) retrieved from /home/airflow/.local/lib/python3.7/site-packages/airflow/example_dags/example_sla_dag.py
[2023-01-11T01:36:16.726+0000] {logging_mixin.py:120} INFO - [2023-01-11T01:36:16.725+0000] {dag.py:2585} INFO - Sync 1 DAGs
[2023-01-11T01:36:16.784+0000] {logging_mixin.py:120} INFO - [2023-01-11T01:36:16.784+0000] {dag.py:3340} INFO - Setting next_dagrun for example_sla_dag to 2023-01-11T01:34:00+00:00, run_after=2023-01-11T01:36:00+00:00
[2023-01-11T01:36:16.826+0000] {processor.py:176} INFO - Processing /home/airflow/.local/lib/python3.7/site-packages/airflow/example_dags/example_sla_dag.py took 0.237 seconds
[2023-01-11T01:36:46.890+0000] {processor.py:154} INFO - Started process (PID=20676) to work on /home/airflow/.local/lib/python3.7/site-packages/airflow/example_dags/example_sla_dag.py
[2023-01-11T01:36:46.891+0000] {processor.py:756} INFO - Processing file /home/airflow/.local/lib/python3.7/site-packages/airflow/example_dags/example_sla_dag.py for tasks to queue
[2023-01-11T01:36:46.893+0000] {logging_mixin.py:120} INFO - [2023-01-11T01:36:46.893+0000] {dagbag.py:537} INFO - Filling up the DagBag from /home/airflow/.local/lib/python3.7/site-packages/airflow/example_dags/example_sla_dag.py
[2023-01-11T01:36:46.932+0000] {processor.py:766} INFO - DAG(s) dict_keys(['example_sla_dag']) retrieved from /home/airflow/.local/lib/python3.7/site-packages/airflow/example_dags/example_sla_dag.py
[2023-01-11T01:36:47.007+0000] {logging_mixin.py:120} INFO - [2023-01-11T01:36:47.007+0000] {dag.py:2585} INFO - Sync 1 DAGs
[2023-01-11T01:36:47.054+0000] {logging_mixin.py:120} INFO - [2023-01-11T01:36:47.054+0000] {dag.py:3340} INFO - Setting next_dagrun for example_sla_dag to 2023-01-11T01:34:00+00:00, run_after=2023-01-11T01:36:00+00:00
[2023-01-11T01:36:47.086+0000] {processor.py:176} INFO - Processing /home/airflow/.local/lib/python3.7/site-packages/airflow/example_dags/example_sla_dag.py took 0.202 seconds
[2023-01-11T01:37:17.492+0000] {processor.py:154} INFO - Started process (PID=20743) to work on /home/airflow/.local/lib/python3.7/site-packages/airflow/example_dags/example_sla_dag.py
[2023-01-11T01:37:17.493+0000] {processor.py:756} INFO - Processing file /home/airflow/.local/lib/python3.7/site-packages/airflow/example_dags/example_sla_dag.py for tasks to queue
[2023-01-11T01:37:17.495+0000] {logging_mixin.py:120} INFO - [2023-01-11T01:37:17.494+0000] {dagbag.py:537} INFO - Filling up the DagBag from /home/airflow/.local/lib/python3.7/site-packages/airflow/example_dags/example_sla_dag.py
[2023-01-11T01:37:17.537+0000] {processor.py:766} INFO - DAG(s) dict_keys(['example_sla_dag']) retrieved from /home/airflow/.local/lib/python3.7/site-packages/airflow/example_dags/example_sla_dag.py
[2023-01-11T01:37:17.608+0000] {logging_mixin.py:120} INFO - [2023-01-11T01:37:17.608+0000] {dag.py:2585} INFO - Sync 1 DAGs
[2023-01-11T01:37:17.659+0000] {logging_mixin.py:120} INFO - [2023-01-11T01:37:17.659+0000] {dag.py:3340} INFO - Setting next_dagrun for example_sla_dag to 2023-01-11T01:34:00+00:00, run_after=2023-01-11T01:36:00+00:00
[2023-01-11T01:37:17.699+0000] {processor.py:176} INFO - Processing /home/airflow/.local/lib/python3.7/site-packages/airflow/example_dags/example_sla_dag.py took 0.213 seconds
[2023-01-11T01:37:48.409+0000] {processor.py:154} INFO - Started process (PID=20802) to work on /home/airflow/.local/lib/python3.7/site-packages/airflow/example_dags/example_sla_dag.py
[2023-01-11T01:37:48.410+0000] {processor.py:756} INFO - Processing file /home/airflow/.local/lib/python3.7/site-packages/airflow/example_dags/example_sla_dag.py for tasks to queue
[2023-01-11T01:37:48.411+0000] {logging_mixin.py:120} INFO - [2023-01-11T01:37:48.411+0000] {dagbag.py:537} INFO - Filling up the DagBag from /home/airflow/.local/lib/python3.7/site-packages/airflow/example_dags/example_sla_dag.py
[2023-01-11T01:37:48.455+0000] {processor.py:766} INFO - DAG(s) dict_keys(['example_sla_dag']) retrieved from /home/airflow/.local/lib/python3.7/site-packages/airflow/example_dags/example_sla_dag.py
[2023-01-11T01:37:48.506+0000] {logging_mixin.py:120} INFO - [2023-01-11T01:37:48.505+0000] {dag.py:2585} INFO - Sync 1 DAGs
[2023-01-11T01:37:48.563+0000] {logging_mixin.py:120} INFO - [2023-01-11T01:37:48.562+0000] {dag.py:3340} INFO - Setting next_dagrun for example_sla_dag to 2023-01-11T01:34:00+00:00, run_after=2023-01-11T01:36:00+00:00
[2023-01-11T01:37:48.600+0000] {processor.py:176} INFO - Processing /home/airflow/.local/lib/python3.7/site-packages/airflow/example_dags/example_sla_dag.py took 0.195 seconds
[2023-01-11T01:38:18.794+0000] {processor.py:154} INFO - Started process (PID=20871) to work on /home/airflow/.local/lib/python3.7/site-packages/airflow/example_dags/example_sla_dag.py
[2023-01-11T01:38:18.795+0000] {processor.py:756} INFO - Processing file /home/airflow/.local/lib/python3.7/site-packages/airflow/example_dags/example_sla_dag.py for tasks to queue
[2023-01-11T01:38:18.797+0000] {logging_mixin.py:120} INFO - [2023-01-11T01:38:18.796+0000] {dagbag.py:537} INFO - Filling up the DagBag from /home/airflow/.local/lib/python3.7/site-packages/airflow/example_dags/example_sla_dag.py
[2023-01-11T01:38:18.840+0000] {processor.py:766} INFO - DAG(s) dict_keys(['example_sla_dag']) retrieved from /home/airflow/.local/lib/python3.7/site-packages/airflow/example_dags/example_sla_dag.py
[2023-01-11T01:38:18.901+0000] {logging_mixin.py:120} INFO - [2023-01-11T01:38:18.900+0000] {dag.py:2585} INFO - Sync 1 DAGs
[2023-01-11T01:38:18.930+0000] {logging_mixin.py:120} INFO - [2023-01-11T01:38:18.930+0000] {dag.py:3340} INFO - Setting next_dagrun for example_sla_dag to 2023-01-11T01:36:00+00:00, run_after=2023-01-11T01:38:00+00:00
[2023-01-11T01:38:18.955+0000] {processor.py:176} INFO - Processing /home/airflow/.local/lib/python3.7/site-packages/airflow/example_dags/example_sla_dag.py took 0.166 seconds
[2023-01-11T01:38:49.203+0000] {processor.py:154} INFO - Started process (PID=20929) to work on /home/airflow/.local/lib/python3.7/site-packages/airflow/example_dags/example_sla_dag.py
[2023-01-11T01:38:49.204+0000] {processor.py:756} INFO - Processing file /home/airflow/.local/lib/python3.7/site-packages/airflow/example_dags/example_sla_dag.py for tasks to queue
[2023-01-11T01:38:49.205+0000] {logging_mixin.py:120} INFO - [2023-01-11T01:38:49.205+0000] {dagbag.py:537} INFO - Filling up the DagBag from /home/airflow/.local/lib/python3.7/site-packages/airflow/example_dags/example_sla_dag.py
[2023-01-11T01:38:49.229+0000] {processor.py:766} INFO - DAG(s) dict_keys(['example_sla_dag']) retrieved from /home/airflow/.local/lib/python3.7/site-packages/airflow/example_dags/example_sla_dag.py
[2023-01-11T01:38:49.279+0000] {logging_mixin.py:120} INFO - [2023-01-11T01:38:49.279+0000] {dag.py:2585} INFO - Sync 1 DAGs
[2023-01-11T01:38:49.311+0000] {logging_mixin.py:120} INFO - [2023-01-11T01:38:49.311+0000] {dag.py:3340} INFO - Setting next_dagrun for example_sla_dag to 2023-01-11T01:36:00+00:00, run_after=2023-01-11T01:38:00+00:00
[2023-01-11T01:38:49.335+0000] {processor.py:176} INFO - Processing /home/airflow/.local/lib/python3.7/site-packages/airflow/example_dags/example_sla_dag.py took 0.135 seconds
[2023-01-11T01:39:19.958+0000] {processor.py:154} INFO - Started process (PID=20996) to work on /home/airflow/.local/lib/python3.7/site-packages/airflow/example_dags/example_sla_dag.py
[2023-01-11T01:39:19.959+0000] {processor.py:756} INFO - Processing file /home/airflow/.local/lib/python3.7/site-packages/airflow/example_dags/example_sla_dag.py for tasks to queue
[2023-01-11T01:39:19.961+0000] {logging_mixin.py:120} INFO - [2023-01-11T01:39:19.961+0000] {dagbag.py:537} INFO - Filling up the DagBag from /home/airflow/.local/lib/python3.7/site-packages/airflow/example_dags/example_sla_dag.py
[2023-01-11T01:39:20.000+0000] {processor.py:766} INFO - DAG(s) dict_keys(['example_sla_dag']) retrieved from /home/airflow/.local/lib/python3.7/site-packages/airflow/example_dags/example_sla_dag.py
[2023-01-11T01:39:20.076+0000] {logging_mixin.py:120} INFO - [2023-01-11T01:39:20.076+0000] {dag.py:2585} INFO - Sync 1 DAGs
[2023-01-11T01:39:20.129+0000] {logging_mixin.py:120} INFO - [2023-01-11T01:39:20.129+0000] {dag.py:3340} INFO - Setting next_dagrun for example_sla_dag to 2023-01-11T01:36:00+00:00, run_after=2023-01-11T01:38:00+00:00
[2023-01-11T01:39:20.173+0000] {processor.py:176} INFO - Processing /home/airflow/.local/lib/python3.7/site-packages/airflow/example_dags/example_sla_dag.py took 0.220 seconds
[2023-01-11T01:39:50.590+0000] {processor.py:154} INFO - Started process (PID=21061) to work on /home/airflow/.local/lib/python3.7/site-packages/airflow/example_dags/example_sla_dag.py
[2023-01-11T01:39:50.592+0000] {processor.py:756} INFO - Processing file /home/airflow/.local/lib/python3.7/site-packages/airflow/example_dags/example_sla_dag.py for tasks to queue
[2023-01-11T01:39:50.593+0000] {logging_mixin.py:120} INFO - [2023-01-11T01:39:50.593+0000] {dagbag.py:537} INFO - Filling up the DagBag from /home/airflow/.local/lib/python3.7/site-packages/airflow/example_dags/example_sla_dag.py
[2023-01-11T01:39:50.619+0000] {processor.py:766} INFO - DAG(s) dict_keys(['example_sla_dag']) retrieved from /home/airflow/.local/lib/python3.7/site-packages/airflow/example_dags/example_sla_dag.py
[2023-01-11T01:39:50.676+0000] {logging_mixin.py:120} INFO - [2023-01-11T01:39:50.676+0000] {dag.py:2585} INFO - Sync 1 DAGs
[2023-01-11T01:39:50.752+0000] {logging_mixin.py:120} INFO - [2023-01-11T01:39:50.752+0000] {dag.py:3340} INFO - Setting next_dagrun for example_sla_dag to 2023-01-11T01:36:00+00:00, run_after=2023-01-11T01:38:00+00:00
[2023-01-11T01:39:50.810+0000] {processor.py:176} INFO - Processing /home/airflow/.local/lib/python3.7/site-packages/airflow/example_dags/example_sla_dag.py took 0.225 seconds
[2023-01-11T01:40:21.723+0000] {processor.py:154} INFO - Started process (PID=21121) to work on /home/airflow/.local/lib/python3.7/site-packages/airflow/example_dags/example_sla_dag.py
[2023-01-11T01:40:21.725+0000] {processor.py:756} INFO - Processing file /home/airflow/.local/lib/python3.7/site-packages/airflow/example_dags/example_sla_dag.py for tasks to queue
[2023-01-11T01:40:21.726+0000] {logging_mixin.py:120} INFO - [2023-01-11T01:40:21.726+0000] {dagbag.py:537} INFO - Filling up the DagBag from /home/airflow/.local/lib/python3.7/site-packages/airflow/example_dags/example_sla_dag.py
[2023-01-11T01:40:21.749+0000] {processor.py:766} INFO - DAG(s) dict_keys(['example_sla_dag']) retrieved from /home/airflow/.local/lib/python3.7/site-packages/airflow/example_dags/example_sla_dag.py
[2023-01-11T01:40:21.792+0000] {logging_mixin.py:120} INFO - [2023-01-11T01:40:21.792+0000] {dag.py:2585} INFO - Sync 1 DAGs
[2023-01-11T01:40:21.821+0000] {logging_mixin.py:120} INFO - [2023-01-11T01:40:21.821+0000] {dag.py:3340} INFO - Setting next_dagrun for example_sla_dag to 2023-01-11T01:38:00+00:00, run_after=2023-01-11T01:40:00+00:00
[2023-01-11T01:40:21.859+0000] {processor.py:176} INFO - Processing /home/airflow/.local/lib/python3.7/site-packages/airflow/example_dags/example_sla_dag.py took 0.140 seconds
[2023-01-11T01:40:52.097+0000] {processor.py:154} INFO - Started process (PID=21188) to work on /home/airflow/.local/lib/python3.7/site-packages/airflow/example_dags/example_sla_dag.py
[2023-01-11T01:40:52.098+0000] {processor.py:756} INFO - Processing file /home/airflow/.local/lib/python3.7/site-packages/airflow/example_dags/example_sla_dag.py for tasks to queue
[2023-01-11T01:40:52.099+0000] {logging_mixin.py:120} INFO - [2023-01-11T01:40:52.099+0000] {dagbag.py:537} INFO - Filling up the DagBag from /home/airflow/.local/lib/python3.7/site-packages/airflow/example_dags/example_sla_dag.py
[2023-01-11T01:40:52.128+0000] {processor.py:766} INFO - DAG(s) dict_keys(['example_sla_dag']) retrieved from /home/airflow/.local/lib/python3.7/site-packages/airflow/example_dags/example_sla_dag.py
[2023-01-11T01:40:52.170+0000] {logging_mixin.py:120} INFO - [2023-01-11T01:40:52.170+0000] {dag.py:2585} INFO - Sync 1 DAGs
[2023-01-11T01:40:52.199+0000] {logging_mixin.py:120} INFO - [2023-01-11T01:40:52.199+0000] {dag.py:3340} INFO - Setting next_dagrun for example_sla_dag to 2023-01-11T01:38:00+00:00, run_after=2023-01-11T01:40:00+00:00
[2023-01-11T01:40:52.246+0000] {processor.py:176} INFO - Processing /home/airflow/.local/lib/python3.7/site-packages/airflow/example_dags/example_sla_dag.py took 0.153 seconds
[2023-01-11T01:41:22.444+0000] {processor.py:154} INFO - Started process (PID=21246) to work on /home/airflow/.local/lib/python3.7/site-packages/airflow/example_dags/example_sla_dag.py
[2023-01-11T01:41:22.447+0000] {processor.py:756} INFO - Processing file /home/airflow/.local/lib/python3.7/site-packages/airflow/example_dags/example_sla_dag.py for tasks to queue
[2023-01-11T01:41:22.449+0000] {logging_mixin.py:120} INFO - [2023-01-11T01:41:22.449+0000] {dagbag.py:537} INFO - Filling up the DagBag from /home/airflow/.local/lib/python3.7/site-packages/airflow/example_dags/example_sla_dag.py
[2023-01-11T01:41:22.512+0000] {processor.py:766} INFO - DAG(s) dict_keys(['example_sla_dag']) retrieved from /home/airflow/.local/lib/python3.7/site-packages/airflow/example_dags/example_sla_dag.py
[2023-01-11T01:41:22.593+0000] {logging_mixin.py:120} INFO - [2023-01-11T01:41:22.593+0000] {dag.py:2585} INFO - Sync 1 DAGs
[2023-01-11T01:41:22.658+0000] {logging_mixin.py:120} INFO - [2023-01-11T01:41:22.658+0000] {dag.py:3340} INFO - Setting next_dagrun for example_sla_dag to 2023-01-11T01:38:00+00:00, run_after=2023-01-11T01:40:00+00:00
[2023-01-11T01:41:22.707+0000] {processor.py:176} INFO - Processing /home/airflow/.local/lib/python3.7/site-packages/airflow/example_dags/example_sla_dag.py took 0.270 seconds
[2023-01-11T01:41:52.817+0000] {processor.py:154} INFO - Started process (PID=21313) to work on /home/airflow/.local/lib/python3.7/site-packages/airflow/example_dags/example_sla_dag.py
[2023-01-11T01:41:52.817+0000] {processor.py:756} INFO - Processing file /home/airflow/.local/lib/python3.7/site-packages/airflow/example_dags/example_sla_dag.py for tasks to queue
[2023-01-11T01:41:52.818+0000] {logging_mixin.py:120} INFO - [2023-01-11T01:41:52.818+0000] {dagbag.py:537} INFO - Filling up the DagBag from /home/airflow/.local/lib/python3.7/site-packages/airflow/example_dags/example_sla_dag.py
[2023-01-11T01:41:52.846+0000] {processor.py:766} INFO - DAG(s) dict_keys(['example_sla_dag']) retrieved from /home/airflow/.local/lib/python3.7/site-packages/airflow/example_dags/example_sla_dag.py
[2023-01-11T01:41:52.899+0000] {logging_mixin.py:120} INFO - [2023-01-11T01:41:52.899+0000] {dag.py:2585} INFO - Sync 1 DAGs
[2023-01-11T01:41:52.936+0000] {logging_mixin.py:120} INFO - [2023-01-11T01:41:52.936+0000] {dag.py:3340} INFO - Setting next_dagrun for example_sla_dag to 2023-01-11T01:38:00+00:00, run_after=2023-01-11T01:40:00+00:00
[2023-01-11T01:41:53.027+0000] {processor.py:176} INFO - Processing /home/airflow/.local/lib/python3.7/site-packages/airflow/example_dags/example_sla_dag.py took 0.214 seconds
[2023-01-11T01:42:23.303+0000] {processor.py:154} INFO - Started process (PID=21381) to work on /home/airflow/.local/lib/python3.7/site-packages/airflow/example_dags/example_sla_dag.py
[2023-01-11T01:42:23.305+0000] {processor.py:756} INFO - Processing file /home/airflow/.local/lib/python3.7/site-packages/airflow/example_dags/example_sla_dag.py for tasks to queue
[2023-01-11T01:42:23.308+0000] {logging_mixin.py:120} INFO - [2023-01-11T01:42:23.307+0000] {dagbag.py:537} INFO - Filling up the DagBag from /home/airflow/.local/lib/python3.7/site-packages/airflow/example_dags/example_sla_dag.py
[2023-01-11T01:42:23.356+0000] {processor.py:766} INFO - DAG(s) dict_keys(['example_sla_dag']) retrieved from /home/airflow/.local/lib/python3.7/site-packages/airflow/example_dags/example_sla_dag.py
[2023-01-11T01:42:23.437+0000] {logging_mixin.py:120} INFO - [2023-01-11T01:42:23.436+0000] {dag.py:2585} INFO - Sync 1 DAGs
[2023-01-11T01:42:23.484+0000] {logging_mixin.py:120} INFO - [2023-01-11T01:42:23.484+0000] {dag.py:3340} INFO - Setting next_dagrun for example_sla_dag to 2023-01-11T01:40:00+00:00, run_after=2023-01-11T01:42:00+00:00
[2023-01-11T01:42:23.537+0000] {processor.py:176} INFO - Processing /home/airflow/.local/lib/python3.7/site-packages/airflow/example_dags/example_sla_dag.py took 0.243 seconds
[2023-01-11T01:42:54.183+0000] {processor.py:154} INFO - Started process (PID=21439) to work on /home/airflow/.local/lib/python3.7/site-packages/airflow/example_dags/example_sla_dag.py
[2023-01-11T01:42:54.185+0000] {processor.py:756} INFO - Processing file /home/airflow/.local/lib/python3.7/site-packages/airflow/example_dags/example_sla_dag.py for tasks to queue
[2023-01-11T01:42:54.187+0000] {logging_mixin.py:120} INFO - [2023-01-11T01:42:54.186+0000] {dagbag.py:537} INFO - Filling up the DagBag from /home/airflow/.local/lib/python3.7/site-packages/airflow/example_dags/example_sla_dag.py
[2023-01-11T01:42:54.233+0000] {processor.py:766} INFO - DAG(s) dict_keys(['example_sla_dag']) retrieved from /home/airflow/.local/lib/python3.7/site-packages/airflow/example_dags/example_sla_dag.py
[2023-01-11T01:42:54.279+0000] {logging_mixin.py:120} INFO - [2023-01-11T01:42:54.279+0000] {dag.py:2585} INFO - Sync 1 DAGs
[2023-01-11T01:42:54.309+0000] {logging_mixin.py:120} INFO - [2023-01-11T01:42:54.309+0000] {dag.py:3340} INFO - Setting next_dagrun for example_sla_dag to 2023-01-11T01:40:00+00:00, run_after=2023-01-11T01:42:00+00:00
[2023-01-11T01:42:54.332+0000] {processor.py:176} INFO - Processing /home/airflow/.local/lib/python3.7/site-packages/airflow/example_dags/example_sla_dag.py took 0.156 seconds
[2023-01-11T01:43:24.515+0000] {processor.py:154} INFO - Started process (PID=21506) to work on /home/airflow/.local/lib/python3.7/site-packages/airflow/example_dags/example_sla_dag.py
[2023-01-11T01:43:24.516+0000] {processor.py:756} INFO - Processing file /home/airflow/.local/lib/python3.7/site-packages/airflow/example_dags/example_sla_dag.py for tasks to queue
[2023-01-11T01:43:24.517+0000] {logging_mixin.py:120} INFO - [2023-01-11T01:43:24.517+0000] {dagbag.py:537} INFO - Filling up the DagBag from /home/airflow/.local/lib/python3.7/site-packages/airflow/example_dags/example_sla_dag.py
[2023-01-11T01:43:24.542+0000] {processor.py:766} INFO - DAG(s) dict_keys(['example_sla_dag']) retrieved from /home/airflow/.local/lib/python3.7/site-packages/airflow/example_dags/example_sla_dag.py
[2023-01-11T01:43:24.583+0000] {logging_mixin.py:120} INFO - [2023-01-11T01:43:24.583+0000] {dag.py:2585} INFO - Sync 1 DAGs
[2023-01-11T01:43:24.616+0000] {logging_mixin.py:120} INFO - [2023-01-11T01:43:24.615+0000] {dag.py:3340} INFO - Setting next_dagrun for example_sla_dag to 2023-01-11T01:40:00+00:00, run_after=2023-01-11T01:42:00+00:00
[2023-01-11T01:43:24.641+0000] {processor.py:176} INFO - Processing /home/airflow/.local/lib/python3.7/site-packages/airflow/example_dags/example_sla_dag.py took 0.129 seconds
[2023-01-11T01:43:55.013+0000] {processor.py:154} INFO - Started process (PID=21573) to work on /home/airflow/.local/lib/python3.7/site-packages/airflow/example_dags/example_sla_dag.py
[2023-01-11T01:43:55.015+0000] {processor.py:756} INFO - Processing file /home/airflow/.local/lib/python3.7/site-packages/airflow/example_dags/example_sla_dag.py for tasks to queue
[2023-01-11T01:43:55.017+0000] {logging_mixin.py:120} INFO - [2023-01-11T01:43:55.017+0000] {dagbag.py:537} INFO - Filling up the DagBag from /home/airflow/.local/lib/python3.7/site-packages/airflow/example_dags/example_sla_dag.py
[2023-01-11T01:43:55.063+0000] {processor.py:766} INFO - DAG(s) dict_keys(['example_sla_dag']) retrieved from /home/airflow/.local/lib/python3.7/site-packages/airflow/example_dags/example_sla_dag.py
[2023-01-11T01:43:55.119+0000] {logging_mixin.py:120} INFO - [2023-01-11T01:43:55.118+0000] {dag.py:2585} INFO - Sync 1 DAGs
[2023-01-11T01:43:55.157+0000] {logging_mixin.py:120} INFO - [2023-01-11T01:43:55.157+0000] {dag.py:3340} INFO - Setting next_dagrun for example_sla_dag to 2023-01-11T01:40:00+00:00, run_after=2023-01-11T01:42:00+00:00
[2023-01-11T01:43:55.184+0000] {processor.py:176} INFO - Processing /home/airflow/.local/lib/python3.7/site-packages/airflow/example_dags/example_sla_dag.py took 0.185 seconds
[2023-01-11T01:44:25.497+0000] {processor.py:154} INFO - Started process (PID=21631) to work on /home/airflow/.local/lib/python3.7/site-packages/airflow/example_dags/example_sla_dag.py
[2023-01-11T01:44:25.499+0000] {processor.py:756} INFO - Processing file /home/airflow/.local/lib/python3.7/site-packages/airflow/example_dags/example_sla_dag.py for tasks to queue
[2023-01-11T01:44:25.501+0000] {logging_mixin.py:120} INFO - [2023-01-11T01:44:25.501+0000] {dagbag.py:537} INFO - Filling up the DagBag from /home/airflow/.local/lib/python3.7/site-packages/airflow/example_dags/example_sla_dag.py
[2023-01-11T01:44:25.548+0000] {processor.py:766} INFO - DAG(s) dict_keys(['example_sla_dag']) retrieved from /home/airflow/.local/lib/python3.7/site-packages/airflow/example_dags/example_sla_dag.py
[2023-01-11T01:44:25.591+0000] {logging_mixin.py:120} INFO - [2023-01-11T01:44:25.591+0000] {dag.py:2585} INFO - Sync 1 DAGs
[2023-01-11T01:44:25.624+0000] {logging_mixin.py:120} INFO - [2023-01-11T01:44:25.624+0000] {dag.py:3340} INFO - Setting next_dagrun for example_sla_dag to 2023-01-11T01:42:00+00:00, run_after=2023-01-11T01:44:00+00:00
[2023-01-11T01:44:25.651+0000] {processor.py:176} INFO - Processing /home/airflow/.local/lib/python3.7/site-packages/airflow/example_dags/example_sla_dag.py took 0.161 seconds
[2023-01-11T01:44:55.874+0000] {processor.py:154} INFO - Started process (PID=21698) to work on /home/airflow/.local/lib/python3.7/site-packages/airflow/example_dags/example_sla_dag.py
[2023-01-11T01:44:55.875+0000] {processor.py:756} INFO - Processing file /home/airflow/.local/lib/python3.7/site-packages/airflow/example_dags/example_sla_dag.py for tasks to queue
[2023-01-11T01:44:55.876+0000] {logging_mixin.py:120} INFO - [2023-01-11T01:44:55.876+0000] {dagbag.py:537} INFO - Filling up the DagBag from /home/airflow/.local/lib/python3.7/site-packages/airflow/example_dags/example_sla_dag.py
[2023-01-11T01:44:55.897+0000] {processor.py:766} INFO - DAG(s) dict_keys(['example_sla_dag']) retrieved from /home/airflow/.local/lib/python3.7/site-packages/airflow/example_dags/example_sla_dag.py
[2023-01-11T01:44:55.942+0000] {logging_mixin.py:120} INFO - [2023-01-11T01:44:55.942+0000] {dag.py:2585} INFO - Sync 1 DAGs
[2023-01-11T01:44:55.966+0000] {logging_mixin.py:120} INFO - [2023-01-11T01:44:55.966+0000] {dag.py:3340} INFO - Setting next_dagrun for example_sla_dag to 2023-01-11T01:42:00+00:00, run_after=2023-01-11T01:44:00+00:00
[2023-01-11T01:44:55.989+0000] {processor.py:176} INFO - Processing /home/airflow/.local/lib/python3.7/site-packages/airflow/example_dags/example_sla_dag.py took 0.118 seconds
[2023-01-11T01:45:26.475+0000] {processor.py:154} INFO - Started process (PID=21765) to work on /home/airflow/.local/lib/python3.7/site-packages/airflow/example_dags/example_sla_dag.py
[2023-01-11T01:45:26.477+0000] {processor.py:756} INFO - Processing file /home/airflow/.local/lib/python3.7/site-packages/airflow/example_dags/example_sla_dag.py for tasks to queue
[2023-01-11T01:45:26.480+0000] {logging_mixin.py:120} INFO - [2023-01-11T01:45:26.479+0000] {dagbag.py:537} INFO - Filling up the DagBag from /home/airflow/.local/lib/python3.7/site-packages/airflow/example_dags/example_sla_dag.py
[2023-01-11T01:45:26.543+0000] {processor.py:766} INFO - DAG(s) dict_keys(['example_sla_dag']) retrieved from /home/airflow/.local/lib/python3.7/site-packages/airflow/example_dags/example_sla_dag.py
[2023-01-11T01:45:26.624+0000] {logging_mixin.py:120} INFO - [2023-01-11T01:45:26.623+0000] {dag.py:2585} INFO - Sync 1 DAGs
[2023-01-11T01:45:26.674+0000] {logging_mixin.py:120} INFO - [2023-01-11T01:45:26.673+0000] {dag.py:3340} INFO - Setting next_dagrun for example_sla_dag to 2023-01-11T01:42:00+00:00, run_after=2023-01-11T01:44:00+00:00
[2023-01-11T01:45:26.719+0000] {processor.py:176} INFO - Processing /home/airflow/.local/lib/python3.7/site-packages/airflow/example_dags/example_sla_dag.py took 0.252 seconds
[2023-01-11T01:45:57.051+0000] {processor.py:154} INFO - Started process (PID=21823) to work on /home/airflow/.local/lib/python3.7/site-packages/airflow/example_dags/example_sla_dag.py
[2023-01-11T01:45:57.052+0000] {processor.py:756} INFO - Processing file /home/airflow/.local/lib/python3.7/site-packages/airflow/example_dags/example_sla_dag.py for tasks to queue
[2023-01-11T01:45:57.054+0000] {logging_mixin.py:120} INFO - [2023-01-11T01:45:57.053+0000] {dagbag.py:537} INFO - Filling up the DagBag from /home/airflow/.local/lib/python3.7/site-packages/airflow/example_dags/example_sla_dag.py
[2023-01-11T01:45:57.100+0000] {processor.py:766} INFO - DAG(s) dict_keys(['example_sla_dag']) retrieved from /home/airflow/.local/lib/python3.7/site-packages/airflow/example_dags/example_sla_dag.py
[2023-01-11T01:45:57.147+0000] {logging_mixin.py:120} INFO - [2023-01-11T01:45:57.147+0000] {dag.py:2585} INFO - Sync 1 DAGs
[2023-01-11T01:45:57.174+0000] {logging_mixin.py:120} INFO - [2023-01-11T01:45:57.174+0000] {dag.py:3340} INFO - Setting next_dagrun for example_sla_dag to 2023-01-11T01:42:00+00:00, run_after=2023-01-11T01:44:00+00:00
[2023-01-11T01:45:57.196+0000] {processor.py:176} INFO - Processing /home/airflow/.local/lib/python3.7/site-packages/airflow/example_dags/example_sla_dag.py took 0.149 seconds
[2023-01-11T01:46:27.272+0000] {processor.py:154} INFO - Started process (PID=21890) to work on /home/airflow/.local/lib/python3.7/site-packages/airflow/example_dags/example_sla_dag.py
[2023-01-11T01:46:27.274+0000] {processor.py:756} INFO - Processing file /home/airflow/.local/lib/python3.7/site-packages/airflow/example_dags/example_sla_dag.py for tasks to queue
[2023-01-11T01:46:27.275+0000] {logging_mixin.py:120} INFO - [2023-01-11T01:46:27.275+0000] {dagbag.py:537} INFO - Filling up the DagBag from /home/airflow/.local/lib/python3.7/site-packages/airflow/example_dags/example_sla_dag.py
[2023-01-11T01:46:27.323+0000] {processor.py:766} INFO - DAG(s) dict_keys(['example_sla_dag']) retrieved from /home/airflow/.local/lib/python3.7/site-packages/airflow/example_dags/example_sla_dag.py
[2023-01-11T01:46:27.404+0000] {logging_mixin.py:120} INFO - [2023-01-11T01:46:27.404+0000] {dag.py:2585} INFO - Sync 1 DAGs
[2023-01-11T01:46:27.457+0000] {logging_mixin.py:120} INFO - [2023-01-11T01:46:27.457+0000] {dag.py:3340} INFO - Setting next_dagrun for example_sla_dag to 2023-01-11T01:44:00+00:00, run_after=2023-01-11T01:46:00+00:00
[2023-01-11T01:46:27.495+0000] {processor.py:176} INFO - Processing /home/airflow/.local/lib/python3.7/site-packages/airflow/example_dags/example_sla_dag.py took 0.228 seconds
