[2023-01-11T01:09:37.144+0000] {processor.py:154} INFO - Started process (PID=17334) to work on /home/airflow/.local/lib/python3.7/site-packages/airflow/example_dags/tutorial_dag.py
[2023-01-11T01:09:37.145+0000] {processor.py:756} INFO - Processing file /home/airflow/.local/lib/python3.7/site-packages/airflow/example_dags/tutorial_dag.py for tasks to queue
[2023-01-11T01:09:37.149+0000] {logging_mixin.py:120} INFO - [2023-01-11T01:09:37.148+0000] {dagbag.py:537} INFO - Filling up the DagBag from /home/airflow/.local/lib/python3.7/site-packages/airflow/example_dags/tutorial_dag.py
[2023-01-11T01:09:37.172+0000] {processor.py:766} INFO - DAG(s) dict_keys(['tutorial_dag']) retrieved from /home/airflow/.local/lib/python3.7/site-packages/airflow/example_dags/tutorial_dag.py
[2023-01-11T01:09:37.250+0000] {logging_mixin.py:120} INFO - [2023-01-11T01:09:37.250+0000] {dag.py:2585} INFO - Sync 1 DAGs
[2023-01-11T01:09:37.305+0000] {logging_mixin.py:120} INFO - [2023-01-11T01:09:37.304+0000] {dag.py:3340} INFO - Setting next_dagrun for tutorial_dag to None, run_after=None
[2023-01-11T01:09:37.377+0000] {processor.py:176} INFO - Processing /home/airflow/.local/lib/python3.7/site-packages/airflow/example_dags/tutorial_dag.py took 0.238 seconds
[2023-01-11T01:10:07.769+0000] {processor.py:154} INFO - Started process (PID=17399) to work on /home/airflow/.local/lib/python3.7/site-packages/airflow/example_dags/tutorial_dag.py
[2023-01-11T01:10:07.771+0000] {processor.py:756} INFO - Processing file /home/airflow/.local/lib/python3.7/site-packages/airflow/example_dags/tutorial_dag.py for tasks to queue
[2023-01-11T01:10:07.774+0000] {logging_mixin.py:120} INFO - [2023-01-11T01:10:07.773+0000] {dagbag.py:537} INFO - Filling up the DagBag from /home/airflow/.local/lib/python3.7/site-packages/airflow/example_dags/tutorial_dag.py
[2023-01-11T01:10:07.805+0000] {processor.py:766} INFO - DAG(s) dict_keys(['tutorial_dag']) retrieved from /home/airflow/.local/lib/python3.7/site-packages/airflow/example_dags/tutorial_dag.py
[2023-01-11T01:10:07.877+0000] {logging_mixin.py:120} INFO - [2023-01-11T01:10:07.877+0000] {dag.py:2585} INFO - Sync 1 DAGs
[2023-01-11T01:10:07.923+0000] {logging_mixin.py:120} INFO - [2023-01-11T01:10:07.923+0000] {dag.py:3340} INFO - Setting next_dagrun for tutorial_dag to None, run_after=None
[2023-01-11T01:10:07.955+0000] {processor.py:176} INFO - Processing /home/airflow/.local/lib/python3.7/site-packages/airflow/example_dags/tutorial_dag.py took 0.196 seconds
[2023-01-11T01:10:39.258+0000] {processor.py:154} INFO - Started process (PID=17459) to work on /home/airflow/.local/lib/python3.7/site-packages/airflow/example_dags/tutorial_dag.py
[2023-01-11T01:10:39.260+0000] {processor.py:756} INFO - Processing file /home/airflow/.local/lib/python3.7/site-packages/airflow/example_dags/tutorial_dag.py for tasks to queue
[2023-01-11T01:10:39.262+0000] {logging_mixin.py:120} INFO - [2023-01-11T01:10:39.262+0000] {dagbag.py:537} INFO - Filling up the DagBag from /home/airflow/.local/lib/python3.7/site-packages/airflow/example_dags/tutorial_dag.py
[2023-01-11T01:10:39.301+0000] {processor.py:766} INFO - DAG(s) dict_keys(['tutorial_dag']) retrieved from /home/airflow/.local/lib/python3.7/site-packages/airflow/example_dags/tutorial_dag.py
[2023-01-11T01:10:39.416+0000] {logging_mixin.py:120} INFO - [2023-01-11T01:10:39.415+0000] {dag.py:2585} INFO - Sync 1 DAGs
[2023-01-11T01:10:39.524+0000] {logging_mixin.py:120} INFO - [2023-01-11T01:10:39.524+0000] {dag.py:3340} INFO - Setting next_dagrun for tutorial_dag to None, run_after=None
[2023-01-11T01:10:39.565+0000] {processor.py:176} INFO - Processing /home/airflow/.local/lib/python3.7/site-packages/airflow/example_dags/tutorial_dag.py took 0.314 seconds
[2023-01-11T01:11:10.354+0000] {processor.py:154} INFO - Started process (PID=17526) to work on /home/airflow/.local/lib/python3.7/site-packages/airflow/example_dags/tutorial_dag.py
[2023-01-11T01:11:10.355+0000] {processor.py:756} INFO - Processing file /home/airflow/.local/lib/python3.7/site-packages/airflow/example_dags/tutorial_dag.py for tasks to queue
[2023-01-11T01:11:10.357+0000] {logging_mixin.py:120} INFO - [2023-01-11T01:11:10.356+0000] {dagbag.py:537} INFO - Filling up the DagBag from /home/airflow/.local/lib/python3.7/site-packages/airflow/example_dags/tutorial_dag.py
[2023-01-11T01:11:10.382+0000] {processor.py:766} INFO - DAG(s) dict_keys(['tutorial_dag']) retrieved from /home/airflow/.local/lib/python3.7/site-packages/airflow/example_dags/tutorial_dag.py
[2023-01-11T01:11:10.465+0000] {logging_mixin.py:120} INFO - [2023-01-11T01:11:10.464+0000] {dag.py:2585} INFO - Sync 1 DAGs
[2023-01-11T01:11:10.514+0000] {logging_mixin.py:120} INFO - [2023-01-11T01:11:10.514+0000] {dag.py:3340} INFO - Setting next_dagrun for tutorial_dag to None, run_after=None
[2023-01-11T01:11:10.559+0000] {processor.py:176} INFO - Processing /home/airflow/.local/lib/python3.7/site-packages/airflow/example_dags/tutorial_dag.py took 0.218 seconds
[2023-01-11T01:11:41.606+0000] {processor.py:154} INFO - Started process (PID=17584) to work on /home/airflow/.local/lib/python3.7/site-packages/airflow/example_dags/tutorial_dag.py
[2023-01-11T01:11:41.608+0000] {processor.py:756} INFO - Processing file /home/airflow/.local/lib/python3.7/site-packages/airflow/example_dags/tutorial_dag.py for tasks to queue
[2023-01-11T01:11:41.610+0000] {logging_mixin.py:120} INFO - [2023-01-11T01:11:41.610+0000] {dagbag.py:537} INFO - Filling up the DagBag from /home/airflow/.local/lib/python3.7/site-packages/airflow/example_dags/tutorial_dag.py
[2023-01-11T01:11:41.640+0000] {processor.py:766} INFO - DAG(s) dict_keys(['tutorial_dag']) retrieved from /home/airflow/.local/lib/python3.7/site-packages/airflow/example_dags/tutorial_dag.py
[2023-01-11T01:11:41.762+0000] {logging_mixin.py:120} INFO - [2023-01-11T01:11:41.762+0000] {dag.py:2585} INFO - Sync 1 DAGs
[2023-01-11T01:11:41.813+0000] {logging_mixin.py:120} INFO - [2023-01-11T01:11:41.813+0000] {dag.py:3340} INFO - Setting next_dagrun for tutorial_dag to None, run_after=None
[2023-01-11T01:11:41.861+0000] {processor.py:176} INFO - Processing /home/airflow/.local/lib/python3.7/site-packages/airflow/example_dags/tutorial_dag.py took 0.262 seconds
[2023-01-11T01:12:11.928+0000] {processor.py:154} INFO - Started process (PID=17649) to work on /home/airflow/.local/lib/python3.7/site-packages/airflow/example_dags/tutorial_dag.py
[2023-01-11T01:12:11.930+0000] {processor.py:756} INFO - Processing file /home/airflow/.local/lib/python3.7/site-packages/airflow/example_dags/tutorial_dag.py for tasks to queue
[2023-01-11T01:12:11.931+0000] {logging_mixin.py:120} INFO - [2023-01-11T01:12:11.931+0000] {dagbag.py:537} INFO - Filling up the DagBag from /home/airflow/.local/lib/python3.7/site-packages/airflow/example_dags/tutorial_dag.py
[2023-01-11T01:12:11.966+0000] {processor.py:766} INFO - DAG(s) dict_keys(['tutorial_dag']) retrieved from /home/airflow/.local/lib/python3.7/site-packages/airflow/example_dags/tutorial_dag.py
[2023-01-11T01:12:12.083+0000] {logging_mixin.py:120} INFO - [2023-01-11T01:12:12.083+0000] {dag.py:2585} INFO - Sync 1 DAGs
[2023-01-11T01:12:12.167+0000] {logging_mixin.py:120} INFO - [2023-01-11T01:12:12.166+0000] {dag.py:3340} INFO - Setting next_dagrun for tutorial_dag to None, run_after=None
[2023-01-11T01:12:12.231+0000] {processor.py:176} INFO - Processing /home/airflow/.local/lib/python3.7/site-packages/airflow/example_dags/tutorial_dag.py took 0.309 seconds
[2023-01-11T01:12:42.936+0000] {processor.py:154} INFO - Started process (PID=17707) to work on /home/airflow/.local/lib/python3.7/site-packages/airflow/example_dags/tutorial_dag.py
[2023-01-11T01:12:42.937+0000] {processor.py:756} INFO - Processing file /home/airflow/.local/lib/python3.7/site-packages/airflow/example_dags/tutorial_dag.py for tasks to queue
[2023-01-11T01:12:42.939+0000] {logging_mixin.py:120} INFO - [2023-01-11T01:12:42.939+0000] {dagbag.py:537} INFO - Filling up the DagBag from /home/airflow/.local/lib/python3.7/site-packages/airflow/example_dags/tutorial_dag.py
[2023-01-11T01:12:42.960+0000] {processor.py:766} INFO - DAG(s) dict_keys(['tutorial_dag']) retrieved from /home/airflow/.local/lib/python3.7/site-packages/airflow/example_dags/tutorial_dag.py
[2023-01-11T01:12:43.012+0000] {logging_mixin.py:120} INFO - [2023-01-11T01:12:43.011+0000] {dag.py:2585} INFO - Sync 1 DAGs
[2023-01-11T01:12:43.048+0000] {logging_mixin.py:120} INFO - [2023-01-11T01:12:43.048+0000] {dag.py:3340} INFO - Setting next_dagrun for tutorial_dag to None, run_after=None
[2023-01-11T01:12:43.077+0000] {processor.py:176} INFO - Processing /home/airflow/.local/lib/python3.7/site-packages/airflow/example_dags/tutorial_dag.py took 0.146 seconds
[2023-01-11T01:13:13.435+0000] {processor.py:154} INFO - Started process (PID=17774) to work on /home/airflow/.local/lib/python3.7/site-packages/airflow/example_dags/tutorial_dag.py
[2023-01-11T01:13:13.436+0000] {processor.py:756} INFO - Processing file /home/airflow/.local/lib/python3.7/site-packages/airflow/example_dags/tutorial_dag.py for tasks to queue
[2023-01-11T01:13:13.438+0000] {logging_mixin.py:120} INFO - [2023-01-11T01:13:13.438+0000] {dagbag.py:537} INFO - Filling up the DagBag from /home/airflow/.local/lib/python3.7/site-packages/airflow/example_dags/tutorial_dag.py
[2023-01-11T01:13:13.457+0000] {processor.py:766} INFO - DAG(s) dict_keys(['tutorial_dag']) retrieved from /home/airflow/.local/lib/python3.7/site-packages/airflow/example_dags/tutorial_dag.py
[2023-01-11T01:13:13.512+0000] {logging_mixin.py:120} INFO - [2023-01-11T01:13:13.511+0000] {dag.py:2585} INFO - Sync 1 DAGs
[2023-01-11T01:13:13.556+0000] {logging_mixin.py:120} INFO - [2023-01-11T01:13:13.556+0000] {dag.py:3340} INFO - Setting next_dagrun for tutorial_dag to None, run_after=None
[2023-01-11T01:13:13.587+0000] {processor.py:176} INFO - Processing /home/airflow/.local/lib/python3.7/site-packages/airflow/example_dags/tutorial_dag.py took 0.155 seconds
[2023-01-11T01:13:44.134+0000] {processor.py:154} INFO - Started process (PID=17841) to work on /home/airflow/.local/lib/python3.7/site-packages/airflow/example_dags/tutorial_dag.py
[2023-01-11T01:13:44.135+0000] {processor.py:756} INFO - Processing file /home/airflow/.local/lib/python3.7/site-packages/airflow/example_dags/tutorial_dag.py for tasks to queue
[2023-01-11T01:13:44.136+0000] {logging_mixin.py:120} INFO - [2023-01-11T01:13:44.136+0000] {dagbag.py:537} INFO - Filling up the DagBag from /home/airflow/.local/lib/python3.7/site-packages/airflow/example_dags/tutorial_dag.py
[2023-01-11T01:13:44.150+0000] {processor.py:766} INFO - DAG(s) dict_keys(['tutorial_dag']) retrieved from /home/airflow/.local/lib/python3.7/site-packages/airflow/example_dags/tutorial_dag.py
[2023-01-11T01:13:44.195+0000] {logging_mixin.py:120} INFO - [2023-01-11T01:13:44.195+0000] {dag.py:2585} INFO - Sync 1 DAGs
[2023-01-11T01:13:44.227+0000] {logging_mixin.py:120} INFO - [2023-01-11T01:13:44.227+0000] {dag.py:3340} INFO - Setting next_dagrun for tutorial_dag to None, run_after=None
[2023-01-11T01:13:44.256+0000] {processor.py:176} INFO - Processing /home/airflow/.local/lib/python3.7/site-packages/airflow/example_dags/tutorial_dag.py took 0.125 seconds
[2023-01-11T01:14:14.997+0000] {processor.py:154} INFO - Started process (PID=17899) to work on /home/airflow/.local/lib/python3.7/site-packages/airflow/example_dags/tutorial_dag.py
[2023-01-11T01:14:14.998+0000] {processor.py:756} INFO - Processing file /home/airflow/.local/lib/python3.7/site-packages/airflow/example_dags/tutorial_dag.py for tasks to queue
[2023-01-11T01:14:14.999+0000] {logging_mixin.py:120} INFO - [2023-01-11T01:14:14.999+0000] {dagbag.py:537} INFO - Filling up the DagBag from /home/airflow/.local/lib/python3.7/site-packages/airflow/example_dags/tutorial_dag.py
[2023-01-11T01:14:15.016+0000] {processor.py:766} INFO - DAG(s) dict_keys(['tutorial_dag']) retrieved from /home/airflow/.local/lib/python3.7/site-packages/airflow/example_dags/tutorial_dag.py
[2023-01-11T01:14:15.055+0000] {logging_mixin.py:120} INFO - [2023-01-11T01:14:15.055+0000] {dag.py:2585} INFO - Sync 1 DAGs
[2023-01-11T01:14:15.080+0000] {logging_mixin.py:120} INFO - [2023-01-11T01:14:15.080+0000] {dag.py:3340} INFO - Setting next_dagrun for tutorial_dag to None, run_after=None
[2023-01-11T01:14:15.103+0000] {processor.py:176} INFO - Processing /home/airflow/.local/lib/python3.7/site-packages/airflow/example_dags/tutorial_dag.py took 0.110 seconds
[2023-01-11T01:14:45.575+0000] {processor.py:154} INFO - Started process (PID=17967) to work on /home/airflow/.local/lib/python3.7/site-packages/airflow/example_dags/tutorial_dag.py
[2023-01-11T01:14:45.576+0000] {processor.py:756} INFO - Processing file /home/airflow/.local/lib/python3.7/site-packages/airflow/example_dags/tutorial_dag.py for tasks to queue
[2023-01-11T01:14:45.577+0000] {logging_mixin.py:120} INFO - [2023-01-11T01:14:45.577+0000] {dagbag.py:537} INFO - Filling up the DagBag from /home/airflow/.local/lib/python3.7/site-packages/airflow/example_dags/tutorial_dag.py
[2023-01-11T01:14:45.590+0000] {processor.py:766} INFO - DAG(s) dict_keys(['tutorial_dag']) retrieved from /home/airflow/.local/lib/python3.7/site-packages/airflow/example_dags/tutorial_dag.py
[2023-01-11T01:14:45.631+0000] {logging_mixin.py:120} INFO - [2023-01-11T01:14:45.631+0000] {dag.py:2585} INFO - Sync 1 DAGs
[2023-01-11T01:14:45.657+0000] {logging_mixin.py:120} INFO - [2023-01-11T01:14:45.657+0000] {dag.py:3340} INFO - Setting next_dagrun for tutorial_dag to None, run_after=None
[2023-01-11T01:14:45.680+0000] {processor.py:176} INFO - Processing /home/airflow/.local/lib/python3.7/site-packages/airflow/example_dags/tutorial_dag.py took 0.108 seconds
[2023-01-11T01:15:16.051+0000] {processor.py:154} INFO - Started process (PID=18034) to work on /home/airflow/.local/lib/python3.7/site-packages/airflow/example_dags/tutorial_dag.py
[2023-01-11T01:15:16.052+0000] {processor.py:756} INFO - Processing file /home/airflow/.local/lib/python3.7/site-packages/airflow/example_dags/tutorial_dag.py for tasks to queue
[2023-01-11T01:15:16.054+0000] {logging_mixin.py:120} INFO - [2023-01-11T01:15:16.054+0000] {dagbag.py:537} INFO - Filling up the DagBag from /home/airflow/.local/lib/python3.7/site-packages/airflow/example_dags/tutorial_dag.py
[2023-01-11T01:15:16.074+0000] {processor.py:766} INFO - DAG(s) dict_keys(['tutorial_dag']) retrieved from /home/airflow/.local/lib/python3.7/site-packages/airflow/example_dags/tutorial_dag.py
[2023-01-11T01:15:16.150+0000] {logging_mixin.py:120} INFO - [2023-01-11T01:15:16.149+0000] {dag.py:2585} INFO - Sync 1 DAGs
[2023-01-11T01:15:16.189+0000] {logging_mixin.py:120} INFO - [2023-01-11T01:15:16.189+0000] {dag.py:3340} INFO - Setting next_dagrun for tutorial_dag to None, run_after=None
[2023-01-11T01:15:16.230+0000] {processor.py:176} INFO - Processing /home/airflow/.local/lib/python3.7/site-packages/airflow/example_dags/tutorial_dag.py took 0.184 seconds
[2023-01-11T01:15:47.215+0000] {processor.py:154} INFO - Started process (PID=18092) to work on /home/airflow/.local/lib/python3.7/site-packages/airflow/example_dags/tutorial_dag.py
[2023-01-11T01:15:47.217+0000] {processor.py:756} INFO - Processing file /home/airflow/.local/lib/python3.7/site-packages/airflow/example_dags/tutorial_dag.py for tasks to queue
[2023-01-11T01:15:47.219+0000] {logging_mixin.py:120} INFO - [2023-01-11T01:15:47.219+0000] {dagbag.py:537} INFO - Filling up the DagBag from /home/airflow/.local/lib/python3.7/site-packages/airflow/example_dags/tutorial_dag.py
[2023-01-11T01:15:47.249+0000] {processor.py:766} INFO - DAG(s) dict_keys(['tutorial_dag']) retrieved from /home/airflow/.local/lib/python3.7/site-packages/airflow/example_dags/tutorial_dag.py
[2023-01-11T01:15:47.343+0000] {logging_mixin.py:120} INFO - [2023-01-11T01:15:47.342+0000] {dag.py:2585} INFO - Sync 1 DAGs
[2023-01-11T01:15:47.402+0000] {logging_mixin.py:120} INFO - [2023-01-11T01:15:47.402+0000] {dag.py:3340} INFO - Setting next_dagrun for tutorial_dag to None, run_after=None
[2023-01-11T01:15:47.469+0000] {processor.py:176} INFO - Processing /home/airflow/.local/lib/python3.7/site-packages/airflow/example_dags/tutorial_dag.py took 0.265 seconds
[2023-01-11T01:16:17.592+0000] {processor.py:154} INFO - Started process (PID=18158) to work on /home/airflow/.local/lib/python3.7/site-packages/airflow/example_dags/tutorial_dag.py
[2023-01-11T01:16:17.594+0000] {processor.py:756} INFO - Processing file /home/airflow/.local/lib/python3.7/site-packages/airflow/example_dags/tutorial_dag.py for tasks to queue
[2023-01-11T01:16:17.597+0000] {logging_mixin.py:120} INFO - [2023-01-11T01:16:17.597+0000] {dagbag.py:537} INFO - Filling up the DagBag from /home/airflow/.local/lib/python3.7/site-packages/airflow/example_dags/tutorial_dag.py
[2023-01-11T01:16:17.630+0000] {processor.py:766} INFO - DAG(s) dict_keys(['tutorial_dag']) retrieved from /home/airflow/.local/lib/python3.7/site-packages/airflow/example_dags/tutorial_dag.py
[2023-01-11T01:16:17.718+0000] {logging_mixin.py:120} INFO - [2023-01-11T01:16:17.718+0000] {dag.py:2585} INFO - Sync 1 DAGs
[2023-01-11T01:16:17.747+0000] {logging_mixin.py:120} INFO - [2023-01-11T01:16:17.747+0000] {dag.py:3340} INFO - Setting next_dagrun for tutorial_dag to None, run_after=None
[2023-01-11T01:16:17.769+0000] {processor.py:176} INFO - Processing /home/airflow/.local/lib/python3.7/site-packages/airflow/example_dags/tutorial_dag.py took 0.182 seconds
[2023-01-11T01:16:48.154+0000] {processor.py:154} INFO - Started process (PID=18218) to work on /home/airflow/.local/lib/python3.7/site-packages/airflow/example_dags/tutorial_dag.py
[2023-01-11T01:16:48.155+0000] {processor.py:756} INFO - Processing file /home/airflow/.local/lib/python3.7/site-packages/airflow/example_dags/tutorial_dag.py for tasks to queue
[2023-01-11T01:16:48.156+0000] {logging_mixin.py:120} INFO - [2023-01-11T01:16:48.156+0000] {dagbag.py:537} INFO - Filling up the DagBag from /home/airflow/.local/lib/python3.7/site-packages/airflow/example_dags/tutorial_dag.py
[2023-01-11T01:16:48.174+0000] {processor.py:766} INFO - DAG(s) dict_keys(['tutorial_dag']) retrieved from /home/airflow/.local/lib/python3.7/site-packages/airflow/example_dags/tutorial_dag.py
[2023-01-11T01:16:48.225+0000] {logging_mixin.py:120} INFO - [2023-01-11T01:16:48.225+0000] {dag.py:2585} INFO - Sync 1 DAGs
[2023-01-11T01:16:48.263+0000] {logging_mixin.py:120} INFO - [2023-01-11T01:16:48.263+0000] {dag.py:3340} INFO - Setting next_dagrun for tutorial_dag to None, run_after=None
[2023-01-11T01:16:48.294+0000] {processor.py:176} INFO - Processing /home/airflow/.local/lib/python3.7/site-packages/airflow/example_dags/tutorial_dag.py took 0.143 seconds
[2023-01-11T01:17:19.179+0000] {processor.py:154} INFO - Started process (PID=18286) to work on /home/airflow/.local/lib/python3.7/site-packages/airflow/example_dags/tutorial_dag.py
[2023-01-11T01:17:19.180+0000] {processor.py:756} INFO - Processing file /home/airflow/.local/lib/python3.7/site-packages/airflow/example_dags/tutorial_dag.py for tasks to queue
[2023-01-11T01:17:19.181+0000] {logging_mixin.py:120} INFO - [2023-01-11T01:17:19.181+0000] {dagbag.py:537} INFO - Filling up the DagBag from /home/airflow/.local/lib/python3.7/site-packages/airflow/example_dags/tutorial_dag.py
[2023-01-11T01:17:19.198+0000] {processor.py:766} INFO - DAG(s) dict_keys(['tutorial_dag']) retrieved from /home/airflow/.local/lib/python3.7/site-packages/airflow/example_dags/tutorial_dag.py
[2023-01-11T01:17:19.249+0000] {logging_mixin.py:120} INFO - [2023-01-11T01:17:19.248+0000] {dag.py:2585} INFO - Sync 1 DAGs
[2023-01-11T01:17:19.283+0000] {logging_mixin.py:120} INFO - [2023-01-11T01:17:19.283+0000] {dag.py:3340} INFO - Setting next_dagrun for tutorial_dag to None, run_after=None
[2023-01-11T01:17:19.319+0000] {processor.py:176} INFO - Processing /home/airflow/.local/lib/python3.7/site-packages/airflow/example_dags/tutorial_dag.py took 0.144 seconds
[2023-01-11T01:17:49.513+0000] {processor.py:154} INFO - Started process (PID=18344) to work on /home/airflow/.local/lib/python3.7/site-packages/airflow/example_dags/tutorial_dag.py
[2023-01-11T01:17:49.514+0000] {processor.py:756} INFO - Processing file /home/airflow/.local/lib/python3.7/site-packages/airflow/example_dags/tutorial_dag.py for tasks to queue
[2023-01-11T01:17:49.515+0000] {logging_mixin.py:120} INFO - [2023-01-11T01:17:49.515+0000] {dagbag.py:537} INFO - Filling up the DagBag from /home/airflow/.local/lib/python3.7/site-packages/airflow/example_dags/tutorial_dag.py
[2023-01-11T01:17:49.536+0000] {processor.py:766} INFO - DAG(s) dict_keys(['tutorial_dag']) retrieved from /home/airflow/.local/lib/python3.7/site-packages/airflow/example_dags/tutorial_dag.py
[2023-01-11T01:17:49.595+0000] {logging_mixin.py:120} INFO - [2023-01-11T01:17:49.594+0000] {dag.py:2585} INFO - Sync 1 DAGs
[2023-01-11T01:17:49.640+0000] {logging_mixin.py:120} INFO - [2023-01-11T01:17:49.639+0000] {dag.py:3340} INFO - Setting next_dagrun for tutorial_dag to None, run_after=None
[2023-01-11T01:17:49.671+0000] {processor.py:176} INFO - Processing /home/airflow/.local/lib/python3.7/site-packages/airflow/example_dags/tutorial_dag.py took 0.162 seconds
[2023-01-11T01:18:20.078+0000] {processor.py:154} INFO - Started process (PID=18411) to work on /home/airflow/.local/lib/python3.7/site-packages/airflow/example_dags/tutorial_dag.py
[2023-01-11T01:18:20.080+0000] {processor.py:756} INFO - Processing file /home/airflow/.local/lib/python3.7/site-packages/airflow/example_dags/tutorial_dag.py for tasks to queue
[2023-01-11T01:18:20.082+0000] {logging_mixin.py:120} INFO - [2023-01-11T01:18:20.082+0000] {dagbag.py:537} INFO - Filling up the DagBag from /home/airflow/.local/lib/python3.7/site-packages/airflow/example_dags/tutorial_dag.py
[2023-01-11T01:18:20.126+0000] {processor.py:766} INFO - DAG(s) dict_keys(['tutorial_dag']) retrieved from /home/airflow/.local/lib/python3.7/site-packages/airflow/example_dags/tutorial_dag.py
[2023-01-11T01:18:20.238+0000] {logging_mixin.py:120} INFO - [2023-01-11T01:18:20.238+0000] {dag.py:2585} INFO - Sync 1 DAGs
[2023-01-11T01:18:20.305+0000] {logging_mixin.py:120} INFO - [2023-01-11T01:18:20.304+0000] {dag.py:3340} INFO - Setting next_dagrun for tutorial_dag to None, run_after=None
[2023-01-11T01:18:20.375+0000] {processor.py:176} INFO - Processing /home/airflow/.local/lib/python3.7/site-packages/airflow/example_dags/tutorial_dag.py took 0.304 seconds
[2023-01-11T01:18:50.621+0000] {processor.py:154} INFO - Started process (PID=18469) to work on /home/airflow/.local/lib/python3.7/site-packages/airflow/example_dags/tutorial_dag.py
[2023-01-11T01:18:50.622+0000] {processor.py:756} INFO - Processing file /home/airflow/.local/lib/python3.7/site-packages/airflow/example_dags/tutorial_dag.py for tasks to queue
[2023-01-11T01:18:50.623+0000] {logging_mixin.py:120} INFO - [2023-01-11T01:18:50.623+0000] {dagbag.py:537} INFO - Filling up the DagBag from /home/airflow/.local/lib/python3.7/site-packages/airflow/example_dags/tutorial_dag.py
[2023-01-11T01:18:50.637+0000] {processor.py:766} INFO - DAG(s) dict_keys(['tutorial_dag']) retrieved from /home/airflow/.local/lib/python3.7/site-packages/airflow/example_dags/tutorial_dag.py
[2023-01-11T01:18:50.683+0000] {logging_mixin.py:120} INFO - [2023-01-11T01:18:50.683+0000] {dag.py:2585} INFO - Sync 1 DAGs
[2023-01-11T01:18:50.711+0000] {logging_mixin.py:120} INFO - [2023-01-11T01:18:50.711+0000] {dag.py:3340} INFO - Setting next_dagrun for tutorial_dag to None, run_after=None
[2023-01-11T01:18:50.735+0000] {processor.py:176} INFO - Processing /home/airflow/.local/lib/python3.7/site-packages/airflow/example_dags/tutorial_dag.py took 0.118 seconds
[2023-01-11T01:19:21.871+0000] {processor.py:154} INFO - Started process (PID=18536) to work on /home/airflow/.local/lib/python3.7/site-packages/airflow/example_dags/tutorial_dag.py
[2023-01-11T01:19:21.872+0000] {processor.py:756} INFO - Processing file /home/airflow/.local/lib/python3.7/site-packages/airflow/example_dags/tutorial_dag.py for tasks to queue
[2023-01-11T01:19:21.874+0000] {logging_mixin.py:120} INFO - [2023-01-11T01:19:21.873+0000] {dagbag.py:537} INFO - Filling up the DagBag from /home/airflow/.local/lib/python3.7/site-packages/airflow/example_dags/tutorial_dag.py
[2023-01-11T01:19:21.899+0000] {processor.py:766} INFO - DAG(s) dict_keys(['tutorial_dag']) retrieved from /home/airflow/.local/lib/python3.7/site-packages/airflow/example_dags/tutorial_dag.py
[2023-01-11T01:19:21.980+0000] {logging_mixin.py:120} INFO - [2023-01-11T01:19:21.980+0000] {dag.py:2585} INFO - Sync 1 DAGs
[2023-01-11T01:19:22.029+0000] {logging_mixin.py:120} INFO - [2023-01-11T01:19:22.029+0000] {dag.py:3340} INFO - Setting next_dagrun for tutorial_dag to None, run_after=None
[2023-01-11T01:19:22.067+0000] {processor.py:176} INFO - Processing /home/airflow/.local/lib/python3.7/site-packages/airflow/example_dags/tutorial_dag.py took 0.205 seconds
[2023-01-11T01:19:52.314+0000] {processor.py:154} INFO - Started process (PID=18594) to work on /home/airflow/.local/lib/python3.7/site-packages/airflow/example_dags/tutorial_dag.py
[2023-01-11T01:19:52.315+0000] {processor.py:756} INFO - Processing file /home/airflow/.local/lib/python3.7/site-packages/airflow/example_dags/tutorial_dag.py for tasks to queue
[2023-01-11T01:19:52.317+0000] {logging_mixin.py:120} INFO - [2023-01-11T01:19:52.317+0000] {dagbag.py:537} INFO - Filling up the DagBag from /home/airflow/.local/lib/python3.7/site-packages/airflow/example_dags/tutorial_dag.py
[2023-01-11T01:19:52.333+0000] {processor.py:766} INFO - DAG(s) dict_keys(['tutorial_dag']) retrieved from /home/airflow/.local/lib/python3.7/site-packages/airflow/example_dags/tutorial_dag.py
[2023-01-11T01:19:52.384+0000] {logging_mixin.py:120} INFO - [2023-01-11T01:19:52.383+0000] {dag.py:2585} INFO - Sync 1 DAGs
[2023-01-11T01:19:52.410+0000] {logging_mixin.py:120} INFO - [2023-01-11T01:19:52.410+0000] {dag.py:3340} INFO - Setting next_dagrun for tutorial_dag to None, run_after=None
[2023-01-11T01:19:52.432+0000] {processor.py:176} INFO - Processing /home/airflow/.local/lib/python3.7/site-packages/airflow/example_dags/tutorial_dag.py took 0.123 seconds
[2023-01-11T01:20:23.382+0000] {processor.py:154} INFO - Started process (PID=18661) to work on /home/airflow/.local/lib/python3.7/site-packages/airflow/example_dags/tutorial_dag.py
[2023-01-11T01:20:23.383+0000] {processor.py:756} INFO - Processing file /home/airflow/.local/lib/python3.7/site-packages/airflow/example_dags/tutorial_dag.py for tasks to queue
[2023-01-11T01:20:23.383+0000] {logging_mixin.py:120} INFO - [2023-01-11T01:20:23.383+0000] {dagbag.py:537} INFO - Filling up the DagBag from /home/airflow/.local/lib/python3.7/site-packages/airflow/example_dags/tutorial_dag.py
[2023-01-11T01:20:23.399+0000] {processor.py:766} INFO - DAG(s) dict_keys(['tutorial_dag']) retrieved from /home/airflow/.local/lib/python3.7/site-packages/airflow/example_dags/tutorial_dag.py
[2023-01-11T01:20:23.467+0000] {logging_mixin.py:120} INFO - [2023-01-11T01:20:23.467+0000] {dag.py:2585} INFO - Sync 1 DAGs
[2023-01-11T01:20:23.496+0000] {logging_mixin.py:120} INFO - [2023-01-11T01:20:23.496+0000] {dag.py:3340} INFO - Setting next_dagrun for tutorial_dag to None, run_after=None
[2023-01-11T01:20:23.535+0000] {processor.py:176} INFO - Processing /home/airflow/.local/lib/python3.7/site-packages/airflow/example_dags/tutorial_dag.py took 0.156 seconds
[2023-01-11T01:20:54.298+0000] {processor.py:154} INFO - Started process (PID=18725) to work on /home/airflow/.local/lib/python3.7/site-packages/airflow/example_dags/tutorial_dag.py
[2023-01-11T01:20:54.300+0000] {processor.py:756} INFO - Processing file /home/airflow/.local/lib/python3.7/site-packages/airflow/example_dags/tutorial_dag.py for tasks to queue
[2023-01-11T01:20:54.302+0000] {logging_mixin.py:120} INFO - [2023-01-11T01:20:54.301+0000] {dagbag.py:537} INFO - Filling up the DagBag from /home/airflow/.local/lib/python3.7/site-packages/airflow/example_dags/tutorial_dag.py
[2023-01-11T01:20:54.326+0000] {processor.py:766} INFO - DAG(s) dict_keys(['tutorial_dag']) retrieved from /home/airflow/.local/lib/python3.7/site-packages/airflow/example_dags/tutorial_dag.py
[2023-01-11T01:20:54.390+0000] {logging_mixin.py:120} INFO - [2023-01-11T01:20:54.390+0000] {dag.py:2585} INFO - Sync 1 DAGs
[2023-01-11T01:20:54.427+0000] {logging_mixin.py:120} INFO - [2023-01-11T01:20:54.427+0000] {dag.py:3340} INFO - Setting next_dagrun for tutorial_dag to None, run_after=None
[2023-01-11T01:20:54.465+0000] {processor.py:176} INFO - Processing /home/airflow/.local/lib/python3.7/site-packages/airflow/example_dags/tutorial_dag.py took 0.173 seconds
[2023-01-11T01:21:24.979+0000] {processor.py:154} INFO - Started process (PID=18786) to work on /home/airflow/.local/lib/python3.7/site-packages/airflow/example_dags/tutorial_dag.py
[2023-01-11T01:21:24.981+0000] {processor.py:756} INFO - Processing file /home/airflow/.local/lib/python3.7/site-packages/airflow/example_dags/tutorial_dag.py for tasks to queue
[2023-01-11T01:21:24.982+0000] {logging_mixin.py:120} INFO - [2023-01-11T01:21:24.982+0000] {dagbag.py:537} INFO - Filling up the DagBag from /home/airflow/.local/lib/python3.7/site-packages/airflow/example_dags/tutorial_dag.py
[2023-01-11T01:21:25.002+0000] {processor.py:766} INFO - DAG(s) dict_keys(['tutorial_dag']) retrieved from /home/airflow/.local/lib/python3.7/site-packages/airflow/example_dags/tutorial_dag.py
[2023-01-11T01:21:25.073+0000] {logging_mixin.py:120} INFO - [2023-01-11T01:21:25.072+0000] {dag.py:2585} INFO - Sync 1 DAGs
[2023-01-11T01:21:25.118+0000] {logging_mixin.py:120} INFO - [2023-01-11T01:21:25.118+0000] {dag.py:3340} INFO - Setting next_dagrun for tutorial_dag to None, run_after=None
[2023-01-11T01:21:25.154+0000] {processor.py:176} INFO - Processing /home/airflow/.local/lib/python3.7/site-packages/airflow/example_dags/tutorial_dag.py took 0.179 seconds
[2023-01-11T01:21:55.629+0000] {processor.py:154} INFO - Started process (PID=18853) to work on /home/airflow/.local/lib/python3.7/site-packages/airflow/example_dags/tutorial_dag.py
[2023-01-11T01:21:55.631+0000] {processor.py:756} INFO - Processing file /home/airflow/.local/lib/python3.7/site-packages/airflow/example_dags/tutorial_dag.py for tasks to queue
[2023-01-11T01:21:55.633+0000] {logging_mixin.py:120} INFO - [2023-01-11T01:21:55.633+0000] {dagbag.py:537} INFO - Filling up the DagBag from /home/airflow/.local/lib/python3.7/site-packages/airflow/example_dags/tutorial_dag.py
[2023-01-11T01:21:55.661+0000] {processor.py:766} INFO - DAG(s) dict_keys(['tutorial_dag']) retrieved from /home/airflow/.local/lib/python3.7/site-packages/airflow/example_dags/tutorial_dag.py
[2023-01-11T01:21:55.753+0000] {logging_mixin.py:120} INFO - [2023-01-11T01:21:55.752+0000] {dag.py:2585} INFO - Sync 1 DAGs
[2023-01-11T01:21:55.799+0000] {logging_mixin.py:120} INFO - [2023-01-11T01:21:55.798+0000] {dag.py:3340} INFO - Setting next_dagrun for tutorial_dag to None, run_after=None
[2023-01-11T01:21:55.828+0000] {processor.py:176} INFO - Processing /home/airflow/.local/lib/python3.7/site-packages/airflow/example_dags/tutorial_dag.py took 0.206 seconds
[2023-01-11T01:22:26.702+0000] {processor.py:154} INFO - Started process (PID=18911) to work on /home/airflow/.local/lib/python3.7/site-packages/airflow/example_dags/tutorial_dag.py
[2023-01-11T01:22:26.703+0000] {processor.py:756} INFO - Processing file /home/airflow/.local/lib/python3.7/site-packages/airflow/example_dags/tutorial_dag.py for tasks to queue
[2023-01-11T01:22:26.705+0000] {logging_mixin.py:120} INFO - [2023-01-11T01:22:26.705+0000] {dagbag.py:537} INFO - Filling up the DagBag from /home/airflow/.local/lib/python3.7/site-packages/airflow/example_dags/tutorial_dag.py
[2023-01-11T01:22:26.737+0000] {processor.py:766} INFO - DAG(s) dict_keys(['tutorial_dag']) retrieved from /home/airflow/.local/lib/python3.7/site-packages/airflow/example_dags/tutorial_dag.py
[2023-01-11T01:22:26.814+0000] {logging_mixin.py:120} INFO - [2023-01-11T01:22:26.813+0000] {dag.py:2585} INFO - Sync 1 DAGs
[2023-01-11T01:22:26.854+0000] {logging_mixin.py:120} INFO - [2023-01-11T01:22:26.854+0000] {dag.py:3340} INFO - Setting next_dagrun for tutorial_dag to None, run_after=None
[2023-01-11T01:22:26.886+0000] {processor.py:176} INFO - Processing /home/airflow/.local/lib/python3.7/site-packages/airflow/example_dags/tutorial_dag.py took 0.189 seconds
[2023-01-11T01:22:57.253+0000] {processor.py:154} INFO - Started process (PID=18978) to work on /home/airflow/.local/lib/python3.7/site-packages/airflow/example_dags/tutorial_dag.py
[2023-01-11T01:22:57.255+0000] {processor.py:756} INFO - Processing file /home/airflow/.local/lib/python3.7/site-packages/airflow/example_dags/tutorial_dag.py for tasks to queue
[2023-01-11T01:22:57.257+0000] {logging_mixin.py:120} INFO - [2023-01-11T01:22:57.256+0000] {dagbag.py:537} INFO - Filling up the DagBag from /home/airflow/.local/lib/python3.7/site-packages/airflow/example_dags/tutorial_dag.py
[2023-01-11T01:22:57.293+0000] {processor.py:766} INFO - DAG(s) dict_keys(['tutorial_dag']) retrieved from /home/airflow/.local/lib/python3.7/site-packages/airflow/example_dags/tutorial_dag.py
[2023-01-11T01:22:57.455+0000] {logging_mixin.py:120} INFO - [2023-01-11T01:22:57.454+0000] {dag.py:2585} INFO - Sync 1 DAGs
[2023-01-11T01:22:57.529+0000] {logging_mixin.py:120} INFO - [2023-01-11T01:22:57.529+0000] {dag.py:3340} INFO - Setting next_dagrun for tutorial_dag to None, run_after=None
[2023-01-11T01:22:57.582+0000] {processor.py:176} INFO - Processing /home/airflow/.local/lib/python3.7/site-packages/airflow/example_dags/tutorial_dag.py took 0.334 seconds
[2023-01-11T01:23:28.356+0000] {processor.py:154} INFO - Started process (PID=19036) to work on /home/airflow/.local/lib/python3.7/site-packages/airflow/example_dags/tutorial_dag.py
[2023-01-11T01:23:28.358+0000] {processor.py:756} INFO - Processing file /home/airflow/.local/lib/python3.7/site-packages/airflow/example_dags/tutorial_dag.py for tasks to queue
[2023-01-11T01:23:28.359+0000] {logging_mixin.py:120} INFO - [2023-01-11T01:23:28.359+0000] {dagbag.py:537} INFO - Filling up the DagBag from /home/airflow/.local/lib/python3.7/site-packages/airflow/example_dags/tutorial_dag.py
[2023-01-11T01:23:28.379+0000] {processor.py:766} INFO - DAG(s) dict_keys(['tutorial_dag']) retrieved from /home/airflow/.local/lib/python3.7/site-packages/airflow/example_dags/tutorial_dag.py
[2023-01-11T01:23:28.449+0000] {logging_mixin.py:120} INFO - [2023-01-11T01:23:28.448+0000] {dag.py:2585} INFO - Sync 1 DAGs
[2023-01-11T01:23:28.486+0000] {logging_mixin.py:120} INFO - [2023-01-11T01:23:28.486+0000] {dag.py:3340} INFO - Setting next_dagrun for tutorial_dag to None, run_after=None
[2023-01-11T01:23:28.530+0000] {processor.py:176} INFO - Processing /home/airflow/.local/lib/python3.7/site-packages/airflow/example_dags/tutorial_dag.py took 0.178 seconds
[2023-01-11T01:23:59.290+0000] {processor.py:154} INFO - Started process (PID=19103) to work on /home/airflow/.local/lib/python3.7/site-packages/airflow/example_dags/tutorial_dag.py
[2023-01-11T01:23:59.292+0000] {processor.py:756} INFO - Processing file /home/airflow/.local/lib/python3.7/site-packages/airflow/example_dags/tutorial_dag.py for tasks to queue
[2023-01-11T01:23:59.294+0000] {logging_mixin.py:120} INFO - [2023-01-11T01:23:59.294+0000] {dagbag.py:537} INFO - Filling up the DagBag from /home/airflow/.local/lib/python3.7/site-packages/airflow/example_dags/tutorial_dag.py
[2023-01-11T01:23:59.334+0000] {processor.py:766} INFO - DAG(s) dict_keys(['tutorial_dag']) retrieved from /home/airflow/.local/lib/python3.7/site-packages/airflow/example_dags/tutorial_dag.py
[2023-01-11T01:23:59.454+0000] {logging_mixin.py:120} INFO - [2023-01-11T01:23:59.454+0000] {dag.py:2585} INFO - Sync 1 DAGs
[2023-01-11T01:23:59.556+0000] {logging_mixin.py:120} INFO - [2023-01-11T01:23:59.555+0000] {dag.py:3340} INFO - Setting next_dagrun for tutorial_dag to None, run_after=None
[2023-01-11T01:23:59.619+0000] {processor.py:176} INFO - Processing /home/airflow/.local/lib/python3.7/site-packages/airflow/example_dags/tutorial_dag.py took 0.339 seconds
[2023-01-11T01:24:29.859+0000] {processor.py:154} INFO - Started process (PID=19161) to work on /home/airflow/.local/lib/python3.7/site-packages/airflow/example_dags/tutorial_dag.py
[2023-01-11T01:24:29.860+0000] {processor.py:756} INFO - Processing file /home/airflow/.local/lib/python3.7/site-packages/airflow/example_dags/tutorial_dag.py for tasks to queue
[2023-01-11T01:24:29.863+0000] {logging_mixin.py:120} INFO - [2023-01-11T01:24:29.863+0000] {dagbag.py:537} INFO - Filling up the DagBag from /home/airflow/.local/lib/python3.7/site-packages/airflow/example_dags/tutorial_dag.py
[2023-01-11T01:24:29.895+0000] {processor.py:766} INFO - DAG(s) dict_keys(['tutorial_dag']) retrieved from /home/airflow/.local/lib/python3.7/site-packages/airflow/example_dags/tutorial_dag.py
[2023-01-11T01:24:29.983+0000] {logging_mixin.py:120} INFO - [2023-01-11T01:24:29.983+0000] {dag.py:2585} INFO - Sync 1 DAGs
[2023-01-11T01:24:30.051+0000] {logging_mixin.py:120} INFO - [2023-01-11T01:24:30.051+0000] {dag.py:3340} INFO - Setting next_dagrun for tutorial_dag to None, run_after=None
[2023-01-11T01:24:30.106+0000] {processor.py:176} INFO - Processing /home/airflow/.local/lib/python3.7/site-packages/airflow/example_dags/tutorial_dag.py took 0.255 seconds
[2023-01-11T01:25:00.269+0000] {processor.py:154} INFO - Started process (PID=19229) to work on /home/airflow/.local/lib/python3.7/site-packages/airflow/example_dags/tutorial_dag.py
[2023-01-11T01:25:00.271+0000] {processor.py:756} INFO - Processing file /home/airflow/.local/lib/python3.7/site-packages/airflow/example_dags/tutorial_dag.py for tasks to queue
[2023-01-11T01:25:00.273+0000] {logging_mixin.py:120} INFO - [2023-01-11T01:25:00.273+0000] {dagbag.py:537} INFO - Filling up the DagBag from /home/airflow/.local/lib/python3.7/site-packages/airflow/example_dags/tutorial_dag.py
[2023-01-11T01:25:00.306+0000] {processor.py:766} INFO - DAG(s) dict_keys(['tutorial_dag']) retrieved from /home/airflow/.local/lib/python3.7/site-packages/airflow/example_dags/tutorial_dag.py
[2023-01-11T01:25:00.412+0000] {logging_mixin.py:120} INFO - [2023-01-11T01:25:00.411+0000] {dag.py:2585} INFO - Sync 1 DAGs
[2023-01-11T01:25:00.481+0000] {logging_mixin.py:120} INFO - [2023-01-11T01:25:00.480+0000] {dag.py:3340} INFO - Setting next_dagrun for tutorial_dag to None, run_after=None
[2023-01-11T01:25:00.532+0000] {processor.py:176} INFO - Processing /home/airflow/.local/lib/python3.7/site-packages/airflow/example_dags/tutorial_dag.py took 0.275 seconds
[2023-01-11T01:25:30.605+0000] {processor.py:154} INFO - Started process (PID=19287) to work on /home/airflow/.local/lib/python3.7/site-packages/airflow/example_dags/tutorial_dag.py
[2023-01-11T01:25:30.606+0000] {processor.py:756} INFO - Processing file /home/airflow/.local/lib/python3.7/site-packages/airflow/example_dags/tutorial_dag.py for tasks to queue
[2023-01-11T01:25:30.607+0000] {logging_mixin.py:120} INFO - [2023-01-11T01:25:30.606+0000] {dagbag.py:537} INFO - Filling up the DagBag from /home/airflow/.local/lib/python3.7/site-packages/airflow/example_dags/tutorial_dag.py
[2023-01-11T01:25:30.621+0000] {processor.py:766} INFO - DAG(s) dict_keys(['tutorial_dag']) retrieved from /home/airflow/.local/lib/python3.7/site-packages/airflow/example_dags/tutorial_dag.py
[2023-01-11T01:25:30.664+0000] {logging_mixin.py:120} INFO - [2023-01-11T01:25:30.664+0000] {dag.py:2585} INFO - Sync 1 DAGs
[2023-01-11T01:25:30.695+0000] {logging_mixin.py:120} INFO - [2023-01-11T01:25:30.694+0000] {dag.py:3340} INFO - Setting next_dagrun for tutorial_dag to None, run_after=None
[2023-01-11T01:25:30.721+0000] {processor.py:176} INFO - Processing /home/airflow/.local/lib/python3.7/site-packages/airflow/example_dags/tutorial_dag.py took 0.120 seconds
[2023-01-11T01:26:00.976+0000] {processor.py:154} INFO - Started process (PID=19345) to work on /home/airflow/.local/lib/python3.7/site-packages/airflow/example_dags/tutorial_dag.py
[2023-01-11T01:26:00.979+0000] {processor.py:756} INFO - Processing file /home/airflow/.local/lib/python3.7/site-packages/airflow/example_dags/tutorial_dag.py for tasks to queue
[2023-01-11T01:26:00.981+0000] {logging_mixin.py:120} INFO - [2023-01-11T01:26:00.981+0000] {dagbag.py:537} INFO - Filling up the DagBag from /home/airflow/.local/lib/python3.7/site-packages/airflow/example_dags/tutorial_dag.py
[2023-01-11T01:26:01.009+0000] {processor.py:766} INFO - DAG(s) dict_keys(['tutorial_dag']) retrieved from /home/airflow/.local/lib/python3.7/site-packages/airflow/example_dags/tutorial_dag.py
[2023-01-11T01:26:01.116+0000] {logging_mixin.py:120} INFO - [2023-01-11T01:26:01.116+0000] {dag.py:2585} INFO - Sync 1 DAGs
[2023-01-11T01:26:01.195+0000] {logging_mixin.py:120} INFO - [2023-01-11T01:26:01.194+0000] {dag.py:3340} INFO - Setting next_dagrun for tutorial_dag to None, run_after=None
[2023-01-11T01:26:01.253+0000] {processor.py:176} INFO - Processing /home/airflow/.local/lib/python3.7/site-packages/airflow/example_dags/tutorial_dag.py took 0.288 seconds
[2023-01-11T01:26:31.554+0000] {processor.py:154} INFO - Started process (PID=19412) to work on /home/airflow/.local/lib/python3.7/site-packages/airflow/example_dags/tutorial_dag.py
[2023-01-11T01:26:31.556+0000] {processor.py:756} INFO - Processing file /home/airflow/.local/lib/python3.7/site-packages/airflow/example_dags/tutorial_dag.py for tasks to queue
[2023-01-11T01:26:31.559+0000] {logging_mixin.py:120} INFO - [2023-01-11T01:26:31.558+0000] {dagbag.py:537} INFO - Filling up the DagBag from /home/airflow/.local/lib/python3.7/site-packages/airflow/example_dags/tutorial_dag.py
[2023-01-11T01:26:31.601+0000] {processor.py:766} INFO - DAG(s) dict_keys(['tutorial_dag']) retrieved from /home/airflow/.local/lib/python3.7/site-packages/airflow/example_dags/tutorial_dag.py
[2023-01-11T01:26:31.678+0000] {logging_mixin.py:120} INFO - [2023-01-11T01:26:31.678+0000] {dag.py:2585} INFO - Sync 1 DAGs
[2023-01-11T01:26:31.724+0000] {logging_mixin.py:120} INFO - [2023-01-11T01:26:31.724+0000] {dag.py:3340} INFO - Setting next_dagrun for tutorial_dag to None, run_after=None
[2023-01-11T01:26:31.765+0000] {processor.py:176} INFO - Processing /home/airflow/.local/lib/python3.7/site-packages/airflow/example_dags/tutorial_dag.py took 0.223 seconds
[2023-01-11T01:27:02.024+0000] {processor.py:154} INFO - Started process (PID=19470) to work on /home/airflow/.local/lib/python3.7/site-packages/airflow/example_dags/tutorial_dag.py
[2023-01-11T01:27:02.026+0000] {processor.py:756} INFO - Processing file /home/airflow/.local/lib/python3.7/site-packages/airflow/example_dags/tutorial_dag.py for tasks to queue
[2023-01-11T01:27:02.028+0000] {logging_mixin.py:120} INFO - [2023-01-11T01:27:02.028+0000] {dagbag.py:537} INFO - Filling up the DagBag from /home/airflow/.local/lib/python3.7/site-packages/airflow/example_dags/tutorial_dag.py
[2023-01-11T01:27:02.072+0000] {processor.py:766} INFO - DAG(s) dict_keys(['tutorial_dag']) retrieved from /home/airflow/.local/lib/python3.7/site-packages/airflow/example_dags/tutorial_dag.py
[2023-01-11T01:27:02.162+0000] {logging_mixin.py:120} INFO - [2023-01-11T01:27:02.161+0000] {dag.py:2585} INFO - Sync 1 DAGs
[2023-01-11T01:27:02.218+0000] {logging_mixin.py:120} INFO - [2023-01-11T01:27:02.218+0000] {dag.py:3340} INFO - Setting next_dagrun for tutorial_dag to None, run_after=None
[2023-01-11T01:27:02.264+0000] {processor.py:176} INFO - Processing /home/airflow/.local/lib/python3.7/site-packages/airflow/example_dags/tutorial_dag.py took 0.251 seconds
[2023-01-11T01:27:33.023+0000] {processor.py:154} INFO - Started process (PID=19537) to work on /home/airflow/.local/lib/python3.7/site-packages/airflow/example_dags/tutorial_dag.py
[2023-01-11T01:27:33.026+0000] {processor.py:756} INFO - Processing file /home/airflow/.local/lib/python3.7/site-packages/airflow/example_dags/tutorial_dag.py for tasks to queue
[2023-01-11T01:27:33.030+0000] {logging_mixin.py:120} INFO - [2023-01-11T01:27:33.030+0000] {dagbag.py:537} INFO - Filling up the DagBag from /home/airflow/.local/lib/python3.7/site-packages/airflow/example_dags/tutorial_dag.py
[2023-01-11T01:27:33.064+0000] {processor.py:766} INFO - DAG(s) dict_keys(['tutorial_dag']) retrieved from /home/airflow/.local/lib/python3.7/site-packages/airflow/example_dags/tutorial_dag.py
[2023-01-11T01:27:33.135+0000] {logging_mixin.py:120} INFO - [2023-01-11T01:27:33.135+0000] {dag.py:2585} INFO - Sync 1 DAGs
[2023-01-11T01:27:33.193+0000] {logging_mixin.py:120} INFO - [2023-01-11T01:27:33.193+0000] {dag.py:3340} INFO - Setting next_dagrun for tutorial_dag to None, run_after=None
[2023-01-11T01:27:33.229+0000] {processor.py:176} INFO - Processing /home/airflow/.local/lib/python3.7/site-packages/airflow/example_dags/tutorial_dag.py took 0.217 seconds
[2023-01-11T01:28:03.714+0000] {processor.py:154} INFO - Started process (PID=19604) to work on /home/airflow/.local/lib/python3.7/site-packages/airflow/example_dags/tutorial_dag.py
[2023-01-11T01:28:03.716+0000] {processor.py:756} INFO - Processing file /home/airflow/.local/lib/python3.7/site-packages/airflow/example_dags/tutorial_dag.py for tasks to queue
[2023-01-11T01:28:03.718+0000] {logging_mixin.py:120} INFO - [2023-01-11T01:28:03.718+0000] {dagbag.py:537} INFO - Filling up the DagBag from /home/airflow/.local/lib/python3.7/site-packages/airflow/example_dags/tutorial_dag.py
[2023-01-11T01:28:03.751+0000] {processor.py:766} INFO - DAG(s) dict_keys(['tutorial_dag']) retrieved from /home/airflow/.local/lib/python3.7/site-packages/airflow/example_dags/tutorial_dag.py
[2023-01-11T01:28:03.870+0000] {logging_mixin.py:120} INFO - [2023-01-11T01:28:03.869+0000] {dag.py:2585} INFO - Sync 1 DAGs
[2023-01-11T01:28:03.932+0000] {logging_mixin.py:120} INFO - [2023-01-11T01:28:03.932+0000] {dag.py:3340} INFO - Setting next_dagrun for tutorial_dag to None, run_after=None
[2023-01-11T01:28:03.992+0000] {processor.py:176} INFO - Processing /home/airflow/.local/lib/python3.7/site-packages/airflow/example_dags/tutorial_dag.py took 0.286 seconds
[2023-01-11T01:28:34.301+0000] {processor.py:154} INFO - Started process (PID=19662) to work on /home/airflow/.local/lib/python3.7/site-packages/airflow/example_dags/tutorial_dag.py
[2023-01-11T01:28:34.302+0000] {processor.py:756} INFO - Processing file /home/airflow/.local/lib/python3.7/site-packages/airflow/example_dags/tutorial_dag.py for tasks to queue
[2023-01-11T01:28:34.304+0000] {logging_mixin.py:120} INFO - [2023-01-11T01:28:34.303+0000] {dagbag.py:537} INFO - Filling up the DagBag from /home/airflow/.local/lib/python3.7/site-packages/airflow/example_dags/tutorial_dag.py
[2023-01-11T01:28:34.328+0000] {processor.py:766} INFO - DAG(s) dict_keys(['tutorial_dag']) retrieved from /home/airflow/.local/lib/python3.7/site-packages/airflow/example_dags/tutorial_dag.py
[2023-01-11T01:28:34.407+0000] {logging_mixin.py:120} INFO - [2023-01-11T01:28:34.407+0000] {dag.py:2585} INFO - Sync 1 DAGs
[2023-01-11T01:28:34.448+0000] {logging_mixin.py:120} INFO - [2023-01-11T01:28:34.447+0000] {dag.py:3340} INFO - Setting next_dagrun for tutorial_dag to None, run_after=None
[2023-01-11T01:28:34.478+0000] {processor.py:176} INFO - Processing /home/airflow/.local/lib/python3.7/site-packages/airflow/example_dags/tutorial_dag.py took 0.182 seconds
[2023-01-11T01:29:04.822+0000] {processor.py:154} INFO - Started process (PID=19729) to work on /home/airflow/.local/lib/python3.7/site-packages/airflow/example_dags/tutorial_dag.py
[2023-01-11T01:29:04.824+0000] {processor.py:756} INFO - Processing file /home/airflow/.local/lib/python3.7/site-packages/airflow/example_dags/tutorial_dag.py for tasks to queue
[2023-01-11T01:29:04.826+0000] {logging_mixin.py:120} INFO - [2023-01-11T01:29:04.826+0000] {dagbag.py:537} INFO - Filling up the DagBag from /home/airflow/.local/lib/python3.7/site-packages/airflow/example_dags/tutorial_dag.py
[2023-01-11T01:29:04.855+0000] {processor.py:766} INFO - DAG(s) dict_keys(['tutorial_dag']) retrieved from /home/airflow/.local/lib/python3.7/site-packages/airflow/example_dags/tutorial_dag.py
[2023-01-11T01:29:04.920+0000] {logging_mixin.py:120} INFO - [2023-01-11T01:29:04.920+0000] {dag.py:2585} INFO - Sync 1 DAGs
[2023-01-11T01:29:04.946+0000] {logging_mixin.py:120} INFO - [2023-01-11T01:29:04.946+0000] {dag.py:3340} INFO - Setting next_dagrun for tutorial_dag to None, run_after=None
[2023-01-11T01:29:04.972+0000] {processor.py:176} INFO - Processing /home/airflow/.local/lib/python3.7/site-packages/airflow/example_dags/tutorial_dag.py took 0.155 seconds
[2023-01-11T01:29:35.100+0000] {processor.py:154} INFO - Started process (PID=19786) to work on /home/airflow/.local/lib/python3.7/site-packages/airflow/example_dags/tutorial_dag.py
[2023-01-11T01:29:35.102+0000] {processor.py:756} INFO - Processing file /home/airflow/.local/lib/python3.7/site-packages/airflow/example_dags/tutorial_dag.py for tasks to queue
[2023-01-11T01:29:35.105+0000] {logging_mixin.py:120} INFO - [2023-01-11T01:29:35.104+0000] {dagbag.py:537} INFO - Filling up the DagBag from /home/airflow/.local/lib/python3.7/site-packages/airflow/example_dags/tutorial_dag.py
[2023-01-11T01:29:35.134+0000] {processor.py:766} INFO - DAG(s) dict_keys(['tutorial_dag']) retrieved from /home/airflow/.local/lib/python3.7/site-packages/airflow/example_dags/tutorial_dag.py
[2023-01-11T01:29:35.240+0000] {logging_mixin.py:120} INFO - [2023-01-11T01:29:35.240+0000] {dag.py:2585} INFO - Sync 1 DAGs
[2023-01-11T01:29:35.282+0000] {logging_mixin.py:120} INFO - [2023-01-11T01:29:35.281+0000] {dag.py:3340} INFO - Setting next_dagrun for tutorial_dag to None, run_after=None
[2023-01-11T01:29:35.322+0000] {processor.py:176} INFO - Processing /home/airflow/.local/lib/python3.7/site-packages/airflow/example_dags/tutorial_dag.py took 0.228 seconds
[2023-01-11T01:30:05.910+0000] {processor.py:154} INFO - Started process (PID=19853) to work on /home/airflow/.local/lib/python3.7/site-packages/airflow/example_dags/tutorial_dag.py
[2023-01-11T01:30:05.912+0000] {processor.py:756} INFO - Processing file /home/airflow/.local/lib/python3.7/site-packages/airflow/example_dags/tutorial_dag.py for tasks to queue
[2023-01-11T01:30:05.915+0000] {logging_mixin.py:120} INFO - [2023-01-11T01:30:05.915+0000] {dagbag.py:537} INFO - Filling up the DagBag from /home/airflow/.local/lib/python3.7/site-packages/airflow/example_dags/tutorial_dag.py
[2023-01-11T01:30:05.960+0000] {processor.py:766} INFO - DAG(s) dict_keys(['tutorial_dag']) retrieved from /home/airflow/.local/lib/python3.7/site-packages/airflow/example_dags/tutorial_dag.py
[2023-01-11T01:30:06.028+0000] {logging_mixin.py:120} INFO - [2023-01-11T01:30:06.028+0000] {dag.py:2585} INFO - Sync 1 DAGs
[2023-01-11T01:30:06.063+0000] {logging_mixin.py:120} INFO - [2023-01-11T01:30:06.063+0000] {dag.py:3340} INFO - Setting next_dagrun for tutorial_dag to None, run_after=None
[2023-01-11T01:30:06.091+0000] {processor.py:176} INFO - Processing /home/airflow/.local/lib/python3.7/site-packages/airflow/example_dags/tutorial_dag.py took 0.191 seconds
[2023-01-11T01:30:36.601+0000] {processor.py:154} INFO - Started process (PID=19911) to work on /home/airflow/.local/lib/python3.7/site-packages/airflow/example_dags/tutorial_dag.py
[2023-01-11T01:30:36.603+0000] {processor.py:756} INFO - Processing file /home/airflow/.local/lib/python3.7/site-packages/airflow/example_dags/tutorial_dag.py for tasks to queue
[2023-01-11T01:30:36.605+0000] {logging_mixin.py:120} INFO - [2023-01-11T01:30:36.605+0000] {dagbag.py:537} INFO - Filling up the DagBag from /home/airflow/.local/lib/python3.7/site-packages/airflow/example_dags/tutorial_dag.py
[2023-01-11T01:30:36.647+0000] {processor.py:766} INFO - DAG(s) dict_keys(['tutorial_dag']) retrieved from /home/airflow/.local/lib/python3.7/site-packages/airflow/example_dags/tutorial_dag.py
[2023-01-11T01:30:36.734+0000] {logging_mixin.py:120} INFO - [2023-01-11T01:30:36.733+0000] {dag.py:2585} INFO - Sync 1 DAGs
[2023-01-11T01:30:36.773+0000] {logging_mixin.py:120} INFO - [2023-01-11T01:30:36.773+0000] {dag.py:3340} INFO - Setting next_dagrun for tutorial_dag to None, run_after=None
[2023-01-11T01:30:36.810+0000] {processor.py:176} INFO - Processing /home/airflow/.local/lib/python3.7/site-packages/airflow/example_dags/tutorial_dag.py took 0.218 seconds
[2023-01-11T01:31:06.916+0000] {processor.py:154} INFO - Started process (PID=19978) to work on /home/airflow/.local/lib/python3.7/site-packages/airflow/example_dags/tutorial_dag.py
[2023-01-11T01:31:06.918+0000] {processor.py:756} INFO - Processing file /home/airflow/.local/lib/python3.7/site-packages/airflow/example_dags/tutorial_dag.py for tasks to queue
[2023-01-11T01:31:06.919+0000] {logging_mixin.py:120} INFO - [2023-01-11T01:31:06.919+0000] {dagbag.py:537} INFO - Filling up the DagBag from /home/airflow/.local/lib/python3.7/site-packages/airflow/example_dags/tutorial_dag.py
[2023-01-11T01:31:06.938+0000] {processor.py:766} INFO - DAG(s) dict_keys(['tutorial_dag']) retrieved from /home/airflow/.local/lib/python3.7/site-packages/airflow/example_dags/tutorial_dag.py
[2023-01-11T01:31:06.994+0000] {logging_mixin.py:120} INFO - [2023-01-11T01:31:06.994+0000] {dag.py:2585} INFO - Sync 1 DAGs
[2023-01-11T01:31:07.028+0000] {logging_mixin.py:120} INFO - [2023-01-11T01:31:07.028+0000] {dag.py:3340} INFO - Setting next_dagrun for tutorial_dag to None, run_after=None
[2023-01-11T01:31:07.055+0000] {processor.py:176} INFO - Processing /home/airflow/.local/lib/python3.7/site-packages/airflow/example_dags/tutorial_dag.py took 0.143 seconds
[2023-01-11T01:31:37.131+0000] {processor.py:154} INFO - Started process (PID=20036) to work on /home/airflow/.local/lib/python3.7/site-packages/airflow/example_dags/tutorial_dag.py
[2023-01-11T01:31:37.133+0000] {processor.py:756} INFO - Processing file /home/airflow/.local/lib/python3.7/site-packages/airflow/example_dags/tutorial_dag.py for tasks to queue
[2023-01-11T01:31:37.134+0000] {logging_mixin.py:120} INFO - [2023-01-11T01:31:37.134+0000] {dagbag.py:537} INFO - Filling up the DagBag from /home/airflow/.local/lib/python3.7/site-packages/airflow/example_dags/tutorial_dag.py
[2023-01-11T01:31:37.157+0000] {processor.py:766} INFO - DAG(s) dict_keys(['tutorial_dag']) retrieved from /home/airflow/.local/lib/python3.7/site-packages/airflow/example_dags/tutorial_dag.py
[2023-01-11T01:31:37.228+0000] {logging_mixin.py:120} INFO - [2023-01-11T01:31:37.228+0000] {dag.py:2585} INFO - Sync 1 DAGs
[2023-01-11T01:31:37.269+0000] {logging_mixin.py:120} INFO - [2023-01-11T01:31:37.268+0000] {dag.py:3340} INFO - Setting next_dagrun for tutorial_dag to None, run_after=None
[2023-01-11T01:31:37.297+0000] {processor.py:176} INFO - Processing /home/airflow/.local/lib/python3.7/site-packages/airflow/example_dags/tutorial_dag.py took 0.171 seconds
[2023-01-11T01:32:07.846+0000] {processor.py:154} INFO - Started process (PID=20103) to work on /home/airflow/.local/lib/python3.7/site-packages/airflow/example_dags/tutorial_dag.py
[2023-01-11T01:32:07.847+0000] {processor.py:756} INFO - Processing file /home/airflow/.local/lib/python3.7/site-packages/airflow/example_dags/tutorial_dag.py for tasks to queue
[2023-01-11T01:32:07.849+0000] {logging_mixin.py:120} INFO - [2023-01-11T01:32:07.849+0000] {dagbag.py:537} INFO - Filling up the DagBag from /home/airflow/.local/lib/python3.7/site-packages/airflow/example_dags/tutorial_dag.py
[2023-01-11T01:32:07.877+0000] {processor.py:766} INFO - DAG(s) dict_keys(['tutorial_dag']) retrieved from /home/airflow/.local/lib/python3.7/site-packages/airflow/example_dags/tutorial_dag.py
[2023-01-11T01:32:07.937+0000] {logging_mixin.py:120} INFO - [2023-01-11T01:32:07.937+0000] {dag.py:2585} INFO - Sync 1 DAGs
[2023-01-11T01:32:07.977+0000] {logging_mixin.py:120} INFO - [2023-01-11T01:32:07.977+0000] {dag.py:3340} INFO - Setting next_dagrun for tutorial_dag to None, run_after=None
[2023-01-11T01:32:08.014+0000] {processor.py:176} INFO - Processing /home/airflow/.local/lib/python3.7/site-packages/airflow/example_dags/tutorial_dag.py took 0.175 seconds
[2023-01-11T01:32:38.923+0000] {processor.py:154} INFO - Started process (PID=20161) to work on /home/airflow/.local/lib/python3.7/site-packages/airflow/example_dags/tutorial_dag.py
[2023-01-11T01:32:38.925+0000] {processor.py:756} INFO - Processing file /home/airflow/.local/lib/python3.7/site-packages/airflow/example_dags/tutorial_dag.py for tasks to queue
[2023-01-11T01:32:38.927+0000] {logging_mixin.py:120} INFO - [2023-01-11T01:32:38.927+0000] {dagbag.py:537} INFO - Filling up the DagBag from /home/airflow/.local/lib/python3.7/site-packages/airflow/example_dags/tutorial_dag.py
[2023-01-11T01:32:38.948+0000] {processor.py:766} INFO - DAG(s) dict_keys(['tutorial_dag']) retrieved from /home/airflow/.local/lib/python3.7/site-packages/airflow/example_dags/tutorial_dag.py
[2023-01-11T01:32:39.013+0000] {logging_mixin.py:120} INFO - [2023-01-11T01:32:39.013+0000] {dag.py:2585} INFO - Sync 1 DAGs
[2023-01-11T01:32:39.064+0000] {logging_mixin.py:120} INFO - [2023-01-11T01:32:39.064+0000] {dag.py:3340} INFO - Setting next_dagrun for tutorial_dag to None, run_after=None
[2023-01-11T01:32:39.133+0000] {processor.py:176} INFO - Processing /home/airflow/.local/lib/python3.7/site-packages/airflow/example_dags/tutorial_dag.py took 0.215 seconds
[2023-01-11T01:33:09.242+0000] {processor.py:154} INFO - Started process (PID=20226) to work on /home/airflow/.local/lib/python3.7/site-packages/airflow/example_dags/tutorial_dag.py
[2023-01-11T01:33:09.242+0000] {processor.py:756} INFO - Processing file /home/airflow/.local/lib/python3.7/site-packages/airflow/example_dags/tutorial_dag.py for tasks to queue
[2023-01-11T01:33:09.243+0000] {logging_mixin.py:120} INFO - [2023-01-11T01:33:09.243+0000] {dagbag.py:537} INFO - Filling up the DagBag from /home/airflow/.local/lib/python3.7/site-packages/airflow/example_dags/tutorial_dag.py
[2023-01-11T01:33:09.258+0000] {processor.py:766} INFO - DAG(s) dict_keys(['tutorial_dag']) retrieved from /home/airflow/.local/lib/python3.7/site-packages/airflow/example_dags/tutorial_dag.py
[2023-01-11T01:33:09.315+0000] {logging_mixin.py:120} INFO - [2023-01-11T01:33:09.315+0000] {dag.py:2585} INFO - Sync 1 DAGs
[2023-01-11T01:33:09.341+0000] {logging_mixin.py:120} INFO - [2023-01-11T01:33:09.341+0000] {dag.py:3340} INFO - Setting next_dagrun for tutorial_dag to None, run_after=None
[2023-01-11T01:33:09.371+0000] {processor.py:176} INFO - Processing /home/airflow/.local/lib/python3.7/site-packages/airflow/example_dags/tutorial_dag.py took 0.133 seconds
[2023-01-11T01:33:40.032+0000] {processor.py:154} INFO - Started process (PID=20284) to work on /home/airflow/.local/lib/python3.7/site-packages/airflow/example_dags/tutorial_dag.py
[2023-01-11T01:33:40.034+0000] {processor.py:756} INFO - Processing file /home/airflow/.local/lib/python3.7/site-packages/airflow/example_dags/tutorial_dag.py for tasks to queue
[2023-01-11T01:33:40.035+0000] {logging_mixin.py:120} INFO - [2023-01-11T01:33:40.035+0000] {dagbag.py:537} INFO - Filling up the DagBag from /home/airflow/.local/lib/python3.7/site-packages/airflow/example_dags/tutorial_dag.py
[2023-01-11T01:33:40.060+0000] {processor.py:766} INFO - DAG(s) dict_keys(['tutorial_dag']) retrieved from /home/airflow/.local/lib/python3.7/site-packages/airflow/example_dags/tutorial_dag.py
[2023-01-11T01:33:40.137+0000] {logging_mixin.py:120} INFO - [2023-01-11T01:33:40.137+0000] {dag.py:2585} INFO - Sync 1 DAGs
[2023-01-11T01:33:40.178+0000] {logging_mixin.py:120} INFO - [2023-01-11T01:33:40.178+0000] {dag.py:3340} INFO - Setting next_dagrun for tutorial_dag to None, run_after=None
[2023-01-11T01:33:40.218+0000] {processor.py:176} INFO - Processing /home/airflow/.local/lib/python3.7/site-packages/airflow/example_dags/tutorial_dag.py took 0.192 seconds
[2023-01-11T01:34:10.396+0000] {processor.py:154} INFO - Started process (PID=20351) to work on /home/airflow/.local/lib/python3.7/site-packages/airflow/example_dags/tutorial_dag.py
[2023-01-11T01:34:10.398+0000] {processor.py:756} INFO - Processing file /home/airflow/.local/lib/python3.7/site-packages/airflow/example_dags/tutorial_dag.py for tasks to queue
[2023-01-11T01:34:10.399+0000] {logging_mixin.py:120} INFO - [2023-01-11T01:34:10.399+0000] {dagbag.py:537} INFO - Filling up the DagBag from /home/airflow/.local/lib/python3.7/site-packages/airflow/example_dags/tutorial_dag.py
[2023-01-11T01:34:10.419+0000] {processor.py:766} INFO - DAG(s) dict_keys(['tutorial_dag']) retrieved from /home/airflow/.local/lib/python3.7/site-packages/airflow/example_dags/tutorial_dag.py
[2023-01-11T01:34:10.479+0000] {logging_mixin.py:120} INFO - [2023-01-11T01:34:10.478+0000] {dag.py:2585} INFO - Sync 1 DAGs
[2023-01-11T01:34:10.515+0000] {logging_mixin.py:120} INFO - [2023-01-11T01:34:10.515+0000] {dag.py:3340} INFO - Setting next_dagrun for tutorial_dag to None, run_after=None
[2023-01-11T01:34:10.549+0000] {processor.py:176} INFO - Processing /home/airflow/.local/lib/python3.7/site-packages/airflow/example_dags/tutorial_dag.py took 0.159 seconds
[2023-01-11T01:34:40.958+0000] {processor.py:154} INFO - Started process (PID=20415) to work on /home/airflow/.local/lib/python3.7/site-packages/airflow/example_dags/tutorial_dag.py
[2023-01-11T01:34:40.961+0000] {processor.py:756} INFO - Processing file /home/airflow/.local/lib/python3.7/site-packages/airflow/example_dags/tutorial_dag.py for tasks to queue
[2023-01-11T01:34:40.964+0000] {logging_mixin.py:120} INFO - [2023-01-11T01:34:40.964+0000] {dagbag.py:537} INFO - Filling up the DagBag from /home/airflow/.local/lib/python3.7/site-packages/airflow/example_dags/tutorial_dag.py
[2023-01-11T01:34:41.015+0000] {processor.py:766} INFO - DAG(s) dict_keys(['tutorial_dag']) retrieved from /home/airflow/.local/lib/python3.7/site-packages/airflow/example_dags/tutorial_dag.py
[2023-01-11T01:34:41.128+0000] {logging_mixin.py:120} INFO - [2023-01-11T01:34:41.127+0000] {dag.py:2585} INFO - Sync 1 DAGs
[2023-01-11T01:34:41.202+0000] {logging_mixin.py:120} INFO - [2023-01-11T01:34:41.202+0000] {dag.py:3340} INFO - Setting next_dagrun for tutorial_dag to None, run_after=None
[2023-01-11T01:34:41.259+0000] {processor.py:176} INFO - Processing /home/airflow/.local/lib/python3.7/site-packages/airflow/example_dags/tutorial_dag.py took 0.317 seconds
[2023-01-11T01:35:11.682+0000] {processor.py:154} INFO - Started process (PID=20477) to work on /home/airflow/.local/lib/python3.7/site-packages/airflow/example_dags/tutorial_dag.py
[2023-01-11T01:35:11.684+0000] {processor.py:756} INFO - Processing file /home/airflow/.local/lib/python3.7/site-packages/airflow/example_dags/tutorial_dag.py for tasks to queue
[2023-01-11T01:35:11.685+0000] {logging_mixin.py:120} INFO - [2023-01-11T01:35:11.685+0000] {dagbag.py:537} INFO - Filling up the DagBag from /home/airflow/.local/lib/python3.7/site-packages/airflow/example_dags/tutorial_dag.py
[2023-01-11T01:35:11.707+0000] {processor.py:766} INFO - DAG(s) dict_keys(['tutorial_dag']) retrieved from /home/airflow/.local/lib/python3.7/site-packages/airflow/example_dags/tutorial_dag.py
[2023-01-11T01:35:11.771+0000] {logging_mixin.py:120} INFO - [2023-01-11T01:35:11.771+0000] {dag.py:2585} INFO - Sync 1 DAGs
[2023-01-11T01:35:11.810+0000] {logging_mixin.py:120} INFO - [2023-01-11T01:35:11.809+0000] {dag.py:3340} INFO - Setting next_dagrun for tutorial_dag to None, run_after=None
[2023-01-11T01:35:11.838+0000] {processor.py:176} INFO - Processing /home/airflow/.local/lib/python3.7/site-packages/airflow/example_dags/tutorial_dag.py took 0.161 seconds
[2023-01-11T01:35:42.375+0000] {processor.py:154} INFO - Started process (PID=20545) to work on /home/airflow/.local/lib/python3.7/site-packages/airflow/example_dags/tutorial_dag.py
[2023-01-11T01:35:42.376+0000] {processor.py:756} INFO - Processing file /home/airflow/.local/lib/python3.7/site-packages/airflow/example_dags/tutorial_dag.py for tasks to queue
[2023-01-11T01:35:42.377+0000] {logging_mixin.py:120} INFO - [2023-01-11T01:35:42.377+0000] {dagbag.py:537} INFO - Filling up the DagBag from /home/airflow/.local/lib/python3.7/site-packages/airflow/example_dags/tutorial_dag.py
[2023-01-11T01:35:42.396+0000] {processor.py:766} INFO - DAG(s) dict_keys(['tutorial_dag']) retrieved from /home/airflow/.local/lib/python3.7/site-packages/airflow/example_dags/tutorial_dag.py
[2023-01-11T01:35:42.452+0000] {logging_mixin.py:120} INFO - [2023-01-11T01:35:42.451+0000] {dag.py:2585} INFO - Sync 1 DAGs
[2023-01-11T01:35:42.495+0000] {logging_mixin.py:120} INFO - [2023-01-11T01:35:42.495+0000] {dag.py:3340} INFO - Setting next_dagrun for tutorial_dag to None, run_after=None
[2023-01-11T01:35:42.537+0000] {processor.py:176} INFO - Processing /home/airflow/.local/lib/python3.7/site-packages/airflow/example_dags/tutorial_dag.py took 0.169 seconds
[2023-01-11T01:36:12.983+0000] {processor.py:154} INFO - Started process (PID=20603) to work on /home/airflow/.local/lib/python3.7/site-packages/airflow/example_dags/tutorial_dag.py
[2023-01-11T01:36:12.985+0000] {processor.py:756} INFO - Processing file /home/airflow/.local/lib/python3.7/site-packages/airflow/example_dags/tutorial_dag.py for tasks to queue
[2023-01-11T01:36:12.988+0000] {logging_mixin.py:120} INFO - [2023-01-11T01:36:12.987+0000] {dagbag.py:537} INFO - Filling up the DagBag from /home/airflow/.local/lib/python3.7/site-packages/airflow/example_dags/tutorial_dag.py
[2023-01-11T01:36:13.025+0000] {processor.py:766} INFO - DAG(s) dict_keys(['tutorial_dag']) retrieved from /home/airflow/.local/lib/python3.7/site-packages/airflow/example_dags/tutorial_dag.py
[2023-01-11T01:36:13.129+0000] {logging_mixin.py:120} INFO - [2023-01-11T01:36:13.128+0000] {dag.py:2585} INFO - Sync 1 DAGs
[2023-01-11T01:36:13.183+0000] {logging_mixin.py:120} INFO - [2023-01-11T01:36:13.183+0000] {dag.py:3340} INFO - Setting next_dagrun for tutorial_dag to None, run_after=None
[2023-01-11T01:36:13.227+0000] {processor.py:176} INFO - Processing /home/airflow/.local/lib/python3.7/site-packages/airflow/example_dags/tutorial_dag.py took 0.251 seconds
[2023-01-11T01:36:43.385+0000] {processor.py:154} INFO - Started process (PID=20670) to work on /home/airflow/.local/lib/python3.7/site-packages/airflow/example_dags/tutorial_dag.py
[2023-01-11T01:36:43.386+0000] {processor.py:756} INFO - Processing file /home/airflow/.local/lib/python3.7/site-packages/airflow/example_dags/tutorial_dag.py for tasks to queue
[2023-01-11T01:36:43.387+0000] {logging_mixin.py:120} INFO - [2023-01-11T01:36:43.387+0000] {dagbag.py:537} INFO - Filling up the DagBag from /home/airflow/.local/lib/python3.7/site-packages/airflow/example_dags/tutorial_dag.py
[2023-01-11T01:36:43.413+0000] {processor.py:766} INFO - DAG(s) dict_keys(['tutorial_dag']) retrieved from /home/airflow/.local/lib/python3.7/site-packages/airflow/example_dags/tutorial_dag.py
[2023-01-11T01:36:43.470+0000] {logging_mixin.py:120} INFO - [2023-01-11T01:36:43.470+0000] {dag.py:2585} INFO - Sync 1 DAGs
[2023-01-11T01:36:43.498+0000] {logging_mixin.py:120} INFO - [2023-01-11T01:36:43.498+0000] {dag.py:3340} INFO - Setting next_dagrun for tutorial_dag to None, run_after=None
[2023-01-11T01:36:43.521+0000] {processor.py:176} INFO - Processing /home/airflow/.local/lib/python3.7/site-packages/airflow/example_dags/tutorial_dag.py took 0.141 seconds
[2023-01-11T01:37:14.228+0000] {processor.py:154} INFO - Started process (PID=20728) to work on /home/airflow/.local/lib/python3.7/site-packages/airflow/example_dags/tutorial_dag.py
[2023-01-11T01:37:14.229+0000] {processor.py:756} INFO - Processing file /home/airflow/.local/lib/python3.7/site-packages/airflow/example_dags/tutorial_dag.py for tasks to queue
[2023-01-11T01:37:14.231+0000] {logging_mixin.py:120} INFO - [2023-01-11T01:37:14.231+0000] {dagbag.py:537} INFO - Filling up the DagBag from /home/airflow/.local/lib/python3.7/site-packages/airflow/example_dags/tutorial_dag.py
[2023-01-11T01:37:14.253+0000] {processor.py:766} INFO - DAG(s) dict_keys(['tutorial_dag']) retrieved from /home/airflow/.local/lib/python3.7/site-packages/airflow/example_dags/tutorial_dag.py
[2023-01-11T01:37:14.304+0000] {logging_mixin.py:120} INFO - [2023-01-11T01:37:14.304+0000] {dag.py:2585} INFO - Sync 1 DAGs
[2023-01-11T01:37:14.345+0000] {logging_mixin.py:120} INFO - [2023-01-11T01:37:14.345+0000] {dag.py:3340} INFO - Setting next_dagrun for tutorial_dag to None, run_after=None
[2023-01-11T01:37:14.383+0000] {processor.py:176} INFO - Processing /home/airflow/.local/lib/python3.7/site-packages/airflow/example_dags/tutorial_dag.py took 0.159 seconds
[2023-01-11T01:37:44.564+0000] {processor.py:154} INFO - Started process (PID=20796) to work on /home/airflow/.local/lib/python3.7/site-packages/airflow/example_dags/tutorial_dag.py
[2023-01-11T01:37:44.565+0000] {processor.py:756} INFO - Processing file /home/airflow/.local/lib/python3.7/site-packages/airflow/example_dags/tutorial_dag.py for tasks to queue
[2023-01-11T01:37:44.566+0000] {logging_mixin.py:120} INFO - [2023-01-11T01:37:44.566+0000] {dagbag.py:537} INFO - Filling up the DagBag from /home/airflow/.local/lib/python3.7/site-packages/airflow/example_dags/tutorial_dag.py
[2023-01-11T01:37:44.581+0000] {processor.py:766} INFO - DAG(s) dict_keys(['tutorial_dag']) retrieved from /home/airflow/.local/lib/python3.7/site-packages/airflow/example_dags/tutorial_dag.py
[2023-01-11T01:37:44.626+0000] {logging_mixin.py:120} INFO - [2023-01-11T01:37:44.626+0000] {dag.py:2585} INFO - Sync 1 DAGs
[2023-01-11T01:37:44.653+0000] {logging_mixin.py:120} INFO - [2023-01-11T01:37:44.653+0000] {dag.py:3340} INFO - Setting next_dagrun for tutorial_dag to None, run_after=None
[2023-01-11T01:37:44.680+0000] {processor.py:176} INFO - Processing /home/airflow/.local/lib/python3.7/site-packages/airflow/example_dags/tutorial_dag.py took 0.119 seconds
[2023-01-11T01:38:15.426+0000] {processor.py:154} INFO - Started process (PID=20863) to work on /home/airflow/.local/lib/python3.7/site-packages/airflow/example_dags/tutorial_dag.py
[2023-01-11T01:38:15.428+0000] {processor.py:756} INFO - Processing file /home/airflow/.local/lib/python3.7/site-packages/airflow/example_dags/tutorial_dag.py for tasks to queue
[2023-01-11T01:38:15.431+0000] {logging_mixin.py:120} INFO - [2023-01-11T01:38:15.430+0000] {dagbag.py:537} INFO - Filling up the DagBag from /home/airflow/.local/lib/python3.7/site-packages/airflow/example_dags/tutorial_dag.py
[2023-01-11T01:38:15.486+0000] {processor.py:766} INFO - DAG(s) dict_keys(['tutorial_dag']) retrieved from /home/airflow/.local/lib/python3.7/site-packages/airflow/example_dags/tutorial_dag.py
[2023-01-11T01:38:15.637+0000] {logging_mixin.py:120} INFO - [2023-01-11T01:38:15.637+0000] {dag.py:2585} INFO - Sync 1 DAGs
[2023-01-11T01:38:15.728+0000] {logging_mixin.py:120} INFO - [2023-01-11T01:38:15.728+0000] {dag.py:3340} INFO - Setting next_dagrun for tutorial_dag to None, run_after=None
[2023-01-11T01:38:15.770+0000] {processor.py:176} INFO - Processing /home/airflow/.local/lib/python3.7/site-packages/airflow/example_dags/tutorial_dag.py took 0.351 seconds
[2023-01-11T01:38:46.722+0000] {processor.py:154} INFO - Started process (PID=20923) to work on /home/airflow/.local/lib/python3.7/site-packages/airflow/example_dags/tutorial_dag.py
[2023-01-11T01:38:46.723+0000] {processor.py:756} INFO - Processing file /home/airflow/.local/lib/python3.7/site-packages/airflow/example_dags/tutorial_dag.py for tasks to queue
[2023-01-11T01:38:46.725+0000] {logging_mixin.py:120} INFO - [2023-01-11T01:38:46.724+0000] {dagbag.py:537} INFO - Filling up the DagBag from /home/airflow/.local/lib/python3.7/site-packages/airflow/example_dags/tutorial_dag.py
[2023-01-11T01:38:46.746+0000] {processor.py:766} INFO - DAG(s) dict_keys(['tutorial_dag']) retrieved from /home/airflow/.local/lib/python3.7/site-packages/airflow/example_dags/tutorial_dag.py
[2023-01-11T01:38:46.803+0000] {logging_mixin.py:120} INFO - [2023-01-11T01:38:46.802+0000] {dag.py:2585} INFO - Sync 1 DAGs
[2023-01-11T01:38:46.834+0000] {logging_mixin.py:120} INFO - [2023-01-11T01:38:46.833+0000] {dag.py:3340} INFO - Setting next_dagrun for tutorial_dag to None, run_after=None
[2023-01-11T01:38:46.858+0000] {processor.py:176} INFO - Processing /home/airflow/.local/lib/python3.7/site-packages/airflow/example_dags/tutorial_dag.py took 0.139 seconds
[2023-01-11T01:39:17.306+0000] {processor.py:154} INFO - Started process (PID=20990) to work on /home/airflow/.local/lib/python3.7/site-packages/airflow/example_dags/tutorial_dag.py
[2023-01-11T01:39:17.308+0000] {processor.py:756} INFO - Processing file /home/airflow/.local/lib/python3.7/site-packages/airflow/example_dags/tutorial_dag.py for tasks to queue
[2023-01-11T01:39:17.311+0000] {logging_mixin.py:120} INFO - [2023-01-11T01:39:17.310+0000] {dagbag.py:537} INFO - Filling up the DagBag from /home/airflow/.local/lib/python3.7/site-packages/airflow/example_dags/tutorial_dag.py
[2023-01-11T01:39:17.348+0000] {processor.py:766} INFO - DAG(s) dict_keys(['tutorial_dag']) retrieved from /home/airflow/.local/lib/python3.7/site-packages/airflow/example_dags/tutorial_dag.py
[2023-01-11T01:39:17.409+0000] {logging_mixin.py:120} INFO - [2023-01-11T01:39:17.409+0000] {dag.py:2585} INFO - Sync 1 DAGs
[2023-01-11T01:39:17.458+0000] {logging_mixin.py:120} INFO - [2023-01-11T01:39:17.458+0000] {dag.py:3340} INFO - Setting next_dagrun for tutorial_dag to None, run_after=None
[2023-01-11T01:39:17.502+0000] {processor.py:176} INFO - Processing /home/airflow/.local/lib/python3.7/site-packages/airflow/example_dags/tutorial_dag.py took 0.204 seconds
[2023-01-11T01:39:48.094+0000] {processor.py:154} INFO - Started process (PID=21048) to work on /home/airflow/.local/lib/python3.7/site-packages/airflow/example_dags/tutorial_dag.py
[2023-01-11T01:39:48.095+0000] {processor.py:756} INFO - Processing file /home/airflow/.local/lib/python3.7/site-packages/airflow/example_dags/tutorial_dag.py for tasks to queue
[2023-01-11T01:39:48.096+0000] {logging_mixin.py:120} INFO - [2023-01-11T01:39:48.096+0000] {dagbag.py:537} INFO - Filling up the DagBag from /home/airflow/.local/lib/python3.7/site-packages/airflow/example_dags/tutorial_dag.py
[2023-01-11T01:39:48.114+0000] {processor.py:766} INFO - DAG(s) dict_keys(['tutorial_dag']) retrieved from /home/airflow/.local/lib/python3.7/site-packages/airflow/example_dags/tutorial_dag.py
[2023-01-11T01:39:48.157+0000] {logging_mixin.py:120} INFO - [2023-01-11T01:39:48.157+0000] {dag.py:2585} INFO - Sync 1 DAGs
[2023-01-11T01:39:48.181+0000] {logging_mixin.py:120} INFO - [2023-01-11T01:39:48.180+0000] {dag.py:3340} INFO - Setting next_dagrun for tutorial_dag to None, run_after=None
[2023-01-11T01:39:48.217+0000] {processor.py:176} INFO - Processing /home/airflow/.local/lib/python3.7/site-packages/airflow/example_dags/tutorial_dag.py took 0.127 seconds
[2023-01-11T01:40:19.076+0000] {processor.py:154} INFO - Started process (PID=21115) to work on /home/airflow/.local/lib/python3.7/site-packages/airflow/example_dags/tutorial_dag.py
[2023-01-11T01:40:19.078+0000] {processor.py:756} INFO - Processing file /home/airflow/.local/lib/python3.7/site-packages/airflow/example_dags/tutorial_dag.py for tasks to queue
[2023-01-11T01:40:19.079+0000] {logging_mixin.py:120} INFO - [2023-01-11T01:40:19.079+0000] {dagbag.py:537} INFO - Filling up the DagBag from /home/airflow/.local/lib/python3.7/site-packages/airflow/example_dags/tutorial_dag.py
[2023-01-11T01:40:19.101+0000] {processor.py:766} INFO - DAG(s) dict_keys(['tutorial_dag']) retrieved from /home/airflow/.local/lib/python3.7/site-packages/airflow/example_dags/tutorial_dag.py
[2023-01-11T01:40:19.174+0000] {logging_mixin.py:120} INFO - [2023-01-11T01:40:19.174+0000] {dag.py:2585} INFO - Sync 1 DAGs
[2023-01-11T01:40:19.220+0000] {logging_mixin.py:120} INFO - [2023-01-11T01:40:19.220+0000] {dag.py:3340} INFO - Setting next_dagrun for tutorial_dag to None, run_after=None
[2023-01-11T01:40:19.272+0000] {processor.py:176} INFO - Processing /home/airflow/.local/lib/python3.7/site-packages/airflow/example_dags/tutorial_dag.py took 0.201 seconds
[2023-01-11T01:40:49.631+0000] {processor.py:154} INFO - Started process (PID=21182) to work on /home/airflow/.local/lib/python3.7/site-packages/airflow/example_dags/tutorial_dag.py
[2023-01-11T01:40:49.632+0000] {processor.py:756} INFO - Processing file /home/airflow/.local/lib/python3.7/site-packages/airflow/example_dags/tutorial_dag.py for tasks to queue
[2023-01-11T01:40:49.633+0000] {logging_mixin.py:120} INFO - [2023-01-11T01:40:49.633+0000] {dagbag.py:537} INFO - Filling up the DagBag from /home/airflow/.local/lib/python3.7/site-packages/airflow/example_dags/tutorial_dag.py
[2023-01-11T01:40:49.648+0000] {processor.py:766} INFO - DAG(s) dict_keys(['tutorial_dag']) retrieved from /home/airflow/.local/lib/python3.7/site-packages/airflow/example_dags/tutorial_dag.py
[2023-01-11T01:40:49.696+0000] {logging_mixin.py:120} INFO - [2023-01-11T01:40:49.696+0000] {dag.py:2585} INFO - Sync 1 DAGs
[2023-01-11T01:40:49.721+0000] {logging_mixin.py:120} INFO - [2023-01-11T01:40:49.721+0000] {dag.py:3340} INFO - Setting next_dagrun for tutorial_dag to None, run_after=None
[2023-01-11T01:40:49.759+0000] {processor.py:176} INFO - Processing /home/airflow/.local/lib/python3.7/site-packages/airflow/example_dags/tutorial_dag.py took 0.131 seconds
[2023-01-11T01:41:20.031+0000] {processor.py:154} INFO - Started process (PID=21240) to work on /home/airflow/.local/lib/python3.7/site-packages/airflow/example_dags/tutorial_dag.py
[2023-01-11T01:41:20.032+0000] {processor.py:756} INFO - Processing file /home/airflow/.local/lib/python3.7/site-packages/airflow/example_dags/tutorial_dag.py for tasks to queue
[2023-01-11T01:41:20.034+0000] {logging_mixin.py:120} INFO - [2023-01-11T01:41:20.034+0000] {dagbag.py:537} INFO - Filling up the DagBag from /home/airflow/.local/lib/python3.7/site-packages/airflow/example_dags/tutorial_dag.py
[2023-01-11T01:41:20.060+0000] {processor.py:766} INFO - DAG(s) dict_keys(['tutorial_dag']) retrieved from /home/airflow/.local/lib/python3.7/site-packages/airflow/example_dags/tutorial_dag.py
[2023-01-11T01:41:20.131+0000] {logging_mixin.py:120} INFO - [2023-01-11T01:41:20.131+0000] {dag.py:2585} INFO - Sync 1 DAGs
[2023-01-11T01:41:20.176+0000] {logging_mixin.py:120} INFO - [2023-01-11T01:41:20.176+0000] {dag.py:3340} INFO - Setting next_dagrun for tutorial_dag to None, run_after=None
[2023-01-11T01:41:20.246+0000] {processor.py:176} INFO - Processing /home/airflow/.local/lib/python3.7/site-packages/airflow/example_dags/tutorial_dag.py took 0.219 seconds
[2023-01-11T01:41:50.529+0000] {processor.py:154} INFO - Started process (PID=21307) to work on /home/airflow/.local/lib/python3.7/site-packages/airflow/example_dags/tutorial_dag.py
[2023-01-11T01:41:50.530+0000] {processor.py:756} INFO - Processing file /home/airflow/.local/lib/python3.7/site-packages/airflow/example_dags/tutorial_dag.py for tasks to queue
[2023-01-11T01:41:50.531+0000] {logging_mixin.py:120} INFO - [2023-01-11T01:41:50.531+0000] {dagbag.py:537} INFO - Filling up the DagBag from /home/airflow/.local/lib/python3.7/site-packages/airflow/example_dags/tutorial_dag.py
[2023-01-11T01:41:50.553+0000] {processor.py:766} INFO - DAG(s) dict_keys(['tutorial_dag']) retrieved from /home/airflow/.local/lib/python3.7/site-packages/airflow/example_dags/tutorial_dag.py
[2023-01-11T01:41:50.606+0000] {logging_mixin.py:120} INFO - [2023-01-11T01:41:50.606+0000] {dag.py:2585} INFO - Sync 1 DAGs
[2023-01-11T01:41:50.636+0000] {logging_mixin.py:120} INFO - [2023-01-11T01:41:50.635+0000] {dag.py:3340} INFO - Setting next_dagrun for tutorial_dag to None, run_after=None
[2023-01-11T01:41:50.677+0000] {processor.py:176} INFO - Processing /home/airflow/.local/lib/python3.7/site-packages/airflow/example_dags/tutorial_dag.py took 0.152 seconds
[2023-01-11T01:42:20.797+0000] {processor.py:154} INFO - Started process (PID=21372) to work on /home/airflow/.local/lib/python3.7/site-packages/airflow/example_dags/tutorial_dag.py
[2023-01-11T01:42:20.799+0000] {processor.py:756} INFO - Processing file /home/airflow/.local/lib/python3.7/site-packages/airflow/example_dags/tutorial_dag.py for tasks to queue
[2023-01-11T01:42:20.801+0000] {logging_mixin.py:120} INFO - [2023-01-11T01:42:20.800+0000] {dagbag.py:537} INFO - Filling up the DagBag from /home/airflow/.local/lib/python3.7/site-packages/airflow/example_dags/tutorial_dag.py
[2023-01-11T01:42:20.824+0000] {processor.py:766} INFO - DAG(s) dict_keys(['tutorial_dag']) retrieved from /home/airflow/.local/lib/python3.7/site-packages/airflow/example_dags/tutorial_dag.py
[2023-01-11T01:42:20.888+0000] {logging_mixin.py:120} INFO - [2023-01-11T01:42:20.888+0000] {dag.py:2585} INFO - Sync 1 DAGs
[2023-01-11T01:42:20.934+0000] {logging_mixin.py:120} INFO - [2023-01-11T01:42:20.934+0000] {dag.py:3340} INFO - Setting next_dagrun for tutorial_dag to None, run_after=None
[2023-01-11T01:42:20.975+0000] {processor.py:176} INFO - Processing /home/airflow/.local/lib/python3.7/site-packages/airflow/example_dags/tutorial_dag.py took 0.184 seconds
[2023-01-11T01:42:51.907+0000] {processor.py:154} INFO - Started process (PID=21433) to work on /home/airflow/.local/lib/python3.7/site-packages/airflow/example_dags/tutorial_dag.py
[2023-01-11T01:42:51.908+0000] {processor.py:756} INFO - Processing file /home/airflow/.local/lib/python3.7/site-packages/airflow/example_dags/tutorial_dag.py for tasks to queue
[2023-01-11T01:42:51.909+0000] {logging_mixin.py:120} INFO - [2023-01-11T01:42:51.909+0000] {dagbag.py:537} INFO - Filling up the DagBag from /home/airflow/.local/lib/python3.7/site-packages/airflow/example_dags/tutorial_dag.py
[2023-01-11T01:42:51.930+0000] {processor.py:766} INFO - DAG(s) dict_keys(['tutorial_dag']) retrieved from /home/airflow/.local/lib/python3.7/site-packages/airflow/example_dags/tutorial_dag.py
[2023-01-11T01:42:51.980+0000] {logging_mixin.py:120} INFO - [2023-01-11T01:42:51.980+0000] {dag.py:2585} INFO - Sync 1 DAGs
[2023-01-11T01:42:52.016+0000] {logging_mixin.py:120} INFO - [2023-01-11T01:42:52.016+0000] {dag.py:3340} INFO - Setting next_dagrun for tutorial_dag to None, run_after=None
[2023-01-11T01:42:52.042+0000] {processor.py:176} INFO - Processing /home/airflow/.local/lib/python3.7/site-packages/airflow/example_dags/tutorial_dag.py took 0.142 seconds
[2023-01-11T01:43:23.008+0000] {processor.py:154} INFO - Started process (PID=21500) to work on /home/airflow/.local/lib/python3.7/site-packages/airflow/example_dags/tutorial_dag.py
[2023-01-11T01:43:23.009+0000] {processor.py:756} INFO - Processing file /home/airflow/.local/lib/python3.7/site-packages/airflow/example_dags/tutorial_dag.py for tasks to queue
[2023-01-11T01:43:23.011+0000] {logging_mixin.py:120} INFO - [2023-01-11T01:43:23.010+0000] {dagbag.py:537} INFO - Filling up the DagBag from /home/airflow/.local/lib/python3.7/site-packages/airflow/example_dags/tutorial_dag.py
[2023-01-11T01:43:23.032+0000] {processor.py:766} INFO - DAG(s) dict_keys(['tutorial_dag']) retrieved from /home/airflow/.local/lib/python3.7/site-packages/airflow/example_dags/tutorial_dag.py
[2023-01-11T01:43:23.077+0000] {logging_mixin.py:120} INFO - [2023-01-11T01:43:23.077+0000] {dag.py:2585} INFO - Sync 1 DAGs
[2023-01-11T01:43:23.102+0000] {logging_mixin.py:120} INFO - [2023-01-11T01:43:23.102+0000] {dag.py:3340} INFO - Setting next_dagrun for tutorial_dag to None, run_after=None
[2023-01-11T01:43:23.125+0000] {processor.py:176} INFO - Processing /home/airflow/.local/lib/python3.7/site-packages/airflow/example_dags/tutorial_dag.py took 0.121 seconds
[2023-01-11T01:43:53.514+0000] {processor.py:154} INFO - Started process (PID=21567) to work on /home/airflow/.local/lib/python3.7/site-packages/airflow/example_dags/tutorial_dag.py
[2023-01-11T01:43:53.515+0000] {processor.py:756} INFO - Processing file /home/airflow/.local/lib/python3.7/site-packages/airflow/example_dags/tutorial_dag.py for tasks to queue
[2023-01-11T01:43:53.516+0000] {logging_mixin.py:120} INFO - [2023-01-11T01:43:53.516+0000] {dagbag.py:537} INFO - Filling up the DagBag from /home/airflow/.local/lib/python3.7/site-packages/airflow/example_dags/tutorial_dag.py
[2023-01-11T01:43:53.534+0000] {processor.py:766} INFO - DAG(s) dict_keys(['tutorial_dag']) retrieved from /home/airflow/.local/lib/python3.7/site-packages/airflow/example_dags/tutorial_dag.py
[2023-01-11T01:43:53.600+0000] {logging_mixin.py:120} INFO - [2023-01-11T01:43:53.600+0000] {dag.py:2585} INFO - Sync 1 DAGs
[2023-01-11T01:43:53.644+0000] {logging_mixin.py:120} INFO - [2023-01-11T01:43:53.643+0000] {dag.py:3340} INFO - Setting next_dagrun for tutorial_dag to None, run_after=None
[2023-01-11T01:43:53.685+0000] {processor.py:176} INFO - Processing /home/airflow/.local/lib/python3.7/site-packages/airflow/example_dags/tutorial_dag.py took 0.176 seconds
[2023-01-11T01:44:24.089+0000] {processor.py:154} INFO - Started process (PID=21625) to work on /home/airflow/.local/lib/python3.7/site-packages/airflow/example_dags/tutorial_dag.py
[2023-01-11T01:44:24.090+0000] {processor.py:756} INFO - Processing file /home/airflow/.local/lib/python3.7/site-packages/airflow/example_dags/tutorial_dag.py for tasks to queue
[2023-01-11T01:44:24.091+0000] {logging_mixin.py:120} INFO - [2023-01-11T01:44:24.091+0000] {dagbag.py:537} INFO - Filling up the DagBag from /home/airflow/.local/lib/python3.7/site-packages/airflow/example_dags/tutorial_dag.py
[2023-01-11T01:44:24.106+0000] {processor.py:766} INFO - DAG(s) dict_keys(['tutorial_dag']) retrieved from /home/airflow/.local/lib/python3.7/site-packages/airflow/example_dags/tutorial_dag.py
[2023-01-11T01:44:24.153+0000] {logging_mixin.py:120} INFO - [2023-01-11T01:44:24.153+0000] {dag.py:2585} INFO - Sync 1 DAGs
[2023-01-11T01:44:24.186+0000] {logging_mixin.py:120} INFO - [2023-01-11T01:44:24.186+0000] {dag.py:3340} INFO - Setting next_dagrun for tutorial_dag to None, run_after=None
[2023-01-11T01:44:24.222+0000] {processor.py:176} INFO - Processing /home/airflow/.local/lib/python3.7/site-packages/airflow/example_dags/tutorial_dag.py took 0.137 seconds
[2023-01-11T01:44:54.506+0000] {processor.py:154} INFO - Started process (PID=21692) to work on /home/airflow/.local/lib/python3.7/site-packages/airflow/example_dags/tutorial_dag.py
[2023-01-11T01:44:54.507+0000] {processor.py:756} INFO - Processing file /home/airflow/.local/lib/python3.7/site-packages/airflow/example_dags/tutorial_dag.py for tasks to queue
[2023-01-11T01:44:54.508+0000] {logging_mixin.py:120} INFO - [2023-01-11T01:44:54.508+0000] {dagbag.py:537} INFO - Filling up the DagBag from /home/airflow/.local/lib/python3.7/site-packages/airflow/example_dags/tutorial_dag.py
[2023-01-11T01:44:54.524+0000] {processor.py:766} INFO - DAG(s) dict_keys(['tutorial_dag']) retrieved from /home/airflow/.local/lib/python3.7/site-packages/airflow/example_dags/tutorial_dag.py
[2023-01-11T01:44:54.577+0000] {logging_mixin.py:120} INFO - [2023-01-11T01:44:54.576+0000] {dag.py:2585} INFO - Sync 1 DAGs
[2023-01-11T01:44:54.612+0000] {logging_mixin.py:120} INFO - [2023-01-11T01:44:54.612+0000] {dag.py:3340} INFO - Setting next_dagrun for tutorial_dag to None, run_after=None
[2023-01-11T01:44:54.640+0000] {processor.py:176} INFO - Processing /home/airflow/.local/lib/python3.7/site-packages/airflow/example_dags/tutorial_dag.py took 0.138 seconds
[2023-01-11T01:45:24.971+0000] {processor.py:154} INFO - Started process (PID=21759) to work on /home/airflow/.local/lib/python3.7/site-packages/airflow/example_dags/tutorial_dag.py
[2023-01-11T01:45:24.972+0000] {processor.py:756} INFO - Processing file /home/airflow/.local/lib/python3.7/site-packages/airflow/example_dags/tutorial_dag.py for tasks to queue
[2023-01-11T01:45:24.973+0000] {logging_mixin.py:120} INFO - [2023-01-11T01:45:24.973+0000] {dagbag.py:537} INFO - Filling up the DagBag from /home/airflow/.local/lib/python3.7/site-packages/airflow/example_dags/tutorial_dag.py
[2023-01-11T01:45:24.991+0000] {processor.py:766} INFO - DAG(s) dict_keys(['tutorial_dag']) retrieved from /home/airflow/.local/lib/python3.7/site-packages/airflow/example_dags/tutorial_dag.py
[2023-01-11T01:45:25.056+0000] {logging_mixin.py:120} INFO - [2023-01-11T01:45:25.055+0000] {dag.py:2585} INFO - Sync 1 DAGs
[2023-01-11T01:45:25.093+0000] {logging_mixin.py:120} INFO - [2023-01-11T01:45:25.093+0000] {dag.py:3340} INFO - Setting next_dagrun for tutorial_dag to None, run_after=None
[2023-01-11T01:45:25.125+0000] {processor.py:176} INFO - Processing /home/airflow/.local/lib/python3.7/site-packages/airflow/example_dags/tutorial_dag.py took 0.161 seconds
[2023-01-11T01:45:55.663+0000] {processor.py:154} INFO - Started process (PID=21817) to work on /home/airflow/.local/lib/python3.7/site-packages/airflow/example_dags/tutorial_dag.py
[2023-01-11T01:45:55.665+0000] {processor.py:756} INFO - Processing file /home/airflow/.local/lib/python3.7/site-packages/airflow/example_dags/tutorial_dag.py for tasks to queue
[2023-01-11T01:45:55.666+0000] {logging_mixin.py:120} INFO - [2023-01-11T01:45:55.666+0000] {dagbag.py:537} INFO - Filling up the DagBag from /home/airflow/.local/lib/python3.7/site-packages/airflow/example_dags/tutorial_dag.py
[2023-01-11T01:45:55.683+0000] {processor.py:766} INFO - DAG(s) dict_keys(['tutorial_dag']) retrieved from /home/airflow/.local/lib/python3.7/site-packages/airflow/example_dags/tutorial_dag.py
[2023-01-11T01:45:55.747+0000] {logging_mixin.py:120} INFO - [2023-01-11T01:45:55.747+0000] {dag.py:2585} INFO - Sync 1 DAGs
[2023-01-11T01:45:55.784+0000] {logging_mixin.py:120} INFO - [2023-01-11T01:45:55.784+0000] {dag.py:3340} INFO - Setting next_dagrun for tutorial_dag to None, run_after=None
[2023-01-11T01:45:55.817+0000] {processor.py:176} INFO - Processing /home/airflow/.local/lib/python3.7/site-packages/airflow/example_dags/tutorial_dag.py took 0.157 seconds
[2023-01-11T01:46:26.521+0000] {processor.py:154} INFO - Started process (PID=21885) to work on /home/airflow/.local/lib/python3.7/site-packages/airflow/example_dags/tutorial_dag.py
[2023-01-11T01:46:26.523+0000] {processor.py:756} INFO - Processing file /home/airflow/.local/lib/python3.7/site-packages/airflow/example_dags/tutorial_dag.py for tasks to queue
[2023-01-11T01:46:26.526+0000] {logging_mixin.py:120} INFO - [2023-01-11T01:46:26.526+0000] {dagbag.py:537} INFO - Filling up the DagBag from /home/airflow/.local/lib/python3.7/site-packages/airflow/example_dags/tutorial_dag.py
[2023-01-11T01:46:26.550+0000] {processor.py:766} INFO - DAG(s) dict_keys(['tutorial_dag']) retrieved from /home/airflow/.local/lib/python3.7/site-packages/airflow/example_dags/tutorial_dag.py
[2023-01-11T01:46:26.628+0000] {logging_mixin.py:120} INFO - [2023-01-11T01:46:26.628+0000] {dag.py:2585} INFO - Sync 1 DAGs
[2023-01-11T01:46:26.673+0000] {logging_mixin.py:120} INFO - [2023-01-11T01:46:26.672+0000] {dag.py:3340} INFO - Setting next_dagrun for tutorial_dag to None, run_after=None
[2023-01-11T01:46:26.712+0000] {processor.py:176} INFO - Processing /home/airflow/.local/lib/python3.7/site-packages/airflow/example_dags/tutorial_dag.py took 0.199 seconds
