[2023-01-11T01:09:37.742+0000] {processor.py:154} INFO - Started process (PID=17337) to work on /home/airflow/.local/lib/python3.7/site-packages/airflow/example_dags/tutorial_taskflow_api.py
[2023-01-11T01:09:37.745+0000] {processor.py:756} INFO - Processing file /home/airflow/.local/lib/python3.7/site-packages/airflow/example_dags/tutorial_taskflow_api.py for tasks to queue
[2023-01-11T01:09:37.747+0000] {logging_mixin.py:120} INFO - [2023-01-11T01:09:37.746+0000] {dagbag.py:537} INFO - Filling up the DagBag from /home/airflow/.local/lib/python3.7/site-packages/airflow/example_dags/tutorial_taskflow_api.py
[2023-01-11T01:09:37.802+0000] {processor.py:766} INFO - DAG(s) dict_keys(['tutorial_taskflow_api']) retrieved from /home/airflow/.local/lib/python3.7/site-packages/airflow/example_dags/tutorial_taskflow_api.py
[2023-01-11T01:09:37.927+0000] {logging_mixin.py:120} INFO - [2023-01-11T01:09:37.926+0000] {dag.py:2585} INFO - Sync 1 DAGs
[2023-01-11T01:09:37.992+0000] {logging_mixin.py:120} INFO - [2023-01-11T01:09:37.992+0000] {dag.py:3340} INFO - Setting next_dagrun for tutorial_taskflow_api to None, run_after=None
[2023-01-11T01:09:38.063+0000] {processor.py:176} INFO - Processing /home/airflow/.local/lib/python3.7/site-packages/airflow/example_dags/tutorial_taskflow_api.py took 0.330 seconds
[2023-01-11T01:10:08.212+0000] {processor.py:154} INFO - Started process (PID=17404) to work on /home/airflow/.local/lib/python3.7/site-packages/airflow/example_dags/tutorial_taskflow_api.py
[2023-01-11T01:10:08.213+0000] {processor.py:756} INFO - Processing file /home/airflow/.local/lib/python3.7/site-packages/airflow/example_dags/tutorial_taskflow_api.py for tasks to queue
[2023-01-11T01:10:08.214+0000] {logging_mixin.py:120} INFO - [2023-01-11T01:10:08.214+0000] {dagbag.py:537} INFO - Filling up the DagBag from /home/airflow/.local/lib/python3.7/site-packages/airflow/example_dags/tutorial_taskflow_api.py
[2023-01-11T01:10:08.241+0000] {processor.py:766} INFO - DAG(s) dict_keys(['tutorial_taskflow_api']) retrieved from /home/airflow/.local/lib/python3.7/site-packages/airflow/example_dags/tutorial_taskflow_api.py
[2023-01-11T01:10:08.297+0000] {logging_mixin.py:120} INFO - [2023-01-11T01:10:08.297+0000] {dag.py:2585} INFO - Sync 1 DAGs
[2023-01-11T01:10:08.337+0000] {logging_mixin.py:120} INFO - [2023-01-11T01:10:08.336+0000] {dag.py:3340} INFO - Setting next_dagrun for tutorial_taskflow_api to None, run_after=None
[2023-01-11T01:10:08.368+0000] {processor.py:176} INFO - Processing /home/airflow/.local/lib/python3.7/site-packages/airflow/example_dags/tutorial_taskflow_api.py took 0.160 seconds
[2023-01-11T01:10:39.657+0000] {processor.py:154} INFO - Started process (PID=17462) to work on /home/airflow/.local/lib/python3.7/site-packages/airflow/example_dags/tutorial_taskflow_api.py
[2023-01-11T01:10:39.658+0000] {processor.py:756} INFO - Processing file /home/airflow/.local/lib/python3.7/site-packages/airflow/example_dags/tutorial_taskflow_api.py for tasks to queue
[2023-01-11T01:10:39.660+0000] {logging_mixin.py:120} INFO - [2023-01-11T01:10:39.659+0000] {dagbag.py:537} INFO - Filling up the DagBag from /home/airflow/.local/lib/python3.7/site-packages/airflow/example_dags/tutorial_taskflow_api.py
[2023-01-11T01:10:39.691+0000] {processor.py:766} INFO - DAG(s) dict_keys(['tutorial_taskflow_api']) retrieved from /home/airflow/.local/lib/python3.7/site-packages/airflow/example_dags/tutorial_taskflow_api.py
[2023-01-11T01:10:39.764+0000] {logging_mixin.py:120} INFO - [2023-01-11T01:10:39.763+0000] {dag.py:2585} INFO - Sync 1 DAGs
[2023-01-11T01:10:39.802+0000] {logging_mixin.py:120} INFO - [2023-01-11T01:10:39.802+0000] {dag.py:3340} INFO - Setting next_dagrun for tutorial_taskflow_api to None, run_after=None
[2023-01-11T01:10:39.831+0000] {processor.py:176} INFO - Processing /home/airflow/.local/lib/python3.7/site-packages/airflow/example_dags/tutorial_taskflow_api.py took 0.181 seconds
[2023-01-11T01:11:10.638+0000] {processor.py:154} INFO - Started process (PID=17529) to work on /home/airflow/.local/lib/python3.7/site-packages/airflow/example_dags/tutorial_taskflow_api.py
[2023-01-11T01:11:10.640+0000] {processor.py:756} INFO - Processing file /home/airflow/.local/lib/python3.7/site-packages/airflow/example_dags/tutorial_taskflow_api.py for tasks to queue
[2023-01-11T01:11:10.641+0000] {logging_mixin.py:120} INFO - [2023-01-11T01:11:10.641+0000] {dagbag.py:537} INFO - Filling up the DagBag from /home/airflow/.local/lib/python3.7/site-packages/airflow/example_dags/tutorial_taskflow_api.py
[2023-01-11T01:11:10.683+0000] {processor.py:766} INFO - DAG(s) dict_keys(['tutorial_taskflow_api']) retrieved from /home/airflow/.local/lib/python3.7/site-packages/airflow/example_dags/tutorial_taskflow_api.py
[2023-01-11T01:11:10.752+0000] {logging_mixin.py:120} INFO - [2023-01-11T01:11:10.752+0000] {dag.py:2585} INFO - Sync 1 DAGs
[2023-01-11T01:11:10.796+0000] {logging_mixin.py:120} INFO - [2023-01-11T01:11:10.796+0000] {dag.py:3340} INFO - Setting next_dagrun for tutorial_taskflow_api to None, run_after=None
[2023-01-11T01:11:10.838+0000] {processor.py:176} INFO - Processing /home/airflow/.local/lib/python3.7/site-packages/airflow/example_dags/tutorial_taskflow_api.py took 0.205 seconds
[2023-01-11T01:11:42.478+0000] {processor.py:154} INFO - Started process (PID=17587) to work on /home/airflow/.local/lib/python3.7/site-packages/airflow/example_dags/tutorial_taskflow_api.py
[2023-01-11T01:11:42.480+0000] {processor.py:756} INFO - Processing file /home/airflow/.local/lib/python3.7/site-packages/airflow/example_dags/tutorial_taskflow_api.py for tasks to queue
[2023-01-11T01:11:42.482+0000] {logging_mixin.py:120} INFO - [2023-01-11T01:11:42.481+0000] {dagbag.py:537} INFO - Filling up the DagBag from /home/airflow/.local/lib/python3.7/site-packages/airflow/example_dags/tutorial_taskflow_api.py
[2023-01-11T01:11:42.525+0000] {processor.py:766} INFO - DAG(s) dict_keys(['tutorial_taskflow_api']) retrieved from /home/airflow/.local/lib/python3.7/site-packages/airflow/example_dags/tutorial_taskflow_api.py
[2023-01-11T01:11:42.613+0000] {logging_mixin.py:120} INFO - [2023-01-11T01:11:42.613+0000] {dag.py:2585} INFO - Sync 1 DAGs
[2023-01-11T01:11:42.698+0000] {logging_mixin.py:120} INFO - [2023-01-11T01:11:42.698+0000] {dag.py:3340} INFO - Setting next_dagrun for tutorial_taskflow_api to None, run_after=None
[2023-01-11T01:11:42.803+0000] {processor.py:176} INFO - Processing /home/airflow/.local/lib/python3.7/site-packages/airflow/example_dags/tutorial_taskflow_api.py took 0.330 seconds
[2023-01-11T01:12:12.968+0000] {processor.py:154} INFO - Started process (PID=17654) to work on /home/airflow/.local/lib/python3.7/site-packages/airflow/example_dags/tutorial_taskflow_api.py
[2023-01-11T01:12:12.970+0000] {processor.py:756} INFO - Processing file /home/airflow/.local/lib/python3.7/site-packages/airflow/example_dags/tutorial_taskflow_api.py for tasks to queue
[2023-01-11T01:12:12.971+0000] {logging_mixin.py:120} INFO - [2023-01-11T01:12:12.971+0000] {dagbag.py:537} INFO - Filling up the DagBag from /home/airflow/.local/lib/python3.7/site-packages/airflow/example_dags/tutorial_taskflow_api.py
[2023-01-11T01:12:13.016+0000] {processor.py:766} INFO - DAG(s) dict_keys(['tutorial_taskflow_api']) retrieved from /home/airflow/.local/lib/python3.7/site-packages/airflow/example_dags/tutorial_taskflow_api.py
[2023-01-11T01:12:13.110+0000] {logging_mixin.py:120} INFO - [2023-01-11T01:12:13.110+0000] {dag.py:2585} INFO - Sync 1 DAGs
[2023-01-11T01:12:13.164+0000] {logging_mixin.py:120} INFO - [2023-01-11T01:12:13.163+0000] {dag.py:3340} INFO - Setting next_dagrun for tutorial_taskflow_api to None, run_after=None
[2023-01-11T01:12:13.195+0000] {processor.py:176} INFO - Processing /home/airflow/.local/lib/python3.7/site-packages/airflow/example_dags/tutorial_taskflow_api.py took 0.234 seconds
[2023-01-11T01:12:43.263+0000] {processor.py:154} INFO - Started process (PID=17710) to work on /home/airflow/.local/lib/python3.7/site-packages/airflow/example_dags/tutorial_taskflow_api.py
[2023-01-11T01:12:43.264+0000] {processor.py:756} INFO - Processing file /home/airflow/.local/lib/python3.7/site-packages/airflow/example_dags/tutorial_taskflow_api.py for tasks to queue
[2023-01-11T01:12:43.266+0000] {logging_mixin.py:120} INFO - [2023-01-11T01:12:43.265+0000] {dagbag.py:537} INFO - Filling up the DagBag from /home/airflow/.local/lib/python3.7/site-packages/airflow/example_dags/tutorial_taskflow_api.py
[2023-01-11T01:12:43.287+0000] {processor.py:766} INFO - DAG(s) dict_keys(['tutorial_taskflow_api']) retrieved from /home/airflow/.local/lib/python3.7/site-packages/airflow/example_dags/tutorial_taskflow_api.py
[2023-01-11T01:12:43.332+0000] {logging_mixin.py:120} INFO - [2023-01-11T01:12:43.332+0000] {dag.py:2585} INFO - Sync 1 DAGs
[2023-01-11T01:12:43.357+0000] {logging_mixin.py:120} INFO - [2023-01-11T01:12:43.356+0000] {dag.py:3340} INFO - Setting next_dagrun for tutorial_taskflow_api to None, run_after=None
[2023-01-11T01:12:43.379+0000] {processor.py:176} INFO - Processing /home/airflow/.local/lib/python3.7/site-packages/airflow/example_dags/tutorial_taskflow_api.py took 0.120 seconds
[2023-01-11T01:13:13.682+0000] {processor.py:154} INFO - Started process (PID=17777) to work on /home/airflow/.local/lib/python3.7/site-packages/airflow/example_dags/tutorial_taskflow_api.py
[2023-01-11T01:13:13.684+0000] {processor.py:756} INFO - Processing file /home/airflow/.local/lib/python3.7/site-packages/airflow/example_dags/tutorial_taskflow_api.py for tasks to queue
[2023-01-11T01:13:13.685+0000] {logging_mixin.py:120} INFO - [2023-01-11T01:13:13.685+0000] {dagbag.py:537} INFO - Filling up the DagBag from /home/airflow/.local/lib/python3.7/site-packages/airflow/example_dags/tutorial_taskflow_api.py
[2023-01-11T01:13:13.715+0000] {processor.py:766} INFO - DAG(s) dict_keys(['tutorial_taskflow_api']) retrieved from /home/airflow/.local/lib/python3.7/site-packages/airflow/example_dags/tutorial_taskflow_api.py
[2023-01-11T01:13:13.771+0000] {logging_mixin.py:120} INFO - [2023-01-11T01:13:13.771+0000] {dag.py:2585} INFO - Sync 1 DAGs
[2023-01-11T01:13:13.808+0000] {logging_mixin.py:120} INFO - [2023-01-11T01:13:13.807+0000] {dag.py:3340} INFO - Setting next_dagrun for tutorial_taskflow_api to None, run_after=None
[2023-01-11T01:13:13.841+0000] {processor.py:176} INFO - Processing /home/airflow/.local/lib/python3.7/site-packages/airflow/example_dags/tutorial_taskflow_api.py took 0.165 seconds
[2023-01-11T01:13:44.470+0000] {processor.py:154} INFO - Started process (PID=17844) to work on /home/airflow/.local/lib/python3.7/site-packages/airflow/example_dags/tutorial_taskflow_api.py
[2023-01-11T01:13:44.471+0000] {processor.py:756} INFO - Processing file /home/airflow/.local/lib/python3.7/site-packages/airflow/example_dags/tutorial_taskflow_api.py for tasks to queue
[2023-01-11T01:13:44.472+0000] {logging_mixin.py:120} INFO - [2023-01-11T01:13:44.472+0000] {dagbag.py:537} INFO - Filling up the DagBag from /home/airflow/.local/lib/python3.7/site-packages/airflow/example_dags/tutorial_taskflow_api.py
[2023-01-11T01:13:44.493+0000] {processor.py:766} INFO - DAG(s) dict_keys(['tutorial_taskflow_api']) retrieved from /home/airflow/.local/lib/python3.7/site-packages/airflow/example_dags/tutorial_taskflow_api.py
[2023-01-11T01:13:44.533+0000] {logging_mixin.py:120} INFO - [2023-01-11T01:13:44.533+0000] {dag.py:2585} INFO - Sync 1 DAGs
[2023-01-11T01:13:44.565+0000] {logging_mixin.py:120} INFO - [2023-01-11T01:13:44.565+0000] {dag.py:3340} INFO - Setting next_dagrun for tutorial_taskflow_api to None, run_after=None
[2023-01-11T01:13:44.591+0000] {processor.py:176} INFO - Processing /home/airflow/.local/lib/python3.7/site-packages/airflow/example_dags/tutorial_taskflow_api.py took 0.124 seconds
[2023-01-11T01:14:15.322+0000] {processor.py:154} INFO - Started process (PID=17902) to work on /home/airflow/.local/lib/python3.7/site-packages/airflow/example_dags/tutorial_taskflow_api.py
[2023-01-11T01:14:15.323+0000] {processor.py:756} INFO - Processing file /home/airflow/.local/lib/python3.7/site-packages/airflow/example_dags/tutorial_taskflow_api.py for tasks to queue
[2023-01-11T01:14:15.324+0000] {logging_mixin.py:120} INFO - [2023-01-11T01:14:15.324+0000] {dagbag.py:537} INFO - Filling up the DagBag from /home/airflow/.local/lib/python3.7/site-packages/airflow/example_dags/tutorial_taskflow_api.py
[2023-01-11T01:14:15.347+0000] {processor.py:766} INFO - DAG(s) dict_keys(['tutorial_taskflow_api']) retrieved from /home/airflow/.local/lib/python3.7/site-packages/airflow/example_dags/tutorial_taskflow_api.py
[2023-01-11T01:14:15.394+0000] {logging_mixin.py:120} INFO - [2023-01-11T01:14:15.394+0000] {dag.py:2585} INFO - Sync 1 DAGs
[2023-01-11T01:14:15.427+0000] {logging_mixin.py:120} INFO - [2023-01-11T01:14:15.427+0000] {dag.py:3340} INFO - Setting next_dagrun for tutorial_taskflow_api to None, run_after=None
[2023-01-11T01:14:15.453+0000] {processor.py:176} INFO - Processing /home/airflow/.local/lib/python3.7/site-packages/airflow/example_dags/tutorial_taskflow_api.py took 0.134 seconds
[2023-01-11T01:14:45.919+0000] {processor.py:154} INFO - Started process (PID=17970) to work on /home/airflow/.local/lib/python3.7/site-packages/airflow/example_dags/tutorial_taskflow_api.py
[2023-01-11T01:14:45.920+0000] {processor.py:756} INFO - Processing file /home/airflow/.local/lib/python3.7/site-packages/airflow/example_dags/tutorial_taskflow_api.py for tasks to queue
[2023-01-11T01:14:45.922+0000] {logging_mixin.py:120} INFO - [2023-01-11T01:14:45.922+0000] {dagbag.py:537} INFO - Filling up the DagBag from /home/airflow/.local/lib/python3.7/site-packages/airflow/example_dags/tutorial_taskflow_api.py
[2023-01-11T01:14:45.949+0000] {processor.py:766} INFO - DAG(s) dict_keys(['tutorial_taskflow_api']) retrieved from /home/airflow/.local/lib/python3.7/site-packages/airflow/example_dags/tutorial_taskflow_api.py
[2023-01-11T01:14:46.068+0000] {logging_mixin.py:120} INFO - [2023-01-11T01:14:46.068+0000] {dag.py:2585} INFO - Sync 1 DAGs
[2023-01-11T01:14:46.110+0000] {logging_mixin.py:120} INFO - [2023-01-11T01:14:46.110+0000] {dag.py:3340} INFO - Setting next_dagrun for tutorial_taskflow_api to None, run_after=None
[2023-01-11T01:14:46.139+0000] {processor.py:176} INFO - Processing /home/airflow/.local/lib/python3.7/site-packages/airflow/example_dags/tutorial_taskflow_api.py took 0.225 seconds
[2023-01-11T01:15:16.313+0000] {processor.py:154} INFO - Started process (PID=18037) to work on /home/airflow/.local/lib/python3.7/site-packages/airflow/example_dags/tutorial_taskflow_api.py
[2023-01-11T01:15:16.314+0000] {processor.py:756} INFO - Processing file /home/airflow/.local/lib/python3.7/site-packages/airflow/example_dags/tutorial_taskflow_api.py for tasks to queue
[2023-01-11T01:15:16.316+0000] {logging_mixin.py:120} INFO - [2023-01-11T01:15:16.315+0000] {dagbag.py:537} INFO - Filling up the DagBag from /home/airflow/.local/lib/python3.7/site-packages/airflow/example_dags/tutorial_taskflow_api.py
[2023-01-11T01:15:16.347+0000] {processor.py:766} INFO - DAG(s) dict_keys(['tutorial_taskflow_api']) retrieved from /home/airflow/.local/lib/python3.7/site-packages/airflow/example_dags/tutorial_taskflow_api.py
[2023-01-11T01:15:16.414+0000] {logging_mixin.py:120} INFO - [2023-01-11T01:15:16.414+0000] {dag.py:2585} INFO - Sync 1 DAGs
[2023-01-11T01:15:16.451+0000] {logging_mixin.py:120} INFO - [2023-01-11T01:15:16.451+0000] {dag.py:3340} INFO - Setting next_dagrun for tutorial_taskflow_api to None, run_after=None
[2023-01-11T01:15:16.487+0000] {processor.py:176} INFO - Processing /home/airflow/.local/lib/python3.7/site-packages/airflow/example_dags/tutorial_taskflow_api.py took 0.181 seconds
[2023-01-11T01:15:47.624+0000] {processor.py:154} INFO - Started process (PID=18095) to work on /home/airflow/.local/lib/python3.7/site-packages/airflow/example_dags/tutorial_taskflow_api.py
[2023-01-11T01:15:47.626+0000] {processor.py:756} INFO - Processing file /home/airflow/.local/lib/python3.7/site-packages/airflow/example_dags/tutorial_taskflow_api.py for tasks to queue
[2023-01-11T01:15:47.628+0000] {logging_mixin.py:120} INFO - [2023-01-11T01:15:47.628+0000] {dagbag.py:537} INFO - Filling up the DagBag from /home/airflow/.local/lib/python3.7/site-packages/airflow/example_dags/tutorial_taskflow_api.py
[2023-01-11T01:15:47.673+0000] {processor.py:766} INFO - DAG(s) dict_keys(['tutorial_taskflow_api']) retrieved from /home/airflow/.local/lib/python3.7/site-packages/airflow/example_dags/tutorial_taskflow_api.py
[2023-01-11T01:15:47.774+0000] {logging_mixin.py:120} INFO - [2023-01-11T01:15:47.774+0000] {dag.py:2585} INFO - Sync 1 DAGs
[2023-01-11T01:15:47.834+0000] {logging_mixin.py:120} INFO - [2023-01-11T01:15:47.834+0000] {dag.py:3340} INFO - Setting next_dagrun for tutorial_taskflow_api to None, run_after=None
[2023-01-11T01:15:47.885+0000] {processor.py:176} INFO - Processing /home/airflow/.local/lib/python3.7/site-packages/airflow/example_dags/tutorial_taskflow_api.py took 0.269 seconds
[2023-01-11T01:16:18.061+0000] {processor.py:154} INFO - Started process (PID=18163) to work on /home/airflow/.local/lib/python3.7/site-packages/airflow/example_dags/tutorial_taskflow_api.py
[2023-01-11T01:16:18.062+0000] {processor.py:756} INFO - Processing file /home/airflow/.local/lib/python3.7/site-packages/airflow/example_dags/tutorial_taskflow_api.py for tasks to queue
[2023-01-11T01:16:18.064+0000] {logging_mixin.py:120} INFO - [2023-01-11T01:16:18.064+0000] {dagbag.py:537} INFO - Filling up the DagBag from /home/airflow/.local/lib/python3.7/site-packages/airflow/example_dags/tutorial_taskflow_api.py
[2023-01-11T01:16:18.095+0000] {processor.py:766} INFO - DAG(s) dict_keys(['tutorial_taskflow_api']) retrieved from /home/airflow/.local/lib/python3.7/site-packages/airflow/example_dags/tutorial_taskflow_api.py
[2023-01-11T01:16:18.160+0000] {logging_mixin.py:120} INFO - [2023-01-11T01:16:18.159+0000] {dag.py:2585} INFO - Sync 1 DAGs
[2023-01-11T01:16:18.195+0000] {logging_mixin.py:120} INFO - [2023-01-11T01:16:18.195+0000] {dag.py:3340} INFO - Setting next_dagrun for tutorial_taskflow_api to None, run_after=None
[2023-01-11T01:16:18.233+0000] {processor.py:176} INFO - Processing /home/airflow/.local/lib/python3.7/site-packages/airflow/example_dags/tutorial_taskflow_api.py took 0.177 seconds
[2023-01-11T01:16:48.378+0000] {processor.py:154} INFO - Started process (PID=18221) to work on /home/airflow/.local/lib/python3.7/site-packages/airflow/example_dags/tutorial_taskflow_api.py
[2023-01-11T01:16:48.379+0000] {processor.py:756} INFO - Processing file /home/airflow/.local/lib/python3.7/site-packages/airflow/example_dags/tutorial_taskflow_api.py for tasks to queue
[2023-01-11T01:16:48.381+0000] {logging_mixin.py:120} INFO - [2023-01-11T01:16:48.381+0000] {dagbag.py:537} INFO - Filling up the DagBag from /home/airflow/.local/lib/python3.7/site-packages/airflow/example_dags/tutorial_taskflow_api.py
[2023-01-11T01:16:48.408+0000] {processor.py:766} INFO - DAG(s) dict_keys(['tutorial_taskflow_api']) retrieved from /home/airflow/.local/lib/python3.7/site-packages/airflow/example_dags/tutorial_taskflow_api.py
[2023-01-11T01:16:48.468+0000] {logging_mixin.py:120} INFO - [2023-01-11T01:16:48.467+0000] {dag.py:2585} INFO - Sync 1 DAGs
[2023-01-11T01:16:48.498+0000] {logging_mixin.py:120} INFO - [2023-01-11T01:16:48.498+0000] {dag.py:3340} INFO - Setting next_dagrun for tutorial_taskflow_api to None, run_after=None
[2023-01-11T01:16:48.527+0000] {processor.py:176} INFO - Processing /home/airflow/.local/lib/python3.7/site-packages/airflow/example_dags/tutorial_taskflow_api.py took 0.153 seconds
[2023-01-11T01:17:19.661+0000] {processor.py:154} INFO - Started process (PID=18289) to work on /home/airflow/.local/lib/python3.7/site-packages/airflow/example_dags/tutorial_taskflow_api.py
[2023-01-11T01:17:19.662+0000] {processor.py:756} INFO - Processing file /home/airflow/.local/lib/python3.7/site-packages/airflow/example_dags/tutorial_taskflow_api.py for tasks to queue
[2023-01-11T01:17:19.664+0000] {logging_mixin.py:120} INFO - [2023-01-11T01:17:19.664+0000] {dagbag.py:537} INFO - Filling up the DagBag from /home/airflow/.local/lib/python3.7/site-packages/airflow/example_dags/tutorial_taskflow_api.py
[2023-01-11T01:17:19.696+0000] {processor.py:766} INFO - DAG(s) dict_keys(['tutorial_taskflow_api']) retrieved from /home/airflow/.local/lib/python3.7/site-packages/airflow/example_dags/tutorial_taskflow_api.py
[2023-01-11T01:17:19.770+0000] {logging_mixin.py:120} INFO - [2023-01-11T01:17:19.770+0000] {dag.py:2585} INFO - Sync 1 DAGs
[2023-01-11T01:17:19.832+0000] {logging_mixin.py:120} INFO - [2023-01-11T01:17:19.832+0000] {dag.py:3340} INFO - Setting next_dagrun for tutorial_taskflow_api to None, run_after=None
[2023-01-11T01:17:19.882+0000] {processor.py:176} INFO - Processing /home/airflow/.local/lib/python3.7/site-packages/airflow/example_dags/tutorial_taskflow_api.py took 0.225 seconds
[2023-01-11T01:17:49.965+0000] {processor.py:154} INFO - Started process (PID=18347) to work on /home/airflow/.local/lib/python3.7/site-packages/airflow/example_dags/tutorial_taskflow_api.py
[2023-01-11T01:17:49.966+0000] {processor.py:756} INFO - Processing file /home/airflow/.local/lib/python3.7/site-packages/airflow/example_dags/tutorial_taskflow_api.py for tasks to queue
[2023-01-11T01:17:49.967+0000] {logging_mixin.py:120} INFO - [2023-01-11T01:17:49.967+0000] {dagbag.py:537} INFO - Filling up the DagBag from /home/airflow/.local/lib/python3.7/site-packages/airflow/example_dags/tutorial_taskflow_api.py
[2023-01-11T01:17:50.000+0000] {processor.py:766} INFO - DAG(s) dict_keys(['tutorial_taskflow_api']) retrieved from /home/airflow/.local/lib/python3.7/site-packages/airflow/example_dags/tutorial_taskflow_api.py
[2023-01-11T01:17:50.082+0000] {logging_mixin.py:120} INFO - [2023-01-11T01:17:50.082+0000] {dag.py:2585} INFO - Sync 1 DAGs
[2023-01-11T01:17:50.124+0000] {logging_mixin.py:120} INFO - [2023-01-11T01:17:50.124+0000] {dag.py:3340} INFO - Setting next_dagrun for tutorial_taskflow_api to None, run_after=None
[2023-01-11T01:17:50.157+0000] {processor.py:176} INFO - Processing /home/airflow/.local/lib/python3.7/site-packages/airflow/example_dags/tutorial_taskflow_api.py took 0.197 seconds
[2023-01-11T01:18:20.509+0000] {processor.py:154} INFO - Started process (PID=18414) to work on /home/airflow/.local/lib/python3.7/site-packages/airflow/example_dags/tutorial_taskflow_api.py
[2023-01-11T01:18:20.513+0000] {processor.py:756} INFO - Processing file /home/airflow/.local/lib/python3.7/site-packages/airflow/example_dags/tutorial_taskflow_api.py for tasks to queue
[2023-01-11T01:18:20.517+0000] {logging_mixin.py:120} INFO - [2023-01-11T01:18:20.516+0000] {dagbag.py:537} INFO - Filling up the DagBag from /home/airflow/.local/lib/python3.7/site-packages/airflow/example_dags/tutorial_taskflow_api.py
[2023-01-11T01:18:20.567+0000] {processor.py:766} INFO - DAG(s) dict_keys(['tutorial_taskflow_api']) retrieved from /home/airflow/.local/lib/python3.7/site-packages/airflow/example_dags/tutorial_taskflow_api.py
[2023-01-11T01:18:20.674+0000] {logging_mixin.py:120} INFO - [2023-01-11T01:18:20.674+0000] {dag.py:2585} INFO - Sync 1 DAGs
[2023-01-11T01:18:20.763+0000] {logging_mixin.py:120} INFO - [2023-01-11T01:18:20.763+0000] {dag.py:3340} INFO - Setting next_dagrun for tutorial_taskflow_api to None, run_after=None
[2023-01-11T01:18:20.837+0000] {processor.py:176} INFO - Processing /home/airflow/.local/lib/python3.7/site-packages/airflow/example_dags/tutorial_taskflow_api.py took 0.339 seconds
[2023-01-11T01:18:50.950+0000] {processor.py:154} INFO - Started process (PID=18472) to work on /home/airflow/.local/lib/python3.7/site-packages/airflow/example_dags/tutorial_taskflow_api.py
[2023-01-11T01:18:50.951+0000] {processor.py:756} INFO - Processing file /home/airflow/.local/lib/python3.7/site-packages/airflow/example_dags/tutorial_taskflow_api.py for tasks to queue
[2023-01-11T01:18:50.952+0000] {logging_mixin.py:120} INFO - [2023-01-11T01:18:50.952+0000] {dagbag.py:537} INFO - Filling up the DagBag from /home/airflow/.local/lib/python3.7/site-packages/airflow/example_dags/tutorial_taskflow_api.py
[2023-01-11T01:18:50.981+0000] {processor.py:766} INFO - DAG(s) dict_keys(['tutorial_taskflow_api']) retrieved from /home/airflow/.local/lib/python3.7/site-packages/airflow/example_dags/tutorial_taskflow_api.py
[2023-01-11T01:18:51.037+0000] {logging_mixin.py:120} INFO - [2023-01-11T01:18:51.037+0000] {dag.py:2585} INFO - Sync 1 DAGs
[2023-01-11T01:18:51.087+0000] {logging_mixin.py:120} INFO - [2023-01-11T01:18:51.086+0000] {dag.py:3340} INFO - Setting next_dagrun for tutorial_taskflow_api to None, run_after=None
[2023-01-11T01:18:51.115+0000] {processor.py:176} INFO - Processing /home/airflow/.local/lib/python3.7/site-packages/airflow/example_dags/tutorial_taskflow_api.py took 0.169 seconds
[2023-01-11T01:19:22.126+0000] {processor.py:154} INFO - Started process (PID=18539) to work on /home/airflow/.local/lib/python3.7/site-packages/airflow/example_dags/tutorial_taskflow_api.py
[2023-01-11T01:19:22.127+0000] {processor.py:756} INFO - Processing file /home/airflow/.local/lib/python3.7/site-packages/airflow/example_dags/tutorial_taskflow_api.py for tasks to queue
[2023-01-11T01:19:22.128+0000] {logging_mixin.py:120} INFO - [2023-01-11T01:19:22.128+0000] {dagbag.py:537} INFO - Filling up the DagBag from /home/airflow/.local/lib/python3.7/site-packages/airflow/example_dags/tutorial_taskflow_api.py
[2023-01-11T01:19:22.155+0000] {processor.py:766} INFO - DAG(s) dict_keys(['tutorial_taskflow_api']) retrieved from /home/airflow/.local/lib/python3.7/site-packages/airflow/example_dags/tutorial_taskflow_api.py
[2023-01-11T01:19:22.219+0000] {logging_mixin.py:120} INFO - [2023-01-11T01:19:22.218+0000] {dag.py:2585} INFO - Sync 1 DAGs
[2023-01-11T01:19:22.257+0000] {logging_mixin.py:120} INFO - [2023-01-11T01:19:22.257+0000] {dag.py:3340} INFO - Setting next_dagrun for tutorial_taskflow_api to None, run_after=None
[2023-01-11T01:19:22.303+0000] {processor.py:176} INFO - Processing /home/airflow/.local/lib/python3.7/site-packages/airflow/example_dags/tutorial_taskflow_api.py took 0.182 seconds
[2023-01-11T01:19:52.818+0000] {processor.py:154} INFO - Started process (PID=18597) to work on /home/airflow/.local/lib/python3.7/site-packages/airflow/example_dags/tutorial_taskflow_api.py
[2023-01-11T01:19:52.820+0000] {processor.py:756} INFO - Processing file /home/airflow/.local/lib/python3.7/site-packages/airflow/example_dags/tutorial_taskflow_api.py for tasks to queue
[2023-01-11T01:19:52.821+0000] {logging_mixin.py:120} INFO - [2023-01-11T01:19:52.821+0000] {dagbag.py:537} INFO - Filling up the DagBag from /home/airflow/.local/lib/python3.7/site-packages/airflow/example_dags/tutorial_taskflow_api.py
[2023-01-11T01:19:52.845+0000] {processor.py:766} INFO - DAG(s) dict_keys(['tutorial_taskflow_api']) retrieved from /home/airflow/.local/lib/python3.7/site-packages/airflow/example_dags/tutorial_taskflow_api.py
[2023-01-11T01:19:52.889+0000] {logging_mixin.py:120} INFO - [2023-01-11T01:19:52.888+0000] {dag.py:2585} INFO - Sync 1 DAGs
[2023-01-11T01:19:52.918+0000] {logging_mixin.py:120} INFO - [2023-01-11T01:19:52.918+0000] {dag.py:3340} INFO - Setting next_dagrun for tutorial_taskflow_api to None, run_after=None
[2023-01-11T01:19:52.954+0000] {processor.py:176} INFO - Processing /home/airflow/.local/lib/python3.7/site-packages/airflow/example_dags/tutorial_taskflow_api.py took 0.141 seconds
[2023-01-11T01:20:23.757+0000] {processor.py:154} INFO - Started process (PID=18664) to work on /home/airflow/.local/lib/python3.7/site-packages/airflow/example_dags/tutorial_taskflow_api.py
[2023-01-11T01:20:23.758+0000] {processor.py:756} INFO - Processing file /home/airflow/.local/lib/python3.7/site-packages/airflow/example_dags/tutorial_taskflow_api.py for tasks to queue
[2023-01-11T01:20:23.758+0000] {logging_mixin.py:120} INFO - [2023-01-11T01:20:23.758+0000] {dagbag.py:537} INFO - Filling up the DagBag from /home/airflow/.local/lib/python3.7/site-packages/airflow/example_dags/tutorial_taskflow_api.py
[2023-01-11T01:20:23.779+0000] {processor.py:766} INFO - DAG(s) dict_keys(['tutorial_taskflow_api']) retrieved from /home/airflow/.local/lib/python3.7/site-packages/airflow/example_dags/tutorial_taskflow_api.py
[2023-01-11T01:20:23.831+0000] {logging_mixin.py:120} INFO - [2023-01-11T01:20:23.831+0000] {dag.py:2585} INFO - Sync 1 DAGs
[2023-01-11T01:20:23.858+0000] {logging_mixin.py:120} INFO - [2023-01-11T01:20:23.858+0000] {dag.py:3340} INFO - Setting next_dagrun for tutorial_taskflow_api to None, run_after=None
[2023-01-11T01:20:23.884+0000] {processor.py:176} INFO - Processing /home/airflow/.local/lib/python3.7/site-packages/airflow/example_dags/tutorial_taskflow_api.py took 0.131 seconds
[2023-01-11T01:20:54.736+0000] {processor.py:154} INFO - Started process (PID=18731) to work on /home/airflow/.local/lib/python3.7/site-packages/airflow/example_dags/tutorial_taskflow_api.py
[2023-01-11T01:20:54.737+0000] {processor.py:756} INFO - Processing file /home/airflow/.local/lib/python3.7/site-packages/airflow/example_dags/tutorial_taskflow_api.py for tasks to queue
[2023-01-11T01:20:54.739+0000] {logging_mixin.py:120} INFO - [2023-01-11T01:20:54.738+0000] {dagbag.py:537} INFO - Filling up the DagBag from /home/airflow/.local/lib/python3.7/site-packages/airflow/example_dags/tutorial_taskflow_api.py
[2023-01-11T01:20:54.782+0000] {processor.py:766} INFO - DAG(s) dict_keys(['tutorial_taskflow_api']) retrieved from /home/airflow/.local/lib/python3.7/site-packages/airflow/example_dags/tutorial_taskflow_api.py
[2023-01-11T01:20:54.869+0000] {logging_mixin.py:120} INFO - [2023-01-11T01:20:54.869+0000] {dag.py:2585} INFO - Sync 1 DAGs
[2023-01-11T01:20:54.911+0000] {logging_mixin.py:120} INFO - [2023-01-11T01:20:54.911+0000] {dag.py:3340} INFO - Setting next_dagrun for tutorial_taskflow_api to None, run_after=None
[2023-01-11T01:20:54.940+0000] {processor.py:176} INFO - Processing /home/airflow/.local/lib/python3.7/site-packages/airflow/example_dags/tutorial_taskflow_api.py took 0.209 seconds
[2023-01-11T01:21:25.218+0000] {processor.py:154} INFO - Started process (PID=18789) to work on /home/airflow/.local/lib/python3.7/site-packages/airflow/example_dags/tutorial_taskflow_api.py
[2023-01-11T01:21:25.220+0000] {processor.py:756} INFO - Processing file /home/airflow/.local/lib/python3.7/site-packages/airflow/example_dags/tutorial_taskflow_api.py for tasks to queue
[2023-01-11T01:21:25.221+0000] {logging_mixin.py:120} INFO - [2023-01-11T01:21:25.221+0000] {dagbag.py:537} INFO - Filling up the DagBag from /home/airflow/.local/lib/python3.7/site-packages/airflow/example_dags/tutorial_taskflow_api.py
[2023-01-11T01:21:25.256+0000] {processor.py:766} INFO - DAG(s) dict_keys(['tutorial_taskflow_api']) retrieved from /home/airflow/.local/lib/python3.7/site-packages/airflow/example_dags/tutorial_taskflow_api.py
[2023-01-11T01:21:25.328+0000] {logging_mixin.py:120} INFO - [2023-01-11T01:21:25.327+0000] {dag.py:2585} INFO - Sync 1 DAGs
[2023-01-11T01:21:25.370+0000] {logging_mixin.py:120} INFO - [2023-01-11T01:21:25.370+0000] {dag.py:3340} INFO - Setting next_dagrun for tutorial_taskflow_api to None, run_after=None
[2023-01-11T01:21:25.411+0000] {processor.py:176} INFO - Processing /home/airflow/.local/lib/python3.7/site-packages/airflow/example_dags/tutorial_taskflow_api.py took 0.198 seconds
[2023-01-11T01:21:56.059+0000] {processor.py:154} INFO - Started process (PID=18856) to work on /home/airflow/.local/lib/python3.7/site-packages/airflow/example_dags/tutorial_taskflow_api.py
[2023-01-11T01:21:56.060+0000] {processor.py:756} INFO - Processing file /home/airflow/.local/lib/python3.7/site-packages/airflow/example_dags/tutorial_taskflow_api.py for tasks to queue
[2023-01-11T01:21:56.062+0000] {logging_mixin.py:120} INFO - [2023-01-11T01:21:56.062+0000] {dagbag.py:537} INFO - Filling up the DagBag from /home/airflow/.local/lib/python3.7/site-packages/airflow/example_dags/tutorial_taskflow_api.py
[2023-01-11T01:21:56.095+0000] {processor.py:766} INFO - DAG(s) dict_keys(['tutorial_taskflow_api']) retrieved from /home/airflow/.local/lib/python3.7/site-packages/airflow/example_dags/tutorial_taskflow_api.py
[2023-01-11T01:21:56.143+0000] {logging_mixin.py:120} INFO - [2023-01-11T01:21:56.143+0000] {dag.py:2585} INFO - Sync 1 DAGs
[2023-01-11T01:21:56.169+0000] {logging_mixin.py:120} INFO - [2023-01-11T01:21:56.168+0000] {dag.py:3340} INFO - Setting next_dagrun for tutorial_taskflow_api to None, run_after=None
[2023-01-11T01:21:56.191+0000] {processor.py:176} INFO - Processing /home/airflow/.local/lib/python3.7/site-packages/airflow/example_dags/tutorial_taskflow_api.py took 0.134 seconds
[2023-01-11T01:22:27.085+0000] {processor.py:154} INFO - Started process (PID=18914) to work on /home/airflow/.local/lib/python3.7/site-packages/airflow/example_dags/tutorial_taskflow_api.py
[2023-01-11T01:22:27.086+0000] {processor.py:756} INFO - Processing file /home/airflow/.local/lib/python3.7/site-packages/airflow/example_dags/tutorial_taskflow_api.py for tasks to queue
[2023-01-11T01:22:27.087+0000] {logging_mixin.py:120} INFO - [2023-01-11T01:22:27.087+0000] {dagbag.py:537} INFO - Filling up the DagBag from /home/airflow/.local/lib/python3.7/site-packages/airflow/example_dags/tutorial_taskflow_api.py
[2023-01-11T01:22:27.130+0000] {processor.py:766} INFO - DAG(s) dict_keys(['tutorial_taskflow_api']) retrieved from /home/airflow/.local/lib/python3.7/site-packages/airflow/example_dags/tutorial_taskflow_api.py
[2023-01-11T01:22:27.208+0000] {logging_mixin.py:120} INFO - [2023-01-11T01:22:27.207+0000] {dag.py:2585} INFO - Sync 1 DAGs
[2023-01-11T01:22:27.247+0000] {logging_mixin.py:120} INFO - [2023-01-11T01:22:27.247+0000] {dag.py:3340} INFO - Setting next_dagrun for tutorial_taskflow_api to None, run_after=None
[2023-01-11T01:22:27.268+0000] {processor.py:176} INFO - Processing /home/airflow/.local/lib/python3.7/site-packages/airflow/example_dags/tutorial_taskflow_api.py took 0.189 seconds
[2023-01-11T01:22:57.773+0000] {processor.py:154} INFO - Started process (PID=18981) to work on /home/airflow/.local/lib/python3.7/site-packages/airflow/example_dags/tutorial_taskflow_api.py
[2023-01-11T01:22:57.774+0000] {processor.py:756} INFO - Processing file /home/airflow/.local/lib/python3.7/site-packages/airflow/example_dags/tutorial_taskflow_api.py for tasks to queue
[2023-01-11T01:22:57.776+0000] {logging_mixin.py:120} INFO - [2023-01-11T01:22:57.775+0000] {dagbag.py:537} INFO - Filling up the DagBag from /home/airflow/.local/lib/python3.7/site-packages/airflow/example_dags/tutorial_taskflow_api.py
[2023-01-11T01:22:57.800+0000] {processor.py:766} INFO - DAG(s) dict_keys(['tutorial_taskflow_api']) retrieved from /home/airflow/.local/lib/python3.7/site-packages/airflow/example_dags/tutorial_taskflow_api.py
[2023-01-11T01:22:57.891+0000] {logging_mixin.py:120} INFO - [2023-01-11T01:22:57.891+0000] {dag.py:2585} INFO - Sync 1 DAGs
[2023-01-11T01:22:57.936+0000] {logging_mixin.py:120} INFO - [2023-01-11T01:22:57.936+0000] {dag.py:3340} INFO - Setting next_dagrun for tutorial_taskflow_api to None, run_after=None
[2023-01-11T01:22:57.968+0000] {processor.py:176} INFO - Processing /home/airflow/.local/lib/python3.7/site-packages/airflow/example_dags/tutorial_taskflow_api.py took 0.199 seconds
[2023-01-11T01:23:28.627+0000] {processor.py:154} INFO - Started process (PID=19039) to work on /home/airflow/.local/lib/python3.7/site-packages/airflow/example_dags/tutorial_taskflow_api.py
[2023-01-11T01:23:28.629+0000] {processor.py:756} INFO - Processing file /home/airflow/.local/lib/python3.7/site-packages/airflow/example_dags/tutorial_taskflow_api.py for tasks to queue
[2023-01-11T01:23:28.631+0000] {logging_mixin.py:120} INFO - [2023-01-11T01:23:28.630+0000] {dagbag.py:537} INFO - Filling up the DagBag from /home/airflow/.local/lib/python3.7/site-packages/airflow/example_dags/tutorial_taskflow_api.py
[2023-01-11T01:23:28.663+0000] {processor.py:766} INFO - DAG(s) dict_keys(['tutorial_taskflow_api']) retrieved from /home/airflow/.local/lib/python3.7/site-packages/airflow/example_dags/tutorial_taskflow_api.py
[2023-01-11T01:23:28.800+0000] {logging_mixin.py:120} INFO - [2023-01-11T01:23:28.799+0000] {dag.py:2585} INFO - Sync 1 DAGs
[2023-01-11T01:23:28.847+0000] {logging_mixin.py:120} INFO - [2023-01-11T01:23:28.847+0000] {dag.py:3340} INFO - Setting next_dagrun for tutorial_taskflow_api to None, run_after=None
[2023-01-11T01:23:28.884+0000] {processor.py:176} INFO - Processing /home/airflow/.local/lib/python3.7/site-packages/airflow/example_dags/tutorial_taskflow_api.py took 0.261 seconds
[2023-01-11T01:23:59.724+0000] {processor.py:154} INFO - Started process (PID=19106) to work on /home/airflow/.local/lib/python3.7/site-packages/airflow/example_dags/tutorial_taskflow_api.py
[2023-01-11T01:23:59.728+0000] {processor.py:756} INFO - Processing file /home/airflow/.local/lib/python3.7/site-packages/airflow/example_dags/tutorial_taskflow_api.py for tasks to queue
[2023-01-11T01:23:59.731+0000] {logging_mixin.py:120} INFO - [2023-01-11T01:23:59.730+0000] {dagbag.py:537} INFO - Filling up the DagBag from /home/airflow/.local/lib/python3.7/site-packages/airflow/example_dags/tutorial_taskflow_api.py
[2023-01-11T01:23:59.811+0000] {processor.py:766} INFO - DAG(s) dict_keys(['tutorial_taskflow_api']) retrieved from /home/airflow/.local/lib/python3.7/site-packages/airflow/example_dags/tutorial_taskflow_api.py
[2023-01-11T01:23:59.958+0000] {logging_mixin.py:120} INFO - [2023-01-11T01:23:59.957+0000] {dag.py:2585} INFO - Sync 1 DAGs
[2023-01-11T01:24:00.028+0000] {logging_mixin.py:120} INFO - [2023-01-11T01:24:00.028+0000] {dag.py:3340} INFO - Setting next_dagrun for tutorial_taskflow_api to None, run_after=None
[2023-01-11T01:24:00.101+0000] {processor.py:176} INFO - Processing /home/airflow/.local/lib/python3.7/site-packages/airflow/example_dags/tutorial_taskflow_api.py took 0.389 seconds
[2023-01-11T01:24:30.534+0000] {processor.py:154} INFO - Started process (PID=19164) to work on /home/airflow/.local/lib/python3.7/site-packages/airflow/example_dags/tutorial_taskflow_api.py
[2023-01-11T01:24:30.536+0000] {processor.py:756} INFO - Processing file /home/airflow/.local/lib/python3.7/site-packages/airflow/example_dags/tutorial_taskflow_api.py for tasks to queue
[2023-01-11T01:24:30.539+0000] {logging_mixin.py:120} INFO - [2023-01-11T01:24:30.539+0000] {dagbag.py:537} INFO - Filling up the DagBag from /home/airflow/.local/lib/python3.7/site-packages/airflow/example_dags/tutorial_taskflow_api.py
[2023-01-11T01:24:30.594+0000] {processor.py:766} INFO - DAG(s) dict_keys(['tutorial_taskflow_api']) retrieved from /home/airflow/.local/lib/python3.7/site-packages/airflow/example_dags/tutorial_taskflow_api.py
[2023-01-11T01:24:30.693+0000] {logging_mixin.py:120} INFO - [2023-01-11T01:24:30.693+0000] {dag.py:2585} INFO - Sync 1 DAGs
[2023-01-11T01:24:30.745+0000] {logging_mixin.py:120} INFO - [2023-01-11T01:24:30.745+0000] {dag.py:3340} INFO - Setting next_dagrun for tutorial_taskflow_api to None, run_after=None
[2023-01-11T01:24:30.787+0000] {processor.py:176} INFO - Processing /home/airflow/.local/lib/python3.7/site-packages/airflow/example_dags/tutorial_taskflow_api.py took 0.259 seconds
[2023-01-11T01:25:00.871+0000] {processor.py:154} INFO - Started process (PID=19232) to work on /home/airflow/.local/lib/python3.7/site-packages/airflow/example_dags/tutorial_taskflow_api.py
[2023-01-11T01:25:00.873+0000] {processor.py:756} INFO - Processing file /home/airflow/.local/lib/python3.7/site-packages/airflow/example_dags/tutorial_taskflow_api.py for tasks to queue
[2023-01-11T01:25:00.876+0000] {logging_mixin.py:120} INFO - [2023-01-11T01:25:00.876+0000] {dagbag.py:537} INFO - Filling up the DagBag from /home/airflow/.local/lib/python3.7/site-packages/airflow/example_dags/tutorial_taskflow_api.py
[2023-01-11T01:25:00.932+0000] {processor.py:766} INFO - DAG(s) dict_keys(['tutorial_taskflow_api']) retrieved from /home/airflow/.local/lib/python3.7/site-packages/airflow/example_dags/tutorial_taskflow_api.py
[2023-01-11T01:25:01.051+0000] {logging_mixin.py:120} INFO - [2023-01-11T01:25:01.051+0000] {dag.py:2585} INFO - Sync 1 DAGs
[2023-01-11T01:25:01.118+0000] {logging_mixin.py:120} INFO - [2023-01-11T01:25:01.118+0000] {dag.py:3340} INFO - Setting next_dagrun for tutorial_taskflow_api to None, run_after=None
[2023-01-11T01:25:01.167+0000] {processor.py:176} INFO - Processing /home/airflow/.local/lib/python3.7/site-packages/airflow/example_dags/tutorial_taskflow_api.py took 0.308 seconds
[2023-01-11T01:25:31.828+0000] {processor.py:154} INFO - Started process (PID=19290) to work on /home/airflow/.local/lib/python3.7/site-packages/airflow/example_dags/tutorial_taskflow_api.py
[2023-01-11T01:25:31.831+0000] {processor.py:756} INFO - Processing file /home/airflow/.local/lib/python3.7/site-packages/airflow/example_dags/tutorial_taskflow_api.py for tasks to queue
[2023-01-11T01:25:31.834+0000] {logging_mixin.py:120} INFO - [2023-01-11T01:25:31.833+0000] {dagbag.py:537} INFO - Filling up the DagBag from /home/airflow/.local/lib/python3.7/site-packages/airflow/example_dags/tutorial_taskflow_api.py
[2023-01-11T01:25:31.896+0000] {processor.py:766} INFO - DAG(s) dict_keys(['tutorial_taskflow_api']) retrieved from /home/airflow/.local/lib/python3.7/site-packages/airflow/example_dags/tutorial_taskflow_api.py
[2023-01-11T01:25:32.040+0000] {logging_mixin.py:120} INFO - [2023-01-11T01:25:32.039+0000] {dag.py:2585} INFO - Sync 1 DAGs
[2023-01-11T01:25:32.135+0000] {logging_mixin.py:120} INFO - [2023-01-11T01:25:32.134+0000] {dag.py:3340} INFO - Setting next_dagrun for tutorial_taskflow_api to None, run_after=None
[2023-01-11T01:25:32.201+0000] {processor.py:176} INFO - Processing /home/airflow/.local/lib/python3.7/site-packages/airflow/example_dags/tutorial_taskflow_api.py took 0.381 seconds
[2023-01-11T01:26:02.348+0000] {processor.py:154} INFO - Started process (PID=19357) to work on /home/airflow/.local/lib/python3.7/site-packages/airflow/example_dags/tutorial_taskflow_api.py
[2023-01-11T01:26:02.350+0000] {processor.py:756} INFO - Processing file /home/airflow/.local/lib/python3.7/site-packages/airflow/example_dags/tutorial_taskflow_api.py for tasks to queue
[2023-01-11T01:26:02.353+0000] {logging_mixin.py:120} INFO - [2023-01-11T01:26:02.353+0000] {dagbag.py:537} INFO - Filling up the DagBag from /home/airflow/.local/lib/python3.7/site-packages/airflow/example_dags/tutorial_taskflow_api.py
[2023-01-11T01:26:02.413+0000] {processor.py:766} INFO - DAG(s) dict_keys(['tutorial_taskflow_api']) retrieved from /home/airflow/.local/lib/python3.7/site-packages/airflow/example_dags/tutorial_taskflow_api.py
[2023-01-11T01:26:02.529+0000] {logging_mixin.py:120} INFO - [2023-01-11T01:26:02.529+0000] {dag.py:2585} INFO - Sync 1 DAGs
[2023-01-11T01:26:02.599+0000] {logging_mixin.py:120} INFO - [2023-01-11T01:26:02.599+0000] {dag.py:3340} INFO - Setting next_dagrun for tutorial_taskflow_api to None, run_after=None
[2023-01-11T01:26:02.655+0000] {processor.py:176} INFO - Processing /home/airflow/.local/lib/python3.7/site-packages/airflow/example_dags/tutorial_taskflow_api.py took 0.312 seconds
[2023-01-11T01:26:32.857+0000] {processor.py:154} INFO - Started process (PID=19415) to work on /home/airflow/.local/lib/python3.7/site-packages/airflow/example_dags/tutorial_taskflow_api.py
[2023-01-11T01:26:32.859+0000] {processor.py:756} INFO - Processing file /home/airflow/.local/lib/python3.7/site-packages/airflow/example_dags/tutorial_taskflow_api.py for tasks to queue
[2023-01-11T01:26:32.862+0000] {logging_mixin.py:120} INFO - [2023-01-11T01:26:32.861+0000] {dagbag.py:537} INFO - Filling up the DagBag from /home/airflow/.local/lib/python3.7/site-packages/airflow/example_dags/tutorial_taskflow_api.py
[2023-01-11T01:26:32.922+0000] {processor.py:766} INFO - DAG(s) dict_keys(['tutorial_taskflow_api']) retrieved from /home/airflow/.local/lib/python3.7/site-packages/airflow/example_dags/tutorial_taskflow_api.py
[2023-01-11T01:26:33.103+0000] {logging_mixin.py:120} INFO - [2023-01-11T01:26:33.103+0000] {dag.py:2585} INFO - Sync 1 DAGs
[2023-01-11T01:26:33.163+0000] {logging_mixin.py:120} INFO - [2023-01-11T01:26:33.163+0000] {dag.py:3340} INFO - Setting next_dagrun for tutorial_taskflow_api to None, run_after=None
[2023-01-11T01:26:33.223+0000] {processor.py:176} INFO - Processing /home/airflow/.local/lib/python3.7/site-packages/airflow/example_dags/tutorial_taskflow_api.py took 0.374 seconds
[2023-01-11T01:27:03.351+0000] {processor.py:154} INFO - Started process (PID=19482) to work on /home/airflow/.local/lib/python3.7/site-packages/airflow/example_dags/tutorial_taskflow_api.py
[2023-01-11T01:27:03.352+0000] {processor.py:756} INFO - Processing file /home/airflow/.local/lib/python3.7/site-packages/airflow/example_dags/tutorial_taskflow_api.py for tasks to queue
[2023-01-11T01:27:03.355+0000] {logging_mixin.py:120} INFO - [2023-01-11T01:27:03.355+0000] {dagbag.py:537} INFO - Filling up the DagBag from /home/airflow/.local/lib/python3.7/site-packages/airflow/example_dags/tutorial_taskflow_api.py
[2023-01-11T01:27:03.409+0000] {processor.py:766} INFO - DAG(s) dict_keys(['tutorial_taskflow_api']) retrieved from /home/airflow/.local/lib/python3.7/site-packages/airflow/example_dags/tutorial_taskflow_api.py
[2023-01-11T01:27:03.551+0000] {logging_mixin.py:120} INFO - [2023-01-11T01:27:03.549+0000] {dag.py:2585} INFO - Sync 1 DAGs
[2023-01-11T01:27:03.645+0000] {logging_mixin.py:120} INFO - [2023-01-11T01:27:03.645+0000] {dag.py:3340} INFO - Setting next_dagrun for tutorial_taskflow_api to None, run_after=None
[2023-01-11T01:27:03.679+0000] {processor.py:176} INFO - Processing /home/airflow/.local/lib/python3.7/site-packages/airflow/example_dags/tutorial_taskflow_api.py took 0.336 seconds
[2023-01-11T01:27:34.044+0000] {processor.py:154} INFO - Started process (PID=19540) to work on /home/airflow/.local/lib/python3.7/site-packages/airflow/example_dags/tutorial_taskflow_api.py
[2023-01-11T01:27:34.045+0000] {processor.py:756} INFO - Processing file /home/airflow/.local/lib/python3.7/site-packages/airflow/example_dags/tutorial_taskflow_api.py for tasks to queue
[2023-01-11T01:27:34.046+0000] {logging_mixin.py:120} INFO - [2023-01-11T01:27:34.046+0000] {dagbag.py:537} INFO - Filling up the DagBag from /home/airflow/.local/lib/python3.7/site-packages/airflow/example_dags/tutorial_taskflow_api.py
[2023-01-11T01:27:34.074+0000] {processor.py:766} INFO - DAG(s) dict_keys(['tutorial_taskflow_api']) retrieved from /home/airflow/.local/lib/python3.7/site-packages/airflow/example_dags/tutorial_taskflow_api.py
[2023-01-11T01:27:34.128+0000] {logging_mixin.py:120} INFO - [2023-01-11T01:27:34.127+0000] {dag.py:2585} INFO - Sync 1 DAGs
[2023-01-11T01:27:34.152+0000] {logging_mixin.py:120} INFO - [2023-01-11T01:27:34.152+0000] {dag.py:3340} INFO - Setting next_dagrun for tutorial_taskflow_api to None, run_after=None
[2023-01-11T01:27:34.172+0000] {processor.py:176} INFO - Processing /home/airflow/.local/lib/python3.7/site-packages/airflow/example_dags/tutorial_taskflow_api.py took 0.133 seconds
[2023-01-11T01:28:04.920+0000] {processor.py:154} INFO - Started process (PID=19607) to work on /home/airflow/.local/lib/python3.7/site-packages/airflow/example_dags/tutorial_taskflow_api.py
[2023-01-11T01:28:04.921+0000] {processor.py:756} INFO - Processing file /home/airflow/.local/lib/python3.7/site-packages/airflow/example_dags/tutorial_taskflow_api.py for tasks to queue
[2023-01-11T01:28:04.922+0000] {logging_mixin.py:120} INFO - [2023-01-11T01:28:04.922+0000] {dagbag.py:537} INFO - Filling up the DagBag from /home/airflow/.local/lib/python3.7/site-packages/airflow/example_dags/tutorial_taskflow_api.py
[2023-01-11T01:28:04.966+0000] {processor.py:766} INFO - DAG(s) dict_keys(['tutorial_taskflow_api']) retrieved from /home/airflow/.local/lib/python3.7/site-packages/airflow/example_dags/tutorial_taskflow_api.py
[2023-01-11T01:28:05.016+0000] {logging_mixin.py:120} INFO - [2023-01-11T01:28:05.015+0000] {dag.py:2585} INFO - Sync 1 DAGs
[2023-01-11T01:28:05.044+0000] {logging_mixin.py:120} INFO - [2023-01-11T01:28:05.044+0000] {dag.py:3340} INFO - Setting next_dagrun for tutorial_taskflow_api to None, run_after=None
[2023-01-11T01:28:05.064+0000] {processor.py:176} INFO - Processing /home/airflow/.local/lib/python3.7/site-packages/airflow/example_dags/tutorial_taskflow_api.py took 0.148 seconds
[2023-01-11T01:28:35.332+0000] {processor.py:154} INFO - Started process (PID=19665) to work on /home/airflow/.local/lib/python3.7/site-packages/airflow/example_dags/tutorial_taskflow_api.py
[2023-01-11T01:28:35.333+0000] {processor.py:756} INFO - Processing file /home/airflow/.local/lib/python3.7/site-packages/airflow/example_dags/tutorial_taskflow_api.py for tasks to queue
[2023-01-11T01:28:35.335+0000] {logging_mixin.py:120} INFO - [2023-01-11T01:28:35.335+0000] {dagbag.py:537} INFO - Filling up the DagBag from /home/airflow/.local/lib/python3.7/site-packages/airflow/example_dags/tutorial_taskflow_api.py
[2023-01-11T01:28:35.388+0000] {processor.py:766} INFO - DAG(s) dict_keys(['tutorial_taskflow_api']) retrieved from /home/airflow/.local/lib/python3.7/site-packages/airflow/example_dags/tutorial_taskflow_api.py
[2023-01-11T01:28:35.458+0000] {logging_mixin.py:120} INFO - [2023-01-11T01:28:35.458+0000] {dag.py:2585} INFO - Sync 1 DAGs
[2023-01-11T01:28:35.486+0000] {logging_mixin.py:120} INFO - [2023-01-11T01:28:35.486+0000] {dag.py:3340} INFO - Setting next_dagrun for tutorial_taskflow_api to None, run_after=None
[2023-01-11T01:28:35.512+0000] {processor.py:176} INFO - Processing /home/airflow/.local/lib/python3.7/site-packages/airflow/example_dags/tutorial_taskflow_api.py took 0.189 seconds
[2023-01-11T01:29:06.039+0000] {processor.py:154} INFO - Started process (PID=19732) to work on /home/airflow/.local/lib/python3.7/site-packages/airflow/example_dags/tutorial_taskflow_api.py
[2023-01-11T01:29:06.040+0000] {processor.py:756} INFO - Processing file /home/airflow/.local/lib/python3.7/site-packages/airflow/example_dags/tutorial_taskflow_api.py for tasks to queue
[2023-01-11T01:29:06.042+0000] {logging_mixin.py:120} INFO - [2023-01-11T01:29:06.042+0000] {dagbag.py:537} INFO - Filling up the DagBag from /home/airflow/.local/lib/python3.7/site-packages/airflow/example_dags/tutorial_taskflow_api.py
[2023-01-11T01:29:06.083+0000] {processor.py:766} INFO - DAG(s) dict_keys(['tutorial_taskflow_api']) retrieved from /home/airflow/.local/lib/python3.7/site-packages/airflow/example_dags/tutorial_taskflow_api.py
[2023-01-11T01:29:06.126+0000] {logging_mixin.py:120} INFO - [2023-01-11T01:29:06.126+0000] {dag.py:2585} INFO - Sync 1 DAGs
[2023-01-11T01:29:06.152+0000] {logging_mixin.py:120} INFO - [2023-01-11T01:29:06.151+0000] {dag.py:3340} INFO - Setting next_dagrun for tutorial_taskflow_api to None, run_after=None
[2023-01-11T01:29:06.173+0000] {processor.py:176} INFO - Processing /home/airflow/.local/lib/python3.7/site-packages/airflow/example_dags/tutorial_taskflow_api.py took 0.140 seconds
[2023-01-11T01:29:36.454+0000] {processor.py:154} INFO - Started process (PID=19789) to work on /home/airflow/.local/lib/python3.7/site-packages/airflow/example_dags/tutorial_taskflow_api.py
[2023-01-11T01:29:36.456+0000] {processor.py:756} INFO - Processing file /home/airflow/.local/lib/python3.7/site-packages/airflow/example_dags/tutorial_taskflow_api.py for tasks to queue
[2023-01-11T01:29:36.459+0000] {logging_mixin.py:120} INFO - [2023-01-11T01:29:36.459+0000] {dagbag.py:537} INFO - Filling up the DagBag from /home/airflow/.local/lib/python3.7/site-packages/airflow/example_dags/tutorial_taskflow_api.py
[2023-01-11T01:29:36.504+0000] {processor.py:766} INFO - DAG(s) dict_keys(['tutorial_taskflow_api']) retrieved from /home/airflow/.local/lib/python3.7/site-packages/airflow/example_dags/tutorial_taskflow_api.py
[2023-01-11T01:29:36.619+0000] {logging_mixin.py:120} INFO - [2023-01-11T01:29:36.619+0000] {dag.py:2585} INFO - Sync 1 DAGs
[2023-01-11T01:29:36.688+0000] {logging_mixin.py:120} INFO - [2023-01-11T01:29:36.688+0000] {dag.py:3340} INFO - Setting next_dagrun for tutorial_taskflow_api to None, run_after=None
[2023-01-11T01:29:36.747+0000] {processor.py:176} INFO - Processing /home/airflow/.local/lib/python3.7/site-packages/airflow/example_dags/tutorial_taskflow_api.py took 0.304 seconds
[2023-01-11T01:30:07.028+0000] {processor.py:154} INFO - Started process (PID=19856) to work on /home/airflow/.local/lib/python3.7/site-packages/airflow/example_dags/tutorial_taskflow_api.py
[2023-01-11T01:30:07.030+0000] {processor.py:756} INFO - Processing file /home/airflow/.local/lib/python3.7/site-packages/airflow/example_dags/tutorial_taskflow_api.py for tasks to queue
[2023-01-11T01:30:07.032+0000] {logging_mixin.py:120} INFO - [2023-01-11T01:30:07.032+0000] {dagbag.py:537} INFO - Filling up the DagBag from /home/airflow/.local/lib/python3.7/site-packages/airflow/example_dags/tutorial_taskflow_api.py
[2023-01-11T01:30:07.081+0000] {processor.py:766} INFO - DAG(s) dict_keys(['tutorial_taskflow_api']) retrieved from /home/airflow/.local/lib/python3.7/site-packages/airflow/example_dags/tutorial_taskflow_api.py
[2023-01-11T01:30:07.177+0000] {logging_mixin.py:120} INFO - [2023-01-11T01:30:07.177+0000] {dag.py:2585} INFO - Sync 1 DAGs
[2023-01-11T01:30:07.228+0000] {logging_mixin.py:120} INFO - [2023-01-11T01:30:07.228+0000] {dag.py:3340} INFO - Setting next_dagrun for tutorial_taskflow_api to None, run_after=None
[2023-01-11T01:30:07.265+0000] {processor.py:176} INFO - Processing /home/airflow/.local/lib/python3.7/site-packages/airflow/example_dags/tutorial_taskflow_api.py took 0.249 seconds
[2023-01-11T01:30:37.903+0000] {processor.py:154} INFO - Started process (PID=19921) to work on /home/airflow/.local/lib/python3.7/site-packages/airflow/example_dags/tutorial_taskflow_api.py
[2023-01-11T01:30:37.905+0000] {processor.py:756} INFO - Processing file /home/airflow/.local/lib/python3.7/site-packages/airflow/example_dags/tutorial_taskflow_api.py for tasks to queue
[2023-01-11T01:30:37.908+0000] {logging_mixin.py:120} INFO - [2023-01-11T01:30:37.908+0000] {dagbag.py:537} INFO - Filling up the DagBag from /home/airflow/.local/lib/python3.7/site-packages/airflow/example_dags/tutorial_taskflow_api.py
[2023-01-11T01:30:37.950+0000] {processor.py:766} INFO - DAG(s) dict_keys(['tutorial_taskflow_api']) retrieved from /home/airflow/.local/lib/python3.7/site-packages/airflow/example_dags/tutorial_taskflow_api.py
[2023-01-11T01:30:38.079+0000] {logging_mixin.py:120} INFO - [2023-01-11T01:30:38.079+0000] {dag.py:2585} INFO - Sync 1 DAGs
[2023-01-11T01:30:38.147+0000] {logging_mixin.py:120} INFO - [2023-01-11T01:30:38.146+0000] {dag.py:3340} INFO - Setting next_dagrun for tutorial_taskflow_api to None, run_after=None
[2023-01-11T01:30:38.219+0000] {processor.py:176} INFO - Processing /home/airflow/.local/lib/python3.7/site-packages/airflow/example_dags/tutorial_taskflow_api.py took 0.323 seconds
[2023-01-11T01:31:08.944+0000] {processor.py:154} INFO - Started process (PID=19981) to work on /home/airflow/.local/lib/python3.7/site-packages/airflow/example_dags/tutorial_taskflow_api.py
[2023-01-11T01:31:08.944+0000] {processor.py:756} INFO - Processing file /home/airflow/.local/lib/python3.7/site-packages/airflow/example_dags/tutorial_taskflow_api.py for tasks to queue
[2023-01-11T01:31:08.947+0000] {logging_mixin.py:120} INFO - [2023-01-11T01:31:08.945+0000] {dagbag.py:537} INFO - Filling up the DagBag from /home/airflow/.local/lib/python3.7/site-packages/airflow/example_dags/tutorial_taskflow_api.py
[2023-01-11T01:31:08.971+0000] {processor.py:766} INFO - DAG(s) dict_keys(['tutorial_taskflow_api']) retrieved from /home/airflow/.local/lib/python3.7/site-packages/airflow/example_dags/tutorial_taskflow_api.py
[2023-01-11T01:31:09.015+0000] {logging_mixin.py:120} INFO - [2023-01-11T01:31:09.015+0000] {dag.py:2585} INFO - Sync 1 DAGs
[2023-01-11T01:31:09.044+0000] {logging_mixin.py:120} INFO - [2023-01-11T01:31:09.044+0000] {dag.py:3340} INFO - Setting next_dagrun for tutorial_taskflow_api to None, run_after=None
[2023-01-11T01:31:09.066+0000] {processor.py:176} INFO - Processing /home/airflow/.local/lib/python3.7/site-packages/airflow/example_dags/tutorial_taskflow_api.py took 0.126 seconds
[2023-01-11T01:31:39.386+0000] {processor.py:154} INFO - Started process (PID=20039) to work on /home/airflow/.local/lib/python3.7/site-packages/airflow/example_dags/tutorial_taskflow_api.py
[2023-01-11T01:31:39.388+0000] {processor.py:756} INFO - Processing file /home/airflow/.local/lib/python3.7/site-packages/airflow/example_dags/tutorial_taskflow_api.py for tasks to queue
[2023-01-11T01:31:39.390+0000] {logging_mixin.py:120} INFO - [2023-01-11T01:31:39.389+0000] {dagbag.py:537} INFO - Filling up the DagBag from /home/airflow/.local/lib/python3.7/site-packages/airflow/example_dags/tutorial_taskflow_api.py
[2023-01-11T01:31:39.426+0000] {processor.py:766} INFO - DAG(s) dict_keys(['tutorial_taskflow_api']) retrieved from /home/airflow/.local/lib/python3.7/site-packages/airflow/example_dags/tutorial_taskflow_api.py
[2023-01-11T01:31:39.503+0000] {logging_mixin.py:120} INFO - [2023-01-11T01:31:39.503+0000] {dag.py:2585} INFO - Sync 1 DAGs
[2023-01-11T01:31:39.545+0000] {logging_mixin.py:120} INFO - [2023-01-11T01:31:39.545+0000] {dag.py:3340} INFO - Setting next_dagrun for tutorial_taskflow_api to None, run_after=None
[2023-01-11T01:31:39.580+0000] {processor.py:176} INFO - Processing /home/airflow/.local/lib/python3.7/site-packages/airflow/example_dags/tutorial_taskflow_api.py took 0.201 seconds
[2023-01-11T01:32:10.276+0000] {processor.py:154} INFO - Started process (PID=20106) to work on /home/airflow/.local/lib/python3.7/site-packages/airflow/example_dags/tutorial_taskflow_api.py
[2023-01-11T01:32:10.277+0000] {processor.py:756} INFO - Processing file /home/airflow/.local/lib/python3.7/site-packages/airflow/example_dags/tutorial_taskflow_api.py for tasks to queue
[2023-01-11T01:32:10.278+0000] {logging_mixin.py:120} INFO - [2023-01-11T01:32:10.277+0000] {dagbag.py:537} INFO - Filling up the DagBag from /home/airflow/.local/lib/python3.7/site-packages/airflow/example_dags/tutorial_taskflow_api.py
[2023-01-11T01:32:10.305+0000] {processor.py:766} INFO - DAG(s) dict_keys(['tutorial_taskflow_api']) retrieved from /home/airflow/.local/lib/python3.7/site-packages/airflow/example_dags/tutorial_taskflow_api.py
[2023-01-11T01:32:10.378+0000] {logging_mixin.py:120} INFO - [2023-01-11T01:32:10.378+0000] {dag.py:2585} INFO - Sync 1 DAGs
[2023-01-11T01:32:10.407+0000] {logging_mixin.py:120} INFO - [2023-01-11T01:32:10.406+0000] {dag.py:3340} INFO - Setting next_dagrun for tutorial_taskflow_api to None, run_after=None
[2023-01-11T01:32:10.428+0000] {processor.py:176} INFO - Processing /home/airflow/.local/lib/python3.7/site-packages/airflow/example_dags/tutorial_taskflow_api.py took 0.156 seconds
[2023-01-11T01:32:40.528+0000] {processor.py:154} INFO - Started process (PID=20173) to work on /home/airflow/.local/lib/python3.7/site-packages/airflow/example_dags/tutorial_taskflow_api.py
[2023-01-11T01:32:40.529+0000] {processor.py:756} INFO - Processing file /home/airflow/.local/lib/python3.7/site-packages/airflow/example_dags/tutorial_taskflow_api.py for tasks to queue
[2023-01-11T01:32:40.531+0000] {logging_mixin.py:120} INFO - [2023-01-11T01:32:40.531+0000] {dagbag.py:537} INFO - Filling up the DagBag from /home/airflow/.local/lib/python3.7/site-packages/airflow/example_dags/tutorial_taskflow_api.py
[2023-01-11T01:32:40.560+0000] {processor.py:766} INFO - DAG(s) dict_keys(['tutorial_taskflow_api']) retrieved from /home/airflow/.local/lib/python3.7/site-packages/airflow/example_dags/tutorial_taskflow_api.py
[2023-01-11T01:32:40.623+0000] {logging_mixin.py:120} INFO - [2023-01-11T01:32:40.622+0000] {dag.py:2585} INFO - Sync 1 DAGs
[2023-01-11T01:32:40.660+0000] {logging_mixin.py:120} INFO - [2023-01-11T01:32:40.660+0000] {dag.py:3340} INFO - Setting next_dagrun for tutorial_taskflow_api to None, run_after=None
[2023-01-11T01:32:40.692+0000] {processor.py:176} INFO - Processing /home/airflow/.local/lib/python3.7/site-packages/airflow/example_dags/tutorial_taskflow_api.py took 0.168 seconds
[2023-01-11T01:33:11.789+0000] {processor.py:154} INFO - Started process (PID=20231) to work on /home/airflow/.local/lib/python3.7/site-packages/airflow/example_dags/tutorial_taskflow_api.py
[2023-01-11T01:33:11.791+0000] {processor.py:756} INFO - Processing file /home/airflow/.local/lib/python3.7/site-packages/airflow/example_dags/tutorial_taskflow_api.py for tasks to queue
[2023-01-11T01:33:11.792+0000] {logging_mixin.py:120} INFO - [2023-01-11T01:33:11.792+0000] {dagbag.py:537} INFO - Filling up the DagBag from /home/airflow/.local/lib/python3.7/site-packages/airflow/example_dags/tutorial_taskflow_api.py
[2023-01-11T01:33:11.835+0000] {processor.py:766} INFO - DAG(s) dict_keys(['tutorial_taskflow_api']) retrieved from /home/airflow/.local/lib/python3.7/site-packages/airflow/example_dags/tutorial_taskflow_api.py
[2023-01-11T01:33:11.929+0000] {logging_mixin.py:120} INFO - [2023-01-11T01:33:11.928+0000] {dag.py:2585} INFO - Sync 1 DAGs
[2023-01-11T01:33:11.977+0000] {logging_mixin.py:120} INFO - [2023-01-11T01:33:11.977+0000] {dag.py:3340} INFO - Setting next_dagrun for tutorial_taskflow_api to None, run_after=None
[2023-01-11T01:33:12.062+0000] {processor.py:176} INFO - Processing /home/airflow/.local/lib/python3.7/site-packages/airflow/example_dags/tutorial_taskflow_api.py took 0.278 seconds
[2023-01-11T01:33:42.747+0000] {processor.py:154} INFO - Started process (PID=20298) to work on /home/airflow/.local/lib/python3.7/site-packages/airflow/example_dags/tutorial_taskflow_api.py
[2023-01-11T01:33:42.749+0000] {processor.py:756} INFO - Processing file /home/airflow/.local/lib/python3.7/site-packages/airflow/example_dags/tutorial_taskflow_api.py for tasks to queue
[2023-01-11T01:33:42.752+0000] {logging_mixin.py:120} INFO - [2023-01-11T01:33:42.751+0000] {dagbag.py:537} INFO - Filling up the DagBag from /home/airflow/.local/lib/python3.7/site-packages/airflow/example_dags/tutorial_taskflow_api.py
[2023-01-11T01:33:42.814+0000] {processor.py:766} INFO - DAG(s) dict_keys(['tutorial_taskflow_api']) retrieved from /home/airflow/.local/lib/python3.7/site-packages/airflow/example_dags/tutorial_taskflow_api.py
[2023-01-11T01:33:42.959+0000] {logging_mixin.py:120} INFO - [2023-01-11T01:33:42.958+0000] {dag.py:2585} INFO - Sync 1 DAGs
[2023-01-11T01:33:43.013+0000] {logging_mixin.py:120} INFO - [2023-01-11T01:33:43.013+0000] {dag.py:3340} INFO - Setting next_dagrun for tutorial_taskflow_api to None, run_after=None
[2023-01-11T01:33:43.054+0000] {processor.py:176} INFO - Processing /home/airflow/.local/lib/python3.7/site-packages/airflow/example_dags/tutorial_taskflow_api.py took 0.321 seconds
[2023-01-11T01:34:13.860+0000] {processor.py:154} INFO - Started process (PID=20355) to work on /home/airflow/.local/lib/python3.7/site-packages/airflow/example_dags/tutorial_taskflow_api.py
[2023-01-11T01:34:13.862+0000] {processor.py:756} INFO - Processing file /home/airflow/.local/lib/python3.7/site-packages/airflow/example_dags/tutorial_taskflow_api.py for tasks to queue
[2023-01-11T01:34:13.864+0000] {logging_mixin.py:120} INFO - [2023-01-11T01:34:13.863+0000] {dagbag.py:537} INFO - Filling up the DagBag from /home/airflow/.local/lib/python3.7/site-packages/airflow/example_dags/tutorial_taskflow_api.py
[2023-01-11T01:34:13.911+0000] {processor.py:766} INFO - DAG(s) dict_keys(['tutorial_taskflow_api']) retrieved from /home/airflow/.local/lib/python3.7/site-packages/airflow/example_dags/tutorial_taskflow_api.py
[2023-01-11T01:34:14.000+0000] {logging_mixin.py:120} INFO - [2023-01-11T01:34:14.000+0000] {dag.py:2585} INFO - Sync 1 DAGs
[2023-01-11T01:34:14.051+0000] {logging_mixin.py:120} INFO - [2023-01-11T01:34:14.051+0000] {dag.py:3340} INFO - Setting next_dagrun for tutorial_taskflow_api to None, run_after=None
[2023-01-11T01:34:14.089+0000] {processor.py:176} INFO - Processing /home/airflow/.local/lib/python3.7/site-packages/airflow/example_dags/tutorial_taskflow_api.py took 0.238 seconds
[2023-01-11T01:34:44.375+0000] {processor.py:154} INFO - Started process (PID=20421) to work on /home/airflow/.local/lib/python3.7/site-packages/airflow/example_dags/tutorial_taskflow_api.py
[2023-01-11T01:34:44.377+0000] {processor.py:756} INFO - Processing file /home/airflow/.local/lib/python3.7/site-packages/airflow/example_dags/tutorial_taskflow_api.py for tasks to queue
[2023-01-11T01:34:44.379+0000] {logging_mixin.py:120} INFO - [2023-01-11T01:34:44.379+0000] {dagbag.py:537} INFO - Filling up the DagBag from /home/airflow/.local/lib/python3.7/site-packages/airflow/example_dags/tutorial_taskflow_api.py
[2023-01-11T01:34:44.436+0000] {processor.py:766} INFO - DAG(s) dict_keys(['tutorial_taskflow_api']) retrieved from /home/airflow/.local/lib/python3.7/site-packages/airflow/example_dags/tutorial_taskflow_api.py
[2023-01-11T01:34:44.508+0000] {logging_mixin.py:120} INFO - [2023-01-11T01:34:44.507+0000] {dag.py:2585} INFO - Sync 1 DAGs
[2023-01-11T01:34:44.584+0000] {logging_mixin.py:120} INFO - [2023-01-11T01:34:44.583+0000] {dag.py:3340} INFO - Setting next_dagrun for tutorial_taskflow_api to None, run_after=None
[2023-01-11T01:34:44.638+0000] {processor.py:176} INFO - Processing /home/airflow/.local/lib/python3.7/site-packages/airflow/example_dags/tutorial_taskflow_api.py took 0.272 seconds
[2023-01-11T01:35:15.190+0000] {processor.py:154} INFO - Started process (PID=20480) to work on /home/airflow/.local/lib/python3.7/site-packages/airflow/example_dags/tutorial_taskflow_api.py
[2023-01-11T01:35:15.193+0000] {processor.py:756} INFO - Processing file /home/airflow/.local/lib/python3.7/site-packages/airflow/example_dags/tutorial_taskflow_api.py for tasks to queue
[2023-01-11T01:35:15.197+0000] {logging_mixin.py:120} INFO - [2023-01-11T01:35:15.196+0000] {dagbag.py:537} INFO - Filling up the DagBag from /home/airflow/.local/lib/python3.7/site-packages/airflow/example_dags/tutorial_taskflow_api.py
[2023-01-11T01:35:15.258+0000] {processor.py:766} INFO - DAG(s) dict_keys(['tutorial_taskflow_api']) retrieved from /home/airflow/.local/lib/python3.7/site-packages/airflow/example_dags/tutorial_taskflow_api.py
[2023-01-11T01:35:15.344+0000] {logging_mixin.py:120} INFO - [2023-01-11T01:35:15.344+0000] {dag.py:2585} INFO - Sync 1 DAGs
[2023-01-11T01:35:15.397+0000] {logging_mixin.py:120} INFO - [2023-01-11T01:35:15.397+0000] {dag.py:3340} INFO - Setting next_dagrun for tutorial_taskflow_api to None, run_after=None
[2023-01-11T01:35:15.449+0000] {processor.py:176} INFO - Processing /home/airflow/.local/lib/python3.7/site-packages/airflow/example_dags/tutorial_taskflow_api.py took 0.272 seconds
[2023-01-11T01:35:45.675+0000] {processor.py:154} INFO - Started process (PID=20548) to work on /home/airflow/.local/lib/python3.7/site-packages/airflow/example_dags/tutorial_taskflow_api.py
[2023-01-11T01:35:45.677+0000] {processor.py:756} INFO - Processing file /home/airflow/.local/lib/python3.7/site-packages/airflow/example_dags/tutorial_taskflow_api.py for tasks to queue
[2023-01-11T01:35:45.679+0000] {logging_mixin.py:120} INFO - [2023-01-11T01:35:45.678+0000] {dagbag.py:537} INFO - Filling up the DagBag from /home/airflow/.local/lib/python3.7/site-packages/airflow/example_dags/tutorial_taskflow_api.py
[2023-01-11T01:35:45.714+0000] {processor.py:766} INFO - DAG(s) dict_keys(['tutorial_taskflow_api']) retrieved from /home/airflow/.local/lib/python3.7/site-packages/airflow/example_dags/tutorial_taskflow_api.py
[2023-01-11T01:35:45.786+0000] {logging_mixin.py:120} INFO - [2023-01-11T01:35:45.785+0000] {dag.py:2585} INFO - Sync 1 DAGs
[2023-01-11T01:35:45.827+0000] {logging_mixin.py:120} INFO - [2023-01-11T01:35:45.827+0000] {dag.py:3340} INFO - Setting next_dagrun for tutorial_taskflow_api to None, run_after=None
[2023-01-11T01:35:45.859+0000] {processor.py:176} INFO - Processing /home/airflow/.local/lib/python3.7/site-packages/airflow/example_dags/tutorial_taskflow_api.py took 0.192 seconds
[2023-01-11T01:36:16.350+0000] {processor.py:154} INFO - Started process (PID=20615) to work on /home/airflow/.local/lib/python3.7/site-packages/airflow/example_dags/tutorial_taskflow_api.py
[2023-01-11T01:36:16.351+0000] {processor.py:756} INFO - Processing file /home/airflow/.local/lib/python3.7/site-packages/airflow/example_dags/tutorial_taskflow_api.py for tasks to queue
[2023-01-11T01:36:16.353+0000] {logging_mixin.py:120} INFO - [2023-01-11T01:36:16.353+0000] {dagbag.py:537} INFO - Filling up the DagBag from /home/airflow/.local/lib/python3.7/site-packages/airflow/example_dags/tutorial_taskflow_api.py
[2023-01-11T01:36:16.388+0000] {processor.py:766} INFO - DAG(s) dict_keys(['tutorial_taskflow_api']) retrieved from /home/airflow/.local/lib/python3.7/site-packages/airflow/example_dags/tutorial_taskflow_api.py
[2023-01-11T01:36:16.455+0000] {logging_mixin.py:120} INFO - [2023-01-11T01:36:16.454+0000] {dag.py:2585} INFO - Sync 1 DAGs
[2023-01-11T01:36:16.501+0000] {logging_mixin.py:120} INFO - [2023-01-11T01:36:16.501+0000] {dag.py:3340} INFO - Setting next_dagrun for tutorial_taskflow_api to None, run_after=None
[2023-01-11T01:36:16.545+0000] {processor.py:176} INFO - Processing /home/airflow/.local/lib/python3.7/site-packages/airflow/example_dags/tutorial_taskflow_api.py took 0.206 seconds
[2023-01-11T01:36:46.637+0000] {processor.py:154} INFO - Started process (PID=20673) to work on /home/airflow/.local/lib/python3.7/site-packages/airflow/example_dags/tutorial_taskflow_api.py
[2023-01-11T01:36:46.638+0000] {processor.py:756} INFO - Processing file /home/airflow/.local/lib/python3.7/site-packages/airflow/example_dags/tutorial_taskflow_api.py for tasks to queue
[2023-01-11T01:36:46.640+0000] {logging_mixin.py:120} INFO - [2023-01-11T01:36:46.640+0000] {dagbag.py:537} INFO - Filling up the DagBag from /home/airflow/.local/lib/python3.7/site-packages/airflow/example_dags/tutorial_taskflow_api.py
[2023-01-11T01:36:46.677+0000] {processor.py:766} INFO - DAG(s) dict_keys(['tutorial_taskflow_api']) retrieved from /home/airflow/.local/lib/python3.7/site-packages/airflow/example_dags/tutorial_taskflow_api.py
[2023-01-11T01:36:46.744+0000] {logging_mixin.py:120} INFO - [2023-01-11T01:36:46.744+0000] {dag.py:2585} INFO - Sync 1 DAGs
[2023-01-11T01:36:46.790+0000] {logging_mixin.py:120} INFO - [2023-01-11T01:36:46.790+0000] {dag.py:3340} INFO - Setting next_dagrun for tutorial_taskflow_api to None, run_after=None
[2023-01-11T01:36:46.833+0000] {processor.py:176} INFO - Processing /home/airflow/.local/lib/python3.7/site-packages/airflow/example_dags/tutorial_taskflow_api.py took 0.202 seconds
[2023-01-11T01:37:17.209+0000] {processor.py:154} INFO - Started process (PID=20740) to work on /home/airflow/.local/lib/python3.7/site-packages/airflow/example_dags/tutorial_taskflow_api.py
[2023-01-11T01:37:17.212+0000] {processor.py:756} INFO - Processing file /home/airflow/.local/lib/python3.7/site-packages/airflow/example_dags/tutorial_taskflow_api.py for tasks to queue
[2023-01-11T01:37:17.217+0000] {logging_mixin.py:120} INFO - [2023-01-11T01:37:17.217+0000] {dagbag.py:537} INFO - Filling up the DagBag from /home/airflow/.local/lib/python3.7/site-packages/airflow/example_dags/tutorial_taskflow_api.py
[2023-01-11T01:37:17.282+0000] {processor.py:766} INFO - DAG(s) dict_keys(['tutorial_taskflow_api']) retrieved from /home/airflow/.local/lib/python3.7/site-packages/airflow/example_dags/tutorial_taskflow_api.py
[2023-01-11T01:37:17.355+0000] {logging_mixin.py:120} INFO - [2023-01-11T01:37:17.355+0000] {dag.py:2585} INFO - Sync 1 DAGs
[2023-01-11T01:37:17.398+0000] {logging_mixin.py:120} INFO - [2023-01-11T01:37:17.397+0000] {dag.py:3340} INFO - Setting next_dagrun for tutorial_taskflow_api to None, run_after=None
[2023-01-11T01:37:17.443+0000] {processor.py:176} INFO - Processing /home/airflow/.local/lib/python3.7/site-packages/airflow/example_dags/tutorial_taskflow_api.py took 0.245 seconds
[2023-01-11T01:37:47.959+0000] {processor.py:154} INFO - Started process (PID=20799) to work on /home/airflow/.local/lib/python3.7/site-packages/airflow/example_dags/tutorial_taskflow_api.py
[2023-01-11T01:37:47.961+0000] {processor.py:756} INFO - Processing file /home/airflow/.local/lib/python3.7/site-packages/airflow/example_dags/tutorial_taskflow_api.py for tasks to queue
[2023-01-11T01:37:47.964+0000] {logging_mixin.py:120} INFO - [2023-01-11T01:37:47.963+0000] {dagbag.py:537} INFO - Filling up the DagBag from /home/airflow/.local/lib/python3.7/site-packages/airflow/example_dags/tutorial_taskflow_api.py
[2023-01-11T01:37:48.032+0000] {processor.py:766} INFO - DAG(s) dict_keys(['tutorial_taskflow_api']) retrieved from /home/airflow/.local/lib/python3.7/site-packages/airflow/example_dags/tutorial_taskflow_api.py
[2023-01-11T01:37:48.095+0000] {logging_mixin.py:120} INFO - [2023-01-11T01:37:48.095+0000] {dag.py:2585} INFO - Sync 1 DAGs
[2023-01-11T01:37:48.128+0000] {logging_mixin.py:120} INFO - [2023-01-11T01:37:48.128+0000] {dag.py:3340} INFO - Setting next_dagrun for tutorial_taskflow_api to None, run_after=None
[2023-01-11T01:37:48.156+0000] {processor.py:176} INFO - Processing /home/airflow/.local/lib/python3.7/site-packages/airflow/example_dags/tutorial_taskflow_api.py took 0.208 seconds
[2023-01-11T01:38:18.465+0000] {processor.py:154} INFO - Started process (PID=20868) to work on /home/airflow/.local/lib/python3.7/site-packages/airflow/example_dags/tutorial_taskflow_api.py
[2023-01-11T01:38:18.467+0000] {processor.py:756} INFO - Processing file /home/airflow/.local/lib/python3.7/site-packages/airflow/example_dags/tutorial_taskflow_api.py for tasks to queue
[2023-01-11T01:38:18.468+0000] {logging_mixin.py:120} INFO - [2023-01-11T01:38:18.468+0000] {dagbag.py:537} INFO - Filling up the DagBag from /home/airflow/.local/lib/python3.7/site-packages/airflow/example_dags/tutorial_taskflow_api.py
[2023-01-11T01:38:18.491+0000] {processor.py:766} INFO - DAG(s) dict_keys(['tutorial_taskflow_api']) retrieved from /home/airflow/.local/lib/python3.7/site-packages/airflow/example_dags/tutorial_taskflow_api.py
[2023-01-11T01:38:18.538+0000] {logging_mixin.py:120} INFO - [2023-01-11T01:38:18.538+0000] {dag.py:2585} INFO - Sync 1 DAGs
[2023-01-11T01:38:18.566+0000] {logging_mixin.py:120} INFO - [2023-01-11T01:38:18.566+0000] {dag.py:3340} INFO - Setting next_dagrun for tutorial_taskflow_api to None, run_after=None
[2023-01-11T01:38:18.589+0000] {processor.py:176} INFO - Processing /home/airflow/.local/lib/python3.7/site-packages/airflow/example_dags/tutorial_taskflow_api.py took 0.128 seconds
[2023-01-11T01:38:48.974+0000] {processor.py:154} INFO - Started process (PID=20926) to work on /home/airflow/.local/lib/python3.7/site-packages/airflow/example_dags/tutorial_taskflow_api.py
[2023-01-11T01:38:48.977+0000] {processor.py:756} INFO - Processing file /home/airflow/.local/lib/python3.7/site-packages/airflow/example_dags/tutorial_taskflow_api.py for tasks to queue
[2023-01-11T01:38:48.980+0000] {logging_mixin.py:120} INFO - [2023-01-11T01:38:48.980+0000] {dagbag.py:537} INFO - Filling up the DagBag from /home/airflow/.local/lib/python3.7/site-packages/airflow/example_dags/tutorial_taskflow_api.py
[2023-01-11T01:38:49.044+0000] {processor.py:766} INFO - DAG(s) dict_keys(['tutorial_taskflow_api']) retrieved from /home/airflow/.local/lib/python3.7/site-packages/airflow/example_dags/tutorial_taskflow_api.py
[2023-01-11T01:38:49.108+0000] {logging_mixin.py:120} INFO - [2023-01-11T01:38:49.108+0000] {dag.py:2585} INFO - Sync 1 DAGs
[2023-01-11T01:38:49.141+0000] {logging_mixin.py:120} INFO - [2023-01-11T01:38:49.141+0000] {dag.py:3340} INFO - Setting next_dagrun for tutorial_taskflow_api to None, run_after=None
[2023-01-11T01:38:49.168+0000] {processor.py:176} INFO - Processing /home/airflow/.local/lib/python3.7/site-packages/airflow/example_dags/tutorial_taskflow_api.py took 0.202 seconds
[2023-01-11T01:39:19.691+0000] {processor.py:154} INFO - Started process (PID=20993) to work on /home/airflow/.local/lib/python3.7/site-packages/airflow/example_dags/tutorial_taskflow_api.py
[2023-01-11T01:39:19.694+0000] {processor.py:756} INFO - Processing file /home/airflow/.local/lib/python3.7/site-packages/airflow/example_dags/tutorial_taskflow_api.py for tasks to queue
[2023-01-11T01:39:19.698+0000] {logging_mixin.py:120} INFO - [2023-01-11T01:39:19.698+0000] {dagbag.py:537} INFO - Filling up the DagBag from /home/airflow/.local/lib/python3.7/site-packages/airflow/example_dags/tutorial_taskflow_api.py
[2023-01-11T01:39:19.746+0000] {processor.py:766} INFO - DAG(s) dict_keys(['tutorial_taskflow_api']) retrieved from /home/airflow/.local/lib/python3.7/site-packages/airflow/example_dags/tutorial_taskflow_api.py
[2023-01-11T01:39:19.830+0000] {logging_mixin.py:120} INFO - [2023-01-11T01:39:19.830+0000] {dag.py:2585} INFO - Sync 1 DAGs
[2023-01-11T01:39:19.872+0000] {logging_mixin.py:120} INFO - [2023-01-11T01:39:19.872+0000] {dag.py:3340} INFO - Setting next_dagrun for tutorial_taskflow_api to None, run_after=None
[2023-01-11T01:39:19.910+0000] {processor.py:176} INFO - Processing /home/airflow/.local/lib/python3.7/site-packages/airflow/example_dags/tutorial_taskflow_api.py took 0.235 seconds
[2023-01-11T01:39:50.334+0000] {processor.py:154} INFO - Started process (PID=21051) to work on /home/airflow/.local/lib/python3.7/site-packages/airflow/example_dags/tutorial_taskflow_api.py
[2023-01-11T01:39:50.335+0000] {processor.py:756} INFO - Processing file /home/airflow/.local/lib/python3.7/site-packages/airflow/example_dags/tutorial_taskflow_api.py for tasks to queue
[2023-01-11T01:39:50.336+0000] {logging_mixin.py:120} INFO - [2023-01-11T01:39:50.336+0000] {dagbag.py:537} INFO - Filling up the DagBag from /home/airflow/.local/lib/python3.7/site-packages/airflow/example_dags/tutorial_taskflow_api.py
[2023-01-11T01:39:50.382+0000] {processor.py:766} INFO - DAG(s) dict_keys(['tutorial_taskflow_api']) retrieved from /home/airflow/.local/lib/python3.7/site-packages/airflow/example_dags/tutorial_taskflow_api.py
[2023-01-11T01:39:50.469+0000] {logging_mixin.py:120} INFO - [2023-01-11T01:39:50.469+0000] {dag.py:2585} INFO - Sync 1 DAGs
[2023-01-11T01:39:50.519+0000] {logging_mixin.py:120} INFO - [2023-01-11T01:39:50.519+0000] {dag.py:3340} INFO - Setting next_dagrun for tutorial_taskflow_api to None, run_after=None
[2023-01-11T01:39:50.550+0000] {processor.py:176} INFO - Processing /home/airflow/.local/lib/python3.7/site-packages/airflow/example_dags/tutorial_taskflow_api.py took 0.221 seconds
[2023-01-11T01:40:20.698+0000] {processor.py:154} INFO - Started process (PID=21118) to work on /home/airflow/.local/lib/python3.7/site-packages/airflow/example_dags/tutorial_taskflow_api.py
[2023-01-11T01:40:20.699+0000] {processor.py:756} INFO - Processing file /home/airflow/.local/lib/python3.7/site-packages/airflow/example_dags/tutorial_taskflow_api.py for tasks to queue
[2023-01-11T01:40:20.700+0000] {logging_mixin.py:120} INFO - [2023-01-11T01:40:20.700+0000] {dagbag.py:537} INFO - Filling up the DagBag from /home/airflow/.local/lib/python3.7/site-packages/airflow/example_dags/tutorial_taskflow_api.py
[2023-01-11T01:40:20.720+0000] {processor.py:766} INFO - DAG(s) dict_keys(['tutorial_taskflow_api']) retrieved from /home/airflow/.local/lib/python3.7/site-packages/airflow/example_dags/tutorial_taskflow_api.py
[2023-01-11T01:40:20.764+0000] {logging_mixin.py:120} INFO - [2023-01-11T01:40:20.764+0000] {dag.py:2585} INFO - Sync 1 DAGs
[2023-01-11T01:40:20.794+0000] {logging_mixin.py:120} INFO - [2023-01-11T01:40:20.793+0000] {dag.py:3340} INFO - Setting next_dagrun for tutorial_taskflow_api to None, run_after=None
[2023-01-11T01:40:20.816+0000] {processor.py:176} INFO - Processing /home/airflow/.local/lib/python3.7/site-packages/airflow/example_dags/tutorial_taskflow_api.py took 0.122 seconds
[2023-01-11T01:40:50.924+0000] {processor.py:154} INFO - Started process (PID=21185) to work on /home/airflow/.local/lib/python3.7/site-packages/airflow/example_dags/tutorial_taskflow_api.py
[2023-01-11T01:40:50.926+0000] {processor.py:756} INFO - Processing file /home/airflow/.local/lib/python3.7/site-packages/airflow/example_dags/tutorial_taskflow_api.py for tasks to queue
[2023-01-11T01:40:50.928+0000] {logging_mixin.py:120} INFO - [2023-01-11T01:40:50.928+0000] {dagbag.py:537} INFO - Filling up the DagBag from /home/airflow/.local/lib/python3.7/site-packages/airflow/example_dags/tutorial_taskflow_api.py
[2023-01-11T01:40:50.957+0000] {processor.py:766} INFO - DAG(s) dict_keys(['tutorial_taskflow_api']) retrieved from /home/airflow/.local/lib/python3.7/site-packages/airflow/example_dags/tutorial_taskflow_api.py
[2023-01-11T01:40:50.998+0000] {logging_mixin.py:120} INFO - [2023-01-11T01:40:50.998+0000] {dag.py:2585} INFO - Sync 1 DAGs
[2023-01-11T01:40:51.024+0000] {logging_mixin.py:120} INFO - [2023-01-11T01:40:51.024+0000] {dag.py:3340} INFO - Setting next_dagrun for tutorial_taskflow_api to None, run_after=None
[2023-01-11T01:40:51.045+0000] {processor.py:176} INFO - Processing /home/airflow/.local/lib/python3.7/site-packages/airflow/example_dags/tutorial_taskflow_api.py took 0.129 seconds
[2023-01-11T01:41:21.178+0000] {processor.py:154} INFO - Started process (PID=21243) to work on /home/airflow/.local/lib/python3.7/site-packages/airflow/example_dags/tutorial_taskflow_api.py
[2023-01-11T01:41:21.179+0000] {processor.py:756} INFO - Processing file /home/airflow/.local/lib/python3.7/site-packages/airflow/example_dags/tutorial_taskflow_api.py for tasks to queue
[2023-01-11T01:41:21.180+0000] {logging_mixin.py:120} INFO - [2023-01-11T01:41:21.180+0000] {dagbag.py:537} INFO - Filling up the DagBag from /home/airflow/.local/lib/python3.7/site-packages/airflow/example_dags/tutorial_taskflow_api.py
[2023-01-11T01:41:21.197+0000] {processor.py:766} INFO - DAG(s) dict_keys(['tutorial_taskflow_api']) retrieved from /home/airflow/.local/lib/python3.7/site-packages/airflow/example_dags/tutorial_taskflow_api.py
[2023-01-11T01:41:21.238+0000] {logging_mixin.py:120} INFO - [2023-01-11T01:41:21.238+0000] {dag.py:2585} INFO - Sync 1 DAGs
[2023-01-11T01:41:21.258+0000] {logging_mixin.py:120} INFO - [2023-01-11T01:41:21.258+0000] {dag.py:3340} INFO - Setting next_dagrun for tutorial_taskflow_api to None, run_after=None
[2023-01-11T01:41:21.361+0000] {processor.py:176} INFO - Processing /home/airflow/.local/lib/python3.7/site-packages/airflow/example_dags/tutorial_taskflow_api.py took 0.186 seconds
[2023-01-11T01:41:51.552+0000] {processor.py:154} INFO - Started process (PID=21310) to work on /home/airflow/.local/lib/python3.7/site-packages/airflow/example_dags/tutorial_taskflow_api.py
[2023-01-11T01:41:51.553+0000] {processor.py:756} INFO - Processing file /home/airflow/.local/lib/python3.7/site-packages/airflow/example_dags/tutorial_taskflow_api.py for tasks to queue
[2023-01-11T01:41:51.555+0000] {logging_mixin.py:120} INFO - [2023-01-11T01:41:51.554+0000] {dagbag.py:537} INFO - Filling up the DagBag from /home/airflow/.local/lib/python3.7/site-packages/airflow/example_dags/tutorial_taskflow_api.py
[2023-01-11T01:41:51.581+0000] {processor.py:766} INFO - DAG(s) dict_keys(['tutorial_taskflow_api']) retrieved from /home/airflow/.local/lib/python3.7/site-packages/airflow/example_dags/tutorial_taskflow_api.py
[2023-01-11T01:41:51.629+0000] {logging_mixin.py:120} INFO - [2023-01-11T01:41:51.629+0000] {dag.py:2585} INFO - Sync 1 DAGs
[2023-01-11T01:41:51.661+0000] {logging_mixin.py:120} INFO - [2023-01-11T01:41:51.660+0000] {dag.py:3340} INFO - Setting next_dagrun for tutorial_taskflow_api to None, run_after=None
[2023-01-11T01:41:51.715+0000] {processor.py:176} INFO - Processing /home/airflow/.local/lib/python3.7/site-packages/airflow/example_dags/tutorial_taskflow_api.py took 0.166 seconds
[2023-01-11T01:42:22.029+0000] {processor.py:154} INFO - Started process (PID=21378) to work on /home/airflow/.local/lib/python3.7/site-packages/airflow/example_dags/tutorial_taskflow_api.py
[2023-01-11T01:42:22.030+0000] {processor.py:756} INFO - Processing file /home/airflow/.local/lib/python3.7/site-packages/airflow/example_dags/tutorial_taskflow_api.py for tasks to queue
[2023-01-11T01:42:22.031+0000] {logging_mixin.py:120} INFO - [2023-01-11T01:42:22.031+0000] {dagbag.py:537} INFO - Filling up the DagBag from /home/airflow/.local/lib/python3.7/site-packages/airflow/example_dags/tutorial_taskflow_api.py
[2023-01-11T01:42:22.056+0000] {processor.py:766} INFO - DAG(s) dict_keys(['tutorial_taskflow_api']) retrieved from /home/airflow/.local/lib/python3.7/site-packages/airflow/example_dags/tutorial_taskflow_api.py
[2023-01-11T01:42:22.109+0000] {logging_mixin.py:120} INFO - [2023-01-11T01:42:22.109+0000] {dag.py:2585} INFO - Sync 1 DAGs
[2023-01-11T01:42:22.155+0000] {logging_mixin.py:120} INFO - [2023-01-11T01:42:22.155+0000] {dag.py:3340} INFO - Setting next_dagrun for tutorial_taskflow_api to None, run_after=None
[2023-01-11T01:42:22.202+0000] {processor.py:176} INFO - Processing /home/airflow/.local/lib/python3.7/site-packages/airflow/example_dags/tutorial_taskflow_api.py took 0.177 seconds
[2023-01-11T01:42:52.967+0000] {processor.py:154} INFO - Started process (PID=21436) to work on /home/airflow/.local/lib/python3.7/site-packages/airflow/example_dags/tutorial_taskflow_api.py
[2023-01-11T01:42:52.968+0000] {processor.py:756} INFO - Processing file /home/airflow/.local/lib/python3.7/site-packages/airflow/example_dags/tutorial_taskflow_api.py for tasks to queue
[2023-01-11T01:42:52.969+0000] {logging_mixin.py:120} INFO - [2023-01-11T01:42:52.969+0000] {dagbag.py:537} INFO - Filling up the DagBag from /home/airflow/.local/lib/python3.7/site-packages/airflow/example_dags/tutorial_taskflow_api.py
[2023-01-11T01:42:53.010+0000] {processor.py:766} INFO - DAG(s) dict_keys(['tutorial_taskflow_api']) retrieved from /home/airflow/.local/lib/python3.7/site-packages/airflow/example_dags/tutorial_taskflow_api.py
[2023-01-11T01:42:53.066+0000] {logging_mixin.py:120} INFO - [2023-01-11T01:42:53.065+0000] {dag.py:2585} INFO - Sync 1 DAGs
[2023-01-11T01:42:53.091+0000] {logging_mixin.py:120} INFO - [2023-01-11T01:42:53.091+0000] {dag.py:3340} INFO - Setting next_dagrun for tutorial_taskflow_api to None, run_after=None
[2023-01-11T01:42:53.114+0000] {processor.py:176} INFO - Processing /home/airflow/.local/lib/python3.7/site-packages/airflow/example_dags/tutorial_taskflow_api.py took 0.151 seconds
[2023-01-11T01:43:23.323+0000] {processor.py:154} INFO - Started process (PID=21503) to work on /home/airflow/.local/lib/python3.7/site-packages/airflow/example_dags/tutorial_taskflow_api.py
[2023-01-11T01:43:23.324+0000] {processor.py:756} INFO - Processing file /home/airflow/.local/lib/python3.7/site-packages/airflow/example_dags/tutorial_taskflow_api.py for tasks to queue
[2023-01-11T01:43:23.325+0000] {logging_mixin.py:120} INFO - [2023-01-11T01:43:23.325+0000] {dagbag.py:537} INFO - Filling up the DagBag from /home/airflow/.local/lib/python3.7/site-packages/airflow/example_dags/tutorial_taskflow_api.py
[2023-01-11T01:43:23.349+0000] {processor.py:766} INFO - DAG(s) dict_keys(['tutorial_taskflow_api']) retrieved from /home/airflow/.local/lib/python3.7/site-packages/airflow/example_dags/tutorial_taskflow_api.py
[2023-01-11T01:43:23.427+0000] {logging_mixin.py:120} INFO - [2023-01-11T01:43:23.426+0000] {dag.py:2585} INFO - Sync 1 DAGs
[2023-01-11T01:43:23.453+0000] {logging_mixin.py:120} INFO - [2023-01-11T01:43:23.453+0000] {dag.py:3340} INFO - Setting next_dagrun for tutorial_taskflow_api to None, run_after=None
[2023-01-11T01:43:23.471+0000] {processor.py:176} INFO - Processing /home/airflow/.local/lib/python3.7/site-packages/airflow/example_dags/tutorial_taskflow_api.py took 0.153 seconds
[2023-01-11T01:43:53.743+0000] {processor.py:154} INFO - Started process (PID=21570) to work on /home/airflow/.local/lib/python3.7/site-packages/airflow/example_dags/tutorial_taskflow_api.py
[2023-01-11T01:43:53.744+0000] {processor.py:756} INFO - Processing file /home/airflow/.local/lib/python3.7/site-packages/airflow/example_dags/tutorial_taskflow_api.py for tasks to queue
[2023-01-11T01:43:53.746+0000] {logging_mixin.py:120} INFO - [2023-01-11T01:43:53.746+0000] {dagbag.py:537} INFO - Filling up the DagBag from /home/airflow/.local/lib/python3.7/site-packages/airflow/example_dags/tutorial_taskflow_api.py
[2023-01-11T01:43:53.781+0000] {processor.py:766} INFO - DAG(s) dict_keys(['tutorial_taskflow_api']) retrieved from /home/airflow/.local/lib/python3.7/site-packages/airflow/example_dags/tutorial_taskflow_api.py
[2023-01-11T01:43:53.844+0000] {logging_mixin.py:120} INFO - [2023-01-11T01:43:53.844+0000] {dag.py:2585} INFO - Sync 1 DAGs
[2023-01-11T01:43:53.895+0000] {logging_mixin.py:120} INFO - [2023-01-11T01:43:53.894+0000] {dag.py:3340} INFO - Setting next_dagrun for tutorial_taskflow_api to None, run_after=None
[2023-01-11T01:43:53.939+0000] {processor.py:176} INFO - Processing /home/airflow/.local/lib/python3.7/site-packages/airflow/example_dags/tutorial_taskflow_api.py took 0.200 seconds
[2023-01-11T01:44:24.280+0000] {processor.py:154} INFO - Started process (PID=21628) to work on /home/airflow/.local/lib/python3.7/site-packages/airflow/example_dags/tutorial_taskflow_api.py
[2023-01-11T01:44:24.281+0000] {processor.py:756} INFO - Processing file /home/airflow/.local/lib/python3.7/site-packages/airflow/example_dags/tutorial_taskflow_api.py for tasks to queue
[2023-01-11T01:44:24.282+0000] {logging_mixin.py:120} INFO - [2023-01-11T01:44:24.282+0000] {dagbag.py:537} INFO - Filling up the DagBag from /home/airflow/.local/lib/python3.7/site-packages/airflow/example_dags/tutorial_taskflow_api.py
[2023-01-11T01:44:24.308+0000] {processor.py:766} INFO - DAG(s) dict_keys(['tutorial_taskflow_api']) retrieved from /home/airflow/.local/lib/python3.7/site-packages/airflow/example_dags/tutorial_taskflow_api.py
[2023-01-11T01:44:24.364+0000] {logging_mixin.py:120} INFO - [2023-01-11T01:44:24.363+0000] {dag.py:2585} INFO - Sync 1 DAGs
[2023-01-11T01:44:24.392+0000] {logging_mixin.py:120} INFO - [2023-01-11T01:44:24.392+0000] {dag.py:3340} INFO - Setting next_dagrun for tutorial_taskflow_api to None, run_after=None
[2023-01-11T01:44:24.421+0000] {processor.py:176} INFO - Processing /home/airflow/.local/lib/python3.7/site-packages/airflow/example_dags/tutorial_taskflow_api.py took 0.144 seconds
[2023-01-11T01:44:54.690+0000] {processor.py:154} INFO - Started process (PID=21695) to work on /home/airflow/.local/lib/python3.7/site-packages/airflow/example_dags/tutorial_taskflow_api.py
[2023-01-11T01:44:54.691+0000] {processor.py:756} INFO - Processing file /home/airflow/.local/lib/python3.7/site-packages/airflow/example_dags/tutorial_taskflow_api.py for tasks to queue
[2023-01-11T01:44:54.692+0000] {logging_mixin.py:120} INFO - [2023-01-11T01:44:54.692+0000] {dagbag.py:537} INFO - Filling up the DagBag from /home/airflow/.local/lib/python3.7/site-packages/airflow/example_dags/tutorial_taskflow_api.py
[2023-01-11T01:44:54.714+0000] {processor.py:766} INFO - DAG(s) dict_keys(['tutorial_taskflow_api']) retrieved from /home/airflow/.local/lib/python3.7/site-packages/airflow/example_dags/tutorial_taskflow_api.py
[2023-01-11T01:44:54.765+0000] {logging_mixin.py:120} INFO - [2023-01-11T01:44:54.765+0000] {dag.py:2585} INFO - Sync 1 DAGs
[2023-01-11T01:44:54.797+0000] {logging_mixin.py:120} INFO - [2023-01-11T01:44:54.796+0000] {dag.py:3340} INFO - Setting next_dagrun for tutorial_taskflow_api to None, run_after=None
[2023-01-11T01:44:54.824+0000] {processor.py:176} INFO - Processing /home/airflow/.local/lib/python3.7/site-packages/airflow/example_dags/tutorial_taskflow_api.py took 0.136 seconds
[2023-01-11T01:45:25.199+0000] {processor.py:154} INFO - Started process (PID=21762) to work on /home/airflow/.local/lib/python3.7/site-packages/airflow/example_dags/tutorial_taskflow_api.py
[2023-01-11T01:45:25.201+0000] {processor.py:756} INFO - Processing file /home/airflow/.local/lib/python3.7/site-packages/airflow/example_dags/tutorial_taskflow_api.py for tasks to queue
[2023-01-11T01:45:25.202+0000] {logging_mixin.py:120} INFO - [2023-01-11T01:45:25.202+0000] {dagbag.py:537} INFO - Filling up the DagBag from /home/airflow/.local/lib/python3.7/site-packages/airflow/example_dags/tutorial_taskflow_api.py
[2023-01-11T01:45:25.239+0000] {processor.py:766} INFO - DAG(s) dict_keys(['tutorial_taskflow_api']) retrieved from /home/airflow/.local/lib/python3.7/site-packages/airflow/example_dags/tutorial_taskflow_api.py
[2023-01-11T01:45:25.310+0000] {logging_mixin.py:120} INFO - [2023-01-11T01:45:25.309+0000] {dag.py:2585} INFO - Sync 1 DAGs
[2023-01-11T01:45:25.346+0000] {logging_mixin.py:120} INFO - [2023-01-11T01:45:25.345+0000] {dag.py:3340} INFO - Setting next_dagrun for tutorial_taskflow_api to None, run_after=None
[2023-01-11T01:45:25.379+0000] {processor.py:176} INFO - Processing /home/airflow/.local/lib/python3.7/site-packages/airflow/example_dags/tutorial_taskflow_api.py took 0.186 seconds
[2023-01-11T01:45:56.017+0000] {processor.py:154} INFO - Started process (PID=21820) to work on /home/airflow/.local/lib/python3.7/site-packages/airflow/example_dags/tutorial_taskflow_api.py
[2023-01-11T01:45:56.018+0000] {processor.py:756} INFO - Processing file /home/airflow/.local/lib/python3.7/site-packages/airflow/example_dags/tutorial_taskflow_api.py for tasks to queue
[2023-01-11T01:45:56.019+0000] {logging_mixin.py:120} INFO - [2023-01-11T01:45:56.019+0000] {dagbag.py:537} INFO - Filling up the DagBag from /home/airflow/.local/lib/python3.7/site-packages/airflow/example_dags/tutorial_taskflow_api.py
[2023-01-11T01:45:56.042+0000] {processor.py:766} INFO - DAG(s) dict_keys(['tutorial_taskflow_api']) retrieved from /home/airflow/.local/lib/python3.7/site-packages/airflow/example_dags/tutorial_taskflow_api.py
[2023-01-11T01:45:56.090+0000] {logging_mixin.py:120} INFO - [2023-01-11T01:45:56.090+0000] {dag.py:2585} INFO - Sync 1 DAGs
[2023-01-11T01:45:56.124+0000] {logging_mixin.py:120} INFO - [2023-01-11T01:45:56.123+0000] {dag.py:3340} INFO - Setting next_dagrun for tutorial_taskflow_api to None, run_after=None
[2023-01-11T01:45:56.151+0000] {processor.py:176} INFO - Processing /home/airflow/.local/lib/python3.7/site-packages/airflow/example_dags/tutorial_taskflow_api.py took 0.138 seconds
[2023-01-11T01:46:26.785+0000] {processor.py:154} INFO - Started process (PID=21888) to work on /home/airflow/.local/lib/python3.7/site-packages/airflow/example_dags/tutorial_taskflow_api.py
[2023-01-11T01:46:26.786+0000] {processor.py:756} INFO - Processing file /home/airflow/.local/lib/python3.7/site-packages/airflow/example_dags/tutorial_taskflow_api.py for tasks to queue
[2023-01-11T01:46:26.788+0000] {logging_mixin.py:120} INFO - [2023-01-11T01:46:26.788+0000] {dagbag.py:537} INFO - Filling up the DagBag from /home/airflow/.local/lib/python3.7/site-packages/airflow/example_dags/tutorial_taskflow_api.py
[2023-01-11T01:46:26.823+0000] {processor.py:766} INFO - DAG(s) dict_keys(['tutorial_taskflow_api']) retrieved from /home/airflow/.local/lib/python3.7/site-packages/airflow/example_dags/tutorial_taskflow_api.py
[2023-01-11T01:46:26.891+0000] {logging_mixin.py:120} INFO - [2023-01-11T01:46:26.891+0000] {dag.py:2585} INFO - Sync 1 DAGs
[2023-01-11T01:46:26.945+0000] {logging_mixin.py:120} INFO - [2023-01-11T01:46:26.945+0000] {dag.py:3340} INFO - Setting next_dagrun for tutorial_taskflow_api to None, run_after=None
[2023-01-11T01:46:26.991+0000] {processor.py:176} INFO - Processing /home/airflow/.local/lib/python3.7/site-packages/airflow/example_dags/tutorial_taskflow_api.py took 0.211 seconds
