[2023-01-11T01:09:36.991+0000] {processor.py:154} INFO - Started process (PID=17333) to work on /home/airflow/.local/lib/python3.7/site-packages/airflow/example_dags/tutorial.py
[2023-01-11T01:09:36.994+0000] {processor.py:756} INFO - Processing file /home/airflow/.local/lib/python3.7/site-packages/airflow/example_dags/tutorial.py for tasks to queue
[2023-01-11T01:09:36.997+0000] {logging_mixin.py:120} INFO - [2023-01-11T01:09:36.997+0000] {dagbag.py:537} INFO - Filling up the DagBag from /home/airflow/.local/lib/python3.7/site-packages/airflow/example_dags/tutorial.py
[2023-01-11T01:09:37.043+0000] {processor.py:766} INFO - DAG(s) dict_keys(['tutorial']) retrieved from /home/airflow/.local/lib/python3.7/site-packages/airflow/example_dags/tutorial.py
[2023-01-11T01:09:37.147+0000] {logging_mixin.py:120} INFO - [2023-01-11T01:09:37.147+0000] {dag.py:2585} INFO - Sync 1 DAGs
[2023-01-11T01:09:37.200+0000] {logging_mixin.py:120} INFO - [2023-01-11T01:09:37.199+0000] {dag.py:3340} INFO - Setting next_dagrun for tutorial to 2023-01-10T01:09:37.199339+00:00, run_after=2023-01-11T01:09:37.199339+00:00
[2023-01-11T01:09:37.249+0000] {processor.py:176} INFO - Processing /home/airflow/.local/lib/python3.7/site-packages/airflow/example_dags/tutorial.py took 0.265 seconds
[2023-01-11T01:10:07.449+0000] {processor.py:154} INFO - Started process (PID=17398) to work on /home/airflow/.local/lib/python3.7/site-packages/airflow/example_dags/tutorial.py
[2023-01-11T01:10:07.451+0000] {processor.py:756} INFO - Processing file /home/airflow/.local/lib/python3.7/site-packages/airflow/example_dags/tutorial.py for tasks to queue
[2023-01-11T01:10:07.453+0000] {logging_mixin.py:120} INFO - [2023-01-11T01:10:07.453+0000] {dagbag.py:537} INFO - Filling up the DagBag from /home/airflow/.local/lib/python3.7/site-packages/airflow/example_dags/tutorial.py
[2023-01-11T01:10:07.484+0000] {processor.py:766} INFO - DAG(s) dict_keys(['tutorial']) retrieved from /home/airflow/.local/lib/python3.7/site-packages/airflow/example_dags/tutorial.py
[2023-01-11T01:10:07.585+0000] {logging_mixin.py:120} INFO - [2023-01-11T01:10:07.584+0000] {dag.py:2585} INFO - Sync 1 DAGs
[2023-01-11T01:10:07.645+0000] {logging_mixin.py:120} INFO - [2023-01-11T01:10:07.645+0000] {dag.py:3340} INFO - Setting next_dagrun for tutorial to 2023-01-10T01:10:07.644787+00:00, run_after=2023-01-11T01:10:07.644787+00:00
[2023-01-11T01:10:07.697+0000] {processor.py:176} INFO - Processing /home/airflow/.local/lib/python3.7/site-packages/airflow/example_dags/tutorial.py took 0.256 seconds
[2023-01-11T01:10:38.975+0000] {processor.py:154} INFO - Started process (PID=17458) to work on /home/airflow/.local/lib/python3.7/site-packages/airflow/example_dags/tutorial.py
[2023-01-11T01:10:38.979+0000] {processor.py:756} INFO - Processing file /home/airflow/.local/lib/python3.7/site-packages/airflow/example_dags/tutorial.py for tasks to queue
[2023-01-11T01:10:38.981+0000] {logging_mixin.py:120} INFO - [2023-01-11T01:10:38.981+0000] {dagbag.py:537} INFO - Filling up the DagBag from /home/airflow/.local/lib/python3.7/site-packages/airflow/example_dags/tutorial.py
[2023-01-11T01:10:39.019+0000] {processor.py:766} INFO - DAG(s) dict_keys(['tutorial']) retrieved from /home/airflow/.local/lib/python3.7/site-packages/airflow/example_dags/tutorial.py
[2023-01-11T01:10:39.117+0000] {logging_mixin.py:120} INFO - [2023-01-11T01:10:39.116+0000] {dag.py:2585} INFO - Sync 1 DAGs
[2023-01-11T01:10:39.172+0000] {logging_mixin.py:120} INFO - [2023-01-11T01:10:39.172+0000] {dag.py:3340} INFO - Setting next_dagrun for tutorial to 2023-01-10T01:10:39.171875+00:00, run_after=2023-01-11T01:10:39.171875+00:00
[2023-01-11T01:10:39.235+0000] {processor.py:176} INFO - Processing /home/airflow/.local/lib/python3.7/site-packages/airflow/example_dags/tutorial.py took 0.269 seconds
[2023-01-11T01:11:10.113+0000] {processor.py:154} INFO - Started process (PID=17525) to work on /home/airflow/.local/lib/python3.7/site-packages/airflow/example_dags/tutorial.py
[2023-01-11T01:11:10.114+0000] {processor.py:756} INFO - Processing file /home/airflow/.local/lib/python3.7/site-packages/airflow/example_dags/tutorial.py for tasks to queue
[2023-01-11T01:11:10.116+0000] {logging_mixin.py:120} INFO - [2023-01-11T01:11:10.116+0000] {dagbag.py:537} INFO - Filling up the DagBag from /home/airflow/.local/lib/python3.7/site-packages/airflow/example_dags/tutorial.py
[2023-01-11T01:11:10.143+0000] {processor.py:766} INFO - DAG(s) dict_keys(['tutorial']) retrieved from /home/airflow/.local/lib/python3.7/site-packages/airflow/example_dags/tutorial.py
[2023-01-11T01:11:10.211+0000] {logging_mixin.py:120} INFO - [2023-01-11T01:11:10.210+0000] {dag.py:2585} INFO - Sync 1 DAGs
[2023-01-11T01:11:10.252+0000] {logging_mixin.py:120} INFO - [2023-01-11T01:11:10.252+0000] {dag.py:3340} INFO - Setting next_dagrun for tutorial to 2023-01-10T01:11:10.251938+00:00, run_after=2023-01-11T01:11:10.251938+00:00
[2023-01-11T01:11:10.290+0000] {processor.py:176} INFO - Processing /home/airflow/.local/lib/python3.7/site-packages/airflow/example_dags/tutorial.py took 0.183 seconds
[2023-01-11T01:11:41.283+0000] {processor.py:154} INFO - Started process (PID=17583) to work on /home/airflow/.local/lib/python3.7/site-packages/airflow/example_dags/tutorial.py
[2023-01-11T01:11:41.285+0000] {processor.py:756} INFO - Processing file /home/airflow/.local/lib/python3.7/site-packages/airflow/example_dags/tutorial.py for tasks to queue
[2023-01-11T01:11:41.287+0000] {logging_mixin.py:120} INFO - [2023-01-11T01:11:41.287+0000] {dagbag.py:537} INFO - Filling up the DagBag from /home/airflow/.local/lib/python3.7/site-packages/airflow/example_dags/tutorial.py
[2023-01-11T01:11:41.312+0000] {processor.py:766} INFO - DAG(s) dict_keys(['tutorial']) retrieved from /home/airflow/.local/lib/python3.7/site-packages/airflow/example_dags/tutorial.py
[2023-01-11T01:11:41.404+0000] {logging_mixin.py:120} INFO - [2023-01-11T01:11:41.403+0000] {dag.py:2585} INFO - Sync 1 DAGs
[2023-01-11T01:11:41.459+0000] {logging_mixin.py:120} INFO - [2023-01-11T01:11:41.459+0000] {dag.py:3340} INFO - Setting next_dagrun for tutorial to 2023-01-10T01:11:41.458158+00:00, run_after=2023-01-11T01:11:41.458158+00:00
[2023-01-11T01:11:41.527+0000] {processor.py:176} INFO - Processing /home/airflow/.local/lib/python3.7/site-packages/airflow/example_dags/tutorial.py took 0.249 seconds
[2023-01-11T01:12:11.928+0000] {processor.py:154} INFO - Started process (PID=17648) to work on /home/airflow/.local/lib/python3.7/site-packages/airflow/example_dags/tutorial.py
[2023-01-11T01:12:11.930+0000] {processor.py:756} INFO - Processing file /home/airflow/.local/lib/python3.7/site-packages/airflow/example_dags/tutorial.py for tasks to queue
[2023-01-11T01:12:11.931+0000] {logging_mixin.py:120} INFO - [2023-01-11T01:12:11.931+0000] {dagbag.py:537} INFO - Filling up the DagBag from /home/airflow/.local/lib/python3.7/site-packages/airflow/example_dags/tutorial.py
[2023-01-11T01:12:11.973+0000] {processor.py:766} INFO - DAG(s) dict_keys(['tutorial']) retrieved from /home/airflow/.local/lib/python3.7/site-packages/airflow/example_dags/tutorial.py
[2023-01-11T01:12:12.089+0000] {logging_mixin.py:120} INFO - [2023-01-11T01:12:12.089+0000] {dag.py:2585} INFO - Sync 1 DAGs
[2023-01-11T01:12:12.177+0000] {logging_mixin.py:120} INFO - [2023-01-11T01:12:12.176+0000] {dag.py:3340} INFO - Setting next_dagrun for tutorial to 2023-01-10T01:12:12.176226+00:00, run_after=2023-01-11T01:12:12.176226+00:00
[2023-01-11T01:12:12.233+0000] {processor.py:176} INFO - Processing /home/airflow/.local/lib/python3.7/site-packages/airflow/example_dags/tutorial.py took 0.310 seconds
[2023-01-11T01:12:42.772+0000] {processor.py:154} INFO - Started process (PID=17706) to work on /home/airflow/.local/lib/python3.7/site-packages/airflow/example_dags/tutorial.py
[2023-01-11T01:12:42.774+0000] {processor.py:756} INFO - Processing file /home/airflow/.local/lib/python3.7/site-packages/airflow/example_dags/tutorial.py for tasks to queue
[2023-01-11T01:12:42.775+0000] {logging_mixin.py:120} INFO - [2023-01-11T01:12:42.775+0000] {dagbag.py:537} INFO - Filling up the DagBag from /home/airflow/.local/lib/python3.7/site-packages/airflow/example_dags/tutorial.py
[2023-01-11T01:12:42.790+0000] {processor.py:766} INFO - DAG(s) dict_keys(['tutorial']) retrieved from /home/airflow/.local/lib/python3.7/site-packages/airflow/example_dags/tutorial.py
[2023-01-11T01:12:42.838+0000] {logging_mixin.py:120} INFO - [2023-01-11T01:12:42.838+0000] {dag.py:2585} INFO - Sync 1 DAGs
[2023-01-11T01:12:42.869+0000] {logging_mixin.py:120} INFO - [2023-01-11T01:12:42.869+0000] {dag.py:3340} INFO - Setting next_dagrun for tutorial to 2023-01-10T01:12:42.869320+00:00, run_after=2023-01-11T01:12:42.869320+00:00
[2023-01-11T01:12:42.900+0000] {processor.py:176} INFO - Processing /home/airflow/.local/lib/python3.7/site-packages/airflow/example_dags/tutorial.py took 0.131 seconds
[2023-01-11T01:13:13.258+0000] {processor.py:154} INFO - Started process (PID=17773) to work on /home/airflow/.local/lib/python3.7/site-packages/airflow/example_dags/tutorial.py
[2023-01-11T01:13:13.260+0000] {processor.py:756} INFO - Processing file /home/airflow/.local/lib/python3.7/site-packages/airflow/example_dags/tutorial.py for tasks to queue
[2023-01-11T01:13:13.261+0000] {logging_mixin.py:120} INFO - [2023-01-11T01:13:13.261+0000] {dagbag.py:537} INFO - Filling up the DagBag from /home/airflow/.local/lib/python3.7/site-packages/airflow/example_dags/tutorial.py
[2023-01-11T01:13:13.281+0000] {processor.py:766} INFO - DAG(s) dict_keys(['tutorial']) retrieved from /home/airflow/.local/lib/python3.7/site-packages/airflow/example_dags/tutorial.py
[2023-01-11T01:13:13.345+0000] {logging_mixin.py:120} INFO - [2023-01-11T01:13:13.345+0000] {dag.py:2585} INFO - Sync 1 DAGs
[2023-01-11T01:13:13.382+0000] {logging_mixin.py:120} INFO - [2023-01-11T01:13:13.382+0000] {dag.py:3340} INFO - Setting next_dagrun for tutorial to 2023-01-10T01:13:13.381823+00:00, run_after=2023-01-11T01:13:13.381823+00:00
[2023-01-11T01:13:13.415+0000] {processor.py:176} INFO - Processing /home/airflow/.local/lib/python3.7/site-packages/airflow/example_dags/tutorial.py took 0.161 seconds
[2023-01-11T01:13:43.951+0000] {processor.py:154} INFO - Started process (PID=17840) to work on /home/airflow/.local/lib/python3.7/site-packages/airflow/example_dags/tutorial.py
[2023-01-11T01:13:43.952+0000] {processor.py:756} INFO - Processing file /home/airflow/.local/lib/python3.7/site-packages/airflow/example_dags/tutorial.py for tasks to queue
[2023-01-11T01:13:43.954+0000] {logging_mixin.py:120} INFO - [2023-01-11T01:13:43.954+0000] {dagbag.py:537} INFO - Filling up the DagBag from /home/airflow/.local/lib/python3.7/site-packages/airflow/example_dags/tutorial.py
[2023-01-11T01:13:43.978+0000] {processor.py:766} INFO - DAG(s) dict_keys(['tutorial']) retrieved from /home/airflow/.local/lib/python3.7/site-packages/airflow/example_dags/tutorial.py
[2023-01-11T01:13:44.034+0000] {logging_mixin.py:120} INFO - [2023-01-11T01:13:44.034+0000] {dag.py:2585} INFO - Sync 1 DAGs
[2023-01-11T01:13:44.074+0000] {logging_mixin.py:120} INFO - [2023-01-11T01:13:44.074+0000] {dag.py:3340} INFO - Setting next_dagrun for tutorial to 2023-01-10T01:13:44.074251+00:00, run_after=2023-01-11T01:13:44.074251+00:00
[2023-01-11T01:13:44.102+0000] {processor.py:176} INFO - Processing /home/airflow/.local/lib/python3.7/site-packages/airflow/example_dags/tutorial.py took 0.156 seconds
[2023-01-11T01:14:14.815+0000] {processor.py:154} INFO - Started process (PID=17898) to work on /home/airflow/.local/lib/python3.7/site-packages/airflow/example_dags/tutorial.py
[2023-01-11T01:14:14.817+0000] {processor.py:756} INFO - Processing file /home/airflow/.local/lib/python3.7/site-packages/airflow/example_dags/tutorial.py for tasks to queue
[2023-01-11T01:14:14.819+0000] {logging_mixin.py:120} INFO - [2023-01-11T01:14:14.819+0000] {dagbag.py:537} INFO - Filling up the DagBag from /home/airflow/.local/lib/python3.7/site-packages/airflow/example_dags/tutorial.py
[2023-01-11T01:14:14.844+0000] {processor.py:766} INFO - DAG(s) dict_keys(['tutorial']) retrieved from /home/airflow/.local/lib/python3.7/site-packages/airflow/example_dags/tutorial.py
[2023-01-11T01:14:14.887+0000] {logging_mixin.py:120} INFO - [2023-01-11T01:14:14.887+0000] {dag.py:2585} INFO - Sync 1 DAGs
[2023-01-11T01:14:14.915+0000] {logging_mixin.py:120} INFO - [2023-01-11T01:14:14.914+0000] {dag.py:3340} INFO - Setting next_dagrun for tutorial to 2023-01-10T01:14:14.914707+00:00, run_after=2023-01-11T01:14:14.914707+00:00
[2023-01-11T01:14:14.940+0000] {processor.py:176} INFO - Processing /home/airflow/.local/lib/python3.7/site-packages/airflow/example_dags/tutorial.py took 0.131 seconds
[2023-01-11T01:14:45.413+0000] {processor.py:154} INFO - Started process (PID=17966) to work on /home/airflow/.local/lib/python3.7/site-packages/airflow/example_dags/tutorial.py
[2023-01-11T01:14:45.414+0000] {processor.py:756} INFO - Processing file /home/airflow/.local/lib/python3.7/site-packages/airflow/example_dags/tutorial.py for tasks to queue
[2023-01-11T01:14:45.415+0000] {logging_mixin.py:120} INFO - [2023-01-11T01:14:45.415+0000] {dagbag.py:537} INFO - Filling up the DagBag from /home/airflow/.local/lib/python3.7/site-packages/airflow/example_dags/tutorial.py
[2023-01-11T01:14:45.435+0000] {processor.py:766} INFO - DAG(s) dict_keys(['tutorial']) retrieved from /home/airflow/.local/lib/python3.7/site-packages/airflow/example_dags/tutorial.py
[2023-01-11T01:14:45.489+0000] {logging_mixin.py:120} INFO - [2023-01-11T01:14:45.489+0000] {dag.py:2585} INFO - Sync 1 DAGs
[2023-01-11T01:14:45.521+0000] {logging_mixin.py:120} INFO - [2023-01-11T01:14:45.521+0000] {dag.py:3340} INFO - Setting next_dagrun for tutorial to 2023-01-10T01:14:45.520834+00:00, run_after=2023-01-11T01:14:45.520834+00:00
[2023-01-11T01:14:45.550+0000] {processor.py:176} INFO - Processing /home/airflow/.local/lib/python3.7/site-packages/airflow/example_dags/tutorial.py took 0.141 seconds
[2023-01-11T01:15:15.740+0000] {processor.py:154} INFO - Started process (PID=18031) to work on /home/airflow/.local/lib/python3.7/site-packages/airflow/example_dags/tutorial.py
[2023-01-11T01:15:15.743+0000] {processor.py:756} INFO - Processing file /home/airflow/.local/lib/python3.7/site-packages/airflow/example_dags/tutorial.py for tasks to queue
[2023-01-11T01:15:15.745+0000] {logging_mixin.py:120} INFO - [2023-01-11T01:15:15.745+0000] {dagbag.py:537} INFO - Filling up the DagBag from /home/airflow/.local/lib/python3.7/site-packages/airflow/example_dags/tutorial.py
[2023-01-11T01:15:15.778+0000] {processor.py:766} INFO - DAG(s) dict_keys(['tutorial']) retrieved from /home/airflow/.local/lib/python3.7/site-packages/airflow/example_dags/tutorial.py
[2023-01-11T01:15:15.877+0000] {logging_mixin.py:120} INFO - [2023-01-11T01:15:15.876+0000] {dag.py:2585} INFO - Sync 1 DAGs
[2023-01-11T01:15:15.936+0000] {logging_mixin.py:120} INFO - [2023-01-11T01:15:15.935+0000] {dag.py:3340} INFO - Setting next_dagrun for tutorial to 2023-01-10T01:15:15.934286+00:00, run_after=2023-01-11T01:15:15.934286+00:00
[2023-01-11T01:15:16.009+0000] {processor.py:176} INFO - Processing /home/airflow/.local/lib/python3.7/site-packages/airflow/example_dags/tutorial.py took 0.282 seconds
[2023-01-11T01:15:46.893+0000] {processor.py:154} INFO - Started process (PID=18091) to work on /home/airflow/.local/lib/python3.7/site-packages/airflow/example_dags/tutorial.py
[2023-01-11T01:15:46.895+0000] {processor.py:756} INFO - Processing file /home/airflow/.local/lib/python3.7/site-packages/airflow/example_dags/tutorial.py for tasks to queue
[2023-01-11T01:15:46.897+0000] {logging_mixin.py:120} INFO - [2023-01-11T01:15:46.896+0000] {dagbag.py:537} INFO - Filling up the DagBag from /home/airflow/.local/lib/python3.7/site-packages/airflow/example_dags/tutorial.py
[2023-01-11T01:15:46.933+0000] {processor.py:766} INFO - DAG(s) dict_keys(['tutorial']) retrieved from /home/airflow/.local/lib/python3.7/site-packages/airflow/example_dags/tutorial.py
[2023-01-11T01:15:47.036+0000] {logging_mixin.py:120} INFO - [2023-01-11T01:15:47.035+0000] {dag.py:2585} INFO - Sync 1 DAGs
[2023-01-11T01:15:47.093+0000] {logging_mixin.py:120} INFO - [2023-01-11T01:15:47.092+0000] {dag.py:3340} INFO - Setting next_dagrun for tutorial to 2023-01-10T01:15:47.092550+00:00, run_after=2023-01-11T01:15:47.092550+00:00
[2023-01-11T01:15:47.151+0000] {processor.py:176} INFO - Processing /home/airflow/.local/lib/python3.7/site-packages/airflow/example_dags/tutorial.py took 0.270 seconds
[2023-01-11T01:16:17.246+0000] {processor.py:154} INFO - Started process (PID=18150) to work on /home/airflow/.local/lib/python3.7/site-packages/airflow/example_dags/tutorial.py
[2023-01-11T01:16:17.249+0000] {processor.py:756} INFO - Processing file /home/airflow/.local/lib/python3.7/site-packages/airflow/example_dags/tutorial.py for tasks to queue
[2023-01-11T01:16:17.251+0000] {logging_mixin.py:120} INFO - [2023-01-11T01:16:17.251+0000] {dagbag.py:537} INFO - Filling up the DagBag from /home/airflow/.local/lib/python3.7/site-packages/airflow/example_dags/tutorial.py
[2023-01-11T01:16:17.282+0000] {processor.py:766} INFO - DAG(s) dict_keys(['tutorial']) retrieved from /home/airflow/.local/lib/python3.7/site-packages/airflow/example_dags/tutorial.py
[2023-01-11T01:16:17.393+0000] {logging_mixin.py:120} INFO - [2023-01-11T01:16:17.393+0000] {dag.py:2585} INFO - Sync 1 DAGs
[2023-01-11T01:16:17.448+0000] {logging_mixin.py:120} INFO - [2023-01-11T01:16:17.447+0000] {dag.py:3340} INFO - Setting next_dagrun for tutorial to 2023-01-10T01:16:17.446897+00:00, run_after=2023-01-11T01:16:17.446897+00:00
[2023-01-11T01:16:17.501+0000] {processor.py:176} INFO - Processing /home/airflow/.local/lib/python3.7/site-packages/airflow/example_dags/tutorial.py took 0.263 seconds
[2023-01-11T01:16:47.994+0000] {processor.py:154} INFO - Started process (PID=18217) to work on /home/airflow/.local/lib/python3.7/site-packages/airflow/example_dags/tutorial.py
[2023-01-11T01:16:47.995+0000] {processor.py:756} INFO - Processing file /home/airflow/.local/lib/python3.7/site-packages/airflow/example_dags/tutorial.py for tasks to queue
[2023-01-11T01:16:47.997+0000] {logging_mixin.py:120} INFO - [2023-01-11T01:16:47.997+0000] {dagbag.py:537} INFO - Filling up the DagBag from /home/airflow/.local/lib/python3.7/site-packages/airflow/example_dags/tutorial.py
[2023-01-11T01:16:48.013+0000] {processor.py:766} INFO - DAG(s) dict_keys(['tutorial']) retrieved from /home/airflow/.local/lib/python3.7/site-packages/airflow/example_dags/tutorial.py
[2023-01-11T01:16:48.063+0000] {logging_mixin.py:120} INFO - [2023-01-11T01:16:48.063+0000] {dag.py:2585} INFO - Sync 1 DAGs
[2023-01-11T01:16:48.090+0000] {logging_mixin.py:120} INFO - [2023-01-11T01:16:48.090+0000] {dag.py:3340} INFO - Setting next_dagrun for tutorial to 2023-01-10T01:16:48.090408+00:00, run_after=2023-01-11T01:16:48.090408+00:00
[2023-01-11T01:16:48.119+0000] {processor.py:176} INFO - Processing /home/airflow/.local/lib/python3.7/site-packages/airflow/example_dags/tutorial.py took 0.131 seconds
[2023-01-11T01:17:18.951+0000] {processor.py:154} INFO - Started process (PID=18285) to work on /home/airflow/.local/lib/python3.7/site-packages/airflow/example_dags/tutorial.py
[2023-01-11T01:17:18.953+0000] {processor.py:756} INFO - Processing file /home/airflow/.local/lib/python3.7/site-packages/airflow/example_dags/tutorial.py for tasks to queue
[2023-01-11T01:17:18.954+0000] {logging_mixin.py:120} INFO - [2023-01-11T01:17:18.954+0000] {dagbag.py:537} INFO - Filling up the DagBag from /home/airflow/.local/lib/python3.7/site-packages/airflow/example_dags/tutorial.py
[2023-01-11T01:17:18.977+0000] {processor.py:766} INFO - DAG(s) dict_keys(['tutorial']) retrieved from /home/airflow/.local/lib/python3.7/site-packages/airflow/example_dags/tutorial.py
[2023-01-11T01:17:19.050+0000] {logging_mixin.py:120} INFO - [2023-01-11T01:17:19.050+0000] {dag.py:2585} INFO - Sync 1 DAGs
[2023-01-11T01:17:19.094+0000] {logging_mixin.py:120} INFO - [2023-01-11T01:17:19.094+0000] {dag.py:3340} INFO - Setting next_dagrun for tutorial to 2023-01-10T01:17:19.094364+00:00, run_after=2023-01-11T01:17:19.094364+00:00
[2023-01-11T01:17:19.139+0000] {processor.py:176} INFO - Processing /home/airflow/.local/lib/python3.7/site-packages/airflow/example_dags/tutorial.py took 0.192 seconds
[2023-01-11T01:17:49.251+0000] {processor.py:154} INFO - Started process (PID=18343) to work on /home/airflow/.local/lib/python3.7/site-packages/airflow/example_dags/tutorial.py
[2023-01-11T01:17:49.252+0000] {processor.py:756} INFO - Processing file /home/airflow/.local/lib/python3.7/site-packages/airflow/example_dags/tutorial.py for tasks to queue
[2023-01-11T01:17:49.253+0000] {logging_mixin.py:120} INFO - [2023-01-11T01:17:49.253+0000] {dagbag.py:537} INFO - Filling up the DagBag from /home/airflow/.local/lib/python3.7/site-packages/airflow/example_dags/tutorial.py
[2023-01-11T01:17:49.279+0000] {processor.py:766} INFO - DAG(s) dict_keys(['tutorial']) retrieved from /home/airflow/.local/lib/python3.7/site-packages/airflow/example_dags/tutorial.py
[2023-01-11T01:17:49.361+0000] {logging_mixin.py:120} INFO - [2023-01-11T01:17:49.361+0000] {dag.py:2585} INFO - Sync 1 DAGs
[2023-01-11T01:17:49.422+0000] {logging_mixin.py:120} INFO - [2023-01-11T01:17:49.422+0000] {dag.py:3340} INFO - Setting next_dagrun for tutorial to 2023-01-10T01:17:49.421958+00:00, run_after=2023-01-11T01:17:49.421958+00:00
[2023-01-11T01:17:49.464+0000] {processor.py:176} INFO - Processing /home/airflow/.local/lib/python3.7/site-packages/airflow/example_dags/tutorial.py took 0.218 seconds
[2023-01-11T01:18:19.768+0000] {processor.py:154} INFO - Started process (PID=18410) to work on /home/airflow/.local/lib/python3.7/site-packages/airflow/example_dags/tutorial.py
[2023-01-11T01:18:19.771+0000] {processor.py:756} INFO - Processing file /home/airflow/.local/lib/python3.7/site-packages/airflow/example_dags/tutorial.py for tasks to queue
[2023-01-11T01:18:19.772+0000] {logging_mixin.py:120} INFO - [2023-01-11T01:18:19.772+0000] {dagbag.py:537} INFO - Filling up the DagBag from /home/airflow/.local/lib/python3.7/site-packages/airflow/example_dags/tutorial.py
[2023-01-11T01:18:19.799+0000] {processor.py:766} INFO - DAG(s) dict_keys(['tutorial']) retrieved from /home/airflow/.local/lib/python3.7/site-packages/airflow/example_dags/tutorial.py
[2023-01-11T01:18:19.879+0000] {logging_mixin.py:120} INFO - [2023-01-11T01:18:19.879+0000] {dag.py:2585} INFO - Sync 1 DAGs
[2023-01-11T01:18:19.954+0000] {logging_mixin.py:120} INFO - [2023-01-11T01:18:19.954+0000] {dag.py:3340} INFO - Setting next_dagrun for tutorial to 2023-01-10T01:18:19.953627+00:00, run_after=2023-01-11T01:18:19.953627+00:00
[2023-01-11T01:18:20.024+0000] {processor.py:176} INFO - Processing /home/airflow/.local/lib/python3.7/site-packages/airflow/example_dags/tutorial.py took 0.265 seconds
[2023-01-11T01:18:50.433+0000] {processor.py:154} INFO - Started process (PID=18468) to work on /home/airflow/.local/lib/python3.7/site-packages/airflow/example_dags/tutorial.py
[2023-01-11T01:18:50.434+0000] {processor.py:756} INFO - Processing file /home/airflow/.local/lib/python3.7/site-packages/airflow/example_dags/tutorial.py for tasks to queue
[2023-01-11T01:18:50.435+0000] {logging_mixin.py:120} INFO - [2023-01-11T01:18:50.435+0000] {dagbag.py:537} INFO - Filling up the DagBag from /home/airflow/.local/lib/python3.7/site-packages/airflow/example_dags/tutorial.py
[2023-01-11T01:18:50.460+0000] {processor.py:766} INFO - DAG(s) dict_keys(['tutorial']) retrieved from /home/airflow/.local/lib/python3.7/site-packages/airflow/example_dags/tutorial.py
[2023-01-11T01:18:50.531+0000] {logging_mixin.py:120} INFO - [2023-01-11T01:18:50.531+0000] {dag.py:2585} INFO - Sync 1 DAGs
[2023-01-11T01:18:50.562+0000] {logging_mixin.py:120} INFO - [2023-01-11T01:18:50.562+0000] {dag.py:3340} INFO - Setting next_dagrun for tutorial to 2023-01-10T01:18:50.562240+00:00, run_after=2023-01-11T01:18:50.562240+00:00
[2023-01-11T01:18:50.587+0000] {processor.py:176} INFO - Processing /home/airflow/.local/lib/python3.7/site-packages/airflow/example_dags/tutorial.py took 0.160 seconds
[2023-01-11T01:19:21.549+0000] {processor.py:154} INFO - Started process (PID=18535) to work on /home/airflow/.local/lib/python3.7/site-packages/airflow/example_dags/tutorial.py
[2023-01-11T01:19:21.552+0000] {processor.py:756} INFO - Processing file /home/airflow/.local/lib/python3.7/site-packages/airflow/example_dags/tutorial.py for tasks to queue
[2023-01-11T01:19:21.555+0000] {logging_mixin.py:120} INFO - [2023-01-11T01:19:21.555+0000] {dagbag.py:537} INFO - Filling up the DagBag from /home/airflow/.local/lib/python3.7/site-packages/airflow/example_dags/tutorial.py
[2023-01-11T01:19:21.595+0000] {processor.py:766} INFO - DAG(s) dict_keys(['tutorial']) retrieved from /home/airflow/.local/lib/python3.7/site-packages/airflow/example_dags/tutorial.py
[2023-01-11T01:19:21.686+0000] {logging_mixin.py:120} INFO - [2023-01-11T01:19:21.686+0000] {dag.py:2585} INFO - Sync 1 DAGs
[2023-01-11T01:19:21.758+0000] {logging_mixin.py:120} INFO - [2023-01-11T01:19:21.758+0000] {dag.py:3340} INFO - Setting next_dagrun for tutorial to 2023-01-10T01:19:21.757828+00:00, run_after=2023-01-11T01:19:21.757828+00:00
[2023-01-11T01:19:21.809+0000] {processor.py:176} INFO - Processing /home/airflow/.local/lib/python3.7/site-packages/airflow/example_dags/tutorial.py took 0.269 seconds
[2023-01-11T01:19:52.134+0000] {processor.py:154} INFO - Started process (PID=18593) to work on /home/airflow/.local/lib/python3.7/site-packages/airflow/example_dags/tutorial.py
[2023-01-11T01:19:52.135+0000] {processor.py:756} INFO - Processing file /home/airflow/.local/lib/python3.7/site-packages/airflow/example_dags/tutorial.py for tasks to queue
[2023-01-11T01:19:52.137+0000] {logging_mixin.py:120} INFO - [2023-01-11T01:19:52.136+0000] {dagbag.py:537} INFO - Filling up the DagBag from /home/airflow/.local/lib/python3.7/site-packages/airflow/example_dags/tutorial.py
[2023-01-11T01:19:52.157+0000] {processor.py:766} INFO - DAG(s) dict_keys(['tutorial']) retrieved from /home/airflow/.local/lib/python3.7/site-packages/airflow/example_dags/tutorial.py
[2023-01-11T01:19:52.211+0000] {logging_mixin.py:120} INFO - [2023-01-11T01:19:52.211+0000] {dag.py:2585} INFO - Sync 1 DAGs
[2023-01-11T01:19:52.241+0000] {logging_mixin.py:120} INFO - [2023-01-11T01:19:52.240+0000] {dag.py:3340} INFO - Setting next_dagrun for tutorial to 2023-01-10T01:19:52.240693+00:00, run_after=2023-01-11T01:19:52.240693+00:00
[2023-01-11T01:19:52.274+0000] {processor.py:176} INFO - Processing /home/airflow/.local/lib/python3.7/site-packages/airflow/example_dags/tutorial.py took 0.144 seconds
[2023-01-11T01:20:23.217+0000] {processor.py:154} INFO - Started process (PID=18660) to work on /home/airflow/.local/lib/python3.7/site-packages/airflow/example_dags/tutorial.py
[2023-01-11T01:20:23.218+0000] {processor.py:756} INFO - Processing file /home/airflow/.local/lib/python3.7/site-packages/airflow/example_dags/tutorial.py for tasks to queue
[2023-01-11T01:20:23.219+0000] {logging_mixin.py:120} INFO - [2023-01-11T01:20:23.219+0000] {dagbag.py:537} INFO - Filling up the DagBag from /home/airflow/.local/lib/python3.7/site-packages/airflow/example_dags/tutorial.py
[2023-01-11T01:20:23.247+0000] {processor.py:766} INFO - DAG(s) dict_keys(['tutorial']) retrieved from /home/airflow/.local/lib/python3.7/site-packages/airflow/example_dags/tutorial.py
[2023-01-11T01:20:23.302+0000] {logging_mixin.py:120} INFO - [2023-01-11T01:20:23.301+0000] {dag.py:2585} INFO - Sync 1 DAGs
[2023-01-11T01:20:23.327+0000] {logging_mixin.py:120} INFO - [2023-01-11T01:20:23.327+0000] {dag.py:3340} INFO - Setting next_dagrun for tutorial to 2023-01-10T01:20:23.327398+00:00, run_after=2023-01-11T01:20:23.327398+00:00
[2023-01-11T01:20:23.351+0000] {processor.py:176} INFO - Processing /home/airflow/.local/lib/python3.7/site-packages/airflow/example_dags/tutorial.py took 0.137 seconds
[2023-01-11T01:20:54.045+0000] {processor.py:154} INFO - Started process (PID=18718) to work on /home/airflow/.local/lib/python3.7/site-packages/airflow/example_dags/tutorial.py
[2023-01-11T01:20:54.046+0000] {processor.py:756} INFO - Processing file /home/airflow/.local/lib/python3.7/site-packages/airflow/example_dags/tutorial.py for tasks to queue
[2023-01-11T01:20:54.048+0000] {logging_mixin.py:120} INFO - [2023-01-11T01:20:54.047+0000] {dagbag.py:537} INFO - Filling up the DagBag from /home/airflow/.local/lib/python3.7/site-packages/airflow/example_dags/tutorial.py
[2023-01-11T01:20:54.071+0000] {processor.py:766} INFO - DAG(s) dict_keys(['tutorial']) retrieved from /home/airflow/.local/lib/python3.7/site-packages/airflow/example_dags/tutorial.py
[2023-01-11T01:20:54.129+0000] {logging_mixin.py:120} INFO - [2023-01-11T01:20:54.129+0000] {dag.py:2585} INFO - Sync 1 DAGs
[2023-01-11T01:20:54.173+0000] {logging_mixin.py:120} INFO - [2023-01-11T01:20:54.172+0000] {dag.py:3340} INFO - Setting next_dagrun for tutorial to 2023-01-10T01:20:54.172653+00:00, run_after=2023-01-11T01:20:54.172653+00:00
[2023-01-11T01:20:54.201+0000] {processor.py:176} INFO - Processing /home/airflow/.local/lib/python3.7/site-packages/airflow/example_dags/tutorial.py took 0.160 seconds
[2023-01-11T01:21:24.769+0000] {processor.py:154} INFO - Started process (PID=18785) to work on /home/airflow/.local/lib/python3.7/site-packages/airflow/example_dags/tutorial.py
[2023-01-11T01:21:24.771+0000] {processor.py:756} INFO - Processing file /home/airflow/.local/lib/python3.7/site-packages/airflow/example_dags/tutorial.py for tasks to queue
[2023-01-11T01:21:24.774+0000] {logging_mixin.py:120} INFO - [2023-01-11T01:21:24.773+0000] {dagbag.py:537} INFO - Filling up the DagBag from /home/airflow/.local/lib/python3.7/site-packages/airflow/example_dags/tutorial.py
[2023-01-11T01:21:24.805+0000] {processor.py:766} INFO - DAG(s) dict_keys(['tutorial']) retrieved from /home/airflow/.local/lib/python3.7/site-packages/airflow/example_dags/tutorial.py
[2023-01-11T01:21:24.878+0000] {logging_mixin.py:120} INFO - [2023-01-11T01:21:24.878+0000] {dag.py:2585} INFO - Sync 1 DAGs
[2023-01-11T01:21:24.922+0000] {logging_mixin.py:120} INFO - [2023-01-11T01:21:24.922+0000] {dag.py:3340} INFO - Setting next_dagrun for tutorial to 2023-01-10T01:21:24.921934+00:00, run_after=2023-01-11T01:21:24.921934+00:00
[2023-01-11T01:21:24.957+0000] {processor.py:176} INFO - Processing /home/airflow/.local/lib/python3.7/site-packages/airflow/example_dags/tutorial.py took 0.196 seconds
[2023-01-11T01:21:55.267+0000] {processor.py:154} INFO - Started process (PID=18852) to work on /home/airflow/.local/lib/python3.7/site-packages/airflow/example_dags/tutorial.py
[2023-01-11T01:21:55.269+0000] {processor.py:756} INFO - Processing file /home/airflow/.local/lib/python3.7/site-packages/airflow/example_dags/tutorial.py for tasks to queue
[2023-01-11T01:21:55.271+0000] {logging_mixin.py:120} INFO - [2023-01-11T01:21:55.270+0000] {dagbag.py:537} INFO - Filling up the DagBag from /home/airflow/.local/lib/python3.7/site-packages/airflow/example_dags/tutorial.py
[2023-01-11T01:21:55.311+0000] {processor.py:766} INFO - DAG(s) dict_keys(['tutorial']) retrieved from /home/airflow/.local/lib/python3.7/site-packages/airflow/example_dags/tutorial.py
[2023-01-11T01:21:55.439+0000] {logging_mixin.py:120} INFO - [2023-01-11T01:21:55.439+0000] {dag.py:2585} INFO - Sync 1 DAGs
[2023-01-11T01:21:55.516+0000] {logging_mixin.py:120} INFO - [2023-01-11T01:21:55.515+0000] {dag.py:3340} INFO - Setting next_dagrun for tutorial to 2023-01-10T01:21:55.514753+00:00, run_after=2023-01-11T01:21:55.514753+00:00
[2023-01-11T01:21:55.572+0000] {processor.py:176} INFO - Processing /home/airflow/.local/lib/python3.7/site-packages/airflow/example_dags/tutorial.py took 0.311 seconds
[2023-01-11T01:22:25.664+0000] {processor.py:154} INFO - Started process (PID=18910) to work on /home/airflow/.local/lib/python3.7/site-packages/airflow/example_dags/tutorial.py
[2023-01-11T01:22:25.665+0000] {processor.py:756} INFO - Processing file /home/airflow/.local/lib/python3.7/site-packages/airflow/example_dags/tutorial.py for tasks to queue
[2023-01-11T01:22:25.667+0000] {logging_mixin.py:120} INFO - [2023-01-11T01:22:25.667+0000] {dagbag.py:537} INFO - Filling up the DagBag from /home/airflow/.local/lib/python3.7/site-packages/airflow/example_dags/tutorial.py
[2023-01-11T01:22:25.686+0000] {processor.py:766} INFO - DAG(s) dict_keys(['tutorial']) retrieved from /home/airflow/.local/lib/python3.7/site-packages/airflow/example_dags/tutorial.py
[2023-01-11T01:22:25.741+0000] {logging_mixin.py:120} INFO - [2023-01-11T01:22:25.740+0000] {dag.py:2585} INFO - Sync 1 DAGs
[2023-01-11T01:22:25.767+0000] {logging_mixin.py:120} INFO - [2023-01-11T01:22:25.767+0000] {dag.py:3340} INFO - Setting next_dagrun for tutorial to 2023-01-10T01:22:25.767483+00:00, run_after=2023-01-11T01:22:25.767483+00:00
[2023-01-11T01:22:25.796+0000] {processor.py:176} INFO - Processing /home/airflow/.local/lib/python3.7/site-packages/airflow/example_dags/tutorial.py took 0.136 seconds
[2023-01-11T01:22:55.877+0000] {processor.py:154} INFO - Started process (PID=18977) to work on /home/airflow/.local/lib/python3.7/site-packages/airflow/example_dags/tutorial.py
[2023-01-11T01:22:55.880+0000] {processor.py:756} INFO - Processing file /home/airflow/.local/lib/python3.7/site-packages/airflow/example_dags/tutorial.py for tasks to queue
[2023-01-11T01:22:55.883+0000] {logging_mixin.py:120} INFO - [2023-01-11T01:22:55.882+0000] {dagbag.py:537} INFO - Filling up the DagBag from /home/airflow/.local/lib/python3.7/site-packages/airflow/example_dags/tutorial.py
[2023-01-11T01:22:55.930+0000] {processor.py:766} INFO - DAG(s) dict_keys(['tutorial']) retrieved from /home/airflow/.local/lib/python3.7/site-packages/airflow/example_dags/tutorial.py
[2023-01-11T01:22:56.031+0000] {logging_mixin.py:120} INFO - [2023-01-11T01:22:56.031+0000] {dag.py:2585} INFO - Sync 1 DAGs
[2023-01-11T01:22:56.105+0000] {logging_mixin.py:120} INFO - [2023-01-11T01:22:56.105+0000] {dag.py:3340} INFO - Setting next_dagrun for tutorial to 2023-01-10T01:22:56.104446+00:00, run_after=2023-01-11T01:22:56.104446+00:00
[2023-01-11T01:22:56.177+0000] {processor.py:176} INFO - Processing /home/airflow/.local/lib/python3.7/site-packages/airflow/example_dags/tutorial.py took 0.309 seconds
[2023-01-11T01:23:26.324+0000] {processor.py:154} INFO - Started process (PID=19035) to work on /home/airflow/.local/lib/python3.7/site-packages/airflow/example_dags/tutorial.py
[2023-01-11T01:23:26.326+0000] {processor.py:756} INFO - Processing file /home/airflow/.local/lib/python3.7/site-packages/airflow/example_dags/tutorial.py for tasks to queue
[2023-01-11T01:23:26.328+0000] {logging_mixin.py:120} INFO - [2023-01-11T01:23:26.328+0000] {dagbag.py:537} INFO - Filling up the DagBag from /home/airflow/.local/lib/python3.7/site-packages/airflow/example_dags/tutorial.py
[2023-01-11T01:23:26.364+0000] {processor.py:766} INFO - DAG(s) dict_keys(['tutorial']) retrieved from /home/airflow/.local/lib/python3.7/site-packages/airflow/example_dags/tutorial.py
[2023-01-11T01:23:26.417+0000] {logging_mixin.py:120} INFO - [2023-01-11T01:23:26.417+0000] {dag.py:2585} INFO - Sync 1 DAGs
[2023-01-11T01:23:26.444+0000] {logging_mixin.py:120} INFO - [2023-01-11T01:23:26.444+0000] {dag.py:3340} INFO - Setting next_dagrun for tutorial to 2023-01-10T01:23:26.444519+00:00, run_after=2023-01-11T01:23:26.444519+00:00
[2023-01-11T01:23:26.473+0000] {processor.py:176} INFO - Processing /home/airflow/.local/lib/python3.7/site-packages/airflow/example_dags/tutorial.py took 0.156 seconds
[2023-01-11T01:23:57.158+0000] {processor.py:154} INFO - Started process (PID=19093) to work on /home/airflow/.local/lib/python3.7/site-packages/airflow/example_dags/tutorial.py
[2023-01-11T01:23:57.160+0000] {processor.py:756} INFO - Processing file /home/airflow/.local/lib/python3.7/site-packages/airflow/example_dags/tutorial.py for tasks to queue
[2023-01-11T01:23:57.161+0000] {logging_mixin.py:120} INFO - [2023-01-11T01:23:57.161+0000] {dagbag.py:537} INFO - Filling up the DagBag from /home/airflow/.local/lib/python3.7/site-packages/airflow/example_dags/tutorial.py
[2023-01-11T01:23:57.178+0000] {processor.py:766} INFO - DAG(s) dict_keys(['tutorial']) retrieved from /home/airflow/.local/lib/python3.7/site-packages/airflow/example_dags/tutorial.py
[2023-01-11T01:23:57.368+0000] {logging_mixin.py:120} INFO - [2023-01-11T01:23:57.367+0000] {dag.py:2585} INFO - Sync 1 DAGs
[2023-01-11T01:23:57.418+0000] {logging_mixin.py:120} INFO - [2023-01-11T01:23:57.417+0000] {dag.py:3340} INFO - Setting next_dagrun for tutorial to 2023-01-10T01:23:57.416681+00:00, run_after=2023-01-11T01:23:57.416681+00:00
[2023-01-11T01:23:57.459+0000] {processor.py:176} INFO - Processing /home/airflow/.local/lib/python3.7/site-packages/airflow/example_dags/tutorial.py took 0.304 seconds
[2023-01-11T01:24:27.585+0000] {processor.py:154} INFO - Started process (PID=19160) to work on /home/airflow/.local/lib/python3.7/site-packages/airflow/example_dags/tutorial.py
[2023-01-11T01:24:27.586+0000] {processor.py:756} INFO - Processing file /home/airflow/.local/lib/python3.7/site-packages/airflow/example_dags/tutorial.py for tasks to queue
[2023-01-11T01:24:27.587+0000] {logging_mixin.py:120} INFO - [2023-01-11T01:24:27.587+0000] {dagbag.py:537} INFO - Filling up the DagBag from /home/airflow/.local/lib/python3.7/site-packages/airflow/example_dags/tutorial.py
[2023-01-11T01:24:27.604+0000] {processor.py:766} INFO - DAG(s) dict_keys(['tutorial']) retrieved from /home/airflow/.local/lib/python3.7/site-packages/airflow/example_dags/tutorial.py
[2023-01-11T01:24:27.659+0000] {logging_mixin.py:120} INFO - [2023-01-11T01:24:27.659+0000] {dag.py:2585} INFO - Sync 1 DAGs
[2023-01-11T01:24:27.690+0000] {logging_mixin.py:120} INFO - [2023-01-11T01:24:27.690+0000] {dag.py:3340} INFO - Setting next_dagrun for tutorial to 2023-01-10T01:24:27.689953+00:00, run_after=2023-01-11T01:24:27.689953+00:00
[2023-01-11T01:24:27.713+0000] {processor.py:176} INFO - Processing /home/airflow/.local/lib/python3.7/site-packages/airflow/example_dags/tutorial.py took 0.133 seconds
[2023-01-11T01:24:58.058+0000] {processor.py:154} INFO - Started process (PID=19219) to work on /home/airflow/.local/lib/python3.7/site-packages/airflow/example_dags/tutorial.py
[2023-01-11T01:24:58.059+0000] {processor.py:756} INFO - Processing file /home/airflow/.local/lib/python3.7/site-packages/airflow/example_dags/tutorial.py for tasks to queue
[2023-01-11T01:24:58.059+0000] {logging_mixin.py:120} INFO - [2023-01-11T01:24:58.059+0000] {dagbag.py:537} INFO - Filling up the DagBag from /home/airflow/.local/lib/python3.7/site-packages/airflow/example_dags/tutorial.py
[2023-01-11T01:24:58.087+0000] {processor.py:766} INFO - DAG(s) dict_keys(['tutorial']) retrieved from /home/airflow/.local/lib/python3.7/site-packages/airflow/example_dags/tutorial.py
[2023-01-11T01:24:58.145+0000] {logging_mixin.py:120} INFO - [2023-01-11T01:24:58.145+0000] {dag.py:2585} INFO - Sync 1 DAGs
[2023-01-11T01:24:58.172+0000] {logging_mixin.py:120} INFO - [2023-01-11T01:24:58.172+0000] {dag.py:3340} INFO - Setting next_dagrun for tutorial to 2023-01-10T01:24:58.172425+00:00, run_after=2023-01-11T01:24:58.172425+00:00
[2023-01-11T01:24:58.193+0000] {processor.py:176} INFO - Processing /home/airflow/.local/lib/python3.7/site-packages/airflow/example_dags/tutorial.py took 0.138 seconds
[2023-01-11T01:25:28.415+0000] {processor.py:154} INFO - Started process (PID=19286) to work on /home/airflow/.local/lib/python3.7/site-packages/airflow/example_dags/tutorial.py
[2023-01-11T01:25:28.418+0000] {processor.py:756} INFO - Processing file /home/airflow/.local/lib/python3.7/site-packages/airflow/example_dags/tutorial.py for tasks to queue
[2023-01-11T01:25:28.420+0000] {logging_mixin.py:120} INFO - [2023-01-11T01:25:28.420+0000] {dagbag.py:537} INFO - Filling up the DagBag from /home/airflow/.local/lib/python3.7/site-packages/airflow/example_dags/tutorial.py
[2023-01-11T01:25:28.464+0000] {processor.py:766} INFO - DAG(s) dict_keys(['tutorial']) retrieved from /home/airflow/.local/lib/python3.7/site-packages/airflow/example_dags/tutorial.py
[2023-01-11T01:25:28.609+0000] {logging_mixin.py:120} INFO - [2023-01-11T01:25:28.608+0000] {dag.py:2585} INFO - Sync 1 DAGs
[2023-01-11T01:25:28.685+0000] {logging_mixin.py:120} INFO - [2023-01-11T01:25:28.685+0000] {dag.py:3340} INFO - Setting next_dagrun for tutorial to 2023-01-10T01:25:28.685155+00:00, run_after=2023-01-11T01:25:28.685155+00:00
[2023-01-11T01:25:28.731+0000] {processor.py:176} INFO - Processing /home/airflow/.local/lib/python3.7/site-packages/airflow/example_dags/tutorial.py took 0.330 seconds
[2023-01-11T01:25:58.893+0000] {processor.py:154} INFO - Started process (PID=19344) to work on /home/airflow/.local/lib/python3.7/site-packages/airflow/example_dags/tutorial.py
[2023-01-11T01:25:58.894+0000] {processor.py:756} INFO - Processing file /home/airflow/.local/lib/python3.7/site-packages/airflow/example_dags/tutorial.py for tasks to queue
[2023-01-11T01:25:58.895+0000] {logging_mixin.py:120} INFO - [2023-01-11T01:25:58.895+0000] {dagbag.py:537} INFO - Filling up the DagBag from /home/airflow/.local/lib/python3.7/site-packages/airflow/example_dags/tutorial.py
[2023-01-11T01:25:58.919+0000] {processor.py:766} INFO - DAG(s) dict_keys(['tutorial']) retrieved from /home/airflow/.local/lib/python3.7/site-packages/airflow/example_dags/tutorial.py
[2023-01-11T01:25:58.966+0000] {logging_mixin.py:120} INFO - [2023-01-11T01:25:58.966+0000] {dag.py:2585} INFO - Sync 1 DAGs
[2023-01-11T01:25:58.994+0000] {logging_mixin.py:120} INFO - [2023-01-11T01:25:58.994+0000] {dag.py:3340} INFO - Setting next_dagrun for tutorial to 2023-01-10T01:25:58.994163+00:00, run_after=2023-01-11T01:25:58.994163+00:00
[2023-01-11T01:25:59.017+0000] {processor.py:176} INFO - Processing /home/airflow/.local/lib/python3.7/site-packages/airflow/example_dags/tutorial.py took 0.127 seconds
[2023-01-11T01:26:29.202+0000] {processor.py:154} INFO - Started process (PID=19411) to work on /home/airflow/.local/lib/python3.7/site-packages/airflow/example_dags/tutorial.py
[2023-01-11T01:26:29.204+0000] {processor.py:756} INFO - Processing file /home/airflow/.local/lib/python3.7/site-packages/airflow/example_dags/tutorial.py for tasks to queue
[2023-01-11T01:26:29.207+0000] {logging_mixin.py:120} INFO - [2023-01-11T01:26:29.206+0000] {dagbag.py:537} INFO - Filling up the DagBag from /home/airflow/.local/lib/python3.7/site-packages/airflow/example_dags/tutorial.py
[2023-01-11T01:26:29.246+0000] {processor.py:766} INFO - DAG(s) dict_keys(['tutorial']) retrieved from /home/airflow/.local/lib/python3.7/site-packages/airflow/example_dags/tutorial.py
[2023-01-11T01:26:29.362+0000] {logging_mixin.py:120} INFO - [2023-01-11T01:26:29.362+0000] {dag.py:2585} INFO - Sync 1 DAGs
[2023-01-11T01:26:29.432+0000] {logging_mixin.py:120} INFO - [2023-01-11T01:26:29.431+0000] {dag.py:3340} INFO - Setting next_dagrun for tutorial to 2023-01-10T01:26:29.430434+00:00, run_after=2023-01-11T01:26:29.430434+00:00
[2023-01-11T01:26:29.503+0000] {processor.py:176} INFO - Processing /home/airflow/.local/lib/python3.7/site-packages/airflow/example_dags/tutorial.py took 0.310 seconds
[2023-01-11T01:26:59.746+0000] {processor.py:154} INFO - Started process (PID=19469) to work on /home/airflow/.local/lib/python3.7/site-packages/airflow/example_dags/tutorial.py
[2023-01-11T01:26:59.747+0000] {processor.py:756} INFO - Processing file /home/airflow/.local/lib/python3.7/site-packages/airflow/example_dags/tutorial.py for tasks to queue
[2023-01-11T01:26:59.749+0000] {logging_mixin.py:120} INFO - [2023-01-11T01:26:59.748+0000] {dagbag.py:537} INFO - Filling up the DagBag from /home/airflow/.local/lib/python3.7/site-packages/airflow/example_dags/tutorial.py
[2023-01-11T01:26:59.795+0000] {processor.py:766} INFO - DAG(s) dict_keys(['tutorial']) retrieved from /home/airflow/.local/lib/python3.7/site-packages/airflow/example_dags/tutorial.py
[2023-01-11T01:26:59.850+0000] {logging_mixin.py:120} INFO - [2023-01-11T01:26:59.850+0000] {dag.py:2585} INFO - Sync 1 DAGs
[2023-01-11T01:26:59.890+0000] {logging_mixin.py:120} INFO - [2023-01-11T01:26:59.890+0000] {dag.py:3340} INFO - Setting next_dagrun for tutorial to 2023-01-10T01:26:59.889633+00:00, run_after=2023-01-11T01:26:59.889633+00:00
[2023-01-11T01:26:59.918+0000] {processor.py:176} INFO - Processing /home/airflow/.local/lib/python3.7/site-packages/airflow/example_dags/tutorial.py took 0.177 seconds
[2023-01-11T01:27:30.779+0000] {processor.py:154} INFO - Started process (PID=19536) to work on /home/airflow/.local/lib/python3.7/site-packages/airflow/example_dags/tutorial.py
[2023-01-11T01:27:30.781+0000] {processor.py:756} INFO - Processing file /home/airflow/.local/lib/python3.7/site-packages/airflow/example_dags/tutorial.py for tasks to queue
[2023-01-11T01:27:30.784+0000] {logging_mixin.py:120} INFO - [2023-01-11T01:27:30.783+0000] {dagbag.py:537} INFO - Filling up the DagBag from /home/airflow/.local/lib/python3.7/site-packages/airflow/example_dags/tutorial.py
[2023-01-11T01:27:30.826+0000] {processor.py:766} INFO - DAG(s) dict_keys(['tutorial']) retrieved from /home/airflow/.local/lib/python3.7/site-packages/airflow/example_dags/tutorial.py
[2023-01-11T01:27:30.886+0000] {logging_mixin.py:120} INFO - [2023-01-11T01:27:30.885+0000] {dag.py:2585} INFO - Sync 1 DAGs
[2023-01-11T01:27:30.922+0000] {logging_mixin.py:120} INFO - [2023-01-11T01:27:30.921+0000] {dag.py:3340} INFO - Setting next_dagrun for tutorial to 2023-01-10T01:27:30.921623+00:00, run_after=2023-01-11T01:27:30.921623+00:00
[2023-01-11T01:27:30.953+0000] {processor.py:176} INFO - Processing /home/airflow/.local/lib/python3.7/site-packages/airflow/example_dags/tutorial.py took 0.184 seconds
[2023-01-11T01:28:01.669+0000] {processor.py:154} INFO - Started process (PID=19594) to work on /home/airflow/.local/lib/python3.7/site-packages/airflow/example_dags/tutorial.py
[2023-01-11T01:28:01.671+0000] {processor.py:756} INFO - Processing file /home/airflow/.local/lib/python3.7/site-packages/airflow/example_dags/tutorial.py for tasks to queue
[2023-01-11T01:28:01.673+0000] {logging_mixin.py:120} INFO - [2023-01-11T01:28:01.673+0000] {dagbag.py:537} INFO - Filling up the DagBag from /home/airflow/.local/lib/python3.7/site-packages/airflow/example_dags/tutorial.py
[2023-01-11T01:28:01.703+0000] {processor.py:766} INFO - DAG(s) dict_keys(['tutorial']) retrieved from /home/airflow/.local/lib/python3.7/site-packages/airflow/example_dags/tutorial.py
[2023-01-11T01:28:01.764+0000] {logging_mixin.py:120} INFO - [2023-01-11T01:28:01.764+0000] {dag.py:2585} INFO - Sync 1 DAGs
[2023-01-11T01:28:01.796+0000] {logging_mixin.py:120} INFO - [2023-01-11T01:28:01.796+0000] {dag.py:3340} INFO - Setting next_dagrun for tutorial to 2023-01-10T01:28:01.795736+00:00, run_after=2023-01-11T01:28:01.795736+00:00
[2023-01-11T01:28:01.827+0000] {processor.py:176} INFO - Processing /home/airflow/.local/lib/python3.7/site-packages/airflow/example_dags/tutorial.py took 0.165 seconds
[2023-01-11T01:28:32.291+0000] {processor.py:154} INFO - Started process (PID=19661) to work on /home/airflow/.local/lib/python3.7/site-packages/airflow/example_dags/tutorial.py
[2023-01-11T01:28:32.293+0000] {processor.py:756} INFO - Processing file /home/airflow/.local/lib/python3.7/site-packages/airflow/example_dags/tutorial.py for tasks to queue
[2023-01-11T01:28:32.297+0000] {logging_mixin.py:120} INFO - [2023-01-11T01:28:32.296+0000] {dagbag.py:537} INFO - Filling up the DagBag from /home/airflow/.local/lib/python3.7/site-packages/airflow/example_dags/tutorial.py
[2023-01-11T01:28:32.330+0000] {processor.py:766} INFO - DAG(s) dict_keys(['tutorial']) retrieved from /home/airflow/.local/lib/python3.7/site-packages/airflow/example_dags/tutorial.py
[2023-01-11T01:28:32.404+0000] {logging_mixin.py:120} INFO - [2023-01-11T01:28:32.404+0000] {dag.py:2585} INFO - Sync 1 DAGs
[2023-01-11T01:28:32.446+0000] {logging_mixin.py:120} INFO - [2023-01-11T01:28:32.446+0000] {dag.py:3340} INFO - Setting next_dagrun for tutorial to 2023-01-10T01:28:32.445689+00:00, run_after=2023-01-11T01:28:32.445689+00:00
[2023-01-11T01:28:32.481+0000] {processor.py:176} INFO - Processing /home/airflow/.local/lib/python3.7/site-packages/airflow/example_dags/tutorial.py took 0.200 seconds
[2023-01-11T01:29:02.791+0000] {processor.py:154} INFO - Started process (PID=19726) to work on /home/airflow/.local/lib/python3.7/site-packages/airflow/example_dags/tutorial.py
[2023-01-11T01:29:02.792+0000] {processor.py:756} INFO - Processing file /home/airflow/.local/lib/python3.7/site-packages/airflow/example_dags/tutorial.py for tasks to queue
[2023-01-11T01:29:02.795+0000] {logging_mixin.py:120} INFO - [2023-01-11T01:29:02.795+0000] {dagbag.py:537} INFO - Filling up the DagBag from /home/airflow/.local/lib/python3.7/site-packages/airflow/example_dags/tutorial.py
[2023-01-11T01:29:02.829+0000] {processor.py:766} INFO - DAG(s) dict_keys(['tutorial']) retrieved from /home/airflow/.local/lib/python3.7/site-packages/airflow/example_dags/tutorial.py
[2023-01-11T01:29:02.909+0000] {logging_mixin.py:120} INFO - [2023-01-11T01:29:02.909+0000] {dag.py:2585} INFO - Sync 1 DAGs
[2023-01-11T01:29:02.952+0000] {logging_mixin.py:120} INFO - [2023-01-11T01:29:02.952+0000] {dag.py:3340} INFO - Setting next_dagrun for tutorial to 2023-01-10T01:29:02.952195+00:00, run_after=2023-01-11T01:29:02.952195+00:00
[2023-01-11T01:29:02.987+0000] {processor.py:176} INFO - Processing /home/airflow/.local/lib/python3.7/site-packages/airflow/example_dags/tutorial.py took 0.203 seconds
[2023-01-11T01:29:33.816+0000] {processor.py:154} INFO - Started process (PID=19785) to work on /home/airflow/.local/lib/python3.7/site-packages/airflow/example_dags/tutorial.py
[2023-01-11T01:29:33.817+0000] {processor.py:756} INFO - Processing file /home/airflow/.local/lib/python3.7/site-packages/airflow/example_dags/tutorial.py for tasks to queue
[2023-01-11T01:29:33.819+0000] {logging_mixin.py:120} INFO - [2023-01-11T01:29:33.818+0000] {dagbag.py:537} INFO - Filling up the DagBag from /home/airflow/.local/lib/python3.7/site-packages/airflow/example_dags/tutorial.py
[2023-01-11T01:29:33.849+0000] {processor.py:766} INFO - DAG(s) dict_keys(['tutorial']) retrieved from /home/airflow/.local/lib/python3.7/site-packages/airflow/example_dags/tutorial.py
[2023-01-11T01:29:33.925+0000] {logging_mixin.py:120} INFO - [2023-01-11T01:29:33.924+0000] {dag.py:2585} INFO - Sync 1 DAGs
[2023-01-11T01:29:33.984+0000] {logging_mixin.py:120} INFO - [2023-01-11T01:29:33.984+0000] {dag.py:3340} INFO - Setting next_dagrun for tutorial to 2023-01-10T01:29:33.983878+00:00, run_after=2023-01-11T01:29:33.983878+00:00
[2023-01-11T01:29:34.016+0000] {processor.py:176} INFO - Processing /home/airflow/.local/lib/python3.7/site-packages/airflow/example_dags/tutorial.py took 0.208 seconds
[2023-01-11T01:30:04.742+0000] {processor.py:154} INFO - Started process (PID=19852) to work on /home/airflow/.local/lib/python3.7/site-packages/airflow/example_dags/tutorial.py
[2023-01-11T01:30:04.743+0000] {processor.py:756} INFO - Processing file /home/airflow/.local/lib/python3.7/site-packages/airflow/example_dags/tutorial.py for tasks to queue
[2023-01-11T01:30:04.744+0000] {logging_mixin.py:120} INFO - [2023-01-11T01:30:04.744+0000] {dagbag.py:537} INFO - Filling up the DagBag from /home/airflow/.local/lib/python3.7/site-packages/airflow/example_dags/tutorial.py
[2023-01-11T01:30:04.771+0000] {processor.py:766} INFO - DAG(s) dict_keys(['tutorial']) retrieved from /home/airflow/.local/lib/python3.7/site-packages/airflow/example_dags/tutorial.py
[2023-01-11T01:30:04.829+0000] {logging_mixin.py:120} INFO - [2023-01-11T01:30:04.828+0000] {dag.py:2585} INFO - Sync 1 DAGs
[2023-01-11T01:30:04.864+0000] {logging_mixin.py:120} INFO - [2023-01-11T01:30:04.864+0000] {dag.py:3340} INFO - Setting next_dagrun for tutorial to 2023-01-10T01:30:04.863874+00:00, run_after=2023-01-11T01:30:04.863874+00:00
[2023-01-11T01:30:04.891+0000] {processor.py:176} INFO - Processing /home/airflow/.local/lib/python3.7/site-packages/airflow/example_dags/tutorial.py took 0.152 seconds
[2023-01-11T01:30:35.500+0000] {processor.py:154} INFO - Started process (PID=19910) to work on /home/airflow/.local/lib/python3.7/site-packages/airflow/example_dags/tutorial.py
[2023-01-11T01:30:35.501+0000] {processor.py:756} INFO - Processing file /home/airflow/.local/lib/python3.7/site-packages/airflow/example_dags/tutorial.py for tasks to queue
[2023-01-11T01:30:35.504+0000] {logging_mixin.py:120} INFO - [2023-01-11T01:30:35.503+0000] {dagbag.py:537} INFO - Filling up the DagBag from /home/airflow/.local/lib/python3.7/site-packages/airflow/example_dags/tutorial.py
[2023-01-11T01:30:35.543+0000] {processor.py:766} INFO - DAG(s) dict_keys(['tutorial']) retrieved from /home/airflow/.local/lib/python3.7/site-packages/airflow/example_dags/tutorial.py
[2023-01-11T01:30:35.631+0000] {logging_mixin.py:120} INFO - [2023-01-11T01:30:35.631+0000] {dag.py:2585} INFO - Sync 1 DAGs
[2023-01-11T01:30:35.679+0000] {logging_mixin.py:120} INFO - [2023-01-11T01:30:35.678+0000] {dag.py:3340} INFO - Setting next_dagrun for tutorial to 2023-01-10T01:30:35.678332+00:00, run_after=2023-01-11T01:30:35.678332+00:00
[2023-01-11T01:30:35.733+0000] {processor.py:176} INFO - Processing /home/airflow/.local/lib/python3.7/site-packages/airflow/example_dags/tutorial.py took 0.241 seconds
[2023-01-11T01:31:05.919+0000] {processor.py:154} INFO - Started process (PID=19977) to work on /home/airflow/.local/lib/python3.7/site-packages/airflow/example_dags/tutorial.py
[2023-01-11T01:31:05.921+0000] {processor.py:756} INFO - Processing file /home/airflow/.local/lib/python3.7/site-packages/airflow/example_dags/tutorial.py for tasks to queue
[2023-01-11T01:31:05.922+0000] {logging_mixin.py:120} INFO - [2023-01-11T01:31:05.922+0000] {dagbag.py:537} INFO - Filling up the DagBag from /home/airflow/.local/lib/python3.7/site-packages/airflow/example_dags/tutorial.py
[2023-01-11T01:31:05.938+0000] {processor.py:766} INFO - DAG(s) dict_keys(['tutorial']) retrieved from /home/airflow/.local/lib/python3.7/site-packages/airflow/example_dags/tutorial.py
[2023-01-11T01:31:06.011+0000] {logging_mixin.py:120} INFO - [2023-01-11T01:31:06.011+0000] {dag.py:2585} INFO - Sync 1 DAGs
[2023-01-11T01:31:06.071+0000] {logging_mixin.py:120} INFO - [2023-01-11T01:31:06.071+0000] {dag.py:3340} INFO - Setting next_dagrun for tutorial to 2023-01-10T01:31:06.071069+00:00, run_after=2023-01-11T01:31:06.071069+00:00
[2023-01-11T01:31:06.120+0000] {processor.py:176} INFO - Processing /home/airflow/.local/lib/python3.7/site-packages/airflow/example_dags/tutorial.py took 0.207 seconds
[2023-01-11T01:31:37.054+0000] {processor.py:154} INFO - Started process (PID=20035) to work on /home/airflow/.local/lib/python3.7/site-packages/airflow/example_dags/tutorial.py
[2023-01-11T01:31:37.055+0000] {processor.py:756} INFO - Processing file /home/airflow/.local/lib/python3.7/site-packages/airflow/example_dags/tutorial.py for tasks to queue
[2023-01-11T01:31:37.057+0000] {logging_mixin.py:120} INFO - [2023-01-11T01:31:37.056+0000] {dagbag.py:537} INFO - Filling up the DagBag from /home/airflow/.local/lib/python3.7/site-packages/airflow/example_dags/tutorial.py
[2023-01-11T01:31:37.080+0000] {processor.py:766} INFO - DAG(s) dict_keys(['tutorial']) retrieved from /home/airflow/.local/lib/python3.7/site-packages/airflow/example_dags/tutorial.py
[2023-01-11T01:31:37.154+0000] {logging_mixin.py:120} INFO - [2023-01-11T01:31:37.153+0000] {dag.py:2585} INFO - Sync 1 DAGs
[2023-01-11T01:31:37.203+0000] {logging_mixin.py:120} INFO - [2023-01-11T01:31:37.203+0000] {dag.py:3340} INFO - Setting next_dagrun for tutorial to 2023-01-10T01:31:37.202949+00:00, run_after=2023-01-11T01:31:37.202949+00:00
[2023-01-11T01:31:37.239+0000] {processor.py:176} INFO - Processing /home/airflow/.local/lib/python3.7/site-packages/airflow/example_dags/tutorial.py took 0.191 seconds
[2023-01-11T01:32:07.514+0000] {processor.py:154} INFO - Started process (PID=20101) to work on /home/airflow/.local/lib/python3.7/site-packages/airflow/example_dags/tutorial.py
[2023-01-11T01:32:07.516+0000] {processor.py:756} INFO - Processing file /home/airflow/.local/lib/python3.7/site-packages/airflow/example_dags/tutorial.py for tasks to queue
[2023-01-11T01:32:07.519+0000] {logging_mixin.py:120} INFO - [2023-01-11T01:32:07.518+0000] {dagbag.py:537} INFO - Filling up the DagBag from /home/airflow/.local/lib/python3.7/site-packages/airflow/example_dags/tutorial.py
[2023-01-11T01:32:07.552+0000] {processor.py:766} INFO - DAG(s) dict_keys(['tutorial']) retrieved from /home/airflow/.local/lib/python3.7/site-packages/airflow/example_dags/tutorial.py
[2023-01-11T01:32:07.626+0000] {logging_mixin.py:120} INFO - [2023-01-11T01:32:07.626+0000] {dag.py:2585} INFO - Sync 1 DAGs
[2023-01-11T01:32:07.705+0000] {logging_mixin.py:120} INFO - [2023-01-11T01:32:07.705+0000] {dag.py:3340} INFO - Setting next_dagrun for tutorial to 2023-01-10T01:32:07.704591+00:00, run_after=2023-01-11T01:32:07.704591+00:00
[2023-01-11T01:32:07.767+0000] {processor.py:176} INFO - Processing /home/airflow/.local/lib/python3.7/site-packages/airflow/example_dags/tutorial.py took 0.259 seconds
[2023-01-11T01:32:38.714+0000] {processor.py:154} INFO - Started process (PID=20159) to work on /home/airflow/.local/lib/python3.7/site-packages/airflow/example_dags/tutorial.py
[2023-01-11T01:32:38.715+0000] {processor.py:756} INFO - Processing file /home/airflow/.local/lib/python3.7/site-packages/airflow/example_dags/tutorial.py for tasks to queue
[2023-01-11T01:32:38.717+0000] {logging_mixin.py:120} INFO - [2023-01-11T01:32:38.716+0000] {dagbag.py:537} INFO - Filling up the DagBag from /home/airflow/.local/lib/python3.7/site-packages/airflow/example_dags/tutorial.py
[2023-01-11T01:32:38.734+0000] {processor.py:766} INFO - DAG(s) dict_keys(['tutorial']) retrieved from /home/airflow/.local/lib/python3.7/site-packages/airflow/example_dags/tutorial.py
[2023-01-11T01:32:38.794+0000] {logging_mixin.py:120} INFO - [2023-01-11T01:32:38.794+0000] {dag.py:2585} INFO - Sync 1 DAGs
[2023-01-11T01:32:38.835+0000] {logging_mixin.py:120} INFO - [2023-01-11T01:32:38.835+0000] {dag.py:3340} INFO - Setting next_dagrun for tutorial to 2023-01-10T01:32:38.835241+00:00, run_after=2023-01-11T01:32:38.835241+00:00
[2023-01-11T01:32:38.877+0000] {processor.py:176} INFO - Processing /home/airflow/.local/lib/python3.7/site-packages/airflow/example_dags/tutorial.py took 0.171 seconds
[2023-01-11T01:33:09.095+0000] {processor.py:154} INFO - Started process (PID=20225) to work on /home/airflow/.local/lib/python3.7/site-packages/airflow/example_dags/tutorial.py
[2023-01-11T01:33:09.096+0000] {processor.py:756} INFO - Processing file /home/airflow/.local/lib/python3.7/site-packages/airflow/example_dags/tutorial.py for tasks to queue
[2023-01-11T01:33:09.097+0000] {logging_mixin.py:120} INFO - [2023-01-11T01:33:09.097+0000] {dagbag.py:537} INFO - Filling up the DagBag from /home/airflow/.local/lib/python3.7/site-packages/airflow/example_dags/tutorial.py
[2023-01-11T01:33:09.112+0000] {processor.py:766} INFO - DAG(s) dict_keys(['tutorial']) retrieved from /home/airflow/.local/lib/python3.7/site-packages/airflow/example_dags/tutorial.py
[2023-01-11T01:33:09.179+0000] {logging_mixin.py:120} INFO - [2023-01-11T01:33:09.179+0000] {dag.py:2585} INFO - Sync 1 DAGs
[2023-01-11T01:33:09.208+0000] {logging_mixin.py:120} INFO - [2023-01-11T01:33:09.208+0000] {dag.py:3340} INFO - Setting next_dagrun for tutorial to 2023-01-10T01:33:09.208483+00:00, run_after=2023-01-11T01:33:09.208483+00:00
[2023-01-11T01:33:09.232+0000] {processor.py:176} INFO - Processing /home/airflow/.local/lib/python3.7/site-packages/airflow/example_dags/tutorial.py took 0.140 seconds
[2023-01-11T01:33:40.031+0000] {processor.py:154} INFO - Started process (PID=20283) to work on /home/airflow/.local/lib/python3.7/site-packages/airflow/example_dags/tutorial.py
[2023-01-11T01:33:40.032+0000] {processor.py:756} INFO - Processing file /home/airflow/.local/lib/python3.7/site-packages/airflow/example_dags/tutorial.py for tasks to queue
[2023-01-11T01:33:40.035+0000] {logging_mixin.py:120} INFO - [2023-01-11T01:33:40.034+0000] {dagbag.py:537} INFO - Filling up the DagBag from /home/airflow/.local/lib/python3.7/site-packages/airflow/example_dags/tutorial.py
[2023-01-11T01:33:40.062+0000] {processor.py:766} INFO - DAG(s) dict_keys(['tutorial']) retrieved from /home/airflow/.local/lib/python3.7/site-packages/airflow/example_dags/tutorial.py
[2023-01-11T01:33:40.140+0000] {logging_mixin.py:120} INFO - [2023-01-11T01:33:40.140+0000] {dag.py:2585} INFO - Sync 1 DAGs
[2023-01-11T01:33:40.191+0000] {logging_mixin.py:120} INFO - [2023-01-11T01:33:40.190+0000] {dag.py:3340} INFO - Setting next_dagrun for tutorial to 2023-01-10T01:33:40.190154+00:00, run_after=2023-01-11T01:33:40.190154+00:00
[2023-01-11T01:33:40.230+0000] {processor.py:176} INFO - Processing /home/airflow/.local/lib/python3.7/site-packages/airflow/example_dags/tutorial.py took 0.203 seconds
[2023-01-11T01:34:10.393+0000] {processor.py:154} INFO - Started process (PID=20350) to work on /home/airflow/.local/lib/python3.7/site-packages/airflow/example_dags/tutorial.py
[2023-01-11T01:34:10.395+0000] {processor.py:756} INFO - Processing file /home/airflow/.local/lib/python3.7/site-packages/airflow/example_dags/tutorial.py for tasks to queue
[2023-01-11T01:34:10.397+0000] {logging_mixin.py:120} INFO - [2023-01-11T01:34:10.397+0000] {dagbag.py:537} INFO - Filling up the DagBag from /home/airflow/.local/lib/python3.7/site-packages/airflow/example_dags/tutorial.py
[2023-01-11T01:34:10.421+0000] {processor.py:766} INFO - DAG(s) dict_keys(['tutorial']) retrieved from /home/airflow/.local/lib/python3.7/site-packages/airflow/example_dags/tutorial.py
[2023-01-11T01:34:10.478+0000] {logging_mixin.py:120} INFO - [2023-01-11T01:34:10.478+0000] {dag.py:2585} INFO - Sync 1 DAGs
[2023-01-11T01:34:10.511+0000] {logging_mixin.py:120} INFO - [2023-01-11T01:34:10.510+0000] {dag.py:3340} INFO - Setting next_dagrun for tutorial to 2023-01-10T01:34:10.510565+00:00, run_after=2023-01-11T01:34:10.510565+00:00
[2023-01-11T01:34:10.541+0000] {processor.py:176} INFO - Processing /home/airflow/.local/lib/python3.7/site-packages/airflow/example_dags/tutorial.py took 0.154 seconds
[2023-01-11T01:34:40.956+0000] {processor.py:154} INFO - Started process (PID=20410) to work on /home/airflow/.local/lib/python3.7/site-packages/airflow/example_dags/tutorial.py
[2023-01-11T01:34:40.959+0000] {processor.py:756} INFO - Processing file /home/airflow/.local/lib/python3.7/site-packages/airflow/example_dags/tutorial.py for tasks to queue
[2023-01-11T01:34:40.963+0000] {logging_mixin.py:120} INFO - [2023-01-11T01:34:40.962+0000] {dagbag.py:537} INFO - Filling up the DagBag from /home/airflow/.local/lib/python3.7/site-packages/airflow/example_dags/tutorial.py
[2023-01-11T01:34:41.018+0000] {processor.py:766} INFO - DAG(s) dict_keys(['tutorial']) retrieved from /home/airflow/.local/lib/python3.7/site-packages/airflow/example_dags/tutorial.py
[2023-01-11T01:34:41.144+0000] {logging_mixin.py:120} INFO - [2023-01-11T01:34:41.143+0000] {dag.py:2585} INFO - Sync 1 DAGs
[2023-01-11T01:34:41.211+0000] {logging_mixin.py:120} INFO - [2023-01-11T01:34:41.210+0000] {dag.py:3340} INFO - Setting next_dagrun for tutorial to 2023-01-10T01:34:41.209767+00:00, run_after=2023-01-11T01:34:41.209767+00:00
[2023-01-11T01:34:41.268+0000] {processor.py:176} INFO - Processing /home/airflow/.local/lib/python3.7/site-packages/airflow/example_dags/tutorial.py took 0.327 seconds
[2023-01-11T01:35:11.681+0000] {processor.py:154} INFO - Started process (PID=20476) to work on /home/airflow/.local/lib/python3.7/site-packages/airflow/example_dags/tutorial.py
[2023-01-11T01:35:11.682+0000] {processor.py:756} INFO - Processing file /home/airflow/.local/lib/python3.7/site-packages/airflow/example_dags/tutorial.py for tasks to queue
[2023-01-11T01:35:11.683+0000] {logging_mixin.py:120} INFO - [2023-01-11T01:35:11.683+0000] {dagbag.py:537} INFO - Filling up the DagBag from /home/airflow/.local/lib/python3.7/site-packages/airflow/example_dags/tutorial.py
[2023-01-11T01:35:11.703+0000] {processor.py:766} INFO - DAG(s) dict_keys(['tutorial']) retrieved from /home/airflow/.local/lib/python3.7/site-packages/airflow/example_dags/tutorial.py
[2023-01-11T01:35:11.765+0000] {logging_mixin.py:120} INFO - [2023-01-11T01:35:11.765+0000] {dag.py:2585} INFO - Sync 1 DAGs
[2023-01-11T01:35:11.805+0000] {logging_mixin.py:120} INFO - [2023-01-11T01:35:11.805+0000] {dag.py:3340} INFO - Setting next_dagrun for tutorial to 2023-01-10T01:35:11.805019+00:00, run_after=2023-01-11T01:35:11.805019+00:00
[2023-01-11T01:35:11.837+0000] {processor.py:176} INFO - Processing /home/airflow/.local/lib/python3.7/site-packages/airflow/example_dags/tutorial.py took 0.162 seconds
[2023-01-11T01:35:42.373+0000] {processor.py:154} INFO - Started process (PID=20544) to work on /home/airflow/.local/lib/python3.7/site-packages/airflow/example_dags/tutorial.py
[2023-01-11T01:35:42.375+0000] {processor.py:756} INFO - Processing file /home/airflow/.local/lib/python3.7/site-packages/airflow/example_dags/tutorial.py for tasks to queue
[2023-01-11T01:35:42.377+0000] {logging_mixin.py:120} INFO - [2023-01-11T01:35:42.377+0000] {dagbag.py:537} INFO - Filling up the DagBag from /home/airflow/.local/lib/python3.7/site-packages/airflow/example_dags/tutorial.py
[2023-01-11T01:35:42.398+0000] {processor.py:766} INFO - DAG(s) dict_keys(['tutorial']) retrieved from /home/airflow/.local/lib/python3.7/site-packages/airflow/example_dags/tutorial.py
[2023-01-11T01:35:42.448+0000] {logging_mixin.py:120} INFO - [2023-01-11T01:35:42.448+0000] {dag.py:2585} INFO - Sync 1 DAGs
[2023-01-11T01:35:42.498+0000] {logging_mixin.py:120} INFO - [2023-01-11T01:35:42.497+0000] {dag.py:3340} INFO - Setting next_dagrun for tutorial to 2023-01-10T01:35:42.497505+00:00, run_after=2023-01-11T01:35:42.497505+00:00
[2023-01-11T01:35:42.537+0000] {processor.py:176} INFO - Processing /home/airflow/.local/lib/python3.7/site-packages/airflow/example_dags/tutorial.py took 0.169 seconds
[2023-01-11T01:36:12.983+0000] {processor.py:154} INFO - Started process (PID=20602) to work on /home/airflow/.local/lib/python3.7/site-packages/airflow/example_dags/tutorial.py
[2023-01-11T01:36:12.985+0000] {processor.py:756} INFO - Processing file /home/airflow/.local/lib/python3.7/site-packages/airflow/example_dags/tutorial.py for tasks to queue
[2023-01-11T01:36:12.988+0000] {logging_mixin.py:120} INFO - [2023-01-11T01:36:12.987+0000] {dagbag.py:537} INFO - Filling up the DagBag from /home/airflow/.local/lib/python3.7/site-packages/airflow/example_dags/tutorial.py
[2023-01-11T01:36:13.021+0000] {processor.py:766} INFO - DAG(s) dict_keys(['tutorial']) retrieved from /home/airflow/.local/lib/python3.7/site-packages/airflow/example_dags/tutorial.py
[2023-01-11T01:36:13.122+0000] {logging_mixin.py:120} INFO - [2023-01-11T01:36:13.121+0000] {dag.py:2585} INFO - Sync 1 DAGs
[2023-01-11T01:36:13.170+0000] {logging_mixin.py:120} INFO - [2023-01-11T01:36:13.170+0000] {dag.py:3340} INFO - Setting next_dagrun for tutorial to 2023-01-10T01:36:13.169493+00:00, run_after=2023-01-11T01:36:13.169493+00:00
[2023-01-11T01:36:13.223+0000] {processor.py:176} INFO - Processing /home/airflow/.local/lib/python3.7/site-packages/airflow/example_dags/tutorial.py took 0.248 seconds
[2023-01-11T01:36:43.385+0000] {processor.py:154} INFO - Started process (PID=20669) to work on /home/airflow/.local/lib/python3.7/site-packages/airflow/example_dags/tutorial.py
[2023-01-11T01:36:43.386+0000] {processor.py:756} INFO - Processing file /home/airflow/.local/lib/python3.7/site-packages/airflow/example_dags/tutorial.py for tasks to queue
[2023-01-11T01:36:43.387+0000] {logging_mixin.py:120} INFO - [2023-01-11T01:36:43.387+0000] {dagbag.py:537} INFO - Filling up the DagBag from /home/airflow/.local/lib/python3.7/site-packages/airflow/example_dags/tutorial.py
[2023-01-11T01:36:43.414+0000] {processor.py:766} INFO - DAG(s) dict_keys(['tutorial']) retrieved from /home/airflow/.local/lib/python3.7/site-packages/airflow/example_dags/tutorial.py
[2023-01-11T01:36:43.470+0000] {logging_mixin.py:120} INFO - [2023-01-11T01:36:43.470+0000] {dag.py:2585} INFO - Sync 1 DAGs
[2023-01-11T01:36:43.499+0000] {logging_mixin.py:120} INFO - [2023-01-11T01:36:43.499+0000] {dag.py:3340} INFO - Setting next_dagrun for tutorial to 2023-01-10T01:36:43.498978+00:00, run_after=2023-01-11T01:36:43.498978+00:00
[2023-01-11T01:36:43.522+0000] {processor.py:176} INFO - Processing /home/airflow/.local/lib/python3.7/site-packages/airflow/example_dags/tutorial.py took 0.142 seconds
[2023-01-11T01:37:14.228+0000] {processor.py:154} INFO - Started process (PID=20727) to work on /home/airflow/.local/lib/python3.7/site-packages/airflow/example_dags/tutorial.py
[2023-01-11T01:37:14.229+0000] {processor.py:756} INFO - Processing file /home/airflow/.local/lib/python3.7/site-packages/airflow/example_dags/tutorial.py for tasks to queue
[2023-01-11T01:37:14.232+0000] {logging_mixin.py:120} INFO - [2023-01-11T01:37:14.231+0000] {dagbag.py:537} INFO - Filling up the DagBag from /home/airflow/.local/lib/python3.7/site-packages/airflow/example_dags/tutorial.py
[2023-01-11T01:37:14.257+0000] {processor.py:766} INFO - DAG(s) dict_keys(['tutorial']) retrieved from /home/airflow/.local/lib/python3.7/site-packages/airflow/example_dags/tutorial.py
[2023-01-11T01:37:14.311+0000] {logging_mixin.py:120} INFO - [2023-01-11T01:37:14.310+0000] {dag.py:2585} INFO - Sync 1 DAGs
[2023-01-11T01:37:14.351+0000] {logging_mixin.py:120} INFO - [2023-01-11T01:37:14.351+0000] {dag.py:3340} INFO - Setting next_dagrun for tutorial to 2023-01-10T01:37:14.350732+00:00, run_after=2023-01-11T01:37:14.350732+00:00
[2023-01-11T01:37:14.391+0000] {processor.py:176} INFO - Processing /home/airflow/.local/lib/python3.7/site-packages/airflow/example_dags/tutorial.py took 0.167 seconds
[2023-01-11T01:37:44.564+0000] {processor.py:154} INFO - Started process (PID=20795) to work on /home/airflow/.local/lib/python3.7/site-packages/airflow/example_dags/tutorial.py
[2023-01-11T01:37:44.565+0000] {processor.py:756} INFO - Processing file /home/airflow/.local/lib/python3.7/site-packages/airflow/example_dags/tutorial.py for tasks to queue
[2023-01-11T01:37:44.566+0000] {logging_mixin.py:120} INFO - [2023-01-11T01:37:44.566+0000] {dagbag.py:537} INFO - Filling up the DagBag from /home/airflow/.local/lib/python3.7/site-packages/airflow/example_dags/tutorial.py
[2023-01-11T01:37:44.582+0000] {processor.py:766} INFO - DAG(s) dict_keys(['tutorial']) retrieved from /home/airflow/.local/lib/python3.7/site-packages/airflow/example_dags/tutorial.py
[2023-01-11T01:37:44.626+0000] {logging_mixin.py:120} INFO - [2023-01-11T01:37:44.626+0000] {dag.py:2585} INFO - Sync 1 DAGs
[2023-01-11T01:37:44.653+0000] {logging_mixin.py:120} INFO - [2023-01-11T01:37:44.653+0000] {dag.py:3340} INFO - Setting next_dagrun for tutorial to 2023-01-10T01:37:44.653393+00:00, run_after=2023-01-11T01:37:44.653393+00:00
[2023-01-11T01:37:44.681+0000] {processor.py:176} INFO - Processing /home/airflow/.local/lib/python3.7/site-packages/airflow/example_dags/tutorial.py took 0.120 seconds
[2023-01-11T01:38:15.017+0000] {processor.py:154} INFO - Started process (PID=20854) to work on /home/airflow/.local/lib/python3.7/site-packages/airflow/example_dags/tutorial.py
[2023-01-11T01:38:15.019+0000] {processor.py:756} INFO - Processing file /home/airflow/.local/lib/python3.7/site-packages/airflow/example_dags/tutorial.py for tasks to queue
[2023-01-11T01:38:15.020+0000] {logging_mixin.py:120} INFO - [2023-01-11T01:38:15.020+0000] {dagbag.py:537} INFO - Filling up the DagBag from /home/airflow/.local/lib/python3.7/site-packages/airflow/example_dags/tutorial.py
[2023-01-11T01:38:15.050+0000] {processor.py:766} INFO - DAG(s) dict_keys(['tutorial']) retrieved from /home/airflow/.local/lib/python3.7/site-packages/airflow/example_dags/tutorial.py
[2023-01-11T01:38:15.214+0000] {logging_mixin.py:120} INFO - [2023-01-11T01:38:15.214+0000] {dag.py:2585} INFO - Sync 1 DAGs
[2023-01-11T01:38:15.278+0000] {logging_mixin.py:120} INFO - [2023-01-11T01:38:15.278+0000] {dag.py:3340} INFO - Setting next_dagrun for tutorial to 2023-01-10T01:38:15.277228+00:00, run_after=2023-01-11T01:38:15.277228+00:00
[2023-01-11T01:38:15.342+0000] {processor.py:176} INFO - Processing /home/airflow/.local/lib/python3.7/site-packages/airflow/example_dags/tutorial.py took 0.330 seconds
[2023-01-11T01:38:45.583+0000] {processor.py:154} INFO - Started process (PID=20922) to work on /home/airflow/.local/lib/python3.7/site-packages/airflow/example_dags/tutorial.py
[2023-01-11T01:38:45.584+0000] {processor.py:756} INFO - Processing file /home/airflow/.local/lib/python3.7/site-packages/airflow/example_dags/tutorial.py for tasks to queue
[2023-01-11T01:38:45.585+0000] {logging_mixin.py:120} INFO - [2023-01-11T01:38:45.585+0000] {dagbag.py:537} INFO - Filling up the DagBag from /home/airflow/.local/lib/python3.7/site-packages/airflow/example_dags/tutorial.py
[2023-01-11T01:38:45.601+0000] {processor.py:766} INFO - DAG(s) dict_keys(['tutorial']) retrieved from /home/airflow/.local/lib/python3.7/site-packages/airflow/example_dags/tutorial.py
[2023-01-11T01:38:45.651+0000] {logging_mixin.py:120} INFO - [2023-01-11T01:38:45.651+0000] {dag.py:2585} INFO - Sync 1 DAGs
[2023-01-11T01:38:45.678+0000] {logging_mixin.py:120} INFO - [2023-01-11T01:38:45.678+0000] {dag.py:3340} INFO - Setting next_dagrun for tutorial to 2023-01-10T01:38:45.677885+00:00, run_after=2023-01-11T01:38:45.677885+00:00
[2023-01-11T01:38:45.706+0000] {processor.py:176} INFO - Processing /home/airflow/.local/lib/python3.7/site-packages/airflow/example_dags/tutorial.py took 0.127 seconds
[2023-01-11T01:39:16.116+0000] {processor.py:154} INFO - Started process (PID=20989) to work on /home/airflow/.local/lib/python3.7/site-packages/airflow/example_dags/tutorial.py
[2023-01-11T01:39:16.117+0000] {processor.py:756} INFO - Processing file /home/airflow/.local/lib/python3.7/site-packages/airflow/example_dags/tutorial.py for tasks to queue
[2023-01-11T01:39:16.119+0000] {logging_mixin.py:120} INFO - [2023-01-11T01:39:16.118+0000] {dagbag.py:537} INFO - Filling up the DagBag from /home/airflow/.local/lib/python3.7/site-packages/airflow/example_dags/tutorial.py
[2023-01-11T01:39:16.157+0000] {processor.py:766} INFO - DAG(s) dict_keys(['tutorial']) retrieved from /home/airflow/.local/lib/python3.7/site-packages/airflow/example_dags/tutorial.py
[2023-01-11T01:39:16.203+0000] {logging_mixin.py:120} INFO - [2023-01-11T01:39:16.202+0000] {dag.py:2585} INFO - Sync 1 DAGs
[2023-01-11T01:39:16.230+0000] {logging_mixin.py:120} INFO - [2023-01-11T01:39:16.230+0000] {dag.py:3340} INFO - Setting next_dagrun for tutorial to 2023-01-10T01:39:16.230161+00:00, run_after=2023-01-11T01:39:16.230161+00:00
[2023-01-11T01:39:16.250+0000] {processor.py:176} INFO - Processing /home/airflow/.local/lib/python3.7/site-packages/airflow/example_dags/tutorial.py took 0.141 seconds
[2023-01-11T01:39:47.083+0000] {processor.py:154} INFO - Started process (PID=21047) to work on /home/airflow/.local/lib/python3.7/site-packages/airflow/example_dags/tutorial.py
[2023-01-11T01:39:47.085+0000] {processor.py:756} INFO - Processing file /home/airflow/.local/lib/python3.7/site-packages/airflow/example_dags/tutorial.py for tasks to queue
[2023-01-11T01:39:47.087+0000] {logging_mixin.py:120} INFO - [2023-01-11T01:39:47.087+0000] {dagbag.py:537} INFO - Filling up the DagBag from /home/airflow/.local/lib/python3.7/site-packages/airflow/example_dags/tutorial.py
[2023-01-11T01:39:47.114+0000] {processor.py:766} INFO - DAG(s) dict_keys(['tutorial']) retrieved from /home/airflow/.local/lib/python3.7/site-packages/airflow/example_dags/tutorial.py
[2023-01-11T01:39:47.157+0000] {logging_mixin.py:120} INFO - [2023-01-11T01:39:47.156+0000] {dag.py:2585} INFO - Sync 1 DAGs
[2023-01-11T01:39:47.183+0000] {logging_mixin.py:120} INFO - [2023-01-11T01:39:47.182+0000] {dag.py:3340} INFO - Setting next_dagrun for tutorial to 2023-01-10T01:39:47.182611+00:00, run_after=2023-01-11T01:39:47.182611+00:00
[2023-01-11T01:39:47.218+0000] {processor.py:176} INFO - Processing /home/airflow/.local/lib/python3.7/site-packages/airflow/example_dags/tutorial.py took 0.144 seconds
[2023-01-11T01:40:18.026+0000] {processor.py:154} INFO - Started process (PID=21114) to work on /home/airflow/.local/lib/python3.7/site-packages/airflow/example_dags/tutorial.py
[2023-01-11T01:40:18.027+0000] {processor.py:756} INFO - Processing file /home/airflow/.local/lib/python3.7/site-packages/airflow/example_dags/tutorial.py for tasks to queue
[2023-01-11T01:40:18.027+0000] {logging_mixin.py:120} INFO - [2023-01-11T01:40:18.027+0000] {dagbag.py:537} INFO - Filling up the DagBag from /home/airflow/.local/lib/python3.7/site-packages/airflow/example_dags/tutorial.py
[2023-01-11T01:40:18.042+0000] {processor.py:766} INFO - DAG(s) dict_keys(['tutorial']) retrieved from /home/airflow/.local/lib/python3.7/site-packages/airflow/example_dags/tutorial.py
[2023-01-11T01:40:18.082+0000] {logging_mixin.py:120} INFO - [2023-01-11T01:40:18.082+0000] {dag.py:2585} INFO - Sync 1 DAGs
[2023-01-11T01:40:18.126+0000] {logging_mixin.py:120} INFO - [2023-01-11T01:40:18.126+0000] {dag.py:3340} INFO - Setting next_dagrun for tutorial to 2023-01-10T01:40:18.126226+00:00, run_after=2023-01-11T01:40:18.126226+00:00
[2023-01-11T01:40:18.181+0000] {processor.py:176} INFO - Processing /home/airflow/.local/lib/python3.7/site-packages/airflow/example_dags/tutorial.py took 0.159 seconds
[2023-01-11T01:40:48.508+0000] {processor.py:154} INFO - Started process (PID=21179) to work on /home/airflow/.local/lib/python3.7/site-packages/airflow/example_dags/tutorial.py
[2023-01-11T01:40:48.509+0000] {processor.py:756} INFO - Processing file /home/airflow/.local/lib/python3.7/site-packages/airflow/example_dags/tutorial.py for tasks to queue
[2023-01-11T01:40:48.511+0000] {logging_mixin.py:120} INFO - [2023-01-11T01:40:48.510+0000] {dagbag.py:537} INFO - Filling up the DagBag from /home/airflow/.local/lib/python3.7/site-packages/airflow/example_dags/tutorial.py
[2023-01-11T01:40:48.536+0000] {processor.py:766} INFO - DAG(s) dict_keys(['tutorial']) retrieved from /home/airflow/.local/lib/python3.7/site-packages/airflow/example_dags/tutorial.py
[2023-01-11T01:40:48.590+0000] {logging_mixin.py:120} INFO - [2023-01-11T01:40:48.590+0000] {dag.py:2585} INFO - Sync 1 DAGs
[2023-01-11T01:40:48.620+0000] {logging_mixin.py:120} INFO - [2023-01-11T01:40:48.620+0000] {dag.py:3340} INFO - Setting next_dagrun for tutorial to 2023-01-10T01:40:48.619967+00:00, run_after=2023-01-11T01:40:48.619967+00:00
[2023-01-11T01:40:48.685+0000] {processor.py:176} INFO - Processing /home/airflow/.local/lib/python3.7/site-packages/airflow/example_dags/tutorial.py took 0.185 seconds
[2023-01-11T01:41:19.008+0000] {processor.py:154} INFO - Started process (PID=21239) to work on /home/airflow/.local/lib/python3.7/site-packages/airflow/example_dags/tutorial.py
[2023-01-11T01:41:19.009+0000] {processor.py:756} INFO - Processing file /home/airflow/.local/lib/python3.7/site-packages/airflow/example_dags/tutorial.py for tasks to queue
[2023-01-11T01:41:19.010+0000] {logging_mixin.py:120} INFO - [2023-01-11T01:41:19.010+0000] {dagbag.py:537} INFO - Filling up the DagBag from /home/airflow/.local/lib/python3.7/site-packages/airflow/example_dags/tutorial.py
[2023-01-11T01:41:19.028+0000] {processor.py:766} INFO - DAG(s) dict_keys(['tutorial']) retrieved from /home/airflow/.local/lib/python3.7/site-packages/airflow/example_dags/tutorial.py
[2023-01-11T01:41:19.069+0000] {logging_mixin.py:120} INFO - [2023-01-11T01:41:19.069+0000] {dag.py:2585} INFO - Sync 1 DAGs
[2023-01-11T01:41:19.094+0000] {logging_mixin.py:120} INFO - [2023-01-11T01:41:19.093+0000] {dag.py:3340} INFO - Setting next_dagrun for tutorial to 2023-01-10T01:41:19.093603+00:00, run_after=2023-01-11T01:41:19.093603+00:00
[2023-01-11T01:41:19.122+0000] {processor.py:176} INFO - Processing /home/airflow/.local/lib/python3.7/site-packages/airflow/example_dags/tutorial.py took 0.118 seconds
[2023-01-11T01:41:49.551+0000] {processor.py:154} INFO - Started process (PID=21306) to work on /home/airflow/.local/lib/python3.7/site-packages/airflow/example_dags/tutorial.py
[2023-01-11T01:41:49.552+0000] {processor.py:756} INFO - Processing file /home/airflow/.local/lib/python3.7/site-packages/airflow/example_dags/tutorial.py for tasks to queue
[2023-01-11T01:41:49.553+0000] {logging_mixin.py:120} INFO - [2023-01-11T01:41:49.553+0000] {dagbag.py:537} INFO - Filling up the DagBag from /home/airflow/.local/lib/python3.7/site-packages/airflow/example_dags/tutorial.py
[2023-01-11T01:41:49.571+0000] {processor.py:766} INFO - DAG(s) dict_keys(['tutorial']) retrieved from /home/airflow/.local/lib/python3.7/site-packages/airflow/example_dags/tutorial.py
[2023-01-11T01:41:49.619+0000] {logging_mixin.py:120} INFO - [2023-01-11T01:41:49.619+0000] {dag.py:2585} INFO - Sync 1 DAGs
[2023-01-11T01:41:49.647+0000] {logging_mixin.py:120} INFO - [2023-01-11T01:41:49.647+0000] {dag.py:3340} INFO - Setting next_dagrun for tutorial to 2023-01-10T01:41:49.646718+00:00, run_after=2023-01-11T01:41:49.646718+00:00
[2023-01-11T01:41:49.677+0000] {processor.py:176} INFO - Processing /home/airflow/.local/lib/python3.7/site-packages/airflow/example_dags/tutorial.py took 0.129 seconds
[2023-01-11T01:42:19.755+0000] {processor.py:154} INFO - Started process (PID=21365) to work on /home/airflow/.local/lib/python3.7/site-packages/airflow/example_dags/tutorial.py
[2023-01-11T01:42:19.756+0000] {processor.py:756} INFO - Processing file /home/airflow/.local/lib/python3.7/site-packages/airflow/example_dags/tutorial.py for tasks to queue
[2023-01-11T01:42:19.757+0000] {logging_mixin.py:120} INFO - [2023-01-11T01:42:19.757+0000] {dagbag.py:537} INFO - Filling up the DagBag from /home/airflow/.local/lib/python3.7/site-packages/airflow/example_dags/tutorial.py
[2023-01-11T01:42:19.775+0000] {processor.py:766} INFO - DAG(s) dict_keys(['tutorial']) retrieved from /home/airflow/.local/lib/python3.7/site-packages/airflow/example_dags/tutorial.py
[2023-01-11T01:42:19.818+0000] {logging_mixin.py:120} INFO - [2023-01-11T01:42:19.818+0000] {dag.py:2585} INFO - Sync 1 DAGs
[2023-01-11T01:42:19.844+0000] {logging_mixin.py:120} INFO - [2023-01-11T01:42:19.844+0000] {dag.py:3340} INFO - Setting next_dagrun for tutorial to 2023-01-10T01:42:19.844180+00:00, run_after=2023-01-11T01:42:19.844180+00:00
[2023-01-11T01:42:19.883+0000] {processor.py:176} INFO - Processing /home/airflow/.local/lib/python3.7/site-packages/airflow/example_dags/tutorial.py took 0.132 seconds
[2023-01-11T01:42:50.782+0000] {processor.py:154} INFO - Started process (PID=21432) to work on /home/airflow/.local/lib/python3.7/site-packages/airflow/example_dags/tutorial.py
[2023-01-11T01:42:50.783+0000] {processor.py:756} INFO - Processing file /home/airflow/.local/lib/python3.7/site-packages/airflow/example_dags/tutorial.py for tasks to queue
[2023-01-11T01:42:50.784+0000] {logging_mixin.py:120} INFO - [2023-01-11T01:42:50.784+0000] {dagbag.py:537} INFO - Filling up the DagBag from /home/airflow/.local/lib/python3.7/site-packages/airflow/example_dags/tutorial.py
[2023-01-11T01:42:50.801+0000] {processor.py:766} INFO - DAG(s) dict_keys(['tutorial']) retrieved from /home/airflow/.local/lib/python3.7/site-packages/airflow/example_dags/tutorial.py
[2023-01-11T01:42:50.848+0000] {logging_mixin.py:120} INFO - [2023-01-11T01:42:50.847+0000] {dag.py:2585} INFO - Sync 1 DAGs
[2023-01-11T01:42:50.875+0000] {logging_mixin.py:120} INFO - [2023-01-11T01:42:50.875+0000] {dag.py:3340} INFO - Setting next_dagrun for tutorial to 2023-01-10T01:42:50.875352+00:00, run_after=2023-01-11T01:42:50.875352+00:00
[2023-01-11T01:42:50.896+0000] {processor.py:176} INFO - Processing /home/airflow/.local/lib/python3.7/site-packages/airflow/example_dags/tutorial.py took 0.118 seconds
[2023-01-11T01:43:21.913+0000] {processor.py:154} INFO - Started process (PID=21499) to work on /home/airflow/.local/lib/python3.7/site-packages/airflow/example_dags/tutorial.py
[2023-01-11T01:43:21.914+0000] {processor.py:756} INFO - Processing file /home/airflow/.local/lib/python3.7/site-packages/airflow/example_dags/tutorial.py for tasks to queue
[2023-01-11T01:43:21.915+0000] {logging_mixin.py:120} INFO - [2023-01-11T01:43:21.915+0000] {dagbag.py:537} INFO - Filling up the DagBag from /home/airflow/.local/lib/python3.7/site-packages/airflow/example_dags/tutorial.py
[2023-01-11T01:43:21.931+0000] {processor.py:766} INFO - DAG(s) dict_keys(['tutorial']) retrieved from /home/airflow/.local/lib/python3.7/site-packages/airflow/example_dags/tutorial.py
[2023-01-11T01:43:21.975+0000] {logging_mixin.py:120} INFO - [2023-01-11T01:43:21.975+0000] {dag.py:2585} INFO - Sync 1 DAGs
[2023-01-11T01:43:22.001+0000] {logging_mixin.py:120} INFO - [2023-01-11T01:43:22.001+0000] {dag.py:3340} INFO - Setting next_dagrun for tutorial to 2023-01-10T01:43:22.001387+00:00, run_after=2023-01-11T01:43:22.001387+00:00
[2023-01-11T01:43:22.026+0000] {processor.py:176} INFO - Processing /home/airflow/.local/lib/python3.7/site-packages/airflow/example_dags/tutorial.py took 0.116 seconds
[2023-01-11T01:43:52.504+0000] {processor.py:154} INFO - Started process (PID=21557) to work on /home/airflow/.local/lib/python3.7/site-packages/airflow/example_dags/tutorial.py
[2023-01-11T01:43:52.506+0000] {processor.py:756} INFO - Processing file /home/airflow/.local/lib/python3.7/site-packages/airflow/example_dags/tutorial.py for tasks to queue
[2023-01-11T01:43:52.507+0000] {logging_mixin.py:120} INFO - [2023-01-11T01:43:52.507+0000] {dagbag.py:537} INFO - Filling up the DagBag from /home/airflow/.local/lib/python3.7/site-packages/airflow/example_dags/tutorial.py
[2023-01-11T01:43:52.530+0000] {processor.py:766} INFO - DAG(s) dict_keys(['tutorial']) retrieved from /home/airflow/.local/lib/python3.7/site-packages/airflow/example_dags/tutorial.py
[2023-01-11T01:43:52.577+0000] {logging_mixin.py:120} INFO - [2023-01-11T01:43:52.577+0000] {dag.py:2585} INFO - Sync 1 DAGs
[2023-01-11T01:43:52.602+0000] {logging_mixin.py:120} INFO - [2023-01-11T01:43:52.602+0000] {dag.py:3340} INFO - Setting next_dagrun for tutorial to 2023-01-10T01:43:52.602129+00:00, run_after=2023-01-11T01:43:52.602129+00:00
[2023-01-11T01:43:52.624+0000] {processor.py:176} INFO - Processing /home/airflow/.local/lib/python3.7/site-packages/airflow/example_dags/tutorial.py took 0.126 seconds
[2023-01-11T01:44:22.916+0000] {processor.py:154} INFO - Started process (PID=21624) to work on /home/airflow/.local/lib/python3.7/site-packages/airflow/example_dags/tutorial.py
[2023-01-11T01:44:22.917+0000] {processor.py:756} INFO - Processing file /home/airflow/.local/lib/python3.7/site-packages/airflow/example_dags/tutorial.py for tasks to queue
[2023-01-11T01:44:22.918+0000] {logging_mixin.py:120} INFO - [2023-01-11T01:44:22.918+0000] {dagbag.py:537} INFO - Filling up the DagBag from /home/airflow/.local/lib/python3.7/site-packages/airflow/example_dags/tutorial.py
[2023-01-11T01:44:22.934+0000] {processor.py:766} INFO - DAG(s) dict_keys(['tutorial']) retrieved from /home/airflow/.local/lib/python3.7/site-packages/airflow/example_dags/tutorial.py
[2023-01-11T01:44:22.981+0000] {logging_mixin.py:120} INFO - [2023-01-11T01:44:22.980+0000] {dag.py:2585} INFO - Sync 1 DAGs
[2023-01-11T01:44:23.013+0000] {logging_mixin.py:120} INFO - [2023-01-11T01:44:23.012+0000] {dag.py:3340} INFO - Setting next_dagrun for tutorial to 2023-01-10T01:44:23.012554+00:00, run_after=2023-01-11T01:44:23.012554+00:00
[2023-01-11T01:44:23.039+0000] {processor.py:176} INFO - Processing /home/airflow/.local/lib/python3.7/site-packages/airflow/example_dags/tutorial.py took 0.127 seconds
[2023-01-11T01:44:53.371+0000] {processor.py:154} INFO - Started process (PID=21691) to work on /home/airflow/.local/lib/python3.7/site-packages/airflow/example_dags/tutorial.py
[2023-01-11T01:44:53.372+0000] {processor.py:756} INFO - Processing file /home/airflow/.local/lib/python3.7/site-packages/airflow/example_dags/tutorial.py for tasks to queue
[2023-01-11T01:44:53.373+0000] {logging_mixin.py:120} INFO - [2023-01-11T01:44:53.373+0000] {dagbag.py:537} INFO - Filling up the DagBag from /home/airflow/.local/lib/python3.7/site-packages/airflow/example_dags/tutorial.py
[2023-01-11T01:44:53.387+0000] {processor.py:766} INFO - DAG(s) dict_keys(['tutorial']) retrieved from /home/airflow/.local/lib/python3.7/site-packages/airflow/example_dags/tutorial.py
[2023-01-11T01:44:53.428+0000] {logging_mixin.py:120} INFO - [2023-01-11T01:44:53.428+0000] {dag.py:2585} INFO - Sync 1 DAGs
[2023-01-11T01:44:53.454+0000] {logging_mixin.py:120} INFO - [2023-01-11T01:44:53.454+0000] {dag.py:3340} INFO - Setting next_dagrun for tutorial to 2023-01-10T01:44:53.454199+00:00, run_after=2023-01-11T01:44:53.454199+00:00
[2023-01-11T01:44:53.476+0000] {processor.py:176} INFO - Processing /home/airflow/.local/lib/python3.7/site-packages/airflow/example_dags/tutorial.py took 0.109 seconds
[2023-01-11T01:45:23.969+0000] {processor.py:154} INFO - Started process (PID=21749) to work on /home/airflow/.local/lib/python3.7/site-packages/airflow/example_dags/tutorial.py
[2023-01-11T01:45:23.970+0000] {processor.py:756} INFO - Processing file /home/airflow/.local/lib/python3.7/site-packages/airflow/example_dags/tutorial.py for tasks to queue
[2023-01-11T01:45:23.972+0000] {logging_mixin.py:120} INFO - [2023-01-11T01:45:23.972+0000] {dagbag.py:537} INFO - Filling up the DagBag from /home/airflow/.local/lib/python3.7/site-packages/airflow/example_dags/tutorial.py
[2023-01-11T01:45:23.994+0000] {processor.py:766} INFO - DAG(s) dict_keys(['tutorial']) retrieved from /home/airflow/.local/lib/python3.7/site-packages/airflow/example_dags/tutorial.py
[2023-01-11T01:45:24.039+0000] {logging_mixin.py:120} INFO - [2023-01-11T01:45:24.039+0000] {dag.py:2585} INFO - Sync 1 DAGs
[2023-01-11T01:45:24.066+0000] {logging_mixin.py:120} INFO - [2023-01-11T01:45:24.066+0000] {dag.py:3340} INFO - Setting next_dagrun for tutorial to 2023-01-10T01:45:24.065859+00:00, run_after=2023-01-11T01:45:24.065859+00:00
[2023-01-11T01:45:24.091+0000] {processor.py:176} INFO - Processing /home/airflow/.local/lib/python3.7/site-packages/airflow/example_dags/tutorial.py took 0.126 seconds
[2023-01-11T01:45:54.522+0000] {processor.py:154} INFO - Started process (PID=21816) to work on /home/airflow/.local/lib/python3.7/site-packages/airflow/example_dags/tutorial.py
[2023-01-11T01:45:54.523+0000] {processor.py:756} INFO - Processing file /home/airflow/.local/lib/python3.7/site-packages/airflow/example_dags/tutorial.py for tasks to queue
[2023-01-11T01:45:54.524+0000] {logging_mixin.py:120} INFO - [2023-01-11T01:45:54.524+0000] {dagbag.py:537} INFO - Filling up the DagBag from /home/airflow/.local/lib/python3.7/site-packages/airflow/example_dags/tutorial.py
[2023-01-11T01:45:54.543+0000] {processor.py:766} INFO - DAG(s) dict_keys(['tutorial']) retrieved from /home/airflow/.local/lib/python3.7/site-packages/airflow/example_dags/tutorial.py
[2023-01-11T01:45:54.588+0000] {logging_mixin.py:120} INFO - [2023-01-11T01:45:54.588+0000] {dag.py:2585} INFO - Sync 1 DAGs
[2023-01-11T01:45:54.619+0000] {logging_mixin.py:120} INFO - [2023-01-11T01:45:54.619+0000] {dag.py:3340} INFO - Setting next_dagrun for tutorial to 2023-01-10T01:45:54.618954+00:00, run_after=2023-01-11T01:45:54.618954+00:00
[2023-01-11T01:45:54.640+0000] {processor.py:176} INFO - Processing /home/airflow/.local/lib/python3.7/site-packages/airflow/example_dags/tutorial.py took 0.121 seconds
[2023-01-11T01:46:25.455+0000] {processor.py:154} INFO - Started process (PID=21884) to work on /home/airflow/.local/lib/python3.7/site-packages/airflow/example_dags/tutorial.py
[2023-01-11T01:46:25.456+0000] {processor.py:756} INFO - Processing file /home/airflow/.local/lib/python3.7/site-packages/airflow/example_dags/tutorial.py for tasks to queue
[2023-01-11T01:46:25.457+0000] {logging_mixin.py:120} INFO - [2023-01-11T01:46:25.456+0000] {dagbag.py:537} INFO - Filling up the DagBag from /home/airflow/.local/lib/python3.7/site-packages/airflow/example_dags/tutorial.py
[2023-01-11T01:46:25.471+0000] {processor.py:766} INFO - DAG(s) dict_keys(['tutorial']) retrieved from /home/airflow/.local/lib/python3.7/site-packages/airflow/example_dags/tutorial.py
[2023-01-11T01:46:25.517+0000] {logging_mixin.py:120} INFO - [2023-01-11T01:46:25.517+0000] {dag.py:2585} INFO - Sync 1 DAGs
[2023-01-11T01:46:25.544+0000] {logging_mixin.py:120} INFO - [2023-01-11T01:46:25.544+0000] {dag.py:3340} INFO - Setting next_dagrun for tutorial to 2023-01-10T01:46:25.544474+00:00, run_after=2023-01-11T01:46:25.544474+00:00
[2023-01-11T01:46:25.568+0000] {processor.py:176} INFO - Processing /home/airflow/.local/lib/python3.7/site-packages/airflow/example_dags/tutorial.py took 0.116 seconds
