[2022-11-27T09:42:42.114+0000] {taskinstance.py:1165} INFO - Dependencies all met for <TaskInstance: user_processing.extract_user scheduled__2022-11-26T00:00:00+00:00 [queued]>
[2022-11-27T09:42:42.161+0000] {taskinstance.py:1165} INFO - Dependencies all met for <TaskInstance: user_processing.extract_user scheduled__2022-11-26T00:00:00+00:00 [queued]>
[2022-11-27T09:42:42.164+0000] {taskinstance.py:1362} INFO - 
--------------------------------------------------------------------------------
[2022-11-27T09:42:42.175+0000] {taskinstance.py:1363} INFO - Starting attempt 1 of 1
[2022-11-27T09:42:42.181+0000] {taskinstance.py:1364} INFO - 
--------------------------------------------------------------------------------
[2022-11-27T09:42:42.258+0000] {taskinstance.py:1383} INFO - Executing <Task(SimpleHttpOperator): extract_user> on 2022-11-26 00:00:00+00:00
[2022-11-27T09:42:42.298+0000] {standard_task_runner.py:55} INFO - Started process 4640 to run task
[2022-11-27T09:42:42.322+0000] {standard_task_runner.py:82} INFO - Running: ['***', 'tasks', 'run', 'user_processing', 'extract_user', 'scheduled__2022-11-26T00:00:00+00:00', '--job-id', '11', '--raw', '--subdir', 'DAGS_FOLDER/user_processing.py', '--cfg-path', '/tmp/tmpy2rszt6q']
[2022-11-27T09:42:42.353+0000] {standard_task_runner.py:83} INFO - Job 11: Subtask extract_user
[2022-11-27T09:42:42.662+0000] {task_command.py:376} INFO - Running <TaskInstance: user_processing.extract_user scheduled__2022-11-26T00:00:00+00:00 [running]> on host c7f7231a8603
[2022-11-27T09:42:42.932+0000] {taskinstance.py:1592} INFO - Exporting the following env vars:
AIRFLOW_CTX_DAG_OWNER=***
AIRFLOW_CTX_DAG_ID=user_processing
AIRFLOW_CTX_TASK_ID=extract_user
AIRFLOW_CTX_EXECUTION_DATE=2022-11-26T00:00:00+00:00
AIRFLOW_CTX_TRY_NUMBER=1
AIRFLOW_CTX_DAG_RUN_ID=scheduled__2022-11-26T00:00:00+00:00
[2022-11-27T09:42:42.940+0000] {http.py:121} INFO - Calling HTTP method
[2022-11-27T09:42:42.966+0000] {base.py:71} INFO - Using connection ID 'user_api' for task execution.
[2022-11-27T09:42:42.973+0000] {http.py:148} INFO - Sending 'GET' to url: https://randomuser.me/api/
[2022-11-27T09:42:43.502+0000] {http.py:125} INFO - {"results":[{"gender":"female","name":{"title":"Mrs","first":"Teodora","last":"Ivančević"},"location":{"street":{"number":5224,"name":"Pijaca Železnik"},"city":"Mali Zvornik","state":"Nišava","country":"Serbia","postcode":41441,"coordinates":{"latitude":"56.3710","longitude":"158.2208"},"timezone":{"offset":"+3:30","description":"Tehran"}},"email":"teodora.ivancevic@example.com","login":{"uuid":"d3898a76-571b-4592-a202-856bcb760ea9","username":"bluelion393","password":"963852","salt":"CeTwKj3l","md5":"b7c970135675b53dc10924de77d2fcf2","sha1":"f4b86ceef4889250ff3d5119614ec25d03d287c9","sha256":"5a4c05124eee0d2447a097eb71a3b2f03f9e72215bf1de61f5beac25a5966e52"},"dob":{"date":"1968-05-08T10:41:18.654Z","age":54},"registered":{"date":"2016-03-02T17:12:45.193Z","age":6},"phone":"034-4096-688","cell":"062-5767-783","id":{"name":"SID","value":"180231801"},"picture":{"large":"https://randomuser.me/api/portraits/women/76.jpg","medium":"https://randomuser.me/api/portraits/med/women/76.jpg","thumbnail":"https://randomuser.me/api/portraits/thumb/women/76.jpg"},"nat":"RS"}],"info":{"seed":"d19c765872624f5c","results":1,"page":1,"version":"1.4"}}
[2022-11-27T09:42:43.654+0000] {taskinstance.py:1406} INFO - Marking task as SUCCESS. dag_id=user_processing, task_id=extract_user, execution_date=20221126T000000, start_date=20221127T094242, end_date=20221127T094243
[2022-11-27T09:42:43.847+0000] {local_task_job.py:164} INFO - Task exited with return code 0
[2022-11-27T09:42:44.097+0000] {local_task_job.py:273} INFO - 1 downstream tasks scheduled from follow-on schedule check
