[2023-01-21T05:34:44.421+0000] {taskinstance.py:1165} INFO - Dependencies all met for <TaskInstance: parallel_dag.load_b scheduled__2023-01-20T00:00:00+00:00 [queued]>
[2023-01-21T05:34:44.466+0000] {taskinstance.py:1165} INFO - Dependencies all met for <TaskInstance: parallel_dag.load_b scheduled__2023-01-20T00:00:00+00:00 [queued]>
[2023-01-21T05:34:44.468+0000] {taskinstance.py:1362} INFO - 
--------------------------------------------------------------------------------
[2023-01-21T05:34:44.470+0000] {taskinstance.py:1363} INFO - Starting attempt 1 of 1
[2023-01-21T05:34:44.472+0000] {taskinstance.py:1364} INFO - 
--------------------------------------------------------------------------------
[2023-01-21T05:34:44.534+0000] {taskinstance.py:1383} INFO - Executing <Task(BashOperator): load_b> on 2023-01-20 00:00:00+00:00
[2023-01-21T05:34:44.546+0000] {standard_task_runner.py:55} INFO - Started process 101 to run task
[2023-01-21T05:34:44.556+0000] {standard_task_runner.py:82} INFO - Running: ['***', 'tasks', 'run', 'parallel_dag', 'load_b', 'scheduled__2023-01-20T00:00:00+00:00', '--job-id', '74', '--raw', '--subdir', 'DAGS_FOLDER/parallel_dag.py', '--cfg-path', '/tmp/tmpk2jpc0cm']
[2023-01-21T05:34:44.557+0000] {standard_task_runner.py:83} INFO - Job 74: Subtask load_b
[2023-01-21T05:34:44.774+0000] {task_command.py:376} INFO - Running <TaskInstance: parallel_dag.load_b scheduled__2023-01-20T00:00:00+00:00 [running]> on host 2255277b485d
[2023-01-21T05:34:45.012+0000] {taskinstance.py:1592} INFO - Exporting the following env vars:
AIRFLOW_CTX_DAG_OWNER=***
AIRFLOW_CTX_DAG_ID=parallel_dag
AIRFLOW_CTX_TASK_ID=load_b
AIRFLOW_CTX_EXECUTION_DATE=2023-01-20T00:00:00+00:00
AIRFLOW_CTX_TRY_NUMBER=1
AIRFLOW_CTX_DAG_RUN_ID=scheduled__2023-01-20T00:00:00+00:00
[2023-01-21T05:34:45.026+0000] {subprocess.py:63} INFO - Tmp dir root location: 
 /tmp
[2023-01-21T05:34:45.029+0000] {subprocess.py:75} INFO - Running command: ['/bin/bash', '-c', 'sleep 2']
[2023-01-21T05:34:45.078+0000] {subprocess.py:86} INFO - Output:
[2023-01-21T05:34:47.099+0000] {subprocess.py:97} INFO - Command exited with return code 0
[2023-01-21T05:34:47.185+0000] {taskinstance.py:1406} INFO - Marking task as SUCCESS. dag_id=parallel_dag, task_id=load_b, execution_date=20230120T000000, start_date=20230121T053444, end_date=20230121T053447
[2023-01-21T05:34:47.275+0000] {local_task_job.py:164} INFO - Task exited with return code 0
[2023-01-21T05:34:47.398+0000] {local_task_job.py:273} INFO - 0 downstream tasks scheduled from follow-on schedule check
