[2023-01-16T01:55:57.600+0000] {processor.py:154} INFO - Started process (PID=22078) to work on /home/airflow/.local/lib/python3.7/site-packages/airflow/example_dags/example_complex.py
[2023-01-16T01:55:57.612+0000] {processor.py:756} INFO - Processing file /home/airflow/.local/lib/python3.7/site-packages/airflow/example_dags/example_complex.py for tasks to queue
[2023-01-16T01:55:57.615+0000] {logging_mixin.py:120} INFO - [2023-01-16T01:55:57.614+0000] {dagbag.py:537} INFO - Filling up the DagBag from /home/airflow/.local/lib/python3.7/site-packages/airflow/example_dags/example_complex.py
[2023-01-16T01:55:57.719+0000] {logging_mixin.py:120} INFO - [2023-01-16T01:55:57.718+0000] {taskmixin.py:205} WARNING - Dependency <Task(BashOperator): create_entry_group>, delete_entry_group already registered for DAG: example_complex
[2023-01-16T01:55:57.720+0000] {logging_mixin.py:120} INFO - [2023-01-16T01:55:57.720+0000] {taskmixin.py:205} WARNING - Dependency <Task(BashOperator): delete_entry_group>, create_entry_group already registered for DAG: example_complex
[2023-01-16T01:55:57.725+0000] {logging_mixin.py:120} INFO - [2023-01-16T01:55:57.725+0000] {taskmixin.py:205} WARNING - Dependency <Task(BashOperator): create_entry_gcs>, delete_entry already registered for DAG: example_complex
[2023-01-16T01:55:57.748+0000] {logging_mixin.py:120} INFO - [2023-01-16T01:55:57.748+0000] {taskmixin.py:205} WARNING - Dependency <Task(BashOperator): delete_entry>, create_entry_gcs already registered for DAG: example_complex
[2023-01-16T01:55:57.753+0000] {logging_mixin.py:120} INFO - [2023-01-16T01:55:57.752+0000] {taskmixin.py:205} WARNING - Dependency <Task(BashOperator): create_tag>, delete_tag already registered for DAG: example_complex
[2023-01-16T01:55:57.784+0000] {logging_mixin.py:120} INFO - [2023-01-16T01:55:57.765+0000] {taskmixin.py:205} WARNING - Dependency <Task(BashOperator): delete_tag>, create_tag already registered for DAG: example_complex
[2023-01-16T01:55:57.797+0000] {processor.py:766} INFO - DAG(s) dict_keys(['example_complex']) retrieved from /home/airflow/.local/lib/python3.7/site-packages/airflow/example_dags/example_complex.py
[2023-01-16T01:55:57.948+0000] {logging_mixin.py:120} INFO - [2023-01-16T01:55:57.948+0000] {dag.py:2585} INFO - Sync 1 DAGs
[2023-01-16T01:55:58.127+0000] {logging_mixin.py:120} INFO - [2023-01-16T01:55:58.126+0000] {dag.py:3340} INFO - Setting next_dagrun for example_complex to None, run_after=None
[2023-01-16T01:55:58.335+0000] {processor.py:176} INFO - Processing /home/airflow/.local/lib/python3.7/site-packages/airflow/example_dags/example_complex.py took 0.743 seconds
[2023-01-16T01:56:29.183+0000] {processor.py:154} INFO - Started process (PID=22128) to work on /home/airflow/.local/lib/python3.7/site-packages/airflow/example_dags/example_complex.py
[2023-01-16T01:56:29.185+0000] {processor.py:756} INFO - Processing file /home/airflow/.local/lib/python3.7/site-packages/airflow/example_dags/example_complex.py for tasks to queue
[2023-01-16T01:56:29.186+0000] {logging_mixin.py:120} INFO - [2023-01-16T01:56:29.186+0000] {dagbag.py:537} INFO - Filling up the DagBag from /home/airflow/.local/lib/python3.7/site-packages/airflow/example_dags/example_complex.py
[2023-01-16T01:56:29.209+0000] {logging_mixin.py:120} INFO - [2023-01-16T01:56:29.209+0000] {taskmixin.py:205} WARNING - Dependency <Task(BashOperator): create_entry_group>, delete_entry_group already registered for DAG: example_complex
[2023-01-16T01:56:29.210+0000] {logging_mixin.py:120} INFO - [2023-01-16T01:56:29.210+0000] {taskmixin.py:205} WARNING - Dependency <Task(BashOperator): delete_entry_group>, create_entry_group already registered for DAG: example_complex
[2023-01-16T01:56:29.212+0000] {logging_mixin.py:120} INFO - [2023-01-16T01:56:29.211+0000] {taskmixin.py:205} WARNING - Dependency <Task(BashOperator): create_entry_gcs>, delete_entry already registered for DAG: example_complex
[2023-01-16T01:56:29.213+0000] {logging_mixin.py:120} INFO - [2023-01-16T01:56:29.213+0000] {taskmixin.py:205} WARNING - Dependency <Task(BashOperator): delete_entry>, create_entry_gcs already registered for DAG: example_complex
[2023-01-16T01:56:29.214+0000] {logging_mixin.py:120} INFO - [2023-01-16T01:56:29.214+0000] {taskmixin.py:205} WARNING - Dependency <Task(BashOperator): create_tag>, delete_tag already registered for DAG: example_complex
[2023-01-16T01:56:29.216+0000] {logging_mixin.py:120} INFO - [2023-01-16T01:56:29.215+0000] {taskmixin.py:205} WARNING - Dependency <Task(BashOperator): delete_tag>, create_tag already registered for DAG: example_complex
[2023-01-16T01:56:29.224+0000] {processor.py:766} INFO - DAG(s) dict_keys(['example_complex']) retrieved from /home/airflow/.local/lib/python3.7/site-packages/airflow/example_dags/example_complex.py
[2023-01-16T01:56:29.305+0000] {logging_mixin.py:120} INFO - [2023-01-16T01:56:29.305+0000] {dag.py:2585} INFO - Sync 1 DAGs
[2023-01-16T01:56:29.383+0000] {logging_mixin.py:120} INFO - [2023-01-16T01:56:29.383+0000] {dag.py:3340} INFO - Setting next_dagrun for example_complex to None, run_after=None
[2023-01-16T01:56:29.439+0000] {processor.py:176} INFO - Processing /home/airflow/.local/lib/python3.7/site-packages/airflow/example_dags/example_complex.py took 0.267 seconds
[2023-01-16T01:56:59.617+0000] {processor.py:154} INFO - Started process (PID=22193) to work on /home/airflow/.local/lib/python3.7/site-packages/airflow/example_dags/example_complex.py
[2023-01-16T01:56:59.620+0000] {processor.py:756} INFO - Processing file /home/airflow/.local/lib/python3.7/site-packages/airflow/example_dags/example_complex.py for tasks to queue
[2023-01-16T01:56:59.623+0000] {logging_mixin.py:120} INFO - [2023-01-16T01:56:59.622+0000] {dagbag.py:537} INFO - Filling up the DagBag from /home/airflow/.local/lib/python3.7/site-packages/airflow/example_dags/example_complex.py
[2023-01-16T01:56:59.656+0000] {logging_mixin.py:120} INFO - [2023-01-16T01:56:59.656+0000] {taskmixin.py:205} WARNING - Dependency <Task(BashOperator): create_entry_group>, delete_entry_group already registered for DAG: example_complex
[2023-01-16T01:56:59.658+0000] {logging_mixin.py:120} INFO - [2023-01-16T01:56:59.657+0000] {taskmixin.py:205} WARNING - Dependency <Task(BashOperator): delete_entry_group>, create_entry_group already registered for DAG: example_complex
[2023-01-16T01:56:59.659+0000] {logging_mixin.py:120} INFO - [2023-01-16T01:56:59.659+0000] {taskmixin.py:205} WARNING - Dependency <Task(BashOperator): create_entry_gcs>, delete_entry already registered for DAG: example_complex
[2023-01-16T01:56:59.660+0000] {logging_mixin.py:120} INFO - [2023-01-16T01:56:59.660+0000] {taskmixin.py:205} WARNING - Dependency <Task(BashOperator): delete_entry>, create_entry_gcs already registered for DAG: example_complex
[2023-01-16T01:56:59.662+0000] {logging_mixin.py:120} INFO - [2023-01-16T01:56:59.661+0000] {taskmixin.py:205} WARNING - Dependency <Task(BashOperator): create_tag>, delete_tag already registered for DAG: example_complex
[2023-01-16T01:56:59.663+0000] {logging_mixin.py:120} INFO - [2023-01-16T01:56:59.663+0000] {taskmixin.py:205} WARNING - Dependency <Task(BashOperator): delete_tag>, create_tag already registered for DAG: example_complex
[2023-01-16T01:56:59.666+0000] {processor.py:766} INFO - DAG(s) dict_keys(['example_complex']) retrieved from /home/airflow/.local/lib/python3.7/site-packages/airflow/example_dags/example_complex.py
[2023-01-16T01:56:59.746+0000] {logging_mixin.py:120} INFO - [2023-01-16T01:56:59.745+0000] {dag.py:2585} INFO - Sync 1 DAGs
[2023-01-16T01:56:59.809+0000] {logging_mixin.py:120} INFO - [2023-01-16T01:56:59.808+0000] {dag.py:3340} INFO - Setting next_dagrun for example_complex to None, run_after=None
[2023-01-16T01:56:59.862+0000] {processor.py:176} INFO - Processing /home/airflow/.local/lib/python3.7/site-packages/airflow/example_dags/example_complex.py took 0.255 seconds
[2023-01-16T01:57:30.280+0000] {processor.py:154} INFO - Started process (PID=22251) to work on /home/airflow/.local/lib/python3.7/site-packages/airflow/example_dags/example_complex.py
[2023-01-16T01:57:30.281+0000] {processor.py:756} INFO - Processing file /home/airflow/.local/lib/python3.7/site-packages/airflow/example_dags/example_complex.py for tasks to queue
[2023-01-16T01:57:30.283+0000] {logging_mixin.py:120} INFO - [2023-01-16T01:57:30.283+0000] {dagbag.py:537} INFO - Filling up the DagBag from /home/airflow/.local/lib/python3.7/site-packages/airflow/example_dags/example_complex.py
[2023-01-16T01:57:30.312+0000] {logging_mixin.py:120} INFO - [2023-01-16T01:57:30.311+0000] {taskmixin.py:205} WARNING - Dependency <Task(BashOperator): create_entry_group>, delete_entry_group already registered for DAG: example_complex
[2023-01-16T01:57:30.313+0000] {logging_mixin.py:120} INFO - [2023-01-16T01:57:30.313+0000] {taskmixin.py:205} WARNING - Dependency <Task(BashOperator): delete_entry_group>, create_entry_group already registered for DAG: example_complex
[2023-01-16T01:57:30.316+0000] {logging_mixin.py:120} INFO - [2023-01-16T01:57:30.316+0000] {taskmixin.py:205} WARNING - Dependency <Task(BashOperator): create_entry_gcs>, delete_entry already registered for DAG: example_complex
[2023-01-16T01:57:30.319+0000] {logging_mixin.py:120} INFO - [2023-01-16T01:57:30.318+0000] {taskmixin.py:205} WARNING - Dependency <Task(BashOperator): delete_entry>, create_entry_gcs already registered for DAG: example_complex
[2023-01-16T01:57:30.323+0000] {logging_mixin.py:120} INFO - [2023-01-16T01:57:30.322+0000] {taskmixin.py:205} WARNING - Dependency <Task(BashOperator): create_tag>, delete_tag already registered for DAG: example_complex
[2023-01-16T01:57:30.325+0000] {logging_mixin.py:120} INFO - [2023-01-16T01:57:30.324+0000] {taskmixin.py:205} WARNING - Dependency <Task(BashOperator): delete_tag>, create_tag already registered for DAG: example_complex
[2023-01-16T01:57:30.330+0000] {processor.py:766} INFO - DAG(s) dict_keys(['example_complex']) retrieved from /home/airflow/.local/lib/python3.7/site-packages/airflow/example_dags/example_complex.py
[2023-01-16T01:57:30.416+0000] {logging_mixin.py:120} INFO - [2023-01-16T01:57:30.415+0000] {dag.py:2585} INFO - Sync 1 DAGs
[2023-01-16T01:57:30.495+0000] {logging_mixin.py:120} INFO - [2023-01-16T01:57:30.494+0000] {dag.py:3340} INFO - Setting next_dagrun for example_complex to None, run_after=None
[2023-01-16T01:57:30.562+0000] {processor.py:176} INFO - Processing /home/airflow/.local/lib/python3.7/site-packages/airflow/example_dags/example_complex.py took 0.290 seconds
[2023-01-16T01:58:00.785+0000] {processor.py:154} INFO - Started process (PID=22309) to work on /home/airflow/.local/lib/python3.7/site-packages/airflow/example_dags/example_complex.py
[2023-01-16T01:58:00.786+0000] {processor.py:756} INFO - Processing file /home/airflow/.local/lib/python3.7/site-packages/airflow/example_dags/example_complex.py for tasks to queue
[2023-01-16T01:58:00.791+0000] {logging_mixin.py:120} INFO - [2023-01-16T01:58:00.791+0000] {dagbag.py:537} INFO - Filling up the DagBag from /home/airflow/.local/lib/python3.7/site-packages/airflow/example_dags/example_complex.py
[2023-01-16T01:58:00.810+0000] {logging_mixin.py:120} INFO - [2023-01-16T01:58:00.810+0000] {taskmixin.py:205} WARNING - Dependency <Task(BashOperator): create_entry_group>, delete_entry_group already registered for DAG: example_complex
[2023-01-16T01:58:00.811+0000] {logging_mixin.py:120} INFO - [2023-01-16T01:58:00.811+0000] {taskmixin.py:205} WARNING - Dependency <Task(BashOperator): delete_entry_group>, create_entry_group already registered for DAG: example_complex
[2023-01-16T01:58:00.812+0000] {logging_mixin.py:120} INFO - [2023-01-16T01:58:00.812+0000] {taskmixin.py:205} WARNING - Dependency <Task(BashOperator): create_entry_gcs>, delete_entry already registered for DAG: example_complex
[2023-01-16T01:58:00.813+0000] {logging_mixin.py:120} INFO - [2023-01-16T01:58:00.813+0000] {taskmixin.py:205} WARNING - Dependency <Task(BashOperator): delete_entry>, create_entry_gcs already registered for DAG: example_complex
[2023-01-16T01:58:00.814+0000] {logging_mixin.py:120} INFO - [2023-01-16T01:58:00.814+0000] {taskmixin.py:205} WARNING - Dependency <Task(BashOperator): create_tag>, delete_tag already registered for DAG: example_complex
[2023-01-16T01:58:00.815+0000] {logging_mixin.py:120} INFO - [2023-01-16T01:58:00.814+0000] {taskmixin.py:205} WARNING - Dependency <Task(BashOperator): delete_tag>, create_tag already registered for DAG: example_complex
[2023-01-16T01:58:00.817+0000] {processor.py:766} INFO - DAG(s) dict_keys(['example_complex']) retrieved from /home/airflow/.local/lib/python3.7/site-packages/airflow/example_dags/example_complex.py
[2023-01-16T01:58:00.856+0000] {logging_mixin.py:120} INFO - [2023-01-16T01:58:00.856+0000] {dag.py:2585} INFO - Sync 1 DAGs
[2023-01-16T01:58:00.901+0000] {logging_mixin.py:120} INFO - [2023-01-16T01:58:00.901+0000] {dag.py:3340} INFO - Setting next_dagrun for example_complex to None, run_after=None
[2023-01-16T01:58:00.929+0000] {processor.py:176} INFO - Processing /home/airflow/.local/lib/python3.7/site-packages/airflow/example_dags/example_complex.py took 0.151 seconds
[2023-01-16T01:58:31.294+0000] {processor.py:154} INFO - Started process (PID=22375) to work on /home/airflow/.local/lib/python3.7/site-packages/airflow/example_dags/example_complex.py
[2023-01-16T01:58:31.297+0000] {processor.py:756} INFO - Processing file /home/airflow/.local/lib/python3.7/site-packages/airflow/example_dags/example_complex.py for tasks to queue
[2023-01-16T01:58:31.299+0000] {logging_mixin.py:120} INFO - [2023-01-16T01:58:31.299+0000] {dagbag.py:537} INFO - Filling up the DagBag from /home/airflow/.local/lib/python3.7/site-packages/airflow/example_dags/example_complex.py
[2023-01-16T01:58:31.335+0000] {logging_mixin.py:120} INFO - [2023-01-16T01:58:31.334+0000] {taskmixin.py:205} WARNING - Dependency <Task(BashOperator): create_entry_group>, delete_entry_group already registered for DAG: example_complex
[2023-01-16T01:58:31.337+0000] {logging_mixin.py:120} INFO - [2023-01-16T01:58:31.336+0000] {taskmixin.py:205} WARNING - Dependency <Task(BashOperator): delete_entry_group>, create_entry_group already registered for DAG: example_complex
[2023-01-16T01:58:31.339+0000] {logging_mixin.py:120} INFO - [2023-01-16T01:58:31.338+0000] {taskmixin.py:205} WARNING - Dependency <Task(BashOperator): create_entry_gcs>, delete_entry already registered for DAG: example_complex
[2023-01-16T01:58:31.340+0000] {logging_mixin.py:120} INFO - [2023-01-16T01:58:31.340+0000] {taskmixin.py:205} WARNING - Dependency <Task(BashOperator): delete_entry>, create_entry_gcs already registered for DAG: example_complex
[2023-01-16T01:58:31.343+0000] {logging_mixin.py:120} INFO - [2023-01-16T01:58:31.342+0000] {taskmixin.py:205} WARNING - Dependency <Task(BashOperator): create_tag>, delete_tag already registered for DAG: example_complex
[2023-01-16T01:58:31.344+0000] {logging_mixin.py:120} INFO - [2023-01-16T01:58:31.344+0000] {taskmixin.py:205} WARNING - Dependency <Task(BashOperator): delete_tag>, create_tag already registered for DAG: example_complex
[2023-01-16T01:58:31.351+0000] {processor.py:766} INFO - DAG(s) dict_keys(['example_complex']) retrieved from /home/airflow/.local/lib/python3.7/site-packages/airflow/example_dags/example_complex.py
[2023-01-16T01:58:31.404+0000] {logging_mixin.py:120} INFO - [2023-01-16T01:58:31.404+0000] {dag.py:2585} INFO - Sync 1 DAGs
[2023-01-16T01:58:31.433+0000] {logging_mixin.py:120} INFO - [2023-01-16T01:58:31.433+0000] {dag.py:3340} INFO - Setting next_dagrun for example_complex to None, run_after=None
[2023-01-16T01:58:31.466+0000] {processor.py:176} INFO - Processing /home/airflow/.local/lib/python3.7/site-packages/airflow/example_dags/example_complex.py took 0.183 seconds
[2023-01-16T01:59:01.838+0000] {processor.py:154} INFO - Started process (PID=22441) to work on /home/airflow/.local/lib/python3.7/site-packages/airflow/example_dags/example_complex.py
[2023-01-16T01:59:01.840+0000] {processor.py:756} INFO - Processing file /home/airflow/.local/lib/python3.7/site-packages/airflow/example_dags/example_complex.py for tasks to queue
[2023-01-16T01:59:01.843+0000] {logging_mixin.py:120} INFO - [2023-01-16T01:59:01.843+0000] {dagbag.py:537} INFO - Filling up the DagBag from /home/airflow/.local/lib/python3.7/site-packages/airflow/example_dags/example_complex.py
[2023-01-16T01:59:01.864+0000] {logging_mixin.py:120} INFO - [2023-01-16T01:59:01.864+0000] {taskmixin.py:205} WARNING - Dependency <Task(BashOperator): create_entry_group>, delete_entry_group already registered for DAG: example_complex
[2023-01-16T01:59:01.866+0000] {logging_mixin.py:120} INFO - [2023-01-16T01:59:01.866+0000] {taskmixin.py:205} WARNING - Dependency <Task(BashOperator): delete_entry_group>, create_entry_group already registered for DAG: example_complex
[2023-01-16T01:59:01.868+0000] {logging_mixin.py:120} INFO - [2023-01-16T01:59:01.867+0000] {taskmixin.py:205} WARNING - Dependency <Task(BashOperator): create_entry_gcs>, delete_entry already registered for DAG: example_complex
[2023-01-16T01:59:01.869+0000] {logging_mixin.py:120} INFO - [2023-01-16T01:59:01.869+0000] {taskmixin.py:205} WARNING - Dependency <Task(BashOperator): delete_entry>, create_entry_gcs already registered for DAG: example_complex
[2023-01-16T01:59:01.871+0000] {logging_mixin.py:120} INFO - [2023-01-16T01:59:01.870+0000] {taskmixin.py:205} WARNING - Dependency <Task(BashOperator): create_tag>, delete_tag already registered for DAG: example_complex
[2023-01-16T01:59:01.871+0000] {logging_mixin.py:120} INFO - [2023-01-16T01:59:01.871+0000] {taskmixin.py:205} WARNING - Dependency <Task(BashOperator): delete_tag>, create_tag already registered for DAG: example_complex
[2023-01-16T01:59:01.877+0000] {processor.py:766} INFO - DAG(s) dict_keys(['example_complex']) retrieved from /home/airflow/.local/lib/python3.7/site-packages/airflow/example_dags/example_complex.py
[2023-01-16T01:59:01.940+0000] {logging_mixin.py:120} INFO - [2023-01-16T01:59:01.939+0000] {dag.py:2585} INFO - Sync 1 DAGs
[2023-01-16T01:59:01.993+0000] {logging_mixin.py:120} INFO - [2023-01-16T01:59:01.993+0000] {dag.py:3340} INFO - Setting next_dagrun for example_complex to None, run_after=None
[2023-01-16T01:59:02.042+0000] {processor.py:176} INFO - Processing /home/airflow/.local/lib/python3.7/site-packages/airflow/example_dags/example_complex.py took 0.209 seconds
[2023-01-16T01:59:32.224+0000] {processor.py:154} INFO - Started process (PID=22498) to work on /home/airflow/.local/lib/python3.7/site-packages/airflow/example_dags/example_complex.py
[2023-01-16T01:59:32.226+0000] {processor.py:756} INFO - Processing file /home/airflow/.local/lib/python3.7/site-packages/airflow/example_dags/example_complex.py for tasks to queue
[2023-01-16T01:59:32.227+0000] {logging_mixin.py:120} INFO - [2023-01-16T01:59:32.227+0000] {dagbag.py:537} INFO - Filling up the DagBag from /home/airflow/.local/lib/python3.7/site-packages/airflow/example_dags/example_complex.py
[2023-01-16T01:59:32.240+0000] {logging_mixin.py:120} INFO - [2023-01-16T01:59:32.239+0000] {taskmixin.py:205} WARNING - Dependency <Task(BashOperator): create_entry_group>, delete_entry_group already registered for DAG: example_complex
[2023-01-16T01:59:32.240+0000] {logging_mixin.py:120} INFO - [2023-01-16T01:59:32.240+0000] {taskmixin.py:205} WARNING - Dependency <Task(BashOperator): delete_entry_group>, create_entry_group already registered for DAG: example_complex
[2023-01-16T01:59:32.241+0000] {logging_mixin.py:120} INFO - [2023-01-16T01:59:32.241+0000] {taskmixin.py:205} WARNING - Dependency <Task(BashOperator): create_entry_gcs>, delete_entry already registered for DAG: example_complex
[2023-01-16T01:59:32.242+0000] {logging_mixin.py:120} INFO - [2023-01-16T01:59:32.241+0000] {taskmixin.py:205} WARNING - Dependency <Task(BashOperator): delete_entry>, create_entry_gcs already registered for DAG: example_complex
[2023-01-16T01:59:32.243+0000] {logging_mixin.py:120} INFO - [2023-01-16T01:59:32.243+0000] {taskmixin.py:205} WARNING - Dependency <Task(BashOperator): create_tag>, delete_tag already registered for DAG: example_complex
[2023-01-16T01:59:32.244+0000] {logging_mixin.py:120} INFO - [2023-01-16T01:59:32.244+0000] {taskmixin.py:205} WARNING - Dependency <Task(BashOperator): delete_tag>, create_tag already registered for DAG: example_complex
[2023-01-16T01:59:32.247+0000] {processor.py:766} INFO - DAG(s) dict_keys(['example_complex']) retrieved from /home/airflow/.local/lib/python3.7/site-packages/airflow/example_dags/example_complex.py
[2023-01-16T01:59:32.285+0000] {logging_mixin.py:120} INFO - [2023-01-16T01:59:32.285+0000] {dag.py:2585} INFO - Sync 1 DAGs
[2023-01-16T01:59:32.314+0000] {logging_mixin.py:120} INFO - [2023-01-16T01:59:32.314+0000] {dag.py:3340} INFO - Setting next_dagrun for example_complex to None, run_after=None
[2023-01-16T01:59:32.341+0000] {processor.py:176} INFO - Processing /home/airflow/.local/lib/python3.7/site-packages/airflow/example_dags/example_complex.py took 0.122 seconds
[2023-01-16T02:00:02.571+0000] {processor.py:154} INFO - Started process (PID=22565) to work on /home/airflow/.local/lib/python3.7/site-packages/airflow/example_dags/example_complex.py
[2023-01-16T02:00:02.572+0000] {processor.py:756} INFO - Processing file /home/airflow/.local/lib/python3.7/site-packages/airflow/example_dags/example_complex.py for tasks to queue
[2023-01-16T02:00:02.573+0000] {logging_mixin.py:120} INFO - [2023-01-16T02:00:02.573+0000] {dagbag.py:537} INFO - Filling up the DagBag from /home/airflow/.local/lib/python3.7/site-packages/airflow/example_dags/example_complex.py
[2023-01-16T02:00:02.592+0000] {logging_mixin.py:120} INFO - [2023-01-16T02:00:02.592+0000] {taskmixin.py:205} WARNING - Dependency <Task(BashOperator): create_entry_group>, delete_entry_group already registered for DAG: example_complex
[2023-01-16T02:00:02.593+0000] {logging_mixin.py:120} INFO - [2023-01-16T02:00:02.593+0000] {taskmixin.py:205} WARNING - Dependency <Task(BashOperator): delete_entry_group>, create_entry_group already registered for DAG: example_complex
[2023-01-16T02:00:02.594+0000] {logging_mixin.py:120} INFO - [2023-01-16T02:00:02.593+0000] {taskmixin.py:205} WARNING - Dependency <Task(BashOperator): create_entry_gcs>, delete_entry already registered for DAG: example_complex
[2023-01-16T02:00:02.594+0000] {logging_mixin.py:120} INFO - [2023-01-16T02:00:02.594+0000] {taskmixin.py:205} WARNING - Dependency <Task(BashOperator): delete_entry>, create_entry_gcs already registered for DAG: example_complex
[2023-01-16T02:00:02.595+0000] {logging_mixin.py:120} INFO - [2023-01-16T02:00:02.595+0000] {taskmixin.py:205} WARNING - Dependency <Task(BashOperator): create_tag>, delete_tag already registered for DAG: example_complex
[2023-01-16T02:00:02.596+0000] {logging_mixin.py:120} INFO - [2023-01-16T02:00:02.596+0000] {taskmixin.py:205} WARNING - Dependency <Task(BashOperator): delete_tag>, create_tag already registered for DAG: example_complex
[2023-01-16T02:00:02.598+0000] {processor.py:766} INFO - DAG(s) dict_keys(['example_complex']) retrieved from /home/airflow/.local/lib/python3.7/site-packages/airflow/example_dags/example_complex.py
[2023-01-16T02:00:02.631+0000] {logging_mixin.py:120} INFO - [2023-01-16T02:00:02.630+0000] {dag.py:2585} INFO - Sync 1 DAGs
[2023-01-16T02:00:02.671+0000] {logging_mixin.py:120} INFO - [2023-01-16T02:00:02.671+0000] {dag.py:3340} INFO - Setting next_dagrun for example_complex to None, run_after=None
[2023-01-16T02:00:02.703+0000] {processor.py:176} INFO - Processing /home/airflow/.local/lib/python3.7/site-packages/airflow/example_dags/example_complex.py took 0.138 seconds
[2023-01-16T02:00:32.914+0000] {processor.py:154} INFO - Started process (PID=22623) to work on /home/airflow/.local/lib/python3.7/site-packages/airflow/example_dags/example_complex.py
[2023-01-16T02:00:32.915+0000] {processor.py:756} INFO - Processing file /home/airflow/.local/lib/python3.7/site-packages/airflow/example_dags/example_complex.py for tasks to queue
[2023-01-16T02:00:32.916+0000] {logging_mixin.py:120} INFO - [2023-01-16T02:00:32.916+0000] {dagbag.py:537} INFO - Filling up the DagBag from /home/airflow/.local/lib/python3.7/site-packages/airflow/example_dags/example_complex.py
[2023-01-16T02:00:32.928+0000] {logging_mixin.py:120} INFO - [2023-01-16T02:00:32.928+0000] {taskmixin.py:205} WARNING - Dependency <Task(BashOperator): create_entry_group>, delete_entry_group already registered for DAG: example_complex
[2023-01-16T02:00:32.929+0000] {logging_mixin.py:120} INFO - [2023-01-16T02:00:32.928+0000] {taskmixin.py:205} WARNING - Dependency <Task(BashOperator): delete_entry_group>, create_entry_group already registered for DAG: example_complex
[2023-01-16T02:00:32.929+0000] {logging_mixin.py:120} INFO - [2023-01-16T02:00:32.929+0000] {taskmixin.py:205} WARNING - Dependency <Task(BashOperator): create_entry_gcs>, delete_entry already registered for DAG: example_complex
[2023-01-16T02:00:32.930+0000] {logging_mixin.py:120} INFO - [2023-01-16T02:00:32.930+0000] {taskmixin.py:205} WARNING - Dependency <Task(BashOperator): delete_entry>, create_entry_gcs already registered for DAG: example_complex
[2023-01-16T02:00:32.931+0000] {logging_mixin.py:120} INFO - [2023-01-16T02:00:32.931+0000] {taskmixin.py:205} WARNING - Dependency <Task(BashOperator): create_tag>, delete_tag already registered for DAG: example_complex
[2023-01-16T02:00:32.931+0000] {logging_mixin.py:120} INFO - [2023-01-16T02:00:32.931+0000] {taskmixin.py:205} WARNING - Dependency <Task(BashOperator): delete_tag>, create_tag already registered for DAG: example_complex
[2023-01-16T02:00:32.933+0000] {processor.py:766} INFO - DAG(s) dict_keys(['example_complex']) retrieved from /home/airflow/.local/lib/python3.7/site-packages/airflow/example_dags/example_complex.py
[2023-01-16T02:00:32.963+0000] {logging_mixin.py:120} INFO - [2023-01-16T02:00:32.963+0000] {dag.py:2585} INFO - Sync 1 DAGs
[2023-01-16T02:00:32.988+0000] {logging_mixin.py:120} INFO - [2023-01-16T02:00:32.988+0000] {dag.py:3340} INFO - Setting next_dagrun for example_complex to None, run_after=None
[2023-01-16T02:00:33.012+0000] {processor.py:176} INFO - Processing /home/airflow/.local/lib/python3.7/site-packages/airflow/example_dags/example_complex.py took 0.103 seconds
[2023-01-16T02:01:03.144+0000] {processor.py:154} INFO - Started process (PID=22691) to work on /home/airflow/.local/lib/python3.7/site-packages/airflow/example_dags/example_complex.py
[2023-01-16T02:01:03.146+0000] {processor.py:756} INFO - Processing file /home/airflow/.local/lib/python3.7/site-packages/airflow/example_dags/example_complex.py for tasks to queue
[2023-01-16T02:01:03.149+0000] {logging_mixin.py:120} INFO - [2023-01-16T02:01:03.148+0000] {dagbag.py:537} INFO - Filling up the DagBag from /home/airflow/.local/lib/python3.7/site-packages/airflow/example_dags/example_complex.py
[2023-01-16T02:01:03.169+0000] {logging_mixin.py:120} INFO - [2023-01-16T02:01:03.169+0000] {taskmixin.py:205} WARNING - Dependency <Task(BashOperator): create_entry_group>, delete_entry_group already registered for DAG: example_complex
[2023-01-16T02:01:03.170+0000] {logging_mixin.py:120} INFO - [2023-01-16T02:01:03.170+0000] {taskmixin.py:205} WARNING - Dependency <Task(BashOperator): delete_entry_group>, create_entry_group already registered for DAG: example_complex
[2023-01-16T02:01:03.171+0000] {logging_mixin.py:120} INFO - [2023-01-16T02:01:03.171+0000] {taskmixin.py:205} WARNING - Dependency <Task(BashOperator): create_entry_gcs>, delete_entry already registered for DAG: example_complex
[2023-01-16T02:01:03.172+0000] {logging_mixin.py:120} INFO - [2023-01-16T02:01:03.172+0000] {taskmixin.py:205} WARNING - Dependency <Task(BashOperator): delete_entry>, create_entry_gcs already registered for DAG: example_complex
[2023-01-16T02:01:03.173+0000] {logging_mixin.py:120} INFO - [2023-01-16T02:01:03.173+0000] {taskmixin.py:205} WARNING - Dependency <Task(BashOperator): create_tag>, delete_tag already registered for DAG: example_complex
[2023-01-16T02:01:03.174+0000] {logging_mixin.py:120} INFO - [2023-01-16T02:01:03.174+0000] {taskmixin.py:205} WARNING - Dependency <Task(BashOperator): delete_tag>, create_tag already registered for DAG: example_complex
[2023-01-16T02:01:03.178+0000] {processor.py:766} INFO - DAG(s) dict_keys(['example_complex']) retrieved from /home/airflow/.local/lib/python3.7/site-packages/airflow/example_dags/example_complex.py
[2023-01-16T02:01:03.219+0000] {logging_mixin.py:120} INFO - [2023-01-16T02:01:03.219+0000] {dag.py:2585} INFO - Sync 1 DAGs
[2023-01-16T02:01:03.251+0000] {logging_mixin.py:120} INFO - [2023-01-16T02:01:03.250+0000] {dag.py:3340} INFO - Setting next_dagrun for example_complex to None, run_after=None
[2023-01-16T02:01:03.282+0000] {processor.py:176} INFO - Processing /home/airflow/.local/lib/python3.7/site-packages/airflow/example_dags/example_complex.py took 0.149 seconds
[2023-01-16T02:01:33.493+0000] {processor.py:154} INFO - Started process (PID=22759) to work on /home/airflow/.local/lib/python3.7/site-packages/airflow/example_dags/example_complex.py
[2023-01-16T02:01:33.494+0000] {processor.py:756} INFO - Processing file /home/airflow/.local/lib/python3.7/site-packages/airflow/example_dags/example_complex.py for tasks to queue
[2023-01-16T02:01:33.495+0000] {logging_mixin.py:120} INFO - [2023-01-16T02:01:33.495+0000] {dagbag.py:537} INFO - Filling up the DagBag from /home/airflow/.local/lib/python3.7/site-packages/airflow/example_dags/example_complex.py
[2023-01-16T02:01:33.510+0000] {logging_mixin.py:120} INFO - [2023-01-16T02:01:33.510+0000] {taskmixin.py:205} WARNING - Dependency <Task(BashOperator): create_entry_group>, delete_entry_group already registered for DAG: example_complex
[2023-01-16T02:01:33.511+0000] {logging_mixin.py:120} INFO - [2023-01-16T02:01:33.510+0000] {taskmixin.py:205} WARNING - Dependency <Task(BashOperator): delete_entry_group>, create_entry_group already registered for DAG: example_complex
[2023-01-16T02:01:33.511+0000] {logging_mixin.py:120} INFO - [2023-01-16T02:01:33.511+0000] {taskmixin.py:205} WARNING - Dependency <Task(BashOperator): create_entry_gcs>, delete_entry already registered for DAG: example_complex
[2023-01-16T02:01:33.512+0000] {logging_mixin.py:120} INFO - [2023-01-16T02:01:33.512+0000] {taskmixin.py:205} WARNING - Dependency <Task(BashOperator): delete_entry>, create_entry_gcs already registered for DAG: example_complex
[2023-01-16T02:01:33.513+0000] {logging_mixin.py:120} INFO - [2023-01-16T02:01:33.513+0000] {taskmixin.py:205} WARNING - Dependency <Task(BashOperator): create_tag>, delete_tag already registered for DAG: example_complex
[2023-01-16T02:01:33.513+0000] {logging_mixin.py:120} INFO - [2023-01-16T02:01:33.513+0000] {taskmixin.py:205} WARNING - Dependency <Task(BashOperator): delete_tag>, create_tag already registered for DAG: example_complex
[2023-01-16T02:01:33.515+0000] {processor.py:766} INFO - DAG(s) dict_keys(['example_complex']) retrieved from /home/airflow/.local/lib/python3.7/site-packages/airflow/example_dags/example_complex.py
[2023-01-16T02:01:33.549+0000] {logging_mixin.py:120} INFO - [2023-01-16T02:01:33.548+0000] {dag.py:2585} INFO - Sync 1 DAGs
[2023-01-16T02:01:33.584+0000] {logging_mixin.py:120} INFO - [2023-01-16T02:01:33.583+0000] {dag.py:3340} INFO - Setting next_dagrun for example_complex to None, run_after=None
[2023-01-16T02:01:33.616+0000] {processor.py:176} INFO - Processing /home/airflow/.local/lib/python3.7/site-packages/airflow/example_dags/example_complex.py took 0.128 seconds
