[2023-01-16T01:56:02.602+0000] {processor.py:154} INFO - Started process (PID=22091) to work on /home/airflow/.local/lib/python3.7/site-packages/airflow/example_dags/example_nested_branch_dag.py
[2023-01-16T01:56:02.608+0000] {processor.py:756} INFO - Processing file /home/airflow/.local/lib/python3.7/site-packages/airflow/example_dags/example_nested_branch_dag.py for tasks to queue
[2023-01-16T01:56:02.618+0000] {logging_mixin.py:120} INFO - [2023-01-16T01:56:02.617+0000] {dagbag.py:537} INFO - Filling up the DagBag from /home/airflow/.local/lib/python3.7/site-packages/airflow/example_dags/example_nested_branch_dag.py
[2023-01-16T01:56:02.788+0000] {processor.py:766} INFO - DAG(s) dict_keys(['example_nested_branch_dag']) retrieved from /home/airflow/.local/lib/python3.7/site-packages/airflow/example_dags/example_nested_branch_dag.py
[2023-01-16T01:56:02.978+0000] {logging_mixin.py:120} INFO - [2023-01-16T01:56:02.978+0000] {dag.py:2585} INFO - Sync 1 DAGs
[2023-01-16T01:56:03.181+0000] {logging_mixin.py:120} INFO - [2023-01-16T01:56:03.179+0000] {dag.py:3340} INFO - Setting next_dagrun for example_nested_branch_dag to 2023-01-15T00:00:00+00:00, run_after=2023-01-16T00:00:00+00:00
[2023-01-16T01:56:03.322+0000] {processor.py:176} INFO - Processing /home/airflow/.local/lib/python3.7/site-packages/airflow/example_dags/example_nested_branch_dag.py took 0.735 seconds
[2023-01-16T01:56:33.772+0000] {processor.py:154} INFO - Started process (PID=22148) to work on /home/airflow/.local/lib/python3.7/site-packages/airflow/example_dags/example_nested_branch_dag.py
[2023-01-16T01:56:33.774+0000] {processor.py:756} INFO - Processing file /home/airflow/.local/lib/python3.7/site-packages/airflow/example_dags/example_nested_branch_dag.py for tasks to queue
[2023-01-16T01:56:33.777+0000] {logging_mixin.py:120} INFO - [2023-01-16T01:56:33.776+0000] {dagbag.py:537} INFO - Filling up the DagBag from /home/airflow/.local/lib/python3.7/site-packages/airflow/example_dags/example_nested_branch_dag.py
[2023-01-16T01:56:33.835+0000] {processor.py:766} INFO - DAG(s) dict_keys(['example_nested_branch_dag']) retrieved from /home/airflow/.local/lib/python3.7/site-packages/airflow/example_dags/example_nested_branch_dag.py
[2023-01-16T01:56:33.895+0000] {logging_mixin.py:120} INFO - [2023-01-16T01:56:33.894+0000] {dag.py:2585} INFO - Sync 1 DAGs
[2023-01-16T01:56:33.956+0000] {logging_mixin.py:120} INFO - [2023-01-16T01:56:33.956+0000] {dag.py:3340} INFO - Setting next_dagrun for example_nested_branch_dag to 2023-01-15T00:00:00+00:00, run_after=2023-01-16T00:00:00+00:00
[2023-01-16T01:56:33.998+0000] {processor.py:176} INFO - Processing /home/airflow/.local/lib/python3.7/site-packages/airflow/example_dags/example_nested_branch_dag.py took 0.238 seconds
[2023-01-16T01:57:04.409+0000] {processor.py:154} INFO - Started process (PID=22205) to work on /home/airflow/.local/lib/python3.7/site-packages/airflow/example_dags/example_nested_branch_dag.py
[2023-01-16T01:57:04.414+0000] {processor.py:756} INFO - Processing file /home/airflow/.local/lib/python3.7/site-packages/airflow/example_dags/example_nested_branch_dag.py for tasks to queue
[2023-01-16T01:57:04.420+0000] {logging_mixin.py:120} INFO - [2023-01-16T01:57:04.419+0000] {dagbag.py:537} INFO - Filling up the DagBag from /home/airflow/.local/lib/python3.7/site-packages/airflow/example_dags/example_nested_branch_dag.py
[2023-01-16T01:57:04.477+0000] {processor.py:766} INFO - DAG(s) dict_keys(['example_nested_branch_dag']) retrieved from /home/airflow/.local/lib/python3.7/site-packages/airflow/example_dags/example_nested_branch_dag.py
[2023-01-16T01:57:04.546+0000] {logging_mixin.py:120} INFO - [2023-01-16T01:57:04.546+0000] {dag.py:2585} INFO - Sync 1 DAGs
[2023-01-16T01:57:04.616+0000] {logging_mixin.py:120} INFO - [2023-01-16T01:57:04.616+0000] {dag.py:3340} INFO - Setting next_dagrun for example_nested_branch_dag to 2023-01-15T00:00:00+00:00, run_after=2023-01-16T00:00:00+00:00
[2023-01-16T01:57:04.668+0000] {processor.py:176} INFO - Processing /home/airflow/.local/lib/python3.7/site-packages/airflow/example_dags/example_nested_branch_dag.py took 0.267 seconds
[2023-01-16T01:57:34.830+0000] {processor.py:154} INFO - Started process (PID=22263) to work on /home/airflow/.local/lib/python3.7/site-packages/airflow/example_dags/example_nested_branch_dag.py
[2023-01-16T01:57:34.832+0000] {processor.py:756} INFO - Processing file /home/airflow/.local/lib/python3.7/site-packages/airflow/example_dags/example_nested_branch_dag.py for tasks to queue
[2023-01-16T01:57:34.833+0000] {logging_mixin.py:120} INFO - [2023-01-16T01:57:34.833+0000] {dagbag.py:537} INFO - Filling up the DagBag from /home/airflow/.local/lib/python3.7/site-packages/airflow/example_dags/example_nested_branch_dag.py
[2023-01-16T01:57:34.864+0000] {processor.py:766} INFO - DAG(s) dict_keys(['example_nested_branch_dag']) retrieved from /home/airflow/.local/lib/python3.7/site-packages/airflow/example_dags/example_nested_branch_dag.py
[2023-01-16T01:57:34.903+0000] {logging_mixin.py:120} INFO - [2023-01-16T01:57:34.902+0000] {dag.py:2585} INFO - Sync 1 DAGs
[2023-01-16T01:57:34.943+0000] {logging_mixin.py:120} INFO - [2023-01-16T01:57:34.942+0000] {dag.py:3340} INFO - Setting next_dagrun for example_nested_branch_dag to 2023-01-15T00:00:00+00:00, run_after=2023-01-16T00:00:00+00:00
[2023-01-16T01:57:34.982+0000] {processor.py:176} INFO - Processing /home/airflow/.local/lib/python3.7/site-packages/airflow/example_dags/example_nested_branch_dag.py took 0.156 seconds
[2023-01-16T01:58:05.192+0000] {processor.py:154} INFO - Started process (PID=22330) to work on /home/airflow/.local/lib/python3.7/site-packages/airflow/example_dags/example_nested_branch_dag.py
[2023-01-16T01:58:05.194+0000] {processor.py:756} INFO - Processing file /home/airflow/.local/lib/python3.7/site-packages/airflow/example_dags/example_nested_branch_dag.py for tasks to queue
[2023-01-16T01:58:05.195+0000] {logging_mixin.py:120} INFO - [2023-01-16T01:58:05.195+0000] {dagbag.py:537} INFO - Filling up the DagBag from /home/airflow/.local/lib/python3.7/site-packages/airflow/example_dags/example_nested_branch_dag.py
[2023-01-16T01:58:05.225+0000] {processor.py:766} INFO - DAG(s) dict_keys(['example_nested_branch_dag']) retrieved from /home/airflow/.local/lib/python3.7/site-packages/airflow/example_dags/example_nested_branch_dag.py
[2023-01-16T01:58:05.265+0000] {logging_mixin.py:120} INFO - [2023-01-16T01:58:05.265+0000] {dag.py:2585} INFO - Sync 1 DAGs
[2023-01-16T01:58:05.308+0000] {logging_mixin.py:120} INFO - [2023-01-16T01:58:05.308+0000] {dag.py:3340} INFO - Setting next_dagrun for example_nested_branch_dag to 2023-01-15T00:00:00+00:00, run_after=2023-01-16T00:00:00+00:00
[2023-01-16T01:58:05.350+0000] {processor.py:176} INFO - Processing /home/airflow/.local/lib/python3.7/site-packages/airflow/example_dags/example_nested_branch_dag.py took 0.165 seconds
[2023-01-16T01:58:35.773+0000] {processor.py:154} INFO - Started process (PID=22387) to work on /home/airflow/.local/lib/python3.7/site-packages/airflow/example_dags/example_nested_branch_dag.py
[2023-01-16T01:58:35.774+0000] {processor.py:756} INFO - Processing file /home/airflow/.local/lib/python3.7/site-packages/airflow/example_dags/example_nested_branch_dag.py for tasks to queue
[2023-01-16T01:58:35.775+0000] {logging_mixin.py:120} INFO - [2023-01-16T01:58:35.775+0000] {dagbag.py:537} INFO - Filling up the DagBag from /home/airflow/.local/lib/python3.7/site-packages/airflow/example_dags/example_nested_branch_dag.py
[2023-01-16T01:58:35.799+0000] {processor.py:766} INFO - DAG(s) dict_keys(['example_nested_branch_dag']) retrieved from /home/airflow/.local/lib/python3.7/site-packages/airflow/example_dags/example_nested_branch_dag.py
[2023-01-16T01:58:35.825+0000] {logging_mixin.py:120} INFO - [2023-01-16T01:58:35.825+0000] {dag.py:2585} INFO - Sync 1 DAGs
[2023-01-16T01:58:35.845+0000] {logging_mixin.py:120} INFO - [2023-01-16T01:58:35.845+0000] {dag.py:3340} INFO - Setting next_dagrun for example_nested_branch_dag to 2023-01-15T00:00:00+00:00, run_after=2023-01-16T00:00:00+00:00
[2023-01-16T01:58:35.864+0000] {processor.py:176} INFO - Processing /home/airflow/.local/lib/python3.7/site-packages/airflow/example_dags/example_nested_branch_dag.py took 0.095 seconds
[2023-01-16T01:59:06.120+0000] {processor.py:154} INFO - Started process (PID=22453) to work on /home/airflow/.local/lib/python3.7/site-packages/airflow/example_dags/example_nested_branch_dag.py
[2023-01-16T01:59:06.123+0000] {processor.py:756} INFO - Processing file /home/airflow/.local/lib/python3.7/site-packages/airflow/example_dags/example_nested_branch_dag.py for tasks to queue
[2023-01-16T01:59:06.127+0000] {logging_mixin.py:120} INFO - [2023-01-16T01:59:06.126+0000] {dagbag.py:537} INFO - Filling up the DagBag from /home/airflow/.local/lib/python3.7/site-packages/airflow/example_dags/example_nested_branch_dag.py
[2023-01-16T01:59:06.185+0000] {processor.py:766} INFO - DAG(s) dict_keys(['example_nested_branch_dag']) retrieved from /home/airflow/.local/lib/python3.7/site-packages/airflow/example_dags/example_nested_branch_dag.py
[2023-01-16T01:59:06.235+0000] {logging_mixin.py:120} INFO - [2023-01-16T01:59:06.234+0000] {dag.py:2585} INFO - Sync 1 DAGs
[2023-01-16T01:59:06.282+0000] {logging_mixin.py:120} INFO - [2023-01-16T01:59:06.281+0000] {dag.py:3340} INFO - Setting next_dagrun for example_nested_branch_dag to 2023-01-15T00:00:00+00:00, run_after=2023-01-16T00:00:00+00:00
[2023-01-16T01:59:06.330+0000] {processor.py:176} INFO - Processing /home/airflow/.local/lib/python3.7/site-packages/airflow/example_dags/example_nested_branch_dag.py took 0.221 seconds
[2023-01-16T01:59:36.808+0000] {processor.py:154} INFO - Started process (PID=22520) to work on /home/airflow/.local/lib/python3.7/site-packages/airflow/example_dags/example_nested_branch_dag.py
[2023-01-16T01:59:36.813+0000] {processor.py:756} INFO - Processing file /home/airflow/.local/lib/python3.7/site-packages/airflow/example_dags/example_nested_branch_dag.py for tasks to queue
[2023-01-16T01:59:36.816+0000] {logging_mixin.py:120} INFO - [2023-01-16T01:59:36.815+0000] {dagbag.py:537} INFO - Filling up the DagBag from /home/airflow/.local/lib/python3.7/site-packages/airflow/example_dags/example_nested_branch_dag.py
[2023-01-16T01:59:36.884+0000] {processor.py:766} INFO - DAG(s) dict_keys(['example_nested_branch_dag']) retrieved from /home/airflow/.local/lib/python3.7/site-packages/airflow/example_dags/example_nested_branch_dag.py
[2023-01-16T01:59:36.939+0000] {logging_mixin.py:120} INFO - [2023-01-16T01:59:36.939+0000] {dag.py:2585} INFO - Sync 1 DAGs
[2023-01-16T01:59:36.990+0000] {logging_mixin.py:120} INFO - [2023-01-16T01:59:36.990+0000] {dag.py:3340} INFO - Setting next_dagrun for example_nested_branch_dag to 2023-01-15T00:00:00+00:00, run_after=2023-01-16T00:00:00+00:00
[2023-01-16T01:59:37.033+0000] {processor.py:176} INFO - Processing /home/airflow/.local/lib/python3.7/site-packages/airflow/example_dags/example_nested_branch_dag.py took 0.238 seconds
[2023-01-16T02:00:07.712+0000] {processor.py:154} INFO - Started process (PID=22577) to work on /home/airflow/.local/lib/python3.7/site-packages/airflow/example_dags/example_nested_branch_dag.py
[2023-01-16T02:00:07.713+0000] {processor.py:756} INFO - Processing file /home/airflow/.local/lib/python3.7/site-packages/airflow/example_dags/example_nested_branch_dag.py for tasks to queue
[2023-01-16T02:00:07.714+0000] {logging_mixin.py:120} INFO - [2023-01-16T02:00:07.714+0000] {dagbag.py:537} INFO - Filling up the DagBag from /home/airflow/.local/lib/python3.7/site-packages/airflow/example_dags/example_nested_branch_dag.py
[2023-01-16T02:00:07.740+0000] {processor.py:766} INFO - DAG(s) dict_keys(['example_nested_branch_dag']) retrieved from /home/airflow/.local/lib/python3.7/site-packages/airflow/example_dags/example_nested_branch_dag.py
[2023-01-16T02:00:07.764+0000] {logging_mixin.py:120} INFO - [2023-01-16T02:00:07.763+0000] {dag.py:2585} INFO - Sync 1 DAGs
[2023-01-16T02:00:07.788+0000] {logging_mixin.py:120} INFO - [2023-01-16T02:00:07.788+0000] {dag.py:3340} INFO - Setting next_dagrun for example_nested_branch_dag to 2023-01-15T00:00:00+00:00, run_after=2023-01-16T00:00:00+00:00
[2023-01-16T02:00:07.809+0000] {processor.py:176} INFO - Processing /home/airflow/.local/lib/python3.7/site-packages/airflow/example_dags/example_nested_branch_dag.py took 0.103 seconds
[2023-01-16T02:00:38.520+0000] {processor.py:154} INFO - Started process (PID=22643) to work on /home/airflow/.local/lib/python3.7/site-packages/airflow/example_dags/example_nested_branch_dag.py
[2023-01-16T02:00:38.521+0000] {processor.py:756} INFO - Processing file /home/airflow/.local/lib/python3.7/site-packages/airflow/example_dags/example_nested_branch_dag.py for tasks to queue
[2023-01-16T02:00:38.522+0000] {logging_mixin.py:120} INFO - [2023-01-16T02:00:38.521+0000] {dagbag.py:537} INFO - Filling up the DagBag from /home/airflow/.local/lib/python3.7/site-packages/airflow/example_dags/example_nested_branch_dag.py
[2023-01-16T02:00:38.546+0000] {processor.py:766} INFO - DAG(s) dict_keys(['example_nested_branch_dag']) retrieved from /home/airflow/.local/lib/python3.7/site-packages/airflow/example_dags/example_nested_branch_dag.py
[2023-01-16T02:00:38.591+0000] {logging_mixin.py:120} INFO - [2023-01-16T02:00:38.590+0000] {dag.py:2585} INFO - Sync 1 DAGs
[2023-01-16T02:00:38.637+0000] {logging_mixin.py:120} INFO - [2023-01-16T02:00:38.636+0000] {dag.py:3340} INFO - Setting next_dagrun for example_nested_branch_dag to 2023-01-15T00:00:00+00:00, run_after=2023-01-16T00:00:00+00:00
[2023-01-16T02:00:38.675+0000] {processor.py:176} INFO - Processing /home/airflow/.local/lib/python3.7/site-packages/airflow/example_dags/example_nested_branch_dag.py took 0.162 seconds
[2023-01-16T02:01:09.053+0000] {processor.py:154} INFO - Started process (PID=22703) to work on /home/airflow/.local/lib/python3.7/site-packages/airflow/example_dags/example_nested_branch_dag.py
[2023-01-16T02:01:09.054+0000] {processor.py:756} INFO - Processing file /home/airflow/.local/lib/python3.7/site-packages/airflow/example_dags/example_nested_branch_dag.py for tasks to queue
[2023-01-16T02:01:09.057+0000] {logging_mixin.py:120} INFO - [2023-01-16T02:01:09.056+0000] {dagbag.py:537} INFO - Filling up the DagBag from /home/airflow/.local/lib/python3.7/site-packages/airflow/example_dags/example_nested_branch_dag.py
[2023-01-16T02:01:09.093+0000] {processor.py:766} INFO - DAG(s) dict_keys(['example_nested_branch_dag']) retrieved from /home/airflow/.local/lib/python3.7/site-packages/airflow/example_dags/example_nested_branch_dag.py
[2023-01-16T02:01:09.135+0000] {logging_mixin.py:120} INFO - [2023-01-16T02:01:09.135+0000] {dag.py:2585} INFO - Sync 1 DAGs
[2023-01-16T02:01:09.183+0000] {logging_mixin.py:120} INFO - [2023-01-16T02:01:09.183+0000] {dag.py:3340} INFO - Setting next_dagrun for example_nested_branch_dag to 2023-01-15T00:00:00+00:00, run_after=2023-01-16T00:00:00+00:00
[2023-01-16T02:01:09.208+0000] {processor.py:176} INFO - Processing /home/airflow/.local/lib/python3.7/site-packages/airflow/example_dags/example_nested_branch_dag.py took 0.159 seconds
[2023-01-16T02:01:39.362+0000] {processor.py:154} INFO - Started process (PID=22772) to work on /home/airflow/.local/lib/python3.7/site-packages/airflow/example_dags/example_nested_branch_dag.py
[2023-01-16T02:01:39.363+0000] {processor.py:756} INFO - Processing file /home/airflow/.local/lib/python3.7/site-packages/airflow/example_dags/example_nested_branch_dag.py for tasks to queue
[2023-01-16T02:01:39.365+0000] {logging_mixin.py:120} INFO - [2023-01-16T02:01:39.364+0000] {dagbag.py:537} INFO - Filling up the DagBag from /home/airflow/.local/lib/python3.7/site-packages/airflow/example_dags/example_nested_branch_dag.py
[2023-01-16T02:01:39.384+0000] {processor.py:766} INFO - DAG(s) dict_keys(['example_nested_branch_dag']) retrieved from /home/airflow/.local/lib/python3.7/site-packages/airflow/example_dags/example_nested_branch_dag.py
[2023-01-16T02:01:39.415+0000] {logging_mixin.py:120} INFO - [2023-01-16T02:01:39.415+0000] {dag.py:2585} INFO - Sync 1 DAGs
[2023-01-16T02:01:39.446+0000] {logging_mixin.py:120} INFO - [2023-01-16T02:01:39.446+0000] {dag.py:3340} INFO - Setting next_dagrun for example_nested_branch_dag to 2023-01-15T00:00:00+00:00, run_after=2023-01-16T00:00:00+00:00
[2023-01-16T02:01:39.476+0000] {processor.py:176} INFO - Processing /home/airflow/.local/lib/python3.7/site-packages/airflow/example_dags/example_nested_branch_dag.py took 0.117 seconds
