[2023-01-16T01:56:06.182+0000] {processor.py:154} INFO - Started process (PID=22100) to work on /home/airflow/.local/lib/python3.7/site-packages/airflow/example_dags/example_trigger_target_dag.py
[2023-01-16T01:56:06.188+0000] {processor.py:756} INFO - Processing file /home/airflow/.local/lib/python3.7/site-packages/airflow/example_dags/example_trigger_target_dag.py for tasks to queue
[2023-01-16T01:56:06.193+0000] {logging_mixin.py:120} INFO - [2023-01-16T01:56:06.192+0000] {dagbag.py:537} INFO - Filling up the DagBag from /home/airflow/.local/lib/python3.7/site-packages/airflow/example_dags/example_trigger_target_dag.py
[2023-01-16T01:56:06.291+0000] {processor.py:766} INFO - DAG(s) dict_keys(['example_trigger_target_dag']) retrieved from /home/airflow/.local/lib/python3.7/site-packages/airflow/example_dags/example_trigger_target_dag.py
[2023-01-16T01:56:06.418+0000] {logging_mixin.py:120} INFO - [2023-01-16T01:56:06.417+0000] {dag.py:2585} INFO - Sync 1 DAGs
[2023-01-16T01:56:06.580+0000] {logging_mixin.py:120} INFO - [2023-01-16T01:56:06.580+0000] {dag.py:3340} INFO - Setting next_dagrun for example_trigger_target_dag to None, run_after=None
[2023-01-16T01:56:06.691+0000] {processor.py:176} INFO - Processing /home/airflow/.local/lib/python3.7/site-packages/airflow/example_dags/example_trigger_target_dag.py took 0.528 seconds
[2023-01-16T01:56:36.849+0000] {processor.py:154} INFO - Started process (PID=22157) to work on /home/airflow/.local/lib/python3.7/site-packages/airflow/example_dags/example_trigger_target_dag.py
[2023-01-16T01:56:36.853+0000] {processor.py:756} INFO - Processing file /home/airflow/.local/lib/python3.7/site-packages/airflow/example_dags/example_trigger_target_dag.py for tasks to queue
[2023-01-16T01:56:36.855+0000] {logging_mixin.py:120} INFO - [2023-01-16T01:56:36.855+0000] {dagbag.py:537} INFO - Filling up the DagBag from /home/airflow/.local/lib/python3.7/site-packages/airflow/example_dags/example_trigger_target_dag.py
[2023-01-16T01:56:36.902+0000] {processor.py:766} INFO - DAG(s) dict_keys(['example_trigger_target_dag']) retrieved from /home/airflow/.local/lib/python3.7/site-packages/airflow/example_dags/example_trigger_target_dag.py
[2023-01-16T01:56:36.974+0000] {logging_mixin.py:120} INFO - [2023-01-16T01:56:36.974+0000] {dag.py:2585} INFO - Sync 1 DAGs
[2023-01-16T01:56:37.046+0000] {logging_mixin.py:120} INFO - [2023-01-16T01:56:37.046+0000] {dag.py:3340} INFO - Setting next_dagrun for example_trigger_target_dag to None, run_after=None
[2023-01-16T01:56:37.104+0000] {processor.py:176} INFO - Processing /home/airflow/.local/lib/python3.7/site-packages/airflow/example_dags/example_trigger_target_dag.py took 0.263 seconds
[2023-01-16T01:57:07.588+0000] {processor.py:154} INFO - Started process (PID=22214) to work on /home/airflow/.local/lib/python3.7/site-packages/airflow/example_dags/example_trigger_target_dag.py
[2023-01-16T01:57:07.592+0000] {processor.py:756} INFO - Processing file /home/airflow/.local/lib/python3.7/site-packages/airflow/example_dags/example_trigger_target_dag.py for tasks to queue
[2023-01-16T01:57:07.596+0000] {logging_mixin.py:120} INFO - [2023-01-16T01:57:07.595+0000] {dagbag.py:537} INFO - Filling up the DagBag from /home/airflow/.local/lib/python3.7/site-packages/airflow/example_dags/example_trigger_target_dag.py
[2023-01-16T01:57:07.664+0000] {processor.py:766} INFO - DAG(s) dict_keys(['example_trigger_target_dag']) retrieved from /home/airflow/.local/lib/python3.7/site-packages/airflow/example_dags/example_trigger_target_dag.py
[2023-01-16T01:57:07.723+0000] {logging_mixin.py:120} INFO - [2023-01-16T01:57:07.722+0000] {dag.py:2585} INFO - Sync 1 DAGs
[2023-01-16T01:57:07.790+0000] {logging_mixin.py:120} INFO - [2023-01-16T01:57:07.790+0000] {dag.py:3340} INFO - Setting next_dagrun for example_trigger_target_dag to None, run_after=None
[2023-01-16T01:57:07.847+0000] {processor.py:176} INFO - Processing /home/airflow/.local/lib/python3.7/site-packages/airflow/example_dags/example_trigger_target_dag.py took 0.270 seconds
[2023-01-16T01:57:38.180+0000] {processor.py:154} INFO - Started process (PID=22282) to work on /home/airflow/.local/lib/python3.7/site-packages/airflow/example_dags/example_trigger_target_dag.py
[2023-01-16T01:57:38.183+0000] {processor.py:756} INFO - Processing file /home/airflow/.local/lib/python3.7/site-packages/airflow/example_dags/example_trigger_target_dag.py for tasks to queue
[2023-01-16T01:57:38.187+0000] {logging_mixin.py:120} INFO - [2023-01-16T01:57:38.186+0000] {dagbag.py:537} INFO - Filling up the DagBag from /home/airflow/.local/lib/python3.7/site-packages/airflow/example_dags/example_trigger_target_dag.py
[2023-01-16T01:57:38.252+0000] {processor.py:766} INFO - DAG(s) dict_keys(['example_trigger_target_dag']) retrieved from /home/airflow/.local/lib/python3.7/site-packages/airflow/example_dags/example_trigger_target_dag.py
[2023-01-16T01:57:38.335+0000] {logging_mixin.py:120} INFO - [2023-01-16T01:57:38.334+0000] {dag.py:2585} INFO - Sync 1 DAGs
[2023-01-16T01:57:38.393+0000] {logging_mixin.py:120} INFO - [2023-01-16T01:57:38.393+0000] {dag.py:3340} INFO - Setting next_dagrun for example_trigger_target_dag to None, run_after=None
[2023-01-16T01:57:38.467+0000] {processor.py:176} INFO - Processing /home/airflow/.local/lib/python3.7/site-packages/airflow/example_dags/example_trigger_target_dag.py took 0.305 seconds
[2023-01-16T01:58:09.033+0000] {processor.py:154} INFO - Started process (PID=22339) to work on /home/airflow/.local/lib/python3.7/site-packages/airflow/example_dags/example_trigger_target_dag.py
[2023-01-16T01:58:09.035+0000] {processor.py:756} INFO - Processing file /home/airflow/.local/lib/python3.7/site-packages/airflow/example_dags/example_trigger_target_dag.py for tasks to queue
[2023-01-16T01:58:09.037+0000] {logging_mixin.py:120} INFO - [2023-01-16T01:58:09.036+0000] {dagbag.py:537} INFO - Filling up the DagBag from /home/airflow/.local/lib/python3.7/site-packages/airflow/example_dags/example_trigger_target_dag.py
[2023-01-16T01:58:09.066+0000] {processor.py:766} INFO - DAG(s) dict_keys(['example_trigger_target_dag']) retrieved from /home/airflow/.local/lib/python3.7/site-packages/airflow/example_dags/example_trigger_target_dag.py
[2023-01-16T01:58:09.113+0000] {logging_mixin.py:120} INFO - [2023-01-16T01:58:09.113+0000] {dag.py:2585} INFO - Sync 1 DAGs
[2023-01-16T01:58:09.159+0000] {logging_mixin.py:120} INFO - [2023-01-16T01:58:09.159+0000] {dag.py:3340} INFO - Setting next_dagrun for example_trigger_target_dag to None, run_after=None
[2023-01-16T01:58:09.202+0000] {processor.py:176} INFO - Processing /home/airflow/.local/lib/python3.7/site-packages/airflow/example_dags/example_trigger_target_dag.py took 0.174 seconds
[2023-01-16T01:58:39.349+0000] {processor.py:154} INFO - Started process (PID=22405) to work on /home/airflow/.local/lib/python3.7/site-packages/airflow/example_dags/example_trigger_target_dag.py
[2023-01-16T01:58:39.351+0000] {processor.py:756} INFO - Processing file /home/airflow/.local/lib/python3.7/site-packages/airflow/example_dags/example_trigger_target_dag.py for tasks to queue
[2023-01-16T01:58:39.353+0000] {logging_mixin.py:120} INFO - [2023-01-16T01:58:39.353+0000] {dagbag.py:537} INFO - Filling up the DagBag from /home/airflow/.local/lib/python3.7/site-packages/airflow/example_dags/example_trigger_target_dag.py
[2023-01-16T01:58:39.402+0000] {processor.py:766} INFO - DAG(s) dict_keys(['example_trigger_target_dag']) retrieved from /home/airflow/.local/lib/python3.7/site-packages/airflow/example_dags/example_trigger_target_dag.py
[2023-01-16T01:58:39.443+0000] {logging_mixin.py:120} INFO - [2023-01-16T01:58:39.443+0000] {dag.py:2585} INFO - Sync 1 DAGs
[2023-01-16T01:58:39.472+0000] {logging_mixin.py:120} INFO - [2023-01-16T01:58:39.472+0000] {dag.py:3340} INFO - Setting next_dagrun for example_trigger_target_dag to None, run_after=None
[2023-01-16T01:58:39.502+0000] {processor.py:176} INFO - Processing /home/airflow/.local/lib/python3.7/site-packages/airflow/example_dags/example_trigger_target_dag.py took 0.162 seconds
[2023-01-16T01:59:10.266+0000] {processor.py:154} INFO - Started process (PID=22462) to work on /home/airflow/.local/lib/python3.7/site-packages/airflow/example_dags/example_trigger_target_dag.py
[2023-01-16T01:59:10.268+0000] {processor.py:756} INFO - Processing file /home/airflow/.local/lib/python3.7/site-packages/airflow/example_dags/example_trigger_target_dag.py for tasks to queue
[2023-01-16T01:59:10.269+0000] {logging_mixin.py:120} INFO - [2023-01-16T01:59:10.269+0000] {dagbag.py:537} INFO - Filling up the DagBag from /home/airflow/.local/lib/python3.7/site-packages/airflow/example_dags/example_trigger_target_dag.py
[2023-01-16T01:59:10.288+0000] {processor.py:766} INFO - DAG(s) dict_keys(['example_trigger_target_dag']) retrieved from /home/airflow/.local/lib/python3.7/site-packages/airflow/example_dags/example_trigger_target_dag.py
[2023-01-16T01:59:10.316+0000] {logging_mixin.py:120} INFO - [2023-01-16T01:59:10.316+0000] {dag.py:2585} INFO - Sync 1 DAGs
[2023-01-16T01:59:10.343+0000] {logging_mixin.py:120} INFO - [2023-01-16T01:59:10.343+0000] {dag.py:3340} INFO - Setting next_dagrun for example_trigger_target_dag to None, run_after=None
[2023-01-16T01:59:10.368+0000] {processor.py:176} INFO - Processing /home/airflow/.local/lib/python3.7/site-packages/airflow/example_dags/example_trigger_target_dag.py took 0.106 seconds
[2023-01-16T01:59:40.958+0000] {processor.py:154} INFO - Started process (PID=22529) to work on /home/airflow/.local/lib/python3.7/site-packages/airflow/example_dags/example_trigger_target_dag.py
[2023-01-16T01:59:40.960+0000] {processor.py:756} INFO - Processing file /home/airflow/.local/lib/python3.7/site-packages/airflow/example_dags/example_trigger_target_dag.py for tasks to queue
[2023-01-16T01:59:40.962+0000] {logging_mixin.py:120} INFO - [2023-01-16T01:59:40.961+0000] {dagbag.py:537} INFO - Filling up the DagBag from /home/airflow/.local/lib/python3.7/site-packages/airflow/example_dags/example_trigger_target_dag.py
[2023-01-16T01:59:40.998+0000] {processor.py:766} INFO - DAG(s) dict_keys(['example_trigger_target_dag']) retrieved from /home/airflow/.local/lib/python3.7/site-packages/airflow/example_dags/example_trigger_target_dag.py
[2023-01-16T01:59:41.032+0000] {logging_mixin.py:120} INFO - [2023-01-16T01:59:41.031+0000] {dag.py:2585} INFO - Sync 1 DAGs
[2023-01-16T01:59:41.060+0000] {logging_mixin.py:120} INFO - [2023-01-16T01:59:41.060+0000] {dag.py:3340} INFO - Setting next_dagrun for example_trigger_target_dag to None, run_after=None
[2023-01-16T01:59:41.086+0000] {processor.py:176} INFO - Processing /home/airflow/.local/lib/python3.7/site-packages/airflow/example_dags/example_trigger_target_dag.py took 0.139 seconds
[2023-01-16T02:00:11.372+0000] {processor.py:154} INFO - Started process (PID=22586) to work on /home/airflow/.local/lib/python3.7/site-packages/airflow/example_dags/example_trigger_target_dag.py
[2023-01-16T02:00:11.375+0000] {processor.py:756} INFO - Processing file /home/airflow/.local/lib/python3.7/site-packages/airflow/example_dags/example_trigger_target_dag.py for tasks to queue
[2023-01-16T02:00:11.377+0000] {logging_mixin.py:120} INFO - [2023-01-16T02:00:11.377+0000] {dagbag.py:537} INFO - Filling up the DagBag from /home/airflow/.local/lib/python3.7/site-packages/airflow/example_dags/example_trigger_target_dag.py
[2023-01-16T02:00:11.436+0000] {processor.py:766} INFO - DAG(s) dict_keys(['example_trigger_target_dag']) retrieved from /home/airflow/.local/lib/python3.7/site-packages/airflow/example_dags/example_trigger_target_dag.py
[2023-01-16T02:00:11.478+0000] {logging_mixin.py:120} INFO - [2023-01-16T02:00:11.478+0000] {dag.py:2585} INFO - Sync 1 DAGs
[2023-01-16T02:00:11.505+0000] {logging_mixin.py:120} INFO - [2023-01-16T02:00:11.504+0000] {dag.py:3340} INFO - Setting next_dagrun for example_trigger_target_dag to None, run_after=None
[2023-01-16T02:00:11.529+0000] {processor.py:176} INFO - Processing /home/airflow/.local/lib/python3.7/site-packages/airflow/example_dags/example_trigger_target_dag.py took 0.166 seconds
[2023-01-16T02:00:43.192+0000] {processor.py:154} INFO - Started process (PID=22655) to work on /home/airflow/.local/lib/python3.7/site-packages/airflow/example_dags/example_trigger_target_dag.py
[2023-01-16T02:00:43.195+0000] {processor.py:756} INFO - Processing file /home/airflow/.local/lib/python3.7/site-packages/airflow/example_dags/example_trigger_target_dag.py for tasks to queue
[2023-01-16T02:00:43.197+0000] {logging_mixin.py:120} INFO - [2023-01-16T02:00:43.196+0000] {dagbag.py:537} INFO - Filling up the DagBag from /home/airflow/.local/lib/python3.7/site-packages/airflow/example_dags/example_trigger_target_dag.py
[2023-01-16T02:00:43.228+0000] {processor.py:766} INFO - DAG(s) dict_keys(['example_trigger_target_dag']) retrieved from /home/airflow/.local/lib/python3.7/site-packages/airflow/example_dags/example_trigger_target_dag.py
[2023-01-16T02:00:43.272+0000] {logging_mixin.py:120} INFO - [2023-01-16T02:00:43.272+0000] {dag.py:2585} INFO - Sync 1 DAGs
[2023-01-16T02:00:43.310+0000] {logging_mixin.py:120} INFO - [2023-01-16T02:00:43.310+0000] {dag.py:3340} INFO - Setting next_dagrun for example_trigger_target_dag to None, run_after=None
[2023-01-16T02:00:43.351+0000] {processor.py:176} INFO - Processing /home/airflow/.local/lib/python3.7/site-packages/airflow/example_dags/example_trigger_target_dag.py took 0.164 seconds
[2023-01-16T02:01:14.352+0000] {processor.py:154} INFO - Started process (PID=22724) to work on /home/airflow/.local/lib/python3.7/site-packages/airflow/example_dags/example_trigger_target_dag.py
[2023-01-16T02:01:14.353+0000] {processor.py:756} INFO - Processing file /home/airflow/.local/lib/python3.7/site-packages/airflow/example_dags/example_trigger_target_dag.py for tasks to queue
[2023-01-16T02:01:14.354+0000] {logging_mixin.py:120} INFO - [2023-01-16T02:01:14.354+0000] {dagbag.py:537} INFO - Filling up the DagBag from /home/airflow/.local/lib/python3.7/site-packages/airflow/example_dags/example_trigger_target_dag.py
[2023-01-16T02:01:14.372+0000] {processor.py:766} INFO - DAG(s) dict_keys(['example_trigger_target_dag']) retrieved from /home/airflow/.local/lib/python3.7/site-packages/airflow/example_dags/example_trigger_target_dag.py
[2023-01-16T02:01:14.401+0000] {logging_mixin.py:120} INFO - [2023-01-16T02:01:14.400+0000] {dag.py:2585} INFO - Sync 1 DAGs
[2023-01-16T02:01:14.433+0000] {logging_mixin.py:120} INFO - [2023-01-16T02:01:14.432+0000] {dag.py:3340} INFO - Setting next_dagrun for example_trigger_target_dag to None, run_after=None
[2023-01-16T02:01:14.469+0000] {processor.py:176} INFO - Processing /home/airflow/.local/lib/python3.7/site-packages/airflow/example_dags/example_trigger_target_dag.py took 0.121 seconds
[2023-01-16T02:01:45.029+0000] {processor.py:154} INFO - Started process (PID=22791) to work on /home/airflow/.local/lib/python3.7/site-packages/airflow/example_dags/example_trigger_target_dag.py
[2023-01-16T02:01:45.030+0000] {processor.py:756} INFO - Processing file /home/airflow/.local/lib/python3.7/site-packages/airflow/example_dags/example_trigger_target_dag.py for tasks to queue
[2023-01-16T02:01:45.031+0000] {logging_mixin.py:120} INFO - [2023-01-16T02:01:45.031+0000] {dagbag.py:537} INFO - Filling up the DagBag from /home/airflow/.local/lib/python3.7/site-packages/airflow/example_dags/example_trigger_target_dag.py
[2023-01-16T02:01:45.048+0000] {processor.py:766} INFO - DAG(s) dict_keys(['example_trigger_target_dag']) retrieved from /home/airflow/.local/lib/python3.7/site-packages/airflow/example_dags/example_trigger_target_dag.py
[2023-01-16T02:01:45.075+0000] {logging_mixin.py:120} INFO - [2023-01-16T02:01:45.075+0000] {dag.py:2585} INFO - Sync 1 DAGs
[2023-01-16T02:01:45.111+0000] {logging_mixin.py:120} INFO - [2023-01-16T02:01:45.110+0000] {dag.py:3340} INFO - Setting next_dagrun for example_trigger_target_dag to None, run_after=None
[2023-01-16T02:01:45.142+0000] {processor.py:176} INFO - Processing /home/airflow/.local/lib/python3.7/site-packages/airflow/example_dags/example_trigger_target_dag.py took 0.117 seconds
