[2023-01-16T01:56:02.238+0000] {processor.py:154} INFO - Started process (PID=22090) to work on /home/airflow/.local/lib/python3.7/site-packages/airflow/example_dags/example_branch_operator.py
[2023-01-16T01:56:02.245+0000] {processor.py:756} INFO - Processing file /home/airflow/.local/lib/python3.7/site-packages/airflow/example_dags/example_branch_operator.py for tasks to queue
[2023-01-16T01:56:02.257+0000] {logging_mixin.py:120} INFO - [2023-01-16T01:56:02.256+0000] {dagbag.py:537} INFO - Filling up the DagBag from /home/airflow/.local/lib/python3.7/site-packages/airflow/example_dags/example_branch_operator.py
[2023-01-16T01:56:02.339+0000] {processor.py:766} INFO - DAG(s) dict_keys(['example_branch_operator']) retrieved from /home/airflow/.local/lib/python3.7/site-packages/airflow/example_dags/example_branch_operator.py
[2023-01-16T01:56:02.518+0000] {logging_mixin.py:120} INFO - [2023-01-16T01:56:02.518+0000] {dag.py:2585} INFO - Sync 1 DAGs
[2023-01-16T01:56:02.764+0000] {logging_mixin.py:120} INFO - [2023-01-16T01:56:02.758+0000] {dag.py:3340} INFO - Setting next_dagrun for example_branch_operator to 2023-01-15T00:00:00+00:00, run_after=2023-01-16T00:00:00+00:00
[2023-01-16T01:56:03.018+0000] {processor.py:176} INFO - Processing /home/airflow/.local/lib/python3.7/site-packages/airflow/example_dags/example_branch_operator.py took 0.799 seconds
[2023-01-16T01:56:33.766+0000] {processor.py:154} INFO - Started process (PID=22147) to work on /home/airflow/.local/lib/python3.7/site-packages/airflow/example_dags/example_branch_operator.py
[2023-01-16T01:56:33.769+0000] {processor.py:756} INFO - Processing file /home/airflow/.local/lib/python3.7/site-packages/airflow/example_dags/example_branch_operator.py for tasks to queue
[2023-01-16T01:56:33.771+0000] {logging_mixin.py:120} INFO - [2023-01-16T01:56:33.770+0000] {dagbag.py:537} INFO - Filling up the DagBag from /home/airflow/.local/lib/python3.7/site-packages/airflow/example_dags/example_branch_operator.py
[2023-01-16T01:56:33.807+0000] {processor.py:766} INFO - DAG(s) dict_keys(['example_branch_operator']) retrieved from /home/airflow/.local/lib/python3.7/site-packages/airflow/example_dags/example_branch_operator.py
[2023-01-16T01:56:33.878+0000] {logging_mixin.py:120} INFO - [2023-01-16T01:56:33.878+0000] {dag.py:2585} INFO - Sync 1 DAGs
[2023-01-16T01:56:33.946+0000] {logging_mixin.py:120} INFO - [2023-01-16T01:56:33.945+0000] {dag.py:3340} INFO - Setting next_dagrun for example_branch_operator to 2023-01-15T00:00:00+00:00, run_after=2023-01-16T00:00:00+00:00
[2023-01-16T01:56:33.995+0000] {processor.py:176} INFO - Processing /home/airflow/.local/lib/python3.7/site-packages/airflow/example_dags/example_branch_operator.py took 0.248 seconds
[2023-01-16T01:57:04.409+0000] {processor.py:154} INFO - Started process (PID=22204) to work on /home/airflow/.local/lib/python3.7/site-packages/airflow/example_dags/example_branch_operator.py
[2023-01-16T01:57:04.413+0000] {processor.py:756} INFO - Processing file /home/airflow/.local/lib/python3.7/site-packages/airflow/example_dags/example_branch_operator.py for tasks to queue
[2023-01-16T01:57:04.416+0000] {logging_mixin.py:120} INFO - [2023-01-16T01:57:04.415+0000] {dagbag.py:537} INFO - Filling up the DagBag from /home/airflow/.local/lib/python3.7/site-packages/airflow/example_dags/example_branch_operator.py
[2023-01-16T01:57:04.454+0000] {processor.py:766} INFO - DAG(s) dict_keys(['example_branch_operator']) retrieved from /home/airflow/.local/lib/python3.7/site-packages/airflow/example_dags/example_branch_operator.py
[2023-01-16T01:57:04.535+0000] {logging_mixin.py:120} INFO - [2023-01-16T01:57:04.534+0000] {dag.py:2585} INFO - Sync 1 DAGs
[2023-01-16T01:57:04.606+0000] {logging_mixin.py:120} INFO - [2023-01-16T01:57:04.606+0000] {dag.py:3340} INFO - Setting next_dagrun for example_branch_operator to 2023-01-15T00:00:00+00:00, run_after=2023-01-16T00:00:00+00:00
[2023-01-16T01:57:04.658+0000] {processor.py:176} INFO - Processing /home/airflow/.local/lib/python3.7/site-packages/airflow/example_dags/example_branch_operator.py took 0.259 seconds
[2023-01-16T01:57:34.830+0000] {processor.py:154} INFO - Started process (PID=22262) to work on /home/airflow/.local/lib/python3.7/site-packages/airflow/example_dags/example_branch_operator.py
[2023-01-16T01:57:34.831+0000] {processor.py:756} INFO - Processing file /home/airflow/.local/lib/python3.7/site-packages/airflow/example_dags/example_branch_operator.py for tasks to queue
[2023-01-16T01:57:34.832+0000] {logging_mixin.py:120} INFO - [2023-01-16T01:57:34.832+0000] {dagbag.py:537} INFO - Filling up the DagBag from /home/airflow/.local/lib/python3.7/site-packages/airflow/example_dags/example_branch_operator.py
[2023-01-16T01:57:34.849+0000] {processor.py:766} INFO - DAG(s) dict_keys(['example_branch_operator']) retrieved from /home/airflow/.local/lib/python3.7/site-packages/airflow/example_dags/example_branch_operator.py
[2023-01-16T01:57:34.890+0000] {logging_mixin.py:120} INFO - [2023-01-16T01:57:34.890+0000] {dag.py:2585} INFO - Sync 1 DAGs
[2023-01-16T01:57:34.935+0000] {logging_mixin.py:120} INFO - [2023-01-16T01:57:34.935+0000] {dag.py:3340} INFO - Setting next_dagrun for example_branch_operator to 2023-01-15T00:00:00+00:00, run_after=2023-01-16T00:00:00+00:00
[2023-01-16T01:57:34.974+0000] {processor.py:176} INFO - Processing /home/airflow/.local/lib/python3.7/site-packages/airflow/example_dags/example_branch_operator.py took 0.150 seconds
[2023-01-16T01:58:05.192+0000] {processor.py:154} INFO - Started process (PID=22329) to work on /home/airflow/.local/lib/python3.7/site-packages/airflow/example_dags/example_branch_operator.py
[2023-01-16T01:58:05.194+0000] {processor.py:756} INFO - Processing file /home/airflow/.local/lib/python3.7/site-packages/airflow/example_dags/example_branch_operator.py for tasks to queue
[2023-01-16T01:58:05.195+0000] {logging_mixin.py:120} INFO - [2023-01-16T01:58:05.195+0000] {dagbag.py:537} INFO - Filling up the DagBag from /home/airflow/.local/lib/python3.7/site-packages/airflow/example_dags/example_branch_operator.py
[2023-01-16T01:58:05.217+0000] {processor.py:766} INFO - DAG(s) dict_keys(['example_branch_operator']) retrieved from /home/airflow/.local/lib/python3.7/site-packages/airflow/example_dags/example_branch_operator.py
[2023-01-16T01:58:05.253+0000] {logging_mixin.py:120} INFO - [2023-01-16T01:58:05.253+0000] {dag.py:2585} INFO - Sync 1 DAGs
[2023-01-16T01:58:05.309+0000] {logging_mixin.py:120} INFO - [2023-01-16T01:58:05.309+0000] {dag.py:3340} INFO - Setting next_dagrun for example_branch_operator to 2023-01-15T00:00:00+00:00, run_after=2023-01-16T00:00:00+00:00
[2023-01-16T01:58:05.347+0000] {processor.py:176} INFO - Processing /home/airflow/.local/lib/python3.7/site-packages/airflow/example_dags/example_branch_operator.py took 0.164 seconds
[2023-01-16T01:58:35.772+0000] {processor.py:154} INFO - Started process (PID=22386) to work on /home/airflow/.local/lib/python3.7/site-packages/airflow/example_dags/example_branch_operator.py
[2023-01-16T01:58:35.773+0000] {processor.py:756} INFO - Processing file /home/airflow/.local/lib/python3.7/site-packages/airflow/example_dags/example_branch_operator.py for tasks to queue
[2023-01-16T01:58:35.775+0000] {logging_mixin.py:120} INFO - [2023-01-16T01:58:35.774+0000] {dagbag.py:537} INFO - Filling up the DagBag from /home/airflow/.local/lib/python3.7/site-packages/airflow/example_dags/example_branch_operator.py
[2023-01-16T01:58:35.787+0000] {processor.py:766} INFO - DAG(s) dict_keys(['example_branch_operator']) retrieved from /home/airflow/.local/lib/python3.7/site-packages/airflow/example_dags/example_branch_operator.py
[2023-01-16T01:58:35.814+0000] {logging_mixin.py:120} INFO - [2023-01-16T01:58:35.814+0000] {dag.py:2585} INFO - Sync 1 DAGs
[2023-01-16T01:58:35.838+0000] {logging_mixin.py:120} INFO - [2023-01-16T01:58:35.838+0000] {dag.py:3340} INFO - Setting next_dagrun for example_branch_operator to 2023-01-15T00:00:00+00:00, run_after=2023-01-16T00:00:00+00:00
[2023-01-16T01:58:35.857+0000] {processor.py:176} INFO - Processing /home/airflow/.local/lib/python3.7/site-packages/airflow/example_dags/example_branch_operator.py took 0.091 seconds
[2023-01-16T01:59:06.120+0000] {processor.py:154} INFO - Started process (PID=22452) to work on /home/airflow/.local/lib/python3.7/site-packages/airflow/example_dags/example_branch_operator.py
[2023-01-16T01:59:06.123+0000] {processor.py:756} INFO - Processing file /home/airflow/.local/lib/python3.7/site-packages/airflow/example_dags/example_branch_operator.py for tasks to queue
[2023-01-16T01:59:06.126+0000] {logging_mixin.py:120} INFO - [2023-01-16T01:59:06.126+0000] {dagbag.py:537} INFO - Filling up the DagBag from /home/airflow/.local/lib/python3.7/site-packages/airflow/example_dags/example_branch_operator.py
[2023-01-16T01:59:06.166+0000] {processor.py:766} INFO - DAG(s) dict_keys(['example_branch_operator']) retrieved from /home/airflow/.local/lib/python3.7/site-packages/airflow/example_dags/example_branch_operator.py
[2023-01-16T01:59:06.220+0000] {logging_mixin.py:120} INFO - [2023-01-16T01:59:06.219+0000] {dag.py:2585} INFO - Sync 1 DAGs
[2023-01-16T01:59:06.265+0000] {logging_mixin.py:120} INFO - [2023-01-16T01:59:06.265+0000] {dag.py:3340} INFO - Setting next_dagrun for example_branch_operator to 2023-01-15T00:00:00+00:00, run_after=2023-01-16T00:00:00+00:00
[2023-01-16T01:59:06.307+0000] {processor.py:176} INFO - Processing /home/airflow/.local/lib/python3.7/site-packages/airflow/example_dags/example_branch_operator.py took 0.199 seconds
[2023-01-16T01:59:36.787+0000] {processor.py:154} INFO - Started process (PID=22519) to work on /home/airflow/.local/lib/python3.7/site-packages/airflow/example_dags/example_branch_operator.py
[2023-01-16T01:59:36.789+0000] {processor.py:756} INFO - Processing file /home/airflow/.local/lib/python3.7/site-packages/airflow/example_dags/example_branch_operator.py for tasks to queue
[2023-01-16T01:59:36.791+0000] {logging_mixin.py:120} INFO - [2023-01-16T01:59:36.791+0000] {dagbag.py:537} INFO - Filling up the DagBag from /home/airflow/.local/lib/python3.7/site-packages/airflow/example_dags/example_branch_operator.py
[2023-01-16T01:59:36.828+0000] {processor.py:766} INFO - DAG(s) dict_keys(['example_branch_operator']) retrieved from /home/airflow/.local/lib/python3.7/site-packages/airflow/example_dags/example_branch_operator.py
[2023-01-16T01:59:36.909+0000] {logging_mixin.py:120} INFO - [2023-01-16T01:59:36.909+0000] {dag.py:2585} INFO - Sync 1 DAGs
[2023-01-16T01:59:36.966+0000] {logging_mixin.py:120} INFO - [2023-01-16T01:59:36.966+0000] {dag.py:3340} INFO - Setting next_dagrun for example_branch_operator to 2023-01-15T00:00:00+00:00, run_after=2023-01-16T00:00:00+00:00
[2023-01-16T01:59:37.009+0000] {processor.py:176} INFO - Processing /home/airflow/.local/lib/python3.7/site-packages/airflow/example_dags/example_branch_operator.py took 0.229 seconds
[2023-01-16T02:00:07.711+0000] {processor.py:154} INFO - Started process (PID=22576) to work on /home/airflow/.local/lib/python3.7/site-packages/airflow/example_dags/example_branch_operator.py
[2023-01-16T02:00:07.712+0000] {processor.py:756} INFO - Processing file /home/airflow/.local/lib/python3.7/site-packages/airflow/example_dags/example_branch_operator.py for tasks to queue
[2023-01-16T02:00:07.714+0000] {logging_mixin.py:120} INFO - [2023-01-16T02:00:07.713+0000] {dagbag.py:537} INFO - Filling up the DagBag from /home/airflow/.local/lib/python3.7/site-packages/airflow/example_dags/example_branch_operator.py
[2023-01-16T02:00:07.731+0000] {processor.py:766} INFO - DAG(s) dict_keys(['example_branch_operator']) retrieved from /home/airflow/.local/lib/python3.7/site-packages/airflow/example_dags/example_branch_operator.py
[2023-01-16T02:00:07.756+0000] {logging_mixin.py:120} INFO - [2023-01-16T02:00:07.756+0000] {dag.py:2585} INFO - Sync 1 DAGs
[2023-01-16T02:00:07.780+0000] {logging_mixin.py:120} INFO - [2023-01-16T02:00:07.780+0000] {dag.py:3340} INFO - Setting next_dagrun for example_branch_operator to 2023-01-15T00:00:00+00:00, run_after=2023-01-16T00:00:00+00:00
[2023-01-16T02:00:07.801+0000] {processor.py:176} INFO - Processing /home/airflow/.local/lib/python3.7/site-packages/airflow/example_dags/example_branch_operator.py took 0.096 seconds
[2023-01-16T02:00:38.519+0000] {processor.py:154} INFO - Started process (PID=22642) to work on /home/airflow/.local/lib/python3.7/site-packages/airflow/example_dags/example_branch_operator.py
[2023-01-16T02:00:38.520+0000] {processor.py:756} INFO - Processing file /home/airflow/.local/lib/python3.7/site-packages/airflow/example_dags/example_branch_operator.py for tasks to queue
[2023-01-16T02:00:38.522+0000] {logging_mixin.py:120} INFO - [2023-01-16T02:00:38.521+0000] {dagbag.py:537} INFO - Filling up the DagBag from /home/airflow/.local/lib/python3.7/site-packages/airflow/example_dags/example_branch_operator.py
[2023-01-16T02:00:38.537+0000] {processor.py:766} INFO - DAG(s) dict_keys(['example_branch_operator']) retrieved from /home/airflow/.local/lib/python3.7/site-packages/airflow/example_dags/example_branch_operator.py
[2023-01-16T02:00:38.572+0000] {logging_mixin.py:120} INFO - [2023-01-16T02:00:38.572+0000] {dag.py:2585} INFO - Sync 1 DAGs
[2023-01-16T02:00:38.621+0000] {logging_mixin.py:120} INFO - [2023-01-16T02:00:38.621+0000] {dag.py:3340} INFO - Setting next_dagrun for example_branch_operator to 2023-01-15T00:00:00+00:00, run_after=2023-01-16T00:00:00+00:00
[2023-01-16T02:00:38.665+0000] {processor.py:176} INFO - Processing /home/airflow/.local/lib/python3.7/site-packages/airflow/example_dags/example_branch_operator.py took 0.152 seconds
[2023-01-16T02:01:09.053+0000] {processor.py:154} INFO - Started process (PID=22702) to work on /home/airflow/.local/lib/python3.7/site-packages/airflow/example_dags/example_branch_operator.py
[2023-01-16T02:01:09.054+0000] {processor.py:756} INFO - Processing file /home/airflow/.local/lib/python3.7/site-packages/airflow/example_dags/example_branch_operator.py for tasks to queue
[2023-01-16T02:01:09.056+0000] {logging_mixin.py:120} INFO - [2023-01-16T02:01:09.056+0000] {dagbag.py:537} INFO - Filling up the DagBag from /home/airflow/.local/lib/python3.7/site-packages/airflow/example_dags/example_branch_operator.py
[2023-01-16T02:01:09.080+0000] {processor.py:766} INFO - DAG(s) dict_keys(['example_branch_operator']) retrieved from /home/airflow/.local/lib/python3.7/site-packages/airflow/example_dags/example_branch_operator.py
[2023-01-16T02:01:09.123+0000] {logging_mixin.py:120} INFO - [2023-01-16T02:01:09.122+0000] {dag.py:2585} INFO - Sync 1 DAGs
[2023-01-16T02:01:09.171+0000] {logging_mixin.py:120} INFO - [2023-01-16T02:01:09.171+0000] {dag.py:3340} INFO - Setting next_dagrun for example_branch_operator to 2023-01-15T00:00:00+00:00, run_after=2023-01-16T00:00:00+00:00
[2023-01-16T02:01:09.200+0000] {processor.py:176} INFO - Processing /home/airflow/.local/lib/python3.7/site-packages/airflow/example_dags/example_branch_operator.py took 0.152 seconds
[2023-01-16T02:01:39.363+0000] {processor.py:154} INFO - Started process (PID=22771) to work on /home/airflow/.local/lib/python3.7/site-packages/airflow/example_dags/example_branch_operator.py
[2023-01-16T02:01:39.364+0000] {processor.py:756} INFO - Processing file /home/airflow/.local/lib/python3.7/site-packages/airflow/example_dags/example_branch_operator.py for tasks to queue
[2023-01-16T02:01:39.365+0000] {logging_mixin.py:120} INFO - [2023-01-16T02:01:39.365+0000] {dagbag.py:537} INFO - Filling up the DagBag from /home/airflow/.local/lib/python3.7/site-packages/airflow/example_dags/example_branch_operator.py
[2023-01-16T02:01:39.382+0000] {processor.py:766} INFO - DAG(s) dict_keys(['example_branch_operator']) retrieved from /home/airflow/.local/lib/python3.7/site-packages/airflow/example_dags/example_branch_operator.py
[2023-01-16T02:01:39.412+0000] {logging_mixin.py:120} INFO - [2023-01-16T02:01:39.412+0000] {dag.py:2585} INFO - Sync 1 DAGs
[2023-01-16T02:01:39.447+0000] {logging_mixin.py:120} INFO - [2023-01-16T02:01:39.447+0000] {dag.py:3340} INFO - Setting next_dagrun for example_branch_operator to 2023-01-15T00:00:00+00:00, run_after=2023-01-16T00:00:00+00:00
[2023-01-16T02:01:39.475+0000] {processor.py:176} INFO - Processing /home/airflow/.local/lib/python3.7/site-packages/airflow/example_dags/example_branch_operator.py took 0.116 seconds
