[2023-01-16T01:56:01.227+0000] {processor.py:154} INFO - Started process (PID=22088) to work on /home/airflow/.local/lib/python3.7/site-packages/airflow/example_dags/example_python_operator.py
[2023-01-16T01:56:01.237+0000] {processor.py:756} INFO - Processing file /home/airflow/.local/lib/python3.7/site-packages/airflow/example_dags/example_python_operator.py for tasks to queue
[2023-01-16T01:56:01.240+0000] {logging_mixin.py:120} INFO - [2023-01-16T01:56:01.239+0000] {dagbag.py:537} INFO - Filling up the DagBag from /home/airflow/.local/lib/python3.7/site-packages/airflow/example_dags/example_python_operator.py
[2023-01-16T01:56:01.380+0000] {logging_mixin.py:120} INFO - [2023-01-16T01:56:01.379+0000] {taskmixin.py:205} WARNING - Dependency <Task(_PythonDecoratedOperator): print_the_context>, log_sql_query already registered for DAG: example_python_operator
[2023-01-16T01:56:01.395+0000] {logging_mixin.py:120} INFO - [2023-01-16T01:56:01.394+0000] {taskmixin.py:205} WARNING - Dependency <Task(_PythonDecoratedOperator): log_sql_query>, print_the_context already registered for DAG: example_python_operator
[2023-01-16T01:56:01.408+0000] {logging_mixin.py:120} INFO - [2023-01-16T01:56:01.407+0000] {taskmixin.py:205} WARNING - Dependency <Task(_PythonDecoratedOperator): print_the_context>, log_sql_query already registered for DAG: example_python_operator
[2023-01-16T01:56:01.417+0000] {logging_mixin.py:120} INFO - [2023-01-16T01:56:01.416+0000] {taskmixin.py:205} WARNING - Dependency <Task(_PythonDecoratedOperator): log_sql_query>, print_the_context already registered for DAG: example_python_operator
[2023-01-16T01:56:01.427+0000] {logging_mixin.py:120} INFO - [2023-01-16T01:56:01.427+0000] {taskmixin.py:205} WARNING - Dependency <Task(_PythonDecoratedOperator): print_the_context>, log_sql_query already registered for DAG: example_python_operator
[2023-01-16T01:56:01.435+0000] {logging_mixin.py:120} INFO - [2023-01-16T01:56:01.434+0000] {taskmixin.py:205} WARNING - Dependency <Task(_PythonDecoratedOperator): log_sql_query>, print_the_context already registered for DAG: example_python_operator
[2023-01-16T01:56:01.442+0000] {logging_mixin.py:120} INFO - [2023-01-16T01:56:01.442+0000] {taskmixin.py:205} WARNING - Dependency <Task(_PythonDecoratedOperator): print_the_context>, log_sql_query already registered for DAG: example_python_operator
[2023-01-16T01:56:01.453+0000] {logging_mixin.py:120} INFO - [2023-01-16T01:56:01.452+0000] {taskmixin.py:205} WARNING - Dependency <Task(_PythonDecoratedOperator): log_sql_query>, print_the_context already registered for DAG: example_python_operator
[2023-01-16T01:56:01.458+0000] {processor.py:766} INFO - DAG(s) dict_keys(['example_python_operator']) retrieved from /home/airflow/.local/lib/python3.7/site-packages/airflow/example_dags/example_python_operator.py
[2023-01-16T01:56:01.592+0000] {logging_mixin.py:120} INFO - [2023-01-16T01:56:01.591+0000] {dag.py:2585} INFO - Sync 1 DAGs
[2023-01-16T01:56:01.719+0000] {logging_mixin.py:120} INFO - [2023-01-16T01:56:01.718+0000] {dag.py:3340} INFO - Setting next_dagrun for example_python_operator to None, run_after=None
[2023-01-16T01:56:01.888+0000] {processor.py:176} INFO - Processing /home/airflow/.local/lib/python3.7/site-packages/airflow/example_dags/example_python_operator.py took 0.682 seconds
[2023-01-16T01:56:32.275+0000] {processor.py:154} INFO - Started process (PID=22145) to work on /home/airflow/.local/lib/python3.7/site-packages/airflow/example_dags/example_python_operator.py
[2023-01-16T01:56:32.277+0000] {processor.py:756} INFO - Processing file /home/airflow/.local/lib/python3.7/site-packages/airflow/example_dags/example_python_operator.py for tasks to queue
[2023-01-16T01:56:32.279+0000] {logging_mixin.py:120} INFO - [2023-01-16T01:56:32.279+0000] {dagbag.py:537} INFO - Filling up the DagBag from /home/airflow/.local/lib/python3.7/site-packages/airflow/example_dags/example_python_operator.py
[2023-01-16T01:56:32.337+0000] {logging_mixin.py:120} INFO - [2023-01-16T01:56:32.336+0000] {taskmixin.py:205} WARNING - Dependency <Task(_PythonDecoratedOperator): print_the_context>, log_sql_query already registered for DAG: example_python_operator
[2023-01-16T01:56:32.338+0000] {logging_mixin.py:120} INFO - [2023-01-16T01:56:32.338+0000] {taskmixin.py:205} WARNING - Dependency <Task(_PythonDecoratedOperator): log_sql_query>, print_the_context already registered for DAG: example_python_operator
[2023-01-16T01:56:32.341+0000] {logging_mixin.py:120} INFO - [2023-01-16T01:56:32.340+0000] {taskmixin.py:205} WARNING - Dependency <Task(_PythonDecoratedOperator): print_the_context>, log_sql_query already registered for DAG: example_python_operator
[2023-01-16T01:56:32.342+0000] {logging_mixin.py:120} INFO - [2023-01-16T01:56:32.342+0000] {taskmixin.py:205} WARNING - Dependency <Task(_PythonDecoratedOperator): log_sql_query>, print_the_context already registered for DAG: example_python_operator
[2023-01-16T01:56:32.346+0000] {logging_mixin.py:120} INFO - [2023-01-16T01:56:32.345+0000] {taskmixin.py:205} WARNING - Dependency <Task(_PythonDecoratedOperator): print_the_context>, log_sql_query already registered for DAG: example_python_operator
[2023-01-16T01:56:32.353+0000] {logging_mixin.py:120} INFO - [2023-01-16T01:56:32.347+0000] {taskmixin.py:205} WARNING - Dependency <Task(_PythonDecoratedOperator): log_sql_query>, print_the_context already registered for DAG: example_python_operator
[2023-01-16T01:56:32.356+0000] {logging_mixin.py:120} INFO - [2023-01-16T01:56:32.356+0000] {taskmixin.py:205} WARNING - Dependency <Task(_PythonDecoratedOperator): print_the_context>, log_sql_query already registered for DAG: example_python_operator
[2023-01-16T01:56:32.357+0000] {logging_mixin.py:120} INFO - [2023-01-16T01:56:32.357+0000] {taskmixin.py:205} WARNING - Dependency <Task(_PythonDecoratedOperator): log_sql_query>, print_the_context already registered for DAG: example_python_operator
[2023-01-16T01:56:32.364+0000] {processor.py:766} INFO - DAG(s) dict_keys(['example_python_operator']) retrieved from /home/airflow/.local/lib/python3.7/site-packages/airflow/example_dags/example_python_operator.py
[2023-01-16T01:56:32.456+0000] {logging_mixin.py:120} INFO - [2023-01-16T01:56:32.456+0000] {dag.py:2585} INFO - Sync 1 DAGs
[2023-01-16T01:56:32.534+0000] {logging_mixin.py:120} INFO - [2023-01-16T01:56:32.534+0000] {dag.py:3340} INFO - Setting next_dagrun for example_python_operator to None, run_after=None
[2023-01-16T01:56:32.626+0000] {processor.py:176} INFO - Processing /home/airflow/.local/lib/python3.7/site-packages/airflow/example_dags/example_python_operator.py took 0.364 seconds
[2023-01-16T01:57:03.109+0000] {processor.py:154} INFO - Started process (PID=22202) to work on /home/airflow/.local/lib/python3.7/site-packages/airflow/example_dags/example_python_operator.py
[2023-01-16T01:57:03.112+0000] {processor.py:756} INFO - Processing file /home/airflow/.local/lib/python3.7/site-packages/airflow/example_dags/example_python_operator.py for tasks to queue
[2023-01-16T01:57:03.114+0000] {logging_mixin.py:120} INFO - [2023-01-16T01:57:03.113+0000] {dagbag.py:537} INFO - Filling up the DagBag from /home/airflow/.local/lib/python3.7/site-packages/airflow/example_dags/example_python_operator.py
[2023-01-16T01:57:03.170+0000] {logging_mixin.py:120} INFO - [2023-01-16T01:57:03.168+0000] {taskmixin.py:205} WARNING - Dependency <Task(_PythonDecoratedOperator): print_the_context>, log_sql_query already registered for DAG: example_python_operator
[2023-01-16T01:57:03.173+0000] {logging_mixin.py:120} INFO - [2023-01-16T01:57:03.173+0000] {taskmixin.py:205} WARNING - Dependency <Task(_PythonDecoratedOperator): log_sql_query>, print_the_context already registered for DAG: example_python_operator
[2023-01-16T01:57:03.177+0000] {logging_mixin.py:120} INFO - [2023-01-16T01:57:03.176+0000] {taskmixin.py:205} WARNING - Dependency <Task(_PythonDecoratedOperator): print_the_context>, log_sql_query already registered for DAG: example_python_operator
[2023-01-16T01:57:03.178+0000] {logging_mixin.py:120} INFO - [2023-01-16T01:57:03.178+0000] {taskmixin.py:205} WARNING - Dependency <Task(_PythonDecoratedOperator): log_sql_query>, print_the_context already registered for DAG: example_python_operator
[2023-01-16T01:57:03.181+0000] {logging_mixin.py:120} INFO - [2023-01-16T01:57:03.181+0000] {taskmixin.py:205} WARNING - Dependency <Task(_PythonDecoratedOperator): print_the_context>, log_sql_query already registered for DAG: example_python_operator
[2023-01-16T01:57:03.182+0000] {logging_mixin.py:120} INFO - [2023-01-16T01:57:03.182+0000] {taskmixin.py:205} WARNING - Dependency <Task(_PythonDecoratedOperator): log_sql_query>, print_the_context already registered for DAG: example_python_operator
[2023-01-16T01:57:03.184+0000] {logging_mixin.py:120} INFO - [2023-01-16T01:57:03.184+0000] {taskmixin.py:205} WARNING - Dependency <Task(_PythonDecoratedOperator): print_the_context>, log_sql_query already registered for DAG: example_python_operator
[2023-01-16T01:57:03.186+0000] {logging_mixin.py:120} INFO - [2023-01-16T01:57:03.185+0000] {taskmixin.py:205} WARNING - Dependency <Task(_PythonDecoratedOperator): log_sql_query>, print_the_context already registered for DAG: example_python_operator
[2023-01-16T01:57:03.190+0000] {processor.py:766} INFO - DAG(s) dict_keys(['example_python_operator']) retrieved from /home/airflow/.local/lib/python3.7/site-packages/airflow/example_dags/example_python_operator.py
[2023-01-16T01:57:03.249+0000] {logging_mixin.py:120} INFO - [2023-01-16T01:57:03.249+0000] {dag.py:2585} INFO - Sync 1 DAGs
[2023-01-16T01:57:03.287+0000] {logging_mixin.py:120} INFO - [2023-01-16T01:57:03.287+0000] {dag.py:3340} INFO - Setting next_dagrun for example_python_operator to None, run_after=None
[2023-01-16T01:57:03.330+0000] {processor.py:176} INFO - Processing /home/airflow/.local/lib/python3.7/site-packages/airflow/example_dags/example_python_operator.py took 0.230 seconds
[2023-01-16T01:57:33.615+0000] {processor.py:154} INFO - Started process (PID=22260) to work on /home/airflow/.local/lib/python3.7/site-packages/airflow/example_dags/example_python_operator.py
[2023-01-16T01:57:33.617+0000] {processor.py:756} INFO - Processing file /home/airflow/.local/lib/python3.7/site-packages/airflow/example_dags/example_python_operator.py for tasks to queue
[2023-01-16T01:57:33.620+0000] {logging_mixin.py:120} INFO - [2023-01-16T01:57:33.620+0000] {dagbag.py:537} INFO - Filling up the DagBag from /home/airflow/.local/lib/python3.7/site-packages/airflow/example_dags/example_python_operator.py
[2023-01-16T01:57:33.650+0000] {logging_mixin.py:120} INFO - [2023-01-16T01:57:33.650+0000] {taskmixin.py:205} WARNING - Dependency <Task(_PythonDecoratedOperator): print_the_context>, log_sql_query already registered for DAG: example_python_operator
[2023-01-16T01:57:33.651+0000] {logging_mixin.py:120} INFO - [2023-01-16T01:57:33.651+0000] {taskmixin.py:205} WARNING - Dependency <Task(_PythonDecoratedOperator): log_sql_query>, print_the_context already registered for DAG: example_python_operator
[2023-01-16T01:57:33.653+0000] {logging_mixin.py:120} INFO - [2023-01-16T01:57:33.653+0000] {taskmixin.py:205} WARNING - Dependency <Task(_PythonDecoratedOperator): print_the_context>, log_sql_query already registered for DAG: example_python_operator
[2023-01-16T01:57:33.654+0000] {logging_mixin.py:120} INFO - [2023-01-16T01:57:33.654+0000] {taskmixin.py:205} WARNING - Dependency <Task(_PythonDecoratedOperator): log_sql_query>, print_the_context already registered for DAG: example_python_operator
[2023-01-16T01:57:33.657+0000] {logging_mixin.py:120} INFO - [2023-01-16T01:57:33.657+0000] {taskmixin.py:205} WARNING - Dependency <Task(_PythonDecoratedOperator): print_the_context>, log_sql_query already registered for DAG: example_python_operator
[2023-01-16T01:57:33.658+0000] {logging_mixin.py:120} INFO - [2023-01-16T01:57:33.658+0000] {taskmixin.py:205} WARNING - Dependency <Task(_PythonDecoratedOperator): log_sql_query>, print_the_context already registered for DAG: example_python_operator
[2023-01-16T01:57:33.660+0000] {logging_mixin.py:120} INFO - [2023-01-16T01:57:33.660+0000] {taskmixin.py:205} WARNING - Dependency <Task(_PythonDecoratedOperator): print_the_context>, log_sql_query already registered for DAG: example_python_operator
[2023-01-16T01:57:33.661+0000] {logging_mixin.py:120} INFO - [2023-01-16T01:57:33.661+0000] {taskmixin.py:205} WARNING - Dependency <Task(_PythonDecoratedOperator): log_sql_query>, print_the_context already registered for DAG: example_python_operator
[2023-01-16T01:57:33.665+0000] {processor.py:766} INFO - DAG(s) dict_keys(['example_python_operator']) retrieved from /home/airflow/.local/lib/python3.7/site-packages/airflow/example_dags/example_python_operator.py
[2023-01-16T01:57:33.716+0000] {logging_mixin.py:120} INFO - [2023-01-16T01:57:33.716+0000] {dag.py:2585} INFO - Sync 1 DAGs
[2023-01-16T01:57:33.758+0000] {logging_mixin.py:120} INFO - [2023-01-16T01:57:33.758+0000] {dag.py:3340} INFO - Setting next_dagrun for example_python_operator to None, run_after=None
[2023-01-16T01:57:33.809+0000] {processor.py:176} INFO - Processing /home/airflow/.local/lib/python3.7/site-packages/airflow/example_dags/example_python_operator.py took 0.201 seconds
[2023-01-16T01:58:03.979+0000] {processor.py:154} INFO - Started process (PID=22327) to work on /home/airflow/.local/lib/python3.7/site-packages/airflow/example_dags/example_python_operator.py
[2023-01-16T01:58:03.980+0000] {processor.py:756} INFO - Processing file /home/airflow/.local/lib/python3.7/site-packages/airflow/example_dags/example_python_operator.py for tasks to queue
[2023-01-16T01:58:03.981+0000] {logging_mixin.py:120} INFO - [2023-01-16T01:58:03.981+0000] {dagbag.py:537} INFO - Filling up the DagBag from /home/airflow/.local/lib/python3.7/site-packages/airflow/example_dags/example_python_operator.py
[2023-01-16T01:58:04.007+0000] {logging_mixin.py:120} INFO - [2023-01-16T01:58:04.007+0000] {taskmixin.py:205} WARNING - Dependency <Task(_PythonDecoratedOperator): print_the_context>, log_sql_query already registered for DAG: example_python_operator
[2023-01-16T01:58:04.008+0000] {logging_mixin.py:120} INFO - [2023-01-16T01:58:04.008+0000] {taskmixin.py:205} WARNING - Dependency <Task(_PythonDecoratedOperator): log_sql_query>, print_the_context already registered for DAG: example_python_operator
[2023-01-16T01:58:04.009+0000] {logging_mixin.py:120} INFO - [2023-01-16T01:58:04.009+0000] {taskmixin.py:205} WARNING - Dependency <Task(_PythonDecoratedOperator): print_the_context>, log_sql_query already registered for DAG: example_python_operator
[2023-01-16T01:58:04.010+0000] {logging_mixin.py:120} INFO - [2023-01-16T01:58:04.010+0000] {taskmixin.py:205} WARNING - Dependency <Task(_PythonDecoratedOperator): log_sql_query>, print_the_context already registered for DAG: example_python_operator
[2023-01-16T01:58:04.012+0000] {logging_mixin.py:120} INFO - [2023-01-16T01:58:04.012+0000] {taskmixin.py:205} WARNING - Dependency <Task(_PythonDecoratedOperator): print_the_context>, log_sql_query already registered for DAG: example_python_operator
[2023-01-16T01:58:04.013+0000] {logging_mixin.py:120} INFO - [2023-01-16T01:58:04.013+0000] {taskmixin.py:205} WARNING - Dependency <Task(_PythonDecoratedOperator): log_sql_query>, print_the_context already registered for DAG: example_python_operator
[2023-01-16T01:58:04.015+0000] {logging_mixin.py:120} INFO - [2023-01-16T01:58:04.015+0000] {taskmixin.py:205} WARNING - Dependency <Task(_PythonDecoratedOperator): print_the_context>, log_sql_query already registered for DAG: example_python_operator
[2023-01-16T01:58:04.017+0000] {logging_mixin.py:120} INFO - [2023-01-16T01:58:04.016+0000] {taskmixin.py:205} WARNING - Dependency <Task(_PythonDecoratedOperator): log_sql_query>, print_the_context already registered for DAG: example_python_operator
[2023-01-16T01:58:04.020+0000] {processor.py:766} INFO - DAG(s) dict_keys(['example_python_operator']) retrieved from /home/airflow/.local/lib/python3.7/site-packages/airflow/example_dags/example_python_operator.py
[2023-01-16T01:58:04.058+0000] {logging_mixin.py:120} INFO - [2023-01-16T01:58:04.058+0000] {dag.py:2585} INFO - Sync 1 DAGs
[2023-01-16T01:58:04.101+0000] {logging_mixin.py:120} INFO - [2023-01-16T01:58:04.101+0000] {dag.py:3340} INFO - Setting next_dagrun for example_python_operator to None, run_after=None
[2023-01-16T01:58:04.134+0000] {processor.py:176} INFO - Processing /home/airflow/.local/lib/python3.7/site-packages/airflow/example_dags/example_python_operator.py took 0.161 seconds
[2023-01-16T01:58:34.532+0000] {processor.py:154} INFO - Started process (PID=22384) to work on /home/airflow/.local/lib/python3.7/site-packages/airflow/example_dags/example_python_operator.py
[2023-01-16T01:58:34.535+0000] {processor.py:756} INFO - Processing file /home/airflow/.local/lib/python3.7/site-packages/airflow/example_dags/example_python_operator.py for tasks to queue
[2023-01-16T01:58:34.536+0000] {logging_mixin.py:120} INFO - [2023-01-16T01:58:34.536+0000] {dagbag.py:537} INFO - Filling up the DagBag from /home/airflow/.local/lib/python3.7/site-packages/airflow/example_dags/example_python_operator.py
[2023-01-16T01:58:34.561+0000] {logging_mixin.py:120} INFO - [2023-01-16T01:58:34.561+0000] {taskmixin.py:205} WARNING - Dependency <Task(_PythonDecoratedOperator): print_the_context>, log_sql_query already registered for DAG: example_python_operator
[2023-01-16T01:58:34.562+0000] {logging_mixin.py:120} INFO - [2023-01-16T01:58:34.562+0000] {taskmixin.py:205} WARNING - Dependency <Task(_PythonDecoratedOperator): log_sql_query>, print_the_context already registered for DAG: example_python_operator
[2023-01-16T01:58:34.563+0000] {logging_mixin.py:120} INFO - [2023-01-16T01:58:34.563+0000] {taskmixin.py:205} WARNING - Dependency <Task(_PythonDecoratedOperator): print_the_context>, log_sql_query already registered for DAG: example_python_operator
[2023-01-16T01:58:34.564+0000] {logging_mixin.py:120} INFO - [2023-01-16T01:58:34.564+0000] {taskmixin.py:205} WARNING - Dependency <Task(_PythonDecoratedOperator): log_sql_query>, print_the_context already registered for DAG: example_python_operator
[2023-01-16T01:58:34.565+0000] {logging_mixin.py:120} INFO - [2023-01-16T01:58:34.565+0000] {taskmixin.py:205} WARNING - Dependency <Task(_PythonDecoratedOperator): print_the_context>, log_sql_query already registered for DAG: example_python_operator
[2023-01-16T01:58:34.566+0000] {logging_mixin.py:120} INFO - [2023-01-16T01:58:34.566+0000] {taskmixin.py:205} WARNING - Dependency <Task(_PythonDecoratedOperator): log_sql_query>, print_the_context already registered for DAG: example_python_operator
[2023-01-16T01:58:34.567+0000] {logging_mixin.py:120} INFO - [2023-01-16T01:58:34.567+0000] {taskmixin.py:205} WARNING - Dependency <Task(_PythonDecoratedOperator): print_the_context>, log_sql_query already registered for DAG: example_python_operator
[2023-01-16T01:58:34.568+0000] {logging_mixin.py:120} INFO - [2023-01-16T01:58:34.568+0000] {taskmixin.py:205} WARNING - Dependency <Task(_PythonDecoratedOperator): log_sql_query>, print_the_context already registered for DAG: example_python_operator
[2023-01-16T01:58:34.570+0000] {processor.py:766} INFO - DAG(s) dict_keys(['example_python_operator']) retrieved from /home/airflow/.local/lib/python3.7/site-packages/airflow/example_dags/example_python_operator.py
[2023-01-16T01:58:34.603+0000] {logging_mixin.py:120} INFO - [2023-01-16T01:58:34.602+0000] {dag.py:2585} INFO - Sync 1 DAGs
[2023-01-16T01:58:34.637+0000] {logging_mixin.py:120} INFO - [2023-01-16T01:58:34.636+0000] {dag.py:3340} INFO - Setting next_dagrun for example_python_operator to None, run_after=None
[2023-01-16T01:58:34.666+0000] {processor.py:176} INFO - Processing /home/airflow/.local/lib/python3.7/site-packages/airflow/example_dags/example_python_operator.py took 0.140 seconds
[2023-01-16T01:59:04.948+0000] {processor.py:154} INFO - Started process (PID=22450) to work on /home/airflow/.local/lib/python3.7/site-packages/airflow/example_dags/example_python_operator.py
[2023-01-16T01:59:04.951+0000] {processor.py:756} INFO - Processing file /home/airflow/.local/lib/python3.7/site-packages/airflow/example_dags/example_python_operator.py for tasks to queue
[2023-01-16T01:59:04.954+0000] {logging_mixin.py:120} INFO - [2023-01-16T01:59:04.953+0000] {dagbag.py:537} INFO - Filling up the DagBag from /home/airflow/.local/lib/python3.7/site-packages/airflow/example_dags/example_python_operator.py
[2023-01-16T01:59:04.977+0000] {logging_mixin.py:120} INFO - [2023-01-16T01:59:04.977+0000] {taskmixin.py:205} WARNING - Dependency <Task(_PythonDecoratedOperator): print_the_context>, log_sql_query already registered for DAG: example_python_operator
[2023-01-16T01:59:04.978+0000] {logging_mixin.py:120} INFO - [2023-01-16T01:59:04.978+0000] {taskmixin.py:205} WARNING - Dependency <Task(_PythonDecoratedOperator): log_sql_query>, print_the_context already registered for DAG: example_python_operator
[2023-01-16T01:59:04.980+0000] {logging_mixin.py:120} INFO - [2023-01-16T01:59:04.980+0000] {taskmixin.py:205} WARNING - Dependency <Task(_PythonDecoratedOperator): print_the_context>, log_sql_query already registered for DAG: example_python_operator
[2023-01-16T01:59:04.980+0000] {logging_mixin.py:120} INFO - [2023-01-16T01:59:04.980+0000] {taskmixin.py:205} WARNING - Dependency <Task(_PythonDecoratedOperator): log_sql_query>, print_the_context already registered for DAG: example_python_operator
[2023-01-16T01:59:04.982+0000] {logging_mixin.py:120} INFO - [2023-01-16T01:59:04.982+0000] {taskmixin.py:205} WARNING - Dependency <Task(_PythonDecoratedOperator): print_the_context>, log_sql_query already registered for DAG: example_python_operator
[2023-01-16T01:59:04.982+0000] {logging_mixin.py:120} INFO - [2023-01-16T01:59:04.982+0000] {taskmixin.py:205} WARNING - Dependency <Task(_PythonDecoratedOperator): log_sql_query>, print_the_context already registered for DAG: example_python_operator
[2023-01-16T01:59:04.984+0000] {logging_mixin.py:120} INFO - [2023-01-16T01:59:04.984+0000] {taskmixin.py:205} WARNING - Dependency <Task(_PythonDecoratedOperator): print_the_context>, log_sql_query already registered for DAG: example_python_operator
[2023-01-16T01:59:04.984+0000] {logging_mixin.py:120} INFO - [2023-01-16T01:59:04.984+0000] {taskmixin.py:205} WARNING - Dependency <Task(_PythonDecoratedOperator): log_sql_query>, print_the_context already registered for DAG: example_python_operator
[2023-01-16T01:59:04.987+0000] {processor.py:766} INFO - DAG(s) dict_keys(['example_python_operator']) retrieved from /home/airflow/.local/lib/python3.7/site-packages/airflow/example_dags/example_python_operator.py
[2023-01-16T01:59:05.017+0000] {logging_mixin.py:120} INFO - [2023-01-16T01:59:05.016+0000] {dag.py:2585} INFO - Sync 1 DAGs
[2023-01-16T01:59:05.050+0000] {logging_mixin.py:120} INFO - [2023-01-16T01:59:05.050+0000] {dag.py:3340} INFO - Setting next_dagrun for example_python_operator to None, run_after=None
[2023-01-16T01:59:05.086+0000] {processor.py:176} INFO - Processing /home/airflow/.local/lib/python3.7/site-packages/airflow/example_dags/example_python_operator.py took 0.143 seconds
[2023-01-16T01:59:35.435+0000] {processor.py:154} INFO - Started process (PID=22515) to work on /home/airflow/.local/lib/python3.7/site-packages/airflow/example_dags/example_python_operator.py
[2023-01-16T01:59:35.437+0000] {processor.py:756} INFO - Processing file /home/airflow/.local/lib/python3.7/site-packages/airflow/example_dags/example_python_operator.py for tasks to queue
[2023-01-16T01:59:35.441+0000] {logging_mixin.py:120} INFO - [2023-01-16T01:59:35.440+0000] {dagbag.py:537} INFO - Filling up the DagBag from /home/airflow/.local/lib/python3.7/site-packages/airflow/example_dags/example_python_operator.py
[2023-01-16T01:59:35.512+0000] {logging_mixin.py:120} INFO - [2023-01-16T01:59:35.512+0000] {taskmixin.py:205} WARNING - Dependency <Task(_PythonDecoratedOperator): print_the_context>, log_sql_query already registered for DAG: example_python_operator
[2023-01-16T01:59:35.514+0000] {logging_mixin.py:120} INFO - [2023-01-16T01:59:35.513+0000] {taskmixin.py:205} WARNING - Dependency <Task(_PythonDecoratedOperator): log_sql_query>, print_the_context already registered for DAG: example_python_operator
[2023-01-16T01:59:35.517+0000] {logging_mixin.py:120} INFO - [2023-01-16T01:59:35.516+0000] {taskmixin.py:205} WARNING - Dependency <Task(_PythonDecoratedOperator): print_the_context>, log_sql_query already registered for DAG: example_python_operator
[2023-01-16T01:59:35.525+0000] {logging_mixin.py:120} INFO - [2023-01-16T01:59:35.523+0000] {taskmixin.py:205} WARNING - Dependency <Task(_PythonDecoratedOperator): log_sql_query>, print_the_context already registered for DAG: example_python_operator
[2023-01-16T01:59:35.529+0000] {logging_mixin.py:120} INFO - [2023-01-16T01:59:35.528+0000] {taskmixin.py:205} WARNING - Dependency <Task(_PythonDecoratedOperator): print_the_context>, log_sql_query already registered for DAG: example_python_operator
[2023-01-16T01:59:35.530+0000] {logging_mixin.py:120} INFO - [2023-01-16T01:59:35.530+0000] {taskmixin.py:205} WARNING - Dependency <Task(_PythonDecoratedOperator): log_sql_query>, print_the_context already registered for DAG: example_python_operator
[2023-01-16T01:59:35.533+0000] {logging_mixin.py:120} INFO - [2023-01-16T01:59:35.533+0000] {taskmixin.py:205} WARNING - Dependency <Task(_PythonDecoratedOperator): print_the_context>, log_sql_query already registered for DAG: example_python_operator
[2023-01-16T01:59:35.537+0000] {logging_mixin.py:120} INFO - [2023-01-16T01:59:35.537+0000] {taskmixin.py:205} WARNING - Dependency <Task(_PythonDecoratedOperator): log_sql_query>, print_the_context already registered for DAG: example_python_operator
[2023-01-16T01:59:35.543+0000] {processor.py:766} INFO - DAG(s) dict_keys(['example_python_operator']) retrieved from /home/airflow/.local/lib/python3.7/site-packages/airflow/example_dags/example_python_operator.py
[2023-01-16T01:59:35.642+0000] {logging_mixin.py:120} INFO - [2023-01-16T01:59:35.642+0000] {dag.py:2585} INFO - Sync 1 DAGs
[2023-01-16T01:59:35.715+0000] {logging_mixin.py:120} INFO - [2023-01-16T01:59:35.714+0000] {dag.py:3340} INFO - Setting next_dagrun for example_python_operator to None, run_after=None
[2023-01-16T01:59:35.770+0000] {processor.py:176} INFO - Processing /home/airflow/.local/lib/python3.7/site-packages/airflow/example_dags/example_python_operator.py took 0.350 seconds
[2023-01-16T02:00:06.516+0000] {processor.py:154} INFO - Started process (PID=22574) to work on /home/airflow/.local/lib/python3.7/site-packages/airflow/example_dags/example_python_operator.py
[2023-01-16T02:00:06.518+0000] {processor.py:756} INFO - Processing file /home/airflow/.local/lib/python3.7/site-packages/airflow/example_dags/example_python_operator.py for tasks to queue
[2023-01-16T02:00:06.521+0000] {logging_mixin.py:120} INFO - [2023-01-16T02:00:06.521+0000] {dagbag.py:537} INFO - Filling up the DagBag from /home/airflow/.local/lib/python3.7/site-packages/airflow/example_dags/example_python_operator.py
[2023-01-16T02:00:06.572+0000] {logging_mixin.py:120} INFO - [2023-01-16T02:00:06.571+0000] {taskmixin.py:205} WARNING - Dependency <Task(_PythonDecoratedOperator): print_the_context>, log_sql_query already registered for DAG: example_python_operator
[2023-01-16T02:00:06.573+0000] {logging_mixin.py:120} INFO - [2023-01-16T02:00:06.573+0000] {taskmixin.py:205} WARNING - Dependency <Task(_PythonDecoratedOperator): log_sql_query>, print_the_context already registered for DAG: example_python_operator
[2023-01-16T02:00:06.576+0000] {logging_mixin.py:120} INFO - [2023-01-16T02:00:06.576+0000] {taskmixin.py:205} WARNING - Dependency <Task(_PythonDecoratedOperator): print_the_context>, log_sql_query already registered for DAG: example_python_operator
[2023-01-16T02:00:06.577+0000] {logging_mixin.py:120} INFO - [2023-01-16T02:00:06.577+0000] {taskmixin.py:205} WARNING - Dependency <Task(_PythonDecoratedOperator): log_sql_query>, print_the_context already registered for DAG: example_python_operator
[2023-01-16T02:00:06.582+0000] {logging_mixin.py:120} INFO - [2023-01-16T02:00:06.581+0000] {taskmixin.py:205} WARNING - Dependency <Task(_PythonDecoratedOperator): print_the_context>, log_sql_query already registered for DAG: example_python_operator
[2023-01-16T02:00:06.583+0000] {logging_mixin.py:120} INFO - [2023-01-16T02:00:06.583+0000] {taskmixin.py:205} WARNING - Dependency <Task(_PythonDecoratedOperator): log_sql_query>, print_the_context already registered for DAG: example_python_operator
[2023-01-16T02:00:06.586+0000] {logging_mixin.py:120} INFO - [2023-01-16T02:00:06.586+0000] {taskmixin.py:205} WARNING - Dependency <Task(_PythonDecoratedOperator): print_the_context>, log_sql_query already registered for DAG: example_python_operator
[2023-01-16T02:00:06.587+0000] {logging_mixin.py:120} INFO - [2023-01-16T02:00:06.587+0000] {taskmixin.py:205} WARNING - Dependency <Task(_PythonDecoratedOperator): log_sql_query>, print_the_context already registered for DAG: example_python_operator
[2023-01-16T02:00:06.593+0000] {processor.py:766} INFO - DAG(s) dict_keys(['example_python_operator']) retrieved from /home/airflow/.local/lib/python3.7/site-packages/airflow/example_dags/example_python_operator.py
[2023-01-16T02:00:06.650+0000] {logging_mixin.py:120} INFO - [2023-01-16T02:00:06.649+0000] {dag.py:2585} INFO - Sync 1 DAGs
[2023-01-16T02:00:06.697+0000] {logging_mixin.py:120} INFO - [2023-01-16T02:00:06.697+0000] {dag.py:3340} INFO - Setting next_dagrun for example_python_operator to None, run_after=None
[2023-01-16T02:00:06.742+0000] {processor.py:176} INFO - Processing /home/airflow/.local/lib/python3.7/site-packages/airflow/example_dags/example_python_operator.py took 0.235 seconds
[2023-01-16T02:00:37.457+0000] {processor.py:154} INFO - Started process (PID=22640) to work on /home/airflow/.local/lib/python3.7/site-packages/airflow/example_dags/example_python_operator.py
[2023-01-16T02:00:37.458+0000] {processor.py:756} INFO - Processing file /home/airflow/.local/lib/python3.7/site-packages/airflow/example_dags/example_python_operator.py for tasks to queue
[2023-01-16T02:00:37.459+0000] {logging_mixin.py:120} INFO - [2023-01-16T02:00:37.459+0000] {dagbag.py:537} INFO - Filling up the DagBag from /home/airflow/.local/lib/python3.7/site-packages/airflow/example_dags/example_python_operator.py
[2023-01-16T02:00:37.477+0000] {logging_mixin.py:120} INFO - [2023-01-16T02:00:37.476+0000] {taskmixin.py:205} WARNING - Dependency <Task(_PythonDecoratedOperator): print_the_context>, log_sql_query already registered for DAG: example_python_operator
[2023-01-16T02:00:37.477+0000] {logging_mixin.py:120} INFO - [2023-01-16T02:00:37.477+0000] {taskmixin.py:205} WARNING - Dependency <Task(_PythonDecoratedOperator): log_sql_query>, print_the_context already registered for DAG: example_python_operator
[2023-01-16T02:00:37.478+0000] {logging_mixin.py:120} INFO - [2023-01-16T02:00:37.478+0000] {taskmixin.py:205} WARNING - Dependency <Task(_PythonDecoratedOperator): print_the_context>, log_sql_query already registered for DAG: example_python_operator
[2023-01-16T02:00:37.479+0000] {logging_mixin.py:120} INFO - [2023-01-16T02:00:37.479+0000] {taskmixin.py:205} WARNING - Dependency <Task(_PythonDecoratedOperator): log_sql_query>, print_the_context already registered for DAG: example_python_operator
[2023-01-16T02:00:37.480+0000] {logging_mixin.py:120} INFO - [2023-01-16T02:00:37.480+0000] {taskmixin.py:205} WARNING - Dependency <Task(_PythonDecoratedOperator): print_the_context>, log_sql_query already registered for DAG: example_python_operator
[2023-01-16T02:00:37.480+0000] {logging_mixin.py:120} INFO - [2023-01-16T02:00:37.480+0000] {taskmixin.py:205} WARNING - Dependency <Task(_PythonDecoratedOperator): log_sql_query>, print_the_context already registered for DAG: example_python_operator
[2023-01-16T02:00:37.481+0000] {logging_mixin.py:120} INFO - [2023-01-16T02:00:37.481+0000] {taskmixin.py:205} WARNING - Dependency <Task(_PythonDecoratedOperator): print_the_context>, log_sql_query already registered for DAG: example_python_operator
[2023-01-16T02:00:37.481+0000] {logging_mixin.py:120} INFO - [2023-01-16T02:00:37.481+0000] {taskmixin.py:205} WARNING - Dependency <Task(_PythonDecoratedOperator): log_sql_query>, print_the_context already registered for DAG: example_python_operator
[2023-01-16T02:00:37.484+0000] {processor.py:766} INFO - DAG(s) dict_keys(['example_python_operator']) retrieved from /home/airflow/.local/lib/python3.7/site-packages/airflow/example_dags/example_python_operator.py
[2023-01-16T02:00:37.507+0000] {logging_mixin.py:120} INFO - [2023-01-16T02:00:37.507+0000] {dag.py:2585} INFO - Sync 1 DAGs
[2023-01-16T02:00:37.531+0000] {logging_mixin.py:120} INFO - [2023-01-16T02:00:37.531+0000] {dag.py:3340} INFO - Setting next_dagrun for example_python_operator to None, run_after=None
[2023-01-16T02:00:37.552+0000] {processor.py:176} INFO - Processing /home/airflow/.local/lib/python3.7/site-packages/airflow/example_dags/example_python_operator.py took 0.098 seconds
[2023-01-16T02:01:07.799+0000] {processor.py:154} INFO - Started process (PID=22700) to work on /home/airflow/.local/lib/python3.7/site-packages/airflow/example_dags/example_python_operator.py
[2023-01-16T02:01:07.801+0000] {processor.py:756} INFO - Processing file /home/airflow/.local/lib/python3.7/site-packages/airflow/example_dags/example_python_operator.py for tasks to queue
[2023-01-16T02:01:07.804+0000] {logging_mixin.py:120} INFO - [2023-01-16T02:01:07.803+0000] {dagbag.py:537} INFO - Filling up the DagBag from /home/airflow/.local/lib/python3.7/site-packages/airflow/example_dags/example_python_operator.py
[2023-01-16T02:01:07.840+0000] {logging_mixin.py:120} INFO - [2023-01-16T02:01:07.840+0000] {taskmixin.py:205} WARNING - Dependency <Task(_PythonDecoratedOperator): print_the_context>, log_sql_query already registered for DAG: example_python_operator
[2023-01-16T02:01:07.841+0000] {logging_mixin.py:120} INFO - [2023-01-16T02:01:07.841+0000] {taskmixin.py:205} WARNING - Dependency <Task(_PythonDecoratedOperator): log_sql_query>, print_the_context already registered for DAG: example_python_operator
[2023-01-16T02:01:07.844+0000] {logging_mixin.py:120} INFO - [2023-01-16T02:01:07.844+0000] {taskmixin.py:205} WARNING - Dependency <Task(_PythonDecoratedOperator): print_the_context>, log_sql_query already registered for DAG: example_python_operator
[2023-01-16T02:01:07.845+0000] {logging_mixin.py:120} INFO - [2023-01-16T02:01:07.845+0000] {taskmixin.py:205} WARNING - Dependency <Task(_PythonDecoratedOperator): log_sql_query>, print_the_context already registered for DAG: example_python_operator
[2023-01-16T02:01:07.849+0000] {logging_mixin.py:120} INFO - [2023-01-16T02:01:07.848+0000] {taskmixin.py:205} WARNING - Dependency <Task(_PythonDecoratedOperator): print_the_context>, log_sql_query already registered for DAG: example_python_operator
[2023-01-16T02:01:07.851+0000] {logging_mixin.py:120} INFO - [2023-01-16T02:01:07.851+0000] {taskmixin.py:205} WARNING - Dependency <Task(_PythonDecoratedOperator): log_sql_query>, print_the_context already registered for DAG: example_python_operator
[2023-01-16T02:01:07.853+0000] {logging_mixin.py:120} INFO - [2023-01-16T02:01:07.853+0000] {taskmixin.py:205} WARNING - Dependency <Task(_PythonDecoratedOperator): print_the_context>, log_sql_query already registered for DAG: example_python_operator
[2023-01-16T02:01:07.855+0000] {logging_mixin.py:120} INFO - [2023-01-16T02:01:07.854+0000] {taskmixin.py:205} WARNING - Dependency <Task(_PythonDecoratedOperator): log_sql_query>, print_the_context already registered for DAG: example_python_operator
[2023-01-16T02:01:07.859+0000] {processor.py:766} INFO - DAG(s) dict_keys(['example_python_operator']) retrieved from /home/airflow/.local/lib/python3.7/site-packages/airflow/example_dags/example_python_operator.py
[2023-01-16T02:01:07.913+0000] {logging_mixin.py:120} INFO - [2023-01-16T02:01:07.913+0000] {dag.py:2585} INFO - Sync 1 DAGs
[2023-01-16T02:01:07.961+0000] {logging_mixin.py:120} INFO - [2023-01-16T02:01:07.961+0000] {dag.py:3340} INFO - Setting next_dagrun for example_python_operator to None, run_after=None
[2023-01-16T02:01:08.020+0000] {processor.py:176} INFO - Processing /home/airflow/.local/lib/python3.7/site-packages/airflow/example_dags/example_python_operator.py took 0.229 seconds
[2023-01-16T02:01:38.271+0000] {processor.py:154} INFO - Started process (PID=22770) to work on /home/airflow/.local/lib/python3.7/site-packages/airflow/example_dags/example_python_operator.py
[2023-01-16T02:01:38.274+0000] {processor.py:756} INFO - Processing file /home/airflow/.local/lib/python3.7/site-packages/airflow/example_dags/example_python_operator.py for tasks to queue
[2023-01-16T02:01:38.277+0000] {logging_mixin.py:120} INFO - [2023-01-16T02:01:38.276+0000] {dagbag.py:537} INFO - Filling up the DagBag from /home/airflow/.local/lib/python3.7/site-packages/airflow/example_dags/example_python_operator.py
[2023-01-16T02:01:38.302+0000] {logging_mixin.py:120} INFO - [2023-01-16T02:01:38.301+0000] {taskmixin.py:205} WARNING - Dependency <Task(_PythonDecoratedOperator): print_the_context>, log_sql_query already registered for DAG: example_python_operator
[2023-01-16T02:01:38.304+0000] {logging_mixin.py:120} INFO - [2023-01-16T02:01:38.303+0000] {taskmixin.py:205} WARNING - Dependency <Task(_PythonDecoratedOperator): log_sql_query>, print_the_context already registered for DAG: example_python_operator
[2023-01-16T02:01:38.306+0000] {logging_mixin.py:120} INFO - [2023-01-16T02:01:38.305+0000] {taskmixin.py:205} WARNING - Dependency <Task(_PythonDecoratedOperator): print_the_context>, log_sql_query already registered for DAG: example_python_operator
[2023-01-16T02:01:38.306+0000] {logging_mixin.py:120} INFO - [2023-01-16T02:01:38.306+0000] {taskmixin.py:205} WARNING - Dependency <Task(_PythonDecoratedOperator): log_sql_query>, print_the_context already registered for DAG: example_python_operator
[2023-01-16T02:01:38.308+0000] {logging_mixin.py:120} INFO - [2023-01-16T02:01:38.308+0000] {taskmixin.py:205} WARNING - Dependency <Task(_PythonDecoratedOperator): print_the_context>, log_sql_query already registered for DAG: example_python_operator
[2023-01-16T02:01:38.308+0000] {logging_mixin.py:120} INFO - [2023-01-16T02:01:38.308+0000] {taskmixin.py:205} WARNING - Dependency <Task(_PythonDecoratedOperator): log_sql_query>, print_the_context already registered for DAG: example_python_operator
[2023-01-16T02:01:38.309+0000] {logging_mixin.py:120} INFO - [2023-01-16T02:01:38.309+0000] {taskmixin.py:205} WARNING - Dependency <Task(_PythonDecoratedOperator): print_the_context>, log_sql_query already registered for DAG: example_python_operator
[2023-01-16T02:01:38.310+0000] {logging_mixin.py:120} INFO - [2023-01-16T02:01:38.310+0000] {taskmixin.py:205} WARNING - Dependency <Task(_PythonDecoratedOperator): log_sql_query>, print_the_context already registered for DAG: example_python_operator
[2023-01-16T02:01:38.312+0000] {processor.py:766} INFO - DAG(s) dict_keys(['example_python_operator']) retrieved from /home/airflow/.local/lib/python3.7/site-packages/airflow/example_dags/example_python_operator.py
[2023-01-16T02:01:38.346+0000] {logging_mixin.py:120} INFO - [2023-01-16T02:01:38.346+0000] {dag.py:2585} INFO - Sync 1 DAGs
[2023-01-16T02:01:38.383+0000] {logging_mixin.py:120} INFO - [2023-01-16T02:01:38.383+0000] {dag.py:3340} INFO - Setting next_dagrun for example_python_operator to None, run_after=None
[2023-01-16T02:01:38.421+0000] {processor.py:176} INFO - Processing /home/airflow/.local/lib/python3.7/site-packages/airflow/example_dags/example_python_operator.py took 0.155 seconds
