[2023-01-16T01:56:06.861+0000] {processor.py:154} INFO - Started process (PID=22102) to work on /home/airflow/.local/lib/python3.7/site-packages/airflow/example_dags/example_external_task_marker_dag.py
[2023-01-16T01:56:06.865+0000] {processor.py:756} INFO - Processing file /home/airflow/.local/lib/python3.7/site-packages/airflow/example_dags/example_external_task_marker_dag.py for tasks to queue
[2023-01-16T01:56:06.874+0000] {logging_mixin.py:120} INFO - [2023-01-16T01:56:06.872+0000] {dagbag.py:537} INFO - Filling up the DagBag from /home/airflow/.local/lib/python3.7/site-packages/airflow/example_dags/example_external_task_marker_dag.py
[2023-01-16T01:56:06.900+0000] {processor.py:766} INFO - DAG(s) dict_keys(['example_external_task_marker_parent', 'example_external_task_marker_child']) retrieved from /home/airflow/.local/lib/python3.7/site-packages/airflow/example_dags/example_external_task_marker_dag.py
[2023-01-16T01:56:07.065+0000] {logging_mixin.py:120} INFO - [2023-01-16T01:56:07.064+0000] {dag.py:2585} INFO - Sync 2 DAGs
[2023-01-16T01:56:07.227+0000] {logging_mixin.py:120} INFO - [2023-01-16T01:56:07.227+0000] {dag.py:3340} INFO - Setting next_dagrun for example_external_task_marker_child to None, run_after=None
[2023-01-16T01:56:07.257+0000] {logging_mixin.py:120} INFO - [2023-01-16T01:56:07.256+0000] {dag.py:3340} INFO - Setting next_dagrun for example_external_task_marker_parent to None, run_after=None
[2023-01-16T01:56:07.357+0000] {processor.py:176} INFO - Processing /home/airflow/.local/lib/python3.7/site-packages/airflow/example_dags/example_external_task_marker_dag.py took 0.510 seconds
[2023-01-16T01:56:37.606+0000] {processor.py:154} INFO - Started process (PID=22159) to work on /home/airflow/.local/lib/python3.7/site-packages/airflow/example_dags/example_external_task_marker_dag.py
[2023-01-16T01:56:37.608+0000] {processor.py:756} INFO - Processing file /home/airflow/.local/lib/python3.7/site-packages/airflow/example_dags/example_external_task_marker_dag.py for tasks to queue
[2023-01-16T01:56:37.610+0000] {logging_mixin.py:120} INFO - [2023-01-16T01:56:37.610+0000] {dagbag.py:537} INFO - Filling up the DagBag from /home/airflow/.local/lib/python3.7/site-packages/airflow/example_dags/example_external_task_marker_dag.py
[2023-01-16T01:56:37.624+0000] {processor.py:766} INFO - DAG(s) dict_keys(['example_external_task_marker_parent', 'example_external_task_marker_child']) retrieved from /home/airflow/.local/lib/python3.7/site-packages/airflow/example_dags/example_external_task_marker_dag.py
[2023-01-16T01:56:37.697+0000] {logging_mixin.py:120} INFO - [2023-01-16T01:56:37.697+0000] {dag.py:2585} INFO - Sync 2 DAGs
[2023-01-16T01:56:37.781+0000] {logging_mixin.py:120} INFO - [2023-01-16T01:56:37.781+0000] {dag.py:3340} INFO - Setting next_dagrun for example_external_task_marker_child to None, run_after=None
[2023-01-16T01:56:37.792+0000] {logging_mixin.py:120} INFO - [2023-01-16T01:56:37.792+0000] {dag.py:3340} INFO - Setting next_dagrun for example_external_task_marker_parent to None, run_after=None
[2023-01-16T01:56:37.858+0000] {processor.py:176} INFO - Processing /home/airflow/.local/lib/python3.7/site-packages/airflow/example_dags/example_external_task_marker_dag.py took 0.262 seconds
[2023-01-16T01:57:07.971+0000] {processor.py:154} INFO - Started process (PID=22216) to work on /home/airflow/.local/lib/python3.7/site-packages/airflow/example_dags/example_external_task_marker_dag.py
[2023-01-16T01:57:07.973+0000] {processor.py:756} INFO - Processing file /home/airflow/.local/lib/python3.7/site-packages/airflow/example_dags/example_external_task_marker_dag.py for tasks to queue
[2023-01-16T01:57:07.977+0000] {logging_mixin.py:120} INFO - [2023-01-16T01:57:07.976+0000] {dagbag.py:537} INFO - Filling up the DagBag from /home/airflow/.local/lib/python3.7/site-packages/airflow/example_dags/example_external_task_marker_dag.py
[2023-01-16T01:57:08.003+0000] {processor.py:766} INFO - DAG(s) dict_keys(['example_external_task_marker_parent', 'example_external_task_marker_child']) retrieved from /home/airflow/.local/lib/python3.7/site-packages/airflow/example_dags/example_external_task_marker_dag.py
[2023-01-16T01:57:08.108+0000] {logging_mixin.py:120} INFO - [2023-01-16T01:57:08.107+0000] {dag.py:2585} INFO - Sync 2 DAGs
[2023-01-16T01:57:08.189+0000] {logging_mixin.py:120} INFO - [2023-01-16T01:57:08.187+0000] {dag.py:3340} INFO - Setting next_dagrun for example_external_task_marker_child to None, run_after=None
[2023-01-16T01:57:08.200+0000] {logging_mixin.py:120} INFO - [2023-01-16T01:57:08.200+0000] {dag.py:3340} INFO - Setting next_dagrun for example_external_task_marker_parent to None, run_after=None
[2023-01-16T01:57:08.247+0000] {processor.py:176} INFO - Processing /home/airflow/.local/lib/python3.7/site-packages/airflow/example_dags/example_external_task_marker_dag.py took 0.293 seconds
[2023-01-16T01:57:38.507+0000] {processor.py:154} INFO - Started process (PID=22283) to work on /home/airflow/.local/lib/python3.7/site-packages/airflow/example_dags/example_external_task_marker_dag.py
[2023-01-16T01:57:38.509+0000] {processor.py:756} INFO - Processing file /home/airflow/.local/lib/python3.7/site-packages/airflow/example_dags/example_external_task_marker_dag.py for tasks to queue
[2023-01-16T01:57:38.511+0000] {logging_mixin.py:120} INFO - [2023-01-16T01:57:38.510+0000] {dagbag.py:537} INFO - Filling up the DagBag from /home/airflow/.local/lib/python3.7/site-packages/airflow/example_dags/example_external_task_marker_dag.py
[2023-01-16T01:57:38.529+0000] {processor.py:766} INFO - DAG(s) dict_keys(['example_external_task_marker_child', 'example_external_task_marker_parent']) retrieved from /home/airflow/.local/lib/python3.7/site-packages/airflow/example_dags/example_external_task_marker_dag.py
[2023-01-16T01:57:38.622+0000] {logging_mixin.py:120} INFO - [2023-01-16T01:57:38.621+0000] {dag.py:2585} INFO - Sync 2 DAGs
[2023-01-16T01:57:38.738+0000] {logging_mixin.py:120} INFO - [2023-01-16T01:57:38.737+0000] {dag.py:3340} INFO - Setting next_dagrun for example_external_task_marker_child to None, run_after=None
[2023-01-16T01:57:38.748+0000] {logging_mixin.py:120} INFO - [2023-01-16T01:57:38.748+0000] {dag.py:3340} INFO - Setting next_dagrun for example_external_task_marker_parent to None, run_after=None
[2023-01-16T01:57:38.834+0000] {processor.py:176} INFO - Processing /home/airflow/.local/lib/python3.7/site-packages/airflow/example_dags/example_external_task_marker_dag.py took 0.334 seconds
[2023-01-16T01:58:09.221+0000] {processor.py:154} INFO - Started process (PID=22340) to work on /home/airflow/.local/lib/python3.7/site-packages/airflow/example_dags/example_external_task_marker_dag.py
[2023-01-16T01:58:09.222+0000] {processor.py:756} INFO - Processing file /home/airflow/.local/lib/python3.7/site-packages/airflow/example_dags/example_external_task_marker_dag.py for tasks to queue
[2023-01-16T01:58:09.224+0000] {logging_mixin.py:120} INFO - [2023-01-16T01:58:09.224+0000] {dagbag.py:537} INFO - Filling up the DagBag from /home/airflow/.local/lib/python3.7/site-packages/airflow/example_dags/example_external_task_marker_dag.py
[2023-01-16T01:58:09.237+0000] {processor.py:766} INFO - DAG(s) dict_keys(['example_external_task_marker_parent', 'example_external_task_marker_child']) retrieved from /home/airflow/.local/lib/python3.7/site-packages/airflow/example_dags/example_external_task_marker_dag.py
[2023-01-16T01:58:09.287+0000] {logging_mixin.py:120} INFO - [2023-01-16T01:58:09.287+0000] {dag.py:2585} INFO - Sync 2 DAGs
[2023-01-16T01:58:09.334+0000] {logging_mixin.py:120} INFO - [2023-01-16T01:58:09.333+0000] {dag.py:3340} INFO - Setting next_dagrun for example_external_task_marker_child to None, run_after=None
[2023-01-16T01:58:09.341+0000] {logging_mixin.py:120} INFO - [2023-01-16T01:58:09.341+0000] {dag.py:3340} INFO - Setting next_dagrun for example_external_task_marker_parent to None, run_after=None
[2023-01-16T01:58:09.382+0000] {processor.py:176} INFO - Processing /home/airflow/.local/lib/python3.7/site-packages/airflow/example_dags/example_external_task_marker_dag.py took 0.167 seconds
[2023-01-16T01:58:39.645+0000] {processor.py:154} INFO - Started process (PID=22407) to work on /home/airflow/.local/lib/python3.7/site-packages/airflow/example_dags/example_external_task_marker_dag.py
[2023-01-16T01:58:39.646+0000] {processor.py:756} INFO - Processing file /home/airflow/.local/lib/python3.7/site-packages/airflow/example_dags/example_external_task_marker_dag.py for tasks to queue
[2023-01-16T01:58:39.647+0000] {logging_mixin.py:120} INFO - [2023-01-16T01:58:39.647+0000] {dagbag.py:537} INFO - Filling up the DagBag from /home/airflow/.local/lib/python3.7/site-packages/airflow/example_dags/example_external_task_marker_dag.py
[2023-01-16T01:58:39.652+0000] {processor.py:766} INFO - DAG(s) dict_keys(['example_external_task_marker_child', 'example_external_task_marker_parent']) retrieved from /home/airflow/.local/lib/python3.7/site-packages/airflow/example_dags/example_external_task_marker_dag.py
[2023-01-16T01:58:39.676+0000] {logging_mixin.py:120} INFO - [2023-01-16T01:58:39.676+0000] {dag.py:2585} INFO - Sync 2 DAGs
[2023-01-16T01:58:39.702+0000] {logging_mixin.py:120} INFO - [2023-01-16T01:58:39.702+0000] {dag.py:3340} INFO - Setting next_dagrun for example_external_task_marker_child to None, run_after=None
[2023-01-16T01:58:39.706+0000] {logging_mixin.py:120} INFO - [2023-01-16T01:58:39.706+0000] {dag.py:3340} INFO - Setting next_dagrun for example_external_task_marker_parent to None, run_after=None
[2023-01-16T01:58:39.738+0000] {processor.py:176} INFO - Processing /home/airflow/.local/lib/python3.7/site-packages/airflow/example_dags/example_external_task_marker_dag.py took 0.096 seconds
[2023-01-16T01:59:10.407+0000] {processor.py:154} INFO - Started process (PID=22464) to work on /home/airflow/.local/lib/python3.7/site-packages/airflow/example_dags/example_external_task_marker_dag.py
[2023-01-16T01:59:10.409+0000] {processor.py:756} INFO - Processing file /home/airflow/.local/lib/python3.7/site-packages/airflow/example_dags/example_external_task_marker_dag.py for tasks to queue
[2023-01-16T01:59:10.409+0000] {logging_mixin.py:120} INFO - [2023-01-16T01:59:10.409+0000] {dagbag.py:537} INFO - Filling up the DagBag from /home/airflow/.local/lib/python3.7/site-packages/airflow/example_dags/example_external_task_marker_dag.py
[2023-01-16T01:59:10.415+0000] {processor.py:766} INFO - DAG(s) dict_keys(['example_external_task_marker_child', 'example_external_task_marker_parent']) retrieved from /home/airflow/.local/lib/python3.7/site-packages/airflow/example_dags/example_external_task_marker_dag.py
[2023-01-16T01:59:10.443+0000] {logging_mixin.py:120} INFO - [2023-01-16T01:59:10.443+0000] {dag.py:2585} INFO - Sync 2 DAGs
[2023-01-16T01:59:10.467+0000] {logging_mixin.py:120} INFO - [2023-01-16T01:59:10.467+0000] {dag.py:3340} INFO - Setting next_dagrun for example_external_task_marker_child to None, run_after=None
[2023-01-16T01:59:10.471+0000] {logging_mixin.py:120} INFO - [2023-01-16T01:59:10.471+0000] {dag.py:3340} INFO - Setting next_dagrun for example_external_task_marker_parent to None, run_after=None
[2023-01-16T01:59:10.491+0000] {processor.py:176} INFO - Processing /home/airflow/.local/lib/python3.7/site-packages/airflow/example_dags/example_external_task_marker_dag.py took 0.087 seconds
[2023-01-16T01:59:41.363+0000] {processor.py:154} INFO - Started process (PID=22531) to work on /home/airflow/.local/lib/python3.7/site-packages/airflow/example_dags/example_external_task_marker_dag.py
[2023-01-16T01:59:41.365+0000] {processor.py:756} INFO - Processing file /home/airflow/.local/lib/python3.7/site-packages/airflow/example_dags/example_external_task_marker_dag.py for tasks to queue
[2023-01-16T01:59:41.367+0000] {logging_mixin.py:120} INFO - [2023-01-16T01:59:41.367+0000] {dagbag.py:537} INFO - Filling up the DagBag from /home/airflow/.local/lib/python3.7/site-packages/airflow/example_dags/example_external_task_marker_dag.py
[2023-01-16T01:59:41.377+0000] {processor.py:766} INFO - DAG(s) dict_keys(['example_external_task_marker_child', 'example_external_task_marker_parent']) retrieved from /home/airflow/.local/lib/python3.7/site-packages/airflow/example_dags/example_external_task_marker_dag.py
[2023-01-16T01:59:41.413+0000] {logging_mixin.py:120} INFO - [2023-01-16T01:59:41.413+0000] {dag.py:2585} INFO - Sync 2 DAGs
[2023-01-16T01:59:41.443+0000] {logging_mixin.py:120} INFO - [2023-01-16T01:59:41.443+0000] {dag.py:3340} INFO - Setting next_dagrun for example_external_task_marker_child to None, run_after=None
[2023-01-16T01:59:41.449+0000] {logging_mixin.py:120} INFO - [2023-01-16T01:59:41.449+0000] {dag.py:3340} INFO - Setting next_dagrun for example_external_task_marker_parent to None, run_after=None
[2023-01-16T01:59:41.474+0000] {processor.py:176} INFO - Processing /home/airflow/.local/lib/python3.7/site-packages/airflow/example_dags/example_external_task_marker_dag.py took 0.121 seconds
[2023-01-16T02:00:11.757+0000] {processor.py:154} INFO - Started process (PID=22588) to work on /home/airflow/.local/lib/python3.7/site-packages/airflow/example_dags/example_external_task_marker_dag.py
[2023-01-16T02:00:11.759+0000] {processor.py:756} INFO - Processing file /home/airflow/.local/lib/python3.7/site-packages/airflow/example_dags/example_external_task_marker_dag.py for tasks to queue
[2023-01-16T02:00:11.760+0000] {logging_mixin.py:120} INFO - [2023-01-16T02:00:11.760+0000] {dagbag.py:537} INFO - Filling up the DagBag from /home/airflow/.local/lib/python3.7/site-packages/airflow/example_dags/example_external_task_marker_dag.py
[2023-01-16T02:00:11.768+0000] {processor.py:766} INFO - DAG(s) dict_keys(['example_external_task_marker_parent', 'example_external_task_marker_child']) retrieved from /home/airflow/.local/lib/python3.7/site-packages/airflow/example_dags/example_external_task_marker_dag.py
[2023-01-16T02:00:11.801+0000] {logging_mixin.py:120} INFO - [2023-01-16T02:00:11.801+0000] {dag.py:2585} INFO - Sync 2 DAGs
[2023-01-16T02:00:11.834+0000] {logging_mixin.py:120} INFO - [2023-01-16T02:00:11.834+0000] {dag.py:3340} INFO - Setting next_dagrun for example_external_task_marker_child to None, run_after=None
[2023-01-16T02:00:11.840+0000] {logging_mixin.py:120} INFO - [2023-01-16T02:00:11.839+0000] {dag.py:3340} INFO - Setting next_dagrun for example_external_task_marker_parent to None, run_after=None
[2023-01-16T02:00:11.860+0000] {processor.py:176} INFO - Processing /home/airflow/.local/lib/python3.7/site-packages/airflow/example_dags/example_external_task_marker_dag.py took 0.108 seconds
[2023-01-16T02:00:43.418+0000] {processor.py:154} INFO - Started process (PID=22657) to work on /home/airflow/.local/lib/python3.7/site-packages/airflow/example_dags/example_external_task_marker_dag.py
[2023-01-16T02:00:43.419+0000] {processor.py:756} INFO - Processing file /home/airflow/.local/lib/python3.7/site-packages/airflow/example_dags/example_external_task_marker_dag.py for tasks to queue
[2023-01-16T02:00:43.421+0000] {logging_mixin.py:120} INFO - [2023-01-16T02:00:43.421+0000] {dagbag.py:537} INFO - Filling up the DagBag from /home/airflow/.local/lib/python3.7/site-packages/airflow/example_dags/example_external_task_marker_dag.py
[2023-01-16T02:00:43.436+0000] {processor.py:766} INFO - DAG(s) dict_keys(['example_external_task_marker_parent', 'example_external_task_marker_child']) retrieved from /home/airflow/.local/lib/python3.7/site-packages/airflow/example_dags/example_external_task_marker_dag.py
[2023-01-16T02:00:43.503+0000] {logging_mixin.py:120} INFO - [2023-01-16T02:00:43.503+0000] {dag.py:2585} INFO - Sync 2 DAGs
[2023-01-16T02:00:43.559+0000] {logging_mixin.py:120} INFO - [2023-01-16T02:00:43.559+0000] {dag.py:3340} INFO - Setting next_dagrun for example_external_task_marker_child to None, run_after=None
[2023-01-16T02:00:43.567+0000] {logging_mixin.py:120} INFO - [2023-01-16T02:00:43.567+0000] {dag.py:3340} INFO - Setting next_dagrun for example_external_task_marker_parent to None, run_after=None
[2023-01-16T02:00:43.617+0000] {processor.py:176} INFO - Processing /home/airflow/.local/lib/python3.7/site-packages/airflow/example_dags/example_external_task_marker_dag.py took 0.209 seconds
[2023-01-16T02:01:14.510+0000] {processor.py:154} INFO - Started process (PID=22726) to work on /home/airflow/.local/lib/python3.7/site-packages/airflow/example_dags/example_external_task_marker_dag.py
[2023-01-16T02:01:14.512+0000] {processor.py:756} INFO - Processing file /home/airflow/.local/lib/python3.7/site-packages/airflow/example_dags/example_external_task_marker_dag.py for tasks to queue
[2023-01-16T02:01:14.513+0000] {logging_mixin.py:120} INFO - [2023-01-16T02:01:14.512+0000] {dagbag.py:537} INFO - Filling up the DagBag from /home/airflow/.local/lib/python3.7/site-packages/airflow/example_dags/example_external_task_marker_dag.py
[2023-01-16T02:01:14.520+0000] {processor.py:766} INFO - DAG(s) dict_keys(['example_external_task_marker_parent', 'example_external_task_marker_child']) retrieved from /home/airflow/.local/lib/python3.7/site-packages/airflow/example_dags/example_external_task_marker_dag.py
[2023-01-16T02:01:14.554+0000] {logging_mixin.py:120} INFO - [2023-01-16T02:01:14.554+0000] {dag.py:2585} INFO - Sync 2 DAGs
[2023-01-16T02:01:14.585+0000] {logging_mixin.py:120} INFO - [2023-01-16T02:01:14.585+0000] {dag.py:3340} INFO - Setting next_dagrun for example_external_task_marker_child to None, run_after=None
[2023-01-16T02:01:14.589+0000] {logging_mixin.py:120} INFO - [2023-01-16T02:01:14.589+0000] {dag.py:3340} INFO - Setting next_dagrun for example_external_task_marker_parent to None, run_after=None
[2023-01-16T02:01:14.615+0000] {processor.py:176} INFO - Processing /home/airflow/.local/lib/python3.7/site-packages/airflow/example_dags/example_external_task_marker_dag.py took 0.108 seconds
[2023-01-16T02:01:45.193+0000] {processor.py:154} INFO - Started process (PID=22795) to work on /home/airflow/.local/lib/python3.7/site-packages/airflow/example_dags/example_external_task_marker_dag.py
[2023-01-16T02:01:45.195+0000] {processor.py:756} INFO - Processing file /home/airflow/.local/lib/python3.7/site-packages/airflow/example_dags/example_external_task_marker_dag.py for tasks to queue
[2023-01-16T02:01:45.197+0000] {logging_mixin.py:120} INFO - [2023-01-16T02:01:45.196+0000] {dagbag.py:537} INFO - Filling up the DagBag from /home/airflow/.local/lib/python3.7/site-packages/airflow/example_dags/example_external_task_marker_dag.py
[2023-01-16T02:01:45.203+0000] {processor.py:766} INFO - DAG(s) dict_keys(['example_external_task_marker_child', 'example_external_task_marker_parent']) retrieved from /home/airflow/.local/lib/python3.7/site-packages/airflow/example_dags/example_external_task_marker_dag.py
[2023-01-16T02:01:45.248+0000] {logging_mixin.py:120} INFO - [2023-01-16T02:01:45.248+0000] {dag.py:2585} INFO - Sync 2 DAGs
[2023-01-16T02:01:45.292+0000] {logging_mixin.py:120} INFO - [2023-01-16T02:01:45.292+0000] {dag.py:3340} INFO - Setting next_dagrun for example_external_task_marker_child to None, run_after=None
[2023-01-16T02:01:45.300+0000] {logging_mixin.py:120} INFO - [2023-01-16T02:01:45.299+0000] {dag.py:3340} INFO - Setting next_dagrun for example_external_task_marker_parent to None, run_after=None
[2023-01-16T02:01:45.332+0000] {processor.py:176} INFO - Processing /home/airflow/.local/lib/python3.7/site-packages/airflow/example_dags/example_external_task_marker_dag.py took 0.145 seconds
