[2023-01-16T01:55:56.000+0000] {processor.py:154} INFO - Started process (PID=22067) to work on /home/airflow/.local/lib/python3.7/site-packages/airflow/example_dags/example_dag_decorator.py
[2023-01-16T01:55:56.045+0000] {processor.py:756} INFO - Processing file /home/airflow/.local/lib/python3.7/site-packages/airflow/example_dags/example_dag_decorator.py for tasks to queue
[2023-01-16T01:55:56.063+0000] {logging_mixin.py:120} INFO - [2023-01-16T01:55:56.063+0000] {dagbag.py:537} INFO - Filling up the DagBag from /home/airflow/.local/lib/python3.7/site-packages/airflow/example_dags/example_dag_decorator.py
[2023-01-16T01:55:56.367+0000] {logging_mixin.py:120} INFO - [2023-01-16T01:55:56.367+0000] {taskmixin.py:205} WARNING - Dependency <Task(_PythonDecoratedOperator): prepare_email>, send_email already registered for DAG: example_dag_decorator
[2023-01-16T01:55:56.383+0000] {logging_mixin.py:120} INFO - [2023-01-16T01:55:56.382+0000] {taskmixin.py:205} WARNING - Dependency <Task(EmailOperator): send_email>, prepare_email already registered for DAG: example_dag_decorator
[2023-01-16T01:55:56.503+0000] {processor.py:766} INFO - DAG(s) dict_keys(['example_dag_decorator']) retrieved from /home/airflow/.local/lib/python3.7/site-packages/airflow/example_dags/example_dag_decorator.py
[2023-01-16T01:55:56.919+0000] {logging_mixin.py:120} INFO - [2023-01-16T01:55:56.918+0000] {dag.py:2585} INFO - Sync 1 DAGs
[2023-01-16T01:55:57.077+0000] {logging_mixin.py:120} INFO - [2023-01-16T01:55:57.076+0000] {dag.py:3340} INFO - Setting next_dagrun for example_dag_decorator to None, run_after=None
[2023-01-16T01:55:57.298+0000] {processor.py:176} INFO - Processing /home/airflow/.local/lib/python3.7/site-packages/airflow/example_dags/example_dag_decorator.py took 1.331 seconds
[2023-01-16T01:56:27.930+0000] {processor.py:154} INFO - Started process (PID=22125) to work on /home/airflow/.local/lib/python3.7/site-packages/airflow/example_dags/example_dag_decorator.py
[2023-01-16T01:56:27.932+0000] {processor.py:756} INFO - Processing file /home/airflow/.local/lib/python3.7/site-packages/airflow/example_dags/example_dag_decorator.py for tasks to queue
[2023-01-16T01:56:27.933+0000] {logging_mixin.py:120} INFO - [2023-01-16T01:56:27.933+0000] {dagbag.py:537} INFO - Filling up the DagBag from /home/airflow/.local/lib/python3.7/site-packages/airflow/example_dags/example_dag_decorator.py
[2023-01-16T01:56:27.969+0000] {logging_mixin.py:120} INFO - [2023-01-16T01:56:27.969+0000] {taskmixin.py:205} WARNING - Dependency <Task(_PythonDecoratedOperator): prepare_email>, send_email already registered for DAG: example_dag_decorator
[2023-01-16T01:56:27.970+0000] {logging_mixin.py:120} INFO - [2023-01-16T01:56:27.969+0000] {taskmixin.py:205} WARNING - Dependency <Task(EmailOperator): send_email>, prepare_email already registered for DAG: example_dag_decorator
[2023-01-16T01:56:27.981+0000] {processor.py:766} INFO - DAG(s) dict_keys(['example_dag_decorator']) retrieved from /home/airflow/.local/lib/python3.7/site-packages/airflow/example_dags/example_dag_decorator.py
[2023-01-16T01:56:28.106+0000] {logging_mixin.py:120} INFO - [2023-01-16T01:56:28.106+0000] {dag.py:2585} INFO - Sync 1 DAGs
[2023-01-16T01:56:28.139+0000] {logging_mixin.py:120} INFO - [2023-01-16T01:56:28.138+0000] {dag.py:3340} INFO - Setting next_dagrun for example_dag_decorator to None, run_after=None
[2023-01-16T01:56:28.180+0000] {processor.py:176} INFO - Processing /home/airflow/.local/lib/python3.7/site-packages/airflow/example_dags/example_dag_decorator.py took 0.256 seconds
[2023-01-16T01:56:58.585+0000] {processor.py:154} INFO - Started process (PID=22192) to work on /home/airflow/.local/lib/python3.7/site-packages/airflow/example_dags/example_dag_decorator.py
[2023-01-16T01:56:58.588+0000] {processor.py:756} INFO - Processing file /home/airflow/.local/lib/python3.7/site-packages/airflow/example_dags/example_dag_decorator.py for tasks to queue
[2023-01-16T01:56:58.590+0000] {logging_mixin.py:120} INFO - [2023-01-16T01:56:58.590+0000] {dagbag.py:537} INFO - Filling up the DagBag from /home/airflow/.local/lib/python3.7/site-packages/airflow/example_dags/example_dag_decorator.py
[2023-01-16T01:56:58.637+0000] {logging_mixin.py:120} INFO - [2023-01-16T01:56:58.637+0000] {taskmixin.py:205} WARNING - Dependency <Task(_PythonDecoratedOperator): prepare_email>, send_email already registered for DAG: example_dag_decorator
[2023-01-16T01:56:58.638+0000] {logging_mixin.py:120} INFO - [2023-01-16T01:56:58.638+0000] {taskmixin.py:205} WARNING - Dependency <Task(EmailOperator): send_email>, prepare_email already registered for DAG: example_dag_decorator
[2023-01-16T01:56:58.656+0000] {processor.py:766} INFO - DAG(s) dict_keys(['example_dag_decorator']) retrieved from /home/airflow/.local/lib/python3.7/site-packages/airflow/example_dags/example_dag_decorator.py
[2023-01-16T01:56:58.823+0000] {logging_mixin.py:120} INFO - [2023-01-16T01:56:58.823+0000] {dag.py:2585} INFO - Sync 1 DAGs
[2023-01-16T01:56:58.875+0000] {logging_mixin.py:120} INFO - [2023-01-16T01:56:58.874+0000] {dag.py:3340} INFO - Setting next_dagrun for example_dag_decorator to None, run_after=None
[2023-01-16T01:56:58.943+0000] {processor.py:176} INFO - Processing /home/airflow/.local/lib/python3.7/site-packages/airflow/example_dags/example_dag_decorator.py took 0.368 seconds
[2023-01-16T01:57:29.042+0000] {processor.py:154} INFO - Started process (PID=22249) to work on /home/airflow/.local/lib/python3.7/site-packages/airflow/example_dags/example_dag_decorator.py
[2023-01-16T01:57:29.043+0000] {processor.py:756} INFO - Processing file /home/airflow/.local/lib/python3.7/site-packages/airflow/example_dags/example_dag_decorator.py for tasks to queue
[2023-01-16T01:57:29.045+0000] {logging_mixin.py:120} INFO - [2023-01-16T01:57:29.045+0000] {dagbag.py:537} INFO - Filling up the DagBag from /home/airflow/.local/lib/python3.7/site-packages/airflow/example_dags/example_dag_decorator.py
[2023-01-16T01:57:29.077+0000] {logging_mixin.py:120} INFO - [2023-01-16T01:57:29.075+0000] {taskmixin.py:205} WARNING - Dependency <Task(_PythonDecoratedOperator): prepare_email>, send_email already registered for DAG: example_dag_decorator
[2023-01-16T01:57:29.077+0000] {logging_mixin.py:120} INFO - [2023-01-16T01:57:29.077+0000] {taskmixin.py:205} WARNING - Dependency <Task(EmailOperator): send_email>, prepare_email already registered for DAG: example_dag_decorator
[2023-01-16T01:57:29.086+0000] {processor.py:766} INFO - DAG(s) dict_keys(['example_dag_decorator']) retrieved from /home/airflow/.local/lib/python3.7/site-packages/airflow/example_dags/example_dag_decorator.py
[2023-01-16T01:57:29.213+0000] {logging_mixin.py:120} INFO - [2023-01-16T01:57:29.213+0000] {dag.py:2585} INFO - Sync 1 DAGs
[2023-01-16T01:57:29.247+0000] {logging_mixin.py:120} INFO - [2023-01-16T01:57:29.246+0000] {dag.py:3340} INFO - Setting next_dagrun for example_dag_decorator to None, run_after=None
[2023-01-16T01:57:29.284+0000] {processor.py:176} INFO - Processing /home/airflow/.local/lib/python3.7/site-packages/airflow/example_dags/example_dag_decorator.py took 0.248 seconds
[2023-01-16T01:57:59.750+0000] {processor.py:154} INFO - Started process (PID=22308) to work on /home/airflow/.local/lib/python3.7/site-packages/airflow/example_dags/example_dag_decorator.py
[2023-01-16T01:57:59.752+0000] {processor.py:756} INFO - Processing file /home/airflow/.local/lib/python3.7/site-packages/airflow/example_dags/example_dag_decorator.py for tasks to queue
[2023-01-16T01:57:59.753+0000] {logging_mixin.py:120} INFO - [2023-01-16T01:57:59.753+0000] {dagbag.py:537} INFO - Filling up the DagBag from /home/airflow/.local/lib/python3.7/site-packages/airflow/example_dags/example_dag_decorator.py
[2023-01-16T01:57:59.777+0000] {logging_mixin.py:120} INFO - [2023-01-16T01:57:59.777+0000] {taskmixin.py:205} WARNING - Dependency <Task(_PythonDecoratedOperator): prepare_email>, send_email already registered for DAG: example_dag_decorator
[2023-01-16T01:57:59.778+0000] {logging_mixin.py:120} INFO - [2023-01-16T01:57:59.778+0000] {taskmixin.py:205} WARNING - Dependency <Task(EmailOperator): send_email>, prepare_email already registered for DAG: example_dag_decorator
[2023-01-16T01:57:59.786+0000] {processor.py:766} INFO - DAG(s) dict_keys(['example_dag_decorator']) retrieved from /home/airflow/.local/lib/python3.7/site-packages/airflow/example_dags/example_dag_decorator.py
[2023-01-16T01:57:59.872+0000] {logging_mixin.py:120} INFO - [2023-01-16T01:57:59.871+0000] {dag.py:2585} INFO - Sync 1 DAGs
[2023-01-16T01:57:59.898+0000] {logging_mixin.py:120} INFO - [2023-01-16T01:57:59.898+0000] {dag.py:3340} INFO - Setting next_dagrun for example_dag_decorator to None, run_after=None
[2023-01-16T01:57:59.930+0000] {processor.py:176} INFO - Processing /home/airflow/.local/lib/python3.7/site-packages/airflow/example_dags/example_dag_decorator.py took 0.184 seconds
[2023-01-16T01:58:29.983+0000] {processor.py:154} INFO - Started process (PID=22374) to work on /home/airflow/.local/lib/python3.7/site-packages/airflow/example_dags/example_dag_decorator.py
[2023-01-16T01:58:29.984+0000] {processor.py:756} INFO - Processing file /home/airflow/.local/lib/python3.7/site-packages/airflow/example_dags/example_dag_decorator.py for tasks to queue
[2023-01-16T01:58:29.985+0000] {logging_mixin.py:120} INFO - [2023-01-16T01:58:29.985+0000] {dagbag.py:537} INFO - Filling up the DagBag from /home/airflow/.local/lib/python3.7/site-packages/airflow/example_dags/example_dag_decorator.py
[2023-01-16T01:58:30.008+0000] {logging_mixin.py:120} INFO - [2023-01-16T01:58:30.008+0000] {taskmixin.py:205} WARNING - Dependency <Task(_PythonDecoratedOperator): prepare_email>, send_email already registered for DAG: example_dag_decorator
[2023-01-16T01:58:30.009+0000] {logging_mixin.py:120} INFO - [2023-01-16T01:58:30.009+0000] {taskmixin.py:205} WARNING - Dependency <Task(EmailOperator): send_email>, prepare_email already registered for DAG: example_dag_decorator
[2023-01-16T01:58:30.017+0000] {processor.py:766} INFO - DAG(s) dict_keys(['example_dag_decorator']) retrieved from /home/airflow/.local/lib/python3.7/site-packages/airflow/example_dags/example_dag_decorator.py
[2023-01-16T01:58:30.122+0000] {logging_mixin.py:120} INFO - [2023-01-16T01:58:30.121+0000] {dag.py:2585} INFO - Sync 1 DAGs
[2023-01-16T01:58:30.157+0000] {logging_mixin.py:120} INFO - [2023-01-16T01:58:30.157+0000] {dag.py:3340} INFO - Setting next_dagrun for example_dag_decorator to None, run_after=None
[2023-01-16T01:58:30.189+0000] {processor.py:176} INFO - Processing /home/airflow/.local/lib/python3.7/site-packages/airflow/example_dags/example_dag_decorator.py took 0.211 seconds
[2023-01-16T01:59:00.415+0000] {processor.py:154} INFO - Started process (PID=22440) to work on /home/airflow/.local/lib/python3.7/site-packages/airflow/example_dags/example_dag_decorator.py
[2023-01-16T01:59:00.418+0000] {processor.py:756} INFO - Processing file /home/airflow/.local/lib/python3.7/site-packages/airflow/example_dags/example_dag_decorator.py for tasks to queue
[2023-01-16T01:59:00.421+0000] {logging_mixin.py:120} INFO - [2023-01-16T01:59:00.421+0000] {dagbag.py:537} INFO - Filling up the DagBag from /home/airflow/.local/lib/python3.7/site-packages/airflow/example_dags/example_dag_decorator.py
[2023-01-16T01:59:00.466+0000] {logging_mixin.py:120} INFO - [2023-01-16T01:59:00.466+0000] {taskmixin.py:205} WARNING - Dependency <Task(_PythonDecoratedOperator): prepare_email>, send_email already registered for DAG: example_dag_decorator
[2023-01-16T01:59:00.468+0000] {logging_mixin.py:120} INFO - [2023-01-16T01:59:00.467+0000] {taskmixin.py:205} WARNING - Dependency <Task(EmailOperator): send_email>, prepare_email already registered for DAG: example_dag_decorator
[2023-01-16T01:59:00.479+0000] {processor.py:766} INFO - DAG(s) dict_keys(['example_dag_decorator']) retrieved from /home/airflow/.local/lib/python3.7/site-packages/airflow/example_dags/example_dag_decorator.py
[2023-01-16T01:59:00.625+0000] {logging_mixin.py:120} INFO - [2023-01-16T01:59:00.624+0000] {dag.py:2585} INFO - Sync 1 DAGs
[2023-01-16T01:59:00.694+0000] {logging_mixin.py:120} INFO - [2023-01-16T01:59:00.693+0000] {dag.py:3340} INFO - Setting next_dagrun for example_dag_decorator to None, run_after=None
[2023-01-16T01:59:00.748+0000] {processor.py:176} INFO - Processing /home/airflow/.local/lib/python3.7/site-packages/airflow/example_dags/example_dag_decorator.py took 0.347 seconds
[2023-01-16T01:59:30.954+0000] {processor.py:154} INFO - Started process (PID=22497) to work on /home/airflow/.local/lib/python3.7/site-packages/airflow/example_dags/example_dag_decorator.py
[2023-01-16T01:59:30.957+0000] {processor.py:756} INFO - Processing file /home/airflow/.local/lib/python3.7/site-packages/airflow/example_dags/example_dag_decorator.py for tasks to queue
[2023-01-16T01:59:30.959+0000] {logging_mixin.py:120} INFO - [2023-01-16T01:59:30.959+0000] {dagbag.py:537} INFO - Filling up the DagBag from /home/airflow/.local/lib/python3.7/site-packages/airflow/example_dags/example_dag_decorator.py
[2023-01-16T01:59:31.002+0000] {logging_mixin.py:120} INFO - [2023-01-16T01:59:31.002+0000] {taskmixin.py:205} WARNING - Dependency <Task(_PythonDecoratedOperator): prepare_email>, send_email already registered for DAG: example_dag_decorator
[2023-01-16T01:59:31.004+0000] {logging_mixin.py:120} INFO - [2023-01-16T01:59:31.003+0000] {taskmixin.py:205} WARNING - Dependency <Task(EmailOperator): send_email>, prepare_email already registered for DAG: example_dag_decorator
[2023-01-16T01:59:31.013+0000] {processor.py:766} INFO - DAG(s) dict_keys(['example_dag_decorator']) retrieved from /home/airflow/.local/lib/python3.7/site-packages/airflow/example_dags/example_dag_decorator.py
[2023-01-16T01:59:31.100+0000] {logging_mixin.py:120} INFO - [2023-01-16T01:59:31.100+0000] {dag.py:2585} INFO - Sync 1 DAGs
[2023-01-16T01:59:31.128+0000] {logging_mixin.py:120} INFO - [2023-01-16T01:59:31.128+0000] {dag.py:3340} INFO - Setting next_dagrun for example_dag_decorator to None, run_after=None
[2023-01-16T01:59:31.161+0000] {processor.py:176} INFO - Processing /home/airflow/.local/lib/python3.7/site-packages/airflow/example_dags/example_dag_decorator.py took 0.215 seconds
[2023-01-16T02:00:01.233+0000] {processor.py:154} INFO - Started process (PID=22561) to work on /home/airflow/.local/lib/python3.7/site-packages/airflow/example_dags/example_dag_decorator.py
[2023-01-16T02:00:01.235+0000] {processor.py:756} INFO - Processing file /home/airflow/.local/lib/python3.7/site-packages/airflow/example_dags/example_dag_decorator.py for tasks to queue
[2023-01-16T02:00:01.238+0000] {logging_mixin.py:120} INFO - [2023-01-16T02:00:01.237+0000] {dagbag.py:537} INFO - Filling up the DagBag from /home/airflow/.local/lib/python3.7/site-packages/airflow/example_dags/example_dag_decorator.py
[2023-01-16T02:00:01.282+0000] {logging_mixin.py:120} INFO - [2023-01-16T02:00:01.281+0000] {taskmixin.py:205} WARNING - Dependency <Task(_PythonDecoratedOperator): prepare_email>, send_email already registered for DAG: example_dag_decorator
[2023-01-16T02:00:01.283+0000] {logging_mixin.py:120} INFO - [2023-01-16T02:00:01.283+0000] {taskmixin.py:205} WARNING - Dependency <Task(EmailOperator): send_email>, prepare_email already registered for DAG: example_dag_decorator
[2023-01-16T02:00:01.300+0000] {processor.py:766} INFO - DAG(s) dict_keys(['example_dag_decorator']) retrieved from /home/airflow/.local/lib/python3.7/site-packages/airflow/example_dags/example_dag_decorator.py
[2023-01-16T02:00:01.476+0000] {logging_mixin.py:120} INFO - [2023-01-16T02:00:01.475+0000] {dag.py:2585} INFO - Sync 1 DAGs
[2023-01-16T02:00:01.517+0000] {logging_mixin.py:120} INFO - [2023-01-16T02:00:01.517+0000] {dag.py:3340} INFO - Setting next_dagrun for example_dag_decorator to None, run_after=None
[2023-01-16T02:00:01.559+0000] {processor.py:176} INFO - Processing /home/airflow/.local/lib/python3.7/site-packages/airflow/example_dags/example_dag_decorator.py took 0.335 seconds
[2023-01-16T02:00:31.720+0000] {processor.py:154} INFO - Started process (PID=22621) to work on /home/airflow/.local/lib/python3.7/site-packages/airflow/example_dags/example_dag_decorator.py
[2023-01-16T02:00:31.721+0000] {processor.py:756} INFO - Processing file /home/airflow/.local/lib/python3.7/site-packages/airflow/example_dags/example_dag_decorator.py for tasks to queue
[2023-01-16T02:00:31.722+0000] {logging_mixin.py:120} INFO - [2023-01-16T02:00:31.722+0000] {dagbag.py:537} INFO - Filling up the DagBag from /home/airflow/.local/lib/python3.7/site-packages/airflow/example_dags/example_dag_decorator.py
[2023-01-16T02:00:31.742+0000] {logging_mixin.py:120} INFO - [2023-01-16T02:00:31.742+0000] {taskmixin.py:205} WARNING - Dependency <Task(_PythonDecoratedOperator): prepare_email>, send_email already registered for DAG: example_dag_decorator
[2023-01-16T02:00:31.743+0000] {logging_mixin.py:120} INFO - [2023-01-16T02:00:31.743+0000] {taskmixin.py:205} WARNING - Dependency <Task(EmailOperator): send_email>, prepare_email already registered for DAG: example_dag_decorator
[2023-01-16T02:00:31.750+0000] {processor.py:766} INFO - DAG(s) dict_keys(['example_dag_decorator']) retrieved from /home/airflow/.local/lib/python3.7/site-packages/airflow/example_dags/example_dag_decorator.py
[2023-01-16T02:00:31.832+0000] {logging_mixin.py:120} INFO - [2023-01-16T02:00:31.831+0000] {dag.py:2585} INFO - Sync 1 DAGs
[2023-01-16T02:00:31.858+0000] {logging_mixin.py:120} INFO - [2023-01-16T02:00:31.857+0000] {dag.py:3340} INFO - Setting next_dagrun for example_dag_decorator to None, run_after=None
[2023-01-16T02:00:31.887+0000] {processor.py:176} INFO - Processing /home/airflow/.local/lib/python3.7/site-packages/airflow/example_dags/example_dag_decorator.py took 0.172 seconds
[2023-01-16T02:01:01.983+0000] {processor.py:154} INFO - Started process (PID=22690) to work on /home/airflow/.local/lib/python3.7/site-packages/airflow/example_dags/example_dag_decorator.py
[2023-01-16T02:01:01.984+0000] {processor.py:756} INFO - Processing file /home/airflow/.local/lib/python3.7/site-packages/airflow/example_dags/example_dag_decorator.py for tasks to queue
[2023-01-16T02:01:01.987+0000] {logging_mixin.py:120} INFO - [2023-01-16T02:01:01.986+0000] {dagbag.py:537} INFO - Filling up the DagBag from /home/airflow/.local/lib/python3.7/site-packages/airflow/example_dags/example_dag_decorator.py
[2023-01-16T02:01:02.004+0000] {logging_mixin.py:120} INFO - [2023-01-16T02:01:02.004+0000] {taskmixin.py:205} WARNING - Dependency <Task(_PythonDecoratedOperator): prepare_email>, send_email already registered for DAG: example_dag_decorator
[2023-01-16T02:01:02.005+0000] {logging_mixin.py:120} INFO - [2023-01-16T02:01:02.004+0000] {taskmixin.py:205} WARNING - Dependency <Task(EmailOperator): send_email>, prepare_email already registered for DAG: example_dag_decorator
[2023-01-16T02:01:02.011+0000] {processor.py:766} INFO - DAG(s) dict_keys(['example_dag_decorator']) retrieved from /home/airflow/.local/lib/python3.7/site-packages/airflow/example_dags/example_dag_decorator.py
[2023-01-16T02:01:02.085+0000] {logging_mixin.py:120} INFO - [2023-01-16T02:01:02.085+0000] {dag.py:2585} INFO - Sync 1 DAGs
[2023-01-16T02:01:02.108+0000] {logging_mixin.py:120} INFO - [2023-01-16T02:01:02.107+0000] {dag.py:3340} INFO - Setting next_dagrun for example_dag_decorator to None, run_after=None
[2023-01-16T02:01:02.131+0000] {processor.py:176} INFO - Processing /home/airflow/.local/lib/python3.7/site-packages/airflow/example_dags/example_dag_decorator.py took 0.151 seconds
[2023-01-16T02:01:32.821+0000] {processor.py:154} INFO - Started process (PID=22749) to work on /home/airflow/.local/lib/python3.7/site-packages/airflow/example_dags/example_dag_decorator.py
[2023-01-16T02:01:32.823+0000] {processor.py:756} INFO - Processing file /home/airflow/.local/lib/python3.7/site-packages/airflow/example_dags/example_dag_decorator.py for tasks to queue
[2023-01-16T02:01:32.824+0000] {logging_mixin.py:120} INFO - [2023-01-16T02:01:32.824+0000] {dagbag.py:537} INFO - Filling up the DagBag from /home/airflow/.local/lib/python3.7/site-packages/airflow/example_dags/example_dag_decorator.py
[2023-01-16T02:01:32.857+0000] {logging_mixin.py:120} INFO - [2023-01-16T02:01:32.857+0000] {taskmixin.py:205} WARNING - Dependency <Task(_PythonDecoratedOperator): prepare_email>, send_email already registered for DAG: example_dag_decorator
[2023-01-16T02:01:32.858+0000] {logging_mixin.py:120} INFO - [2023-01-16T02:01:32.858+0000] {taskmixin.py:205} WARNING - Dependency <Task(EmailOperator): send_email>, prepare_email already registered for DAG: example_dag_decorator
[2023-01-16T02:01:32.870+0000] {processor.py:766} INFO - DAG(s) dict_keys(['example_dag_decorator']) retrieved from /home/airflow/.local/lib/python3.7/site-packages/airflow/example_dags/example_dag_decorator.py
[2023-01-16T02:01:32.993+0000] {logging_mixin.py:120} INFO - [2023-01-16T02:01:32.993+0000] {dag.py:2585} INFO - Sync 1 DAGs
[2023-01-16T02:01:33.028+0000] {logging_mixin.py:120} INFO - [2023-01-16T02:01:33.028+0000] {dag.py:3340} INFO - Setting next_dagrun for example_dag_decorator to None, run_after=None
[2023-01-16T02:01:33.071+0000] {processor.py:176} INFO - Processing /home/airflow/.local/lib/python3.7/site-packages/airflow/example_dags/example_dag_decorator.py took 0.258 seconds
