[2023-01-16T01:55:49.943+0000] {processor.py:154} INFO - Started process (PID=22062) to work on /home/airflow/.local/lib/python3.7/site-packages/airflow/example_dags/example_xcom.py
[2023-01-16T01:55:49.976+0000] {processor.py:756} INFO - Processing file /home/airflow/.local/lib/python3.7/site-packages/airflow/example_dags/example_xcom.py for tasks to queue
[2023-01-16T01:55:49.993+0000] {logging_mixin.py:120} INFO - [2023-01-16T01:55:49.992+0000] {dagbag.py:537} INFO - Filling up the DagBag from /home/airflow/.local/lib/python3.7/site-packages/airflow/example_dags/example_xcom.py
[2023-01-16T01:55:50.202+0000] {processor.py:766} INFO - DAG(s) dict_keys(['example_xcom']) retrieved from /home/airflow/.local/lib/python3.7/site-packages/airflow/example_dags/example_xcom.py
[2023-01-16T01:55:50.588+0000] {logging_mixin.py:120} INFO - [2023-01-16T01:55:50.585+0000] {dag.py:2585} INFO - Sync 1 DAGs
[2023-01-16T01:55:50.942+0000] {logging_mixin.py:120} INFO - [2023-01-16T01:55:50.941+0000] {dag.py:3340} INFO - Setting next_dagrun for example_xcom to 2021-01-01T00:00:00+00:00, run_after=2021-01-01T00:00:00+00:00
[2023-01-16T01:55:51.294+0000] {processor.py:176} INFO - Processing /home/airflow/.local/lib/python3.7/site-packages/airflow/example_dags/example_xcom.py took 1.476 seconds
[2023-01-16T01:56:21.646+0000] {processor.py:154} INFO - Started process (PID=22120) to work on /home/airflow/.local/lib/python3.7/site-packages/airflow/example_dags/example_xcom.py
[2023-01-16T01:56:21.647+0000] {processor.py:756} INFO - Processing file /home/airflow/.local/lib/python3.7/site-packages/airflow/example_dags/example_xcom.py for tasks to queue
[2023-01-16T01:56:21.652+0000] {logging_mixin.py:120} INFO - [2023-01-16T01:56:21.652+0000] {dagbag.py:537} INFO - Filling up the DagBag from /home/airflow/.local/lib/python3.7/site-packages/airflow/example_dags/example_xcom.py
[2023-01-16T01:56:21.721+0000] {processor.py:766} INFO - DAG(s) dict_keys(['example_xcom']) retrieved from /home/airflow/.local/lib/python3.7/site-packages/airflow/example_dags/example_xcom.py
[2023-01-16T01:56:21.809+0000] {logging_mixin.py:120} INFO - [2023-01-16T01:56:21.808+0000] {dag.py:2585} INFO - Sync 1 DAGs
[2023-01-16T01:56:21.913+0000] {logging_mixin.py:120} INFO - [2023-01-16T01:56:21.912+0000] {dag.py:3340} INFO - Setting next_dagrun for example_xcom to 2021-01-01T00:00:00+00:00, run_after=2021-01-01T00:00:00+00:00
[2023-01-16T01:56:21.979+0000] {processor.py:176} INFO - Processing /home/airflow/.local/lib/python3.7/site-packages/airflow/example_dags/example_xcom.py took 0.342 seconds
[2023-01-16T01:56:52.099+0000] {processor.py:154} INFO - Started process (PID=22177) to work on /home/airflow/.local/lib/python3.7/site-packages/airflow/example_dags/example_xcom.py
[2023-01-16T01:56:52.102+0000] {processor.py:756} INFO - Processing file /home/airflow/.local/lib/python3.7/site-packages/airflow/example_dags/example_xcom.py for tasks to queue
[2023-01-16T01:56:52.104+0000] {logging_mixin.py:120} INFO - [2023-01-16T01:56:52.104+0000] {dagbag.py:537} INFO - Filling up the DagBag from /home/airflow/.local/lib/python3.7/site-packages/airflow/example_dags/example_xcom.py
[2023-01-16T01:56:52.156+0000] {processor.py:766} INFO - DAG(s) dict_keys(['example_xcom']) retrieved from /home/airflow/.local/lib/python3.7/site-packages/airflow/example_dags/example_xcom.py
[2023-01-16T01:56:52.201+0000] {logging_mixin.py:120} INFO - [2023-01-16T01:56:52.200+0000] {dag.py:2585} INFO - Sync 1 DAGs
[2023-01-16T01:56:52.253+0000] {logging_mixin.py:120} INFO - [2023-01-16T01:56:52.253+0000] {dag.py:3340} INFO - Setting next_dagrun for example_xcom to 2021-01-01T00:00:00+00:00, run_after=2021-01-01T00:00:00+00:00
[2023-01-16T01:56:52.300+0000] {processor.py:176} INFO - Processing /home/airflow/.local/lib/python3.7/site-packages/airflow/example_dags/example_xcom.py took 0.208 seconds
[2023-01-16T01:57:22.376+0000] {processor.py:154} INFO - Started process (PID=22235) to work on /home/airflow/.local/lib/python3.7/site-packages/airflow/example_dags/example_xcom.py
[2023-01-16T01:57:22.378+0000] {processor.py:756} INFO - Processing file /home/airflow/.local/lib/python3.7/site-packages/airflow/example_dags/example_xcom.py for tasks to queue
[2023-01-16T01:57:22.380+0000] {logging_mixin.py:120} INFO - [2023-01-16T01:57:22.380+0000] {dagbag.py:537} INFO - Filling up the DagBag from /home/airflow/.local/lib/python3.7/site-packages/airflow/example_dags/example_xcom.py
[2023-01-16T01:57:22.419+0000] {processor.py:766} INFO - DAG(s) dict_keys(['example_xcom']) retrieved from /home/airflow/.local/lib/python3.7/site-packages/airflow/example_dags/example_xcom.py
[2023-01-16T01:57:22.467+0000] {logging_mixin.py:120} INFO - [2023-01-16T01:57:22.467+0000] {dag.py:2585} INFO - Sync 1 DAGs
[2023-01-16T01:57:22.515+0000] {logging_mixin.py:120} INFO - [2023-01-16T01:57:22.514+0000] {dag.py:3340} INFO - Setting next_dagrun for example_xcom to 2021-01-01T00:00:00+00:00, run_after=2021-01-01T00:00:00+00:00
[2023-01-16T01:57:22.556+0000] {processor.py:176} INFO - Processing /home/airflow/.local/lib/python3.7/site-packages/airflow/example_dags/example_xcom.py took 0.187 seconds
[2023-01-16T01:57:52.885+0000] {processor.py:154} INFO - Started process (PID=22302) to work on /home/airflow/.local/lib/python3.7/site-packages/airflow/example_dags/example_xcom.py
[2023-01-16T01:57:52.886+0000] {processor.py:756} INFO - Processing file /home/airflow/.local/lib/python3.7/site-packages/airflow/example_dags/example_xcom.py for tasks to queue
[2023-01-16T01:57:52.888+0000] {logging_mixin.py:120} INFO - [2023-01-16T01:57:52.888+0000] {dagbag.py:537} INFO - Filling up the DagBag from /home/airflow/.local/lib/python3.7/site-packages/airflow/example_dags/example_xcom.py
[2023-01-16T01:57:52.916+0000] {processor.py:766} INFO - DAG(s) dict_keys(['example_xcom']) retrieved from /home/airflow/.local/lib/python3.7/site-packages/airflow/example_dags/example_xcom.py
[2023-01-16T01:57:52.958+0000] {logging_mixin.py:120} INFO - [2023-01-16T01:57:52.958+0000] {dag.py:2585} INFO - Sync 1 DAGs
[2023-01-16T01:57:53.013+0000] {logging_mixin.py:120} INFO - [2023-01-16T01:57:53.012+0000] {dag.py:3340} INFO - Setting next_dagrun for example_xcom to 2021-01-01T00:00:00+00:00, run_after=2021-01-01T00:00:00+00:00
[2023-01-16T01:57:53.057+0000] {processor.py:176} INFO - Processing /home/airflow/.local/lib/python3.7/site-packages/airflow/example_dags/example_xcom.py took 0.179 seconds
[2023-01-16T01:58:23.231+0000] {processor.py:154} INFO - Started process (PID=22359) to work on /home/airflow/.local/lib/python3.7/site-packages/airflow/example_dags/example_xcom.py
[2023-01-16T01:58:23.232+0000] {processor.py:756} INFO - Processing file /home/airflow/.local/lib/python3.7/site-packages/airflow/example_dags/example_xcom.py for tasks to queue
[2023-01-16T01:58:23.233+0000] {logging_mixin.py:120} INFO - [2023-01-16T01:58:23.233+0000] {dagbag.py:537} INFO - Filling up the DagBag from /home/airflow/.local/lib/python3.7/site-packages/airflow/example_dags/example_xcom.py
[2023-01-16T01:58:23.261+0000] {processor.py:766} INFO - DAG(s) dict_keys(['example_xcom']) retrieved from /home/airflow/.local/lib/python3.7/site-packages/airflow/example_dags/example_xcom.py
[2023-01-16T01:58:23.295+0000] {logging_mixin.py:120} INFO - [2023-01-16T01:58:23.295+0000] {dag.py:2585} INFO - Sync 1 DAGs
[2023-01-16T01:58:23.326+0000] {logging_mixin.py:120} INFO - [2023-01-16T01:58:23.326+0000] {dag.py:3340} INFO - Setting next_dagrun for example_xcom to 2021-01-01T00:00:00+00:00, run_after=2021-01-01T00:00:00+00:00
[2023-01-16T01:58:23.351+0000] {processor.py:176} INFO - Processing /home/airflow/.local/lib/python3.7/site-packages/airflow/example_dags/example_xcom.py took 0.126 seconds
[2023-01-16T01:58:53.524+0000] {processor.py:154} INFO - Started process (PID=22425) to work on /home/airflow/.local/lib/python3.7/site-packages/airflow/example_dags/example_xcom.py
[2023-01-16T01:58:53.525+0000] {processor.py:756} INFO - Processing file /home/airflow/.local/lib/python3.7/site-packages/airflow/example_dags/example_xcom.py for tasks to queue
[2023-01-16T01:58:53.526+0000] {logging_mixin.py:120} INFO - [2023-01-16T01:58:53.526+0000] {dagbag.py:537} INFO - Filling up the DagBag from /home/airflow/.local/lib/python3.7/site-packages/airflow/example_dags/example_xcom.py
[2023-01-16T01:58:53.551+0000] {processor.py:766} INFO - DAG(s) dict_keys(['example_xcom']) retrieved from /home/airflow/.local/lib/python3.7/site-packages/airflow/example_dags/example_xcom.py
[2023-01-16T01:58:53.604+0000] {logging_mixin.py:120} INFO - [2023-01-16T01:58:53.604+0000] {dag.py:2585} INFO - Sync 1 DAGs
[2023-01-16T01:58:53.661+0000] {logging_mixin.py:120} INFO - [2023-01-16T01:58:53.661+0000] {dag.py:3340} INFO - Setting next_dagrun for example_xcom to 2021-01-01T00:00:00+00:00, run_after=2021-01-01T00:00:00+00:00
[2023-01-16T01:58:53.745+0000] {processor.py:176} INFO - Processing /home/airflow/.local/lib/python3.7/site-packages/airflow/example_dags/example_xcom.py took 0.226 seconds
[2023-01-16T01:59:24.220+0000] {processor.py:154} INFO - Started process (PID=22491) to work on /home/airflow/.local/lib/python3.7/site-packages/airflow/example_dags/example_xcom.py
[2023-01-16T01:59:24.222+0000] {processor.py:756} INFO - Processing file /home/airflow/.local/lib/python3.7/site-packages/airflow/example_dags/example_xcom.py for tasks to queue
[2023-01-16T01:59:24.225+0000] {logging_mixin.py:120} INFO - [2023-01-16T01:59:24.225+0000] {dagbag.py:537} INFO - Filling up the DagBag from /home/airflow/.local/lib/python3.7/site-packages/airflow/example_dags/example_xcom.py
[2023-01-16T01:59:24.258+0000] {processor.py:766} INFO - DAG(s) dict_keys(['example_xcom']) retrieved from /home/airflow/.local/lib/python3.7/site-packages/airflow/example_dags/example_xcom.py
[2023-01-16T01:59:24.313+0000] {logging_mixin.py:120} INFO - [2023-01-16T01:59:24.312+0000] {dag.py:2585} INFO - Sync 1 DAGs
[2023-01-16T01:59:24.362+0000] {logging_mixin.py:120} INFO - [2023-01-16T01:59:24.361+0000] {dag.py:3340} INFO - Setting next_dagrun for example_xcom to 2021-01-01T00:00:00+00:00, run_after=2021-01-01T00:00:00+00:00
[2023-01-16T01:59:24.407+0000] {processor.py:176} INFO - Processing /home/airflow/.local/lib/python3.7/site-packages/airflow/example_dags/example_xcom.py took 0.193 seconds
[2023-01-16T01:59:55.290+0000] {processor.py:154} INFO - Started process (PID=22549) to work on /home/airflow/.local/lib/python3.7/site-packages/airflow/example_dags/example_xcom.py
[2023-01-16T01:59:55.293+0000] {processor.py:756} INFO - Processing file /home/airflow/.local/lib/python3.7/site-packages/airflow/example_dags/example_xcom.py for tasks to queue
[2023-01-16T01:59:55.295+0000] {logging_mixin.py:120} INFO - [2023-01-16T01:59:55.294+0000] {dagbag.py:537} INFO - Filling up the DagBag from /home/airflow/.local/lib/python3.7/site-packages/airflow/example_dags/example_xcom.py
[2023-01-16T01:59:55.318+0000] {processor.py:766} INFO - DAG(s) dict_keys(['example_xcom']) retrieved from /home/airflow/.local/lib/python3.7/site-packages/airflow/example_dags/example_xcom.py
[2023-01-16T01:59:55.354+0000] {logging_mixin.py:120} INFO - [2023-01-16T01:59:55.353+0000] {dag.py:2585} INFO - Sync 1 DAGs
[2023-01-16T01:59:55.381+0000] {logging_mixin.py:120} INFO - [2023-01-16T01:59:55.381+0000] {dag.py:3340} INFO - Setting next_dagrun for example_xcom to 2021-01-01T00:00:00+00:00, run_after=2021-01-01T00:00:00+00:00
[2023-01-16T01:59:55.424+0000] {processor.py:176} INFO - Processing /home/airflow/.local/lib/python3.7/site-packages/airflow/example_dags/example_xcom.py took 0.145 seconds
[2023-01-16T02:00:25.703+0000] {processor.py:154} INFO - Started process (PID=22615) to work on /home/airflow/.local/lib/python3.7/site-packages/airflow/example_dags/example_xcom.py
[2023-01-16T02:00:25.705+0000] {processor.py:756} INFO - Processing file /home/airflow/.local/lib/python3.7/site-packages/airflow/example_dags/example_xcom.py for tasks to queue
[2023-01-16T02:00:25.706+0000] {logging_mixin.py:120} INFO - [2023-01-16T02:00:25.706+0000] {dagbag.py:537} INFO - Filling up the DagBag from /home/airflow/.local/lib/python3.7/site-packages/airflow/example_dags/example_xcom.py
[2023-01-16T02:00:25.729+0000] {processor.py:766} INFO - DAG(s) dict_keys(['example_xcom']) retrieved from /home/airflow/.local/lib/python3.7/site-packages/airflow/example_dags/example_xcom.py
[2023-01-16T02:00:25.764+0000] {logging_mixin.py:120} INFO - [2023-01-16T02:00:25.764+0000] {dag.py:2585} INFO - Sync 1 DAGs
[2023-01-16T02:00:25.805+0000] {logging_mixin.py:120} INFO - [2023-01-16T02:00:25.805+0000] {dag.py:3340} INFO - Setting next_dagrun for example_xcom to 2021-01-01T00:00:00+00:00, run_after=2021-01-01T00:00:00+00:00
[2023-01-16T02:00:25.831+0000] {processor.py:176} INFO - Processing /home/airflow/.local/lib/python3.7/site-packages/airflow/example_dags/example_xcom.py took 0.133 seconds
[2023-01-16T02:00:56.478+0000] {processor.py:154} INFO - Started process (PID=22675) to work on /home/airflow/.local/lib/python3.7/site-packages/airflow/example_dags/example_xcom.py
[2023-01-16T02:00:56.479+0000] {processor.py:756} INFO - Processing file /home/airflow/.local/lib/python3.7/site-packages/airflow/example_dags/example_xcom.py for tasks to queue
[2023-01-16T02:00:56.480+0000] {logging_mixin.py:120} INFO - [2023-01-16T02:00:56.480+0000] {dagbag.py:537} INFO - Filling up the DagBag from /home/airflow/.local/lib/python3.7/site-packages/airflow/example_dags/example_xcom.py
[2023-01-16T02:00:56.506+0000] {processor.py:766} INFO - DAG(s) dict_keys(['example_xcom']) retrieved from /home/airflow/.local/lib/python3.7/site-packages/airflow/example_dags/example_xcom.py
[2023-01-16T02:00:56.537+0000] {logging_mixin.py:120} INFO - [2023-01-16T02:00:56.537+0000] {dag.py:2585} INFO - Sync 1 DAGs
[2023-01-16T02:00:56.564+0000] {logging_mixin.py:120} INFO - [2023-01-16T02:00:56.564+0000] {dag.py:3340} INFO - Setting next_dagrun for example_xcom to 2021-01-01T00:00:00+00:00, run_after=2021-01-01T00:00:00+00:00
[2023-01-16T02:00:56.593+0000] {processor.py:176} INFO - Processing /home/airflow/.local/lib/python3.7/site-packages/airflow/example_dags/example_xcom.py took 0.119 seconds
[2023-01-16T02:01:27.193+0000] {processor.py:154} INFO - Started process (PID=22744) to work on /home/airflow/.local/lib/python3.7/site-packages/airflow/example_dags/example_xcom.py
[2023-01-16T02:01:27.194+0000] {processor.py:756} INFO - Processing file /home/airflow/.local/lib/python3.7/site-packages/airflow/example_dags/example_xcom.py for tasks to queue
[2023-01-16T02:01:27.196+0000] {logging_mixin.py:120} INFO - [2023-01-16T02:01:27.196+0000] {dagbag.py:537} INFO - Filling up the DagBag from /home/airflow/.local/lib/python3.7/site-packages/airflow/example_dags/example_xcom.py
[2023-01-16T02:01:27.232+0000] {processor.py:766} INFO - DAG(s) dict_keys(['example_xcom']) retrieved from /home/airflow/.local/lib/python3.7/site-packages/airflow/example_dags/example_xcom.py
[2023-01-16T02:01:27.263+0000] {logging_mixin.py:120} INFO - [2023-01-16T02:01:27.263+0000] {dag.py:2585} INFO - Sync 1 DAGs
[2023-01-16T02:01:27.294+0000] {logging_mixin.py:120} INFO - [2023-01-16T02:01:27.294+0000] {dag.py:3340} INFO - Setting next_dagrun for example_xcom to 2021-01-01T00:00:00+00:00, run_after=2021-01-01T00:00:00+00:00
[2023-01-16T02:01:27.321+0000] {processor.py:176} INFO - Processing /home/airflow/.local/lib/python3.7/site-packages/airflow/example_dags/example_xcom.py took 0.136 seconds
[2023-01-16T02:01:58.021+0000] {processor.py:154} INFO - Started process (PID=22813) to work on /home/airflow/.local/lib/python3.7/site-packages/airflow/example_dags/example_xcom.py
[2023-01-16T02:01:58.024+0000] {processor.py:756} INFO - Processing file /home/airflow/.local/lib/python3.7/site-packages/airflow/example_dags/example_xcom.py for tasks to queue
[2023-01-16T02:01:58.026+0000] {logging_mixin.py:120} INFO - [2023-01-16T02:01:58.026+0000] {dagbag.py:537} INFO - Filling up the DagBag from /home/airflow/.local/lib/python3.7/site-packages/airflow/example_dags/example_xcom.py
[2023-01-16T02:01:58.060+0000] {processor.py:766} INFO - DAG(s) dict_keys(['example_xcom']) retrieved from /home/airflow/.local/lib/python3.7/site-packages/airflow/example_dags/example_xcom.py
[2023-01-16T02:01:58.097+0000] {logging_mixin.py:120} INFO - [2023-01-16T02:01:58.097+0000] {dag.py:2585} INFO - Sync 1 DAGs
[2023-01-16T02:01:58.129+0000] {logging_mixin.py:120} INFO - [2023-01-16T02:01:58.129+0000] {dag.py:3340} INFO - Setting next_dagrun for example_xcom to 2021-01-01T00:00:00+00:00, run_after=2021-01-01T00:00:00+00:00
[2023-01-16T02:01:58.162+0000] {processor.py:176} INFO - Processing /home/airflow/.local/lib/python3.7/site-packages/airflow/example_dags/example_xcom.py took 0.151 seconds
