[2023-01-16T01:56:05.000+0000] {processor.py:154} INFO - Started process (PID=22097) to work on /home/airflow/.local/lib/python3.7/site-packages/airflow/example_dags/example_local_kubernetes_executor.py
[2023-01-16T01:56:05.009+0000] {processor.py:756} INFO - Processing file /home/airflow/.local/lib/python3.7/site-packages/airflow/example_dags/example_local_kubernetes_executor.py for tasks to queue
[2023-01-16T01:56:05.017+0000] {logging_mixin.py:120} INFO - [2023-01-16T01:56:05.016+0000] {dagbag.py:537} INFO - Filling up the DagBag from /home/airflow/.local/lib/python3.7/site-packages/airflow/example_dags/example_local_kubernetes_executor.py
[2023-01-16T01:56:05.129+0000] {processor.py:766} INFO - DAG(s) dict_keys(['example_local_kubernetes_executor']) retrieved from /home/airflow/.local/lib/python3.7/site-packages/airflow/example_dags/example_local_kubernetes_executor.py
[2023-01-16T01:56:05.283+0000] {logging_mixin.py:120} INFO - [2023-01-16T01:56:05.282+0000] {dag.py:2585} INFO - Sync 1 DAGs
[2023-01-16T01:56:05.423+0000] {logging_mixin.py:120} INFO - [2023-01-16T01:56:05.423+0000] {dag.py:3340} INFO - Setting next_dagrun for example_local_kubernetes_executor to None, run_after=None
[2023-01-16T01:56:05.569+0000] {processor.py:176} INFO - Processing /home/airflow/.local/lib/python3.7/site-packages/airflow/example_dags/example_local_kubernetes_executor.py took 0.589 seconds
[2023-01-16T01:56:35.984+0000] {processor.py:154} INFO - Started process (PID=22154) to work on /home/airflow/.local/lib/python3.7/site-packages/airflow/example_dags/example_local_kubernetes_executor.py
[2023-01-16T01:56:35.986+0000] {processor.py:756} INFO - Processing file /home/airflow/.local/lib/python3.7/site-packages/airflow/example_dags/example_local_kubernetes_executor.py for tasks to queue
[2023-01-16T01:56:35.988+0000] {logging_mixin.py:120} INFO - [2023-01-16T01:56:35.988+0000] {dagbag.py:537} INFO - Filling up the DagBag from /home/airflow/.local/lib/python3.7/site-packages/airflow/example_dags/example_local_kubernetes_executor.py
[2023-01-16T01:56:36.023+0000] {processor.py:766} INFO - DAG(s) dict_keys(['example_local_kubernetes_executor']) retrieved from /home/airflow/.local/lib/python3.7/site-packages/airflow/example_dags/example_local_kubernetes_executor.py
[2023-01-16T01:56:36.067+0000] {logging_mixin.py:120} INFO - [2023-01-16T01:56:36.067+0000] {dag.py:2585} INFO - Sync 1 DAGs
[2023-01-16T01:56:36.114+0000] {logging_mixin.py:120} INFO - [2023-01-16T01:56:36.113+0000] {dag.py:3340} INFO - Setting next_dagrun for example_local_kubernetes_executor to None, run_after=None
[2023-01-16T01:56:36.158+0000] {processor.py:176} INFO - Processing /home/airflow/.local/lib/python3.7/site-packages/airflow/example_dags/example_local_kubernetes_executor.py took 0.181 seconds
[2023-01-16T01:57:06.460+0000] {processor.py:154} INFO - Started process (PID=22211) to work on /home/airflow/.local/lib/python3.7/site-packages/airflow/example_dags/example_local_kubernetes_executor.py
[2023-01-16T01:57:06.462+0000] {processor.py:756} INFO - Processing file /home/airflow/.local/lib/python3.7/site-packages/airflow/example_dags/example_local_kubernetes_executor.py for tasks to queue
[2023-01-16T01:57:06.465+0000] {logging_mixin.py:120} INFO - [2023-01-16T01:57:06.465+0000] {dagbag.py:537} INFO - Filling up the DagBag from /home/airflow/.local/lib/python3.7/site-packages/airflow/example_dags/example_local_kubernetes_executor.py
[2023-01-16T01:57:06.508+0000] {processor.py:766} INFO - DAG(s) dict_keys(['example_local_kubernetes_executor']) retrieved from /home/airflow/.local/lib/python3.7/site-packages/airflow/example_dags/example_local_kubernetes_executor.py
[2023-01-16T01:57:06.563+0000] {logging_mixin.py:120} INFO - [2023-01-16T01:57:06.562+0000] {dag.py:2585} INFO - Sync 1 DAGs
[2023-01-16T01:57:06.619+0000] {logging_mixin.py:120} INFO - [2023-01-16T01:57:06.619+0000] {dag.py:3340} INFO - Setting next_dagrun for example_local_kubernetes_executor to None, run_after=None
[2023-01-16T01:57:06.664+0000] {processor.py:176} INFO - Processing /home/airflow/.local/lib/python3.7/site-packages/airflow/example_dags/example_local_kubernetes_executor.py took 0.211 seconds
[2023-01-16T01:57:36.871+0000] {processor.py:154} INFO - Started process (PID=22279) to work on /home/airflow/.local/lib/python3.7/site-packages/airflow/example_dags/example_local_kubernetes_executor.py
[2023-01-16T01:57:36.873+0000] {processor.py:756} INFO - Processing file /home/airflow/.local/lib/python3.7/site-packages/airflow/example_dags/example_local_kubernetes_executor.py for tasks to queue
[2023-01-16T01:57:36.875+0000] {logging_mixin.py:120} INFO - [2023-01-16T01:57:36.874+0000] {dagbag.py:537} INFO - Filling up the DagBag from /home/airflow/.local/lib/python3.7/site-packages/airflow/example_dags/example_local_kubernetes_executor.py
[2023-01-16T01:57:36.913+0000] {processor.py:766} INFO - DAG(s) dict_keys(['example_local_kubernetes_executor']) retrieved from /home/airflow/.local/lib/python3.7/site-packages/airflow/example_dags/example_local_kubernetes_executor.py
[2023-01-16T01:57:36.963+0000] {logging_mixin.py:120} INFO - [2023-01-16T01:57:36.963+0000] {dag.py:2585} INFO - Sync 1 DAGs
[2023-01-16T01:57:37.009+0000] {logging_mixin.py:120} INFO - [2023-01-16T01:57:37.009+0000] {dag.py:3340} INFO - Setting next_dagrun for example_local_kubernetes_executor to None, run_after=None
[2023-01-16T01:57:37.057+0000] {processor.py:176} INFO - Processing /home/airflow/.local/lib/python3.7/site-packages/airflow/example_dags/example_local_kubernetes_executor.py took 0.192 seconds
[2023-01-16T01:58:07.845+0000] {processor.py:154} INFO - Started process (PID=22336) to work on /home/airflow/.local/lib/python3.7/site-packages/airflow/example_dags/example_local_kubernetes_executor.py
[2023-01-16T01:58:07.847+0000] {processor.py:756} INFO - Processing file /home/airflow/.local/lib/python3.7/site-packages/airflow/example_dags/example_local_kubernetes_executor.py for tasks to queue
[2023-01-16T01:58:07.849+0000] {logging_mixin.py:120} INFO - [2023-01-16T01:58:07.848+0000] {dagbag.py:537} INFO - Filling up the DagBag from /home/airflow/.local/lib/python3.7/site-packages/airflow/example_dags/example_local_kubernetes_executor.py
[2023-01-16T01:58:07.880+0000] {processor.py:766} INFO - DAG(s) dict_keys(['example_local_kubernetes_executor']) retrieved from /home/airflow/.local/lib/python3.7/site-packages/airflow/example_dags/example_local_kubernetes_executor.py
[2023-01-16T01:58:07.916+0000] {logging_mixin.py:120} INFO - [2023-01-16T01:58:07.916+0000] {dag.py:2585} INFO - Sync 1 DAGs
[2023-01-16T01:58:07.951+0000] {logging_mixin.py:120} INFO - [2023-01-16T01:58:07.950+0000] {dag.py:3340} INFO - Setting next_dagrun for example_local_kubernetes_executor to None, run_after=None
[2023-01-16T01:58:07.986+0000] {processor.py:176} INFO - Processing /home/airflow/.local/lib/python3.7/site-packages/airflow/example_dags/example_local_kubernetes_executor.py took 0.146 seconds
[2023-01-16T01:58:38.300+0000] {processor.py:154} INFO - Started process (PID=22402) to work on /home/airflow/.local/lib/python3.7/site-packages/airflow/example_dags/example_local_kubernetes_executor.py
[2023-01-16T01:58:38.301+0000] {processor.py:756} INFO - Processing file /home/airflow/.local/lib/python3.7/site-packages/airflow/example_dags/example_local_kubernetes_executor.py for tasks to queue
[2023-01-16T01:58:38.302+0000] {logging_mixin.py:120} INFO - [2023-01-16T01:58:38.302+0000] {dagbag.py:537} INFO - Filling up the DagBag from /home/airflow/.local/lib/python3.7/site-packages/airflow/example_dags/example_local_kubernetes_executor.py
[2023-01-16T01:58:38.330+0000] {processor.py:766} INFO - DAG(s) dict_keys(['example_local_kubernetes_executor']) retrieved from /home/airflow/.local/lib/python3.7/site-packages/airflow/example_dags/example_local_kubernetes_executor.py
[2023-01-16T01:58:38.360+0000] {logging_mixin.py:120} INFO - [2023-01-16T01:58:38.360+0000] {dag.py:2585} INFO - Sync 1 DAGs
[2023-01-16T01:58:38.403+0000] {logging_mixin.py:120} INFO - [2023-01-16T01:58:38.402+0000] {dag.py:3340} INFO - Setting next_dagrun for example_local_kubernetes_executor to None, run_after=None
[2023-01-16T01:58:38.434+0000] {processor.py:176} INFO - Processing /home/airflow/.local/lib/python3.7/site-packages/airflow/example_dags/example_local_kubernetes_executor.py took 0.138 seconds
[2023-01-16T01:59:09.109+0000] {processor.py:154} INFO - Started process (PID=22459) to work on /home/airflow/.local/lib/python3.7/site-packages/airflow/example_dags/example_local_kubernetes_executor.py
[2023-01-16T01:59:09.110+0000] {processor.py:756} INFO - Processing file /home/airflow/.local/lib/python3.7/site-packages/airflow/example_dags/example_local_kubernetes_executor.py for tasks to queue
[2023-01-16T01:59:09.111+0000] {logging_mixin.py:120} INFO - [2023-01-16T01:59:09.111+0000] {dagbag.py:537} INFO - Filling up the DagBag from /home/airflow/.local/lib/python3.7/site-packages/airflow/example_dags/example_local_kubernetes_executor.py
[2023-01-16T01:59:09.134+0000] {processor.py:766} INFO - DAG(s) dict_keys(['example_local_kubernetes_executor']) retrieved from /home/airflow/.local/lib/python3.7/site-packages/airflow/example_dags/example_local_kubernetes_executor.py
[2023-01-16T01:59:09.161+0000] {logging_mixin.py:120} INFO - [2023-01-16T01:59:09.161+0000] {dag.py:2585} INFO - Sync 1 DAGs
[2023-01-16T01:59:09.191+0000] {logging_mixin.py:120} INFO - [2023-01-16T01:59:09.190+0000] {dag.py:3340} INFO - Setting next_dagrun for example_local_kubernetes_executor to None, run_after=None
[2023-01-16T01:59:09.216+0000] {processor.py:176} INFO - Processing /home/airflow/.local/lib/python3.7/site-packages/airflow/example_dags/example_local_kubernetes_executor.py took 0.112 seconds
[2023-01-16T01:59:39.722+0000] {processor.py:154} INFO - Started process (PID=22526) to work on /home/airflow/.local/lib/python3.7/site-packages/airflow/example_dags/example_local_kubernetes_executor.py
[2023-01-16T01:59:39.724+0000] {processor.py:756} INFO - Processing file /home/airflow/.local/lib/python3.7/site-packages/airflow/example_dags/example_local_kubernetes_executor.py for tasks to queue
[2023-01-16T01:59:39.725+0000] {logging_mixin.py:120} INFO - [2023-01-16T01:59:39.725+0000] {dagbag.py:537} INFO - Filling up the DagBag from /home/airflow/.local/lib/python3.7/site-packages/airflow/example_dags/example_local_kubernetes_executor.py
[2023-01-16T01:59:39.759+0000] {processor.py:766} INFO - DAG(s) dict_keys(['example_local_kubernetes_executor']) retrieved from /home/airflow/.local/lib/python3.7/site-packages/airflow/example_dags/example_local_kubernetes_executor.py
[2023-01-16T01:59:39.805+0000] {logging_mixin.py:120} INFO - [2023-01-16T01:59:39.804+0000] {dag.py:2585} INFO - Sync 1 DAGs
[2023-01-16T01:59:39.851+0000] {logging_mixin.py:120} INFO - [2023-01-16T01:59:39.851+0000] {dag.py:3340} INFO - Setting next_dagrun for example_local_kubernetes_executor to None, run_after=None
[2023-01-16T01:59:39.891+0000] {processor.py:176} INFO - Processing /home/airflow/.local/lib/python3.7/site-packages/airflow/example_dags/example_local_kubernetes_executor.py took 0.175 seconds
[2023-01-16T02:00:10.314+0000] {processor.py:154} INFO - Started process (PID=22584) to work on /home/airflow/.local/lib/python3.7/site-packages/airflow/example_dags/example_local_kubernetes_executor.py
[2023-01-16T02:00:10.315+0000] {processor.py:756} INFO - Processing file /home/airflow/.local/lib/python3.7/site-packages/airflow/example_dags/example_local_kubernetes_executor.py for tasks to queue
[2023-01-16T02:00:10.316+0000] {logging_mixin.py:120} INFO - [2023-01-16T02:00:10.316+0000] {dagbag.py:537} INFO - Filling up the DagBag from /home/airflow/.local/lib/python3.7/site-packages/airflow/example_dags/example_local_kubernetes_executor.py
[2023-01-16T02:00:10.336+0000] {processor.py:766} INFO - DAG(s) dict_keys(['example_local_kubernetes_executor']) retrieved from /home/airflow/.local/lib/python3.7/site-packages/airflow/example_dags/example_local_kubernetes_executor.py
[2023-01-16T02:00:10.363+0000] {logging_mixin.py:120} INFO - [2023-01-16T02:00:10.363+0000] {dag.py:2585} INFO - Sync 1 DAGs
[2023-01-16T02:00:10.389+0000] {logging_mixin.py:120} INFO - [2023-01-16T02:00:10.389+0000] {dag.py:3340} INFO - Setting next_dagrun for example_local_kubernetes_executor to None, run_after=None
[2023-01-16T02:00:10.411+0000] {processor.py:176} INFO - Processing /home/airflow/.local/lib/python3.7/site-packages/airflow/example_dags/example_local_kubernetes_executor.py took 0.101 seconds
[2023-01-16T02:00:41.226+0000] {processor.py:154} INFO - Started process (PID=22649) to work on /home/airflow/.local/lib/python3.7/site-packages/airflow/example_dags/example_local_kubernetes_executor.py
[2023-01-16T02:00:41.227+0000] {processor.py:756} INFO - Processing file /home/airflow/.local/lib/python3.7/site-packages/airflow/example_dags/example_local_kubernetes_executor.py for tasks to queue
[2023-01-16T02:00:41.229+0000] {logging_mixin.py:120} INFO - [2023-01-16T02:00:41.229+0000] {dagbag.py:537} INFO - Filling up the DagBag from /home/airflow/.local/lib/python3.7/site-packages/airflow/example_dags/example_local_kubernetes_executor.py
[2023-01-16T02:00:41.257+0000] {processor.py:766} INFO - DAG(s) dict_keys(['example_local_kubernetes_executor']) retrieved from /home/airflow/.local/lib/python3.7/site-packages/airflow/example_dags/example_local_kubernetes_executor.py
[2023-01-16T02:00:41.287+0000] {logging_mixin.py:120} INFO - [2023-01-16T02:00:41.286+0000] {dag.py:2585} INFO - Sync 1 DAGs
[2023-01-16T02:00:41.320+0000] {logging_mixin.py:120} INFO - [2023-01-16T02:00:41.320+0000] {dag.py:3340} INFO - Setting next_dagrun for example_local_kubernetes_executor to None, run_after=None
[2023-01-16T02:00:41.350+0000] {processor.py:176} INFO - Processing /home/airflow/.local/lib/python3.7/site-packages/airflow/example_dags/example_local_kubernetes_executor.py took 0.129 seconds
[2023-01-16T02:01:11.707+0000] {processor.py:154} INFO - Started process (PID=22718) to work on /home/airflow/.local/lib/python3.7/site-packages/airflow/example_dags/example_local_kubernetes_executor.py
[2023-01-16T02:01:11.708+0000] {processor.py:756} INFO - Processing file /home/airflow/.local/lib/python3.7/site-packages/airflow/example_dags/example_local_kubernetes_executor.py for tasks to queue
[2023-01-16T02:01:11.710+0000] {logging_mixin.py:120} INFO - [2023-01-16T02:01:11.710+0000] {dagbag.py:537} INFO - Filling up the DagBag from /home/airflow/.local/lib/python3.7/site-packages/airflow/example_dags/example_local_kubernetes_executor.py
[2023-01-16T02:01:11.745+0000] {processor.py:766} INFO - DAG(s) dict_keys(['example_local_kubernetes_executor']) retrieved from /home/airflow/.local/lib/python3.7/site-packages/airflow/example_dags/example_local_kubernetes_executor.py
[2023-01-16T02:01:11.804+0000] {logging_mixin.py:120} INFO - [2023-01-16T02:01:11.803+0000] {dag.py:2585} INFO - Sync 1 DAGs
[2023-01-16T02:01:11.851+0000] {logging_mixin.py:120} INFO - [2023-01-16T02:01:11.851+0000] {dag.py:3340} INFO - Setting next_dagrun for example_local_kubernetes_executor to None, run_after=None
[2023-01-16T02:01:11.910+0000] {processor.py:176} INFO - Processing /home/airflow/.local/lib/python3.7/site-packages/airflow/example_dags/example_local_kubernetes_executor.py took 0.211 seconds
[2023-01-16T02:01:42.358+0000] {processor.py:154} INFO - Started process (PID=22778) to work on /home/airflow/.local/lib/python3.7/site-packages/airflow/example_dags/example_local_kubernetes_executor.py
[2023-01-16T02:01:42.359+0000] {processor.py:756} INFO - Processing file /home/airflow/.local/lib/python3.7/site-packages/airflow/example_dags/example_local_kubernetes_executor.py for tasks to queue
[2023-01-16T02:01:42.360+0000] {logging_mixin.py:120} INFO - [2023-01-16T02:01:42.360+0000] {dagbag.py:537} INFO - Filling up the DagBag from /home/airflow/.local/lib/python3.7/site-packages/airflow/example_dags/example_local_kubernetes_executor.py
[2023-01-16T02:01:42.379+0000] {processor.py:766} INFO - DAG(s) dict_keys(['example_local_kubernetes_executor']) retrieved from /home/airflow/.local/lib/python3.7/site-packages/airflow/example_dags/example_local_kubernetes_executor.py
[2023-01-16T02:01:42.483+0000] {logging_mixin.py:120} INFO - [2023-01-16T02:01:42.483+0000] {dag.py:2585} INFO - Sync 1 DAGs
[2023-01-16T02:01:42.522+0000] {logging_mixin.py:120} INFO - [2023-01-16T02:01:42.522+0000] {dag.py:3340} INFO - Setting next_dagrun for example_local_kubernetes_executor to None, run_after=None
[2023-01-16T02:01:42.556+0000] {processor.py:176} INFO - Processing /home/airflow/.local/lib/python3.7/site-packages/airflow/example_dags/example_local_kubernetes_executor.py took 0.203 seconds
