[2023-01-16T01:55:49.682+0000] {processor.py:154} INFO - Started process (PID=22061) to work on /home/airflow/.local/lib/python3.7/site-packages/airflow/example_dags/example_short_circuit_operator.py
[2023-01-16T01:55:49.714+0000] {processor.py:756} INFO - Processing file /home/airflow/.local/lib/python3.7/site-packages/airflow/example_dags/example_short_circuit_operator.py for tasks to queue
[2023-01-16T01:55:49.756+0000] {logging_mixin.py:120} INFO - [2023-01-16T01:55:49.756+0000] {dagbag.py:537} INFO - Filling up the DagBag from /home/airflow/.local/lib/python3.7/site-packages/airflow/example_dags/example_short_circuit_operator.py
[2023-01-16T01:55:50.062+0000] {processor.py:766} INFO - DAG(s) dict_keys(['example_short_circuit_operator']) retrieved from /home/airflow/.local/lib/python3.7/site-packages/airflow/example_dags/example_short_circuit_operator.py
[2023-01-16T01:55:50.408+0000] {logging_mixin.py:120} INFO - [2023-01-16T01:55:50.407+0000] {dag.py:2585} INFO - Sync 1 DAGs
[2023-01-16T01:55:50.772+0000] {logging_mixin.py:120} INFO - [2023-01-16T01:55:50.771+0000] {dag.py:3340} INFO - Setting next_dagrun for example_short_circuit_operator to 2023-01-15T01:55:50.770846+00:00, run_after=2023-01-16T01:55:50.770846+00:00
[2023-01-16T01:55:51.248+0000] {processor.py:176} INFO - Processing /home/airflow/.local/lib/python3.7/site-packages/airflow/example_dags/example_short_circuit_operator.py took 1.613 seconds
[2023-01-16T01:56:21.473+0000] {processor.py:154} INFO - Started process (PID=22119) to work on /home/airflow/.local/lib/python3.7/site-packages/airflow/example_dags/example_short_circuit_operator.py
[2023-01-16T01:56:21.475+0000] {processor.py:756} INFO - Processing file /home/airflow/.local/lib/python3.7/site-packages/airflow/example_dags/example_short_circuit_operator.py for tasks to queue
[2023-01-16T01:56:21.477+0000] {logging_mixin.py:120} INFO - [2023-01-16T01:56:21.477+0000] {dagbag.py:537} INFO - Filling up the DagBag from /home/airflow/.local/lib/python3.7/site-packages/airflow/example_dags/example_short_circuit_operator.py
[2023-01-16T01:56:21.503+0000] {processor.py:766} INFO - DAG(s) dict_keys(['example_short_circuit_operator']) retrieved from /home/airflow/.local/lib/python3.7/site-packages/airflow/example_dags/example_short_circuit_operator.py
[2023-01-16T01:56:21.578+0000] {logging_mixin.py:120} INFO - [2023-01-16T01:56:21.578+0000] {dag.py:2585} INFO - Sync 1 DAGs
[2023-01-16T01:56:21.674+0000] {logging_mixin.py:120} INFO - [2023-01-16T01:56:21.673+0000] {dag.py:3340} INFO - Setting next_dagrun for example_short_circuit_operator to 2023-01-15T01:56:21.673051+00:00, run_after=2023-01-16T01:56:21.673051+00:00
[2023-01-16T01:56:21.748+0000] {processor.py:176} INFO - Processing /home/airflow/.local/lib/python3.7/site-packages/airflow/example_dags/example_short_circuit_operator.py took 0.285 seconds
[2023-01-16T01:56:51.941+0000] {processor.py:154} INFO - Started process (PID=22176) to work on /home/airflow/.local/lib/python3.7/site-packages/airflow/example_dags/example_short_circuit_operator.py
[2023-01-16T01:56:51.943+0000] {processor.py:756} INFO - Processing file /home/airflow/.local/lib/python3.7/site-packages/airflow/example_dags/example_short_circuit_operator.py for tasks to queue
[2023-01-16T01:56:51.946+0000] {logging_mixin.py:120} INFO - [2023-01-16T01:56:51.945+0000] {dagbag.py:537} INFO - Filling up the DagBag from /home/airflow/.local/lib/python3.7/site-packages/airflow/example_dags/example_short_circuit_operator.py
[2023-01-16T01:56:51.965+0000] {processor.py:766} INFO - DAG(s) dict_keys(['example_short_circuit_operator']) retrieved from /home/airflow/.local/lib/python3.7/site-packages/airflow/example_dags/example_short_circuit_operator.py
[2023-01-16T01:56:52.019+0000] {logging_mixin.py:120} INFO - [2023-01-16T01:56:52.019+0000] {dag.py:2585} INFO - Sync 1 DAGs
[2023-01-16T01:56:52.066+0000] {logging_mixin.py:120} INFO - [2023-01-16T01:56:52.066+0000] {dag.py:3340} INFO - Setting next_dagrun for example_short_circuit_operator to 2023-01-15T01:56:52.066094+00:00, run_after=2023-01-16T01:56:52.066094+00:00
[2023-01-16T01:56:52.117+0000] {processor.py:176} INFO - Processing /home/airflow/.local/lib/python3.7/site-packages/airflow/example_dags/example_short_circuit_operator.py took 0.185 seconds
[2023-01-16T01:57:22.371+0000] {processor.py:154} INFO - Started process (PID=22234) to work on /home/airflow/.local/lib/python3.7/site-packages/airflow/example_dags/example_short_circuit_operator.py
[2023-01-16T01:57:22.372+0000] {processor.py:756} INFO - Processing file /home/airflow/.local/lib/python3.7/site-packages/airflow/example_dags/example_short_circuit_operator.py for tasks to queue
[2023-01-16T01:57:22.374+0000] {logging_mixin.py:120} INFO - [2023-01-16T01:57:22.374+0000] {dagbag.py:537} INFO - Filling up the DagBag from /home/airflow/.local/lib/python3.7/site-packages/airflow/example_dags/example_short_circuit_operator.py
[2023-01-16T01:57:22.392+0000] {processor.py:766} INFO - DAG(s) dict_keys(['example_short_circuit_operator']) retrieved from /home/airflow/.local/lib/python3.7/site-packages/airflow/example_dags/example_short_circuit_operator.py
[2023-01-16T01:57:22.449+0000] {logging_mixin.py:120} INFO - [2023-01-16T01:57:22.449+0000] {dag.py:2585} INFO - Sync 1 DAGs
[2023-01-16T01:57:22.490+0000] {logging_mixin.py:120} INFO - [2023-01-16T01:57:22.490+0000] {dag.py:3340} INFO - Setting next_dagrun for example_short_circuit_operator to 2023-01-15T01:57:22.489444+00:00, run_after=2023-01-16T01:57:22.489444+00:00
[2023-01-16T01:57:22.531+0000] {processor.py:176} INFO - Processing /home/airflow/.local/lib/python3.7/site-packages/airflow/example_dags/example_short_circuit_operator.py took 0.166 seconds
[2023-01-16T01:57:52.885+0000] {processor.py:154} INFO - Started process (PID=22301) to work on /home/airflow/.local/lib/python3.7/site-packages/airflow/example_dags/example_short_circuit_operator.py
[2023-01-16T01:57:52.886+0000] {processor.py:756} INFO - Processing file /home/airflow/.local/lib/python3.7/site-packages/airflow/example_dags/example_short_circuit_operator.py for tasks to queue
[2023-01-16T01:57:52.888+0000] {logging_mixin.py:120} INFO - [2023-01-16T01:57:52.888+0000] {dagbag.py:537} INFO - Filling up the DagBag from /home/airflow/.local/lib/python3.7/site-packages/airflow/example_dags/example_short_circuit_operator.py
[2023-01-16T01:57:52.903+0000] {processor.py:766} INFO - DAG(s) dict_keys(['example_short_circuit_operator']) retrieved from /home/airflow/.local/lib/python3.7/site-packages/airflow/example_dags/example_short_circuit_operator.py
[2023-01-16T01:57:52.947+0000] {logging_mixin.py:120} INFO - [2023-01-16T01:57:52.947+0000] {dag.py:2585} INFO - Sync 1 DAGs
[2023-01-16T01:57:53.007+0000] {logging_mixin.py:120} INFO - [2023-01-16T01:57:53.006+0000] {dag.py:3340} INFO - Setting next_dagrun for example_short_circuit_operator to 2023-01-15T01:57:53.006355+00:00, run_after=2023-01-16T01:57:53.006355+00:00
[2023-01-16T01:57:53.053+0000] {processor.py:176} INFO - Processing /home/airflow/.local/lib/python3.7/site-packages/airflow/example_dags/example_short_circuit_operator.py took 0.174 seconds
[2023-01-16T01:58:23.231+0000] {processor.py:154} INFO - Started process (PID=22358) to work on /home/airflow/.local/lib/python3.7/site-packages/airflow/example_dags/example_short_circuit_operator.py
[2023-01-16T01:58:23.232+0000] {processor.py:756} INFO - Processing file /home/airflow/.local/lib/python3.7/site-packages/airflow/example_dags/example_short_circuit_operator.py for tasks to queue
[2023-01-16T01:58:23.233+0000] {logging_mixin.py:120} INFO - [2023-01-16T01:58:23.233+0000] {dagbag.py:537} INFO - Filling up the DagBag from /home/airflow/.local/lib/python3.7/site-packages/airflow/example_dags/example_short_circuit_operator.py
[2023-01-16T01:58:23.249+0000] {processor.py:766} INFO - DAG(s) dict_keys(['example_short_circuit_operator']) retrieved from /home/airflow/.local/lib/python3.7/site-packages/airflow/example_dags/example_short_circuit_operator.py
[2023-01-16T01:58:23.287+0000] {logging_mixin.py:120} INFO - [2023-01-16T01:58:23.287+0000] {dag.py:2585} INFO - Sync 1 DAGs
[2023-01-16T01:58:23.322+0000] {logging_mixin.py:120} INFO - [2023-01-16T01:58:23.322+0000] {dag.py:3340} INFO - Setting next_dagrun for example_short_circuit_operator to 2023-01-15T01:58:23.322168+00:00, run_after=2023-01-16T01:58:23.322168+00:00
[2023-01-16T01:58:23.348+0000] {processor.py:176} INFO - Processing /home/airflow/.local/lib/python3.7/site-packages/airflow/example_dags/example_short_circuit_operator.py took 0.123 seconds
[2023-01-16T01:58:53.524+0000] {processor.py:154} INFO - Started process (PID=22424) to work on /home/airflow/.local/lib/python3.7/site-packages/airflow/example_dags/example_short_circuit_operator.py
[2023-01-16T01:58:53.525+0000] {processor.py:756} INFO - Processing file /home/airflow/.local/lib/python3.7/site-packages/airflow/example_dags/example_short_circuit_operator.py for tasks to queue
[2023-01-16T01:58:53.526+0000] {logging_mixin.py:120} INFO - [2023-01-16T01:58:53.526+0000] {dagbag.py:537} INFO - Filling up the DagBag from /home/airflow/.local/lib/python3.7/site-packages/airflow/example_dags/example_short_circuit_operator.py
[2023-01-16T01:58:53.539+0000] {processor.py:766} INFO - DAG(s) dict_keys(['example_short_circuit_operator']) retrieved from /home/airflow/.local/lib/python3.7/site-packages/airflow/example_dags/example_short_circuit_operator.py
[2023-01-16T01:58:53.579+0000] {logging_mixin.py:120} INFO - [2023-01-16T01:58:53.579+0000] {dag.py:2585} INFO - Sync 1 DAGs
[2023-01-16T01:58:53.622+0000] {logging_mixin.py:120} INFO - [2023-01-16T01:58:53.622+0000] {dag.py:3340} INFO - Setting next_dagrun for example_short_circuit_operator to 2023-01-15T01:58:53.622213+00:00, run_after=2023-01-16T01:58:53.622213+00:00
[2023-01-16T01:58:53.745+0000] {processor.py:176} INFO - Processing /home/airflow/.local/lib/python3.7/site-packages/airflow/example_dags/example_short_circuit_operator.py took 0.225 seconds
[2023-01-16T01:59:24.218+0000] {processor.py:154} INFO - Started process (PID=22490) to work on /home/airflow/.local/lib/python3.7/site-packages/airflow/example_dags/example_short_circuit_operator.py
[2023-01-16T01:59:24.220+0000] {processor.py:756} INFO - Processing file /home/airflow/.local/lib/python3.7/site-packages/airflow/example_dags/example_short_circuit_operator.py for tasks to queue
[2023-01-16T01:59:24.223+0000] {logging_mixin.py:120} INFO - [2023-01-16T01:59:24.223+0000] {dagbag.py:537} INFO - Filling up the DagBag from /home/airflow/.local/lib/python3.7/site-packages/airflow/example_dags/example_short_circuit_operator.py
[2023-01-16T01:59:24.244+0000] {processor.py:766} INFO - DAG(s) dict_keys(['example_short_circuit_operator']) retrieved from /home/airflow/.local/lib/python3.7/site-packages/airflow/example_dags/example_short_circuit_operator.py
[2023-01-16T01:59:24.303+0000] {logging_mixin.py:120} INFO - [2023-01-16T01:59:24.302+0000] {dag.py:2585} INFO - Sync 1 DAGs
[2023-01-16T01:59:24.361+0000] {logging_mixin.py:120} INFO - [2023-01-16T01:59:24.360+0000] {dag.py:3340} INFO - Setting next_dagrun for example_short_circuit_operator to 2023-01-15T01:59:24.359634+00:00, run_after=2023-01-16T01:59:24.359634+00:00
[2023-01-16T01:59:24.416+0000] {processor.py:176} INFO - Processing /home/airflow/.local/lib/python3.7/site-packages/airflow/example_dags/example_short_circuit_operator.py took 0.204 seconds
[2023-01-16T01:59:55.286+0000] {processor.py:154} INFO - Started process (PID=22548) to work on /home/airflow/.local/lib/python3.7/site-packages/airflow/example_dags/example_short_circuit_operator.py
[2023-01-16T01:59:55.289+0000] {processor.py:756} INFO - Processing file /home/airflow/.local/lib/python3.7/site-packages/airflow/example_dags/example_short_circuit_operator.py for tasks to queue
[2023-01-16T01:59:55.291+0000] {logging_mixin.py:120} INFO - [2023-01-16T01:59:55.291+0000] {dagbag.py:537} INFO - Filling up the DagBag from /home/airflow/.local/lib/python3.7/site-packages/airflow/example_dags/example_short_circuit_operator.py
[2023-01-16T01:59:55.307+0000] {processor.py:766} INFO - DAG(s) dict_keys(['example_short_circuit_operator']) retrieved from /home/airflow/.local/lib/python3.7/site-packages/airflow/example_dags/example_short_circuit_operator.py
[2023-01-16T01:59:55.339+0000] {logging_mixin.py:120} INFO - [2023-01-16T01:59:55.339+0000] {dag.py:2585} INFO - Sync 1 DAGs
[2023-01-16T01:59:55.372+0000] {logging_mixin.py:120} INFO - [2023-01-16T01:59:55.372+0000] {dag.py:3340} INFO - Setting next_dagrun for example_short_circuit_operator to 2023-01-15T01:59:55.372422+00:00, run_after=2023-01-16T01:59:55.372422+00:00
[2023-01-16T01:59:55.424+0000] {processor.py:176} INFO - Processing /home/airflow/.local/lib/python3.7/site-packages/airflow/example_dags/example_short_circuit_operator.py took 0.146 seconds
[2023-01-16T02:00:25.703+0000] {processor.py:154} INFO - Started process (PID=22614) to work on /home/airflow/.local/lib/python3.7/site-packages/airflow/example_dags/example_short_circuit_operator.py
[2023-01-16T02:00:25.705+0000] {processor.py:756} INFO - Processing file /home/airflow/.local/lib/python3.7/site-packages/airflow/example_dags/example_short_circuit_operator.py for tasks to queue
[2023-01-16T02:00:25.706+0000] {logging_mixin.py:120} INFO - [2023-01-16T02:00:25.706+0000] {dagbag.py:537} INFO - Filling up the DagBag from /home/airflow/.local/lib/python3.7/site-packages/airflow/example_dags/example_short_circuit_operator.py
[2023-01-16T02:00:25.722+0000] {processor.py:766} INFO - DAG(s) dict_keys(['example_short_circuit_operator']) retrieved from /home/airflow/.local/lib/python3.7/site-packages/airflow/example_dags/example_short_circuit_operator.py
[2023-01-16T02:00:25.753+0000] {logging_mixin.py:120} INFO - [2023-01-16T02:00:25.752+0000] {dag.py:2585} INFO - Sync 1 DAGs
[2023-01-16T02:00:25.796+0000] {logging_mixin.py:120} INFO - [2023-01-16T02:00:25.796+0000] {dag.py:3340} INFO - Setting next_dagrun for example_short_circuit_operator to 2023-01-15T02:00:25.796461+00:00, run_after=2023-01-16T02:00:25.796461+00:00
[2023-01-16T02:00:25.822+0000] {processor.py:176} INFO - Processing /home/airflow/.local/lib/python3.7/site-packages/airflow/example_dags/example_short_circuit_operator.py took 0.124 seconds
[2023-01-16T02:00:56.477+0000] {processor.py:154} INFO - Started process (PID=22674) to work on /home/airflow/.local/lib/python3.7/site-packages/airflow/example_dags/example_short_circuit_operator.py
[2023-01-16T02:00:56.478+0000] {processor.py:756} INFO - Processing file /home/airflow/.local/lib/python3.7/site-packages/airflow/example_dags/example_short_circuit_operator.py for tasks to queue
[2023-01-16T02:00:56.479+0000] {logging_mixin.py:120} INFO - [2023-01-16T02:00:56.479+0000] {dagbag.py:537} INFO - Filling up the DagBag from /home/airflow/.local/lib/python3.7/site-packages/airflow/example_dags/example_short_circuit_operator.py
[2023-01-16T02:00:56.491+0000] {processor.py:766} INFO - DAG(s) dict_keys(['example_short_circuit_operator']) retrieved from /home/airflow/.local/lib/python3.7/site-packages/airflow/example_dags/example_short_circuit_operator.py
[2023-01-16T02:00:56.528+0000] {logging_mixin.py:120} INFO - [2023-01-16T02:00:56.528+0000] {dag.py:2585} INFO - Sync 1 DAGs
[2023-01-16T02:00:56.558+0000] {logging_mixin.py:120} INFO - [2023-01-16T02:00:56.558+0000] {dag.py:3340} INFO - Setting next_dagrun for example_short_circuit_operator to 2023-01-15T02:00:56.557967+00:00, run_after=2023-01-16T02:00:56.557967+00:00
[2023-01-16T02:00:56.586+0000] {processor.py:176} INFO - Processing /home/airflow/.local/lib/python3.7/site-packages/airflow/example_dags/example_short_circuit_operator.py took 0.112 seconds
[2023-01-16T02:01:27.192+0000] {processor.py:154} INFO - Started process (PID=22743) to work on /home/airflow/.local/lib/python3.7/site-packages/airflow/example_dags/example_short_circuit_operator.py
[2023-01-16T02:01:27.194+0000] {processor.py:756} INFO - Processing file /home/airflow/.local/lib/python3.7/site-packages/airflow/example_dags/example_short_circuit_operator.py for tasks to queue
[2023-01-16T02:01:27.196+0000] {logging_mixin.py:120} INFO - [2023-01-16T02:01:27.196+0000] {dagbag.py:537} INFO - Filling up the DagBag from /home/airflow/.local/lib/python3.7/site-packages/airflow/example_dags/example_short_circuit_operator.py
[2023-01-16T02:01:27.218+0000] {processor.py:766} INFO - DAG(s) dict_keys(['example_short_circuit_operator']) retrieved from /home/airflow/.local/lib/python3.7/site-packages/airflow/example_dags/example_short_circuit_operator.py
[2023-01-16T02:01:27.261+0000] {logging_mixin.py:120} INFO - [2023-01-16T02:01:27.261+0000] {dag.py:2585} INFO - Sync 1 DAGs
[2023-01-16T02:01:27.291+0000] {logging_mixin.py:120} INFO - [2023-01-16T02:01:27.291+0000] {dag.py:3340} INFO - Setting next_dagrun for example_short_circuit_operator to 2023-01-15T02:01:27.290903+00:00, run_after=2023-01-16T02:01:27.290903+00:00
[2023-01-16T02:01:27.317+0000] {processor.py:176} INFO - Processing /home/airflow/.local/lib/python3.7/site-packages/airflow/example_dags/example_short_circuit_operator.py took 0.132 seconds
[2023-01-16T02:01:58.021+0000] {processor.py:154} INFO - Started process (PID=22812) to work on /home/airflow/.local/lib/python3.7/site-packages/airflow/example_dags/example_short_circuit_operator.py
[2023-01-16T02:01:58.024+0000] {processor.py:756} INFO - Processing file /home/airflow/.local/lib/python3.7/site-packages/airflow/example_dags/example_short_circuit_operator.py for tasks to queue
[2023-01-16T02:01:58.026+0000] {logging_mixin.py:120} INFO - [2023-01-16T02:01:58.026+0000] {dagbag.py:537} INFO - Filling up the DagBag from /home/airflow/.local/lib/python3.7/site-packages/airflow/example_dags/example_short_circuit_operator.py
[2023-01-16T02:01:58.047+0000] {processor.py:766} INFO - DAG(s) dict_keys(['example_short_circuit_operator']) retrieved from /home/airflow/.local/lib/python3.7/site-packages/airflow/example_dags/example_short_circuit_operator.py
[2023-01-16T02:01:58.089+0000] {logging_mixin.py:120} INFO - [2023-01-16T02:01:58.088+0000] {dag.py:2585} INFO - Sync 1 DAGs
[2023-01-16T02:01:58.119+0000] {logging_mixin.py:120} INFO - [2023-01-16T02:01:58.119+0000] {dag.py:3340} INFO - Setting next_dagrun for example_short_circuit_operator to 2023-01-15T02:01:58.118214+00:00, run_after=2023-01-16T02:01:58.118214+00:00
[2023-01-16T02:01:58.156+0000] {processor.py:176} INFO - Processing /home/airflow/.local/lib/python3.7/site-packages/airflow/example_dags/example_short_circuit_operator.py took 0.147 seconds
