[2023-01-16T01:56:03.710+0000] {processor.py:154} INFO - Started process (PID=22093) to work on /home/airflow/.local/lib/python3.7/site-packages/airflow/example_dags/example_bash_operator.py
[2023-01-16T01:56:03.719+0000] {processor.py:756} INFO - Processing file /home/airflow/.local/lib/python3.7/site-packages/airflow/example_dags/example_bash_operator.py for tasks to queue
[2023-01-16T01:56:03.724+0000] {logging_mixin.py:120} INFO - [2023-01-16T01:56:03.724+0000] {dagbag.py:537} INFO - Filling up the DagBag from /home/airflow/.local/lib/python3.7/site-packages/airflow/example_dags/example_bash_operator.py
[2023-01-16T01:56:03.806+0000] {processor.py:766} INFO - DAG(s) dict_keys(['example_bash_operator']) retrieved from /home/airflow/.local/lib/python3.7/site-packages/airflow/example_dags/example_bash_operator.py
[2023-01-16T01:56:03.945+0000] {logging_mixin.py:120} INFO - [2023-01-16T01:56:03.945+0000] {dag.py:2585} INFO - Sync 1 DAGs
[2023-01-16T01:56:04.041+0000] {logging_mixin.py:120} INFO - [2023-01-16T01:56:04.040+0000] {dag.py:3340} INFO - Setting next_dagrun for example_bash_operator to 2023-01-15T00:00:00+00:00, run_after=2023-01-16T00:00:00+00:00
[2023-01-16T01:56:04.183+0000] {processor.py:176} INFO - Processing /home/airflow/.local/lib/python3.7/site-packages/airflow/example_dags/example_bash_operator.py took 0.487 seconds
[2023-01-16T01:56:34.350+0000] {processor.py:154} INFO - Started process (PID=22150) to work on /home/airflow/.local/lib/python3.7/site-packages/airflow/example_dags/example_bash_operator.py
[2023-01-16T01:56:34.352+0000] {processor.py:756} INFO - Processing file /home/airflow/.local/lib/python3.7/site-packages/airflow/example_dags/example_bash_operator.py for tasks to queue
[2023-01-16T01:56:34.354+0000] {logging_mixin.py:120} INFO - [2023-01-16T01:56:34.353+0000] {dagbag.py:537} INFO - Filling up the DagBag from /home/airflow/.local/lib/python3.7/site-packages/airflow/example_dags/example_bash_operator.py
[2023-01-16T01:56:34.386+0000] {processor.py:766} INFO - DAG(s) dict_keys(['example_bash_operator']) retrieved from /home/airflow/.local/lib/python3.7/site-packages/airflow/example_dags/example_bash_operator.py
[2023-01-16T01:56:34.458+0000] {logging_mixin.py:120} INFO - [2023-01-16T01:56:34.458+0000] {dag.py:2585} INFO - Sync 1 DAGs
[2023-01-16T01:56:34.522+0000] {logging_mixin.py:120} INFO - [2023-01-16T01:56:34.521+0000] {dag.py:3340} INFO - Setting next_dagrun for example_bash_operator to 2023-01-15T00:00:00+00:00, run_after=2023-01-16T00:00:00+00:00
[2023-01-16T01:56:34.575+0000] {processor.py:176} INFO - Processing /home/airflow/.local/lib/python3.7/site-packages/airflow/example_dags/example_bash_operator.py took 0.232 seconds
[2023-01-16T01:57:05.163+0000] {processor.py:154} INFO - Started process (PID=22207) to work on /home/airflow/.local/lib/python3.7/site-packages/airflow/example_dags/example_bash_operator.py
[2023-01-16T01:57:05.166+0000] {processor.py:756} INFO - Processing file /home/airflow/.local/lib/python3.7/site-packages/airflow/example_dags/example_bash_operator.py for tasks to queue
[2023-01-16T01:57:05.170+0000] {logging_mixin.py:120} INFO - [2023-01-16T01:57:05.169+0000] {dagbag.py:537} INFO - Filling up the DagBag from /home/airflow/.local/lib/python3.7/site-packages/airflow/example_dags/example_bash_operator.py
[2023-01-16T01:57:05.217+0000] {processor.py:766} INFO - DAG(s) dict_keys(['example_bash_operator']) retrieved from /home/airflow/.local/lib/python3.7/site-packages/airflow/example_dags/example_bash_operator.py
[2023-01-16T01:57:05.356+0000] {logging_mixin.py:120} INFO - [2023-01-16T01:57:05.356+0000] {dag.py:2585} INFO - Sync 1 DAGs
[2023-01-16T01:57:05.421+0000] {logging_mixin.py:120} INFO - [2023-01-16T01:57:05.421+0000] {dag.py:3340} INFO - Setting next_dagrun for example_bash_operator to 2023-01-15T00:00:00+00:00, run_after=2023-01-16T00:00:00+00:00
[2023-01-16T01:57:05.487+0000] {processor.py:176} INFO - Processing /home/airflow/.local/lib/python3.7/site-packages/airflow/example_dags/example_bash_operator.py took 0.346 seconds
[2023-01-16T01:57:35.916+0000] {processor.py:154} INFO - Started process (PID=22273) to work on /home/airflow/.local/lib/python3.7/site-packages/airflow/example_dags/example_bash_operator.py
[2023-01-16T01:57:35.917+0000] {processor.py:756} INFO - Processing file /home/airflow/.local/lib/python3.7/site-packages/airflow/example_dags/example_bash_operator.py for tasks to queue
[2023-01-16T01:57:35.919+0000] {logging_mixin.py:120} INFO - [2023-01-16T01:57:35.918+0000] {dagbag.py:537} INFO - Filling up the DagBag from /home/airflow/.local/lib/python3.7/site-packages/airflow/example_dags/example_bash_operator.py
[2023-01-16T01:57:35.944+0000] {processor.py:766} INFO - DAG(s) dict_keys(['example_bash_operator']) retrieved from /home/airflow/.local/lib/python3.7/site-packages/airflow/example_dags/example_bash_operator.py
[2023-01-16T01:57:36.030+0000] {logging_mixin.py:120} INFO - [2023-01-16T01:57:36.030+0000] {dag.py:2585} INFO - Sync 1 DAGs
[2023-01-16T01:57:36.088+0000] {logging_mixin.py:120} INFO - [2023-01-16T01:57:36.088+0000] {dag.py:3340} INFO - Setting next_dagrun for example_bash_operator to 2023-01-15T00:00:00+00:00, run_after=2023-01-16T00:00:00+00:00
[2023-01-16T01:57:36.132+0000] {processor.py:176} INFO - Processing /home/airflow/.local/lib/python3.7/site-packages/airflow/example_dags/example_bash_operator.py took 0.223 seconds
[2023-01-16T01:58:06.267+0000] {processor.py:154} INFO - Started process (PID=22332) to work on /home/airflow/.local/lib/python3.7/site-packages/airflow/example_dags/example_bash_operator.py
[2023-01-16T01:58:06.269+0000] {processor.py:756} INFO - Processing file /home/airflow/.local/lib/python3.7/site-packages/airflow/example_dags/example_bash_operator.py for tasks to queue
[2023-01-16T01:58:06.271+0000] {logging_mixin.py:120} INFO - [2023-01-16T01:58:06.271+0000] {dagbag.py:537} INFO - Filling up the DagBag from /home/airflow/.local/lib/python3.7/site-packages/airflow/example_dags/example_bash_operator.py
[2023-01-16T01:58:06.291+0000] {processor.py:766} INFO - DAG(s) dict_keys(['example_bash_operator']) retrieved from /home/airflow/.local/lib/python3.7/site-packages/airflow/example_dags/example_bash_operator.py
[2023-01-16T01:58:06.343+0000] {logging_mixin.py:120} INFO - [2023-01-16T01:58:06.342+0000] {dag.py:2585} INFO - Sync 1 DAGs
[2023-01-16T01:58:06.390+0000] {logging_mixin.py:120} INFO - [2023-01-16T01:58:06.390+0000] {dag.py:3340} INFO - Setting next_dagrun for example_bash_operator to 2023-01-15T00:00:00+00:00, run_after=2023-01-16T00:00:00+00:00
[2023-01-16T01:58:06.428+0000] {processor.py:176} INFO - Processing /home/airflow/.local/lib/python3.7/site-packages/airflow/example_dags/example_bash_operator.py took 0.172 seconds
[2023-01-16T01:58:36.822+0000] {processor.py:154} INFO - Started process (PID=22396) to work on /home/airflow/.local/lib/python3.7/site-packages/airflow/example_dags/example_bash_operator.py
[2023-01-16T01:58:36.824+0000] {processor.py:756} INFO - Processing file /home/airflow/.local/lib/python3.7/site-packages/airflow/example_dags/example_bash_operator.py for tasks to queue
[2023-01-16T01:58:36.825+0000] {logging_mixin.py:120} INFO - [2023-01-16T01:58:36.825+0000] {dagbag.py:537} INFO - Filling up the DagBag from /home/airflow/.local/lib/python3.7/site-packages/airflow/example_dags/example_bash_operator.py
[2023-01-16T01:58:36.844+0000] {processor.py:766} INFO - DAG(s) dict_keys(['example_bash_operator']) retrieved from /home/airflow/.local/lib/python3.7/site-packages/airflow/example_dags/example_bash_operator.py
[2023-01-16T01:58:36.891+0000] {logging_mixin.py:120} INFO - [2023-01-16T01:58:36.891+0000] {dag.py:2585} INFO - Sync 1 DAGs
[2023-01-16T01:58:36.928+0000] {logging_mixin.py:120} INFO - [2023-01-16T01:58:36.928+0000] {dag.py:3340} INFO - Setting next_dagrun for example_bash_operator to 2023-01-15T00:00:00+00:00, run_after=2023-01-16T00:00:00+00:00
[2023-01-16T01:58:36.963+0000] {processor.py:176} INFO - Processing /home/airflow/.local/lib/python3.7/site-packages/airflow/example_dags/example_bash_operator.py took 0.149 seconds
[2023-01-16T01:59:07.417+0000] {processor.py:154} INFO - Started process (PID=22455) to work on /home/airflow/.local/lib/python3.7/site-packages/airflow/example_dags/example_bash_operator.py
[2023-01-16T01:59:07.420+0000] {processor.py:756} INFO - Processing file /home/airflow/.local/lib/python3.7/site-packages/airflow/example_dags/example_bash_operator.py for tasks to queue
[2023-01-16T01:59:07.422+0000] {logging_mixin.py:120} INFO - [2023-01-16T01:59:07.422+0000] {dagbag.py:537} INFO - Filling up the DagBag from /home/airflow/.local/lib/python3.7/site-packages/airflow/example_dags/example_bash_operator.py
[2023-01-16T01:59:07.462+0000] {processor.py:766} INFO - DAG(s) dict_keys(['example_bash_operator']) retrieved from /home/airflow/.local/lib/python3.7/site-packages/airflow/example_dags/example_bash_operator.py
[2023-01-16T01:59:07.519+0000] {logging_mixin.py:120} INFO - [2023-01-16T01:59:07.518+0000] {dag.py:2585} INFO - Sync 1 DAGs
[2023-01-16T01:59:07.564+0000] {logging_mixin.py:120} INFO - [2023-01-16T01:59:07.564+0000] {dag.py:3340} INFO - Setting next_dagrun for example_bash_operator to 2023-01-15T00:00:00+00:00, run_after=2023-01-16T00:00:00+00:00
[2023-01-16T01:59:07.598+0000] {processor.py:176} INFO - Processing /home/airflow/.local/lib/python3.7/site-packages/airflow/example_dags/example_bash_operator.py took 0.189 seconds
[2023-01-16T01:59:38.107+0000] {processor.py:154} INFO - Started process (PID=22522) to work on /home/airflow/.local/lib/python3.7/site-packages/airflow/example_dags/example_bash_operator.py
[2023-01-16T01:59:38.109+0000] {processor.py:756} INFO - Processing file /home/airflow/.local/lib/python3.7/site-packages/airflow/example_dags/example_bash_operator.py for tasks to queue
[2023-01-16T01:59:38.111+0000] {logging_mixin.py:120} INFO - [2023-01-16T01:59:38.111+0000] {dagbag.py:537} INFO - Filling up the DagBag from /home/airflow/.local/lib/python3.7/site-packages/airflow/example_dags/example_bash_operator.py
[2023-01-16T01:59:38.131+0000] {processor.py:766} INFO - DAG(s) dict_keys(['example_bash_operator']) retrieved from /home/airflow/.local/lib/python3.7/site-packages/airflow/example_dags/example_bash_operator.py
[2023-01-16T01:59:38.171+0000] {logging_mixin.py:120} INFO - [2023-01-16T01:59:38.171+0000] {dag.py:2585} INFO - Sync 1 DAGs
[2023-01-16T01:59:38.206+0000] {logging_mixin.py:120} INFO - [2023-01-16T01:59:38.205+0000] {dag.py:3340} INFO - Setting next_dagrun for example_bash_operator to 2023-01-15T00:00:00+00:00, run_after=2023-01-16T00:00:00+00:00
[2023-01-16T01:59:38.239+0000] {processor.py:176} INFO - Processing /home/airflow/.local/lib/python3.7/site-packages/airflow/example_dags/example_bash_operator.py took 0.138 seconds
[2023-01-16T02:00:08.879+0000] {processor.py:154} INFO - Started process (PID=22579) to work on /home/airflow/.local/lib/python3.7/site-packages/airflow/example_dags/example_bash_operator.py
[2023-01-16T02:00:08.880+0000] {processor.py:756} INFO - Processing file /home/airflow/.local/lib/python3.7/site-packages/airflow/example_dags/example_bash_operator.py for tasks to queue
[2023-01-16T02:00:08.882+0000] {logging_mixin.py:120} INFO - [2023-01-16T02:00:08.882+0000] {dagbag.py:537} INFO - Filling up the DagBag from /home/airflow/.local/lib/python3.7/site-packages/airflow/example_dags/example_bash_operator.py
[2023-01-16T02:00:08.906+0000] {processor.py:766} INFO - DAG(s) dict_keys(['example_bash_operator']) retrieved from /home/airflow/.local/lib/python3.7/site-packages/airflow/example_dags/example_bash_operator.py
[2023-01-16T02:00:08.956+0000] {logging_mixin.py:120} INFO - [2023-01-16T02:00:08.955+0000] {dag.py:2585} INFO - Sync 1 DAGs
[2023-01-16T02:00:08.991+0000] {logging_mixin.py:120} INFO - [2023-01-16T02:00:08.990+0000] {dag.py:3340} INFO - Setting next_dagrun for example_bash_operator to 2023-01-15T00:00:00+00:00, run_after=2023-01-16T00:00:00+00:00
[2023-01-16T02:00:09.019+0000] {processor.py:176} INFO - Processing /home/airflow/.local/lib/python3.7/site-packages/airflow/example_dags/example_bash_operator.py took 0.147 seconds
[2023-01-16T02:00:39.649+0000] {processor.py:154} INFO - Started process (PID=22645) to work on /home/airflow/.local/lib/python3.7/site-packages/airflow/example_dags/example_bash_operator.py
[2023-01-16T02:00:39.651+0000] {processor.py:756} INFO - Processing file /home/airflow/.local/lib/python3.7/site-packages/airflow/example_dags/example_bash_operator.py for tasks to queue
[2023-01-16T02:00:39.653+0000] {logging_mixin.py:120} INFO - [2023-01-16T02:00:39.653+0000] {dagbag.py:537} INFO - Filling up the DagBag from /home/airflow/.local/lib/python3.7/site-packages/airflow/example_dags/example_bash_operator.py
[2023-01-16T02:00:39.681+0000] {processor.py:766} INFO - DAG(s) dict_keys(['example_bash_operator']) retrieved from /home/airflow/.local/lib/python3.7/site-packages/airflow/example_dags/example_bash_operator.py
[2023-01-16T02:00:39.749+0000] {logging_mixin.py:120} INFO - [2023-01-16T02:00:39.748+0000] {dag.py:2585} INFO - Sync 1 DAGs
[2023-01-16T02:00:39.800+0000] {logging_mixin.py:120} INFO - [2023-01-16T02:00:39.800+0000] {dag.py:3340} INFO - Setting next_dagrun for example_bash_operator to 2023-01-15T00:00:00+00:00, run_after=2023-01-16T00:00:00+00:00
[2023-01-16T02:00:39.846+0000] {processor.py:176} INFO - Processing /home/airflow/.local/lib/python3.7/site-packages/airflow/example_dags/example_bash_operator.py took 0.204 seconds
[2023-01-16T02:01:10.121+0000] {processor.py:154} INFO - Started process (PID=22712) to work on /home/airflow/.local/lib/python3.7/site-packages/airflow/example_dags/example_bash_operator.py
[2023-01-16T02:01:10.122+0000] {processor.py:756} INFO - Processing file /home/airflow/.local/lib/python3.7/site-packages/airflow/example_dags/example_bash_operator.py for tasks to queue
[2023-01-16T02:01:10.124+0000] {logging_mixin.py:120} INFO - [2023-01-16T02:01:10.124+0000] {dagbag.py:537} INFO - Filling up the DagBag from /home/airflow/.local/lib/python3.7/site-packages/airflow/example_dags/example_bash_operator.py
[2023-01-16T02:01:10.141+0000] {processor.py:766} INFO - DAG(s) dict_keys(['example_bash_operator']) retrieved from /home/airflow/.local/lib/python3.7/site-packages/airflow/example_dags/example_bash_operator.py
[2023-01-16T02:01:10.186+0000] {logging_mixin.py:120} INFO - [2023-01-16T02:01:10.186+0000] {dag.py:2585} INFO - Sync 1 DAGs
[2023-01-16T02:01:10.224+0000] {logging_mixin.py:120} INFO - [2023-01-16T02:01:10.224+0000] {dag.py:3340} INFO - Setting next_dagrun for example_bash_operator to 2023-01-15T00:00:00+00:00, run_after=2023-01-16T00:00:00+00:00
[2023-01-16T02:01:10.267+0000] {processor.py:176} INFO - Processing /home/airflow/.local/lib/python3.7/site-packages/airflow/example_dags/example_bash_operator.py took 0.151 seconds
[2023-01-16T02:01:40.563+0000] {processor.py:154} INFO - Started process (PID=22774) to work on /home/airflow/.local/lib/python3.7/site-packages/airflow/example_dags/example_bash_operator.py
[2023-01-16T02:01:40.565+0000] {processor.py:756} INFO - Processing file /home/airflow/.local/lib/python3.7/site-packages/airflow/example_dags/example_bash_operator.py for tasks to queue
[2023-01-16T02:01:40.567+0000] {logging_mixin.py:120} INFO - [2023-01-16T02:01:40.567+0000] {dagbag.py:537} INFO - Filling up the DagBag from /home/airflow/.local/lib/python3.7/site-packages/airflow/example_dags/example_bash_operator.py
[2023-01-16T02:01:40.589+0000] {processor.py:766} INFO - DAG(s) dict_keys(['example_bash_operator']) retrieved from /home/airflow/.local/lib/python3.7/site-packages/airflow/example_dags/example_bash_operator.py
[2023-01-16T02:01:40.646+0000] {logging_mixin.py:120} INFO - [2023-01-16T02:01:40.646+0000] {dag.py:2585} INFO - Sync 1 DAGs
[2023-01-16T02:01:40.689+0000] {logging_mixin.py:120} INFO - [2023-01-16T02:01:40.689+0000] {dag.py:3340} INFO - Setting next_dagrun for example_bash_operator to 2023-01-15T00:00:00+00:00, run_after=2023-01-16T00:00:00+00:00
[2023-01-16T02:01:40.729+0000] {processor.py:176} INFO - Processing /home/airflow/.local/lib/python3.7/site-packages/airflow/example_dags/example_bash_operator.py took 0.178 seconds
