[2023-01-16T01:56:05.479+0000] {processor.py:154} INFO - Started process (PID=22098) to work on /home/airflow/.local/lib/python3.7/site-packages/airflow/example_dags/example_trigger_controller_dag.py
[2023-01-16T01:56:05.493+0000] {processor.py:756} INFO - Processing file /home/airflow/.local/lib/python3.7/site-packages/airflow/example_dags/example_trigger_controller_dag.py for tasks to queue
[2023-01-16T01:56:05.496+0000] {logging_mixin.py:120} INFO - [2023-01-16T01:56:05.496+0000] {dagbag.py:537} INFO - Filling up the DagBag from /home/airflow/.local/lib/python3.7/site-packages/airflow/example_dags/example_trigger_controller_dag.py
[2023-01-16T01:56:05.530+0000] {processor.py:766} INFO - DAG(s) dict_keys(['example_trigger_controller_dag']) retrieved from /home/airflow/.local/lib/python3.7/site-packages/airflow/example_dags/example_trigger_controller_dag.py
[2023-01-16T01:56:05.673+0000] {logging_mixin.py:120} INFO - [2023-01-16T01:56:05.672+0000] {dag.py:2585} INFO - Sync 1 DAGs
[2023-01-16T01:56:05.803+0000] {logging_mixin.py:120} INFO - [2023-01-16T01:56:05.803+0000] {dag.py:3340} INFO - Setting next_dagrun for example_trigger_controller_dag to 2021-01-01T00:00:00+00:00, run_after=2021-01-01T00:00:00+00:00
[2023-01-16T01:56:05.962+0000] {processor.py:176} INFO - Processing /home/airflow/.local/lib/python3.7/site-packages/airflow/example_dags/example_trigger_controller_dag.py took 0.502 seconds
[2023-01-16T01:56:36.233+0000] {processor.py:154} INFO - Started process (PID=22155) to work on /home/airflow/.local/lib/python3.7/site-packages/airflow/example_dags/example_trigger_controller_dag.py
[2023-01-16T01:56:36.235+0000] {processor.py:756} INFO - Processing file /home/airflow/.local/lib/python3.7/site-packages/airflow/example_dags/example_trigger_controller_dag.py for tasks to queue
[2023-01-16T01:56:36.237+0000] {logging_mixin.py:120} INFO - [2023-01-16T01:56:36.237+0000] {dagbag.py:537} INFO - Filling up the DagBag from /home/airflow/.local/lib/python3.7/site-packages/airflow/example_dags/example_trigger_controller_dag.py
[2023-01-16T01:56:36.247+0000] {processor.py:766} INFO - DAG(s) dict_keys(['example_trigger_controller_dag']) retrieved from /home/airflow/.local/lib/python3.7/site-packages/airflow/example_dags/example_trigger_controller_dag.py
[2023-01-16T01:56:36.303+0000] {logging_mixin.py:120} INFO - [2023-01-16T01:56:36.303+0000] {dag.py:2585} INFO - Sync 1 DAGs
[2023-01-16T01:56:36.351+0000] {logging_mixin.py:120} INFO - [2023-01-16T01:56:36.351+0000] {dag.py:3340} INFO - Setting next_dagrun for example_trigger_controller_dag to 2021-01-01T00:00:00+00:00, run_after=2021-01-01T00:00:00+00:00
[2023-01-16T01:56:36.390+0000] {processor.py:176} INFO - Processing /home/airflow/.local/lib/python3.7/site-packages/airflow/example_dags/example_trigger_controller_dag.py took 0.165 seconds
[2023-01-16T01:57:06.748+0000] {processor.py:154} INFO - Started process (PID=22212) to work on /home/airflow/.local/lib/python3.7/site-packages/airflow/example_dags/example_trigger_controller_dag.py
[2023-01-16T01:57:06.750+0000] {processor.py:756} INFO - Processing file /home/airflow/.local/lib/python3.7/site-packages/airflow/example_dags/example_trigger_controller_dag.py for tasks to queue
[2023-01-16T01:57:06.755+0000] {logging_mixin.py:120} INFO - [2023-01-16T01:57:06.754+0000] {dagbag.py:537} INFO - Filling up the DagBag from /home/airflow/.local/lib/python3.7/site-packages/airflow/example_dags/example_trigger_controller_dag.py
[2023-01-16T01:57:06.766+0000] {processor.py:766} INFO - DAG(s) dict_keys(['example_trigger_controller_dag']) retrieved from /home/airflow/.local/lib/python3.7/site-packages/airflow/example_dags/example_trigger_controller_dag.py
[2023-01-16T01:57:06.846+0000] {logging_mixin.py:120} INFO - [2023-01-16T01:57:06.845+0000] {dag.py:2585} INFO - Sync 1 DAGs
[2023-01-16T01:57:06.906+0000] {logging_mixin.py:120} INFO - [2023-01-16T01:57:06.906+0000] {dag.py:3340} INFO - Setting next_dagrun for example_trigger_controller_dag to 2021-01-01T00:00:00+00:00, run_after=2021-01-01T00:00:00+00:00
[2023-01-16T01:57:06.967+0000] {processor.py:176} INFO - Processing /home/airflow/.local/lib/python3.7/site-packages/airflow/example_dags/example_trigger_controller_dag.py took 0.225 seconds
[2023-01-16T01:57:37.126+0000] {processor.py:154} INFO - Started process (PID=22280) to work on /home/airflow/.local/lib/python3.7/site-packages/airflow/example_dags/example_trigger_controller_dag.py
[2023-01-16T01:57:37.128+0000] {processor.py:756} INFO - Processing file /home/airflow/.local/lib/python3.7/site-packages/airflow/example_dags/example_trigger_controller_dag.py for tasks to queue
[2023-01-16T01:57:37.129+0000] {logging_mixin.py:120} INFO - [2023-01-16T01:57:37.129+0000] {dagbag.py:537} INFO - Filling up the DagBag from /home/airflow/.local/lib/python3.7/site-packages/airflow/example_dags/example_trigger_controller_dag.py
[2023-01-16T01:57:37.139+0000] {processor.py:766} INFO - DAG(s) dict_keys(['example_trigger_controller_dag']) retrieved from /home/airflow/.local/lib/python3.7/site-packages/airflow/example_dags/example_trigger_controller_dag.py
[2023-01-16T01:57:37.184+0000] {logging_mixin.py:120} INFO - [2023-01-16T01:57:37.183+0000] {dag.py:2585} INFO - Sync 1 DAGs
[2023-01-16T01:57:37.230+0000] {logging_mixin.py:120} INFO - [2023-01-16T01:57:37.229+0000] {dag.py:3340} INFO - Setting next_dagrun for example_trigger_controller_dag to 2021-01-01T00:00:00+00:00, run_after=2021-01-01T00:00:00+00:00
[2023-01-16T01:57:37.272+0000] {processor.py:176} INFO - Processing /home/airflow/.local/lib/python3.7/site-packages/airflow/example_dags/example_trigger_controller_dag.py took 0.152 seconds
[2023-01-16T01:58:07.846+0000] {processor.py:154} INFO - Started process (PID=22337) to work on /home/airflow/.local/lib/python3.7/site-packages/airflow/example_dags/example_trigger_controller_dag.py
[2023-01-16T01:58:07.847+0000] {processor.py:756} INFO - Processing file /home/airflow/.local/lib/python3.7/site-packages/airflow/example_dags/example_trigger_controller_dag.py for tasks to queue
[2023-01-16T01:58:07.848+0000] {logging_mixin.py:120} INFO - [2023-01-16T01:58:07.848+0000] {dagbag.py:537} INFO - Filling up the DagBag from /home/airflow/.local/lib/python3.7/site-packages/airflow/example_dags/example_trigger_controller_dag.py
[2023-01-16T01:58:07.853+0000] {processor.py:766} INFO - DAG(s) dict_keys(['example_trigger_controller_dag']) retrieved from /home/airflow/.local/lib/python3.7/site-packages/airflow/example_dags/example_trigger_controller_dag.py
[2023-01-16T01:58:07.895+0000] {logging_mixin.py:120} INFO - [2023-01-16T01:58:07.894+0000] {dag.py:2585} INFO - Sync 1 DAGs
[2023-01-16T01:58:07.933+0000] {logging_mixin.py:120} INFO - [2023-01-16T01:58:07.933+0000] {dag.py:3340} INFO - Setting next_dagrun for example_trigger_controller_dag to 2021-01-01T00:00:00+00:00, run_after=2021-01-01T00:00:00+00:00
[2023-01-16T01:58:07.968+0000] {processor.py:176} INFO - Processing /home/airflow/.local/lib/python3.7/site-packages/airflow/example_dags/example_trigger_controller_dag.py took 0.128 seconds
[2023-01-16T01:58:38.303+0000] {processor.py:154} INFO - Started process (PID=22403) to work on /home/airflow/.local/lib/python3.7/site-packages/airflow/example_dags/example_trigger_controller_dag.py
[2023-01-16T01:58:38.304+0000] {processor.py:756} INFO - Processing file /home/airflow/.local/lib/python3.7/site-packages/airflow/example_dags/example_trigger_controller_dag.py for tasks to queue
[2023-01-16T01:58:38.305+0000] {logging_mixin.py:120} INFO - [2023-01-16T01:58:38.305+0000] {dagbag.py:537} INFO - Filling up the DagBag from /home/airflow/.local/lib/python3.7/site-packages/airflow/example_dags/example_trigger_controller_dag.py
[2023-01-16T01:58:38.313+0000] {processor.py:766} INFO - DAG(s) dict_keys(['example_trigger_controller_dag']) retrieved from /home/airflow/.local/lib/python3.7/site-packages/airflow/example_dags/example_trigger_controller_dag.py
[2023-01-16T01:58:38.354+0000] {logging_mixin.py:120} INFO - [2023-01-16T01:58:38.353+0000] {dag.py:2585} INFO - Sync 1 DAGs
[2023-01-16T01:58:38.390+0000] {logging_mixin.py:120} INFO - [2023-01-16T01:58:38.390+0000] {dag.py:3340} INFO - Setting next_dagrun for example_trigger_controller_dag to 2021-01-01T00:00:00+00:00, run_after=2021-01-01T00:00:00+00:00
[2023-01-16T01:58:38.436+0000] {processor.py:176} INFO - Processing /home/airflow/.local/lib/python3.7/site-packages/airflow/example_dags/example_trigger_controller_dag.py took 0.138 seconds
[2023-01-16T01:59:09.111+0000] {processor.py:154} INFO - Started process (PID=22460) to work on /home/airflow/.local/lib/python3.7/site-packages/airflow/example_dags/example_trigger_controller_dag.py
[2023-01-16T01:59:09.112+0000] {processor.py:756} INFO - Processing file /home/airflow/.local/lib/python3.7/site-packages/airflow/example_dags/example_trigger_controller_dag.py for tasks to queue
[2023-01-16T01:59:09.113+0000] {logging_mixin.py:120} INFO - [2023-01-16T01:59:09.113+0000] {dagbag.py:537} INFO - Filling up the DagBag from /home/airflow/.local/lib/python3.7/site-packages/airflow/example_dags/example_trigger_controller_dag.py
[2023-01-16T01:59:09.116+0000] {processor.py:766} INFO - DAG(s) dict_keys(['example_trigger_controller_dag']) retrieved from /home/airflow/.local/lib/python3.7/site-packages/airflow/example_dags/example_trigger_controller_dag.py
[2023-01-16T01:59:09.144+0000] {logging_mixin.py:120} INFO - [2023-01-16T01:59:09.144+0000] {dag.py:2585} INFO - Sync 1 DAGs
[2023-01-16T01:59:09.175+0000] {logging_mixin.py:120} INFO - [2023-01-16T01:59:09.174+0000] {dag.py:3340} INFO - Setting next_dagrun for example_trigger_controller_dag to 2021-01-01T00:00:00+00:00, run_after=2021-01-01T00:00:00+00:00
[2023-01-16T01:59:09.201+0000] {processor.py:176} INFO - Processing /home/airflow/.local/lib/python3.7/site-packages/airflow/example_dags/example_trigger_controller_dag.py took 0.096 seconds
[2023-01-16T01:59:39.722+0000] {processor.py:154} INFO - Started process (PID=22527) to work on /home/airflow/.local/lib/python3.7/site-packages/airflow/example_dags/example_trigger_controller_dag.py
[2023-01-16T01:59:39.723+0000] {processor.py:756} INFO - Processing file /home/airflow/.local/lib/python3.7/site-packages/airflow/example_dags/example_trigger_controller_dag.py for tasks to queue
[2023-01-16T01:59:39.724+0000] {logging_mixin.py:120} INFO - [2023-01-16T01:59:39.724+0000] {dagbag.py:537} INFO - Filling up the DagBag from /home/airflow/.local/lib/python3.7/site-packages/airflow/example_dags/example_trigger_controller_dag.py
[2023-01-16T01:59:39.730+0000] {processor.py:766} INFO - DAG(s) dict_keys(['example_trigger_controller_dag']) retrieved from /home/airflow/.local/lib/python3.7/site-packages/airflow/example_dags/example_trigger_controller_dag.py
[2023-01-16T01:59:39.771+0000] {logging_mixin.py:120} INFO - [2023-01-16T01:59:39.770+0000] {dag.py:2585} INFO - Sync 1 DAGs
[2023-01-16T01:59:39.824+0000] {logging_mixin.py:120} INFO - [2023-01-16T01:59:39.824+0000] {dag.py:3340} INFO - Setting next_dagrun for example_trigger_controller_dag to 2021-01-01T00:00:00+00:00, run_after=2021-01-01T00:00:00+00:00
[2023-01-16T01:59:39.865+0000] {processor.py:176} INFO - Processing /home/airflow/.local/lib/python3.7/site-packages/airflow/example_dags/example_trigger_controller_dag.py took 0.149 seconds
[2023-01-16T02:00:10.174+0000] {processor.py:154} INFO - Started process (PID=22583) to work on /home/airflow/.local/lib/python3.7/site-packages/airflow/example_dags/example_trigger_controller_dag.py
[2023-01-16T02:00:10.176+0000] {processor.py:756} INFO - Processing file /home/airflow/.local/lib/python3.7/site-packages/airflow/example_dags/example_trigger_controller_dag.py for tasks to queue
[2023-01-16T02:00:10.178+0000] {logging_mixin.py:120} INFO - [2023-01-16T02:00:10.178+0000] {dagbag.py:537} INFO - Filling up the DagBag from /home/airflow/.local/lib/python3.7/site-packages/airflow/example_dags/example_trigger_controller_dag.py
[2023-01-16T02:00:10.184+0000] {processor.py:766} INFO - DAG(s) dict_keys(['example_trigger_controller_dag']) retrieved from /home/airflow/.local/lib/python3.7/site-packages/airflow/example_dags/example_trigger_controller_dag.py
[2023-01-16T02:00:10.220+0000] {logging_mixin.py:120} INFO - [2023-01-16T02:00:10.220+0000] {dag.py:2585} INFO - Sync 1 DAGs
[2023-01-16T02:00:10.256+0000] {logging_mixin.py:120} INFO - [2023-01-16T02:00:10.256+0000] {dag.py:3340} INFO - Setting next_dagrun for example_trigger_controller_dag to 2021-01-01T00:00:00+00:00, run_after=2021-01-01T00:00:00+00:00
[2023-01-16T02:00:10.283+0000] {processor.py:176} INFO - Processing /home/airflow/.local/lib/python3.7/site-packages/airflow/example_dags/example_trigger_controller_dag.py took 0.115 seconds
[2023-01-16T02:00:41.227+0000] {processor.py:154} INFO - Started process (PID=22650) to work on /home/airflow/.local/lib/python3.7/site-packages/airflow/example_dags/example_trigger_controller_dag.py
[2023-01-16T02:00:41.228+0000] {processor.py:756} INFO - Processing file /home/airflow/.local/lib/python3.7/site-packages/airflow/example_dags/example_trigger_controller_dag.py for tasks to queue
[2023-01-16T02:00:41.229+0000] {logging_mixin.py:120} INFO - [2023-01-16T02:00:41.229+0000] {dagbag.py:537} INFO - Filling up the DagBag from /home/airflow/.local/lib/python3.7/site-packages/airflow/example_dags/example_trigger_controller_dag.py
[2023-01-16T02:00:41.236+0000] {processor.py:766} INFO - DAG(s) dict_keys(['example_trigger_controller_dag']) retrieved from /home/airflow/.local/lib/python3.7/site-packages/airflow/example_dags/example_trigger_controller_dag.py
[2023-01-16T02:00:41.268+0000] {logging_mixin.py:120} INFO - [2023-01-16T02:00:41.268+0000] {dag.py:2585} INFO - Sync 1 DAGs
[2023-01-16T02:00:41.296+0000] {logging_mixin.py:120} INFO - [2023-01-16T02:00:41.296+0000] {dag.py:3340} INFO - Setting next_dagrun for example_trigger_controller_dag to 2021-01-01T00:00:00+00:00, run_after=2021-01-01T00:00:00+00:00
[2023-01-16T02:00:41.329+0000] {processor.py:176} INFO - Processing /home/airflow/.local/lib/python3.7/site-packages/airflow/example_dags/example_trigger_controller_dag.py took 0.107 seconds
[2023-01-16T02:01:11.971+0000] {processor.py:154} INFO - Started process (PID=22719) to work on /home/airflow/.local/lib/python3.7/site-packages/airflow/example_dags/example_trigger_controller_dag.py
[2023-01-16T02:01:11.973+0000] {processor.py:756} INFO - Processing file /home/airflow/.local/lib/python3.7/site-packages/airflow/example_dags/example_trigger_controller_dag.py for tasks to queue
[2023-01-16T02:01:11.975+0000] {logging_mixin.py:120} INFO - [2023-01-16T02:01:11.975+0000] {dagbag.py:537} INFO - Filling up the DagBag from /home/airflow/.local/lib/python3.7/site-packages/airflow/example_dags/example_trigger_controller_dag.py
[2023-01-16T02:01:11.984+0000] {processor.py:766} INFO - DAG(s) dict_keys(['example_trigger_controller_dag']) retrieved from /home/airflow/.local/lib/python3.7/site-packages/airflow/example_dags/example_trigger_controller_dag.py
[2023-01-16T02:01:12.036+0000] {logging_mixin.py:120} INFO - [2023-01-16T02:01:12.035+0000] {dag.py:2585} INFO - Sync 1 DAGs
[2023-01-16T02:01:12.066+0000] {logging_mixin.py:120} INFO - [2023-01-16T02:01:12.066+0000] {dag.py:3340} INFO - Setting next_dagrun for example_trigger_controller_dag to 2021-01-01T00:00:00+00:00, run_after=2021-01-01T00:00:00+00:00
[2023-01-16T02:01:12.089+0000] {processor.py:176} INFO - Processing /home/airflow/.local/lib/python3.7/site-packages/airflow/example_dags/example_trigger_controller_dag.py took 0.124 seconds
[2023-01-16T02:01:42.608+0000] {processor.py:154} INFO - Started process (PID=22779) to work on /home/airflow/.local/lib/python3.7/site-packages/airflow/example_dags/example_trigger_controller_dag.py
[2023-01-16T02:01:42.609+0000] {processor.py:756} INFO - Processing file /home/airflow/.local/lib/python3.7/site-packages/airflow/example_dags/example_trigger_controller_dag.py for tasks to queue
[2023-01-16T02:01:42.610+0000] {logging_mixin.py:120} INFO - [2023-01-16T02:01:42.610+0000] {dagbag.py:537} INFO - Filling up the DagBag from /home/airflow/.local/lib/python3.7/site-packages/airflow/example_dags/example_trigger_controller_dag.py
[2023-01-16T02:01:42.616+0000] {processor.py:766} INFO - DAG(s) dict_keys(['example_trigger_controller_dag']) retrieved from /home/airflow/.local/lib/python3.7/site-packages/airflow/example_dags/example_trigger_controller_dag.py
[2023-01-16T02:01:42.650+0000] {logging_mixin.py:120} INFO - [2023-01-16T02:01:42.650+0000] {dag.py:2585} INFO - Sync 1 DAGs
[2023-01-16T02:01:42.689+0000] {logging_mixin.py:120} INFO - [2023-01-16T02:01:42.688+0000] {dag.py:3340} INFO - Setting next_dagrun for example_trigger_controller_dag to 2021-01-01T00:00:00+00:00, run_after=2021-01-01T00:00:00+00:00
[2023-01-16T02:01:42.725+0000] {processor.py:176} INFO - Processing /home/airflow/.local/lib/python3.7/site-packages/airflow/example_dags/example_trigger_controller_dag.py took 0.122 seconds
