[2023-01-16T01:56:05.762+0000] {processor.py:154} INFO - Started process (PID=22099) to work on /home/airflow/.local/lib/python3.7/site-packages/airflow/example_dags/example_latest_only_with_trigger.py
[2023-01-16T01:56:05.764+0000] {processor.py:756} INFO - Processing file /home/airflow/.local/lib/python3.7/site-packages/airflow/example_dags/example_latest_only_with_trigger.py for tasks to queue
[2023-01-16T01:56:05.766+0000] {logging_mixin.py:120} INFO - [2023-01-16T01:56:05.766+0000] {dagbag.py:537} INFO - Filling up the DagBag from /home/airflow/.local/lib/python3.7/site-packages/airflow/example_dags/example_latest_only_with_trigger.py
[2023-01-16T01:56:05.806+0000] {processor.py:766} INFO - DAG(s) dict_keys(['latest_only_with_trigger']) retrieved from /home/airflow/.local/lib/python3.7/site-packages/airflow/example_dags/example_latest_only_with_trigger.py
[2023-01-16T01:56:05.940+0000] {logging_mixin.py:120} INFO - [2023-01-16T01:56:05.939+0000] {dag.py:2585} INFO - Sync 1 DAGs
[2023-01-16T01:56:06.106+0000] {logging_mixin.py:120} INFO - [2023-01-16T01:56:06.106+0000] {dag.py:3340} INFO - Setting next_dagrun for latest_only_with_trigger to 2023-01-15T21:56:06.105418+00:00, run_after=2023-01-16T01:56:06.105418+00:00
[2023-01-16T01:56:06.250+0000] {processor.py:176} INFO - Processing /home/airflow/.local/lib/python3.7/site-packages/airflow/example_dags/example_latest_only_with_trigger.py took 0.506 seconds
[2023-01-16T01:56:36.478+0000] {processor.py:154} INFO - Started process (PID=22156) to work on /home/airflow/.local/lib/python3.7/site-packages/airflow/example_dags/example_latest_only_with_trigger.py
[2023-01-16T01:56:36.482+0000] {processor.py:756} INFO - Processing file /home/airflow/.local/lib/python3.7/site-packages/airflow/example_dags/example_latest_only_with_trigger.py for tasks to queue
[2023-01-16T01:56:36.487+0000] {logging_mixin.py:120} INFO - [2023-01-16T01:56:36.486+0000] {dagbag.py:537} INFO - Filling up the DagBag from /home/airflow/.local/lib/python3.7/site-packages/airflow/example_dags/example_latest_only_with_trigger.py
[2023-01-16T01:56:36.511+0000] {processor.py:766} INFO - DAG(s) dict_keys(['latest_only_with_trigger']) retrieved from /home/airflow/.local/lib/python3.7/site-packages/airflow/example_dags/example_latest_only_with_trigger.py
[2023-01-16T01:56:36.588+0000] {logging_mixin.py:120} INFO - [2023-01-16T01:56:36.588+0000] {dag.py:2585} INFO - Sync 1 DAGs
[2023-01-16T01:56:36.673+0000] {logging_mixin.py:120} INFO - [2023-01-16T01:56:36.672+0000] {dag.py:3340} INFO - Setting next_dagrun for latest_only_with_trigger to 2023-01-15T21:56:36.672369+00:00, run_after=2023-01-16T01:56:36.672369+00:00
[2023-01-16T01:56:36.741+0000] {processor.py:176} INFO - Processing /home/airflow/.local/lib/python3.7/site-packages/airflow/example_dags/example_latest_only_with_trigger.py took 0.269 seconds
[2023-01-16T01:57:07.097+0000] {processor.py:154} INFO - Started process (PID=22213) to work on /home/airflow/.local/lib/python3.7/site-packages/airflow/example_dags/example_latest_only_with_trigger.py
[2023-01-16T01:57:07.101+0000] {processor.py:756} INFO - Processing file /home/airflow/.local/lib/python3.7/site-packages/airflow/example_dags/example_latest_only_with_trigger.py for tasks to queue
[2023-01-16T01:57:07.106+0000] {logging_mixin.py:120} INFO - [2023-01-16T01:57:07.105+0000] {dagbag.py:537} INFO - Filling up the DagBag from /home/airflow/.local/lib/python3.7/site-packages/airflow/example_dags/example_latest_only_with_trigger.py
[2023-01-16T01:57:07.143+0000] {processor.py:766} INFO - DAG(s) dict_keys(['latest_only_with_trigger']) retrieved from /home/airflow/.local/lib/python3.7/site-packages/airflow/example_dags/example_latest_only_with_trigger.py
[2023-01-16T01:57:07.297+0000] {logging_mixin.py:120} INFO - [2023-01-16T01:57:07.297+0000] {dag.py:2585} INFO - Sync 1 DAGs
[2023-01-16T01:57:07.385+0000] {logging_mixin.py:120} INFO - [2023-01-16T01:57:07.384+0000] {dag.py:3340} INFO - Setting next_dagrun for latest_only_with_trigger to 2023-01-15T21:57:07.382054+00:00, run_after=2023-01-16T01:57:07.382054+00:00
[2023-01-16T01:57:07.460+0000] {processor.py:176} INFO - Processing /home/airflow/.local/lib/python3.7/site-packages/airflow/example_dags/example_latest_only_with_trigger.py took 0.382 seconds
[2023-01-16T01:57:38.171+0000] {processor.py:154} INFO - Started process (PID=22281) to work on /home/airflow/.local/lib/python3.7/site-packages/airflow/example_dags/example_latest_only_with_trigger.py
[2023-01-16T01:57:38.173+0000] {processor.py:756} INFO - Processing file /home/airflow/.local/lib/python3.7/site-packages/airflow/example_dags/example_latest_only_with_trigger.py for tasks to queue
[2023-01-16T01:57:38.175+0000] {logging_mixin.py:120} INFO - [2023-01-16T01:57:38.174+0000] {dagbag.py:537} INFO - Filling up the DagBag from /home/airflow/.local/lib/python3.7/site-packages/airflow/example_dags/example_latest_only_with_trigger.py
[2023-01-16T01:57:38.206+0000] {processor.py:766} INFO - DAG(s) dict_keys(['latest_only_with_trigger']) retrieved from /home/airflow/.local/lib/python3.7/site-packages/airflow/example_dags/example_latest_only_with_trigger.py
[2023-01-16T01:57:38.294+0000] {logging_mixin.py:120} INFO - [2023-01-16T01:57:38.294+0000] {dag.py:2585} INFO - Sync 1 DAGs
[2023-01-16T01:57:38.370+0000] {logging_mixin.py:120} INFO - [2023-01-16T01:57:38.369+0000] {dag.py:3340} INFO - Setting next_dagrun for latest_only_with_trigger to 2023-01-15T21:57:38.369361+00:00, run_after=2023-01-16T01:57:38.369361+00:00
[2023-01-16T01:57:38.426+0000] {processor.py:176} INFO - Processing /home/airflow/.local/lib/python3.7/site-packages/airflow/example_dags/example_latest_only_with_trigger.py took 0.270 seconds
[2023-01-16T01:58:09.033+0000] {processor.py:154} INFO - Started process (PID=22338) to work on /home/airflow/.local/lib/python3.7/site-packages/airflow/example_dags/example_latest_only_with_trigger.py
[2023-01-16T01:58:09.035+0000] {processor.py:756} INFO - Processing file /home/airflow/.local/lib/python3.7/site-packages/airflow/example_dags/example_latest_only_with_trigger.py for tasks to queue
[2023-01-16T01:58:09.036+0000] {logging_mixin.py:120} INFO - [2023-01-16T01:58:09.036+0000] {dagbag.py:537} INFO - Filling up the DagBag from /home/airflow/.local/lib/python3.7/site-packages/airflow/example_dags/example_latest_only_with_trigger.py
[2023-01-16T01:58:09.053+0000] {processor.py:766} INFO - DAG(s) dict_keys(['latest_only_with_trigger']) retrieved from /home/airflow/.local/lib/python3.7/site-packages/airflow/example_dags/example_latest_only_with_trigger.py
[2023-01-16T01:58:09.095+0000] {logging_mixin.py:120} INFO - [2023-01-16T01:58:09.095+0000] {dag.py:2585} INFO - Sync 1 DAGs
[2023-01-16T01:58:09.137+0000] {logging_mixin.py:120} INFO - [2023-01-16T01:58:09.137+0000] {dag.py:3340} INFO - Setting next_dagrun for latest_only_with_trigger to 2023-01-15T21:58:09.136965+00:00, run_after=2023-01-16T01:58:09.136965+00:00
[2023-01-16T01:58:09.174+0000] {processor.py:176} INFO - Processing /home/airflow/.local/lib/python3.7/site-packages/airflow/example_dags/example_latest_only_with_trigger.py took 0.145 seconds
[2023-01-16T01:58:39.349+0000] {processor.py:154} INFO - Started process (PID=22404) to work on /home/airflow/.local/lib/python3.7/site-packages/airflow/example_dags/example_latest_only_with_trigger.py
[2023-01-16T01:58:39.351+0000] {processor.py:756} INFO - Processing file /home/airflow/.local/lib/python3.7/site-packages/airflow/example_dags/example_latest_only_with_trigger.py for tasks to queue
[2023-01-16T01:58:39.353+0000] {logging_mixin.py:120} INFO - [2023-01-16T01:58:39.353+0000] {dagbag.py:537} INFO - Filling up the DagBag from /home/airflow/.local/lib/python3.7/site-packages/airflow/example_dags/example_latest_only_with_trigger.py
[2023-01-16T01:58:39.380+0000] {processor.py:766} INFO - DAG(s) dict_keys(['latest_only_with_trigger']) retrieved from /home/airflow/.local/lib/python3.7/site-packages/airflow/example_dags/example_latest_only_with_trigger.py
[2023-01-16T01:58:39.432+0000] {logging_mixin.py:120} INFO - [2023-01-16T01:58:39.431+0000] {dag.py:2585} INFO - Sync 1 DAGs
[2023-01-16T01:58:39.463+0000] {logging_mixin.py:120} INFO - [2023-01-16T01:58:39.463+0000] {dag.py:3340} INFO - Setting next_dagrun for latest_only_with_trigger to 2023-01-15T21:58:39.462743+00:00, run_after=2023-01-16T01:58:39.462743+00:00
[2023-01-16T01:58:39.503+0000] {processor.py:176} INFO - Processing /home/airflow/.local/lib/python3.7/site-packages/airflow/example_dags/example_latest_only_with_trigger.py took 0.163 seconds
[2023-01-16T01:59:10.266+0000] {processor.py:154} INFO - Started process (PID=22461) to work on /home/airflow/.local/lib/python3.7/site-packages/airflow/example_dags/example_latest_only_with_trigger.py
[2023-01-16T01:59:10.268+0000] {processor.py:756} INFO - Processing file /home/airflow/.local/lib/python3.7/site-packages/airflow/example_dags/example_latest_only_with_trigger.py for tasks to queue
[2023-01-16T01:59:10.269+0000] {logging_mixin.py:120} INFO - [2023-01-16T01:59:10.269+0000] {dagbag.py:537} INFO - Filling up the DagBag from /home/airflow/.local/lib/python3.7/site-packages/airflow/example_dags/example_latest_only_with_trigger.py
[2023-01-16T01:59:10.279+0000] {processor.py:766} INFO - DAG(s) dict_keys(['latest_only_with_trigger']) retrieved from /home/airflow/.local/lib/python3.7/site-packages/airflow/example_dags/example_latest_only_with_trigger.py
[2023-01-16T01:59:10.310+0000] {logging_mixin.py:120} INFO - [2023-01-16T01:59:10.310+0000] {dag.py:2585} INFO - Sync 1 DAGs
[2023-01-16T01:59:10.338+0000] {logging_mixin.py:120} INFO - [2023-01-16T01:59:10.337+0000] {dag.py:3340} INFO - Setting next_dagrun for latest_only_with_trigger to 2023-01-15T21:59:10.337701+00:00, run_after=2023-01-16T01:59:10.337701+00:00
[2023-01-16T01:59:10.369+0000] {processor.py:176} INFO - Processing /home/airflow/.local/lib/python3.7/site-packages/airflow/example_dags/example_latest_only_with_trigger.py took 0.107 seconds
[2023-01-16T01:59:40.955+0000] {processor.py:154} INFO - Started process (PID=22528) to work on /home/airflow/.local/lib/python3.7/site-packages/airflow/example_dags/example_latest_only_with_trigger.py
[2023-01-16T01:59:40.957+0000] {processor.py:756} INFO - Processing file /home/airflow/.local/lib/python3.7/site-packages/airflow/example_dags/example_latest_only_with_trigger.py for tasks to queue
[2023-01-16T01:59:40.962+0000] {logging_mixin.py:120} INFO - [2023-01-16T01:59:40.962+0000] {dagbag.py:537} INFO - Filling up the DagBag from /home/airflow/.local/lib/python3.7/site-packages/airflow/example_dags/example_latest_only_with_trigger.py
[2023-01-16T01:59:40.982+0000] {processor.py:766} INFO - DAG(s) dict_keys(['latest_only_with_trigger']) retrieved from /home/airflow/.local/lib/python3.7/site-packages/airflow/example_dags/example_latest_only_with_trigger.py
[2023-01-16T01:59:41.026+0000] {logging_mixin.py:120} INFO - [2023-01-16T01:59:41.025+0000] {dag.py:2585} INFO - Sync 1 DAGs
[2023-01-16T01:59:41.055+0000] {logging_mixin.py:120} INFO - [2023-01-16T01:59:41.055+0000] {dag.py:3340} INFO - Setting next_dagrun for latest_only_with_trigger to 2023-01-15T21:59:41.055333+00:00, run_after=2023-01-16T01:59:41.055333+00:00
[2023-01-16T01:59:41.082+0000] {processor.py:176} INFO - Processing /home/airflow/.local/lib/python3.7/site-packages/airflow/example_dags/example_latest_only_with_trigger.py took 0.135 seconds
[2023-01-16T02:00:11.371+0000] {processor.py:154} INFO - Started process (PID=22585) to work on /home/airflow/.local/lib/python3.7/site-packages/airflow/example_dags/example_latest_only_with_trigger.py
[2023-01-16T02:00:11.373+0000] {processor.py:756} INFO - Processing file /home/airflow/.local/lib/python3.7/site-packages/airflow/example_dags/example_latest_only_with_trigger.py for tasks to queue
[2023-01-16T02:00:11.376+0000] {logging_mixin.py:120} INFO - [2023-01-16T02:00:11.376+0000] {dagbag.py:537} INFO - Filling up the DagBag from /home/airflow/.local/lib/python3.7/site-packages/airflow/example_dags/example_latest_only_with_trigger.py
[2023-01-16T02:00:11.400+0000] {processor.py:766} INFO - DAG(s) dict_keys(['latest_only_with_trigger']) retrieved from /home/airflow/.local/lib/python3.7/site-packages/airflow/example_dags/example_latest_only_with_trigger.py
[2023-01-16T02:00:11.463+0000] {logging_mixin.py:120} INFO - [2023-01-16T02:00:11.463+0000] {dag.py:2585} INFO - Sync 1 DAGs
[2023-01-16T02:00:11.496+0000] {logging_mixin.py:120} INFO - [2023-01-16T02:00:11.495+0000] {dag.py:3340} INFO - Setting next_dagrun for latest_only_with_trigger to 2023-01-15T22:00:11.495383+00:00, run_after=2023-01-16T02:00:11.495383+00:00
[2023-01-16T02:00:11.522+0000] {processor.py:176} INFO - Processing /home/airflow/.local/lib/python3.7/site-packages/airflow/example_dags/example_latest_only_with_trigger.py took 0.160 seconds
[2023-01-16T02:00:42.930+0000] {processor.py:154} INFO - Started process (PID=22654) to work on /home/airflow/.local/lib/python3.7/site-packages/airflow/example_dags/example_latest_only_with_trigger.py
[2023-01-16T02:00:42.932+0000] {processor.py:756} INFO - Processing file /home/airflow/.local/lib/python3.7/site-packages/airflow/example_dags/example_latest_only_with_trigger.py for tasks to queue
[2023-01-16T02:00:42.935+0000] {logging_mixin.py:120} INFO - [2023-01-16T02:00:42.935+0000] {dagbag.py:537} INFO - Filling up the DagBag from /home/airflow/.local/lib/python3.7/site-packages/airflow/example_dags/example_latest_only_with_trigger.py
[2023-01-16T02:00:42.951+0000] {processor.py:766} INFO - DAG(s) dict_keys(['latest_only_with_trigger']) retrieved from /home/airflow/.local/lib/python3.7/site-packages/airflow/example_dags/example_latest_only_with_trigger.py
[2023-01-16T02:00:43.003+0000] {logging_mixin.py:120} INFO - [2023-01-16T02:00:43.003+0000] {dag.py:2585} INFO - Sync 1 DAGs
[2023-01-16T02:00:43.056+0000] {logging_mixin.py:120} INFO - [2023-01-16T02:00:43.055+0000] {dag.py:3340} INFO - Setting next_dagrun for latest_only_with_trigger to 2023-01-15T22:00:43.054720+00:00, run_after=2023-01-16T02:00:43.054720+00:00
[2023-01-16T02:00:43.108+0000] {processor.py:176} INFO - Processing /home/airflow/.local/lib/python3.7/site-packages/airflow/example_dags/example_latest_only_with_trigger.py took 0.184 seconds
[2023-01-16T02:01:14.190+0000] {processor.py:154} INFO - Started process (PID=22723) to work on /home/airflow/.local/lib/python3.7/site-packages/airflow/example_dags/example_latest_only_with_trigger.py
[2023-01-16T02:01:14.191+0000] {processor.py:756} INFO - Processing file /home/airflow/.local/lib/python3.7/site-packages/airflow/example_dags/example_latest_only_with_trigger.py for tasks to queue
[2023-01-16T02:01:14.193+0000] {logging_mixin.py:120} INFO - [2023-01-16T02:01:14.193+0000] {dagbag.py:537} INFO - Filling up the DagBag from /home/airflow/.local/lib/python3.7/site-packages/airflow/example_dags/example_latest_only_with_trigger.py
[2023-01-16T02:01:14.208+0000] {processor.py:766} INFO - DAG(s) dict_keys(['latest_only_with_trigger']) retrieved from /home/airflow/.local/lib/python3.7/site-packages/airflow/example_dags/example_latest_only_with_trigger.py
[2023-01-16T02:01:14.243+0000] {logging_mixin.py:120} INFO - [2023-01-16T02:01:14.243+0000] {dag.py:2585} INFO - Sync 1 DAGs
[2023-01-16T02:01:14.274+0000] {logging_mixin.py:120} INFO - [2023-01-16T02:01:14.274+0000] {dag.py:3340} INFO - Setting next_dagrun for latest_only_with_trigger to 2023-01-15T22:01:14.274437+00:00, run_after=2023-01-16T02:01:14.274437+00:00
[2023-01-16T02:01:14.308+0000] {processor.py:176} INFO - Processing /home/airflow/.local/lib/python3.7/site-packages/airflow/example_dags/example_latest_only_with_trigger.py took 0.125 seconds
[2023-01-16T02:01:44.831+0000] {processor.py:154} INFO - Started process (PID=22790) to work on /home/airflow/.local/lib/python3.7/site-packages/airflow/example_dags/example_latest_only_with_trigger.py
[2023-01-16T02:01:44.832+0000] {processor.py:756} INFO - Processing file /home/airflow/.local/lib/python3.7/site-packages/airflow/example_dags/example_latest_only_with_trigger.py for tasks to queue
[2023-01-16T02:01:44.834+0000] {logging_mixin.py:120} INFO - [2023-01-16T02:01:44.834+0000] {dagbag.py:537} INFO - Filling up the DagBag from /home/airflow/.local/lib/python3.7/site-packages/airflow/example_dags/example_latest_only_with_trigger.py
[2023-01-16T02:01:44.849+0000] {processor.py:766} INFO - DAG(s) dict_keys(['latest_only_with_trigger']) retrieved from /home/airflow/.local/lib/python3.7/site-packages/airflow/example_dags/example_latest_only_with_trigger.py
[2023-01-16T02:01:44.890+0000] {logging_mixin.py:120} INFO - [2023-01-16T02:01:44.890+0000] {dag.py:2585} INFO - Sync 1 DAGs
[2023-01-16T02:01:44.947+0000] {logging_mixin.py:120} INFO - [2023-01-16T02:01:44.947+0000] {dag.py:3340} INFO - Setting next_dagrun for latest_only_with_trigger to 2023-01-15T22:01:44.946492+00:00, run_after=2023-01-16T02:01:44.946492+00:00
[2023-01-16T02:01:44.989+0000] {processor.py:176} INFO - Processing /home/airflow/.local/lib/python3.7/site-packages/airflow/example_dags/example_latest_only_with_trigger.py took 0.163 seconds
