[2023-01-16T01:55:57.500+0000] {processor.py:154} INFO - Started process (PID=22077) to work on /home/airflow/.local/lib/python3.7/site-packages/airflow/example_dags/example_datasets.py
[2023-01-16T01:55:57.532+0000] {processor.py:756} INFO - Processing file /home/airflow/.local/lib/python3.7/site-packages/airflow/example_dags/example_datasets.py for tasks to queue
[2023-01-16T01:55:57.546+0000] {logging_mixin.py:120} INFO - [2023-01-16T01:55:57.545+0000] {dagbag.py:537} INFO - Filling up the DagBag from /home/airflow/.local/lib/python3.7/site-packages/airflow/example_dags/example_datasets.py
[2023-01-16T01:55:57.639+0000] {processor.py:766} INFO - DAG(s) dict_keys(['dataset_produces_2', 'dataset_consumes_1_never_scheduled', 'dataset_consumes_1', 'dataset_consumes_unknown_never_scheduled', 'dataset_produces_1', 'dataset_consumes_1_and_2']) retrieved from /home/airflow/.local/lib/python3.7/site-packages/airflow/example_dags/example_datasets.py
[2023-01-16T01:55:57.954+0000] {logging_mixin.py:120} INFO - [2023-01-16T01:55:57.953+0000] {dag.py:2585} INFO - Sync 6 DAGs
[2023-01-16T01:55:58.100+0000] {logging_mixin.py:120} INFO - [2023-01-16T01:55:58.100+0000] {dag.py:3340} INFO - Setting next_dagrun for dataset_consumes_1 to None, run_after=None
[2023-01-16T01:55:58.120+0000] {logging_mixin.py:120} INFO - [2023-01-16T01:55:58.119+0000] {dag.py:3340} INFO - Setting next_dagrun for dataset_consumes_1_and_2 to None, run_after=None
[2023-01-16T01:55:58.133+0000] {logging_mixin.py:120} INFO - [2023-01-16T01:55:58.133+0000] {dag.py:3340} INFO - Setting next_dagrun for dataset_consumes_1_never_scheduled to None, run_after=None
[2023-01-16T01:55:58.138+0000] {logging_mixin.py:120} INFO - [2023-01-16T01:55:58.138+0000] {dag.py:3340} INFO - Setting next_dagrun for dataset_consumes_unknown_never_scheduled to None, run_after=None
[2023-01-16T01:55:58.156+0000] {logging_mixin.py:120} INFO - [2023-01-16T01:55:58.156+0000] {dag.py:3340} INFO - Setting next_dagrun for dataset_produces_1 to 2023-01-15T00:00:00+00:00, run_after=2023-01-16T00:00:00+00:00
[2023-01-16T01:55:58.160+0000] {logging_mixin.py:120} INFO - [2023-01-16T01:55:58.159+0000] {dag.py:3340} INFO - Setting next_dagrun for dataset_produces_2 to None, run_after=None
[2023-01-16T01:55:58.408+0000] {processor.py:176} INFO - Processing /home/airflow/.local/lib/python3.7/site-packages/airflow/example_dags/example_datasets.py took 0.927 seconds
[2023-01-16T01:56:29.179+0000] {processor.py:154} INFO - Started process (PID=22127) to work on /home/airflow/.local/lib/python3.7/site-packages/airflow/example_dags/example_datasets.py
[2023-01-16T01:56:29.182+0000] {processor.py:756} INFO - Processing file /home/airflow/.local/lib/python3.7/site-packages/airflow/example_dags/example_datasets.py for tasks to queue
[2023-01-16T01:56:29.185+0000] {logging_mixin.py:120} INFO - [2023-01-16T01:56:29.185+0000] {dagbag.py:537} INFO - Filling up the DagBag from /home/airflow/.local/lib/python3.7/site-packages/airflow/example_dags/example_datasets.py
[2023-01-16T01:56:29.209+0000] {processor.py:766} INFO - DAG(s) dict_keys(['dataset_produces_2', 'dataset_consumes_unknown_never_scheduled', 'dataset_consumes_1_and_2', 'dataset_consumes_1', 'dataset_consumes_1_never_scheduled', 'dataset_produces_1']) retrieved from /home/airflow/.local/lib/python3.7/site-packages/airflow/example_dags/example_datasets.py
[2023-01-16T01:56:29.338+0000] {logging_mixin.py:120} INFO - [2023-01-16T01:56:29.338+0000] {dag.py:2585} INFO - Sync 6 DAGs
[2023-01-16T01:56:29.403+0000] {logging_mixin.py:120} INFO - [2023-01-16T01:56:29.402+0000] {dag.py:3340} INFO - Setting next_dagrun for dataset_consumes_1 to None, run_after=None
[2023-01-16T01:56:29.412+0000] {logging_mixin.py:120} INFO - [2023-01-16T01:56:29.411+0000] {dag.py:3340} INFO - Setting next_dagrun for dataset_consumes_1_and_2 to None, run_after=None
[2023-01-16T01:56:29.416+0000] {logging_mixin.py:120} INFO - [2023-01-16T01:56:29.416+0000] {dag.py:3340} INFO - Setting next_dagrun for dataset_consumes_1_never_scheduled to None, run_after=None
[2023-01-16T01:56:29.420+0000] {logging_mixin.py:120} INFO - [2023-01-16T01:56:29.420+0000] {dag.py:3340} INFO - Setting next_dagrun for dataset_consumes_unknown_never_scheduled to None, run_after=None
[2023-01-16T01:56:29.427+0000] {logging_mixin.py:120} INFO - [2023-01-16T01:56:29.427+0000] {dag.py:3340} INFO - Setting next_dagrun for dataset_produces_1 to 2023-01-15T00:00:00+00:00, run_after=2023-01-16T00:00:00+00:00
[2023-01-16T01:56:29.432+0000] {logging_mixin.py:120} INFO - [2023-01-16T01:56:29.431+0000] {dag.py:3340} INFO - Setting next_dagrun for dataset_produces_2 to None, run_after=None
[2023-01-16T01:56:29.522+0000] {processor.py:176} INFO - Processing /home/airflow/.local/lib/python3.7/site-packages/airflow/example_dags/example_datasets.py took 0.353 seconds
[2023-01-16T01:56:59.962+0000] {processor.py:154} INFO - Started process (PID=22194) to work on /home/airflow/.local/lib/python3.7/site-packages/airflow/example_dags/example_datasets.py
[2023-01-16T01:56:59.964+0000] {processor.py:756} INFO - Processing file /home/airflow/.local/lib/python3.7/site-packages/airflow/example_dags/example_datasets.py for tasks to queue
[2023-01-16T01:56:59.967+0000] {logging_mixin.py:120} INFO - [2023-01-16T01:56:59.967+0000] {dagbag.py:537} INFO - Filling up the DagBag from /home/airflow/.local/lib/python3.7/site-packages/airflow/example_dags/example_datasets.py
[2023-01-16T01:56:59.990+0000] {processor.py:766} INFO - DAG(s) dict_keys(['dataset_produces_2', 'dataset_produces_1', 'dataset_consumes_1', 'dataset_consumes_unknown_never_scheduled', 'dataset_consumes_1_never_scheduled', 'dataset_consumes_1_and_2']) retrieved from /home/airflow/.local/lib/python3.7/site-packages/airflow/example_dags/example_datasets.py
[2023-01-16T01:57:00.113+0000] {logging_mixin.py:120} INFO - [2023-01-16T01:57:00.112+0000] {dag.py:2585} INFO - Sync 6 DAGs
[2023-01-16T01:57:00.183+0000] {logging_mixin.py:120} INFO - [2023-01-16T01:57:00.183+0000] {dag.py:3340} INFO - Setting next_dagrun for dataset_consumes_1 to None, run_after=None
[2023-01-16T01:57:00.195+0000] {logging_mixin.py:120} INFO - [2023-01-16T01:57:00.194+0000] {dag.py:3340} INFO - Setting next_dagrun for dataset_consumes_1_and_2 to None, run_after=None
[2023-01-16T01:57:00.199+0000] {logging_mixin.py:120} INFO - [2023-01-16T01:57:00.198+0000] {dag.py:3340} INFO - Setting next_dagrun for dataset_consumes_1_never_scheduled to None, run_after=None
[2023-01-16T01:57:00.202+0000] {logging_mixin.py:120} INFO - [2023-01-16T01:57:00.202+0000] {dag.py:3340} INFO - Setting next_dagrun for dataset_consumes_unknown_never_scheduled to None, run_after=None
[2023-01-16T01:57:00.212+0000] {logging_mixin.py:120} INFO - [2023-01-16T01:57:00.212+0000] {dag.py:3340} INFO - Setting next_dagrun for dataset_produces_1 to 2023-01-15T00:00:00+00:00, run_after=2023-01-16T00:00:00+00:00
[2023-01-16T01:57:00.217+0000] {logging_mixin.py:120} INFO - [2023-01-16T01:57:00.216+0000] {dag.py:3340} INFO - Setting next_dagrun for dataset_produces_2 to None, run_after=None
[2023-01-16T01:57:00.297+0000] {processor.py:176} INFO - Processing /home/airflow/.local/lib/python3.7/site-packages/airflow/example_dags/example_datasets.py took 0.345 seconds
[2023-01-16T01:57:30.580+0000] {processor.py:154} INFO - Started process (PID=22253) to work on /home/airflow/.local/lib/python3.7/site-packages/airflow/example_dags/example_datasets.py
[2023-01-16T01:57:30.582+0000] {processor.py:756} INFO - Processing file /home/airflow/.local/lib/python3.7/site-packages/airflow/example_dags/example_datasets.py for tasks to queue
[2023-01-16T01:57:30.584+0000] {logging_mixin.py:120} INFO - [2023-01-16T01:57:30.584+0000] {dagbag.py:537} INFO - Filling up the DagBag from /home/airflow/.local/lib/python3.7/site-packages/airflow/example_dags/example_datasets.py
[2023-01-16T01:57:30.613+0000] {processor.py:766} INFO - DAG(s) dict_keys(['dataset_produces_1', 'dataset_consumes_1_and_2', 'dataset_consumes_1', 'dataset_consumes_1_never_scheduled', 'dataset_consumes_unknown_never_scheduled', 'dataset_produces_2']) retrieved from /home/airflow/.local/lib/python3.7/site-packages/airflow/example_dags/example_datasets.py
[2023-01-16T01:57:30.765+0000] {logging_mixin.py:120} INFO - [2023-01-16T01:57:30.763+0000] {dag.py:2585} INFO - Sync 6 DAGs
[2023-01-16T01:57:30.859+0000] {logging_mixin.py:120} INFO - [2023-01-16T01:57:30.858+0000] {dag.py:3340} INFO - Setting next_dagrun for dataset_consumes_1 to None, run_after=None
[2023-01-16T01:57:30.878+0000] {logging_mixin.py:120} INFO - [2023-01-16T01:57:30.877+0000] {dag.py:3340} INFO - Setting next_dagrun for dataset_consumes_1_and_2 to None, run_after=None
[2023-01-16T01:57:30.883+0000] {logging_mixin.py:120} INFO - [2023-01-16T01:57:30.882+0000] {dag.py:3340} INFO - Setting next_dagrun for dataset_consumes_1_never_scheduled to None, run_after=None
[2023-01-16T01:57:30.888+0000] {logging_mixin.py:120} INFO - [2023-01-16T01:57:30.887+0000] {dag.py:3340} INFO - Setting next_dagrun for dataset_consumes_unknown_never_scheduled to None, run_after=None
[2023-01-16T01:57:30.899+0000] {logging_mixin.py:120} INFO - [2023-01-16T01:57:30.898+0000] {dag.py:3340} INFO - Setting next_dagrun for dataset_produces_1 to 2023-01-15T00:00:00+00:00, run_after=2023-01-16T00:00:00+00:00
[2023-01-16T01:57:30.903+0000] {logging_mixin.py:120} INFO - [2023-01-16T01:57:30.903+0000] {dag.py:3340} INFO - Setting next_dagrun for dataset_produces_2 to None, run_after=None
[2023-01-16T01:57:30.987+0000] {processor.py:176} INFO - Processing /home/airflow/.local/lib/python3.7/site-packages/airflow/example_dags/example_datasets.py took 0.415 seconds
[2023-01-16T01:58:01.228+0000] {processor.py:154} INFO - Started process (PID=22319) to work on /home/airflow/.local/lib/python3.7/site-packages/airflow/example_dags/example_datasets.py
[2023-01-16T01:58:01.229+0000] {processor.py:756} INFO - Processing file /home/airflow/.local/lib/python3.7/site-packages/airflow/example_dags/example_datasets.py for tasks to queue
[2023-01-16T01:58:01.231+0000] {logging_mixin.py:120} INFO - [2023-01-16T01:58:01.231+0000] {dagbag.py:537} INFO - Filling up the DagBag from /home/airflow/.local/lib/python3.7/site-packages/airflow/example_dags/example_datasets.py
[2023-01-16T01:58:01.243+0000] {processor.py:766} INFO - DAG(s) dict_keys(['dataset_consumes_1_never_scheduled', 'dataset_consumes_1_and_2', 'dataset_produces_2', 'dataset_produces_1', 'dataset_consumes_1', 'dataset_consumes_unknown_never_scheduled']) retrieved from /home/airflow/.local/lib/python3.7/site-packages/airflow/example_dags/example_datasets.py
[2023-01-16T01:58:01.304+0000] {logging_mixin.py:120} INFO - [2023-01-16T01:58:01.304+0000] {dag.py:2585} INFO - Sync 6 DAGs
[2023-01-16T01:58:01.348+0000] {logging_mixin.py:120} INFO - [2023-01-16T01:58:01.348+0000] {dag.py:3340} INFO - Setting next_dagrun for dataset_consumes_1 to None, run_after=None
[2023-01-16T01:58:01.354+0000] {logging_mixin.py:120} INFO - [2023-01-16T01:58:01.354+0000] {dag.py:3340} INFO - Setting next_dagrun for dataset_consumes_1_and_2 to None, run_after=None
[2023-01-16T01:58:01.357+0000] {logging_mixin.py:120} INFO - [2023-01-16T01:58:01.357+0000] {dag.py:3340} INFO - Setting next_dagrun for dataset_consumes_1_never_scheduled to None, run_after=None
[2023-01-16T01:58:01.360+0000] {logging_mixin.py:120} INFO - [2023-01-16T01:58:01.360+0000] {dag.py:3340} INFO - Setting next_dagrun for dataset_consumes_unknown_never_scheduled to None, run_after=None
[2023-01-16T01:58:01.367+0000] {logging_mixin.py:120} INFO - [2023-01-16T01:58:01.366+0000] {dag.py:3340} INFO - Setting next_dagrun for dataset_produces_1 to 2023-01-15T00:00:00+00:00, run_after=2023-01-16T00:00:00+00:00
[2023-01-16T01:58:01.370+0000] {logging_mixin.py:120} INFO - [2023-01-16T01:58:01.370+0000] {dag.py:3340} INFO - Setting next_dagrun for dataset_produces_2 to None, run_after=None
[2023-01-16T01:58:01.420+0000] {processor.py:176} INFO - Processing /home/airflow/.local/lib/python3.7/site-packages/airflow/example_dags/example_datasets.py took 0.197 seconds
[2023-01-16T01:58:31.706+0000] {processor.py:154} INFO - Started process (PID=22378) to work on /home/airflow/.local/lib/python3.7/site-packages/airflow/example_dags/example_datasets.py
[2023-01-16T01:58:31.709+0000] {processor.py:756} INFO - Processing file /home/airflow/.local/lib/python3.7/site-packages/airflow/example_dags/example_datasets.py for tasks to queue
[2023-01-16T01:58:31.711+0000] {logging_mixin.py:120} INFO - [2023-01-16T01:58:31.711+0000] {dagbag.py:537} INFO - Filling up the DagBag from /home/airflow/.local/lib/python3.7/site-packages/airflow/example_dags/example_datasets.py
[2023-01-16T01:58:31.739+0000] {processor.py:766} INFO - DAG(s) dict_keys(['dataset_produces_1', 'dataset_consumes_1_and_2', 'dataset_produces_2', 'dataset_consumes_1', 'dataset_consumes_unknown_never_scheduled', 'dataset_consumes_1_never_scheduled']) retrieved from /home/airflow/.local/lib/python3.7/site-packages/airflow/example_dags/example_datasets.py
[2023-01-16T01:58:31.856+0000] {logging_mixin.py:120} INFO - [2023-01-16T01:58:31.855+0000] {dag.py:2585} INFO - Sync 6 DAGs
[2023-01-16T01:58:31.924+0000] {logging_mixin.py:120} INFO - [2023-01-16T01:58:31.923+0000] {dag.py:3340} INFO - Setting next_dagrun for dataset_consumes_1 to None, run_after=None
[2023-01-16T01:58:31.936+0000] {logging_mixin.py:120} INFO - [2023-01-16T01:58:31.935+0000] {dag.py:3340} INFO - Setting next_dagrun for dataset_consumes_1_and_2 to None, run_after=None
[2023-01-16T01:58:31.940+0000] {logging_mixin.py:120} INFO - [2023-01-16T01:58:31.940+0000] {dag.py:3340} INFO - Setting next_dagrun for dataset_consumes_1_never_scheduled to None, run_after=None
[2023-01-16T01:58:31.944+0000] {logging_mixin.py:120} INFO - [2023-01-16T01:58:31.944+0000] {dag.py:3340} INFO - Setting next_dagrun for dataset_consumes_unknown_never_scheduled to None, run_after=None
[2023-01-16T01:58:31.953+0000] {logging_mixin.py:120} INFO - [2023-01-16T01:58:31.953+0000] {dag.py:3340} INFO - Setting next_dagrun for dataset_produces_1 to 2023-01-15T00:00:00+00:00, run_after=2023-01-16T00:00:00+00:00
[2023-01-16T01:58:31.958+0000] {logging_mixin.py:120} INFO - [2023-01-16T01:58:31.958+0000] {dag.py:3340} INFO - Setting next_dagrun for dataset_produces_2 to None, run_after=None
[2023-01-16T01:58:32.053+0000] {processor.py:176} INFO - Processing /home/airflow/.local/lib/python3.7/site-packages/airflow/example_dags/example_datasets.py took 0.358 seconds
[2023-01-16T01:59:02.333+0000] {processor.py:154} INFO - Started process (PID=22444) to work on /home/airflow/.local/lib/python3.7/site-packages/airflow/example_dags/example_datasets.py
[2023-01-16T01:59:02.335+0000] {processor.py:756} INFO - Processing file /home/airflow/.local/lib/python3.7/site-packages/airflow/example_dags/example_datasets.py for tasks to queue
[2023-01-16T01:59:02.337+0000] {logging_mixin.py:120} INFO - [2023-01-16T01:59:02.337+0000] {dagbag.py:537} INFO - Filling up the DagBag from /home/airflow/.local/lib/python3.7/site-packages/airflow/example_dags/example_datasets.py
[2023-01-16T01:59:02.359+0000] {processor.py:766} INFO - DAG(s) dict_keys(['dataset_consumes_1', 'dataset_produces_1', 'dataset_produces_2', 'dataset_consumes_1_never_scheduled', 'dataset_consumes_unknown_never_scheduled', 'dataset_consumes_1_and_2']) retrieved from /home/airflow/.local/lib/python3.7/site-packages/airflow/example_dags/example_datasets.py
[2023-01-16T01:59:02.448+0000] {logging_mixin.py:120} INFO - [2023-01-16T01:59:02.447+0000] {dag.py:2585} INFO - Sync 6 DAGs
[2023-01-16T01:59:02.497+0000] {logging_mixin.py:120} INFO - [2023-01-16T01:59:02.496+0000] {dag.py:3340} INFO - Setting next_dagrun for dataset_consumes_1 to None, run_after=None
[2023-01-16T01:59:02.503+0000] {logging_mixin.py:120} INFO - [2023-01-16T01:59:02.503+0000] {dag.py:3340} INFO - Setting next_dagrun for dataset_consumes_1_and_2 to None, run_after=None
[2023-01-16T01:59:02.506+0000] {logging_mixin.py:120} INFO - [2023-01-16T01:59:02.506+0000] {dag.py:3340} INFO - Setting next_dagrun for dataset_consumes_1_never_scheduled to None, run_after=None
[2023-01-16T01:59:02.510+0000] {logging_mixin.py:120} INFO - [2023-01-16T01:59:02.509+0000] {dag.py:3340} INFO - Setting next_dagrun for dataset_consumes_unknown_never_scheduled to None, run_after=None
[2023-01-16T01:59:02.515+0000] {logging_mixin.py:120} INFO - [2023-01-16T01:59:02.515+0000] {dag.py:3340} INFO - Setting next_dagrun for dataset_produces_1 to 2023-01-15T00:00:00+00:00, run_after=2023-01-16T00:00:00+00:00
[2023-01-16T01:59:02.519+0000] {logging_mixin.py:120} INFO - [2023-01-16T01:59:02.519+0000] {dag.py:3340} INFO - Setting next_dagrun for dataset_produces_2 to None, run_after=None
[2023-01-16T01:59:02.585+0000] {processor.py:176} INFO - Processing /home/airflow/.local/lib/python3.7/site-packages/airflow/example_dags/example_datasets.py took 0.258 seconds
[2023-01-16T01:59:33.432+0000] {processor.py:154} INFO - Started process (PID=22501) to work on /home/airflow/.local/lib/python3.7/site-packages/airflow/example_dags/example_datasets.py
[2023-01-16T01:59:33.434+0000] {processor.py:756} INFO - Processing file /home/airflow/.local/lib/python3.7/site-packages/airflow/example_dags/example_datasets.py for tasks to queue
[2023-01-16T01:59:33.436+0000] {logging_mixin.py:120} INFO - [2023-01-16T01:59:33.436+0000] {dagbag.py:537} INFO - Filling up the DagBag from /home/airflow/.local/lib/python3.7/site-packages/airflow/example_dags/example_datasets.py
[2023-01-16T01:59:33.470+0000] {processor.py:766} INFO - DAG(s) dict_keys(['dataset_consumes_1', 'dataset_consumes_1_and_2', 'dataset_consumes_1_never_scheduled', 'dataset_consumes_unknown_never_scheduled', 'dataset_produces_2', 'dataset_produces_1']) retrieved from /home/airflow/.local/lib/python3.7/site-packages/airflow/example_dags/example_datasets.py
[2023-01-16T01:59:33.685+0000] {logging_mixin.py:120} INFO - [2023-01-16T01:59:33.684+0000] {dag.py:2585} INFO - Sync 6 DAGs
[2023-01-16T01:59:33.785+0000] {logging_mixin.py:120} INFO - [2023-01-16T01:59:33.785+0000] {dag.py:3340} INFO - Setting next_dagrun for dataset_consumes_1 to None, run_after=None
[2023-01-16T01:59:33.800+0000] {logging_mixin.py:120} INFO - [2023-01-16T01:59:33.800+0000] {dag.py:3340} INFO - Setting next_dagrun for dataset_consumes_1_and_2 to None, run_after=None
[2023-01-16T01:59:33.804+0000] {logging_mixin.py:120} INFO - [2023-01-16T01:59:33.804+0000] {dag.py:3340} INFO - Setting next_dagrun for dataset_consumes_1_never_scheduled to None, run_after=None
[2023-01-16T01:59:33.808+0000] {logging_mixin.py:120} INFO - [2023-01-16T01:59:33.808+0000] {dag.py:3340} INFO - Setting next_dagrun for dataset_consumes_unknown_never_scheduled to None, run_after=None
[2023-01-16T01:59:33.818+0000] {logging_mixin.py:120} INFO - [2023-01-16T01:59:33.818+0000] {dag.py:3340} INFO - Setting next_dagrun for dataset_produces_1 to 2023-01-15T00:00:00+00:00, run_after=2023-01-16T00:00:00+00:00
[2023-01-16T01:59:33.822+0000] {logging_mixin.py:120} INFO - [2023-01-16T01:59:33.821+0000] {dag.py:3340} INFO - Setting next_dagrun for dataset_produces_2 to None, run_after=None
[2023-01-16T01:59:33.918+0000] {processor.py:176} INFO - Processing /home/airflow/.local/lib/python3.7/site-packages/airflow/example_dags/example_datasets.py took 0.497 seconds
[2023-01-16T02:00:04.216+0000] {processor.py:154} INFO - Started process (PID=22569) to work on /home/airflow/.local/lib/python3.7/site-packages/airflow/example_dags/example_datasets.py
[2023-01-16T02:00:04.219+0000] {processor.py:756} INFO - Processing file /home/airflow/.local/lib/python3.7/site-packages/airflow/example_dags/example_datasets.py for tasks to queue
[2023-01-16T02:00:04.222+0000] {logging_mixin.py:120} INFO - [2023-01-16T02:00:04.221+0000] {dagbag.py:537} INFO - Filling up the DagBag from /home/airflow/.local/lib/python3.7/site-packages/airflow/example_dags/example_datasets.py
[2023-01-16T02:00:04.274+0000] {processor.py:766} INFO - DAG(s) dict_keys(['dataset_produces_2', 'dataset_consumes_1_never_scheduled', 'dataset_consumes_unknown_never_scheduled', 'dataset_consumes_1', 'dataset_consumes_1_and_2', 'dataset_produces_1']) retrieved from /home/airflow/.local/lib/python3.7/site-packages/airflow/example_dags/example_datasets.py
[2023-01-16T02:00:04.423+0000] {logging_mixin.py:120} INFO - [2023-01-16T02:00:04.422+0000] {dag.py:2585} INFO - Sync 6 DAGs
[2023-01-16T02:00:04.515+0000] {logging_mixin.py:120} INFO - [2023-01-16T02:00:04.514+0000] {dag.py:3340} INFO - Setting next_dagrun for dataset_consumes_1 to None, run_after=None
[2023-01-16T02:00:04.529+0000] {logging_mixin.py:120} INFO - [2023-01-16T02:00:04.528+0000] {dag.py:3340} INFO - Setting next_dagrun for dataset_consumes_1_and_2 to None, run_after=None
[2023-01-16T02:00:04.534+0000] {logging_mixin.py:120} INFO - [2023-01-16T02:00:04.533+0000] {dag.py:3340} INFO - Setting next_dagrun for dataset_consumes_1_never_scheduled to None, run_after=None
[2023-01-16T02:00:04.539+0000] {logging_mixin.py:120} INFO - [2023-01-16T02:00:04.539+0000] {dag.py:3340} INFO - Setting next_dagrun for dataset_consumes_unknown_never_scheduled to None, run_after=None
[2023-01-16T02:00:04.550+0000] {logging_mixin.py:120} INFO - [2023-01-16T02:00:04.549+0000] {dag.py:3340} INFO - Setting next_dagrun for dataset_produces_1 to 2023-01-15T00:00:00+00:00, run_after=2023-01-16T00:00:00+00:00
[2023-01-16T02:00:04.555+0000] {logging_mixin.py:120} INFO - [2023-01-16T02:00:04.555+0000] {dag.py:3340} INFO - Setting next_dagrun for dataset_produces_2 to None, run_after=None
[2023-01-16T02:00:04.672+0000] {processor.py:176} INFO - Processing /home/airflow/.local/lib/python3.7/site-packages/airflow/example_dags/example_datasets.py took 0.466 seconds
[2023-01-16T02:00:34.962+0000] {processor.py:154} INFO - Started process (PID=22625) to work on /home/airflow/.local/lib/python3.7/site-packages/airflow/example_dags/example_datasets.py
[2023-01-16T02:00:34.964+0000] {processor.py:756} INFO - Processing file /home/airflow/.local/lib/python3.7/site-packages/airflow/example_dags/example_datasets.py for tasks to queue
[2023-01-16T02:00:34.967+0000] {logging_mixin.py:120} INFO - [2023-01-16T02:00:34.966+0000] {dagbag.py:537} INFO - Filling up the DagBag from /home/airflow/.local/lib/python3.7/site-packages/airflow/example_dags/example_datasets.py
[2023-01-16T02:00:34.994+0000] {processor.py:766} INFO - DAG(s) dict_keys(['dataset_consumes_unknown_never_scheduled', 'dataset_produces_2', 'dataset_consumes_1_and_2', 'dataset_produces_1', 'dataset_consumes_1_never_scheduled', 'dataset_consumes_1']) retrieved from /home/airflow/.local/lib/python3.7/site-packages/airflow/example_dags/example_datasets.py
[2023-01-16T02:00:35.056+0000] {logging_mixin.py:120} INFO - [2023-01-16T02:00:35.056+0000] {dag.py:2585} INFO - Sync 6 DAGs
[2023-01-16T02:00:35.082+0000] {logging_mixin.py:120} INFO - [2023-01-16T02:00:35.082+0000] {dag.py:3340} INFO - Setting next_dagrun for dataset_consumes_1 to None, run_after=None
[2023-01-16T02:00:35.087+0000] {logging_mixin.py:120} INFO - [2023-01-16T02:00:35.087+0000] {dag.py:3340} INFO - Setting next_dagrun for dataset_consumes_1_and_2 to None, run_after=None
[2023-01-16T02:00:35.089+0000] {logging_mixin.py:120} INFO - [2023-01-16T02:00:35.089+0000] {dag.py:3340} INFO - Setting next_dagrun for dataset_consumes_1_never_scheduled to None, run_after=None
[2023-01-16T02:00:35.091+0000] {logging_mixin.py:120} INFO - [2023-01-16T02:00:35.091+0000] {dag.py:3340} INFO - Setting next_dagrun for dataset_consumes_unknown_never_scheduled to None, run_after=None
[2023-01-16T02:00:35.095+0000] {logging_mixin.py:120} INFO - [2023-01-16T02:00:35.094+0000] {dag.py:3340} INFO - Setting next_dagrun for dataset_produces_1 to 2023-01-15T00:00:00+00:00, run_after=2023-01-16T00:00:00+00:00
[2023-01-16T02:00:35.096+0000] {logging_mixin.py:120} INFO - [2023-01-16T02:00:35.096+0000] {dag.py:3340} INFO - Setting next_dagrun for dataset_produces_2 to None, run_after=None
[2023-01-16T02:00:35.137+0000] {processor.py:176} INFO - Processing /home/airflow/.local/lib/python3.7/site-packages/airflow/example_dags/example_datasets.py took 0.184 seconds
[2023-01-16T02:01:05.364+0000] {processor.py:154} INFO - Started process (PID=22694) to work on /home/airflow/.local/lib/python3.7/site-packages/airflow/example_dags/example_datasets.py
[2023-01-16T02:01:05.366+0000] {processor.py:756} INFO - Processing file /home/airflow/.local/lib/python3.7/site-packages/airflow/example_dags/example_datasets.py for tasks to queue
[2023-01-16T02:01:05.368+0000] {logging_mixin.py:120} INFO - [2023-01-16T02:01:05.368+0000] {dagbag.py:537} INFO - Filling up the DagBag from /home/airflow/.local/lib/python3.7/site-packages/airflow/example_dags/example_datasets.py
[2023-01-16T02:01:05.381+0000] {processor.py:766} INFO - DAG(s) dict_keys(['dataset_consumes_1_never_scheduled', 'dataset_consumes_unknown_never_scheduled', 'dataset_produces_2', 'dataset_produces_1', 'dataset_consumes_1', 'dataset_consumes_1_and_2']) retrieved from /home/airflow/.local/lib/python3.7/site-packages/airflow/example_dags/example_datasets.py
[2023-01-16T02:01:05.432+0000] {logging_mixin.py:120} INFO - [2023-01-16T02:01:05.432+0000] {dag.py:2585} INFO - Sync 6 DAGs
[2023-01-16T02:01:05.464+0000] {logging_mixin.py:120} INFO - [2023-01-16T02:01:05.463+0000] {dag.py:3340} INFO - Setting next_dagrun for dataset_consumes_1 to None, run_after=None
[2023-01-16T02:01:05.468+0000] {logging_mixin.py:120} INFO - [2023-01-16T02:01:05.468+0000] {dag.py:3340} INFO - Setting next_dagrun for dataset_consumes_1_and_2 to None, run_after=None
[2023-01-16T02:01:05.471+0000] {logging_mixin.py:120} INFO - [2023-01-16T02:01:05.470+0000] {dag.py:3340} INFO - Setting next_dagrun for dataset_consumes_1_never_scheduled to None, run_after=None
[2023-01-16T02:01:05.472+0000] {logging_mixin.py:120} INFO - [2023-01-16T02:01:05.472+0000] {dag.py:3340} INFO - Setting next_dagrun for dataset_consumes_unknown_never_scheduled to None, run_after=None
[2023-01-16T02:01:05.476+0000] {logging_mixin.py:120} INFO - [2023-01-16T02:01:05.476+0000] {dag.py:3340} INFO - Setting next_dagrun for dataset_produces_1 to 2023-01-15T00:00:00+00:00, run_after=2023-01-16T00:00:00+00:00
[2023-01-16T02:01:05.479+0000] {logging_mixin.py:120} INFO - [2023-01-16T02:01:05.478+0000] {dag.py:3340} INFO - Setting next_dagrun for dataset_produces_2 to None, run_after=None
[2023-01-16T02:01:05.523+0000] {processor.py:176} INFO - Processing /home/airflow/.local/lib/python3.7/site-packages/airflow/example_dags/example_datasets.py took 0.164 seconds
[2023-01-16T02:01:35.695+0000] {processor.py:154} INFO - Started process (PID=22764) to work on /home/airflow/.local/lib/python3.7/site-packages/airflow/example_dags/example_datasets.py
[2023-01-16T02:01:35.696+0000] {processor.py:756} INFO - Processing file /home/airflow/.local/lib/python3.7/site-packages/airflow/example_dags/example_datasets.py for tasks to queue
[2023-01-16T02:01:35.698+0000] {logging_mixin.py:120} INFO - [2023-01-16T02:01:35.698+0000] {dagbag.py:537} INFO - Filling up the DagBag from /home/airflow/.local/lib/python3.7/site-packages/airflow/example_dags/example_datasets.py
[2023-01-16T02:01:35.716+0000] {processor.py:766} INFO - DAG(s) dict_keys(['dataset_consumes_1_and_2', 'dataset_consumes_1_never_scheduled', 'dataset_produces_1', 'dataset_consumes_1', 'dataset_consumes_unknown_never_scheduled', 'dataset_produces_2']) retrieved from /home/airflow/.local/lib/python3.7/site-packages/airflow/example_dags/example_datasets.py
[2023-01-16T02:01:35.803+0000] {logging_mixin.py:120} INFO - [2023-01-16T02:01:35.802+0000] {dag.py:2585} INFO - Sync 6 DAGs
[2023-01-16T02:01:35.854+0000] {logging_mixin.py:120} INFO - [2023-01-16T02:01:35.854+0000] {dag.py:3340} INFO - Setting next_dagrun for dataset_consumes_1 to None, run_after=None
[2023-01-16T02:01:35.863+0000] {logging_mixin.py:120} INFO - [2023-01-16T02:01:35.863+0000] {dag.py:3340} INFO - Setting next_dagrun for dataset_consumes_1_and_2 to None, run_after=None
[2023-01-16T02:01:35.868+0000] {logging_mixin.py:120} INFO - [2023-01-16T02:01:35.868+0000] {dag.py:3340} INFO - Setting next_dagrun for dataset_consumes_1_never_scheduled to None, run_after=None
[2023-01-16T02:01:35.871+0000] {logging_mixin.py:120} INFO - [2023-01-16T02:01:35.871+0000] {dag.py:3340} INFO - Setting next_dagrun for dataset_consumes_unknown_never_scheduled to None, run_after=None
[2023-01-16T02:01:35.884+0000] {logging_mixin.py:120} INFO - [2023-01-16T02:01:35.883+0000] {dag.py:3340} INFO - Setting next_dagrun for dataset_produces_1 to 2023-01-15T00:00:00+00:00, run_after=2023-01-16T00:00:00+00:00
[2023-01-16T02:01:35.888+0000] {logging_mixin.py:120} INFO - [2023-01-16T02:01:35.888+0000] {dag.py:3340} INFO - Setting next_dagrun for dataset_produces_2 to None, run_after=None
[2023-01-16T02:01:35.958+0000] {processor.py:176} INFO - Processing /home/airflow/.local/lib/python3.7/site-packages/airflow/example_dags/example_datasets.py took 0.269 seconds
