[2023-01-16T01:55:56.293+0000] {processor.py:154} INFO - Started process (PID=22075) to work on /home/airflow/.local/lib/python3.7/site-packages/airflow/example_dags/example_task_group.py
[2023-01-16T01:55:56.325+0000] {processor.py:756} INFO - Processing file /home/airflow/.local/lib/python3.7/site-packages/airflow/example_dags/example_task_group.py for tasks to queue
[2023-01-16T01:55:56.333+0000] {logging_mixin.py:120} INFO - [2023-01-16T01:55:56.332+0000] {dagbag.py:537} INFO - Filling up the DagBag from /home/airflow/.local/lib/python3.7/site-packages/airflow/example_dags/example_task_group.py
[2023-01-16T01:55:56.467+0000] {processor.py:766} INFO - DAG(s) dict_keys(['example_task_group']) retrieved from /home/airflow/.local/lib/python3.7/site-packages/airflow/example_dags/example_task_group.py
[2023-01-16T01:55:56.623+0000] {logging_mixin.py:120} INFO - [2023-01-16T01:55:56.623+0000] {dag.py:2585} INFO - Sync 1 DAGs
[2023-01-16T01:55:56.802+0000] {logging_mixin.py:120} INFO - [2023-01-16T01:55:56.801+0000] {dag.py:3340} INFO - Setting next_dagrun for example_task_group to 2023-01-15T01:55:56.801124+00:00, run_after=2023-01-16T01:55:56.801124+00:00
[2023-01-16T01:55:57.035+0000] {processor.py:176} INFO - Processing /home/airflow/.local/lib/python3.7/site-packages/airflow/example_dags/example_task_group.py took 0.800 seconds
[2023-01-16T01:56:27.930+0000] {processor.py:154} INFO - Started process (PID=22126) to work on /home/airflow/.local/lib/python3.7/site-packages/airflow/example_dags/example_task_group.py
[2023-01-16T01:56:27.932+0000] {processor.py:756} INFO - Processing file /home/airflow/.local/lib/python3.7/site-packages/airflow/example_dags/example_task_group.py for tasks to queue
[2023-01-16T01:56:27.935+0000] {logging_mixin.py:120} INFO - [2023-01-16T01:56:27.935+0000] {dagbag.py:537} INFO - Filling up the DagBag from /home/airflow/.local/lib/python3.7/site-packages/airflow/example_dags/example_task_group.py
[2023-01-16T01:56:27.951+0000] {processor.py:766} INFO - DAG(s) dict_keys(['example_task_group']) retrieved from /home/airflow/.local/lib/python3.7/site-packages/airflow/example_dags/example_task_group.py
[2023-01-16T01:56:28.000+0000] {logging_mixin.py:120} INFO - [2023-01-16T01:56:28.000+0000] {dag.py:2585} INFO - Sync 1 DAGs
[2023-01-16T01:56:28.046+0000] {logging_mixin.py:120} INFO - [2023-01-16T01:56:28.046+0000] {dag.py:3340} INFO - Setting next_dagrun for example_task_group to 2023-01-15T01:56:28.045554+00:00, run_after=2023-01-16T01:56:28.045554+00:00
[2023-01-16T01:56:28.088+0000] {processor.py:176} INFO - Processing /home/airflow/.local/lib/python3.7/site-packages/airflow/example_dags/example_task_group.py took 0.163 seconds
[2023-01-16T01:56:58.230+0000] {processor.py:154} INFO - Started process (PID=22191) to work on /home/airflow/.local/lib/python3.7/site-packages/airflow/example_dags/example_task_group.py
[2023-01-16T01:56:58.232+0000] {processor.py:756} INFO - Processing file /home/airflow/.local/lib/python3.7/site-packages/airflow/example_dags/example_task_group.py for tasks to queue
[2023-01-16T01:56:58.234+0000] {logging_mixin.py:120} INFO - [2023-01-16T01:56:58.233+0000] {dagbag.py:537} INFO - Filling up the DagBag from /home/airflow/.local/lib/python3.7/site-packages/airflow/example_dags/example_task_group.py
[2023-01-16T01:56:58.253+0000] {processor.py:766} INFO - DAG(s) dict_keys(['example_task_group']) retrieved from /home/airflow/.local/lib/python3.7/site-packages/airflow/example_dags/example_task_group.py
[2023-01-16T01:56:58.315+0000] {logging_mixin.py:120} INFO - [2023-01-16T01:56:58.314+0000] {dag.py:2585} INFO - Sync 1 DAGs
[2023-01-16T01:56:58.399+0000] {logging_mixin.py:120} INFO - [2023-01-16T01:56:58.398+0000] {dag.py:3340} INFO - Setting next_dagrun for example_task_group to 2023-01-15T01:56:58.398179+00:00, run_after=2023-01-16T01:56:58.398179+00:00
[2023-01-16T01:56:58.472+0000] {processor.py:176} INFO - Processing /home/airflow/.local/lib/python3.7/site-packages/airflow/example_dags/example_task_group.py took 0.251 seconds
[2023-01-16T01:57:29.043+0000] {processor.py:154} INFO - Started process (PID=22250) to work on /home/airflow/.local/lib/python3.7/site-packages/airflow/example_dags/example_task_group.py
[2023-01-16T01:57:29.044+0000] {processor.py:756} INFO - Processing file /home/airflow/.local/lib/python3.7/site-packages/airflow/example_dags/example_task_group.py for tasks to queue
[2023-01-16T01:57:29.046+0000] {logging_mixin.py:120} INFO - [2023-01-16T01:57:29.046+0000] {dagbag.py:537} INFO - Filling up the DagBag from /home/airflow/.local/lib/python3.7/site-packages/airflow/example_dags/example_task_group.py
[2023-01-16T01:57:29.059+0000] {processor.py:766} INFO - DAG(s) dict_keys(['example_task_group']) retrieved from /home/airflow/.local/lib/python3.7/site-packages/airflow/example_dags/example_task_group.py
[2023-01-16T01:57:29.098+0000] {logging_mixin.py:120} INFO - [2023-01-16T01:57:29.098+0000] {dag.py:2585} INFO - Sync 1 DAGs
[2023-01-16T01:57:29.149+0000] {logging_mixin.py:120} INFO - [2023-01-16T01:57:29.149+0000] {dag.py:3340} INFO - Setting next_dagrun for example_task_group to 2023-01-15T01:57:29.148860+00:00, run_after=2023-01-16T01:57:29.148860+00:00
[2023-01-16T01:57:29.189+0000] {processor.py:176} INFO - Processing /home/airflow/.local/lib/python3.7/site-packages/airflow/example_dags/example_task_group.py took 0.151 seconds
[2023-01-16T01:57:59.584+0000] {processor.py:154} INFO - Started process (PID=22307) to work on /home/airflow/.local/lib/python3.7/site-packages/airflow/example_dags/example_task_group.py
[2023-01-16T01:57:59.585+0000] {processor.py:756} INFO - Processing file /home/airflow/.local/lib/python3.7/site-packages/airflow/example_dags/example_task_group.py for tasks to queue
[2023-01-16T01:57:59.587+0000] {logging_mixin.py:120} INFO - [2023-01-16T01:57:59.586+0000] {dagbag.py:537} INFO - Filling up the DagBag from /home/airflow/.local/lib/python3.7/site-packages/airflow/example_dags/example_task_group.py
[2023-01-16T01:57:59.598+0000] {processor.py:766} INFO - DAG(s) dict_keys(['example_task_group']) retrieved from /home/airflow/.local/lib/python3.7/site-packages/airflow/example_dags/example_task_group.py
[2023-01-16T01:57:59.632+0000] {logging_mixin.py:120} INFO - [2023-01-16T01:57:59.631+0000] {dag.py:2585} INFO - Sync 1 DAGs
[2023-01-16T01:57:59.666+0000] {logging_mixin.py:120} INFO - [2023-01-16T01:57:59.666+0000] {dag.py:3340} INFO - Setting next_dagrun for example_task_group to 2023-01-15T01:57:59.666152+00:00, run_after=2023-01-16T01:57:59.666152+00:00
[2023-01-16T01:57:59.698+0000] {processor.py:176} INFO - Processing /home/airflow/.local/lib/python3.7/site-packages/airflow/example_dags/example_task_group.py took 0.118 seconds
[2023-01-16T01:58:29.799+0000] {processor.py:154} INFO - Started process (PID=22373) to work on /home/airflow/.local/lib/python3.7/site-packages/airflow/example_dags/example_task_group.py
[2023-01-16T01:58:29.800+0000] {processor.py:756} INFO - Processing file /home/airflow/.local/lib/python3.7/site-packages/airflow/example_dags/example_task_group.py for tasks to queue
[2023-01-16T01:58:29.802+0000] {logging_mixin.py:120} INFO - [2023-01-16T01:58:29.801+0000] {dagbag.py:537} INFO - Filling up the DagBag from /home/airflow/.local/lib/python3.7/site-packages/airflow/example_dags/example_task_group.py
[2023-01-16T01:58:29.817+0000] {processor.py:766} INFO - DAG(s) dict_keys(['example_task_group']) retrieved from /home/airflow/.local/lib/python3.7/site-packages/airflow/example_dags/example_task_group.py
[2023-01-16T01:58:29.863+0000] {logging_mixin.py:120} INFO - [2023-01-16T01:58:29.862+0000] {dag.py:2585} INFO - Sync 1 DAGs
[2023-01-16T01:58:29.895+0000] {logging_mixin.py:120} INFO - [2023-01-16T01:58:29.895+0000] {dag.py:3340} INFO - Setting next_dagrun for example_task_group to 2023-01-15T01:58:29.894955+00:00, run_after=2023-01-16T01:58:29.894955+00:00
[2023-01-16T01:58:29.925+0000] {processor.py:176} INFO - Processing /home/airflow/.local/lib/python3.7/site-packages/airflow/example_dags/example_task_group.py took 0.131 seconds
[2023-01-16T01:59:00.201+0000] {processor.py:154} INFO - Started process (PID=22437) to work on /home/airflow/.local/lib/python3.7/site-packages/airflow/example_dags/example_task_group.py
[2023-01-16T01:59:00.204+0000] {processor.py:756} INFO - Processing file /home/airflow/.local/lib/python3.7/site-packages/airflow/example_dags/example_task_group.py for tasks to queue
[2023-01-16T01:59:00.206+0000] {logging_mixin.py:120} INFO - [2023-01-16T01:59:00.206+0000] {dagbag.py:537} INFO - Filling up the DagBag from /home/airflow/.local/lib/python3.7/site-packages/airflow/example_dags/example_task_group.py
[2023-01-16T01:59:00.222+0000] {processor.py:766} INFO - DAG(s) dict_keys(['example_task_group']) retrieved from /home/airflow/.local/lib/python3.7/site-packages/airflow/example_dags/example_task_group.py
[2023-01-16T01:59:00.279+0000] {logging_mixin.py:120} INFO - [2023-01-16T01:59:00.279+0000] {dag.py:2585} INFO - Sync 1 DAGs
[2023-01-16T01:59:00.340+0000] {logging_mixin.py:120} INFO - [2023-01-16T01:59:00.340+0000] {dag.py:3340} INFO - Setting next_dagrun for example_task_group to 2023-01-15T01:59:00.339827+00:00, run_after=2023-01-16T01:59:00.339827+00:00
[2023-01-16T01:59:00.403+0000] {processor.py:176} INFO - Processing /home/airflow/.local/lib/python3.7/site-packages/airflow/example_dags/example_task_group.py took 0.213 seconds
[2023-01-16T01:59:30.760+0000] {processor.py:154} INFO - Started process (PID=22496) to work on /home/airflow/.local/lib/python3.7/site-packages/airflow/example_dags/example_task_group.py
[2023-01-16T01:59:30.762+0000] {processor.py:756} INFO - Processing file /home/airflow/.local/lib/python3.7/site-packages/airflow/example_dags/example_task_group.py for tasks to queue
[2023-01-16T01:59:30.765+0000] {logging_mixin.py:120} INFO - [2023-01-16T01:59:30.765+0000] {dagbag.py:537} INFO - Filling up the DagBag from /home/airflow/.local/lib/python3.7/site-packages/airflow/example_dags/example_task_group.py
[2023-01-16T01:59:30.779+0000] {processor.py:766} INFO - DAG(s) dict_keys(['example_task_group']) retrieved from /home/airflow/.local/lib/python3.7/site-packages/airflow/example_dags/example_task_group.py
[2023-01-16T01:59:30.815+0000] {logging_mixin.py:120} INFO - [2023-01-16T01:59:30.815+0000] {dag.py:2585} INFO - Sync 1 DAGs
[2023-01-16T01:59:30.848+0000] {logging_mixin.py:120} INFO - [2023-01-16T01:59:30.848+0000] {dag.py:3340} INFO - Setting next_dagrun for example_task_group to 2023-01-15T01:59:30.848273+00:00, run_after=2023-01-16T01:59:30.848273+00:00
[2023-01-16T01:59:30.881+0000] {processor.py:176} INFO - Processing /home/airflow/.local/lib/python3.7/site-packages/airflow/example_dags/example_task_group.py took 0.125 seconds
[2023-01-16T02:00:01.291+0000] {processor.py:154} INFO - Started process (PID=22562) to work on /home/airflow/.local/lib/python3.7/site-packages/airflow/example_dags/example_task_group.py
[2023-01-16T02:00:01.294+0000] {processor.py:756} INFO - Processing file /home/airflow/.local/lib/python3.7/site-packages/airflow/example_dags/example_task_group.py for tasks to queue
[2023-01-16T02:00:01.297+0000] {logging_mixin.py:120} INFO - [2023-01-16T02:00:01.296+0000] {dagbag.py:537} INFO - Filling up the DagBag from /home/airflow/.local/lib/python3.7/site-packages/airflow/example_dags/example_task_group.py
[2023-01-16T02:00:01.328+0000] {processor.py:766} INFO - DAG(s) dict_keys(['example_task_group']) retrieved from /home/airflow/.local/lib/python3.7/site-packages/airflow/example_dags/example_task_group.py
[2023-01-16T02:00:01.409+0000] {logging_mixin.py:120} INFO - [2023-01-16T02:00:01.408+0000] {dag.py:2585} INFO - Sync 1 DAGs
[2023-01-16T02:00:01.458+0000] {logging_mixin.py:120} INFO - [2023-01-16T02:00:01.458+0000] {dag.py:3340} INFO - Setting next_dagrun for example_task_group to 2023-01-15T02:00:01.456786+00:00, run_after=2023-01-16T02:00:01.456786+00:00
[2023-01-16T02:00:01.502+0000] {processor.py:176} INFO - Processing /home/airflow/.local/lib/python3.7/site-packages/airflow/example_dags/example_task_group.py took 0.217 seconds
[2023-01-16T02:00:31.570+0000] {processor.py:154} INFO - Started process (PID=22620) to work on /home/airflow/.local/lib/python3.7/site-packages/airflow/example_dags/example_task_group.py
[2023-01-16T02:00:31.571+0000] {processor.py:756} INFO - Processing file /home/airflow/.local/lib/python3.7/site-packages/airflow/example_dags/example_task_group.py for tasks to queue
[2023-01-16T02:00:31.572+0000] {logging_mixin.py:120} INFO - [2023-01-16T02:00:31.572+0000] {dagbag.py:537} INFO - Filling up the DagBag from /home/airflow/.local/lib/python3.7/site-packages/airflow/example_dags/example_task_group.py
[2023-01-16T02:00:31.581+0000] {processor.py:766} INFO - DAG(s) dict_keys(['example_task_group']) retrieved from /home/airflow/.local/lib/python3.7/site-packages/airflow/example_dags/example_task_group.py
[2023-01-16T02:00:31.608+0000] {logging_mixin.py:120} INFO - [2023-01-16T02:00:31.607+0000] {dag.py:2585} INFO - Sync 1 DAGs
[2023-01-16T02:00:31.633+0000] {logging_mixin.py:120} INFO - [2023-01-16T02:00:31.633+0000] {dag.py:3340} INFO - Setting next_dagrun for example_task_group to 2023-01-15T02:00:31.632798+00:00, run_after=2023-01-16T02:00:31.632798+00:00
[2023-01-16T02:00:31.662+0000] {processor.py:176} INFO - Processing /home/airflow/.local/lib/python3.7/site-packages/airflow/example_dags/example_task_group.py took 0.096 seconds
[2023-01-16T02:01:01.958+0000] {processor.py:154} INFO - Started process (PID=22689) to work on /home/airflow/.local/lib/python3.7/site-packages/airflow/example_dags/example_task_group.py
[2023-01-16T02:01:01.959+0000] {processor.py:756} INFO - Processing file /home/airflow/.local/lib/python3.7/site-packages/airflow/example_dags/example_task_group.py for tasks to queue
[2023-01-16T02:01:01.960+0000] {logging_mixin.py:120} INFO - [2023-01-16T02:01:01.960+0000] {dagbag.py:537} INFO - Filling up the DagBag from /home/airflow/.local/lib/python3.7/site-packages/airflow/example_dags/example_task_group.py
[2023-01-16T02:01:01.970+0000] {processor.py:766} INFO - DAG(s) dict_keys(['example_task_group']) retrieved from /home/airflow/.local/lib/python3.7/site-packages/airflow/example_dags/example_task_group.py
[2023-01-16T02:01:01.994+0000] {logging_mixin.py:120} INFO - [2023-01-16T02:01:01.994+0000] {dag.py:2585} INFO - Sync 1 DAGs
[2023-01-16T02:01:02.019+0000] {logging_mixin.py:120} INFO - [2023-01-16T02:01:02.019+0000] {dag.py:3340} INFO - Setting next_dagrun for example_task_group to 2023-01-15T02:01:02.019241+00:00, run_after=2023-01-16T02:01:02.019241+00:00
[2023-01-16T02:01:02.041+0000] {processor.py:176} INFO - Processing /home/airflow/.local/lib/python3.7/site-packages/airflow/example_dags/example_task_group.py took 0.086 seconds
[2023-01-16T02:01:33.132+0000] {processor.py:154} INFO - Started process (PID=22750) to work on /home/airflow/.local/lib/python3.7/site-packages/airflow/example_dags/example_task_group.py
[2023-01-16T02:01:33.134+0000] {processor.py:756} INFO - Processing file /home/airflow/.local/lib/python3.7/site-packages/airflow/example_dags/example_task_group.py for tasks to queue
[2023-01-16T02:01:33.135+0000] {logging_mixin.py:120} INFO - [2023-01-16T02:01:33.135+0000] {dagbag.py:537} INFO - Filling up the DagBag from /home/airflow/.local/lib/python3.7/site-packages/airflow/example_dags/example_task_group.py
[2023-01-16T02:01:33.152+0000] {processor.py:766} INFO - DAG(s) dict_keys(['example_task_group']) retrieved from /home/airflow/.local/lib/python3.7/site-packages/airflow/example_dags/example_task_group.py
[2023-01-16T02:01:33.208+0000] {logging_mixin.py:120} INFO - [2023-01-16T02:01:33.207+0000] {dag.py:2585} INFO - Sync 1 DAGs
[2023-01-16T02:01:33.251+0000] {logging_mixin.py:120} INFO - [2023-01-16T02:01:33.251+0000] {dag.py:3340} INFO - Setting next_dagrun for example_task_group to 2023-01-15T02:01:33.251534+00:00, run_after=2023-01-16T02:01:33.251534+00:00
[2023-01-16T02:01:33.271+0000] {processor.py:176} INFO - Processing /home/airflow/.local/lib/python3.7/site-packages/airflow/example_dags/example_task_group.py took 0.148 seconds
