[2023-01-16T01:56:04.665+0000] {processor.py:154} INFO - Started process (PID=22096) to work on /home/airflow/.local/lib/python3.7/site-packages/airflow/example_dags/example_branch_python_dop_operator_3.py
[2023-01-16T01:56:04.671+0000] {processor.py:756} INFO - Processing file /home/airflow/.local/lib/python3.7/site-packages/airflow/example_dags/example_branch_python_dop_operator_3.py for tasks to queue
[2023-01-16T01:56:04.674+0000] {logging_mixin.py:120} INFO - [2023-01-16T01:56:04.674+0000] {dagbag.py:537} INFO - Filling up the DagBag from /home/airflow/.local/lib/python3.7/site-packages/airflow/example_dags/example_branch_python_dop_operator_3.py
[2023-01-16T01:56:04.688+0000] {processor.py:766} INFO - DAG(s) dict_keys(['example_branch_dop_operator_v3']) retrieved from /home/airflow/.local/lib/python3.7/site-packages/airflow/example_dags/example_branch_python_dop_operator_3.py
[2023-01-16T01:56:04.810+0000] {logging_mixin.py:120} INFO - [2023-01-16T01:56:04.810+0000] {dag.py:2585} INFO - Sync 1 DAGs
[2023-01-16T01:56:04.942+0000] {logging_mixin.py:120} INFO - [2023-01-16T01:56:04.941+0000] {dag.py:3340} INFO - Setting next_dagrun for example_branch_dop_operator_v3 to 2023-01-16T01:55:00+00:00, run_after=2023-01-16T01:56:00+00:00
[2023-01-16T01:56:05.129+0000] {processor.py:176} INFO - Processing /home/airflow/.local/lib/python3.7/site-packages/airflow/example_dags/example_branch_python_dop_operator_3.py took 0.573 seconds
[2023-01-16T01:56:35.662+0000] {processor.py:154} INFO - Started process (PID=22153) to work on /home/airflow/.local/lib/python3.7/site-packages/airflow/example_dags/example_branch_python_dop_operator_3.py
[2023-01-16T01:56:35.669+0000] {processor.py:756} INFO - Processing file /home/airflow/.local/lib/python3.7/site-packages/airflow/example_dags/example_branch_python_dop_operator_3.py for tasks to queue
[2023-01-16T01:56:35.673+0000] {logging_mixin.py:120} INFO - [2023-01-16T01:56:35.673+0000] {dagbag.py:537} INFO - Filling up the DagBag from /home/airflow/.local/lib/python3.7/site-packages/airflow/example_dags/example_branch_python_dop_operator_3.py
[2023-01-16T01:56:35.750+0000] {processor.py:766} INFO - DAG(s) dict_keys(['example_branch_dop_operator_v3']) retrieved from /home/airflow/.local/lib/python3.7/site-packages/airflow/example_dags/example_branch_python_dop_operator_3.py
[2023-01-16T01:56:35.811+0000] {logging_mixin.py:120} INFO - [2023-01-16T01:56:35.811+0000] {dag.py:2585} INFO - Sync 1 DAGs
[2023-01-16T01:56:35.872+0000] {logging_mixin.py:120} INFO - [2023-01-16T01:56:35.871+0000] {dag.py:3340} INFO - Setting next_dagrun for example_branch_dop_operator_v3 to 2023-01-16T01:55:00+00:00, run_after=2023-01-16T01:56:00+00:00
[2023-01-16T01:56:35.910+0000] {processor.py:176} INFO - Processing /home/airflow/.local/lib/python3.7/site-packages/airflow/example_dags/example_branch_python_dop_operator_3.py took 0.255 seconds
[2023-01-16T01:57:06.112+0000] {processor.py:154} INFO - Started process (PID=22210) to work on /home/airflow/.local/lib/python3.7/site-packages/airflow/example_dags/example_branch_python_dop_operator_3.py
[2023-01-16T01:57:06.113+0000] {processor.py:756} INFO - Processing file /home/airflow/.local/lib/python3.7/site-packages/airflow/example_dags/example_branch_python_dop_operator_3.py for tasks to queue
[2023-01-16T01:57:06.117+0000] {logging_mixin.py:120} INFO - [2023-01-16T01:57:06.117+0000] {dagbag.py:537} INFO - Filling up the DagBag from /home/airflow/.local/lib/python3.7/site-packages/airflow/example_dags/example_branch_python_dop_operator_3.py
[2023-01-16T01:57:06.171+0000] {processor.py:766} INFO - DAG(s) dict_keys(['example_branch_dop_operator_v3']) retrieved from /home/airflow/.local/lib/python3.7/site-packages/airflow/example_dags/example_branch_python_dop_operator_3.py
[2023-01-16T01:57:06.238+0000] {logging_mixin.py:120} INFO - [2023-01-16T01:57:06.238+0000] {dag.py:2585} INFO - Sync 1 DAGs
[2023-01-16T01:57:06.315+0000] {logging_mixin.py:120} INFO - [2023-01-16T01:57:06.314+0000] {dag.py:3340} INFO - Setting next_dagrun for example_branch_dop_operator_v3 to 2023-01-16T01:56:00+00:00, run_after=2023-01-16T01:57:00+00:00
[2023-01-16T01:57:06.367+0000] {processor.py:176} INFO - Processing /home/airflow/.local/lib/python3.7/site-packages/airflow/example_dags/example_branch_python_dop_operator_3.py took 0.265 seconds
[2023-01-16T01:57:36.556+0000] {processor.py:154} INFO - Started process (PID=22278) to work on /home/airflow/.local/lib/python3.7/site-packages/airflow/example_dags/example_branch_python_dop_operator_3.py
[2023-01-16T01:57:36.558+0000] {processor.py:756} INFO - Processing file /home/airflow/.local/lib/python3.7/site-packages/airflow/example_dags/example_branch_python_dop_operator_3.py for tasks to queue
[2023-01-16T01:57:36.562+0000] {logging_mixin.py:120} INFO - [2023-01-16T01:57:36.560+0000] {dagbag.py:537} INFO - Filling up the DagBag from /home/airflow/.local/lib/python3.7/site-packages/airflow/example_dags/example_branch_python_dop_operator_3.py
[2023-01-16T01:57:36.602+0000] {processor.py:766} INFO - DAG(s) dict_keys(['example_branch_dop_operator_v3']) retrieved from /home/airflow/.local/lib/python3.7/site-packages/airflow/example_dags/example_branch_python_dop_operator_3.py
[2023-01-16T01:57:36.656+0000] {logging_mixin.py:120} INFO - [2023-01-16T01:57:36.656+0000] {dag.py:2585} INFO - Sync 1 DAGs
[2023-01-16T01:57:36.731+0000] {logging_mixin.py:120} INFO - [2023-01-16T01:57:36.730+0000] {dag.py:3340} INFO - Setting next_dagrun for example_branch_dop_operator_v3 to 2023-01-16T01:56:00+00:00, run_after=2023-01-16T01:57:00+00:00
[2023-01-16T01:57:36.803+0000] {processor.py:176} INFO - Processing /home/airflow/.local/lib/python3.7/site-packages/airflow/example_dags/example_branch_python_dop_operator_3.py took 0.256 seconds
[2023-01-16T01:58:07.649+0000] {processor.py:154} INFO - Started process (PID=22335) to work on /home/airflow/.local/lib/python3.7/site-packages/airflow/example_dags/example_branch_python_dop_operator_3.py
[2023-01-16T01:58:07.651+0000] {processor.py:756} INFO - Processing file /home/airflow/.local/lib/python3.7/site-packages/airflow/example_dags/example_branch_python_dop_operator_3.py for tasks to queue
[2023-01-16T01:58:07.653+0000] {logging_mixin.py:120} INFO - [2023-01-16T01:58:07.652+0000] {dagbag.py:537} INFO - Filling up the DagBag from /home/airflow/.local/lib/python3.7/site-packages/airflow/example_dags/example_branch_python_dop_operator_3.py
[2023-01-16T01:58:07.685+0000] {processor.py:766} INFO - DAG(s) dict_keys(['example_branch_dop_operator_v3']) retrieved from /home/airflow/.local/lib/python3.7/site-packages/airflow/example_dags/example_branch_python_dop_operator_3.py
[2023-01-16T01:58:07.723+0000] {logging_mixin.py:120} INFO - [2023-01-16T01:58:07.723+0000] {dag.py:2585} INFO - Sync 1 DAGs
[2023-01-16T01:58:07.762+0000] {logging_mixin.py:120} INFO - [2023-01-16T01:58:07.762+0000] {dag.py:3340} INFO - Setting next_dagrun for example_branch_dop_operator_v3 to 2023-01-16T01:57:00+00:00, run_after=2023-01-16T01:58:00+00:00
[2023-01-16T01:58:07.794+0000] {processor.py:176} INFO - Processing /home/airflow/.local/lib/python3.7/site-packages/airflow/example_dags/example_branch_python_dop_operator_3.py took 0.149 seconds
[2023-01-16T01:58:38.124+0000] {processor.py:154} INFO - Started process (PID=22401) to work on /home/airflow/.local/lib/python3.7/site-packages/airflow/example_dags/example_branch_python_dop_operator_3.py
[2023-01-16T01:58:38.125+0000] {processor.py:756} INFO - Processing file /home/airflow/.local/lib/python3.7/site-packages/airflow/example_dags/example_branch_python_dop_operator_3.py for tasks to queue
[2023-01-16T01:58:38.126+0000] {logging_mixin.py:120} INFO - [2023-01-16T01:58:38.126+0000] {dagbag.py:537} INFO - Filling up the DagBag from /home/airflow/.local/lib/python3.7/site-packages/airflow/example_dags/example_branch_python_dop_operator_3.py
[2023-01-16T01:58:38.149+0000] {processor.py:766} INFO - DAG(s) dict_keys(['example_branch_dop_operator_v3']) retrieved from /home/airflow/.local/lib/python3.7/site-packages/airflow/example_dags/example_branch_python_dop_operator_3.py
[2023-01-16T01:58:38.186+0000] {logging_mixin.py:120} INFO - [2023-01-16T01:58:38.186+0000] {dag.py:2585} INFO - Sync 1 DAGs
[2023-01-16T01:58:38.220+0000] {logging_mixin.py:120} INFO - [2023-01-16T01:58:38.220+0000] {dag.py:3340} INFO - Setting next_dagrun for example_branch_dop_operator_v3 to 2023-01-16T01:57:00+00:00, run_after=2023-01-16T01:58:00+00:00
[2023-01-16T01:58:38.249+0000] {processor.py:176} INFO - Processing /home/airflow/.local/lib/python3.7/site-packages/airflow/example_dags/example_branch_python_dop_operator_3.py took 0.130 seconds
[2023-01-16T01:59:08.979+0000] {processor.py:154} INFO - Started process (PID=22458) to work on /home/airflow/.local/lib/python3.7/site-packages/airflow/example_dags/example_branch_python_dop_operator_3.py
[2023-01-16T01:59:08.980+0000] {processor.py:756} INFO - Processing file /home/airflow/.local/lib/python3.7/site-packages/airflow/example_dags/example_branch_python_dop_operator_3.py for tasks to queue
[2023-01-16T01:59:08.981+0000] {logging_mixin.py:120} INFO - [2023-01-16T01:59:08.980+0000] {dagbag.py:537} INFO - Filling up the DagBag from /home/airflow/.local/lib/python3.7/site-packages/airflow/example_dags/example_branch_python_dop_operator_3.py
[2023-01-16T01:59:08.997+0000] {processor.py:766} INFO - DAG(s) dict_keys(['example_branch_dop_operator_v3']) retrieved from /home/airflow/.local/lib/python3.7/site-packages/airflow/example_dags/example_branch_python_dop_operator_3.py
[2023-01-16T01:59:09.021+0000] {logging_mixin.py:120} INFO - [2023-01-16T01:59:09.021+0000] {dag.py:2585} INFO - Sync 1 DAGs
[2023-01-16T01:59:09.048+0000] {logging_mixin.py:120} INFO - [2023-01-16T01:59:09.048+0000] {dag.py:3340} INFO - Setting next_dagrun for example_branch_dop_operator_v3 to 2023-01-16T01:58:00+00:00, run_after=2023-01-16T01:59:00+00:00
[2023-01-16T01:59:09.070+0000] {processor.py:176} INFO - Processing /home/airflow/.local/lib/python3.7/site-packages/airflow/example_dags/example_branch_python_dop_operator_3.py took 0.096 seconds
[2023-01-16T01:59:39.520+0000] {processor.py:154} INFO - Started process (PID=22525) to work on /home/airflow/.local/lib/python3.7/site-packages/airflow/example_dags/example_branch_python_dop_operator_3.py
[2023-01-16T01:59:39.521+0000] {processor.py:756} INFO - Processing file /home/airflow/.local/lib/python3.7/site-packages/airflow/example_dags/example_branch_python_dop_operator_3.py for tasks to queue
[2023-01-16T01:59:39.523+0000] {logging_mixin.py:120} INFO - [2023-01-16T01:59:39.522+0000] {dagbag.py:537} INFO - Filling up the DagBag from /home/airflow/.local/lib/python3.7/site-packages/airflow/example_dags/example_branch_python_dop_operator_3.py
[2023-01-16T01:59:39.551+0000] {processor.py:766} INFO - DAG(s) dict_keys(['example_branch_dop_operator_v3']) retrieved from /home/airflow/.local/lib/python3.7/site-packages/airflow/example_dags/example_branch_python_dop_operator_3.py
[2023-01-16T01:59:39.594+0000] {logging_mixin.py:120} INFO - [2023-01-16T01:59:39.594+0000] {dag.py:2585} INFO - Sync 1 DAGs
[2023-01-16T01:59:39.629+0000] {logging_mixin.py:120} INFO - [2023-01-16T01:59:39.628+0000] {dag.py:3340} INFO - Setting next_dagrun for example_branch_dop_operator_v3 to 2023-01-16T01:58:00+00:00, run_after=2023-01-16T01:59:00+00:00
[2023-01-16T01:59:39.661+0000] {processor.py:176} INFO - Processing /home/airflow/.local/lib/python3.7/site-packages/airflow/example_dags/example_branch_python_dop_operator_3.py took 0.148 seconds
[2023-01-16T02:00:10.144+0000] {processor.py:154} INFO - Started process (PID=22582) to work on /home/airflow/.local/lib/python3.7/site-packages/airflow/example_dags/example_branch_python_dop_operator_3.py
[2023-01-16T02:00:10.144+0000] {processor.py:756} INFO - Processing file /home/airflow/.local/lib/python3.7/site-packages/airflow/example_dags/example_branch_python_dop_operator_3.py for tasks to queue
[2023-01-16T02:00:10.146+0000] {logging_mixin.py:120} INFO - [2023-01-16T02:00:10.145+0000] {dagbag.py:537} INFO - Filling up the DagBag from /home/airflow/.local/lib/python3.7/site-packages/airflow/example_dags/example_branch_python_dop_operator_3.py
[2023-01-16T02:00:10.172+0000] {processor.py:766} INFO - DAG(s) dict_keys(['example_branch_dop_operator_v3']) retrieved from /home/airflow/.local/lib/python3.7/site-packages/airflow/example_dags/example_branch_python_dop_operator_3.py
[2023-01-16T02:00:10.200+0000] {logging_mixin.py:120} INFO - [2023-01-16T02:00:10.199+0000] {dag.py:2585} INFO - Sync 1 DAGs
[2023-01-16T02:00:10.243+0000] {logging_mixin.py:120} INFO - [2023-01-16T02:00:10.243+0000] {dag.py:3340} INFO - Setting next_dagrun for example_branch_dop_operator_v3 to 2023-01-16T01:59:00+00:00, run_after=2023-01-16T02:00:00+00:00
[2023-01-16T02:00:10.270+0000] {processor.py:176} INFO - Processing /home/airflow/.local/lib/python3.7/site-packages/airflow/example_dags/example_branch_python_dop_operator_3.py took 0.133 seconds
[2023-01-16T02:00:41.075+0000] {processor.py:154} INFO - Started process (PID=22648) to work on /home/airflow/.local/lib/python3.7/site-packages/airflow/example_dags/example_branch_python_dop_operator_3.py
[2023-01-16T02:00:41.076+0000] {processor.py:756} INFO - Processing file /home/airflow/.local/lib/python3.7/site-packages/airflow/example_dags/example_branch_python_dop_operator_3.py for tasks to queue
[2023-01-16T02:00:41.078+0000] {logging_mixin.py:120} INFO - [2023-01-16T02:00:41.077+0000] {dagbag.py:537} INFO - Filling up the DagBag from /home/airflow/.local/lib/python3.7/site-packages/airflow/example_dags/example_branch_python_dop_operator_3.py
[2023-01-16T02:00:41.097+0000] {processor.py:766} INFO - DAG(s) dict_keys(['example_branch_dop_operator_v3']) retrieved from /home/airflow/.local/lib/python3.7/site-packages/airflow/example_dags/example_branch_python_dop_operator_3.py
[2023-01-16T02:00:41.122+0000] {logging_mixin.py:120} INFO - [2023-01-16T02:00:41.122+0000] {dag.py:2585} INFO - Sync 1 DAGs
[2023-01-16T02:00:41.157+0000] {logging_mixin.py:120} INFO - [2023-01-16T02:00:41.156+0000] {dag.py:3340} INFO - Setting next_dagrun for example_branch_dop_operator_v3 to 2023-01-16T01:59:00+00:00, run_after=2023-01-16T02:00:00+00:00
[2023-01-16T02:00:41.180+0000] {processor.py:176} INFO - Processing /home/airflow/.local/lib/python3.7/site-packages/airflow/example_dags/example_branch_python_dop_operator_3.py took 0.112 seconds
[2023-01-16T02:01:11.661+0000] {processor.py:154} INFO - Started process (PID=22717) to work on /home/airflow/.local/lib/python3.7/site-packages/airflow/example_dags/example_branch_python_dop_operator_3.py
[2023-01-16T02:01:11.663+0000] {processor.py:756} INFO - Processing file /home/airflow/.local/lib/python3.7/site-packages/airflow/example_dags/example_branch_python_dop_operator_3.py for tasks to queue
[2023-01-16T02:01:11.668+0000] {logging_mixin.py:120} INFO - [2023-01-16T02:01:11.667+0000] {dagbag.py:537} INFO - Filling up the DagBag from /home/airflow/.local/lib/python3.7/site-packages/airflow/example_dags/example_branch_python_dop_operator_3.py
[2023-01-16T02:01:11.704+0000] {processor.py:766} INFO - DAG(s) dict_keys(['example_branch_dop_operator_v3']) retrieved from /home/airflow/.local/lib/python3.7/site-packages/airflow/example_dags/example_branch_python_dop_operator_3.py
[2023-01-16T02:01:11.752+0000] {logging_mixin.py:120} INFO - [2023-01-16T02:01:11.752+0000] {dag.py:2585} INFO - Sync 1 DAGs
[2023-01-16T02:01:11.828+0000] {logging_mixin.py:120} INFO - [2023-01-16T02:01:11.828+0000] {dag.py:3340} INFO - Setting next_dagrun for example_branch_dop_operator_v3 to 2023-01-16T02:00:00+00:00, run_after=2023-01-16T02:01:00+00:00
[2023-01-16T02:01:11.884+0000] {processor.py:176} INFO - Processing /home/airflow/.local/lib/python3.7/site-packages/airflow/example_dags/example_branch_python_dop_operator_3.py took 0.236 seconds
[2023-01-16T02:01:42.098+0000] {processor.py:154} INFO - Started process (PID=22777) to work on /home/airflow/.local/lib/python3.7/site-packages/airflow/example_dags/example_branch_python_dop_operator_3.py
[2023-01-16T02:01:42.100+0000] {processor.py:756} INFO - Processing file /home/airflow/.local/lib/python3.7/site-packages/airflow/example_dags/example_branch_python_dop_operator_3.py for tasks to queue
[2023-01-16T02:01:42.105+0000] {logging_mixin.py:120} INFO - [2023-01-16T02:01:42.104+0000] {dagbag.py:537} INFO - Filling up the DagBag from /home/airflow/.local/lib/python3.7/site-packages/airflow/example_dags/example_branch_python_dop_operator_3.py
[2023-01-16T02:01:42.144+0000] {processor.py:766} INFO - DAG(s) dict_keys(['example_branch_dop_operator_v3']) retrieved from /home/airflow/.local/lib/python3.7/site-packages/airflow/example_dags/example_branch_python_dop_operator_3.py
[2023-01-16T02:01:42.197+0000] {logging_mixin.py:120} INFO - [2023-01-16T02:01:42.197+0000] {dag.py:2585} INFO - Sync 1 DAGs
[2023-01-16T02:01:42.251+0000] {logging_mixin.py:120} INFO - [2023-01-16T02:01:42.251+0000] {dag.py:3340} INFO - Setting next_dagrun for example_branch_dop_operator_v3 to 2023-01-16T02:00:00+00:00, run_after=2023-01-16T02:01:00+00:00
[2023-01-16T02:01:42.300+0000] {processor.py:176} INFO - Processing /home/airflow/.local/lib/python3.7/site-packages/airflow/example_dags/example_branch_python_dop_operator_3.py took 0.209 seconds
