[2023-01-16T01:55:54.404+0000] {processor.py:154} INFO - Started process (PID=22066) to work on /home/airflow/.local/lib/python3.7/site-packages/airflow/example_dags/example_branch_operator_decorator.py
[2023-01-16T01:55:54.436+0000] {processor.py:756} INFO - Processing file /home/airflow/.local/lib/python3.7/site-packages/airflow/example_dags/example_branch_operator_decorator.py for tasks to queue
[2023-01-16T01:55:54.466+0000] {logging_mixin.py:120} INFO - [2023-01-16T01:55:54.465+0000] {dagbag.py:537} INFO - Filling up the DagBag from /home/airflow/.local/lib/python3.7/site-packages/airflow/example_dags/example_branch_operator_decorator.py
[2023-01-16T01:55:54.742+0000] {processor.py:766} INFO - DAG(s) dict_keys(['example_branch_python_operator_decorator']) retrieved from /home/airflow/.local/lib/python3.7/site-packages/airflow/example_dags/example_branch_operator_decorator.py
[2023-01-16T01:55:54.950+0000] {logging_mixin.py:120} INFO - [2023-01-16T01:55:54.950+0000] {dag.py:2585} INFO - Sync 1 DAGs
[2023-01-16T01:55:55.148+0000] {logging_mixin.py:120} INFO - [2023-01-16T01:55:55.147+0000] {dag.py:3340} INFO - Setting next_dagrun for example_branch_python_operator_decorator to 2023-01-15T00:00:00+00:00, run_after=2023-01-16T00:00:00+00:00
[2023-01-16T01:55:55.435+0000] {processor.py:176} INFO - Processing /home/airflow/.local/lib/python3.7/site-packages/airflow/example_dags/example_branch_operator_decorator.py took 1.066 seconds
[2023-01-16T01:56:25.714+0000] {processor.py:154} INFO - Started process (PID=22124) to work on /home/airflow/.local/lib/python3.7/site-packages/airflow/example_dags/example_branch_operator_decorator.py
[2023-01-16T01:56:25.717+0000] {processor.py:756} INFO - Processing file /home/airflow/.local/lib/python3.7/site-packages/airflow/example_dags/example_branch_operator_decorator.py for tasks to queue
[2023-01-16T01:56:25.725+0000] {logging_mixin.py:120} INFO - [2023-01-16T01:56:25.722+0000] {dagbag.py:537} INFO - Filling up the DagBag from /home/airflow/.local/lib/python3.7/site-packages/airflow/example_dags/example_branch_operator_decorator.py
[2023-01-16T01:56:25.791+0000] {processor.py:766} INFO - DAG(s) dict_keys(['example_branch_python_operator_decorator']) retrieved from /home/airflow/.local/lib/python3.7/site-packages/airflow/example_dags/example_branch_operator_decorator.py
[2023-01-16T01:56:25.869+0000] {logging_mixin.py:120} INFO - [2023-01-16T01:56:25.867+0000] {dag.py:2585} INFO - Sync 1 DAGs
[2023-01-16T01:56:25.945+0000] {logging_mixin.py:120} INFO - [2023-01-16T01:56:25.944+0000] {dag.py:3340} INFO - Setting next_dagrun for example_branch_python_operator_decorator to 2023-01-15T00:00:00+00:00, run_after=2023-01-16T00:00:00+00:00
[2023-01-16T01:56:25.999+0000] {processor.py:176} INFO - Processing /home/airflow/.local/lib/python3.7/site-packages/airflow/example_dags/example_branch_operator_decorator.py took 0.303 seconds
[2023-01-16T01:56:56.760+0000] {processor.py:154} INFO - Started process (PID=22181) to work on /home/airflow/.local/lib/python3.7/site-packages/airflow/example_dags/example_branch_operator_decorator.py
[2023-01-16T01:56:56.761+0000] {processor.py:756} INFO - Processing file /home/airflow/.local/lib/python3.7/site-packages/airflow/example_dags/example_branch_operator_decorator.py for tasks to queue
[2023-01-16T01:56:56.764+0000] {logging_mixin.py:120} INFO - [2023-01-16T01:56:56.763+0000] {dagbag.py:537} INFO - Filling up the DagBag from /home/airflow/.local/lib/python3.7/site-packages/airflow/example_dags/example_branch_operator_decorator.py
[2023-01-16T01:56:56.835+0000] {processor.py:766} INFO - DAG(s) dict_keys(['example_branch_python_operator_decorator']) retrieved from /home/airflow/.local/lib/python3.7/site-packages/airflow/example_dags/example_branch_operator_decorator.py
[2023-01-16T01:56:56.931+0000] {logging_mixin.py:120} INFO - [2023-01-16T01:56:56.930+0000] {dag.py:2585} INFO - Sync 1 DAGs
[2023-01-16T01:56:57.029+0000] {logging_mixin.py:120} INFO - [2023-01-16T01:56:57.029+0000] {dag.py:3340} INFO - Setting next_dagrun for example_branch_python_operator_decorator to 2023-01-15T00:00:00+00:00, run_after=2023-01-16T00:00:00+00:00
[2023-01-16T01:56:57.113+0000] {processor.py:176} INFO - Processing /home/airflow/.local/lib/python3.7/site-packages/airflow/example_dags/example_branch_operator_decorator.py took 0.359 seconds
[2023-01-16T01:57:28.002+0000] {processor.py:154} INFO - Started process (PID=22248) to work on /home/airflow/.local/lib/python3.7/site-packages/airflow/example_dags/example_branch_operator_decorator.py
[2023-01-16T01:57:28.004+0000] {processor.py:756} INFO - Processing file /home/airflow/.local/lib/python3.7/site-packages/airflow/example_dags/example_branch_operator_decorator.py for tasks to queue
[2023-01-16T01:57:28.007+0000] {logging_mixin.py:120} INFO - [2023-01-16T01:57:28.006+0000] {dagbag.py:537} INFO - Filling up the DagBag from /home/airflow/.local/lib/python3.7/site-packages/airflow/example_dags/example_branch_operator_decorator.py
[2023-01-16T01:57:28.054+0000] {processor.py:766} INFO - DAG(s) dict_keys(['example_branch_python_operator_decorator']) retrieved from /home/airflow/.local/lib/python3.7/site-packages/airflow/example_dags/example_branch_operator_decorator.py
[2023-01-16T01:57:28.148+0000] {logging_mixin.py:120} INFO - [2023-01-16T01:57:28.147+0000] {dag.py:2585} INFO - Sync 1 DAGs
[2023-01-16T01:57:28.221+0000] {logging_mixin.py:120} INFO - [2023-01-16T01:57:28.221+0000] {dag.py:3340} INFO - Setting next_dagrun for example_branch_python_operator_decorator to 2023-01-15T00:00:00+00:00, run_after=2023-01-16T00:00:00+00:00
[2023-01-16T01:57:28.265+0000] {processor.py:176} INFO - Processing /home/airflow/.local/lib/python3.7/site-packages/airflow/example_dags/example_branch_operator_decorator.py took 0.275 seconds
[2023-01-16T01:57:59.302+0000] {processor.py:154} INFO - Started process (PID=22306) to work on /home/airflow/.local/lib/python3.7/site-packages/airflow/example_dags/example_branch_operator_decorator.py
[2023-01-16T01:57:59.304+0000] {processor.py:756} INFO - Processing file /home/airflow/.local/lib/python3.7/site-packages/airflow/example_dags/example_branch_operator_decorator.py for tasks to queue
[2023-01-16T01:57:59.308+0000] {logging_mixin.py:120} INFO - [2023-01-16T01:57:59.307+0000] {dagbag.py:537} INFO - Filling up the DagBag from /home/airflow/.local/lib/python3.7/site-packages/airflow/example_dags/example_branch_operator_decorator.py
[2023-01-16T01:57:59.344+0000] {processor.py:766} INFO - DAG(s) dict_keys(['example_branch_python_operator_decorator']) retrieved from /home/airflow/.local/lib/python3.7/site-packages/airflow/example_dags/example_branch_operator_decorator.py
[2023-01-16T01:57:59.443+0000] {logging_mixin.py:120} INFO - [2023-01-16T01:57:59.443+0000] {dag.py:2585} INFO - Sync 1 DAGs
[2023-01-16T01:57:59.496+0000] {logging_mixin.py:120} INFO - [2023-01-16T01:57:59.496+0000] {dag.py:3340} INFO - Setting next_dagrun for example_branch_python_operator_decorator to 2023-01-15T00:00:00+00:00, run_after=2023-01-16T00:00:00+00:00
[2023-01-16T01:57:59.535+0000] {processor.py:176} INFO - Processing /home/airflow/.local/lib/python3.7/site-packages/airflow/example_dags/example_branch_operator_decorator.py took 0.239 seconds
[2023-01-16T01:58:29.742+0000] {processor.py:154} INFO - Started process (PID=22372) to work on /home/airflow/.local/lib/python3.7/site-packages/airflow/example_dags/example_branch_operator_decorator.py
[2023-01-16T01:58:29.744+0000] {processor.py:756} INFO - Processing file /home/airflow/.local/lib/python3.7/site-packages/airflow/example_dags/example_branch_operator_decorator.py for tasks to queue
[2023-01-16T01:58:29.745+0000] {logging_mixin.py:120} INFO - [2023-01-16T01:58:29.745+0000] {dagbag.py:537} INFO - Filling up the DagBag from /home/airflow/.local/lib/python3.7/site-packages/airflow/example_dags/example_branch_operator_decorator.py
[2023-01-16T01:58:29.785+0000] {processor.py:766} INFO - DAG(s) dict_keys(['example_branch_python_operator_decorator']) retrieved from /home/airflow/.local/lib/python3.7/site-packages/airflow/example_dags/example_branch_operator_decorator.py
[2023-01-16T01:58:29.827+0000] {logging_mixin.py:120} INFO - [2023-01-16T01:58:29.827+0000] {dag.py:2585} INFO - Sync 1 DAGs
[2023-01-16T01:58:29.869+0000] {logging_mixin.py:120} INFO - [2023-01-16T01:58:29.869+0000] {dag.py:3340} INFO - Setting next_dagrun for example_branch_python_operator_decorator to 2023-01-15T00:00:00+00:00, run_after=2023-01-16T00:00:00+00:00
[2023-01-16T01:58:29.898+0000] {processor.py:176} INFO - Processing /home/airflow/.local/lib/python3.7/site-packages/airflow/example_dags/example_branch_operator_decorator.py took 0.162 seconds
[2023-01-16T01:59:00.079+0000] {processor.py:154} INFO - Started process (PID=22436) to work on /home/airflow/.local/lib/python3.7/site-packages/airflow/example_dags/example_branch_operator_decorator.py
[2023-01-16T01:59:00.081+0000] {processor.py:756} INFO - Processing file /home/airflow/.local/lib/python3.7/site-packages/airflow/example_dags/example_branch_operator_decorator.py for tasks to queue
[2023-01-16T01:59:00.088+0000] {logging_mixin.py:120} INFO - [2023-01-16T01:59:00.087+0000] {dagbag.py:537} INFO - Filling up the DagBag from /home/airflow/.local/lib/python3.7/site-packages/airflow/example_dags/example_branch_operator_decorator.py
[2023-01-16T01:59:00.124+0000] {processor.py:766} INFO - DAG(s) dict_keys(['example_branch_python_operator_decorator']) retrieved from /home/airflow/.local/lib/python3.7/site-packages/airflow/example_dags/example_branch_operator_decorator.py
[2023-01-16T01:59:00.184+0000] {logging_mixin.py:120} INFO - [2023-01-16T01:59:00.184+0000] {dag.py:2585} INFO - Sync 1 DAGs
[2023-01-16T01:59:00.244+0000] {logging_mixin.py:120} INFO - [2023-01-16T01:59:00.244+0000] {dag.py:3340} INFO - Setting next_dagrun for example_branch_python_operator_decorator to 2023-01-15T00:00:00+00:00, run_after=2023-01-16T00:00:00+00:00
[2023-01-16T01:59:00.322+0000] {processor.py:176} INFO - Processing /home/airflow/.local/lib/python3.7/site-packages/airflow/example_dags/example_branch_operator_decorator.py took 0.250 seconds
[2023-01-16T01:59:30.567+0000] {processor.py:154} INFO - Started process (PID=22495) to work on /home/airflow/.local/lib/python3.7/site-packages/airflow/example_dags/example_branch_operator_decorator.py
[2023-01-16T01:59:30.569+0000] {processor.py:756} INFO - Processing file /home/airflow/.local/lib/python3.7/site-packages/airflow/example_dags/example_branch_operator_decorator.py for tasks to queue
[2023-01-16T01:59:30.571+0000] {logging_mixin.py:120} INFO - [2023-01-16T01:59:30.571+0000] {dagbag.py:537} INFO - Filling up the DagBag from /home/airflow/.local/lib/python3.7/site-packages/airflow/example_dags/example_branch_operator_decorator.py
[2023-01-16T01:59:30.600+0000] {processor.py:766} INFO - DAG(s) dict_keys(['example_branch_python_operator_decorator']) retrieved from /home/airflow/.local/lib/python3.7/site-packages/airflow/example_dags/example_branch_operator_decorator.py
[2023-01-16T01:59:30.637+0000] {logging_mixin.py:120} INFO - [2023-01-16T01:59:30.637+0000] {dag.py:2585} INFO - Sync 1 DAGs
[2023-01-16T01:59:30.671+0000] {logging_mixin.py:120} INFO - [2023-01-16T01:59:30.671+0000] {dag.py:3340} INFO - Setting next_dagrun for example_branch_python_operator_decorator to 2023-01-15T00:00:00+00:00, run_after=2023-01-16T00:00:00+00:00
[2023-01-16T01:59:30.707+0000] {processor.py:176} INFO - Processing /home/airflow/.local/lib/python3.7/site-packages/airflow/example_dags/example_branch_operator_decorator.py took 0.145 seconds
[2023-01-16T02:00:00.919+0000] {processor.py:154} INFO - Started process (PID=22560) to work on /home/airflow/.local/lib/python3.7/site-packages/airflow/example_dags/example_branch_operator_decorator.py
[2023-01-16T02:00:00.920+0000] {processor.py:756} INFO - Processing file /home/airflow/.local/lib/python3.7/site-packages/airflow/example_dags/example_branch_operator_decorator.py for tasks to queue
[2023-01-16T02:00:00.922+0000] {logging_mixin.py:120} INFO - [2023-01-16T02:00:00.922+0000] {dagbag.py:537} INFO - Filling up the DagBag from /home/airflow/.local/lib/python3.7/site-packages/airflow/example_dags/example_branch_operator_decorator.py
[2023-01-16T02:00:00.980+0000] {processor.py:766} INFO - DAG(s) dict_keys(['example_branch_python_operator_decorator']) retrieved from /home/airflow/.local/lib/python3.7/site-packages/airflow/example_dags/example_branch_operator_decorator.py
[2023-01-16T02:00:01.064+0000] {logging_mixin.py:120} INFO - [2023-01-16T02:00:01.063+0000] {dag.py:2585} INFO - Sync 1 DAGs
[2023-01-16T02:00:01.148+0000] {logging_mixin.py:120} INFO - [2023-01-16T02:00:01.147+0000] {dag.py:3340} INFO - Setting next_dagrun for example_branch_python_operator_decorator to 2023-01-15T00:00:00+00:00, run_after=2023-01-16T00:00:00+00:00
[2023-01-16T02:00:01.215+0000] {processor.py:176} INFO - Processing /home/airflow/.local/lib/python3.7/site-packages/airflow/example_dags/example_branch_operator_decorator.py took 0.304 seconds
[2023-01-16T02:00:31.424+0000] {processor.py:154} INFO - Started process (PID=22619) to work on /home/airflow/.local/lib/python3.7/site-packages/airflow/example_dags/example_branch_operator_decorator.py
[2023-01-16T02:00:31.425+0000] {processor.py:756} INFO - Processing file /home/airflow/.local/lib/python3.7/site-packages/airflow/example_dags/example_branch_operator_decorator.py for tasks to queue
[2023-01-16T02:00:31.426+0000] {logging_mixin.py:120} INFO - [2023-01-16T02:00:31.426+0000] {dagbag.py:537} INFO - Filling up the DagBag from /home/airflow/.local/lib/python3.7/site-packages/airflow/example_dags/example_branch_operator_decorator.py
[2023-01-16T02:00:31.446+0000] {processor.py:766} INFO - DAG(s) dict_keys(['example_branch_python_operator_decorator']) retrieved from /home/airflow/.local/lib/python3.7/site-packages/airflow/example_dags/example_branch_operator_decorator.py
[2023-01-16T02:00:31.473+0000] {logging_mixin.py:120} INFO - [2023-01-16T02:00:31.472+0000] {dag.py:2585} INFO - Sync 1 DAGs
[2023-01-16T02:00:31.497+0000] {logging_mixin.py:120} INFO - [2023-01-16T02:00:31.497+0000] {dag.py:3340} INFO - Setting next_dagrun for example_branch_python_operator_decorator to 2023-01-15T00:00:00+00:00, run_after=2023-01-16T00:00:00+00:00
[2023-01-16T02:00:31.522+0000] {processor.py:176} INFO - Processing /home/airflow/.local/lib/python3.7/site-packages/airflow/example_dags/example_branch_operator_decorator.py took 0.101 seconds
[2023-01-16T02:01:01.758+0000] {processor.py:154} INFO - Started process (PID=22688) to work on /home/airflow/.local/lib/python3.7/site-packages/airflow/example_dags/example_branch_operator_decorator.py
[2023-01-16T02:01:01.760+0000] {processor.py:756} INFO - Processing file /home/airflow/.local/lib/python3.7/site-packages/airflow/example_dags/example_branch_operator_decorator.py for tasks to queue
[2023-01-16T02:01:01.761+0000] {logging_mixin.py:120} INFO - [2023-01-16T02:01:01.761+0000] {dagbag.py:537} INFO - Filling up the DagBag from /home/airflow/.local/lib/python3.7/site-packages/airflow/example_dags/example_branch_operator_decorator.py
[2023-01-16T02:01:01.799+0000] {processor.py:766} INFO - DAG(s) dict_keys(['example_branch_python_operator_decorator']) retrieved from /home/airflow/.local/lib/python3.7/site-packages/airflow/example_dags/example_branch_operator_decorator.py
[2023-01-16T02:01:01.852+0000] {logging_mixin.py:120} INFO - [2023-01-16T02:01:01.852+0000] {dag.py:2585} INFO - Sync 1 DAGs
[2023-01-16T02:01:01.895+0000] {logging_mixin.py:120} INFO - [2023-01-16T02:01:01.895+0000] {dag.py:3340} INFO - Setting next_dagrun for example_branch_python_operator_decorator to 2023-01-15T00:00:00+00:00, run_after=2023-01-16T00:00:00+00:00
[2023-01-16T02:01:01.942+0000] {processor.py:176} INFO - Processing /home/airflow/.local/lib/python3.7/site-packages/airflow/example_dags/example_branch_operator_decorator.py took 0.189 seconds
[2023-01-16T02:01:32.613+0000] {processor.py:154} INFO - Started process (PID=22748) to work on /home/airflow/.local/lib/python3.7/site-packages/airflow/example_dags/example_branch_operator_decorator.py
[2023-01-16T02:01:32.614+0000] {processor.py:756} INFO - Processing file /home/airflow/.local/lib/python3.7/site-packages/airflow/example_dags/example_branch_operator_decorator.py for tasks to queue
[2023-01-16T02:01:32.617+0000] {logging_mixin.py:120} INFO - [2023-01-16T02:01:32.616+0000] {dagbag.py:537} INFO - Filling up the DagBag from /home/airflow/.local/lib/python3.7/site-packages/airflow/example_dags/example_branch_operator_decorator.py
[2023-01-16T02:01:32.650+0000] {processor.py:766} INFO - DAG(s) dict_keys(['example_branch_python_operator_decorator']) retrieved from /home/airflow/.local/lib/python3.7/site-packages/airflow/example_dags/example_branch_operator_decorator.py
[2023-01-16T02:01:32.694+0000] {logging_mixin.py:120} INFO - [2023-01-16T02:01:32.693+0000] {dag.py:2585} INFO - Sync 1 DAGs
[2023-01-16T02:01:32.741+0000] {logging_mixin.py:120} INFO - [2023-01-16T02:01:32.741+0000] {dag.py:3340} INFO - Setting next_dagrun for example_branch_python_operator_decorator to 2023-01-15T00:00:00+00:00, run_after=2023-01-16T00:00:00+00:00
[2023-01-16T02:01:32.783+0000] {processor.py:176} INFO - Processing /home/airflow/.local/lib/python3.7/site-packages/airflow/example_dags/example_branch_operator_decorator.py took 0.177 seconds
