[2023-01-16T01:55:59.812+0000] {processor.py:154} INFO - Started process (PID=22085) to work on /home/airflow/.local/lib/python3.7/site-packages/airflow/example_dags/example_branch_day_of_week_operator.py
[2023-01-16T01:55:59.824+0000] {processor.py:756} INFO - Processing file /home/airflow/.local/lib/python3.7/site-packages/airflow/example_dags/example_branch_day_of_week_operator.py for tasks to queue
[2023-01-16T01:55:59.828+0000] {logging_mixin.py:120} INFO - [2023-01-16T01:55:59.827+0000] {dagbag.py:537} INFO - Filling up the DagBag from /home/airflow/.local/lib/python3.7/site-packages/airflow/example_dags/example_branch_day_of_week_operator.py
[2023-01-16T01:55:59.892+0000] {processor.py:766} INFO - DAG(s) dict_keys(['example_weekday_branch_operator']) retrieved from /home/airflow/.local/lib/python3.7/site-packages/airflow/example_dags/example_branch_day_of_week_operator.py
[2023-01-16T01:55:59.996+0000] {logging_mixin.py:120} INFO - [2023-01-16T01:55:59.995+0000] {dag.py:2585} INFO - Sync 1 DAGs
[2023-01-16T01:56:00.122+0000] {logging_mixin.py:120} INFO - [2023-01-16T01:56:00.122+0000] {dag.py:3340} INFO - Setting next_dagrun for example_weekday_branch_operator to 2023-01-15T00:00:00+00:00, run_after=2023-01-16T00:00:00+00:00
[2023-01-16T01:56:00.281+0000] {processor.py:176} INFO - Processing /home/airflow/.local/lib/python3.7/site-packages/airflow/example_dags/example_branch_day_of_week_operator.py took 0.476 seconds
[2023-01-16T01:56:30.754+0000] {processor.py:154} INFO - Started process (PID=22142) to work on /home/airflow/.local/lib/python3.7/site-packages/airflow/example_dags/example_branch_day_of_week_operator.py
[2023-01-16T01:56:30.756+0000] {processor.py:756} INFO - Processing file /home/airflow/.local/lib/python3.7/site-packages/airflow/example_dags/example_branch_day_of_week_operator.py for tasks to queue
[2023-01-16T01:56:30.758+0000] {logging_mixin.py:120} INFO - [2023-01-16T01:56:30.758+0000] {dagbag.py:537} INFO - Filling up the DagBag from /home/airflow/.local/lib/python3.7/site-packages/airflow/example_dags/example_branch_day_of_week_operator.py
[2023-01-16T01:56:30.791+0000] {processor.py:766} INFO - DAG(s) dict_keys(['example_weekday_branch_operator']) retrieved from /home/airflow/.local/lib/python3.7/site-packages/airflow/example_dags/example_branch_day_of_week_operator.py
[2023-01-16T01:56:30.886+0000] {logging_mixin.py:120} INFO - [2023-01-16T01:56:30.883+0000] {dag.py:2585} INFO - Sync 1 DAGs
[2023-01-16T01:56:30.989+0000] {logging_mixin.py:120} INFO - [2023-01-16T01:56:30.988+0000] {dag.py:3340} INFO - Setting next_dagrun for example_weekday_branch_operator to 2023-01-15T00:00:00+00:00, run_after=2023-01-16T00:00:00+00:00
[2023-01-16T01:56:31.079+0000] {processor.py:176} INFO - Processing /home/airflow/.local/lib/python3.7/site-packages/airflow/example_dags/example_branch_day_of_week_operator.py took 0.337 seconds
[2023-01-16T01:57:01.539+0000] {processor.py:154} INFO - Started process (PID=22199) to work on /home/airflow/.local/lib/python3.7/site-packages/airflow/example_dags/example_branch_day_of_week_operator.py
[2023-01-16T01:57:01.540+0000] {processor.py:756} INFO - Processing file /home/airflow/.local/lib/python3.7/site-packages/airflow/example_dags/example_branch_day_of_week_operator.py for tasks to queue
[2023-01-16T01:57:01.542+0000] {logging_mixin.py:120} INFO - [2023-01-16T01:57:01.542+0000] {dagbag.py:537} INFO - Filling up the DagBag from /home/airflow/.local/lib/python3.7/site-packages/airflow/example_dags/example_branch_day_of_week_operator.py
[2023-01-16T01:57:01.557+0000] {processor.py:766} INFO - DAG(s) dict_keys(['example_weekday_branch_operator']) retrieved from /home/airflow/.local/lib/python3.7/site-packages/airflow/example_dags/example_branch_day_of_week_operator.py
[2023-01-16T01:57:01.605+0000] {logging_mixin.py:120} INFO - [2023-01-16T01:57:01.604+0000] {dag.py:2585} INFO - Sync 1 DAGs
[2023-01-16T01:57:01.663+0000] {logging_mixin.py:120} INFO - [2023-01-16T01:57:01.662+0000] {dag.py:3340} INFO - Setting next_dagrun for example_weekday_branch_operator to 2023-01-15T00:00:00+00:00, run_after=2023-01-16T00:00:00+00:00
[2023-01-16T01:57:01.751+0000] {processor.py:176} INFO - Processing /home/airflow/.local/lib/python3.7/site-packages/airflow/example_dags/example_branch_day_of_week_operator.py took 0.219 seconds
[2023-01-16T01:57:32.109+0000] {processor.py:154} INFO - Started process (PID=22257) to work on /home/airflow/.local/lib/python3.7/site-packages/airflow/example_dags/example_branch_day_of_week_operator.py
[2023-01-16T01:57:32.111+0000] {processor.py:756} INFO - Processing file /home/airflow/.local/lib/python3.7/site-packages/airflow/example_dags/example_branch_day_of_week_operator.py for tasks to queue
[2023-01-16T01:57:32.114+0000] {logging_mixin.py:120} INFO - [2023-01-16T01:57:32.113+0000] {dagbag.py:537} INFO - Filling up the DagBag from /home/airflow/.local/lib/python3.7/site-packages/airflow/example_dags/example_branch_day_of_week_operator.py
[2023-01-16T01:57:32.144+0000] {processor.py:766} INFO - DAG(s) dict_keys(['example_weekday_branch_operator']) retrieved from /home/airflow/.local/lib/python3.7/site-packages/airflow/example_dags/example_branch_day_of_week_operator.py
[2023-01-16T01:57:32.207+0000] {logging_mixin.py:120} INFO - [2023-01-16T01:57:32.207+0000] {dag.py:2585} INFO - Sync 1 DAGs
[2023-01-16T01:57:32.263+0000] {logging_mixin.py:120} INFO - [2023-01-16T01:57:32.262+0000] {dag.py:3340} INFO - Setting next_dagrun for example_weekday_branch_operator to 2023-01-15T00:00:00+00:00, run_after=2023-01-16T00:00:00+00:00
[2023-01-16T01:57:32.301+0000] {processor.py:176} INFO - Processing /home/airflow/.local/lib/python3.7/site-packages/airflow/example_dags/example_branch_day_of_week_operator.py took 0.205 seconds
[2023-01-16T01:58:02.510+0000] {processor.py:154} INFO - Started process (PID=22324) to work on /home/airflow/.local/lib/python3.7/site-packages/airflow/example_dags/example_branch_day_of_week_operator.py
[2023-01-16T01:58:02.511+0000] {processor.py:756} INFO - Processing file /home/airflow/.local/lib/python3.7/site-packages/airflow/example_dags/example_branch_day_of_week_operator.py for tasks to queue
[2023-01-16T01:58:02.513+0000] {logging_mixin.py:120} INFO - [2023-01-16T01:58:02.513+0000] {dagbag.py:537} INFO - Filling up the DagBag from /home/airflow/.local/lib/python3.7/site-packages/airflow/example_dags/example_branch_day_of_week_operator.py
[2023-01-16T01:58:02.530+0000] {processor.py:766} INFO - DAG(s) dict_keys(['example_weekday_branch_operator']) retrieved from /home/airflow/.local/lib/python3.7/site-packages/airflow/example_dags/example_branch_day_of_week_operator.py
[2023-01-16T01:58:02.598+0000] {logging_mixin.py:120} INFO - [2023-01-16T01:58:02.597+0000] {dag.py:2585} INFO - Sync 1 DAGs
[2023-01-16T01:58:02.656+0000] {logging_mixin.py:120} INFO - [2023-01-16T01:58:02.655+0000] {dag.py:3340} INFO - Setting next_dagrun for example_weekday_branch_operator to 2023-01-15T00:00:00+00:00, run_after=2023-01-16T00:00:00+00:00
[2023-01-16T01:58:02.704+0000] {processor.py:176} INFO - Processing /home/airflow/.local/lib/python3.7/site-packages/airflow/example_dags/example_branch_day_of_week_operator.py took 0.199 seconds
[2023-01-16T01:58:33.151+0000] {processor.py:154} INFO - Started process (PID=22381) to work on /home/airflow/.local/lib/python3.7/site-packages/airflow/example_dags/example_branch_day_of_week_operator.py
[2023-01-16T01:58:33.152+0000] {processor.py:756} INFO - Processing file /home/airflow/.local/lib/python3.7/site-packages/airflow/example_dags/example_branch_day_of_week_operator.py for tasks to queue
[2023-01-16T01:58:33.154+0000] {logging_mixin.py:120} INFO - [2023-01-16T01:58:33.153+0000] {dagbag.py:537} INFO - Filling up the DagBag from /home/airflow/.local/lib/python3.7/site-packages/airflow/example_dags/example_branch_day_of_week_operator.py
[2023-01-16T01:58:33.174+0000] {processor.py:766} INFO - DAG(s) dict_keys(['example_weekday_branch_operator']) retrieved from /home/airflow/.local/lib/python3.7/site-packages/airflow/example_dags/example_branch_day_of_week_operator.py
[2023-01-16T01:58:33.207+0000] {logging_mixin.py:120} INFO - [2023-01-16T01:58:33.207+0000] {dag.py:2585} INFO - Sync 1 DAGs
[2023-01-16T01:58:33.244+0000] {logging_mixin.py:120} INFO - [2023-01-16T01:58:33.243+0000] {dag.py:3340} INFO - Setting next_dagrun for example_weekday_branch_operator to 2023-01-15T00:00:00+00:00, run_after=2023-01-16T00:00:00+00:00
[2023-01-16T01:58:33.278+0000] {processor.py:176} INFO - Processing /home/airflow/.local/lib/python3.7/site-packages/airflow/example_dags/example_branch_day_of_week_operator.py took 0.134 seconds
[2023-01-16T01:59:03.679+0000] {processor.py:154} INFO - Started process (PID=22447) to work on /home/airflow/.local/lib/python3.7/site-packages/airflow/example_dags/example_branch_day_of_week_operator.py
[2023-01-16T01:59:03.680+0000] {processor.py:756} INFO - Processing file /home/airflow/.local/lib/python3.7/site-packages/airflow/example_dags/example_branch_day_of_week_operator.py for tasks to queue
[2023-01-16T01:59:03.681+0000] {logging_mixin.py:120} INFO - [2023-01-16T01:59:03.681+0000] {dagbag.py:537} INFO - Filling up the DagBag from /home/airflow/.local/lib/python3.7/site-packages/airflow/example_dags/example_branch_day_of_week_operator.py
[2023-01-16T01:59:03.692+0000] {processor.py:766} INFO - DAG(s) dict_keys(['example_weekday_branch_operator']) retrieved from /home/airflow/.local/lib/python3.7/site-packages/airflow/example_dags/example_branch_day_of_week_operator.py
[2023-01-16T01:59:03.715+0000] {logging_mixin.py:120} INFO - [2023-01-16T01:59:03.715+0000] {dag.py:2585} INFO - Sync 1 DAGs
[2023-01-16T01:59:03.737+0000] {logging_mixin.py:120} INFO - [2023-01-16T01:59:03.736+0000] {dag.py:3340} INFO - Setting next_dagrun for example_weekday_branch_operator to 2023-01-15T00:00:00+00:00, run_after=2023-01-16T00:00:00+00:00
[2023-01-16T01:59:03.770+0000] {processor.py:176} INFO - Processing /home/airflow/.local/lib/python3.7/site-packages/airflow/example_dags/example_branch_day_of_week_operator.py took 0.096 seconds
[2023-01-16T01:59:34.068+0000] {processor.py:154} INFO - Started process (PID=22504) to work on /home/airflow/.local/lib/python3.7/site-packages/airflow/example_dags/example_branch_day_of_week_operator.py
[2023-01-16T01:59:34.070+0000] {processor.py:756} INFO - Processing file /home/airflow/.local/lib/python3.7/site-packages/airflow/example_dags/example_branch_day_of_week_operator.py for tasks to queue
[2023-01-16T01:59:34.072+0000] {logging_mixin.py:120} INFO - [2023-01-16T01:59:34.072+0000] {dagbag.py:537} INFO - Filling up the DagBag from /home/airflow/.local/lib/python3.7/site-packages/airflow/example_dags/example_branch_day_of_week_operator.py
[2023-01-16T01:59:34.102+0000] {processor.py:766} INFO - DAG(s) dict_keys(['example_weekday_branch_operator']) retrieved from /home/airflow/.local/lib/python3.7/site-packages/airflow/example_dags/example_branch_day_of_week_operator.py
[2023-01-16T01:59:34.179+0000] {logging_mixin.py:120} INFO - [2023-01-16T01:59:34.179+0000] {dag.py:2585} INFO - Sync 1 DAGs
[2023-01-16T01:59:34.254+0000] {logging_mixin.py:120} INFO - [2023-01-16T01:59:34.254+0000] {dag.py:3340} INFO - Setting next_dagrun for example_weekday_branch_operator to 2023-01-15T00:00:00+00:00, run_after=2023-01-16T00:00:00+00:00
[2023-01-16T01:59:34.314+0000] {processor.py:176} INFO - Processing /home/airflow/.local/lib/python3.7/site-packages/airflow/example_dags/example_branch_day_of_week_operator.py took 0.253 seconds
[2023-01-16T02:00:04.801+0000] {processor.py:154} INFO - Started process (PID=22571) to work on /home/airflow/.local/lib/python3.7/site-packages/airflow/example_dags/example_branch_day_of_week_operator.py
[2023-01-16T02:00:04.803+0000] {processor.py:756} INFO - Processing file /home/airflow/.local/lib/python3.7/site-packages/airflow/example_dags/example_branch_day_of_week_operator.py for tasks to queue
[2023-01-16T02:00:04.805+0000] {logging_mixin.py:120} INFO - [2023-01-16T02:00:04.805+0000] {dagbag.py:537} INFO - Filling up the DagBag from /home/airflow/.local/lib/python3.7/site-packages/airflow/example_dags/example_branch_day_of_week_operator.py
[2023-01-16T02:00:04.826+0000] {processor.py:766} INFO - DAG(s) dict_keys(['example_weekday_branch_operator']) retrieved from /home/airflow/.local/lib/python3.7/site-packages/airflow/example_dags/example_branch_day_of_week_operator.py
[2023-01-16T02:00:04.925+0000] {logging_mixin.py:120} INFO - [2023-01-16T02:00:04.924+0000] {dag.py:2585} INFO - Sync 1 DAGs
[2023-01-16T02:00:04.992+0000] {logging_mixin.py:120} INFO - [2023-01-16T02:00:04.992+0000] {dag.py:3340} INFO - Setting next_dagrun for example_weekday_branch_operator to 2023-01-15T00:00:00+00:00, run_after=2023-01-16T00:00:00+00:00
[2023-01-16T02:00:05.048+0000] {processor.py:176} INFO - Processing /home/airflow/.local/lib/python3.7/site-packages/airflow/example_dags/example_branch_day_of_week_operator.py took 0.260 seconds
[2023-01-16T02:00:35.114+0000] {processor.py:154} INFO - Started process (PID=22627) to work on /home/airflow/.local/lib/python3.7/site-packages/airflow/example_dags/example_branch_day_of_week_operator.py
[2023-01-16T02:00:35.115+0000] {processor.py:756} INFO - Processing file /home/airflow/.local/lib/python3.7/site-packages/airflow/example_dags/example_branch_day_of_week_operator.py for tasks to queue
[2023-01-16T02:00:35.117+0000] {logging_mixin.py:120} INFO - [2023-01-16T02:00:35.117+0000] {dagbag.py:537} INFO - Filling up the DagBag from /home/airflow/.local/lib/python3.7/site-packages/airflow/example_dags/example_branch_day_of_week_operator.py
[2023-01-16T02:00:35.131+0000] {processor.py:766} INFO - DAG(s) dict_keys(['example_weekday_branch_operator']) retrieved from /home/airflow/.local/lib/python3.7/site-packages/airflow/example_dags/example_branch_day_of_week_operator.py
[2023-01-16T02:00:35.168+0000] {logging_mixin.py:120} INFO - [2023-01-16T02:00:35.168+0000] {dag.py:2585} INFO - Sync 1 DAGs
[2023-01-16T02:00:35.198+0000] {logging_mixin.py:120} INFO - [2023-01-16T02:00:35.197+0000] {dag.py:3340} INFO - Setting next_dagrun for example_weekday_branch_operator to 2023-01-15T00:00:00+00:00, run_after=2023-01-16T00:00:00+00:00
[2023-01-16T02:00:35.226+0000] {processor.py:176} INFO - Processing /home/airflow/.local/lib/python3.7/site-packages/airflow/example_dags/example_branch_day_of_week_operator.py took 0.117 seconds
[2023-01-16T02:01:05.568+0000] {processor.py:154} INFO - Started process (PID=22697) to work on /home/airflow/.local/lib/python3.7/site-packages/airflow/example_dags/example_branch_day_of_week_operator.py
[2023-01-16T02:01:05.569+0000] {processor.py:756} INFO - Processing file /home/airflow/.local/lib/python3.7/site-packages/airflow/example_dags/example_branch_day_of_week_operator.py for tasks to queue
[2023-01-16T02:01:05.570+0000] {logging_mixin.py:120} INFO - [2023-01-16T02:01:05.570+0000] {dagbag.py:537} INFO - Filling up the DagBag from /home/airflow/.local/lib/python3.7/site-packages/airflow/example_dags/example_branch_day_of_week_operator.py
[2023-01-16T02:01:05.581+0000] {processor.py:766} INFO - DAG(s) dict_keys(['example_weekday_branch_operator']) retrieved from /home/airflow/.local/lib/python3.7/site-packages/airflow/example_dags/example_branch_day_of_week_operator.py
[2023-01-16T02:01:05.613+0000] {logging_mixin.py:120} INFO - [2023-01-16T02:01:05.613+0000] {dag.py:2585} INFO - Sync 1 DAGs
[2023-01-16T02:01:05.639+0000] {logging_mixin.py:120} INFO - [2023-01-16T02:01:05.639+0000] {dag.py:3340} INFO - Setting next_dagrun for example_weekday_branch_operator to 2023-01-15T00:00:00+00:00, run_after=2023-01-16T00:00:00+00:00
[2023-01-16T02:01:05.658+0000] {processor.py:176} INFO - Processing /home/airflow/.local/lib/python3.7/site-packages/airflow/example_dags/example_branch_day_of_week_operator.py took 0.095 seconds
[2023-01-16T02:01:36.061+0000] {processor.py:154} INFO - Started process (PID=22766) to work on /home/airflow/.local/lib/python3.7/site-packages/airflow/example_dags/example_branch_day_of_week_operator.py
[2023-01-16T02:01:36.063+0000] {processor.py:756} INFO - Processing file /home/airflow/.local/lib/python3.7/site-packages/airflow/example_dags/example_branch_day_of_week_operator.py for tasks to queue
[2023-01-16T02:01:36.065+0000] {logging_mixin.py:120} INFO - [2023-01-16T02:01:36.065+0000] {dagbag.py:537} INFO - Filling up the DagBag from /home/airflow/.local/lib/python3.7/site-packages/airflow/example_dags/example_branch_day_of_week_operator.py
[2023-01-16T02:01:36.083+0000] {processor.py:766} INFO - DAG(s) dict_keys(['example_weekday_branch_operator']) retrieved from /home/airflow/.local/lib/python3.7/site-packages/airflow/example_dags/example_branch_day_of_week_operator.py
[2023-01-16T02:01:36.128+0000] {logging_mixin.py:120} INFO - [2023-01-16T02:01:36.127+0000] {dag.py:2585} INFO - Sync 1 DAGs
[2023-01-16T02:01:36.171+0000] {logging_mixin.py:120} INFO - [2023-01-16T02:01:36.170+0000] {dag.py:3340} INFO - Setting next_dagrun for example_weekday_branch_operator to 2023-01-15T00:00:00+00:00, run_after=2023-01-16T00:00:00+00:00
[2023-01-16T02:01:36.211+0000] {processor.py:176} INFO - Processing /home/airflow/.local/lib/python3.7/site-packages/airflow/example_dags/example_branch_day_of_week_operator.py took 0.157 seconds
