[2023-01-16T01:56:00.413+0000] {processor.py:154} INFO - Started process (PID=22087) to work on /home/airflow/.local/lib/python3.7/site-packages/airflow/example_dags/example_latest_only.py
[2023-01-16T01:56:00.415+0000] {processor.py:756} INFO - Processing file /home/airflow/.local/lib/python3.7/site-packages/airflow/example_dags/example_latest_only.py for tasks to queue
[2023-01-16T01:56:00.427+0000] {logging_mixin.py:120} INFO - [2023-01-16T01:56:00.427+0000] {dagbag.py:537} INFO - Filling up the DagBag from /home/airflow/.local/lib/python3.7/site-packages/airflow/example_dags/example_latest_only.py
[2023-01-16T01:56:00.487+0000] {processor.py:766} INFO - DAG(s) dict_keys(['latest_only']) retrieved from /home/airflow/.local/lib/python3.7/site-packages/airflow/example_dags/example_latest_only.py
[2023-01-16T01:56:00.652+0000] {logging_mixin.py:120} INFO - [2023-01-16T01:56:00.651+0000] {dag.py:2585} INFO - Sync 1 DAGs
[2023-01-16T01:56:00.797+0000] {logging_mixin.py:120} INFO - [2023-01-16T01:56:00.796+0000] {dag.py:3340} INFO - Setting next_dagrun for latest_only to 2023-01-15T21:56:00.796074+00:00, run_after=2023-01-16T01:56:00.796074+00:00
[2023-01-16T01:56:00.967+0000] {processor.py:176} INFO - Processing /home/airflow/.local/lib/python3.7/site-packages/airflow/example_dags/example_latest_only.py took 0.566 seconds
[2023-01-16T01:56:31.228+0000] {processor.py:154} INFO - Started process (PID=22144) to work on /home/airflow/.local/lib/python3.7/site-packages/airflow/example_dags/example_latest_only.py
[2023-01-16T01:56:31.233+0000] {processor.py:756} INFO - Processing file /home/airflow/.local/lib/python3.7/site-packages/airflow/example_dags/example_latest_only.py for tasks to queue
[2023-01-16T01:56:31.237+0000] {logging_mixin.py:120} INFO - [2023-01-16T01:56:31.236+0000] {dagbag.py:537} INFO - Filling up the DagBag from /home/airflow/.local/lib/python3.7/site-packages/airflow/example_dags/example_latest_only.py
[2023-01-16T01:56:31.268+0000] {processor.py:766} INFO - DAG(s) dict_keys(['latest_only']) retrieved from /home/airflow/.local/lib/python3.7/site-packages/airflow/example_dags/example_latest_only.py
[2023-01-16T01:56:31.358+0000] {logging_mixin.py:120} INFO - [2023-01-16T01:56:31.357+0000] {dag.py:2585} INFO - Sync 1 DAGs
[2023-01-16T01:56:31.454+0000] {logging_mixin.py:120} INFO - [2023-01-16T01:56:31.454+0000] {dag.py:3340} INFO - Setting next_dagrun for latest_only to 2023-01-15T21:56:31.453914+00:00, run_after=2023-01-16T01:56:31.453914+00:00
[2023-01-16T01:56:31.551+0000] {processor.py:176} INFO - Processing /home/airflow/.local/lib/python3.7/site-packages/airflow/example_dags/example_latest_only.py took 0.339 seconds
[2023-01-16T01:57:02.075+0000] {processor.py:154} INFO - Started process (PID=22201) to work on /home/airflow/.local/lib/python3.7/site-packages/airflow/example_dags/example_latest_only.py
[2023-01-16T01:57:02.077+0000] {processor.py:756} INFO - Processing file /home/airflow/.local/lib/python3.7/site-packages/airflow/example_dags/example_latest_only.py for tasks to queue
[2023-01-16T01:57:02.079+0000] {logging_mixin.py:120} INFO - [2023-01-16T01:57:02.078+0000] {dagbag.py:537} INFO - Filling up the DagBag from /home/airflow/.local/lib/python3.7/site-packages/airflow/example_dags/example_latest_only.py
[2023-01-16T01:57:02.089+0000] {processor.py:766} INFO - DAG(s) dict_keys(['latest_only']) retrieved from /home/airflow/.local/lib/python3.7/site-packages/airflow/example_dags/example_latest_only.py
[2023-01-16T01:57:02.136+0000] {logging_mixin.py:120} INFO - [2023-01-16T01:57:02.136+0000] {dag.py:2585} INFO - Sync 1 DAGs
[2023-01-16T01:57:02.203+0000] {logging_mixin.py:120} INFO - [2023-01-16T01:57:02.203+0000] {dag.py:3340} INFO - Setting next_dagrun for latest_only to 2023-01-15T21:57:02.202904+00:00, run_after=2023-01-16T01:57:02.202904+00:00
[2023-01-16T01:57:02.249+0000] {processor.py:176} INFO - Processing /home/airflow/.local/lib/python3.7/site-packages/airflow/example_dags/example_latest_only.py took 0.179 seconds
[2023-01-16T01:57:32.595+0000] {processor.py:154} INFO - Started process (PID=22259) to work on /home/airflow/.local/lib/python3.7/site-packages/airflow/example_dags/example_latest_only.py
[2023-01-16T01:57:32.597+0000] {processor.py:756} INFO - Processing file /home/airflow/.local/lib/python3.7/site-packages/airflow/example_dags/example_latest_only.py for tasks to queue
[2023-01-16T01:57:32.598+0000] {logging_mixin.py:120} INFO - [2023-01-16T01:57:32.598+0000] {dagbag.py:537} INFO - Filling up the DagBag from /home/airflow/.local/lib/python3.7/site-packages/airflow/example_dags/example_latest_only.py
[2023-01-16T01:57:32.613+0000] {processor.py:766} INFO - DAG(s) dict_keys(['latest_only']) retrieved from /home/airflow/.local/lib/python3.7/site-packages/airflow/example_dags/example_latest_only.py
[2023-01-16T01:57:32.652+0000] {logging_mixin.py:120} INFO - [2023-01-16T01:57:32.652+0000] {dag.py:2585} INFO - Sync 1 DAGs
[2023-01-16T01:57:32.699+0000] {logging_mixin.py:120} INFO - [2023-01-16T01:57:32.698+0000] {dag.py:3340} INFO - Setting next_dagrun for latest_only to 2023-01-15T21:57:32.697881+00:00, run_after=2023-01-16T01:57:32.697881+00:00
[2023-01-16T01:57:32.737+0000] {processor.py:176} INFO - Processing /home/airflow/.local/lib/python3.7/site-packages/airflow/example_dags/example_latest_only.py took 0.148 seconds
[2023-01-16T01:58:02.794+0000] {processor.py:154} INFO - Started process (PID=22326) to work on /home/airflow/.local/lib/python3.7/site-packages/airflow/example_dags/example_latest_only.py
[2023-01-16T01:58:02.795+0000] {processor.py:756} INFO - Processing file /home/airflow/.local/lib/python3.7/site-packages/airflow/example_dags/example_latest_only.py for tasks to queue
[2023-01-16T01:58:02.797+0000] {logging_mixin.py:120} INFO - [2023-01-16T01:58:02.796+0000] {dagbag.py:537} INFO - Filling up the DagBag from /home/airflow/.local/lib/python3.7/site-packages/airflow/example_dags/example_latest_only.py
[2023-01-16T01:58:02.811+0000] {processor.py:766} INFO - DAG(s) dict_keys(['latest_only']) retrieved from /home/airflow/.local/lib/python3.7/site-packages/airflow/example_dags/example_latest_only.py
[2023-01-16T01:58:02.849+0000] {logging_mixin.py:120} INFO - [2023-01-16T01:58:02.848+0000] {dag.py:2585} INFO - Sync 1 DAGs
[2023-01-16T01:58:02.887+0000] {logging_mixin.py:120} INFO - [2023-01-16T01:58:02.887+0000] {dag.py:3340} INFO - Setting next_dagrun for latest_only to 2023-01-15T21:58:02.887102+00:00, run_after=2023-01-16T01:58:02.887102+00:00
[2023-01-16T01:58:02.924+0000] {processor.py:176} INFO - Processing /home/airflow/.local/lib/python3.7/site-packages/airflow/example_dags/example_latest_only.py took 0.137 seconds
[2023-01-16T01:58:33.517+0000] {processor.py:154} INFO - Started process (PID=22383) to work on /home/airflow/.local/lib/python3.7/site-packages/airflow/example_dags/example_latest_only.py
[2023-01-16T01:58:33.518+0000] {processor.py:756} INFO - Processing file /home/airflow/.local/lib/python3.7/site-packages/airflow/example_dags/example_latest_only.py for tasks to queue
[2023-01-16T01:58:33.519+0000] {logging_mixin.py:120} INFO - [2023-01-16T01:58:33.519+0000] {dagbag.py:537} INFO - Filling up the DagBag from /home/airflow/.local/lib/python3.7/site-packages/airflow/example_dags/example_latest_only.py
[2023-01-16T01:58:33.530+0000] {processor.py:766} INFO - DAG(s) dict_keys(['latest_only']) retrieved from /home/airflow/.local/lib/python3.7/site-packages/airflow/example_dags/example_latest_only.py
[2023-01-16T01:58:33.560+0000] {logging_mixin.py:120} INFO - [2023-01-16T01:58:33.560+0000] {dag.py:2585} INFO - Sync 1 DAGs
[2023-01-16T01:58:33.592+0000] {logging_mixin.py:120} INFO - [2023-01-16T01:58:33.592+0000] {dag.py:3340} INFO - Setting next_dagrun for latest_only to 2023-01-15T21:58:33.591891+00:00, run_after=2023-01-16T01:58:33.591891+00:00
[2023-01-16T01:58:33.627+0000] {processor.py:176} INFO - Processing /home/airflow/.local/lib/python3.7/site-packages/airflow/example_dags/example_latest_only.py took 0.115 seconds
[2023-01-16T01:59:03.912+0000] {processor.py:154} INFO - Started process (PID=22449) to work on /home/airflow/.local/lib/python3.7/site-packages/airflow/example_dags/example_latest_only.py
[2023-01-16T01:59:03.913+0000] {processor.py:756} INFO - Processing file /home/airflow/.local/lib/python3.7/site-packages/airflow/example_dags/example_latest_only.py for tasks to queue
[2023-01-16T01:59:03.914+0000] {logging_mixin.py:120} INFO - [2023-01-16T01:59:03.914+0000] {dagbag.py:537} INFO - Filling up the DagBag from /home/airflow/.local/lib/python3.7/site-packages/airflow/example_dags/example_latest_only.py
[2023-01-16T01:59:03.924+0000] {processor.py:766} INFO - DAG(s) dict_keys(['latest_only']) retrieved from /home/airflow/.local/lib/python3.7/site-packages/airflow/example_dags/example_latest_only.py
[2023-01-16T01:59:03.949+0000] {logging_mixin.py:120} INFO - [2023-01-16T01:59:03.949+0000] {dag.py:2585} INFO - Sync 1 DAGs
[2023-01-16T01:59:03.980+0000] {logging_mixin.py:120} INFO - [2023-01-16T01:59:03.980+0000] {dag.py:3340} INFO - Setting next_dagrun for latest_only to 2023-01-15T21:59:03.980137+00:00, run_after=2023-01-16T01:59:03.980137+00:00
[2023-01-16T01:59:04.006+0000] {processor.py:176} INFO - Processing /home/airflow/.local/lib/python3.7/site-packages/airflow/example_dags/example_latest_only.py took 0.101 seconds
[2023-01-16T01:59:34.392+0000] {processor.py:154} INFO - Started process (PID=22506) to work on /home/airflow/.local/lib/python3.7/site-packages/airflow/example_dags/example_latest_only.py
[2023-01-16T01:59:34.394+0000] {processor.py:756} INFO - Processing file /home/airflow/.local/lib/python3.7/site-packages/airflow/example_dags/example_latest_only.py for tasks to queue
[2023-01-16T01:59:34.396+0000] {logging_mixin.py:120} INFO - [2023-01-16T01:59:34.396+0000] {dagbag.py:537} INFO - Filling up the DagBag from /home/airflow/.local/lib/python3.7/site-packages/airflow/example_dags/example_latest_only.py
[2023-01-16T01:59:34.421+0000] {processor.py:766} INFO - DAG(s) dict_keys(['latest_only']) retrieved from /home/airflow/.local/lib/python3.7/site-packages/airflow/example_dags/example_latest_only.py
[2023-01-16T01:59:34.464+0000] {logging_mixin.py:120} INFO - [2023-01-16T01:59:34.464+0000] {dag.py:2585} INFO - Sync 1 DAGs
[2023-01-16T01:59:34.513+0000] {logging_mixin.py:120} INFO - [2023-01-16T01:59:34.513+0000] {dag.py:3340} INFO - Setting next_dagrun for latest_only to 2023-01-15T21:59:34.512835+00:00, run_after=2023-01-16T01:59:34.512835+00:00
[2023-01-16T01:59:34.573+0000] {processor.py:176} INFO - Processing /home/airflow/.local/lib/python3.7/site-packages/airflow/example_dags/example_latest_only.py took 0.191 seconds
[2023-01-16T02:00:05.474+0000] {processor.py:154} INFO - Started process (PID=22573) to work on /home/airflow/.local/lib/python3.7/site-packages/airflow/example_dags/example_latest_only.py
[2023-01-16T02:00:05.475+0000] {processor.py:756} INFO - Processing file /home/airflow/.local/lib/python3.7/site-packages/airflow/example_dags/example_latest_only.py for tasks to queue
[2023-01-16T02:00:05.477+0000] {logging_mixin.py:120} INFO - [2023-01-16T02:00:05.476+0000] {dagbag.py:537} INFO - Filling up the DagBag from /home/airflow/.local/lib/python3.7/site-packages/airflow/example_dags/example_latest_only.py
[2023-01-16T02:00:05.487+0000] {processor.py:766} INFO - DAG(s) dict_keys(['latest_only']) retrieved from /home/airflow/.local/lib/python3.7/site-packages/airflow/example_dags/example_latest_only.py
[2023-01-16T02:00:05.524+0000] {logging_mixin.py:120} INFO - [2023-01-16T02:00:05.523+0000] {dag.py:2585} INFO - Sync 1 DAGs
[2023-01-16T02:00:05.571+0000] {logging_mixin.py:120} INFO - [2023-01-16T02:00:05.571+0000] {dag.py:3340} INFO - Setting next_dagrun for latest_only to 2023-01-15T22:00:05.570998+00:00, run_after=2023-01-16T02:00:05.570998+00:00
[2023-01-16T02:00:05.618+0000] {processor.py:176} INFO - Processing /home/airflow/.local/lib/python3.7/site-packages/airflow/example_dags/example_latest_only.py took 0.153 seconds
[2023-01-16T02:00:36.306+0000] {processor.py:154} INFO - Started process (PID=22637) to work on /home/airflow/.local/lib/python3.7/site-packages/airflow/example_dags/example_latest_only.py
[2023-01-16T02:00:36.307+0000] {processor.py:756} INFO - Processing file /home/airflow/.local/lib/python3.7/site-packages/airflow/example_dags/example_latest_only.py for tasks to queue
[2023-01-16T02:00:36.309+0000] {logging_mixin.py:120} INFO - [2023-01-16T02:00:36.309+0000] {dagbag.py:537} INFO - Filling up the DagBag from /home/airflow/.local/lib/python3.7/site-packages/airflow/example_dags/example_latest_only.py
[2023-01-16T02:00:36.320+0000] {processor.py:766} INFO - DAG(s) dict_keys(['latest_only']) retrieved from /home/airflow/.local/lib/python3.7/site-packages/airflow/example_dags/example_latest_only.py
[2023-01-16T02:00:36.347+0000] {logging_mixin.py:120} INFO - [2023-01-16T02:00:36.346+0000] {dag.py:2585} INFO - Sync 1 DAGs
[2023-01-16T02:00:36.373+0000] {logging_mixin.py:120} INFO - [2023-01-16T02:00:36.372+0000] {dag.py:3340} INFO - Setting next_dagrun for latest_only to 2023-01-15T22:00:36.372521+00:00, run_after=2023-01-16T02:00:36.372521+00:00
[2023-01-16T02:00:36.402+0000] {processor.py:176} INFO - Processing /home/airflow/.local/lib/python3.7/site-packages/airflow/example_dags/example_latest_only.py took 0.101 seconds
[2023-01-16T02:01:06.723+0000] {processor.py:154} INFO - Started process (PID=22699) to work on /home/airflow/.local/lib/python3.7/site-packages/airflow/example_dags/example_latest_only.py
[2023-01-16T02:01:06.725+0000] {processor.py:756} INFO - Processing file /home/airflow/.local/lib/python3.7/site-packages/airflow/example_dags/example_latest_only.py for tasks to queue
[2023-01-16T02:01:06.729+0000] {logging_mixin.py:120} INFO - [2023-01-16T02:01:06.728+0000] {dagbag.py:537} INFO - Filling up the DagBag from /home/airflow/.local/lib/python3.7/site-packages/airflow/example_dags/example_latest_only.py
[2023-01-16T02:01:06.758+0000] {processor.py:766} INFO - DAG(s) dict_keys(['latest_only']) retrieved from /home/airflow/.local/lib/python3.7/site-packages/airflow/example_dags/example_latest_only.py
[2023-01-16T02:01:06.818+0000] {logging_mixin.py:120} INFO - [2023-01-16T02:01:06.817+0000] {dag.py:2585} INFO - Sync 1 DAGs
[2023-01-16T02:01:06.890+0000] {logging_mixin.py:120} INFO - [2023-01-16T02:01:06.890+0000] {dag.py:3340} INFO - Setting next_dagrun for latest_only to 2023-01-15T22:01:06.890091+00:00, run_after=2023-01-16T02:01:06.890091+00:00
[2023-01-16T02:01:06.945+0000] {processor.py:176} INFO - Processing /home/airflow/.local/lib/python3.7/site-packages/airflow/example_dags/example_latest_only.py took 0.235 seconds
[2023-01-16T02:01:37.074+0000] {processor.py:154} INFO - Started process (PID=22768) to work on /home/airflow/.local/lib/python3.7/site-packages/airflow/example_dags/example_latest_only.py
[2023-01-16T02:01:37.077+0000] {processor.py:756} INFO - Processing file /home/airflow/.local/lib/python3.7/site-packages/airflow/example_dags/example_latest_only.py for tasks to queue
[2023-01-16T02:01:37.079+0000] {logging_mixin.py:120} INFO - [2023-01-16T02:01:37.079+0000] {dagbag.py:537} INFO - Filling up the DagBag from /home/airflow/.local/lib/python3.7/site-packages/airflow/example_dags/example_latest_only.py
[2023-01-16T02:01:37.100+0000] {processor.py:766} INFO - DAG(s) dict_keys(['latest_only']) retrieved from /home/airflow/.local/lib/python3.7/site-packages/airflow/example_dags/example_latest_only.py
[2023-01-16T02:01:37.138+0000] {logging_mixin.py:120} INFO - [2023-01-16T02:01:37.137+0000] {dag.py:2585} INFO - Sync 1 DAGs
[2023-01-16T02:01:37.162+0000] {logging_mixin.py:120} INFO - [2023-01-16T02:01:37.162+0000] {dag.py:3340} INFO - Setting next_dagrun for latest_only to 2023-01-15T22:01:37.161832+00:00, run_after=2023-01-16T02:01:37.161832+00:00
[2023-01-16T02:01:37.185+0000] {processor.py:176} INFO - Processing /home/airflow/.local/lib/python3.7/site-packages/airflow/example_dags/example_latest_only.py took 0.119 seconds
