[2023-01-16T01:56:03.955+0000] {processor.py:154} INFO - Started process (PID=22094) to work on /home/airflow/.local/lib/python3.7/site-packages/airflow/example_dags/example_branch_datetime_operator.py
[2023-01-16T01:56:03.961+0000] {processor.py:756} INFO - Processing file /home/airflow/.local/lib/python3.7/site-packages/airflow/example_dags/example_branch_datetime_operator.py for tasks to queue
[2023-01-16T01:56:03.968+0000] {logging_mixin.py:120} INFO - [2023-01-16T01:56:03.968+0000] {dagbag.py:537} INFO - Filling up the DagBag from /home/airflow/.local/lib/python3.7/site-packages/airflow/example_dags/example_branch_datetime_operator.py
[2023-01-16T01:56:04.010+0000] {processor.py:766} INFO - DAG(s) dict_keys(['example_branch_datetime_operator_2', 'example_branch_datetime_operator', 'example_branch_datetime_operator_3']) retrieved from /home/airflow/.local/lib/python3.7/site-packages/airflow/example_dags/example_branch_datetime_operator.py
[2023-01-16T01:56:04.175+0000] {logging_mixin.py:120} INFO - [2023-01-16T01:56:04.174+0000] {dag.py:2585} INFO - Sync 3 DAGs
[2023-01-16T01:56:04.288+0000] {logging_mixin.py:120} INFO - [2023-01-16T01:56:04.287+0000] {dag.py:3340} INFO - Setting next_dagrun for example_branch_datetime_operator to 2023-01-15T00:00:00+00:00, run_after=2023-01-16T00:00:00+00:00
[2023-01-16T01:56:04.314+0000] {logging_mixin.py:120} INFO - [2023-01-16T01:56:04.313+0000] {dag.py:3340} INFO - Setting next_dagrun for example_branch_datetime_operator_2 to 2023-01-15T00:00:00+00:00, run_after=2023-01-16T00:00:00+00:00
[2023-01-16T01:56:04.336+0000] {logging_mixin.py:120} INFO - [2023-01-16T01:56:04.336+0000] {dag.py:3340} INFO - Setting next_dagrun for example_branch_datetime_operator_3 to 2023-01-15T00:00:00+00:00, run_after=2023-01-16T00:00:00+00:00
[2023-01-16T01:56:04.436+0000] {processor.py:176} INFO - Processing /home/airflow/.local/lib/python3.7/site-packages/airflow/example_dags/example_branch_datetime_operator.py took 0.518 seconds
[2023-01-16T01:56:34.659+0000] {processor.py:154} INFO - Started process (PID=22151) to work on /home/airflow/.local/lib/python3.7/site-packages/airflow/example_dags/example_branch_datetime_operator.py
[2023-01-16T01:56:34.661+0000] {processor.py:756} INFO - Processing file /home/airflow/.local/lib/python3.7/site-packages/airflow/example_dags/example_branch_datetime_operator.py for tasks to queue
[2023-01-16T01:56:34.664+0000] {logging_mixin.py:120} INFO - [2023-01-16T01:56:34.663+0000] {dagbag.py:537} INFO - Filling up the DagBag from /home/airflow/.local/lib/python3.7/site-packages/airflow/example_dags/example_branch_datetime_operator.py
[2023-01-16T01:56:34.700+0000] {processor.py:766} INFO - DAG(s) dict_keys(['example_branch_datetime_operator_3', 'example_branch_datetime_operator_2', 'example_branch_datetime_operator']) retrieved from /home/airflow/.local/lib/python3.7/site-packages/airflow/example_dags/example_branch_datetime_operator.py
[2023-01-16T01:56:34.825+0000] {logging_mixin.py:120} INFO - [2023-01-16T01:56:34.824+0000] {dag.py:2585} INFO - Sync 3 DAGs
[2023-01-16T01:56:34.920+0000] {logging_mixin.py:120} INFO - [2023-01-16T01:56:34.920+0000] {dag.py:3340} INFO - Setting next_dagrun for example_branch_datetime_operator to 2023-01-15T00:00:00+00:00, run_after=2023-01-16T00:00:00+00:00
[2023-01-16T01:56:34.936+0000] {logging_mixin.py:120} INFO - [2023-01-16T01:56:34.936+0000] {dag.py:3340} INFO - Setting next_dagrun for example_branch_datetime_operator_2 to 2023-01-15T00:00:00+00:00, run_after=2023-01-16T00:00:00+00:00
[2023-01-16T01:56:34.952+0000] {logging_mixin.py:120} INFO - [2023-01-16T01:56:34.952+0000] {dag.py:3340} INFO - Setting next_dagrun for example_branch_datetime_operator_3 to 2023-01-15T00:00:00+00:00, run_after=2023-01-16T00:00:00+00:00
[2023-01-16T01:56:35.037+0000] {processor.py:176} INFO - Processing /home/airflow/.local/lib/python3.7/site-packages/airflow/example_dags/example_branch_datetime_operator.py took 0.382 seconds
[2023-01-16T01:57:05.172+0000] {processor.py:154} INFO - Started process (PID=22208) to work on /home/airflow/.local/lib/python3.7/site-packages/airflow/example_dags/example_branch_datetime_operator.py
[2023-01-16T01:57:05.174+0000] {processor.py:756} INFO - Processing file /home/airflow/.local/lib/python3.7/site-packages/airflow/example_dags/example_branch_datetime_operator.py for tasks to queue
[2023-01-16T01:57:05.183+0000] {logging_mixin.py:120} INFO - [2023-01-16T01:57:05.179+0000] {dagbag.py:537} INFO - Filling up the DagBag from /home/airflow/.local/lib/python3.7/site-packages/airflow/example_dags/example_branch_datetime_operator.py
[2023-01-16T01:57:05.246+0000] {processor.py:766} INFO - DAG(s) dict_keys(['example_branch_datetime_operator_2', 'example_branch_datetime_operator', 'example_branch_datetime_operator_3']) retrieved from /home/airflow/.local/lib/python3.7/site-packages/airflow/example_dags/example_branch_datetime_operator.py
[2023-01-16T01:57:05.368+0000] {logging_mixin.py:120} INFO - [2023-01-16T01:57:05.367+0000] {dag.py:2585} INFO - Sync 3 DAGs
[2023-01-16T01:57:05.429+0000] {logging_mixin.py:120} INFO - [2023-01-16T01:57:05.428+0000] {dag.py:3340} INFO - Setting next_dagrun for example_branch_datetime_operator to 2023-01-15T00:00:00+00:00, run_after=2023-01-16T00:00:00+00:00
[2023-01-16T01:57:05.447+0000] {logging_mixin.py:120} INFO - [2023-01-16T01:57:05.446+0000] {dag.py:3340} INFO - Setting next_dagrun for example_branch_datetime_operator_2 to 2023-01-15T00:00:00+00:00, run_after=2023-01-16T00:00:00+00:00
[2023-01-16T01:57:05.454+0000] {logging_mixin.py:120} INFO - [2023-01-16T01:57:05.454+0000] {dag.py:3340} INFO - Setting next_dagrun for example_branch_datetime_operator_3 to 2023-01-15T00:00:00+00:00, run_after=2023-01-16T00:00:00+00:00
[2023-01-16T01:57:05.513+0000] {processor.py:176} INFO - Processing /home/airflow/.local/lib/python3.7/site-packages/airflow/example_dags/example_branch_datetime_operator.py took 0.357 seconds
[2023-01-16T01:57:36.166+0000] {processor.py:154} INFO - Started process (PID=22276) to work on /home/airflow/.local/lib/python3.7/site-packages/airflow/example_dags/example_branch_datetime_operator.py
[2023-01-16T01:57:36.167+0000] {processor.py:756} INFO - Processing file /home/airflow/.local/lib/python3.7/site-packages/airflow/example_dags/example_branch_datetime_operator.py for tasks to queue
[2023-01-16T01:57:36.172+0000] {logging_mixin.py:120} INFO - [2023-01-16T01:57:36.171+0000] {dagbag.py:537} INFO - Filling up the DagBag from /home/airflow/.local/lib/python3.7/site-packages/airflow/example_dags/example_branch_datetime_operator.py
[2023-01-16T01:57:36.203+0000] {processor.py:766} INFO - DAG(s) dict_keys(['example_branch_datetime_operator_3', 'example_branch_datetime_operator', 'example_branch_datetime_operator_2']) retrieved from /home/airflow/.local/lib/python3.7/site-packages/airflow/example_dags/example_branch_datetime_operator.py
[2023-01-16T01:57:36.308+0000] {logging_mixin.py:120} INFO - [2023-01-16T01:57:36.307+0000] {dag.py:2585} INFO - Sync 3 DAGs
[2023-01-16T01:57:36.370+0000] {logging_mixin.py:120} INFO - [2023-01-16T01:57:36.370+0000] {dag.py:3340} INFO - Setting next_dagrun for example_branch_datetime_operator to 2023-01-15T00:00:00+00:00, run_after=2023-01-16T00:00:00+00:00
[2023-01-16T01:57:36.383+0000] {logging_mixin.py:120} INFO - [2023-01-16T01:57:36.382+0000] {dag.py:3340} INFO - Setting next_dagrun for example_branch_datetime_operator_2 to 2023-01-15T00:00:00+00:00, run_after=2023-01-16T00:00:00+00:00
[2023-01-16T01:57:36.390+0000] {logging_mixin.py:120} INFO - [2023-01-16T01:57:36.389+0000] {dag.py:3340} INFO - Setting next_dagrun for example_branch_datetime_operator_3 to 2023-01-15T00:00:00+00:00, run_after=2023-01-16T00:00:00+00:00
[2023-01-16T01:57:36.450+0000] {processor.py:176} INFO - Processing /home/airflow/.local/lib/python3.7/site-packages/airflow/example_dags/example_branch_datetime_operator.py took 0.294 seconds
[2023-01-16T01:58:07.434+0000] {processor.py:154} INFO - Started process (PID=22333) to work on /home/airflow/.local/lib/python3.7/site-packages/airflow/example_dags/example_branch_datetime_operator.py
[2023-01-16T01:58:07.435+0000] {processor.py:756} INFO - Processing file /home/airflow/.local/lib/python3.7/site-packages/airflow/example_dags/example_branch_datetime_operator.py for tasks to queue
[2023-01-16T01:58:07.437+0000] {logging_mixin.py:120} INFO - [2023-01-16T01:58:07.436+0000] {dagbag.py:537} INFO - Filling up the DagBag from /home/airflow/.local/lib/python3.7/site-packages/airflow/example_dags/example_branch_datetime_operator.py
[2023-01-16T01:58:07.455+0000] {processor.py:766} INFO - DAG(s) dict_keys(['example_branch_datetime_operator_2', 'example_branch_datetime_operator', 'example_branch_datetime_operator_3']) retrieved from /home/airflow/.local/lib/python3.7/site-packages/airflow/example_dags/example_branch_datetime_operator.py
[2023-01-16T01:58:07.518+0000] {logging_mixin.py:120} INFO - [2023-01-16T01:58:07.518+0000] {dag.py:2585} INFO - Sync 3 DAGs
[2023-01-16T01:58:07.557+0000] {logging_mixin.py:120} INFO - [2023-01-16T01:58:07.557+0000] {dag.py:3340} INFO - Setting next_dagrun for example_branch_datetime_operator to 2023-01-15T00:00:00+00:00, run_after=2023-01-16T00:00:00+00:00
[2023-01-16T01:58:07.564+0000] {logging_mixin.py:120} INFO - [2023-01-16T01:58:07.564+0000] {dag.py:3340} INFO - Setting next_dagrun for example_branch_datetime_operator_2 to 2023-01-15T00:00:00+00:00, run_after=2023-01-16T00:00:00+00:00
[2023-01-16T01:58:07.569+0000] {logging_mixin.py:120} INFO - [2023-01-16T01:58:07.569+0000] {dag.py:3340} INFO - Setting next_dagrun for example_branch_datetime_operator_3 to 2023-01-15T00:00:00+00:00, run_after=2023-01-16T00:00:00+00:00
[2023-01-16T01:58:07.600+0000] {processor.py:176} INFO - Processing /home/airflow/.local/lib/python3.7/site-packages/airflow/example_dags/example_branch_datetime_operator.py took 0.172 seconds
[2023-01-16T01:58:37.938+0000] {processor.py:154} INFO - Started process (PID=22399) to work on /home/airflow/.local/lib/python3.7/site-packages/airflow/example_dags/example_branch_datetime_operator.py
[2023-01-16T01:58:37.939+0000] {processor.py:756} INFO - Processing file /home/airflow/.local/lib/python3.7/site-packages/airflow/example_dags/example_branch_datetime_operator.py for tasks to queue
[2023-01-16T01:58:37.940+0000] {logging_mixin.py:120} INFO - [2023-01-16T01:58:37.940+0000] {dagbag.py:537} INFO - Filling up the DagBag from /home/airflow/.local/lib/python3.7/site-packages/airflow/example_dags/example_branch_datetime_operator.py
[2023-01-16T01:58:37.955+0000] {processor.py:766} INFO - DAG(s) dict_keys(['example_branch_datetime_operator', 'example_branch_datetime_operator_2', 'example_branch_datetime_operator_3']) retrieved from /home/airflow/.local/lib/python3.7/site-packages/airflow/example_dags/example_branch_datetime_operator.py
[2023-01-16T01:58:38.003+0000] {logging_mixin.py:120} INFO - [2023-01-16T01:58:38.002+0000] {dag.py:2585} INFO - Sync 3 DAGs
[2023-01-16T01:58:38.041+0000] {logging_mixin.py:120} INFO - [2023-01-16T01:58:38.040+0000] {dag.py:3340} INFO - Setting next_dagrun for example_branch_datetime_operator to 2023-01-15T00:00:00+00:00, run_after=2023-01-16T00:00:00+00:00
[2023-01-16T01:58:38.047+0000] {logging_mixin.py:120} INFO - [2023-01-16T01:58:38.046+0000] {dag.py:3340} INFO - Setting next_dagrun for example_branch_datetime_operator_2 to 2023-01-15T00:00:00+00:00, run_after=2023-01-16T00:00:00+00:00
[2023-01-16T01:58:38.050+0000] {logging_mixin.py:120} INFO - [2023-01-16T01:58:38.050+0000] {dag.py:3340} INFO - Setting next_dagrun for example_branch_datetime_operator_3 to 2023-01-15T00:00:00+00:00, run_after=2023-01-16T00:00:00+00:00
[2023-01-16T01:58:38.080+0000] {processor.py:176} INFO - Processing /home/airflow/.local/lib/python3.7/site-packages/airflow/example_dags/example_branch_datetime_operator.py took 0.148 seconds
[2023-01-16T01:59:08.739+0000] {processor.py:154} INFO - Started process (PID=22456) to work on /home/airflow/.local/lib/python3.7/site-packages/airflow/example_dags/example_branch_datetime_operator.py
[2023-01-16T01:59:08.742+0000] {processor.py:756} INFO - Processing file /home/airflow/.local/lib/python3.7/site-packages/airflow/example_dags/example_branch_datetime_operator.py for tasks to queue
[2023-01-16T01:59:08.746+0000] {logging_mixin.py:120} INFO - [2023-01-16T01:59:08.745+0000] {dagbag.py:537} INFO - Filling up the DagBag from /home/airflow/.local/lib/python3.7/site-packages/airflow/example_dags/example_branch_datetime_operator.py
[2023-01-16T01:59:08.794+0000] {processor.py:766} INFO - DAG(s) dict_keys(['example_branch_datetime_operator_3', 'example_branch_datetime_operator_2', 'example_branch_datetime_operator']) retrieved from /home/airflow/.local/lib/python3.7/site-packages/airflow/example_dags/example_branch_datetime_operator.py
[2023-01-16T01:59:08.878+0000] {logging_mixin.py:120} INFO - [2023-01-16T01:59:08.878+0000] {dag.py:2585} INFO - Sync 3 DAGs
[2023-01-16T01:59:08.911+0000] {logging_mixin.py:120} INFO - [2023-01-16T01:59:08.911+0000] {dag.py:3340} INFO - Setting next_dagrun for example_branch_datetime_operator to 2023-01-15T00:00:00+00:00, run_after=2023-01-16T00:00:00+00:00
[2023-01-16T01:59:08.917+0000] {logging_mixin.py:120} INFO - [2023-01-16T01:59:08.917+0000] {dag.py:3340} INFO - Setting next_dagrun for example_branch_datetime_operator_2 to 2023-01-15T00:00:00+00:00, run_after=2023-01-16T00:00:00+00:00
[2023-01-16T01:59:08.920+0000] {logging_mixin.py:120} INFO - [2023-01-16T01:59:08.920+0000] {dag.py:3340} INFO - Setting next_dagrun for example_branch_datetime_operator_3 to 2023-01-15T00:00:00+00:00, run_after=2023-01-16T00:00:00+00:00
[2023-01-16T01:59:08.941+0000] {processor.py:176} INFO - Processing /home/airflow/.local/lib/python3.7/site-packages/airflow/example_dags/example_branch_datetime_operator.py took 0.214 seconds
[2023-01-16T01:59:39.293+0000] {processor.py:154} INFO - Started process (PID=22523) to work on /home/airflow/.local/lib/python3.7/site-packages/airflow/example_dags/example_branch_datetime_operator.py
[2023-01-16T01:59:39.294+0000] {processor.py:756} INFO - Processing file /home/airflow/.local/lib/python3.7/site-packages/airflow/example_dags/example_branch_datetime_operator.py for tasks to queue
[2023-01-16T01:59:39.296+0000] {logging_mixin.py:120} INFO - [2023-01-16T01:59:39.295+0000] {dagbag.py:537} INFO - Filling up the DagBag from /home/airflow/.local/lib/python3.7/site-packages/airflow/example_dags/example_branch_datetime_operator.py
[2023-01-16T01:59:39.319+0000] {processor.py:766} INFO - DAG(s) dict_keys(['example_branch_datetime_operator_3', 'example_branch_datetime_operator_2', 'example_branch_datetime_operator']) retrieved from /home/airflow/.local/lib/python3.7/site-packages/airflow/example_dags/example_branch_datetime_operator.py
[2023-01-16T01:59:39.370+0000] {logging_mixin.py:120} INFO - [2023-01-16T01:59:39.370+0000] {dag.py:2585} INFO - Sync 3 DAGs
[2023-01-16T01:59:39.414+0000] {logging_mixin.py:120} INFO - [2023-01-16T01:59:39.414+0000] {dag.py:3340} INFO - Setting next_dagrun for example_branch_datetime_operator to 2023-01-15T00:00:00+00:00, run_after=2023-01-16T00:00:00+00:00
[2023-01-16T01:59:39.424+0000] {logging_mixin.py:120} INFO - [2023-01-16T01:59:39.424+0000] {dag.py:3340} INFO - Setting next_dagrun for example_branch_datetime_operator_2 to 2023-01-15T00:00:00+00:00, run_after=2023-01-16T00:00:00+00:00
[2023-01-16T01:59:39.431+0000] {logging_mixin.py:120} INFO - [2023-01-16T01:59:39.430+0000] {dag.py:3340} INFO - Setting next_dagrun for example_branch_datetime_operator_3 to 2023-01-15T00:00:00+00:00, run_after=2023-01-16T00:00:00+00:00
[2023-01-16T01:59:39.469+0000] {processor.py:176} INFO - Processing /home/airflow/.local/lib/python3.7/site-packages/airflow/example_dags/example_branch_datetime_operator.py took 0.183 seconds
[2023-01-16T02:00:09.944+0000] {processor.py:154} INFO - Started process (PID=22580) to work on /home/airflow/.local/lib/python3.7/site-packages/airflow/example_dags/example_branch_datetime_operator.py
[2023-01-16T02:00:09.946+0000] {processor.py:756} INFO - Processing file /home/airflow/.local/lib/python3.7/site-packages/airflow/example_dags/example_branch_datetime_operator.py for tasks to queue
[2023-01-16T02:00:09.947+0000] {logging_mixin.py:120} INFO - [2023-01-16T02:00:09.947+0000] {dagbag.py:537} INFO - Filling up the DagBag from /home/airflow/.local/lib/python3.7/site-packages/airflow/example_dags/example_branch_datetime_operator.py
[2023-01-16T02:00:09.964+0000] {processor.py:766} INFO - DAG(s) dict_keys(['example_branch_datetime_operator_3', 'example_branch_datetime_operator_2', 'example_branch_datetime_operator']) retrieved from /home/airflow/.local/lib/python3.7/site-packages/airflow/example_dags/example_branch_datetime_operator.py
[2023-01-16T02:00:10.065+0000] {logging_mixin.py:120} INFO - [2023-01-16T02:00:10.065+0000] {dag.py:2585} INFO - Sync 3 DAGs
[2023-01-16T02:00:10.089+0000] {logging_mixin.py:120} INFO - [2023-01-16T02:00:10.089+0000] {dag.py:3340} INFO - Setting next_dagrun for example_branch_datetime_operator to 2023-01-15T00:00:00+00:00, run_after=2023-01-16T00:00:00+00:00
[2023-01-16T02:00:10.095+0000] {logging_mixin.py:120} INFO - [2023-01-16T02:00:10.094+0000] {dag.py:3340} INFO - Setting next_dagrun for example_branch_datetime_operator_2 to 2023-01-15T00:00:00+00:00, run_after=2023-01-16T00:00:00+00:00
[2023-01-16T02:00:10.098+0000] {logging_mixin.py:120} INFO - [2023-01-16T02:00:10.097+0000] {dag.py:3340} INFO - Setting next_dagrun for example_branch_datetime_operator_3 to 2023-01-15T00:00:00+00:00, run_after=2023-01-16T00:00:00+00:00
[2023-01-16T02:00:10.132+0000] {processor.py:176} INFO - Processing /home/airflow/.local/lib/python3.7/site-packages/airflow/example_dags/example_branch_datetime_operator.py took 0.197 seconds
[2023-01-16T02:00:40.883+0000] {processor.py:154} INFO - Started process (PID=22646) to work on /home/airflow/.local/lib/python3.7/site-packages/airflow/example_dags/example_branch_datetime_operator.py
[2023-01-16T02:00:40.885+0000] {processor.py:756} INFO - Processing file /home/airflow/.local/lib/python3.7/site-packages/airflow/example_dags/example_branch_datetime_operator.py for tasks to queue
[2023-01-16T02:00:40.886+0000] {logging_mixin.py:120} INFO - [2023-01-16T02:00:40.886+0000] {dagbag.py:537} INFO - Filling up the DagBag from /home/airflow/.local/lib/python3.7/site-packages/airflow/example_dags/example_branch_datetime_operator.py
[2023-01-16T02:00:40.902+0000] {processor.py:766} INFO - DAG(s) dict_keys(['example_branch_datetime_operator_2', 'example_branch_datetime_operator', 'example_branch_datetime_operator_3']) retrieved from /home/airflow/.local/lib/python3.7/site-packages/airflow/example_dags/example_branch_datetime_operator.py
[2023-01-16T02:00:40.945+0000] {logging_mixin.py:120} INFO - [2023-01-16T02:00:40.945+0000] {dag.py:2585} INFO - Sync 3 DAGs
[2023-01-16T02:00:40.991+0000] {logging_mixin.py:120} INFO - [2023-01-16T02:00:40.991+0000] {dag.py:3340} INFO - Setting next_dagrun for example_branch_datetime_operator to 2023-01-15T00:00:00+00:00, run_after=2023-01-16T00:00:00+00:00
[2023-01-16T02:00:40.999+0000] {logging_mixin.py:120} INFO - [2023-01-16T02:00:40.999+0000] {dag.py:3340} INFO - Setting next_dagrun for example_branch_datetime_operator_2 to 2023-01-15T00:00:00+00:00, run_after=2023-01-16T00:00:00+00:00
[2023-01-16T02:00:41.004+0000] {logging_mixin.py:120} INFO - [2023-01-16T02:00:41.004+0000] {dag.py:3340} INFO - Setting next_dagrun for example_branch_datetime_operator_3 to 2023-01-15T00:00:00+00:00, run_after=2023-01-16T00:00:00+00:00
[2023-01-16T02:00:41.032+0000] {processor.py:176} INFO - Processing /home/airflow/.local/lib/python3.7/site-packages/airflow/example_dags/example_branch_datetime_operator.py took 0.154 seconds
[2023-01-16T02:01:11.305+0000] {processor.py:154} INFO - Started process (PID=22715) to work on /home/airflow/.local/lib/python3.7/site-packages/airflow/example_dags/example_branch_datetime_operator.py
[2023-01-16T02:01:11.307+0000] {processor.py:756} INFO - Processing file /home/airflow/.local/lib/python3.7/site-packages/airflow/example_dags/example_branch_datetime_operator.py for tasks to queue
[2023-01-16T02:01:11.310+0000] {logging_mixin.py:120} INFO - [2023-01-16T02:01:11.309+0000] {dagbag.py:537} INFO - Filling up the DagBag from /home/airflow/.local/lib/python3.7/site-packages/airflow/example_dags/example_branch_datetime_operator.py
[2023-01-16T02:01:11.352+0000] {processor.py:766} INFO - DAG(s) dict_keys(['example_branch_datetime_operator', 'example_branch_datetime_operator_2', 'example_branch_datetime_operator_3']) retrieved from /home/airflow/.local/lib/python3.7/site-packages/airflow/example_dags/example_branch_datetime_operator.py
[2023-01-16T02:01:11.418+0000] {logging_mixin.py:120} INFO - [2023-01-16T02:01:11.417+0000] {dag.py:2585} INFO - Sync 3 DAGs
[2023-01-16T02:01:11.491+0000] {logging_mixin.py:120} INFO - [2023-01-16T02:01:11.490+0000] {dag.py:3340} INFO - Setting next_dagrun for example_branch_datetime_operator to 2023-01-15T00:00:00+00:00, run_after=2023-01-16T00:00:00+00:00
[2023-01-16T02:01:11.507+0000] {logging_mixin.py:120} INFO - [2023-01-16T02:01:11.506+0000] {dag.py:3340} INFO - Setting next_dagrun for example_branch_datetime_operator_2 to 2023-01-15T00:00:00+00:00, run_after=2023-01-16T00:00:00+00:00
[2023-01-16T02:01:11.514+0000] {logging_mixin.py:120} INFO - [2023-01-16T02:01:11.514+0000] {dag.py:3340} INFO - Setting next_dagrun for example_branch_datetime_operator_3 to 2023-01-15T00:00:00+00:00, run_after=2023-01-16T00:00:00+00:00
[2023-01-16T02:01:11.563+0000] {processor.py:176} INFO - Processing /home/airflow/.local/lib/python3.7/site-packages/airflow/example_dags/example_branch_datetime_operator.py took 0.266 seconds
[2023-01-16T02:01:41.789+0000] {processor.py:154} INFO - Started process (PID=22775) to work on /home/airflow/.local/lib/python3.7/site-packages/airflow/example_dags/example_branch_datetime_operator.py
[2023-01-16T02:01:41.791+0000] {processor.py:756} INFO - Processing file /home/airflow/.local/lib/python3.7/site-packages/airflow/example_dags/example_branch_datetime_operator.py for tasks to queue
[2023-01-16T02:01:41.793+0000] {logging_mixin.py:120} INFO - [2023-01-16T02:01:41.793+0000] {dagbag.py:537} INFO - Filling up the DagBag from /home/airflow/.local/lib/python3.7/site-packages/airflow/example_dags/example_branch_datetime_operator.py
[2023-01-16T02:01:41.813+0000] {processor.py:766} INFO - DAG(s) dict_keys(['example_branch_datetime_operator_3', 'example_branch_datetime_operator_2', 'example_branch_datetime_operator']) retrieved from /home/airflow/.local/lib/python3.7/site-packages/airflow/example_dags/example_branch_datetime_operator.py
[2023-01-16T02:01:41.881+0000] {logging_mixin.py:120} INFO - [2023-01-16T02:01:41.881+0000] {dag.py:2585} INFO - Sync 3 DAGs
[2023-01-16T02:01:41.938+0000] {logging_mixin.py:120} INFO - [2023-01-16T02:01:41.938+0000] {dag.py:3340} INFO - Setting next_dagrun for example_branch_datetime_operator to 2023-01-15T00:00:00+00:00, run_after=2023-01-16T00:00:00+00:00
[2023-01-16T02:01:41.947+0000] {logging_mixin.py:120} INFO - [2023-01-16T02:01:41.947+0000] {dag.py:3340} INFO - Setting next_dagrun for example_branch_datetime_operator_2 to 2023-01-15T00:00:00+00:00, run_after=2023-01-16T00:00:00+00:00
[2023-01-16T02:01:41.953+0000] {logging_mixin.py:120} INFO - [2023-01-16T02:01:41.953+0000] {dag.py:3340} INFO - Setting next_dagrun for example_branch_datetime_operator_3 to 2023-01-15T00:00:00+00:00, run_after=2023-01-16T00:00:00+00:00
[2023-01-16T02:01:42.004+0000] {processor.py:176} INFO - Processing /home/airflow/.local/lib/python3.7/site-packages/airflow/example_dags/example_branch_datetime_operator.py took 0.220 seconds
