[2023-01-16T01:56:04.325+0000] {processor.py:154} INFO - Started process (PID=22095) to work on /home/airflow/.local/lib/python3.7/site-packages/airflow/example_dags/example_task_group_decorator.py
[2023-01-16T01:56:04.327+0000] {processor.py:756} INFO - Processing file /home/airflow/.local/lib/python3.7/site-packages/airflow/example_dags/example_task_group_decorator.py for tasks to queue
[2023-01-16T01:56:04.330+0000] {logging_mixin.py:120} INFO - [2023-01-16T01:56:04.329+0000] {dagbag.py:537} INFO - Filling up the DagBag from /home/airflow/.local/lib/python3.7/site-packages/airflow/example_dags/example_task_group_decorator.py
[2023-01-16T01:56:04.460+0000] {processor.py:766} INFO - DAG(s) dict_keys(['example_task_group_decorator']) retrieved from /home/airflow/.local/lib/python3.7/site-packages/airflow/example_dags/example_task_group_decorator.py
[2023-01-16T01:56:04.631+0000] {logging_mixin.py:120} INFO - [2023-01-16T01:56:04.631+0000] {dag.py:2585} INFO - Sync 1 DAGs
[2023-01-16T01:56:04.705+0000] {logging_mixin.py:120} INFO - [2023-01-16T01:56:04.705+0000] {dag.py:3340} INFO - Setting next_dagrun for example_task_group_decorator to 2023-01-15T01:56:04.704368+00:00, run_after=2023-01-16T01:56:04.704368+00:00
[2023-01-16T01:56:04.822+0000] {processor.py:176} INFO - Processing /home/airflow/.local/lib/python3.7/site-packages/airflow/example_dags/example_task_group_decorator.py took 0.604 seconds
[2023-01-16T01:56:35.138+0000] {processor.py:154} INFO - Started process (PID=22152) to work on /home/airflow/.local/lib/python3.7/site-packages/airflow/example_dags/example_task_group_decorator.py
[2023-01-16T01:56:35.141+0000] {processor.py:756} INFO - Processing file /home/airflow/.local/lib/python3.7/site-packages/airflow/example_dags/example_task_group_decorator.py for tasks to queue
[2023-01-16T01:56:35.143+0000] {logging_mixin.py:120} INFO - [2023-01-16T01:56:35.143+0000] {dagbag.py:537} INFO - Filling up the DagBag from /home/airflow/.local/lib/python3.7/site-packages/airflow/example_dags/example_task_group_decorator.py
[2023-01-16T01:56:35.219+0000] {processor.py:766} INFO - DAG(s) dict_keys(['example_task_group_decorator']) retrieved from /home/airflow/.local/lib/python3.7/site-packages/airflow/example_dags/example_task_group_decorator.py
[2023-01-16T01:56:35.296+0000] {logging_mixin.py:120} INFO - [2023-01-16T01:56:35.296+0000] {dag.py:2585} INFO - Sync 1 DAGs
[2023-01-16T01:56:35.404+0000] {logging_mixin.py:120} INFO - [2023-01-16T01:56:35.403+0000] {dag.py:3340} INFO - Setting next_dagrun for example_task_group_decorator to 2023-01-15T01:56:35.402931+00:00, run_after=2023-01-16T01:56:35.402931+00:00
[2023-01-16T01:56:35.509+0000] {processor.py:176} INFO - Processing /home/airflow/.local/lib/python3.7/site-packages/airflow/example_dags/example_task_group_decorator.py took 0.380 seconds
[2023-01-16T01:57:05.644+0000] {processor.py:154} INFO - Started process (PID=22209) to work on /home/airflow/.local/lib/python3.7/site-packages/airflow/example_dags/example_task_group_decorator.py
[2023-01-16T01:57:05.647+0000] {processor.py:756} INFO - Processing file /home/airflow/.local/lib/python3.7/site-packages/airflow/example_dags/example_task_group_decorator.py for tasks to queue
[2023-01-16T01:57:05.652+0000] {logging_mixin.py:120} INFO - [2023-01-16T01:57:05.651+0000] {dagbag.py:537} INFO - Filling up the DagBag from /home/airflow/.local/lib/python3.7/site-packages/airflow/example_dags/example_task_group_decorator.py
[2023-01-16T01:57:05.723+0000] {processor.py:766} INFO - DAG(s) dict_keys(['example_task_group_decorator']) retrieved from /home/airflow/.local/lib/python3.7/site-packages/airflow/example_dags/example_task_group_decorator.py
[2023-01-16T01:57:05.806+0000] {logging_mixin.py:120} INFO - [2023-01-16T01:57:05.805+0000] {dag.py:2585} INFO - Sync 1 DAGs
[2023-01-16T01:57:05.902+0000] {logging_mixin.py:120} INFO - [2023-01-16T01:57:05.902+0000] {dag.py:3340} INFO - Setting next_dagrun for example_task_group_decorator to 2023-01-15T01:57:05.901467+00:00, run_after=2023-01-16T01:57:05.901467+00:00
[2023-01-16T01:57:05.981+0000] {processor.py:176} INFO - Processing /home/airflow/.local/lib/python3.7/site-packages/airflow/example_dags/example_task_group_decorator.py took 0.349 seconds
[2023-01-16T01:57:36.211+0000] {processor.py:154} INFO - Started process (PID=22277) to work on /home/airflow/.local/lib/python3.7/site-packages/airflow/example_dags/example_task_group_decorator.py
[2023-01-16T01:57:36.213+0000] {processor.py:756} INFO - Processing file /home/airflow/.local/lib/python3.7/site-packages/airflow/example_dags/example_task_group_decorator.py for tasks to queue
[2023-01-16T01:57:36.223+0000] {logging_mixin.py:120} INFO - [2023-01-16T01:57:36.220+0000] {dagbag.py:537} INFO - Filling up the DagBag from /home/airflow/.local/lib/python3.7/site-packages/airflow/example_dags/example_task_group_decorator.py
[2023-01-16T01:57:36.315+0000] {processor.py:766} INFO - DAG(s) dict_keys(['example_task_group_decorator']) retrieved from /home/airflow/.local/lib/python3.7/site-packages/airflow/example_dags/example_task_group_decorator.py
[2023-01-16T01:57:36.374+0000] {logging_mixin.py:120} INFO - [2023-01-16T01:57:36.374+0000] {dag.py:2585} INFO - Sync 1 DAGs
[2023-01-16T01:57:36.427+0000] {logging_mixin.py:120} INFO - [2023-01-16T01:57:36.427+0000] {dag.py:3340} INFO - Setting next_dagrun for example_task_group_decorator to 2023-01-15T01:57:36.426778+00:00, run_after=2023-01-16T01:57:36.426778+00:00
[2023-01-16T01:57:36.478+0000] {processor.py:176} INFO - Processing /home/airflow/.local/lib/python3.7/site-packages/airflow/example_dags/example_task_group_decorator.py took 0.276 seconds
[2023-01-16T01:58:07.434+0000] {processor.py:154} INFO - Started process (PID=22334) to work on /home/airflow/.local/lib/python3.7/site-packages/airflow/example_dags/example_task_group_decorator.py
[2023-01-16T01:58:07.435+0000] {processor.py:756} INFO - Processing file /home/airflow/.local/lib/python3.7/site-packages/airflow/example_dags/example_task_group_decorator.py for tasks to queue
[2023-01-16T01:58:07.437+0000] {logging_mixin.py:120} INFO - [2023-01-16T01:58:07.436+0000] {dagbag.py:537} INFO - Filling up the DagBag from /home/airflow/.local/lib/python3.7/site-packages/airflow/example_dags/example_task_group_decorator.py
[2023-01-16T01:58:07.486+0000] {processor.py:766} INFO - DAG(s) dict_keys(['example_task_group_decorator']) retrieved from /home/airflow/.local/lib/python3.7/site-packages/airflow/example_dags/example_task_group_decorator.py
[2023-01-16T01:58:07.527+0000] {logging_mixin.py:120} INFO - [2023-01-16T01:58:07.527+0000] {dag.py:2585} INFO - Sync 1 DAGs
[2023-01-16T01:58:07.564+0000] {logging_mixin.py:120} INFO - [2023-01-16T01:58:07.563+0000] {dag.py:3340} INFO - Setting next_dagrun for example_task_group_decorator to 2023-01-15T01:58:07.563546+00:00, run_after=2023-01-16T01:58:07.563546+00:00
[2023-01-16T01:58:07.599+0000] {processor.py:176} INFO - Processing /home/airflow/.local/lib/python3.7/site-packages/airflow/example_dags/example_task_group_decorator.py took 0.170 seconds
[2023-01-16T01:58:37.934+0000] {processor.py:154} INFO - Started process (PID=22400) to work on /home/airflow/.local/lib/python3.7/site-packages/airflow/example_dags/example_task_group_decorator.py
[2023-01-16T01:58:37.936+0000] {processor.py:756} INFO - Processing file /home/airflow/.local/lib/python3.7/site-packages/airflow/example_dags/example_task_group_decorator.py for tasks to queue
[2023-01-16T01:58:37.937+0000] {logging_mixin.py:120} INFO - [2023-01-16T01:58:37.937+0000] {dagbag.py:537} INFO - Filling up the DagBag from /home/airflow/.local/lib/python3.7/site-packages/airflow/example_dags/example_task_group_decorator.py
[2023-01-16T01:58:37.970+0000] {processor.py:766} INFO - DAG(s) dict_keys(['example_task_group_decorator']) retrieved from /home/airflow/.local/lib/python3.7/site-packages/airflow/example_dags/example_task_group_decorator.py
[2023-01-16T01:58:38.010+0000] {logging_mixin.py:120} INFO - [2023-01-16T01:58:38.009+0000] {dag.py:2585} INFO - Sync 1 DAGs
[2023-01-16T01:58:38.044+0000] {logging_mixin.py:120} INFO - [2023-01-16T01:58:38.044+0000] {dag.py:3340} INFO - Setting next_dagrun for example_task_group_decorator to 2023-01-15T01:58:38.044237+00:00, run_after=2023-01-16T01:58:38.044237+00:00
[2023-01-16T01:58:38.074+0000] {processor.py:176} INFO - Processing /home/airflow/.local/lib/python3.7/site-packages/airflow/example_dags/example_task_group_decorator.py took 0.145 seconds
[2023-01-16T01:59:08.739+0000] {processor.py:154} INFO - Started process (PID=22457) to work on /home/airflow/.local/lib/python3.7/site-packages/airflow/example_dags/example_task_group_decorator.py
[2023-01-16T01:59:08.742+0000] {processor.py:756} INFO - Processing file /home/airflow/.local/lib/python3.7/site-packages/airflow/example_dags/example_task_group_decorator.py for tasks to queue
[2023-01-16T01:59:08.746+0000] {logging_mixin.py:120} INFO - [2023-01-16T01:59:08.745+0000] {dagbag.py:537} INFO - Filling up the DagBag from /home/airflow/.local/lib/python3.7/site-packages/airflow/example_dags/example_task_group_decorator.py
[2023-01-16T01:59:08.820+0000] {processor.py:766} INFO - DAG(s) dict_keys(['example_task_group_decorator']) retrieved from /home/airflow/.local/lib/python3.7/site-packages/airflow/example_dags/example_task_group_decorator.py
[2023-01-16T01:59:08.883+0000] {logging_mixin.py:120} INFO - [2023-01-16T01:59:08.882+0000] {dag.py:2585} INFO - Sync 1 DAGs
[2023-01-16T01:59:08.911+0000] {logging_mixin.py:120} INFO - [2023-01-16T01:59:08.911+0000] {dag.py:3340} INFO - Setting next_dagrun for example_task_group_decorator to 2023-01-15T01:59:08.910893+00:00, run_after=2023-01-16T01:59:08.910893+00:00
[2023-01-16T01:59:08.937+0000] {processor.py:176} INFO - Processing /home/airflow/.local/lib/python3.7/site-packages/airflow/example_dags/example_task_group_decorator.py took 0.210 seconds
[2023-01-16T01:59:39.293+0000] {processor.py:154} INFO - Started process (PID=22524) to work on /home/airflow/.local/lib/python3.7/site-packages/airflow/example_dags/example_task_group_decorator.py
[2023-01-16T01:59:39.294+0000] {processor.py:756} INFO - Processing file /home/airflow/.local/lib/python3.7/site-packages/airflow/example_dags/example_task_group_decorator.py for tasks to queue
[2023-01-16T01:59:39.296+0000] {logging_mixin.py:120} INFO - [2023-01-16T01:59:39.296+0000] {dagbag.py:537} INFO - Filling up the DagBag from /home/airflow/.local/lib/python3.7/site-packages/airflow/example_dags/example_task_group_decorator.py
[2023-01-16T01:59:39.331+0000] {processor.py:766} INFO - DAG(s) dict_keys(['example_task_group_decorator']) retrieved from /home/airflow/.local/lib/python3.7/site-packages/airflow/example_dags/example_task_group_decorator.py
[2023-01-16T01:59:39.381+0000] {logging_mixin.py:120} INFO - [2023-01-16T01:59:39.381+0000] {dag.py:2585} INFO - Sync 1 DAGs
[2023-01-16T01:59:39.420+0000] {logging_mixin.py:120} INFO - [2023-01-16T01:59:39.419+0000] {dag.py:3340} INFO - Setting next_dagrun for example_task_group_decorator to 2023-01-15T01:59:39.418980+00:00, run_after=2023-01-16T01:59:39.418980+00:00
[2023-01-16T01:59:39.462+0000] {processor.py:176} INFO - Processing /home/airflow/.local/lib/python3.7/site-packages/airflow/example_dags/example_task_group_decorator.py took 0.175 seconds
[2023-01-16T02:00:09.945+0000] {processor.py:154} INFO - Started process (PID=22581) to work on /home/airflow/.local/lib/python3.7/site-packages/airflow/example_dags/example_task_group_decorator.py
[2023-01-16T02:00:09.947+0000] {processor.py:756} INFO - Processing file /home/airflow/.local/lib/python3.7/site-packages/airflow/example_dags/example_task_group_decorator.py for tasks to queue
[2023-01-16T02:00:09.950+0000] {logging_mixin.py:120} INFO - [2023-01-16T02:00:09.949+0000] {dagbag.py:537} INFO - Filling up the DagBag from /home/airflow/.local/lib/python3.7/site-packages/airflow/example_dags/example_task_group_decorator.py
[2023-01-16T02:00:09.980+0000] {processor.py:766} INFO - DAG(s) dict_keys(['example_task_group_decorator']) retrieved from /home/airflow/.local/lib/python3.7/site-packages/airflow/example_dags/example_task_group_decorator.py
[2023-01-16T02:00:10.058+0000] {logging_mixin.py:120} INFO - [2023-01-16T02:00:10.058+0000] {dag.py:2585} INFO - Sync 1 DAGs
[2023-01-16T02:00:10.081+0000] {logging_mixin.py:120} INFO - [2023-01-16T02:00:10.081+0000] {dag.py:3340} INFO - Setting next_dagrun for example_task_group_decorator to 2023-01-15T02:00:10.081273+00:00, run_after=2023-01-16T02:00:10.081273+00:00
[2023-01-16T02:00:10.105+0000] {processor.py:176} INFO - Processing /home/airflow/.local/lib/python3.7/site-packages/airflow/example_dags/example_task_group_decorator.py took 0.169 seconds
[2023-01-16T02:00:40.883+0000] {processor.py:154} INFO - Started process (PID=22647) to work on /home/airflow/.local/lib/python3.7/site-packages/airflow/example_dags/example_task_group_decorator.py
[2023-01-16T02:00:40.885+0000] {processor.py:756} INFO - Processing file /home/airflow/.local/lib/python3.7/site-packages/airflow/example_dags/example_task_group_decorator.py for tasks to queue
[2023-01-16T02:00:40.886+0000] {logging_mixin.py:120} INFO - [2023-01-16T02:00:40.886+0000] {dagbag.py:537} INFO - Filling up the DagBag from /home/airflow/.local/lib/python3.7/site-packages/airflow/example_dags/example_task_group_decorator.py
[2023-01-16T02:00:40.932+0000] {processor.py:766} INFO - DAG(s) dict_keys(['example_task_group_decorator']) retrieved from /home/airflow/.local/lib/python3.7/site-packages/airflow/example_dags/example_task_group_decorator.py
[2023-01-16T02:00:40.960+0000] {logging_mixin.py:120} INFO - [2023-01-16T02:00:40.960+0000] {dag.py:2585} INFO - Sync 1 DAGs
[2023-01-16T02:00:40.990+0000] {logging_mixin.py:120} INFO - [2023-01-16T02:00:40.990+0000] {dag.py:3340} INFO - Setting next_dagrun for example_task_group_decorator to 2023-01-15T02:00:40.990260+00:00, run_after=2023-01-16T02:00:40.990260+00:00
[2023-01-16T02:00:41.025+0000] {processor.py:176} INFO - Processing /home/airflow/.local/lib/python3.7/site-packages/airflow/example_dags/example_task_group_decorator.py took 0.147 seconds
[2023-01-16T02:01:11.311+0000] {processor.py:154} INFO - Started process (PID=22716) to work on /home/airflow/.local/lib/python3.7/site-packages/airflow/example_dags/example_task_group_decorator.py
[2023-01-16T02:01:11.313+0000] {processor.py:756} INFO - Processing file /home/airflow/.local/lib/python3.7/site-packages/airflow/example_dags/example_task_group_decorator.py for tasks to queue
[2023-01-16T02:01:11.316+0000] {logging_mixin.py:120} INFO - [2023-01-16T02:01:11.315+0000] {dagbag.py:537} INFO - Filling up the DagBag from /home/airflow/.local/lib/python3.7/site-packages/airflow/example_dags/example_task_group_decorator.py
[2023-01-16T02:01:11.370+0000] {processor.py:766} INFO - DAG(s) dict_keys(['example_task_group_decorator']) retrieved from /home/airflow/.local/lib/python3.7/site-packages/airflow/example_dags/example_task_group_decorator.py
[2023-01-16T02:01:11.415+0000] {logging_mixin.py:120} INFO - [2023-01-16T02:01:11.414+0000] {dag.py:2585} INFO - Sync 1 DAGs
[2023-01-16T02:01:11.463+0000] {logging_mixin.py:120} INFO - [2023-01-16T02:01:11.463+0000] {dag.py:3340} INFO - Setting next_dagrun for example_task_group_decorator to 2023-01-15T02:01:11.462692+00:00, run_after=2023-01-16T02:01:11.462692+00:00
[2023-01-16T02:01:11.513+0000] {processor.py:176} INFO - Processing /home/airflow/.local/lib/python3.7/site-packages/airflow/example_dags/example_task_group_decorator.py took 0.213 seconds
[2023-01-16T02:01:41.790+0000] {processor.py:154} INFO - Started process (PID=22776) to work on /home/airflow/.local/lib/python3.7/site-packages/airflow/example_dags/example_task_group_decorator.py
[2023-01-16T02:01:41.791+0000] {processor.py:756} INFO - Processing file /home/airflow/.local/lib/python3.7/site-packages/airflow/example_dags/example_task_group_decorator.py for tasks to queue
[2023-01-16T02:01:41.793+0000] {logging_mixin.py:120} INFO - [2023-01-16T02:01:41.792+0000] {dagbag.py:537} INFO - Filling up the DagBag from /home/airflow/.local/lib/python3.7/site-packages/airflow/example_dags/example_task_group_decorator.py
[2023-01-16T02:01:41.839+0000] {processor.py:766} INFO - DAG(s) dict_keys(['example_task_group_decorator']) retrieved from /home/airflow/.local/lib/python3.7/site-packages/airflow/example_dags/example_task_group_decorator.py
[2023-01-16T02:01:41.895+0000] {logging_mixin.py:120} INFO - [2023-01-16T02:01:41.895+0000] {dag.py:2585} INFO - Sync 1 DAGs
[2023-01-16T02:01:41.951+0000] {logging_mixin.py:120} INFO - [2023-01-16T02:01:41.951+0000] {dag.py:3340} INFO - Setting next_dagrun for example_task_group_decorator to 2023-01-15T02:01:41.950355+00:00, run_after=2023-01-16T02:01:41.950355+00:00
[2023-01-16T02:01:42.011+0000] {processor.py:176} INFO - Processing /home/airflow/.local/lib/python3.7/site-packages/airflow/example_dags/example_task_group_decorator.py took 0.227 seconds
