[2023-01-16T01:56:03.226+0000] {processor.py:154} INFO - Started process (PID=22092) to work on /home/airflow/.local/lib/python3.7/site-packages/airflow/example_dags/example_time_delta_sensor_async.py
[2023-01-16T01:56:03.244+0000] {processor.py:756} INFO - Processing file /home/airflow/.local/lib/python3.7/site-packages/airflow/example_dags/example_time_delta_sensor_async.py for tasks to queue
[2023-01-16T01:56:03.247+0000] {logging_mixin.py:120} INFO - [2023-01-16T01:56:03.246+0000] {dagbag.py:537} INFO - Filling up the DagBag from /home/airflow/.local/lib/python3.7/site-packages/airflow/example_dags/example_time_delta_sensor_async.py
[2023-01-16T01:56:03.343+0000] {processor.py:766} INFO - DAG(s) dict_keys(['example_time_delta_sensor_async']) retrieved from /home/airflow/.local/lib/python3.7/site-packages/airflow/example_dags/example_time_delta_sensor_async.py
[2023-01-16T01:56:03.525+0000] {logging_mixin.py:120} INFO - [2023-01-16T01:56:03.525+0000] {dag.py:2585} INFO - Sync 1 DAGs
[2023-01-16T01:56:03.679+0000] {logging_mixin.py:120} INFO - [2023-01-16T01:56:03.679+0000] {dag.py:3340} INFO - Setting next_dagrun for example_time_delta_sensor_async to None, run_after=None
[2023-01-16T01:56:03.798+0000] {processor.py:176} INFO - Processing /home/airflow/.local/lib/python3.7/site-packages/airflow/example_dags/example_time_delta_sensor_async.py took 0.595 seconds
[2023-01-16T01:56:34.081+0000] {processor.py:154} INFO - Started process (PID=22149) to work on /home/airflow/.local/lib/python3.7/site-packages/airflow/example_dags/example_time_delta_sensor_async.py
[2023-01-16T01:56:34.084+0000] {processor.py:756} INFO - Processing file /home/airflow/.local/lib/python3.7/site-packages/airflow/example_dags/example_time_delta_sensor_async.py for tasks to queue
[2023-01-16T01:56:34.088+0000] {logging_mixin.py:120} INFO - [2023-01-16T01:56:34.088+0000] {dagbag.py:537} INFO - Filling up the DagBag from /home/airflow/.local/lib/python3.7/site-packages/airflow/example_dags/example_time_delta_sensor_async.py
[2023-01-16T01:56:34.103+0000] {processor.py:766} INFO - DAG(s) dict_keys(['example_time_delta_sensor_async']) retrieved from /home/airflow/.local/lib/python3.7/site-packages/airflow/example_dags/example_time_delta_sensor_async.py
[2023-01-16T01:56:34.150+0000] {logging_mixin.py:120} INFO - [2023-01-16T01:56:34.149+0000] {dag.py:2585} INFO - Sync 1 DAGs
[2023-01-16T01:56:34.189+0000] {logging_mixin.py:120} INFO - [2023-01-16T01:56:34.189+0000] {dag.py:3340} INFO - Setting next_dagrun for example_time_delta_sensor_async to None, run_after=None
[2023-01-16T01:56:34.238+0000] {processor.py:176} INFO - Processing /home/airflow/.local/lib/python3.7/site-packages/airflow/example_dags/example_time_delta_sensor_async.py took 0.164 seconds
[2023-01-16T01:57:04.747+0000] {processor.py:154} INFO - Started process (PID=22206) to work on /home/airflow/.local/lib/python3.7/site-packages/airflow/example_dags/example_time_delta_sensor_async.py
[2023-01-16T01:57:04.750+0000] {processor.py:756} INFO - Processing file /home/airflow/.local/lib/python3.7/site-packages/airflow/example_dags/example_time_delta_sensor_async.py for tasks to queue
[2023-01-16T01:57:04.752+0000] {logging_mixin.py:120} INFO - [2023-01-16T01:57:04.751+0000] {dagbag.py:537} INFO - Filling up the DagBag from /home/airflow/.local/lib/python3.7/site-packages/airflow/example_dags/example_time_delta_sensor_async.py
[2023-01-16T01:57:04.768+0000] {processor.py:766} INFO - DAG(s) dict_keys(['example_time_delta_sensor_async']) retrieved from /home/airflow/.local/lib/python3.7/site-packages/airflow/example_dags/example_time_delta_sensor_async.py
[2023-01-16T01:57:04.922+0000] {logging_mixin.py:120} INFO - [2023-01-16T01:57:04.915+0000] {dag.py:2585} INFO - Sync 1 DAGs
[2023-01-16T01:57:05.014+0000] {logging_mixin.py:120} INFO - [2023-01-16T01:57:05.014+0000] {dag.py:3340} INFO - Setting next_dagrun for example_time_delta_sensor_async to None, run_after=None
[2023-01-16T01:57:05.054+0000] {processor.py:176} INFO - Processing /home/airflow/.local/lib/python3.7/site-packages/airflow/example_dags/example_time_delta_sensor_async.py took 0.315 seconds
[2023-01-16T01:57:35.912+0000] {processor.py:154} INFO - Started process (PID=22272) to work on /home/airflow/.local/lib/python3.7/site-packages/airflow/example_dags/example_time_delta_sensor_async.py
[2023-01-16T01:57:35.914+0000] {processor.py:756} INFO - Processing file /home/airflow/.local/lib/python3.7/site-packages/airflow/example_dags/example_time_delta_sensor_async.py for tasks to queue
[2023-01-16T01:57:35.916+0000] {logging_mixin.py:120} INFO - [2023-01-16T01:57:35.915+0000] {dagbag.py:537} INFO - Filling up the DagBag from /home/airflow/.local/lib/python3.7/site-packages/airflow/example_dags/example_time_delta_sensor_async.py
[2023-01-16T01:57:35.926+0000] {processor.py:766} INFO - DAG(s) dict_keys(['example_time_delta_sensor_async']) retrieved from /home/airflow/.local/lib/python3.7/site-packages/airflow/example_dags/example_time_delta_sensor_async.py
[2023-01-16T01:57:35.994+0000] {logging_mixin.py:120} INFO - [2023-01-16T01:57:35.994+0000] {dag.py:2585} INFO - Sync 1 DAGs
[2023-01-16T01:57:36.053+0000] {logging_mixin.py:120} INFO - [2023-01-16T01:57:36.053+0000] {dag.py:3340} INFO - Setting next_dagrun for example_time_delta_sensor_async to None, run_after=None
[2023-01-16T01:57:36.103+0000] {processor.py:176} INFO - Processing /home/airflow/.local/lib/python3.7/site-packages/airflow/example_dags/example_time_delta_sensor_async.py took 0.198 seconds
[2023-01-16T01:58:06.262+0000] {processor.py:154} INFO - Started process (PID=22331) to work on /home/airflow/.local/lib/python3.7/site-packages/airflow/example_dags/example_time_delta_sensor_async.py
[2023-01-16T01:58:06.264+0000] {processor.py:756} INFO - Processing file /home/airflow/.local/lib/python3.7/site-packages/airflow/example_dags/example_time_delta_sensor_async.py for tasks to queue
[2023-01-16T01:58:06.266+0000] {logging_mixin.py:120} INFO - [2023-01-16T01:58:06.266+0000] {dagbag.py:537} INFO - Filling up the DagBag from /home/airflow/.local/lib/python3.7/site-packages/airflow/example_dags/example_time_delta_sensor_async.py
[2023-01-16T01:58:06.277+0000] {processor.py:766} INFO - DAG(s) dict_keys(['example_time_delta_sensor_async']) retrieved from /home/airflow/.local/lib/python3.7/site-packages/airflow/example_dags/example_time_delta_sensor_async.py
[2023-01-16T01:58:06.319+0000] {logging_mixin.py:120} INFO - [2023-01-16T01:58:06.319+0000] {dag.py:2585} INFO - Sync 1 DAGs
[2023-01-16T01:58:06.369+0000] {logging_mixin.py:120} INFO - [2023-01-16T01:58:06.369+0000] {dag.py:3340} INFO - Setting next_dagrun for example_time_delta_sensor_async to None, run_after=None
[2023-01-16T01:58:06.413+0000] {processor.py:176} INFO - Processing /home/airflow/.local/lib/python3.7/site-packages/airflow/example_dags/example_time_delta_sensor_async.py took 0.158 seconds
[2023-01-16T01:58:36.822+0000] {processor.py:154} INFO - Started process (PID=22395) to work on /home/airflow/.local/lib/python3.7/site-packages/airflow/example_dags/example_time_delta_sensor_async.py
[2023-01-16T01:58:36.823+0000] {processor.py:756} INFO - Processing file /home/airflow/.local/lib/python3.7/site-packages/airflow/example_dags/example_time_delta_sensor_async.py for tasks to queue
[2023-01-16T01:58:36.824+0000] {logging_mixin.py:120} INFO - [2023-01-16T01:58:36.824+0000] {dagbag.py:537} INFO - Filling up the DagBag from /home/airflow/.local/lib/python3.7/site-packages/airflow/example_dags/example_time_delta_sensor_async.py
[2023-01-16T01:58:36.832+0000] {processor.py:766} INFO - DAG(s) dict_keys(['example_time_delta_sensor_async']) retrieved from /home/airflow/.local/lib/python3.7/site-packages/airflow/example_dags/example_time_delta_sensor_async.py
[2023-01-16T01:58:36.868+0000] {logging_mixin.py:120} INFO - [2023-01-16T01:58:36.867+0000] {dag.py:2585} INFO - Sync 1 DAGs
[2023-01-16T01:58:36.905+0000] {logging_mixin.py:120} INFO - [2023-01-16T01:58:36.905+0000] {dag.py:3340} INFO - Setting next_dagrun for example_time_delta_sensor_async to None, run_after=None
[2023-01-16T01:58:36.950+0000] {processor.py:176} INFO - Processing /home/airflow/.local/lib/python3.7/site-packages/airflow/example_dags/example_time_delta_sensor_async.py took 0.137 seconds
[2023-01-16T01:59:07.419+0000] {processor.py:154} INFO - Started process (PID=22454) to work on /home/airflow/.local/lib/python3.7/site-packages/airflow/example_dags/example_time_delta_sensor_async.py
[2023-01-16T01:59:07.422+0000] {processor.py:756} INFO - Processing file /home/airflow/.local/lib/python3.7/site-packages/airflow/example_dags/example_time_delta_sensor_async.py for tasks to queue
[2023-01-16T01:59:07.425+0000] {logging_mixin.py:120} INFO - [2023-01-16T01:59:07.424+0000] {dagbag.py:537} INFO - Filling up the DagBag from /home/airflow/.local/lib/python3.7/site-packages/airflow/example_dags/example_time_delta_sensor_async.py
[2023-01-16T01:59:07.443+0000] {processor.py:766} INFO - DAG(s) dict_keys(['example_time_delta_sensor_async']) retrieved from /home/airflow/.local/lib/python3.7/site-packages/airflow/example_dags/example_time_delta_sensor_async.py
[2023-01-16T01:59:07.498+0000] {logging_mixin.py:120} INFO - [2023-01-16T01:59:07.498+0000] {dag.py:2585} INFO - Sync 1 DAGs
[2023-01-16T01:59:07.537+0000] {logging_mixin.py:120} INFO - [2023-01-16T01:59:07.537+0000] {dag.py:3340} INFO - Setting next_dagrun for example_time_delta_sensor_async to None, run_after=None
[2023-01-16T01:59:07.575+0000] {processor.py:176} INFO - Processing /home/airflow/.local/lib/python3.7/site-packages/airflow/example_dags/example_time_delta_sensor_async.py took 0.166 seconds
[2023-01-16T01:59:38.107+0000] {processor.py:154} INFO - Started process (PID=22521) to work on /home/airflow/.local/lib/python3.7/site-packages/airflow/example_dags/example_time_delta_sensor_async.py
[2023-01-16T01:59:38.109+0000] {processor.py:756} INFO - Processing file /home/airflow/.local/lib/python3.7/site-packages/airflow/example_dags/example_time_delta_sensor_async.py for tasks to queue
[2023-01-16T01:59:38.111+0000] {logging_mixin.py:120} INFO - [2023-01-16T01:59:38.110+0000] {dagbag.py:537} INFO - Filling up the DagBag from /home/airflow/.local/lib/python3.7/site-packages/airflow/example_dags/example_time_delta_sensor_async.py
[2023-01-16T01:59:38.122+0000] {processor.py:766} INFO - DAG(s) dict_keys(['example_time_delta_sensor_async']) retrieved from /home/airflow/.local/lib/python3.7/site-packages/airflow/example_dags/example_time_delta_sensor_async.py
[2023-01-16T01:59:38.155+0000] {logging_mixin.py:120} INFO - [2023-01-16T01:59:38.154+0000] {dag.py:2585} INFO - Sync 1 DAGs
[2023-01-16T01:59:38.189+0000] {logging_mixin.py:120} INFO - [2023-01-16T01:59:38.189+0000] {dag.py:3340} INFO - Setting next_dagrun for example_time_delta_sensor_async to None, run_after=None
[2023-01-16T01:59:38.219+0000] {processor.py:176} INFO - Processing /home/airflow/.local/lib/python3.7/site-packages/airflow/example_dags/example_time_delta_sensor_async.py took 0.117 seconds
[2023-01-16T02:00:08.881+0000] {processor.py:154} INFO - Started process (PID=22578) to work on /home/airflow/.local/lib/python3.7/site-packages/airflow/example_dags/example_time_delta_sensor_async.py
[2023-01-16T02:00:08.882+0000] {processor.py:756} INFO - Processing file /home/airflow/.local/lib/python3.7/site-packages/airflow/example_dags/example_time_delta_sensor_async.py for tasks to queue
[2023-01-16T02:00:08.884+0000] {logging_mixin.py:120} INFO - [2023-01-16T02:00:08.884+0000] {dagbag.py:537} INFO - Filling up the DagBag from /home/airflow/.local/lib/python3.7/site-packages/airflow/example_dags/example_time_delta_sensor_async.py
[2023-01-16T02:00:08.897+0000] {processor.py:766} INFO - DAG(s) dict_keys(['example_time_delta_sensor_async']) retrieved from /home/airflow/.local/lib/python3.7/site-packages/airflow/example_dags/example_time_delta_sensor_async.py
[2023-01-16T02:00:08.931+0000] {logging_mixin.py:120} INFO - [2023-01-16T02:00:08.931+0000] {dag.py:2585} INFO - Sync 1 DAGs
[2023-01-16T02:00:08.980+0000] {logging_mixin.py:120} INFO - [2023-01-16T02:00:08.980+0000] {dag.py:3340} INFO - Setting next_dagrun for example_time_delta_sensor_async to None, run_after=None
[2023-01-16T02:00:09.014+0000] {processor.py:176} INFO - Processing /home/airflow/.local/lib/python3.7/site-packages/airflow/example_dags/example_time_delta_sensor_async.py took 0.142 seconds
[2023-01-16T02:00:39.648+0000] {processor.py:154} INFO - Started process (PID=22644) to work on /home/airflow/.local/lib/python3.7/site-packages/airflow/example_dags/example_time_delta_sensor_async.py
[2023-01-16T02:00:39.650+0000] {processor.py:756} INFO - Processing file /home/airflow/.local/lib/python3.7/site-packages/airflow/example_dags/example_time_delta_sensor_async.py for tasks to queue
[2023-01-16T02:00:39.653+0000] {logging_mixin.py:120} INFO - [2023-01-16T02:00:39.653+0000] {dagbag.py:537} INFO - Filling up the DagBag from /home/airflow/.local/lib/python3.7/site-packages/airflow/example_dags/example_time_delta_sensor_async.py
[2023-01-16T02:00:39.667+0000] {processor.py:766} INFO - DAG(s) dict_keys(['example_time_delta_sensor_async']) retrieved from /home/airflow/.local/lib/python3.7/site-packages/airflow/example_dags/example_time_delta_sensor_async.py
[2023-01-16T02:00:39.718+0000] {logging_mixin.py:120} INFO - [2023-01-16T02:00:39.718+0000] {dag.py:2585} INFO - Sync 1 DAGs
[2023-01-16T02:00:39.766+0000] {logging_mixin.py:120} INFO - [2023-01-16T02:00:39.765+0000] {dag.py:3340} INFO - Setting next_dagrun for example_time_delta_sensor_async to None, run_after=None
[2023-01-16T02:00:39.809+0000] {processor.py:176} INFO - Processing /home/airflow/.local/lib/python3.7/site-packages/airflow/example_dags/example_time_delta_sensor_async.py took 0.167 seconds
[2023-01-16T02:01:10.122+0000] {processor.py:154} INFO - Started process (PID=22711) to work on /home/airflow/.local/lib/python3.7/site-packages/airflow/example_dags/example_time_delta_sensor_async.py
[2023-01-16T02:01:10.123+0000] {processor.py:756} INFO - Processing file /home/airflow/.local/lib/python3.7/site-packages/airflow/example_dags/example_time_delta_sensor_async.py for tasks to queue
[2023-01-16T02:01:10.125+0000] {logging_mixin.py:120} INFO - [2023-01-16T02:01:10.125+0000] {dagbag.py:537} INFO - Filling up the DagBag from /home/airflow/.local/lib/python3.7/site-packages/airflow/example_dags/example_time_delta_sensor_async.py
[2023-01-16T02:01:10.136+0000] {processor.py:766} INFO - DAG(s) dict_keys(['example_time_delta_sensor_async']) retrieved from /home/airflow/.local/lib/python3.7/site-packages/airflow/example_dags/example_time_delta_sensor_async.py
[2023-01-16T02:01:10.175+0000] {logging_mixin.py:120} INFO - [2023-01-16T02:01:10.174+0000] {dag.py:2585} INFO - Sync 1 DAGs
[2023-01-16T02:01:10.209+0000] {logging_mixin.py:120} INFO - [2023-01-16T02:01:10.209+0000] {dag.py:3340} INFO - Setting next_dagrun for example_time_delta_sensor_async to None, run_after=None
[2023-01-16T02:01:10.250+0000] {processor.py:176} INFO - Processing /home/airflow/.local/lib/python3.7/site-packages/airflow/example_dags/example_time_delta_sensor_async.py took 0.134 seconds
[2023-01-16T02:01:40.558+0000] {processor.py:154} INFO - Started process (PID=22773) to work on /home/airflow/.local/lib/python3.7/site-packages/airflow/example_dags/example_time_delta_sensor_async.py
[2023-01-16T02:01:40.560+0000] {processor.py:756} INFO - Processing file /home/airflow/.local/lib/python3.7/site-packages/airflow/example_dags/example_time_delta_sensor_async.py for tasks to queue
[2023-01-16T02:01:40.564+0000] {logging_mixin.py:120} INFO - [2023-01-16T02:01:40.563+0000] {dagbag.py:537} INFO - Filling up the DagBag from /home/airflow/.local/lib/python3.7/site-packages/airflow/example_dags/example_time_delta_sensor_async.py
[2023-01-16T02:01:40.576+0000] {processor.py:766} INFO - DAG(s) dict_keys(['example_time_delta_sensor_async']) retrieved from /home/airflow/.local/lib/python3.7/site-packages/airflow/example_dags/example_time_delta_sensor_async.py
[2023-01-16T02:01:40.618+0000] {logging_mixin.py:120} INFO - [2023-01-16T02:01:40.618+0000] {dag.py:2585} INFO - Sync 1 DAGs
[2023-01-16T02:01:40.662+0000] {logging_mixin.py:120} INFO - [2023-01-16T02:01:40.661+0000] {dag.py:3340} INFO - Setting next_dagrun for example_time_delta_sensor_async to None, run_after=None
[2023-01-16T02:01:40.698+0000] {processor.py:176} INFO - Processing /home/airflow/.local/lib/python3.7/site-packages/airflow/example_dags/example_time_delta_sensor_async.py took 0.151 seconds
