[2023-01-16T01:55:59.450+0000] {processor.py:154} INFO - Started process (PID=22084) to work on /home/airflow/.local/lib/python3.7/site-packages/airflow/example_dags/example_short_circuit_decorator.py
[2023-01-16T01:55:59.472+0000] {processor.py:756} INFO - Processing file /home/airflow/.local/lib/python3.7/site-packages/airflow/example_dags/example_short_circuit_decorator.py for tasks to queue
[2023-01-16T01:55:59.496+0000] {logging_mixin.py:120} INFO - [2023-01-16T01:55:59.495+0000] {dagbag.py:537} INFO - Filling up the DagBag from /home/airflow/.local/lib/python3.7/site-packages/airflow/example_dags/example_short_circuit_decorator.py
[2023-01-16T01:55:59.582+0000] {processor.py:766} INFO - DAG(s) dict_keys(['example_short_circuit_decorator']) retrieved from /home/airflow/.local/lib/python3.7/site-packages/airflow/example_dags/example_short_circuit_decorator.py
[2023-01-16T01:55:59.746+0000] {logging_mixin.py:120} INFO - [2023-01-16T01:55:59.746+0000] {dag.py:2585} INFO - Sync 1 DAGs
[2023-01-16T01:55:59.893+0000] {logging_mixin.py:120} INFO - [2023-01-16T01:55:59.878+0000] {dag.py:3340} INFO - Setting next_dagrun for example_short_circuit_decorator to 2023-01-15T01:55:59.877828+00:00, run_after=2023-01-16T01:55:59.877828+00:00
[2023-01-16T01:56:00.068+0000] {processor.py:176} INFO - Processing /home/airflow/.local/lib/python3.7/site-packages/airflow/example_dags/example_short_circuit_decorator.py took 0.631 seconds
[2023-01-16T01:56:30.284+0000] {processor.py:154} INFO - Started process (PID=22139) to work on /home/airflow/.local/lib/python3.7/site-packages/airflow/example_dags/example_short_circuit_decorator.py
[2023-01-16T01:56:30.285+0000] {processor.py:756} INFO - Processing file /home/airflow/.local/lib/python3.7/site-packages/airflow/example_dags/example_short_circuit_decorator.py for tasks to queue
[2023-01-16T01:56:30.287+0000] {logging_mixin.py:120} INFO - [2023-01-16T01:56:30.287+0000] {dagbag.py:537} INFO - Filling up the DagBag from /home/airflow/.local/lib/python3.7/site-packages/airflow/example_dags/example_short_circuit_decorator.py
[2023-01-16T01:56:30.359+0000] {processor.py:766} INFO - DAG(s) dict_keys(['example_short_circuit_decorator']) retrieved from /home/airflow/.local/lib/python3.7/site-packages/airflow/example_dags/example_short_circuit_decorator.py
[2023-01-16T01:56:30.438+0000] {logging_mixin.py:120} INFO - [2023-01-16T01:56:30.436+0000] {dag.py:2585} INFO - Sync 1 DAGs
[2023-01-16T01:56:30.538+0000] {logging_mixin.py:120} INFO - [2023-01-16T01:56:30.537+0000] {dag.py:3340} INFO - Setting next_dagrun for example_short_circuit_decorator to 2023-01-15T01:56:30.536496+00:00, run_after=2023-01-16T01:56:30.536496+00:00
[2023-01-16T01:56:30.616+0000] {processor.py:176} INFO - Processing /home/airflow/.local/lib/python3.7/site-packages/airflow/example_dags/example_short_circuit_decorator.py took 0.342 seconds
[2023-01-16T01:57:01.536+0000] {processor.py:154} INFO - Started process (PID=22198) to work on /home/airflow/.local/lib/python3.7/site-packages/airflow/example_dags/example_short_circuit_decorator.py
[2023-01-16T01:57:01.538+0000] {processor.py:756} INFO - Processing file /home/airflow/.local/lib/python3.7/site-packages/airflow/example_dags/example_short_circuit_decorator.py for tasks to queue
[2023-01-16T01:57:01.539+0000] {logging_mixin.py:120} INFO - [2023-01-16T01:57:01.539+0000] {dagbag.py:537} INFO - Filling up the DagBag from /home/airflow/.local/lib/python3.7/site-packages/airflow/example_dags/example_short_circuit_decorator.py
[2023-01-16T01:57:01.570+0000] {processor.py:766} INFO - DAG(s) dict_keys(['example_short_circuit_decorator']) retrieved from /home/airflow/.local/lib/python3.7/site-packages/airflow/example_dags/example_short_circuit_decorator.py
[2023-01-16T01:57:01.619+0000] {logging_mixin.py:120} INFO - [2023-01-16T01:57:01.619+0000] {dag.py:2585} INFO - Sync 1 DAGs
[2023-01-16T01:57:01.694+0000] {logging_mixin.py:120} INFO - [2023-01-16T01:57:01.693+0000] {dag.py:3340} INFO - Setting next_dagrun for example_short_circuit_decorator to 2023-01-15T01:57:01.684480+00:00, run_after=2023-01-16T01:57:01.684480+00:00
[2023-01-16T01:57:01.753+0000] {processor.py:176} INFO - Processing /home/airflow/.local/lib/python3.7/site-packages/airflow/example_dags/example_short_circuit_decorator.py took 0.224 seconds
[2023-01-16T01:57:32.106+0000] {processor.py:154} INFO - Started process (PID=22256) to work on /home/airflow/.local/lib/python3.7/site-packages/airflow/example_dags/example_short_circuit_decorator.py
[2023-01-16T01:57:32.108+0000] {processor.py:756} INFO - Processing file /home/airflow/.local/lib/python3.7/site-packages/airflow/example_dags/example_short_circuit_decorator.py for tasks to queue
[2023-01-16T01:57:32.110+0000] {logging_mixin.py:120} INFO - [2023-01-16T01:57:32.109+0000] {dagbag.py:537} INFO - Filling up the DagBag from /home/airflow/.local/lib/python3.7/site-packages/airflow/example_dags/example_short_circuit_decorator.py
[2023-01-16T01:57:32.159+0000] {processor.py:766} INFO - DAG(s) dict_keys(['example_short_circuit_decorator']) retrieved from /home/airflow/.local/lib/python3.7/site-packages/airflow/example_dags/example_short_circuit_decorator.py
[2023-01-16T01:57:32.219+0000] {logging_mixin.py:120} INFO - [2023-01-16T01:57:32.219+0000] {dag.py:2585} INFO - Sync 1 DAGs
[2023-01-16T01:57:32.264+0000] {logging_mixin.py:120} INFO - [2023-01-16T01:57:32.264+0000] {dag.py:3340} INFO - Setting next_dagrun for example_short_circuit_decorator to 2023-01-15T01:57:32.263844+00:00, run_after=2023-01-16T01:57:32.263844+00:00
[2023-01-16T01:57:32.300+0000] {processor.py:176} INFO - Processing /home/airflow/.local/lib/python3.7/site-packages/airflow/example_dags/example_short_circuit_decorator.py took 0.204 seconds
[2023-01-16T01:58:02.513+0000] {processor.py:154} INFO - Started process (PID=22323) to work on /home/airflow/.local/lib/python3.7/site-packages/airflow/example_dags/example_short_circuit_decorator.py
[2023-01-16T01:58:02.514+0000] {processor.py:756} INFO - Processing file /home/airflow/.local/lib/python3.7/site-packages/airflow/example_dags/example_short_circuit_decorator.py for tasks to queue
[2023-01-16T01:58:02.515+0000] {logging_mixin.py:120} INFO - [2023-01-16T01:58:02.515+0000] {dagbag.py:537} INFO - Filling up the DagBag from /home/airflow/.local/lib/python3.7/site-packages/airflow/example_dags/example_short_circuit_decorator.py
[2023-01-16T01:58:02.562+0000] {processor.py:766} INFO - DAG(s) dict_keys(['example_short_circuit_decorator']) retrieved from /home/airflow/.local/lib/python3.7/site-packages/airflow/example_dags/example_short_circuit_decorator.py
[2023-01-16T01:58:02.627+0000] {logging_mixin.py:120} INFO - [2023-01-16T01:58:02.627+0000] {dag.py:2585} INFO - Sync 1 DAGs
[2023-01-16T01:58:02.681+0000] {logging_mixin.py:120} INFO - [2023-01-16T01:58:02.681+0000] {dag.py:3340} INFO - Setting next_dagrun for example_short_circuit_decorator to 2023-01-15T01:58:02.680991+00:00, run_after=2023-01-16T01:58:02.680991+00:00
[2023-01-16T01:58:02.732+0000] {processor.py:176} INFO - Processing /home/airflow/.local/lib/python3.7/site-packages/airflow/example_dags/example_short_circuit_decorator.py took 0.226 seconds
[2023-01-16T01:58:33.148+0000] {processor.py:154} INFO - Started process (PID=22380) to work on /home/airflow/.local/lib/python3.7/site-packages/airflow/example_dags/example_short_circuit_decorator.py
[2023-01-16T01:58:33.149+0000] {processor.py:756} INFO - Processing file /home/airflow/.local/lib/python3.7/site-packages/airflow/example_dags/example_short_circuit_decorator.py for tasks to queue
[2023-01-16T01:58:33.150+0000] {logging_mixin.py:120} INFO - [2023-01-16T01:58:33.150+0000] {dagbag.py:537} INFO - Filling up the DagBag from /home/airflow/.local/lib/python3.7/site-packages/airflow/example_dags/example_short_circuit_decorator.py
[2023-01-16T01:58:33.175+0000] {processor.py:766} INFO - DAG(s) dict_keys(['example_short_circuit_decorator']) retrieved from /home/airflow/.local/lib/python3.7/site-packages/airflow/example_dags/example_short_circuit_decorator.py
[2023-01-16T01:58:33.209+0000] {logging_mixin.py:120} INFO - [2023-01-16T01:58:33.209+0000] {dag.py:2585} INFO - Sync 1 DAGs
[2023-01-16T01:58:33.251+0000] {logging_mixin.py:120} INFO - [2023-01-16T01:58:33.250+0000] {dag.py:3340} INFO - Setting next_dagrun for example_short_circuit_decorator to 2023-01-15T01:58:33.250399+00:00, run_after=2023-01-16T01:58:33.250399+00:00
[2023-01-16T01:58:33.280+0000] {processor.py:176} INFO - Processing /home/airflow/.local/lib/python3.7/site-packages/airflow/example_dags/example_short_circuit_decorator.py took 0.137 seconds
[2023-01-16T01:59:03.679+0000] {processor.py:154} INFO - Started process (PID=22446) to work on /home/airflow/.local/lib/python3.7/site-packages/airflow/example_dags/example_short_circuit_decorator.py
[2023-01-16T01:59:03.680+0000] {processor.py:756} INFO - Processing file /home/airflow/.local/lib/python3.7/site-packages/airflow/example_dags/example_short_circuit_decorator.py for tasks to queue
[2023-01-16T01:59:03.681+0000] {logging_mixin.py:120} INFO - [2023-01-16T01:59:03.681+0000] {dagbag.py:537} INFO - Filling up the DagBag from /home/airflow/.local/lib/python3.7/site-packages/airflow/example_dags/example_short_circuit_decorator.py
[2023-01-16T01:59:03.702+0000] {processor.py:766} INFO - DAG(s) dict_keys(['example_short_circuit_decorator']) retrieved from /home/airflow/.local/lib/python3.7/site-packages/airflow/example_dags/example_short_circuit_decorator.py
[2023-01-16T01:59:03.724+0000] {logging_mixin.py:120} INFO - [2023-01-16T01:59:03.724+0000] {dag.py:2585} INFO - Sync 1 DAGs
[2023-01-16T01:59:03.753+0000] {logging_mixin.py:120} INFO - [2023-01-16T01:59:03.753+0000] {dag.py:3340} INFO - Setting next_dagrun for example_short_circuit_decorator to 2023-01-15T01:59:03.753307+00:00, run_after=2023-01-16T01:59:03.753307+00:00
[2023-01-16T01:59:03.779+0000] {processor.py:176} INFO - Processing /home/airflow/.local/lib/python3.7/site-packages/airflow/example_dags/example_short_circuit_decorator.py took 0.105 seconds
[2023-01-16T01:59:34.033+0000] {processor.py:154} INFO - Started process (PID=22503) to work on /home/airflow/.local/lib/python3.7/site-packages/airflow/example_dags/example_short_circuit_decorator.py
[2023-01-16T01:59:34.035+0000] {processor.py:756} INFO - Processing file /home/airflow/.local/lib/python3.7/site-packages/airflow/example_dags/example_short_circuit_decorator.py for tasks to queue
[2023-01-16T01:59:34.037+0000] {logging_mixin.py:120} INFO - [2023-01-16T01:59:34.037+0000] {dagbag.py:537} INFO - Filling up the DagBag from /home/airflow/.local/lib/python3.7/site-packages/airflow/example_dags/example_short_circuit_decorator.py
[2023-01-16T01:59:34.094+0000] {processor.py:766} INFO - DAG(s) dict_keys(['example_short_circuit_decorator']) retrieved from /home/airflow/.local/lib/python3.7/site-packages/airflow/example_dags/example_short_circuit_decorator.py
[2023-01-16T01:59:34.160+0000] {logging_mixin.py:120} INFO - [2023-01-16T01:59:34.160+0000] {dag.py:2585} INFO - Sync 1 DAGs
[2023-01-16T01:59:34.231+0000] {logging_mixin.py:120} INFO - [2023-01-16T01:59:34.231+0000] {dag.py:3340} INFO - Setting next_dagrun for example_short_circuit_decorator to 2023-01-15T01:59:34.229992+00:00, run_after=2023-01-16T01:59:34.229992+00:00
[2023-01-16T01:59:34.283+0000] {processor.py:176} INFO - Processing /home/airflow/.local/lib/python3.7/site-packages/airflow/example_dags/example_short_circuit_decorator.py took 0.259 seconds
[2023-01-16T02:00:04.797+0000] {processor.py:154} INFO - Started process (PID=22570) to work on /home/airflow/.local/lib/python3.7/site-packages/airflow/example_dags/example_short_circuit_decorator.py
[2023-01-16T02:00:04.799+0000] {processor.py:756} INFO - Processing file /home/airflow/.local/lib/python3.7/site-packages/airflow/example_dags/example_short_circuit_decorator.py for tasks to queue
[2023-01-16T02:00:04.804+0000] {logging_mixin.py:120} INFO - [2023-01-16T02:00:04.804+0000] {dagbag.py:537} INFO - Filling up the DagBag from /home/airflow/.local/lib/python3.7/site-packages/airflow/example_dags/example_short_circuit_decorator.py
[2023-01-16T02:00:04.851+0000] {processor.py:766} INFO - DAG(s) dict_keys(['example_short_circuit_decorator']) retrieved from /home/airflow/.local/lib/python3.7/site-packages/airflow/example_dags/example_short_circuit_decorator.py
[2023-01-16T02:00:04.935+0000] {logging_mixin.py:120} INFO - [2023-01-16T02:00:04.934+0000] {dag.py:2585} INFO - Sync 1 DAGs
[2023-01-16T02:00:04.996+0000] {logging_mixin.py:120} INFO - [2023-01-16T02:00:04.995+0000] {dag.py:3340} INFO - Setting next_dagrun for example_short_circuit_decorator to 2023-01-15T02:00:04.994645+00:00, run_after=2023-01-16T02:00:04.994645+00:00
[2023-01-16T02:00:05.054+0000] {processor.py:176} INFO - Processing /home/airflow/.local/lib/python3.7/site-packages/airflow/example_dags/example_short_circuit_decorator.py took 0.267 seconds
[2023-01-16T02:00:35.180+0000] {processor.py:154} INFO - Started process (PID=22628) to work on /home/airflow/.local/lib/python3.7/site-packages/airflow/example_dags/example_short_circuit_decorator.py
[2023-01-16T02:00:35.181+0000] {processor.py:756} INFO - Processing file /home/airflow/.local/lib/python3.7/site-packages/airflow/example_dags/example_short_circuit_decorator.py for tasks to queue
[2023-01-16T02:00:35.183+0000] {logging_mixin.py:120} INFO - [2023-01-16T02:00:35.182+0000] {dagbag.py:537} INFO - Filling up the DagBag from /home/airflow/.local/lib/python3.7/site-packages/airflow/example_dags/example_short_circuit_decorator.py
[2023-01-16T02:00:35.206+0000] {processor.py:766} INFO - DAG(s) dict_keys(['example_short_circuit_decorator']) retrieved from /home/airflow/.local/lib/python3.7/site-packages/airflow/example_dags/example_short_circuit_decorator.py
[2023-01-16T02:00:35.236+0000] {logging_mixin.py:120} INFO - [2023-01-16T02:00:35.236+0000] {dag.py:2585} INFO - Sync 1 DAGs
[2023-01-16T02:00:35.265+0000] {logging_mixin.py:120} INFO - [2023-01-16T02:00:35.265+0000] {dag.py:3340} INFO - Setting next_dagrun for example_short_circuit_decorator to 2023-01-15T02:00:35.265131+00:00, run_after=2023-01-16T02:00:35.265131+00:00
[2023-01-16T02:00:35.287+0000] {processor.py:176} INFO - Processing /home/airflow/.local/lib/python3.7/site-packages/airflow/example_dags/example_short_circuit_decorator.py took 0.111 seconds
[2023-01-16T02:01:05.512+0000] {processor.py:154} INFO - Started process (PID=22696) to work on /home/airflow/.local/lib/python3.7/site-packages/airflow/example_dags/example_short_circuit_decorator.py
[2023-01-16T02:01:05.513+0000] {processor.py:756} INFO - Processing file /home/airflow/.local/lib/python3.7/site-packages/airflow/example_dags/example_short_circuit_decorator.py for tasks to queue
[2023-01-16T02:01:05.515+0000] {logging_mixin.py:120} INFO - [2023-01-16T02:01:05.514+0000] {dagbag.py:537} INFO - Filling up the DagBag from /home/airflow/.local/lib/python3.7/site-packages/airflow/example_dags/example_short_circuit_decorator.py
[2023-01-16T02:01:05.542+0000] {processor.py:766} INFO - DAG(s) dict_keys(['example_short_circuit_decorator']) retrieved from /home/airflow/.local/lib/python3.7/site-packages/airflow/example_dags/example_short_circuit_decorator.py
[2023-01-16T02:01:05.572+0000] {logging_mixin.py:120} INFO - [2023-01-16T02:01:05.572+0000] {dag.py:2585} INFO - Sync 1 DAGs
[2023-01-16T02:01:05.605+0000] {logging_mixin.py:120} INFO - [2023-01-16T02:01:05.605+0000] {dag.py:3340} INFO - Setting next_dagrun for example_short_circuit_decorator to 2023-01-15T02:01:05.604767+00:00, run_after=2023-01-16T02:01:05.604767+00:00
[2023-01-16T02:01:05.627+0000] {processor.py:176} INFO - Processing /home/airflow/.local/lib/python3.7/site-packages/airflow/example_dags/example_short_circuit_decorator.py took 0.118 seconds
[2023-01-16T02:01:35.803+0000] {processor.py:154} INFO - Started process (PID=22765) to work on /home/airflow/.local/lib/python3.7/site-packages/airflow/example_dags/example_short_circuit_decorator.py
[2023-01-16T02:01:35.805+0000] {processor.py:756} INFO - Processing file /home/airflow/.local/lib/python3.7/site-packages/airflow/example_dags/example_short_circuit_decorator.py for tasks to queue
[2023-01-16T02:01:35.806+0000] {logging_mixin.py:120} INFO - [2023-01-16T02:01:35.806+0000] {dagbag.py:537} INFO - Filling up the DagBag from /home/airflow/.local/lib/python3.7/site-packages/airflow/example_dags/example_short_circuit_decorator.py
[2023-01-16T02:01:35.841+0000] {processor.py:766} INFO - DAG(s) dict_keys(['example_short_circuit_decorator']) retrieved from /home/airflow/.local/lib/python3.7/site-packages/airflow/example_dags/example_short_circuit_decorator.py
[2023-01-16T02:01:35.889+0000] {logging_mixin.py:120} INFO - [2023-01-16T02:01:35.889+0000] {dag.py:2585} INFO - Sync 1 DAGs
[2023-01-16T02:01:35.934+0000] {logging_mixin.py:120} INFO - [2023-01-16T02:01:35.933+0000] {dag.py:3340} INFO - Setting next_dagrun for example_short_circuit_decorator to 2023-01-15T02:01:35.933444+00:00, run_after=2023-01-16T02:01:35.933444+00:00
[2023-01-16T02:01:35.984+0000] {processor.py:176} INFO - Processing /home/airflow/.local/lib/python3.7/site-packages/airflow/example_dags/example_short_circuit_decorator.py took 0.188 seconds
