[2023-01-16T01:55:59.149+0000] {processor.py:154} INFO - Started process (PID=22083) to work on /home/airflow/.local/lib/python3.7/site-packages/airflow/example_dags/tutorial_dag.py
[2023-01-16T01:55:59.156+0000] {processor.py:756} INFO - Processing file /home/airflow/.local/lib/python3.7/site-packages/airflow/example_dags/tutorial_dag.py for tasks to queue
[2023-01-16T01:55:59.172+0000] {logging_mixin.py:120} INFO - [2023-01-16T01:55:59.172+0000] {dagbag.py:537} INFO - Filling up the DagBag from /home/airflow/.local/lib/python3.7/site-packages/airflow/example_dags/tutorial_dag.py
[2023-01-16T01:55:59.226+0000] {processor.py:766} INFO - DAG(s) dict_keys(['tutorial_dag']) retrieved from /home/airflow/.local/lib/python3.7/site-packages/airflow/example_dags/tutorial_dag.py
[2023-01-16T01:55:59.315+0000] {logging_mixin.py:120} INFO - [2023-01-16T01:55:59.314+0000] {dag.py:2585} INFO - Sync 1 DAGs
[2023-01-16T01:55:59.427+0000] {logging_mixin.py:120} INFO - [2023-01-16T01:55:59.426+0000] {dag.py:3340} INFO - Setting next_dagrun for tutorial_dag to None, run_after=None
[2023-01-16T01:55:59.633+0000] {processor.py:176} INFO - Processing /home/airflow/.local/lib/python3.7/site-packages/airflow/example_dags/tutorial_dag.py took 0.491 seconds
[2023-01-16T01:56:29.889+0000] {processor.py:154} INFO - Started process (PID=22138) to work on /home/airflow/.local/lib/python3.7/site-packages/airflow/example_dags/tutorial_dag.py
[2023-01-16T01:56:29.892+0000] {processor.py:756} INFO - Processing file /home/airflow/.local/lib/python3.7/site-packages/airflow/example_dags/tutorial_dag.py for tasks to queue
[2023-01-16T01:56:29.897+0000] {logging_mixin.py:120} INFO - [2023-01-16T01:56:29.897+0000] {dagbag.py:537} INFO - Filling up the DagBag from /home/airflow/.local/lib/python3.7/site-packages/airflow/example_dags/tutorial_dag.py
[2023-01-16T01:56:29.924+0000] {processor.py:766} INFO - DAG(s) dict_keys(['tutorial_dag']) retrieved from /home/airflow/.local/lib/python3.7/site-packages/airflow/example_dags/tutorial_dag.py
[2023-01-16T01:56:29.995+0000] {logging_mixin.py:120} INFO - [2023-01-16T01:56:29.994+0000] {dag.py:2585} INFO - Sync 1 DAGs
[2023-01-16T01:56:30.072+0000] {logging_mixin.py:120} INFO - [2023-01-16T01:56:30.072+0000] {dag.py:3340} INFO - Setting next_dagrun for tutorial_dag to None, run_after=None
[2023-01-16T01:56:30.155+0000] {processor.py:176} INFO - Processing /home/airflow/.local/lib/python3.7/site-packages/airflow/example_dags/tutorial_dag.py took 0.276 seconds
[2023-01-16T01:57:00.374+0000] {processor.py:154} INFO - Started process (PID=22197) to work on /home/airflow/.local/lib/python3.7/site-packages/airflow/example_dags/tutorial_dag.py
[2023-01-16T01:57:00.376+0000] {processor.py:756} INFO - Processing file /home/airflow/.local/lib/python3.7/site-packages/airflow/example_dags/tutorial_dag.py for tasks to queue
[2023-01-16T01:57:00.379+0000] {logging_mixin.py:120} INFO - [2023-01-16T01:57:00.379+0000] {dagbag.py:537} INFO - Filling up the DagBag from /home/airflow/.local/lib/python3.7/site-packages/airflow/example_dags/tutorial_dag.py
[2023-01-16T01:57:00.397+0000] {processor.py:766} INFO - DAG(s) dict_keys(['tutorial_dag']) retrieved from /home/airflow/.local/lib/python3.7/site-packages/airflow/example_dags/tutorial_dag.py
[2023-01-16T01:57:00.480+0000] {logging_mixin.py:120} INFO - [2023-01-16T01:57:00.479+0000] {dag.py:2585} INFO - Sync 1 DAGs
[2023-01-16T01:57:00.549+0000] {logging_mixin.py:120} INFO - [2023-01-16T01:57:00.548+0000] {dag.py:3340} INFO - Setting next_dagrun for tutorial_dag to None, run_after=None
[2023-01-16T01:57:00.602+0000] {processor.py:176} INFO - Processing /home/airflow/.local/lib/python3.7/site-packages/airflow/example_dags/tutorial_dag.py took 0.235 seconds
[2023-01-16T01:57:31.044+0000] {processor.py:154} INFO - Started process (PID=22255) to work on /home/airflow/.local/lib/python3.7/site-packages/airflow/example_dags/tutorial_dag.py
[2023-01-16T01:57:31.046+0000] {processor.py:756} INFO - Processing file /home/airflow/.local/lib/python3.7/site-packages/airflow/example_dags/tutorial_dag.py for tasks to queue
[2023-01-16T01:57:31.049+0000] {logging_mixin.py:120} INFO - [2023-01-16T01:57:31.048+0000] {dagbag.py:537} INFO - Filling up the DagBag from /home/airflow/.local/lib/python3.7/site-packages/airflow/example_dags/tutorial_dag.py
[2023-01-16T01:57:31.074+0000] {processor.py:766} INFO - DAG(s) dict_keys(['tutorial_dag']) retrieved from /home/airflow/.local/lib/python3.7/site-packages/airflow/example_dags/tutorial_dag.py
[2023-01-16T01:57:31.152+0000] {logging_mixin.py:120} INFO - [2023-01-16T01:57:31.152+0000] {dag.py:2585} INFO - Sync 1 DAGs
[2023-01-16T01:57:31.232+0000] {logging_mixin.py:120} INFO - [2023-01-16T01:57:31.232+0000] {dag.py:3340} INFO - Setting next_dagrun for tutorial_dag to None, run_after=None
[2023-01-16T01:57:31.295+0000] {processor.py:176} INFO - Processing /home/airflow/.local/lib/python3.7/site-packages/airflow/example_dags/tutorial_dag.py took 0.267 seconds
[2023-01-16T01:58:01.494+0000] {processor.py:154} INFO - Started process (PID=22322) to work on /home/airflow/.local/lib/python3.7/site-packages/airflow/example_dags/tutorial_dag.py
[2023-01-16T01:58:01.495+0000] {processor.py:756} INFO - Processing file /home/airflow/.local/lib/python3.7/site-packages/airflow/example_dags/tutorial_dag.py for tasks to queue
[2023-01-16T01:58:01.497+0000] {logging_mixin.py:120} INFO - [2023-01-16T01:58:01.497+0000] {dagbag.py:537} INFO - Filling up the DagBag from /home/airflow/.local/lib/python3.7/site-packages/airflow/example_dags/tutorial_dag.py
[2023-01-16T01:58:01.511+0000] {processor.py:766} INFO - DAG(s) dict_keys(['tutorial_dag']) retrieved from /home/airflow/.local/lib/python3.7/site-packages/airflow/example_dags/tutorial_dag.py
[2023-01-16T01:58:01.556+0000] {logging_mixin.py:120} INFO - [2023-01-16T01:58:01.556+0000] {dag.py:2585} INFO - Sync 1 DAGs
[2023-01-16T01:58:01.607+0000] {logging_mixin.py:120} INFO - [2023-01-16T01:58:01.606+0000] {dag.py:3340} INFO - Setting next_dagrun for tutorial_dag to None, run_after=None
[2023-01-16T01:58:01.653+0000] {processor.py:176} INFO - Processing /home/airflow/.local/lib/python3.7/site-packages/airflow/example_dags/tutorial_dag.py took 0.166 seconds
[2023-01-16T01:58:32.136+0000] {processor.py:154} INFO - Started process (PID=22379) to work on /home/airflow/.local/lib/python3.7/site-packages/airflow/example_dags/tutorial_dag.py
[2023-01-16T01:58:32.138+0000] {processor.py:756} INFO - Processing file /home/airflow/.local/lib/python3.7/site-packages/airflow/example_dags/tutorial_dag.py for tasks to queue
[2023-01-16T01:58:32.140+0000] {logging_mixin.py:120} INFO - [2023-01-16T01:58:32.140+0000] {dagbag.py:537} INFO - Filling up the DagBag from /home/airflow/.local/lib/python3.7/site-packages/airflow/example_dags/tutorial_dag.py
[2023-01-16T01:58:32.162+0000] {processor.py:766} INFO - DAG(s) dict_keys(['tutorial_dag']) retrieved from /home/airflow/.local/lib/python3.7/site-packages/airflow/example_dags/tutorial_dag.py
[2023-01-16T01:58:32.210+0000] {logging_mixin.py:120} INFO - [2023-01-16T01:58:32.209+0000] {dag.py:2585} INFO - Sync 1 DAGs
[2023-01-16T01:58:32.241+0000] {logging_mixin.py:120} INFO - [2023-01-16T01:58:32.241+0000] {dag.py:3340} INFO - Setting next_dagrun for tutorial_dag to None, run_after=None
[2023-01-16T01:58:32.269+0000] {processor.py:176} INFO - Processing /home/airflow/.local/lib/python3.7/site-packages/airflow/example_dags/tutorial_dag.py took 0.145 seconds
[2023-01-16T01:59:02.671+0000] {processor.py:154} INFO - Started process (PID=22445) to work on /home/airflow/.local/lib/python3.7/site-packages/airflow/example_dags/tutorial_dag.py
[2023-01-16T01:59:02.674+0000] {processor.py:756} INFO - Processing file /home/airflow/.local/lib/python3.7/site-packages/airflow/example_dags/tutorial_dag.py for tasks to queue
[2023-01-16T01:59:02.676+0000] {logging_mixin.py:120} INFO - [2023-01-16T01:59:02.676+0000] {dagbag.py:537} INFO - Filling up the DagBag from /home/airflow/.local/lib/python3.7/site-packages/airflow/example_dags/tutorial_dag.py
[2023-01-16T01:59:02.691+0000] {processor.py:766} INFO - DAG(s) dict_keys(['tutorial_dag']) retrieved from /home/airflow/.local/lib/python3.7/site-packages/airflow/example_dags/tutorial_dag.py
[2023-01-16T01:59:02.742+0000] {logging_mixin.py:120} INFO - [2023-01-16T01:59:02.741+0000] {dag.py:2585} INFO - Sync 1 DAGs
[2023-01-16T01:59:02.774+0000] {logging_mixin.py:120} INFO - [2023-01-16T01:59:02.774+0000] {dag.py:3340} INFO - Setting next_dagrun for tutorial_dag to None, run_after=None
[2023-01-16T01:59:02.799+0000] {processor.py:176} INFO - Processing /home/airflow/.local/lib/python3.7/site-packages/airflow/example_dags/tutorial_dag.py took 0.136 seconds
[2023-01-16T01:59:33.437+0000] {processor.py:154} INFO - Started process (PID=22502) to work on /home/airflow/.local/lib/python3.7/site-packages/airflow/example_dags/tutorial_dag.py
[2023-01-16T01:59:33.446+0000] {processor.py:756} INFO - Processing file /home/airflow/.local/lib/python3.7/site-packages/airflow/example_dags/tutorial_dag.py for tasks to queue
[2023-01-16T01:59:33.456+0000] {logging_mixin.py:120} INFO - [2023-01-16T01:59:33.455+0000] {dagbag.py:537} INFO - Filling up the DagBag from /home/airflow/.local/lib/python3.7/site-packages/airflow/example_dags/tutorial_dag.py
[2023-01-16T01:59:33.479+0000] {processor.py:766} INFO - DAG(s) dict_keys(['tutorial_dag']) retrieved from /home/airflow/.local/lib/python3.7/site-packages/airflow/example_dags/tutorial_dag.py
[2023-01-16T01:59:33.565+0000] {logging_mixin.py:120} INFO - [2023-01-16T01:59:33.565+0000] {dag.py:2585} INFO - Sync 1 DAGs
[2023-01-16T01:59:33.648+0000] {logging_mixin.py:120} INFO - [2023-01-16T01:59:33.647+0000] {dag.py:3340} INFO - Setting next_dagrun for tutorial_dag to None, run_after=None
[2023-01-16T01:59:33.711+0000] {processor.py:176} INFO - Processing /home/airflow/.local/lib/python3.7/site-packages/airflow/example_dags/tutorial_dag.py took 0.284 seconds
[2023-01-16T02:00:03.822+0000] {processor.py:154} INFO - Started process (PID=22568) to work on /home/airflow/.local/lib/python3.7/site-packages/airflow/example_dags/tutorial_dag.py
[2023-01-16T02:00:03.824+0000] {processor.py:756} INFO - Processing file /home/airflow/.local/lib/python3.7/site-packages/airflow/example_dags/tutorial_dag.py for tasks to queue
[2023-01-16T02:00:03.827+0000] {logging_mixin.py:120} INFO - [2023-01-16T02:00:03.827+0000] {dagbag.py:537} INFO - Filling up the DagBag from /home/airflow/.local/lib/python3.7/site-packages/airflow/example_dags/tutorial_dag.py
[2023-01-16T02:00:03.850+0000] {processor.py:766} INFO - DAG(s) dict_keys(['tutorial_dag']) retrieved from /home/airflow/.local/lib/python3.7/site-packages/airflow/example_dags/tutorial_dag.py
[2023-01-16T02:00:03.914+0000] {logging_mixin.py:120} INFO - [2023-01-16T02:00:03.913+0000] {dag.py:2585} INFO - Sync 1 DAGs
[2023-01-16T02:00:03.987+0000] {logging_mixin.py:120} INFO - [2023-01-16T02:00:03.987+0000] {dag.py:3340} INFO - Setting next_dagrun for tutorial_dag to None, run_after=None
[2023-01-16T02:00:04.055+0000] {processor.py:176} INFO - Processing /home/airflow/.local/lib/python3.7/site-packages/airflow/example_dags/tutorial_dag.py took 0.243 seconds
[2023-01-16T02:00:34.963+0000] {processor.py:154} INFO - Started process (PID=22626) to work on /home/airflow/.local/lib/python3.7/site-packages/airflow/example_dags/tutorial_dag.py
[2023-01-16T02:00:34.965+0000] {processor.py:756} INFO - Processing file /home/airflow/.local/lib/python3.7/site-packages/airflow/example_dags/tutorial_dag.py for tasks to queue
[2023-01-16T02:00:34.967+0000] {logging_mixin.py:120} INFO - [2023-01-16T02:00:34.967+0000] {dagbag.py:537} INFO - Filling up the DagBag from /home/airflow/.local/lib/python3.7/site-packages/airflow/example_dags/tutorial_dag.py
[2023-01-16T02:00:34.989+0000] {processor.py:766} INFO - DAG(s) dict_keys(['tutorial_dag']) retrieved from /home/airflow/.local/lib/python3.7/site-packages/airflow/example_dags/tutorial_dag.py
[2023-01-16T02:00:35.030+0000] {logging_mixin.py:120} INFO - [2023-01-16T02:00:35.029+0000] {dag.py:2585} INFO - Sync 1 DAGs
[2023-01-16T02:00:35.054+0000] {logging_mixin.py:120} INFO - [2023-01-16T02:00:35.053+0000] {dag.py:3340} INFO - Setting next_dagrun for tutorial_dag to None, run_after=None
[2023-01-16T02:00:35.075+0000] {processor.py:176} INFO - Processing /home/airflow/.local/lib/python3.7/site-packages/airflow/example_dags/tutorial_dag.py took 0.121 seconds
[2023-01-16T02:01:05.372+0000] {processor.py:154} INFO - Started process (PID=22695) to work on /home/airflow/.local/lib/python3.7/site-packages/airflow/example_dags/tutorial_dag.py
[2023-01-16T02:01:05.374+0000] {processor.py:756} INFO - Processing file /home/airflow/.local/lib/python3.7/site-packages/airflow/example_dags/tutorial_dag.py for tasks to queue
[2023-01-16T02:01:05.376+0000] {logging_mixin.py:120} INFO - [2023-01-16T02:01:05.375+0000] {dagbag.py:537} INFO - Filling up the DagBag from /home/airflow/.local/lib/python3.7/site-packages/airflow/example_dags/tutorial_dag.py
[2023-01-16T02:01:05.386+0000] {processor.py:766} INFO - DAG(s) dict_keys(['tutorial_dag']) retrieved from /home/airflow/.local/lib/python3.7/site-packages/airflow/example_dags/tutorial_dag.py
[2023-01-16T02:01:05.415+0000] {logging_mixin.py:120} INFO - [2023-01-16T02:01:05.415+0000] {dag.py:2585} INFO - Sync 1 DAGs
[2023-01-16T02:01:05.444+0000] {logging_mixin.py:120} INFO - [2023-01-16T02:01:05.444+0000] {dag.py:3340} INFO - Setting next_dagrun for tutorial_dag to None, run_after=None
[2023-01-16T02:01:05.476+0000] {processor.py:176} INFO - Processing /home/airflow/.local/lib/python3.7/site-packages/airflow/example_dags/tutorial_dag.py took 0.116 seconds
[2023-01-16T02:01:35.570+0000] {processor.py:154} INFO - Started process (PID=22763) to work on /home/airflow/.local/lib/python3.7/site-packages/airflow/example_dags/tutorial_dag.py
[2023-01-16T02:01:35.573+0000] {processor.py:756} INFO - Processing file /home/airflow/.local/lib/python3.7/site-packages/airflow/example_dags/tutorial_dag.py for tasks to queue
[2023-01-16T02:01:35.576+0000] {logging_mixin.py:120} INFO - [2023-01-16T02:01:35.575+0000] {dagbag.py:537} INFO - Filling up the DagBag from /home/airflow/.local/lib/python3.7/site-packages/airflow/example_dags/tutorial_dag.py
[2023-01-16T02:01:35.591+0000] {processor.py:766} INFO - DAG(s) dict_keys(['tutorial_dag']) retrieved from /home/airflow/.local/lib/python3.7/site-packages/airflow/example_dags/tutorial_dag.py
[2023-01-16T02:01:35.633+0000] {logging_mixin.py:120} INFO - [2023-01-16T02:01:35.633+0000] {dag.py:2585} INFO - Sync 1 DAGs
[2023-01-16T02:01:35.679+0000] {logging_mixin.py:120} INFO - [2023-01-16T02:01:35.679+0000] {dag.py:3340} INFO - Setting next_dagrun for tutorial_dag to None, run_after=None
[2023-01-16T02:01:35.730+0000] {processor.py:176} INFO - Processing /home/airflow/.local/lib/python3.7/site-packages/airflow/example_dags/tutorial_dag.py took 0.166 seconds
