[2023-01-16T01:55:52.390+0000] {processor.py:154} INFO - Started process (PID=22064) to work on /home/airflow/.local/lib/python3.7/site-packages/airflow/example_dags/tutorial_taskflow_api_virtualenv.py
[2023-01-16T01:55:52.412+0000] {processor.py:756} INFO - Processing file /home/airflow/.local/lib/python3.7/site-packages/airflow/example_dags/tutorial_taskflow_api_virtualenv.py for tasks to queue
[2023-01-16T01:55:52.466+0000] {logging_mixin.py:120} INFO - [2023-01-16T01:55:52.418+0000] {dagbag.py:537} INFO - Filling up the DagBag from /home/airflow/.local/lib/python3.7/site-packages/airflow/example_dags/tutorial_taskflow_api_virtualenv.py
[2023-01-16T01:55:52.789+0000] {processor.py:766} INFO - DAG(s) dict_keys(['tutorial_taskflow_api_virtualenv']) retrieved from /home/airflow/.local/lib/python3.7/site-packages/airflow/example_dags/tutorial_taskflow_api_virtualenv.py
[2023-01-16T01:55:52.936+0000] {logging_mixin.py:120} INFO - [2023-01-16T01:55:52.936+0000] {dag.py:2585} INFO - Sync 1 DAGs
[2023-01-16T01:55:53.139+0000] {logging_mixin.py:120} INFO - [2023-01-16T01:55:53.139+0000] {dag.py:3340} INFO - Setting next_dagrun for tutorial_taskflow_api_virtualenv to None, run_after=None
[2023-01-16T01:55:53.347+0000] {processor.py:176} INFO - Processing /home/airflow/.local/lib/python3.7/site-packages/airflow/example_dags/tutorial_taskflow_api_virtualenv.py took 0.976 seconds
[2023-01-16T01:56:23.938+0000] {processor.py:154} INFO - Started process (PID=22121) to work on /home/airflow/.local/lib/python3.7/site-packages/airflow/example_dags/tutorial_taskflow_api_virtualenv.py
[2023-01-16T01:56:23.941+0000] {processor.py:756} INFO - Processing file /home/airflow/.local/lib/python3.7/site-packages/airflow/example_dags/tutorial_taskflow_api_virtualenv.py for tasks to queue
[2023-01-16T01:56:23.945+0000] {logging_mixin.py:120} INFO - [2023-01-16T01:56:23.945+0000] {dagbag.py:537} INFO - Filling up the DagBag from /home/airflow/.local/lib/python3.7/site-packages/airflow/example_dags/tutorial_taskflow_api_virtualenv.py
[2023-01-16T01:56:24.032+0000] {processor.py:766} INFO - DAG(s) dict_keys(['tutorial_taskflow_api_virtualenv']) retrieved from /home/airflow/.local/lib/python3.7/site-packages/airflow/example_dags/tutorial_taskflow_api_virtualenv.py
[2023-01-16T01:56:24.157+0000] {logging_mixin.py:120} INFO - [2023-01-16T01:56:24.156+0000] {dag.py:2585} INFO - Sync 1 DAGs
[2023-01-16T01:56:24.256+0000] {logging_mixin.py:120} INFO - [2023-01-16T01:56:24.256+0000] {dag.py:3340} INFO - Setting next_dagrun for tutorial_taskflow_api_virtualenv to None, run_after=None
[2023-01-16T01:56:24.342+0000] {processor.py:176} INFO - Processing /home/airflow/.local/lib/python3.7/site-packages/airflow/example_dags/tutorial_taskflow_api_virtualenv.py took 0.413 seconds
[2023-01-16T01:56:55.267+0000] {processor.py:154} INFO - Started process (PID=22179) to work on /home/airflow/.local/lib/python3.7/site-packages/airflow/example_dags/tutorial_taskflow_api_virtualenv.py
[2023-01-16T01:56:55.269+0000] {processor.py:756} INFO - Processing file /home/airflow/.local/lib/python3.7/site-packages/airflow/example_dags/tutorial_taskflow_api_virtualenv.py for tasks to queue
[2023-01-16T01:56:55.271+0000] {logging_mixin.py:120} INFO - [2023-01-16T01:56:55.271+0000] {dagbag.py:537} INFO - Filling up the DagBag from /home/airflow/.local/lib/python3.7/site-packages/airflow/example_dags/tutorial_taskflow_api_virtualenv.py
[2023-01-16T01:56:55.316+0000] {processor.py:766} INFO - DAG(s) dict_keys(['tutorial_taskflow_api_virtualenv']) retrieved from /home/airflow/.local/lib/python3.7/site-packages/airflow/example_dags/tutorial_taskflow_api_virtualenv.py
[2023-01-16T01:56:55.377+0000] {logging_mixin.py:120} INFO - [2023-01-16T01:56:55.377+0000] {dag.py:2585} INFO - Sync 1 DAGs
[2023-01-16T01:56:55.455+0000] {logging_mixin.py:120} INFO - [2023-01-16T01:56:55.455+0000] {dag.py:3340} INFO - Setting next_dagrun for tutorial_taskflow_api_virtualenv to None, run_after=None
[2023-01-16T01:56:55.518+0000] {processor.py:176} INFO - Processing /home/airflow/.local/lib/python3.7/site-packages/airflow/example_dags/tutorial_taskflow_api_virtualenv.py took 0.257 seconds
[2023-01-16T01:57:25.685+0000] {processor.py:154} INFO - Started process (PID=22246) to work on /home/airflow/.local/lib/python3.7/site-packages/airflow/example_dags/tutorial_taskflow_api_virtualenv.py
[2023-01-16T01:57:25.687+0000] {processor.py:756} INFO - Processing file /home/airflow/.local/lib/python3.7/site-packages/airflow/example_dags/tutorial_taskflow_api_virtualenv.py for tasks to queue
[2023-01-16T01:57:25.690+0000] {logging_mixin.py:120} INFO - [2023-01-16T01:57:25.689+0000] {dagbag.py:537} INFO - Filling up the DagBag from /home/airflow/.local/lib/python3.7/site-packages/airflow/example_dags/tutorial_taskflow_api_virtualenv.py
[2023-01-16T01:57:25.722+0000] {processor.py:766} INFO - DAG(s) dict_keys(['tutorial_taskflow_api_virtualenv']) retrieved from /home/airflow/.local/lib/python3.7/site-packages/airflow/example_dags/tutorial_taskflow_api_virtualenv.py
[2023-01-16T01:57:25.767+0000] {logging_mixin.py:120} INFO - [2023-01-16T01:57:25.767+0000] {dag.py:2585} INFO - Sync 1 DAGs
[2023-01-16T01:57:25.827+0000] {logging_mixin.py:120} INFO - [2023-01-16T01:57:25.826+0000] {dag.py:3340} INFO - Setting next_dagrun for tutorial_taskflow_api_virtualenv to None, run_after=None
[2023-01-16T01:57:25.887+0000] {processor.py:176} INFO - Processing /home/airflow/.local/lib/python3.7/site-packages/airflow/example_dags/tutorial_taskflow_api_virtualenv.py took 0.212 seconds
[2023-01-16T01:57:56.070+0000] {processor.py:154} INFO - Started process (PID=22304) to work on /home/airflow/.local/lib/python3.7/site-packages/airflow/example_dags/tutorial_taskflow_api_virtualenv.py
[2023-01-16T01:57:56.071+0000] {processor.py:756} INFO - Processing file /home/airflow/.local/lib/python3.7/site-packages/airflow/example_dags/tutorial_taskflow_api_virtualenv.py for tasks to queue
[2023-01-16T01:57:56.073+0000] {logging_mixin.py:120} INFO - [2023-01-16T01:57:56.073+0000] {dagbag.py:537} INFO - Filling up the DagBag from /home/airflow/.local/lib/python3.7/site-packages/airflow/example_dags/tutorial_taskflow_api_virtualenv.py
[2023-01-16T01:57:56.092+0000] {processor.py:766} INFO - DAG(s) dict_keys(['tutorial_taskflow_api_virtualenv']) retrieved from /home/airflow/.local/lib/python3.7/site-packages/airflow/example_dags/tutorial_taskflow_api_virtualenv.py
[2023-01-16T01:57:56.129+0000] {logging_mixin.py:120} INFO - [2023-01-16T01:57:56.129+0000] {dag.py:2585} INFO - Sync 1 DAGs
[2023-01-16T01:57:56.165+0000] {logging_mixin.py:120} INFO - [2023-01-16T01:57:56.164+0000] {dag.py:3340} INFO - Setting next_dagrun for tutorial_taskflow_api_virtualenv to None, run_after=None
[2023-01-16T01:57:56.206+0000] {processor.py:176} INFO - Processing /home/airflow/.local/lib/python3.7/site-packages/airflow/example_dags/tutorial_taskflow_api_virtualenv.py took 0.142 seconds
[2023-01-16T01:58:26.287+0000] {processor.py:154} INFO - Started process (PID=22369) to work on /home/airflow/.local/lib/python3.7/site-packages/airflow/example_dags/tutorial_taskflow_api_virtualenv.py
[2023-01-16T01:58:26.290+0000] {processor.py:756} INFO - Processing file /home/airflow/.local/lib/python3.7/site-packages/airflow/example_dags/tutorial_taskflow_api_virtualenv.py for tasks to queue
[2023-01-16T01:58:26.293+0000] {logging_mixin.py:120} INFO - [2023-01-16T01:58:26.292+0000] {dagbag.py:537} INFO - Filling up the DagBag from /home/airflow/.local/lib/python3.7/site-packages/airflow/example_dags/tutorial_taskflow_api_virtualenv.py
[2023-01-16T01:58:26.330+0000] {processor.py:766} INFO - DAG(s) dict_keys(['tutorial_taskflow_api_virtualenv']) retrieved from /home/airflow/.local/lib/python3.7/site-packages/airflow/example_dags/tutorial_taskflow_api_virtualenv.py
[2023-01-16T01:58:26.374+0000] {logging_mixin.py:120} INFO - [2023-01-16T01:58:26.373+0000] {dag.py:2585} INFO - Sync 1 DAGs
[2023-01-16T01:58:26.428+0000] {logging_mixin.py:120} INFO - [2023-01-16T01:58:26.428+0000] {dag.py:3340} INFO - Setting next_dagrun for tutorial_taskflow_api_virtualenv to None, run_after=None
[2023-01-16T01:58:26.489+0000] {processor.py:176} INFO - Processing /home/airflow/.local/lib/python3.7/site-packages/airflow/example_dags/tutorial_taskflow_api_virtualenv.py took 0.208 seconds
[2023-01-16T01:58:56.809+0000] {processor.py:154} INFO - Started process (PID=22427) to work on /home/airflow/.local/lib/python3.7/site-packages/airflow/example_dags/tutorial_taskflow_api_virtualenv.py
[2023-01-16T01:58:56.810+0000] {processor.py:756} INFO - Processing file /home/airflow/.local/lib/python3.7/site-packages/airflow/example_dags/tutorial_taskflow_api_virtualenv.py for tasks to queue
[2023-01-16T01:58:56.811+0000] {logging_mixin.py:120} INFO - [2023-01-16T01:58:56.810+0000] {dagbag.py:537} INFO - Filling up the DagBag from /home/airflow/.local/lib/python3.7/site-packages/airflow/example_dags/tutorial_taskflow_api_virtualenv.py
[2023-01-16T01:58:56.844+0000] {processor.py:766} INFO - DAG(s) dict_keys(['tutorial_taskflow_api_virtualenv']) retrieved from /home/airflow/.local/lib/python3.7/site-packages/airflow/example_dags/tutorial_taskflow_api_virtualenv.py
[2023-01-16T01:58:56.883+0000] {logging_mixin.py:120} INFO - [2023-01-16T01:58:56.883+0000] {dag.py:2585} INFO - Sync 1 DAGs
[2023-01-16T01:58:56.927+0000] {logging_mixin.py:120} INFO - [2023-01-16T01:58:56.927+0000] {dag.py:3340} INFO - Setting next_dagrun for tutorial_taskflow_api_virtualenv to None, run_after=None
[2023-01-16T01:58:56.965+0000] {processor.py:176} INFO - Processing /home/airflow/.local/lib/python3.7/site-packages/airflow/example_dags/tutorial_taskflow_api_virtualenv.py took 0.162 seconds
[2023-01-16T01:59:27.429+0000] {processor.py:154} INFO - Started process (PID=22493) to work on /home/airflow/.local/lib/python3.7/site-packages/airflow/example_dags/tutorial_taskflow_api_virtualenv.py
[2023-01-16T01:59:27.430+0000] {processor.py:756} INFO - Processing file /home/airflow/.local/lib/python3.7/site-packages/airflow/example_dags/tutorial_taskflow_api_virtualenv.py for tasks to queue
[2023-01-16T01:59:27.431+0000] {logging_mixin.py:120} INFO - [2023-01-16T01:59:27.431+0000] {dagbag.py:537} INFO - Filling up the DagBag from /home/airflow/.local/lib/python3.7/site-packages/airflow/example_dags/tutorial_taskflow_api_virtualenv.py
[2023-01-16T01:59:27.450+0000] {processor.py:766} INFO - DAG(s) dict_keys(['tutorial_taskflow_api_virtualenv']) retrieved from /home/airflow/.local/lib/python3.7/site-packages/airflow/example_dags/tutorial_taskflow_api_virtualenv.py
[2023-01-16T01:59:27.484+0000] {logging_mixin.py:120} INFO - [2023-01-16T01:59:27.484+0000] {dag.py:2585} INFO - Sync 1 DAGs
[2023-01-16T01:59:27.520+0000] {logging_mixin.py:120} INFO - [2023-01-16T01:59:27.519+0000] {dag.py:3340} INFO - Setting next_dagrun for tutorial_taskflow_api_virtualenv to None, run_after=None
[2023-01-16T01:59:27.550+0000] {processor.py:176} INFO - Processing /home/airflow/.local/lib/python3.7/site-packages/airflow/example_dags/tutorial_taskflow_api_virtualenv.py took 0.125 seconds
[2023-01-16T01:59:58.520+0000] {processor.py:154} INFO - Started process (PID=22551) to work on /home/airflow/.local/lib/python3.7/site-packages/airflow/example_dags/tutorial_taskflow_api_virtualenv.py
[2023-01-16T01:59:58.522+0000] {processor.py:756} INFO - Processing file /home/airflow/.local/lib/python3.7/site-packages/airflow/example_dags/tutorial_taskflow_api_virtualenv.py for tasks to queue
[2023-01-16T01:59:58.524+0000] {logging_mixin.py:120} INFO - [2023-01-16T01:59:58.524+0000] {dagbag.py:537} INFO - Filling up the DagBag from /home/airflow/.local/lib/python3.7/site-packages/airflow/example_dags/tutorial_taskflow_api_virtualenv.py
[2023-01-16T01:59:58.564+0000] {processor.py:766} INFO - DAG(s) dict_keys(['tutorial_taskflow_api_virtualenv']) retrieved from /home/airflow/.local/lib/python3.7/site-packages/airflow/example_dags/tutorial_taskflow_api_virtualenv.py
[2023-01-16T01:59:58.616+0000] {logging_mixin.py:120} INFO - [2023-01-16T01:59:58.615+0000] {dag.py:2585} INFO - Sync 1 DAGs
[2023-01-16T01:59:58.709+0000] {logging_mixin.py:120} INFO - [2023-01-16T01:59:58.708+0000] {dag.py:3340} INFO - Setting next_dagrun for tutorial_taskflow_api_virtualenv to None, run_after=None
[2023-01-16T01:59:58.786+0000] {processor.py:176} INFO - Processing /home/airflow/.local/lib/python3.7/site-packages/airflow/example_dags/tutorial_taskflow_api_virtualenv.py took 0.276 seconds
[2023-01-16T02:00:28.932+0000] {processor.py:154} INFO - Started process (PID=22617) to work on /home/airflow/.local/lib/python3.7/site-packages/airflow/example_dags/tutorial_taskflow_api_virtualenv.py
[2023-01-16T02:00:28.934+0000] {processor.py:756} INFO - Processing file /home/airflow/.local/lib/python3.7/site-packages/airflow/example_dags/tutorial_taskflow_api_virtualenv.py for tasks to queue
[2023-01-16T02:00:28.936+0000] {logging_mixin.py:120} INFO - [2023-01-16T02:00:28.936+0000] {dagbag.py:537} INFO - Filling up the DagBag from /home/airflow/.local/lib/python3.7/site-packages/airflow/example_dags/tutorial_taskflow_api_virtualenv.py
[2023-01-16T02:00:28.976+0000] {processor.py:766} INFO - DAG(s) dict_keys(['tutorial_taskflow_api_virtualenv']) retrieved from /home/airflow/.local/lib/python3.7/site-packages/airflow/example_dags/tutorial_taskflow_api_virtualenv.py
[2023-01-16T02:00:29.036+0000] {logging_mixin.py:120} INFO - [2023-01-16T02:00:29.035+0000] {dag.py:2585} INFO - Sync 1 DAGs
[2023-01-16T02:00:29.083+0000] {logging_mixin.py:120} INFO - [2023-01-16T02:00:29.082+0000] {dag.py:3340} INFO - Setting next_dagrun for tutorial_taskflow_api_virtualenv to None, run_after=None
[2023-01-16T02:00:29.129+0000] {processor.py:176} INFO - Processing /home/airflow/.local/lib/python3.7/site-packages/airflow/example_dags/tutorial_taskflow_api_virtualenv.py took 0.206 seconds
[2023-01-16T02:00:59.660+0000] {processor.py:154} INFO - Started process (PID=22686) to work on /home/airflow/.local/lib/python3.7/site-packages/airflow/example_dags/tutorial_taskflow_api_virtualenv.py
[2023-01-16T02:00:59.661+0000] {processor.py:756} INFO - Processing file /home/airflow/.local/lib/python3.7/site-packages/airflow/example_dags/tutorial_taskflow_api_virtualenv.py for tasks to queue
[2023-01-16T02:00:59.662+0000] {logging_mixin.py:120} INFO - [2023-01-16T02:00:59.662+0000] {dagbag.py:537} INFO - Filling up the DagBag from /home/airflow/.local/lib/python3.7/site-packages/airflow/example_dags/tutorial_taskflow_api_virtualenv.py
[2023-01-16T02:00:59.682+0000] {processor.py:766} INFO - DAG(s) dict_keys(['tutorial_taskflow_api_virtualenv']) retrieved from /home/airflow/.local/lib/python3.7/site-packages/airflow/example_dags/tutorial_taskflow_api_virtualenv.py
[2023-01-16T02:00:59.709+0000] {logging_mixin.py:120} INFO - [2023-01-16T02:00:59.708+0000] {dag.py:2585} INFO - Sync 1 DAGs
[2023-01-16T02:00:59.734+0000] {logging_mixin.py:120} INFO - [2023-01-16T02:00:59.733+0000] {dag.py:3340} INFO - Setting next_dagrun for tutorial_taskflow_api_virtualenv to None, run_after=None
[2023-01-16T02:00:59.757+0000] {processor.py:176} INFO - Processing /home/airflow/.local/lib/python3.7/site-packages/airflow/example_dags/tutorial_taskflow_api_virtualenv.py took 0.100 seconds
[2023-01-16T02:01:30.347+0000] {processor.py:154} INFO - Started process (PID=22746) to work on /home/airflow/.local/lib/python3.7/site-packages/airflow/example_dags/tutorial_taskflow_api_virtualenv.py
[2023-01-16T02:01:30.348+0000] {processor.py:756} INFO - Processing file /home/airflow/.local/lib/python3.7/site-packages/airflow/example_dags/tutorial_taskflow_api_virtualenv.py for tasks to queue
[2023-01-16T02:01:30.349+0000] {logging_mixin.py:120} INFO - [2023-01-16T02:01:30.349+0000] {dagbag.py:537} INFO - Filling up the DagBag from /home/airflow/.local/lib/python3.7/site-packages/airflow/example_dags/tutorial_taskflow_api_virtualenv.py
[2023-01-16T02:01:30.373+0000] {processor.py:766} INFO - DAG(s) dict_keys(['tutorial_taskflow_api_virtualenv']) retrieved from /home/airflow/.local/lib/python3.7/site-packages/airflow/example_dags/tutorial_taskflow_api_virtualenv.py
[2023-01-16T02:01:30.405+0000] {logging_mixin.py:120} INFO - [2023-01-16T02:01:30.405+0000] {dag.py:2585} INFO - Sync 1 DAGs
[2023-01-16T02:01:30.438+0000] {logging_mixin.py:120} INFO - [2023-01-16T02:01:30.437+0000] {dag.py:3340} INFO - Setting next_dagrun for tutorial_taskflow_api_virtualenv to None, run_after=None
[2023-01-16T02:01:30.470+0000] {processor.py:176} INFO - Processing /home/airflow/.local/lib/python3.7/site-packages/airflow/example_dags/tutorial_taskflow_api_virtualenv.py took 0.127 seconds
