[2023-01-16T01:56:00.302+0000] {processor.py:154} INFO - Started process (PID=22086) to work on /home/airflow/.local/lib/python3.7/site-packages/airflow/example_dags/tutorial_taskflow_api.py
[2023-01-16T01:56:00.325+0000] {processor.py:756} INFO - Processing file /home/airflow/.local/lib/python3.7/site-packages/airflow/example_dags/tutorial_taskflow_api.py for tasks to queue
[2023-01-16T01:56:00.327+0000] {logging_mixin.py:120} INFO - [2023-01-16T01:56:00.327+0000] {dagbag.py:537} INFO - Filling up the DagBag from /home/airflow/.local/lib/python3.7/site-packages/airflow/example_dags/tutorial_taskflow_api.py
[2023-01-16T01:56:00.429+0000] {processor.py:766} INFO - DAG(s) dict_keys(['tutorial_taskflow_api']) retrieved from /home/airflow/.local/lib/python3.7/site-packages/airflow/example_dags/tutorial_taskflow_api.py
[2023-01-16T01:56:00.557+0000] {logging_mixin.py:120} INFO - [2023-01-16T01:56:00.556+0000] {dag.py:2585} INFO - Sync 1 DAGs
[2023-01-16T01:56:00.705+0000] {logging_mixin.py:120} INFO - [2023-01-16T01:56:00.705+0000] {dag.py:3340} INFO - Setting next_dagrun for tutorial_taskflow_api to None, run_after=None
[2023-01-16T01:56:00.930+0000] {processor.py:176} INFO - Processing /home/airflow/.local/lib/python3.7/site-packages/airflow/example_dags/tutorial_taskflow_api.py took 0.642 seconds
[2023-01-16T01:56:31.221+0000] {processor.py:154} INFO - Started process (PID=22143) to work on /home/airflow/.local/lib/python3.7/site-packages/airflow/example_dags/tutorial_taskflow_api.py
[2023-01-16T01:56:31.223+0000] {processor.py:756} INFO - Processing file /home/airflow/.local/lib/python3.7/site-packages/airflow/example_dags/tutorial_taskflow_api.py for tasks to queue
[2023-01-16T01:56:31.226+0000] {logging_mixin.py:120} INFO - [2023-01-16T01:56:31.225+0000] {dagbag.py:537} INFO - Filling up the DagBag from /home/airflow/.local/lib/python3.7/site-packages/airflow/example_dags/tutorial_taskflow_api.py
[2023-01-16T01:56:31.291+0000] {processor.py:766} INFO - DAG(s) dict_keys(['tutorial_taskflow_api']) retrieved from /home/airflow/.local/lib/python3.7/site-packages/airflow/example_dags/tutorial_taskflow_api.py
[2023-01-16T01:56:31.373+0000] {logging_mixin.py:120} INFO - [2023-01-16T01:56:31.370+0000] {dag.py:2585} INFO - Sync 1 DAGs
[2023-01-16T01:56:31.466+0000] {logging_mixin.py:120} INFO - [2023-01-16T01:56:31.465+0000] {dag.py:3340} INFO - Setting next_dagrun for tutorial_taskflow_api to None, run_after=None
[2023-01-16T01:56:31.535+0000] {processor.py:176} INFO - Processing /home/airflow/.local/lib/python3.7/site-packages/airflow/example_dags/tutorial_taskflow_api.py took 0.326 seconds
[2023-01-16T01:57:01.812+0000] {processor.py:154} INFO - Started process (PID=22200) to work on /home/airflow/.local/lib/python3.7/site-packages/airflow/example_dags/tutorial_taskflow_api.py
[2023-01-16T01:57:01.813+0000] {processor.py:756} INFO - Processing file /home/airflow/.local/lib/python3.7/site-packages/airflow/example_dags/tutorial_taskflow_api.py for tasks to queue
[2023-01-16T01:57:01.815+0000] {logging_mixin.py:120} INFO - [2023-01-16T01:57:01.815+0000] {dagbag.py:537} INFO - Filling up the DagBag from /home/airflow/.local/lib/python3.7/site-packages/airflow/example_dags/tutorial_taskflow_api.py
[2023-01-16T01:57:01.846+0000] {processor.py:766} INFO - DAG(s) dict_keys(['tutorial_taskflow_api']) retrieved from /home/airflow/.local/lib/python3.7/site-packages/airflow/example_dags/tutorial_taskflow_api.py
[2023-01-16T01:57:01.900+0000] {logging_mixin.py:120} INFO - [2023-01-16T01:57:01.899+0000] {dag.py:2585} INFO - Sync 1 DAGs
[2023-01-16T01:57:01.956+0000] {logging_mixin.py:120} INFO - [2023-01-16T01:57:01.956+0000] {dag.py:3340} INFO - Setting next_dagrun for tutorial_taskflow_api to None, run_after=None
[2023-01-16T01:57:02.007+0000] {processor.py:176} INFO - Processing /home/airflow/.local/lib/python3.7/site-packages/airflow/example_dags/tutorial_taskflow_api.py took 0.201 seconds
[2023-01-16T01:57:32.368+0000] {processor.py:154} INFO - Started process (PID=22258) to work on /home/airflow/.local/lib/python3.7/site-packages/airflow/example_dags/tutorial_taskflow_api.py
[2023-01-16T01:57:32.370+0000] {processor.py:756} INFO - Processing file /home/airflow/.local/lib/python3.7/site-packages/airflow/example_dags/tutorial_taskflow_api.py for tasks to queue
[2023-01-16T01:57:32.372+0000] {logging_mixin.py:120} INFO - [2023-01-16T01:57:32.372+0000] {dagbag.py:537} INFO - Filling up the DagBag from /home/airflow/.local/lib/python3.7/site-packages/airflow/example_dags/tutorial_taskflow_api.py
[2023-01-16T01:57:32.396+0000] {processor.py:766} INFO - DAG(s) dict_keys(['tutorial_taskflow_api']) retrieved from /home/airflow/.local/lib/python3.7/site-packages/airflow/example_dags/tutorial_taskflow_api.py
[2023-01-16T01:57:32.435+0000] {logging_mixin.py:120} INFO - [2023-01-16T01:57:32.434+0000] {dag.py:2585} INFO - Sync 1 DAGs
[2023-01-16T01:57:32.482+0000] {logging_mixin.py:120} INFO - [2023-01-16T01:57:32.482+0000] {dag.py:3340} INFO - Setting next_dagrun for tutorial_taskflow_api to None, run_after=None
[2023-01-16T01:57:32.520+0000] {processor.py:176} INFO - Processing /home/airflow/.local/lib/python3.7/site-packages/airflow/example_dags/tutorial_taskflow_api.py took 0.159 seconds
[2023-01-16T01:58:02.756+0000] {processor.py:154} INFO - Started process (PID=22325) to work on /home/airflow/.local/lib/python3.7/site-packages/airflow/example_dags/tutorial_taskflow_api.py
[2023-01-16T01:58:02.757+0000] {processor.py:756} INFO - Processing file /home/airflow/.local/lib/python3.7/site-packages/airflow/example_dags/tutorial_taskflow_api.py for tasks to queue
[2023-01-16T01:58:02.759+0000] {logging_mixin.py:120} INFO - [2023-01-16T01:58:02.759+0000] {dagbag.py:537} INFO - Filling up the DagBag from /home/airflow/.local/lib/python3.7/site-packages/airflow/example_dags/tutorial_taskflow_api.py
[2023-01-16T01:58:02.795+0000] {processor.py:766} INFO - DAG(s) dict_keys(['tutorial_taskflow_api']) retrieved from /home/airflow/.local/lib/python3.7/site-packages/airflow/example_dags/tutorial_taskflow_api.py
[2023-01-16T01:58:02.833+0000] {logging_mixin.py:120} INFO - [2023-01-16T01:58:02.833+0000] {dag.py:2585} INFO - Sync 1 DAGs
[2023-01-16T01:58:02.868+0000] {logging_mixin.py:120} INFO - [2023-01-16T01:58:02.868+0000] {dag.py:3340} INFO - Setting next_dagrun for tutorial_taskflow_api to None, run_after=None
[2023-01-16T01:58:02.908+0000] {processor.py:176} INFO - Processing /home/airflow/.local/lib/python3.7/site-packages/airflow/example_dags/tutorial_taskflow_api.py took 0.157 seconds
[2023-01-16T01:58:33.330+0000] {processor.py:154} INFO - Started process (PID=22382) to work on /home/airflow/.local/lib/python3.7/site-packages/airflow/example_dags/tutorial_taskflow_api.py
[2023-01-16T01:58:33.332+0000] {processor.py:756} INFO - Processing file /home/airflow/.local/lib/python3.7/site-packages/airflow/example_dags/tutorial_taskflow_api.py for tasks to queue
[2023-01-16T01:58:33.333+0000] {logging_mixin.py:120} INFO - [2023-01-16T01:58:33.333+0000] {dagbag.py:537} INFO - Filling up the DagBag from /home/airflow/.local/lib/python3.7/site-packages/airflow/example_dags/tutorial_taskflow_api.py
[2023-01-16T01:58:33.360+0000] {processor.py:766} INFO - DAG(s) dict_keys(['tutorial_taskflow_api']) retrieved from /home/airflow/.local/lib/python3.7/site-packages/airflow/example_dags/tutorial_taskflow_api.py
[2023-01-16T01:58:33.398+0000] {logging_mixin.py:120} INFO - [2023-01-16T01:58:33.397+0000] {dag.py:2585} INFO - Sync 1 DAGs
[2023-01-16T01:58:33.432+0000] {logging_mixin.py:120} INFO - [2023-01-16T01:58:33.432+0000] {dag.py:3340} INFO - Setting next_dagrun for tutorial_taskflow_api to None, run_after=None
[2023-01-16T01:58:33.466+0000] {processor.py:176} INFO - Processing /home/airflow/.local/lib/python3.7/site-packages/airflow/example_dags/tutorial_taskflow_api.py took 0.140 seconds
[2023-01-16T01:59:03.880+0000] {processor.py:154} INFO - Started process (PID=22448) to work on /home/airflow/.local/lib/python3.7/site-packages/airflow/example_dags/tutorial_taskflow_api.py
[2023-01-16T01:59:03.882+0000] {processor.py:756} INFO - Processing file /home/airflow/.local/lib/python3.7/site-packages/airflow/example_dags/tutorial_taskflow_api.py for tasks to queue
[2023-01-16T01:59:03.884+0000] {logging_mixin.py:120} INFO - [2023-01-16T01:59:03.884+0000] {dagbag.py:537} INFO - Filling up the DagBag from /home/airflow/.local/lib/python3.7/site-packages/airflow/example_dags/tutorial_taskflow_api.py
[2023-01-16T01:59:03.910+0000] {processor.py:766} INFO - DAG(s) dict_keys(['tutorial_taskflow_api']) retrieved from /home/airflow/.local/lib/python3.7/site-packages/airflow/example_dags/tutorial_taskflow_api.py
[2023-01-16T01:59:03.938+0000] {logging_mixin.py:120} INFO - [2023-01-16T01:59:03.938+0000] {dag.py:2585} INFO - Sync 1 DAGs
[2023-01-16T01:59:03.966+0000] {logging_mixin.py:120} INFO - [2023-01-16T01:59:03.965+0000] {dag.py:3340} INFO - Setting next_dagrun for tutorial_taskflow_api to None, run_after=None
[2023-01-16T01:59:03.995+0000] {processor.py:176} INFO - Processing /home/airflow/.local/lib/python3.7/site-packages/airflow/example_dags/tutorial_taskflow_api.py took 0.120 seconds
[2023-01-16T01:59:34.365+0000] {processor.py:154} INFO - Started process (PID=22505) to work on /home/airflow/.local/lib/python3.7/site-packages/airflow/example_dags/tutorial_taskflow_api.py
[2023-01-16T01:59:34.367+0000] {processor.py:756} INFO - Processing file /home/airflow/.local/lib/python3.7/site-packages/airflow/example_dags/tutorial_taskflow_api.py for tasks to queue
[2023-01-16T01:59:34.369+0000] {logging_mixin.py:120} INFO - [2023-01-16T01:59:34.368+0000] {dagbag.py:537} INFO - Filling up the DagBag from /home/airflow/.local/lib/python3.7/site-packages/airflow/example_dags/tutorial_taskflow_api.py
[2023-01-16T01:59:34.429+0000] {processor.py:766} INFO - DAG(s) dict_keys(['tutorial_taskflow_api']) retrieved from /home/airflow/.local/lib/python3.7/site-packages/airflow/example_dags/tutorial_taskflow_api.py
[2023-01-16T01:59:34.469+0000] {logging_mixin.py:120} INFO - [2023-01-16T01:59:34.469+0000] {dag.py:2585} INFO - Sync 1 DAGs
[2023-01-16T01:59:34.510+0000] {logging_mixin.py:120} INFO - [2023-01-16T01:59:34.509+0000] {dag.py:3340} INFO - Setting next_dagrun for tutorial_taskflow_api to None, run_after=None
[2023-01-16T01:59:34.560+0000] {processor.py:176} INFO - Processing /home/airflow/.local/lib/python3.7/site-packages/airflow/example_dags/tutorial_taskflow_api.py took 0.208 seconds
[2023-01-16T02:00:05.156+0000] {processor.py:154} INFO - Started process (PID=22572) to work on /home/airflow/.local/lib/python3.7/site-packages/airflow/example_dags/tutorial_taskflow_api.py
[2023-01-16T02:00:05.159+0000] {processor.py:756} INFO - Processing file /home/airflow/.local/lib/python3.7/site-packages/airflow/example_dags/tutorial_taskflow_api.py for tasks to queue
[2023-01-16T02:00:05.163+0000] {logging_mixin.py:120} INFO - [2023-01-16T02:00:05.163+0000] {dagbag.py:537} INFO - Filling up the DagBag from /home/airflow/.local/lib/python3.7/site-packages/airflow/example_dags/tutorial_taskflow_api.py
[2023-01-16T02:00:05.206+0000] {processor.py:766} INFO - DAG(s) dict_keys(['tutorial_taskflow_api']) retrieved from /home/airflow/.local/lib/python3.7/site-packages/airflow/example_dags/tutorial_taskflow_api.py
[2023-01-16T02:00:05.263+0000] {logging_mixin.py:120} INFO - [2023-01-16T02:00:05.262+0000] {dag.py:2585} INFO - Sync 1 DAGs
[2023-01-16T02:00:05.331+0000] {logging_mixin.py:120} INFO - [2023-01-16T02:00:05.330+0000] {dag.py:3340} INFO - Setting next_dagrun for tutorial_taskflow_api to None, run_after=None
[2023-01-16T02:00:05.405+0000] {processor.py:176} INFO - Processing /home/airflow/.local/lib/python3.7/site-packages/airflow/example_dags/tutorial_taskflow_api.py took 0.261 seconds
[2023-01-16T02:00:36.309+0000] {processor.py:154} INFO - Started process (PID=22636) to work on /home/airflow/.local/lib/python3.7/site-packages/airflow/example_dags/tutorial_taskflow_api.py
[2023-01-16T02:00:36.310+0000] {processor.py:756} INFO - Processing file /home/airflow/.local/lib/python3.7/site-packages/airflow/example_dags/tutorial_taskflow_api.py for tasks to queue
[2023-01-16T02:00:36.312+0000] {logging_mixin.py:120} INFO - [2023-01-16T02:00:36.312+0000] {dagbag.py:537} INFO - Filling up the DagBag from /home/airflow/.local/lib/python3.7/site-packages/airflow/example_dags/tutorial_taskflow_api.py
[2023-01-16T02:00:36.336+0000] {processor.py:766} INFO - DAG(s) dict_keys(['tutorial_taskflow_api']) retrieved from /home/airflow/.local/lib/python3.7/site-packages/airflow/example_dags/tutorial_taskflow_api.py
[2023-01-16T02:00:36.370+0000] {logging_mixin.py:120} INFO - [2023-01-16T02:00:36.369+0000] {dag.py:2585} INFO - Sync 1 DAGs
[2023-01-16T02:00:36.407+0000] {logging_mixin.py:120} INFO - [2023-01-16T02:00:36.407+0000] {dag.py:3340} INFO - Setting next_dagrun for tutorial_taskflow_api to None, run_after=None
[2023-01-16T02:00:36.444+0000] {processor.py:176} INFO - Processing /home/airflow/.local/lib/python3.7/site-packages/airflow/example_dags/tutorial_taskflow_api.py took 0.142 seconds
[2023-01-16T02:01:06.721+0000] {processor.py:154} INFO - Started process (PID=22698) to work on /home/airflow/.local/lib/python3.7/site-packages/airflow/example_dags/tutorial_taskflow_api.py
[2023-01-16T02:01:06.725+0000] {processor.py:756} INFO - Processing file /home/airflow/.local/lib/python3.7/site-packages/airflow/example_dags/tutorial_taskflow_api.py for tasks to queue
[2023-01-16T02:01:06.727+0000] {logging_mixin.py:120} INFO - [2023-01-16T02:01:06.726+0000] {dagbag.py:537} INFO - Filling up the DagBag from /home/airflow/.local/lib/python3.7/site-packages/airflow/example_dags/tutorial_taskflow_api.py
[2023-01-16T02:01:06.774+0000] {processor.py:766} INFO - DAG(s) dict_keys(['tutorial_taskflow_api']) retrieved from /home/airflow/.local/lib/python3.7/site-packages/airflow/example_dags/tutorial_taskflow_api.py
[2023-01-16T02:01:06.837+0000] {logging_mixin.py:120} INFO - [2023-01-16T02:01:06.837+0000] {dag.py:2585} INFO - Sync 1 DAGs
[2023-01-16T02:01:06.898+0000] {logging_mixin.py:120} INFO - [2023-01-16T02:01:06.898+0000] {dag.py:3340} INFO - Setting next_dagrun for tutorial_taskflow_api to None, run_after=None
[2023-01-16T02:01:06.947+0000] {processor.py:176} INFO - Processing /home/airflow/.local/lib/python3.7/site-packages/airflow/example_dags/tutorial_taskflow_api.py took 0.238 seconds
[2023-01-16T02:01:37.074+0000] {processor.py:154} INFO - Started process (PID=22767) to work on /home/airflow/.local/lib/python3.7/site-packages/airflow/example_dags/tutorial_taskflow_api.py
[2023-01-16T02:01:37.076+0000] {processor.py:756} INFO - Processing file /home/airflow/.local/lib/python3.7/site-packages/airflow/example_dags/tutorial_taskflow_api.py for tasks to queue
[2023-01-16T02:01:37.079+0000] {logging_mixin.py:120} INFO - [2023-01-16T02:01:37.078+0000] {dagbag.py:537} INFO - Filling up the DagBag from /home/airflow/.local/lib/python3.7/site-packages/airflow/example_dags/tutorial_taskflow_api.py
[2023-01-16T02:01:37.116+0000] {processor.py:766} INFO - DAG(s) dict_keys(['tutorial_taskflow_api']) retrieved from /home/airflow/.local/lib/python3.7/site-packages/airflow/example_dags/tutorial_taskflow_api.py
[2023-01-16T02:01:37.147+0000] {logging_mixin.py:120} INFO - [2023-01-16T02:01:37.146+0000] {dag.py:2585} INFO - Sync 1 DAGs
[2023-01-16T02:01:37.170+0000] {logging_mixin.py:120} INFO - [2023-01-16T02:01:37.170+0000] {dag.py:3340} INFO - Setting next_dagrun for tutorial_taskflow_api to None, run_after=None
[2023-01-16T02:01:37.192+0000] {processor.py:176} INFO - Processing /home/airflow/.local/lib/python3.7/site-packages/airflow/example_dags/tutorial_taskflow_api.py took 0.127 seconds
