[2023-01-16T01:55:58.724+0000] {processor.py:154} INFO - Started process (PID=22082) to work on /home/airflow/.local/lib/python3.7/site-packages/airflow/example_dags/tutorial.py
[2023-01-16T01:55:58.726+0000] {processor.py:756} INFO - Processing file /home/airflow/.local/lib/python3.7/site-packages/airflow/example_dags/tutorial.py for tasks to queue
[2023-01-16T01:55:58.731+0000] {logging_mixin.py:120} INFO - [2023-01-16T01:55:58.731+0000] {dagbag.py:537} INFO - Filling up the DagBag from /home/airflow/.local/lib/python3.7/site-packages/airflow/example_dags/tutorial.py
[2023-01-16T01:55:58.812+0000] {processor.py:766} INFO - DAG(s) dict_keys(['tutorial']) retrieved from /home/airflow/.local/lib/python3.7/site-packages/airflow/example_dags/tutorial.py
[2023-01-16T01:55:58.937+0000] {logging_mixin.py:120} INFO - [2023-01-16T01:55:58.937+0000] {dag.py:2585} INFO - Sync 1 DAGs
[2023-01-16T01:55:59.098+0000] {logging_mixin.py:120} INFO - [2023-01-16T01:55:59.098+0000] {dag.py:3340} INFO - Setting next_dagrun for tutorial to 2023-01-15T01:55:59.097026+00:00, run_after=2023-01-16T01:55:59.097026+00:00
[2023-01-16T01:55:59.266+0000] {processor.py:176} INFO - Processing /home/airflow/.local/lib/python3.7/site-packages/airflow/example_dags/tutorial.py took 0.588 seconds
[2023-01-16T01:56:29.640+0000] {processor.py:154} INFO - Started process (PID=22137) to work on /home/airflow/.local/lib/python3.7/site-packages/airflow/example_dags/tutorial.py
[2023-01-16T01:56:29.643+0000] {processor.py:756} INFO - Processing file /home/airflow/.local/lib/python3.7/site-packages/airflow/example_dags/tutorial.py for tasks to queue
[2023-01-16T01:56:29.647+0000] {logging_mixin.py:120} INFO - [2023-01-16T01:56:29.646+0000] {dagbag.py:537} INFO - Filling up the DagBag from /home/airflow/.local/lib/python3.7/site-packages/airflow/example_dags/tutorial.py
[2023-01-16T01:56:29.670+0000] {processor.py:766} INFO - DAG(s) dict_keys(['tutorial']) retrieved from /home/airflow/.local/lib/python3.7/site-packages/airflow/example_dags/tutorial.py
[2023-01-16T01:56:29.813+0000] {logging_mixin.py:120} INFO - [2023-01-16T01:56:29.812+0000] {dag.py:2585} INFO - Sync 1 DAGs
[2023-01-16T01:56:29.907+0000] {logging_mixin.py:120} INFO - [2023-01-16T01:56:29.906+0000] {dag.py:3340} INFO - Setting next_dagrun for tutorial to 2023-01-15T01:56:29.905727+00:00, run_after=2023-01-16T01:56:29.905727+00:00
[2023-01-16T01:56:29.986+0000] {processor.py:176} INFO - Processing /home/airflow/.local/lib/python3.7/site-packages/airflow/example_dags/tutorial.py took 0.356 seconds
[2023-01-16T01:57:00.242+0000] {processor.py:154} INFO - Started process (PID=22196) to work on /home/airflow/.local/lib/python3.7/site-packages/airflow/example_dags/tutorial.py
[2023-01-16T01:57:00.244+0000] {processor.py:756} INFO - Processing file /home/airflow/.local/lib/python3.7/site-packages/airflow/example_dags/tutorial.py for tasks to queue
[2023-01-16T01:57:00.246+0000] {logging_mixin.py:120} INFO - [2023-01-16T01:57:00.246+0000] {dagbag.py:537} INFO - Filling up the DagBag from /home/airflow/.local/lib/python3.7/site-packages/airflow/example_dags/tutorial.py
[2023-01-16T01:57:00.269+0000] {processor.py:766} INFO - DAG(s) dict_keys(['tutorial']) retrieved from /home/airflow/.local/lib/python3.7/site-packages/airflow/example_dags/tutorial.py
[2023-01-16T01:57:00.329+0000] {logging_mixin.py:120} INFO - [2023-01-16T01:57:00.328+0000] {dag.py:2585} INFO - Sync 1 DAGs
[2023-01-16T01:57:00.385+0000] {logging_mixin.py:120} INFO - [2023-01-16T01:57:00.384+0000] {dag.py:3340} INFO - Setting next_dagrun for tutorial to 2023-01-15T01:57:00.384348+00:00, run_after=2023-01-16T01:57:00.384348+00:00
[2023-01-16T01:57:00.452+0000] {processor.py:176} INFO - Processing /home/airflow/.local/lib/python3.7/site-packages/airflow/example_dags/tutorial.py took 0.219 seconds
[2023-01-16T01:57:30.661+0000] {processor.py:154} INFO - Started process (PID=22254) to work on /home/airflow/.local/lib/python3.7/site-packages/airflow/example_dags/tutorial.py
[2023-01-16T01:57:30.664+0000] {processor.py:756} INFO - Processing file /home/airflow/.local/lib/python3.7/site-packages/airflow/example_dags/tutorial.py for tasks to queue
[2023-01-16T01:57:30.666+0000] {logging_mixin.py:120} INFO - [2023-01-16T01:57:30.666+0000] {dagbag.py:537} INFO - Filling up the DagBag from /home/airflow/.local/lib/python3.7/site-packages/airflow/example_dags/tutorial.py
[2023-01-16T01:57:30.714+0000] {processor.py:766} INFO - DAG(s) dict_keys(['tutorial']) retrieved from /home/airflow/.local/lib/python3.7/site-packages/airflow/example_dags/tutorial.py
[2023-01-16T01:57:30.789+0000] {logging_mixin.py:120} INFO - [2023-01-16T01:57:30.789+0000] {dag.py:2585} INFO - Sync 1 DAGs
[2023-01-16T01:57:30.889+0000] {logging_mixin.py:120} INFO - [2023-01-16T01:57:30.888+0000] {dag.py:3340} INFO - Setting next_dagrun for tutorial to 2023-01-15T01:57:30.887928+00:00, run_after=2023-01-16T01:57:30.887928+00:00
[2023-01-16T01:57:30.949+0000] {processor.py:176} INFO - Processing /home/airflow/.local/lib/python3.7/site-packages/airflow/example_dags/tutorial.py took 0.298 seconds
[2023-01-16T01:58:01.030+0000] {processor.py:154} INFO - Started process (PID=22318) to work on /home/airflow/.local/lib/python3.7/site-packages/airflow/example_dags/tutorial.py
[2023-01-16T01:58:01.032+0000] {processor.py:756} INFO - Processing file /home/airflow/.local/lib/python3.7/site-packages/airflow/example_dags/tutorial.py for tasks to queue
[2023-01-16T01:58:01.033+0000] {logging_mixin.py:120} INFO - [2023-01-16T01:58:01.033+0000] {dagbag.py:537} INFO - Filling up the DagBag from /home/airflow/.local/lib/python3.7/site-packages/airflow/example_dags/tutorial.py
[2023-01-16T01:58:01.048+0000] {processor.py:766} INFO - DAG(s) dict_keys(['tutorial']) retrieved from /home/airflow/.local/lib/python3.7/site-packages/airflow/example_dags/tutorial.py
[2023-01-16T01:58:01.088+0000] {logging_mixin.py:120} INFO - [2023-01-16T01:58:01.087+0000] {dag.py:2585} INFO - Sync 1 DAGs
[2023-01-16T01:58:01.125+0000] {logging_mixin.py:120} INFO - [2023-01-16T01:58:01.125+0000] {dag.py:3340} INFO - Setting next_dagrun for tutorial to 2023-01-15T01:58:01.125018+00:00, run_after=2023-01-16T01:58:01.125018+00:00
[2023-01-16T01:58:01.161+0000] {processor.py:176} INFO - Processing /home/airflow/.local/lib/python3.7/site-packages/airflow/example_dags/tutorial.py took 0.135 seconds
[2023-01-16T01:58:31.512+0000] {processor.py:154} INFO - Started process (PID=22377) to work on /home/airflow/.local/lib/python3.7/site-packages/airflow/example_dags/tutorial.py
[2023-01-16T01:58:31.513+0000] {processor.py:756} INFO - Processing file /home/airflow/.local/lib/python3.7/site-packages/airflow/example_dags/tutorial.py for tasks to queue
[2023-01-16T01:58:31.515+0000] {logging_mixin.py:120} INFO - [2023-01-16T01:58:31.514+0000] {dagbag.py:537} INFO - Filling up the DagBag from /home/airflow/.local/lib/python3.7/site-packages/airflow/example_dags/tutorial.py
[2023-01-16T01:58:31.527+0000] {processor.py:766} INFO - DAG(s) dict_keys(['tutorial']) retrieved from /home/airflow/.local/lib/python3.7/site-packages/airflow/example_dags/tutorial.py
[2023-01-16T01:58:31.560+0000] {logging_mixin.py:120} INFO - [2023-01-16T01:58:31.560+0000] {dag.py:2585} INFO - Sync 1 DAGs
[2023-01-16T01:58:31.593+0000] {logging_mixin.py:120} INFO - [2023-01-16T01:58:31.593+0000] {dag.py:3340} INFO - Setting next_dagrun for tutorial to 2023-01-15T01:58:31.593269+00:00, run_after=2023-01-16T01:58:31.593269+00:00
[2023-01-16T01:58:31.627+0000] {processor.py:176} INFO - Processing /home/airflow/.local/lib/python3.7/site-packages/airflow/example_dags/tutorial.py took 0.121 seconds
[2023-01-16T01:59:02.088+0000] {processor.py:154} INFO - Started process (PID=22443) to work on /home/airflow/.local/lib/python3.7/site-packages/airflow/example_dags/tutorial.py
[2023-01-16T01:59:02.089+0000] {processor.py:756} INFO - Processing file /home/airflow/.local/lib/python3.7/site-packages/airflow/example_dags/tutorial.py for tasks to queue
[2023-01-16T01:59:02.091+0000] {logging_mixin.py:120} INFO - [2023-01-16T01:59:02.090+0000] {dagbag.py:537} INFO - Filling up the DagBag from /home/airflow/.local/lib/python3.7/site-packages/airflow/example_dags/tutorial.py
[2023-01-16T01:59:02.107+0000] {processor.py:766} INFO - DAG(s) dict_keys(['tutorial']) retrieved from /home/airflow/.local/lib/python3.7/site-packages/airflow/example_dags/tutorial.py
[2023-01-16T01:59:02.149+0000] {logging_mixin.py:120} INFO - [2023-01-16T01:59:02.148+0000] {dag.py:2585} INFO - Sync 1 DAGs
[2023-01-16T01:59:02.201+0000] {logging_mixin.py:120} INFO - [2023-01-16T01:59:02.201+0000] {dag.py:3340} INFO - Setting next_dagrun for tutorial to 2023-01-15T01:59:02.201210+00:00, run_after=2023-01-16T01:59:02.201210+00:00
[2023-01-16T01:59:02.249+0000] {processor.py:176} INFO - Processing /home/airflow/.local/lib/python3.7/site-packages/airflow/example_dags/tutorial.py took 0.168 seconds
[2023-01-16T01:59:32.373+0000] {processor.py:154} INFO - Started process (PID=22500) to work on /home/airflow/.local/lib/python3.7/site-packages/airflow/example_dags/tutorial.py
[2023-01-16T01:59:32.374+0000] {processor.py:756} INFO - Processing file /home/airflow/.local/lib/python3.7/site-packages/airflow/example_dags/tutorial.py for tasks to queue
[2023-01-16T01:59:32.376+0000] {logging_mixin.py:120} INFO - [2023-01-16T01:59:32.376+0000] {dagbag.py:537} INFO - Filling up the DagBag from /home/airflow/.local/lib/python3.7/site-packages/airflow/example_dags/tutorial.py
[2023-01-16T01:59:32.386+0000] {processor.py:766} INFO - DAG(s) dict_keys(['tutorial']) retrieved from /home/airflow/.local/lib/python3.7/site-packages/airflow/example_dags/tutorial.py
[2023-01-16T01:59:32.411+0000] {logging_mixin.py:120} INFO - [2023-01-16T01:59:32.411+0000] {dag.py:2585} INFO - Sync 1 DAGs
[2023-01-16T01:59:32.436+0000] {logging_mixin.py:120} INFO - [2023-01-16T01:59:32.436+0000] {dag.py:3340} INFO - Setting next_dagrun for tutorial to 2023-01-15T01:59:32.436543+00:00, run_after=2023-01-16T01:59:32.436543+00:00
[2023-01-16T01:59:32.461+0000] {processor.py:176} INFO - Processing /home/airflow/.local/lib/python3.7/site-packages/airflow/example_dags/tutorial.py took 0.093 seconds
[2023-01-16T02:00:02.731+0000] {processor.py:154} INFO - Started process (PID=22567) to work on /home/airflow/.local/lib/python3.7/site-packages/airflow/example_dags/tutorial.py
[2023-01-16T02:00:02.732+0000] {processor.py:756} INFO - Processing file /home/airflow/.local/lib/python3.7/site-packages/airflow/example_dags/tutorial.py for tasks to queue
[2023-01-16T02:00:02.734+0000] {logging_mixin.py:120} INFO - [2023-01-16T02:00:02.733+0000] {dagbag.py:537} INFO - Filling up the DagBag from /home/airflow/.local/lib/python3.7/site-packages/airflow/example_dags/tutorial.py
[2023-01-16T02:00:02.745+0000] {processor.py:766} INFO - DAG(s) dict_keys(['tutorial']) retrieved from /home/airflow/.local/lib/python3.7/site-packages/airflow/example_dags/tutorial.py
[2023-01-16T02:00:02.773+0000] {logging_mixin.py:120} INFO - [2023-01-16T02:00:02.773+0000] {dag.py:2585} INFO - Sync 1 DAGs
[2023-01-16T02:00:02.804+0000] {logging_mixin.py:120} INFO - [2023-01-16T02:00:02.804+0000] {dag.py:3340} INFO - Setting next_dagrun for tutorial to 2023-01-15T02:00:02.804182+00:00, run_after=2023-01-16T02:00:02.804182+00:00
[2023-01-16T02:00:02.825+0000] {processor.py:176} INFO - Processing /home/airflow/.local/lib/python3.7/site-packages/airflow/example_dags/tutorial.py took 0.100 seconds
[2023-01-16T02:00:32.914+0000] {processor.py:154} INFO - Started process (PID=22624) to work on /home/airflow/.local/lib/python3.7/site-packages/airflow/example_dags/tutorial.py
[2023-01-16T02:00:32.915+0000] {processor.py:756} INFO - Processing file /home/airflow/.local/lib/python3.7/site-packages/airflow/example_dags/tutorial.py for tasks to queue
[2023-01-16T02:00:32.916+0000] {logging_mixin.py:120} INFO - [2023-01-16T02:00:32.916+0000] {dagbag.py:537} INFO - Filling up the DagBag from /home/airflow/.local/lib/python3.7/site-packages/airflow/example_dags/tutorial.py
[2023-01-16T02:00:32.926+0000] {processor.py:766} INFO - DAG(s) dict_keys(['tutorial']) retrieved from /home/airflow/.local/lib/python3.7/site-packages/airflow/example_dags/tutorial.py
[2023-01-16T02:00:32.951+0000] {logging_mixin.py:120} INFO - [2023-01-16T02:00:32.951+0000] {dag.py:2585} INFO - Sync 1 DAGs
[2023-01-16T02:00:32.976+0000] {logging_mixin.py:120} INFO - [2023-01-16T02:00:32.976+0000] {dag.py:3340} INFO - Setting next_dagrun for tutorial to 2023-01-15T02:00:32.976205+00:00, run_after=2023-01-16T02:00:32.976205+00:00
[2023-01-16T02:00:33.004+0000] {processor.py:176} INFO - Processing /home/airflow/.local/lib/python3.7/site-packages/airflow/example_dags/tutorial.py took 0.095 seconds
[2023-01-16T02:01:03.295+0000] {processor.py:154} INFO - Started process (PID=22693) to work on /home/airflow/.local/lib/python3.7/site-packages/airflow/example_dags/tutorial.py
[2023-01-16T02:01:03.296+0000] {processor.py:756} INFO - Processing file /home/airflow/.local/lib/python3.7/site-packages/airflow/example_dags/tutorial.py for tasks to queue
[2023-01-16T02:01:03.297+0000] {logging_mixin.py:120} INFO - [2023-01-16T02:01:03.297+0000] {dagbag.py:537} INFO - Filling up the DagBag from /home/airflow/.local/lib/python3.7/site-packages/airflow/example_dags/tutorial.py
[2023-01-16T02:01:03.309+0000] {processor.py:766} INFO - DAG(s) dict_keys(['tutorial']) retrieved from /home/airflow/.local/lib/python3.7/site-packages/airflow/example_dags/tutorial.py
[2023-01-16T02:01:03.335+0000] {logging_mixin.py:120} INFO - [2023-01-16T02:01:03.335+0000] {dag.py:2585} INFO - Sync 1 DAGs
[2023-01-16T02:01:03.359+0000] {logging_mixin.py:120} INFO - [2023-01-16T02:01:03.359+0000] {dag.py:3340} INFO - Setting next_dagrun for tutorial to 2023-01-15T02:01:03.358902+00:00, run_after=2023-01-16T02:01:03.358902+00:00
[2023-01-16T02:01:03.391+0000] {processor.py:176} INFO - Processing /home/airflow/.local/lib/python3.7/site-packages/airflow/example_dags/tutorial.py took 0.099 seconds
[2023-01-16T02:01:33.494+0000] {processor.py:154} INFO - Started process (PID=22760) to work on /home/airflow/.local/lib/python3.7/site-packages/airflow/example_dags/tutorial.py
[2023-01-16T02:01:33.495+0000] {processor.py:756} INFO - Processing file /home/airflow/.local/lib/python3.7/site-packages/airflow/example_dags/tutorial.py for tasks to queue
[2023-01-16T02:01:33.496+0000] {logging_mixin.py:120} INFO - [2023-01-16T02:01:33.496+0000] {dagbag.py:537} INFO - Filling up the DagBag from /home/airflow/.local/lib/python3.7/site-packages/airflow/example_dags/tutorial.py
[2023-01-16T02:01:33.505+0000] {processor.py:766} INFO - DAG(s) dict_keys(['tutorial']) retrieved from /home/airflow/.local/lib/python3.7/site-packages/airflow/example_dags/tutorial.py
[2023-01-16T02:01:33.534+0000] {logging_mixin.py:120} INFO - [2023-01-16T02:01:33.533+0000] {dag.py:2585} INFO - Sync 1 DAGs
[2023-01-16T02:01:33.573+0000] {logging_mixin.py:120} INFO - [2023-01-16T02:01:33.573+0000] {dag.py:3340} INFO - Setting next_dagrun for tutorial to 2023-01-15T02:01:33.572765+00:00, run_after=2023-01-16T02:01:33.572765+00:00
[2023-01-16T02:01:33.605+0000] {processor.py:176} INFO - Processing /home/airflow/.local/lib/python3.7/site-packages/airflow/example_dags/tutorial.py took 0.114 seconds
