[2023-01-11T01:09:43.648+0000] {taskinstance.py:1165} INFO - Dependencies all met for <TaskInstance: consumer.read_dataset_2 dataset_triggered__2023-01-11T01:09:37.060173+00:00 [queued]>
[2023-01-11T01:09:43.704+0000] {taskinstance.py:1165} INFO - Dependencies all met for <TaskInstance: consumer.read_dataset_2 dataset_triggered__2023-01-11T01:09:37.060173+00:00 [queued]>
[2023-01-11T01:09:43.706+0000] {taskinstance.py:1362} INFO - 
--------------------------------------------------------------------------------
[2023-01-11T01:09:43.707+0000] {taskinstance.py:1363} INFO - Starting attempt 1 of 1
[2023-01-11T01:09:43.709+0000] {taskinstance.py:1364} INFO - 
--------------------------------------------------------------------------------
[2023-01-11T01:09:43.781+0000] {taskinstance.py:1383} INFO - Executing <Task(_PythonDecoratedOperator): read_dataset_2> on 2023-01-11 01:09:37.060173+00:00
[2023-01-11T01:09:43.808+0000] {standard_task_runner.py:82} INFO - Running: ['***', 'tasks', 'run', 'consumer', 'read_dataset_2', 'dataset_triggered__2023-01-11T01:09:37.060173+00:00', '--job-id', '14', '--raw', '--subdir', 'DAGS_FOLDER/consumer.py', '--cfg-path', '/tmp/tmpo0ho2ld8']
[2023-01-11T01:09:43.811+0000] {standard_task_runner.py:83} INFO - Job 14: Subtask read_dataset_2
[2023-01-11T01:09:43.800+0000] {standard_task_runner.py:55} INFO - Started process 6542 to run task
[2023-01-11T01:09:44.008+0000] {task_command.py:376} INFO - Running <TaskInstance: consumer.read_dataset_2 dataset_triggered__2023-01-11T01:09:37.060173+00:00 [running]> on host e4c135bf00be
[2023-01-11T01:09:44.292+0000] {taskinstance.py:1592} INFO - Exporting the following env vars:
AIRFLOW_CTX_DAG_OWNER=***
AIRFLOW_CTX_DAG_ID=consumer
AIRFLOW_CTX_TASK_ID=read_dataset_2
AIRFLOW_CTX_EXECUTION_DATE=2023-01-11T01:09:37.060173+00:00
AIRFLOW_CTX_TRY_NUMBER=1
AIRFLOW_CTX_DAG_RUN_ID=dataset_triggered__2023-01-11T01:09:37.060173+00:00
[2023-01-11T01:09:44.300+0000] {logging_mixin.py:120} INFO - producer update2producer update2
[2023-01-11T01:09:44.303+0000] {python.py:177} INFO - Done. Returned value was: None
[2023-01-11T01:09:44.356+0000] {taskinstance.py:1406} INFO - Marking task as SUCCESS. dag_id=consumer, task_id=read_dataset_2, execution_date=20230111T010937, start_date=20230111T010943, end_date=20230111T010944
[2023-01-11T01:09:44.446+0000] {local_task_job.py:164} INFO - Task exited with return code 0
[2023-01-11T01:09:44.528+0000] {local_task_job.py:273} INFO - 0 downstream tasks scheduled from follow-on schedule check
