[2022-11-27T08:04:59.377+0000] {taskinstance.py:1165} INFO - Dependencies all met for <TaskInstance: example_bash_operator.runme_1 scheduled__2022-11-26T00:00:00+00:00 [queued]>
[2022-11-27T08:04:59.431+0000] {taskinstance.py:1165} INFO - Dependencies all met for <TaskInstance: example_bash_operator.runme_1 scheduled__2022-11-26T00:00:00+00:00 [queued]>
[2022-11-27T08:04:59.434+0000] {taskinstance.py:1362} INFO - 
--------------------------------------------------------------------------------
[2022-11-27T08:04:59.436+0000] {taskinstance.py:1363} INFO - Starting attempt 1 of 1
[2022-11-27T08:04:59.437+0000] {taskinstance.py:1364} INFO - 
--------------------------------------------------------------------------------
[2022-11-27T08:04:59.556+0000] {taskinstance.py:1383} INFO - Executing <Task(BashOperator): runme_1> on 2022-11-26 00:00:00+00:00
[2022-11-27T08:04:59.568+0000] {standard_task_runner.py:55} INFO - Started process 647 to run task
[2022-11-27T08:04:59.575+0000] {standard_task_runner.py:82} INFO - Running: ['***', 'tasks', 'run', 'example_bash_operator', 'runme_1', 'scheduled__2022-11-26T00:00:00+00:00', '--job-id', '6', '--raw', '--subdir', '/home/***/.local/lib/python3.7/site-packages/***/example_dags/example_bash_operator.py', '--cfg-path', '/tmp/tmpn7rd485l']
[2022-11-27T08:04:59.578+0000] {standard_task_runner.py:83} INFO - Job 6: Subtask runme_1
[2022-11-27T08:04:59.736+0000] {task_command.py:376} INFO - Running <TaskInstance: example_bash_operator.runme_1 scheduled__2022-11-26T00:00:00+00:00 [running]> on host c7f7231a8603
[2022-11-27T08:04:59.924+0000] {taskinstance.py:1592} INFO - Exporting the following env vars:
AIRFLOW_CTX_DAG_OWNER=***
AIRFLOW_CTX_DAG_ID=example_bash_operator
AIRFLOW_CTX_TASK_ID=runme_1
AIRFLOW_CTX_EXECUTION_DATE=2022-11-26T00:00:00+00:00
AIRFLOW_CTX_TRY_NUMBER=1
AIRFLOW_CTX_DAG_RUN_ID=scheduled__2022-11-26T00:00:00+00:00
[2022-11-27T08:04:59.930+0000] {subprocess.py:63} INFO - Tmp dir root location: 
 /tmp
[2022-11-27T08:04:59.937+0000] {subprocess.py:75} INFO - Running command: ['/bin/bash', '-c', 'echo "example_bash_operator__runme_1__20221126" && sleep 1']
[2022-11-27T08:04:59.997+0000] {subprocess.py:86} INFO - Output:
[2022-11-27T08:05:00.001+0000] {subprocess.py:93} INFO - example_bash_operator__runme_1__20221126
[2022-11-27T08:05:01.005+0000] {subprocess.py:97} INFO - Command exited with return code 0
[2022-11-27T08:05:01.105+0000] {taskinstance.py:1406} INFO - Marking task as SUCCESS. dag_id=example_bash_operator, task_id=runme_1, execution_date=20221126T000000, start_date=20221127T080459, end_date=20221127T080501
[2022-11-27T08:05:01.193+0000] {local_task_job.py:164} INFO - Task exited with return code 0
[2022-11-27T08:05:01.279+0000] {local_task_job.py:273} INFO - 1 downstream tasks scheduled from follow-on schedule check
