[2023-01-21T05:34:50.869+0000] {taskinstance.py:1165} INFO - Dependencies all met for <TaskInstance: parallel_dag.trasform scheduled__2023-01-20T00:00:00+00:00 [queued]>
[2023-01-21T05:34:50.924+0000] {taskinstance.py:1165} INFO - Dependencies all met for <TaskInstance: parallel_dag.trasform scheduled__2023-01-20T00:00:00+00:00 [queued]>
[2023-01-21T05:34:50.925+0000] {taskinstance.py:1362} INFO - 
--------------------------------------------------------------------------------
[2023-01-21T05:34:50.933+0000] {taskinstance.py:1363} INFO - Starting attempt 1 of 1
[2023-01-21T05:34:50.934+0000] {taskinstance.py:1364} INFO - 
--------------------------------------------------------------------------------
[2023-01-21T05:34:51.025+0000] {taskinstance.py:1383} INFO - Executing <Task(BashOperator): trasform> on 2023-01-20 00:00:00+00:00
[2023-01-21T05:34:51.041+0000] {standard_task_runner.py:55} INFO - Started process 92 to run task
[2023-01-21T05:34:51.049+0000] {standard_task_runner.py:82} INFO - Running: ['***', 'tasks', 'run', 'parallel_dag', 'trasform', 'scheduled__2023-01-20T00:00:00+00:00', '--job-id', '80', '--raw', '--subdir', 'DAGS_FOLDER/parallel_dag.py', '--cfg-path', '/tmp/tmp1cvjvksw']
[2023-01-21T05:34:51.052+0000] {standard_task_runner.py:83} INFO - Job 80: Subtask trasform
[2023-01-21T05:34:51.393+0000] {task_command.py:376} INFO - Running <TaskInstance: parallel_dag.trasform scheduled__2023-01-20T00:00:00+00:00 [running]> on host 71aaef8bf920
[2023-01-21T05:34:51.777+0000] {taskinstance.py:1592} INFO - Exporting the following env vars:
AIRFLOW_CTX_DAG_OWNER=***
AIRFLOW_CTX_DAG_ID=parallel_dag
AIRFLOW_CTX_TASK_ID=trasform
AIRFLOW_CTX_EXECUTION_DATE=2023-01-20T00:00:00+00:00
AIRFLOW_CTX_TRY_NUMBER=1
AIRFLOW_CTX_DAG_RUN_ID=scheduled__2023-01-20T00:00:00+00:00
[2023-01-21T05:34:51.780+0000] {subprocess.py:63} INFO - Tmp dir root location: 
 /tmp
[2023-01-21T05:34:51.782+0000] {subprocess.py:75} INFO - Running command: ['/bin/bash', '-c', 'sleep 1']
[2023-01-21T05:34:51.823+0000] {subprocess.py:86} INFO - Output:
[2023-01-21T05:34:52.839+0000] {subprocess.py:97} INFO - Command exited with return code 0
[2023-01-21T05:34:52.961+0000] {taskinstance.py:1406} INFO - Marking task as SUCCESS. dag_id=parallel_dag, task_id=trasform, execution_date=20230120T000000, start_date=20230121T053450, end_date=20230121T053452
[2023-01-21T05:34:53.062+0000] {local_task_job.py:164} INFO - Task exited with return code 0
[2023-01-21T05:34:53.126+0000] {local_task_job.py:273} INFO - 0 downstream tasks scheduled from follow-on schedule check
