[2022-11-27T09:55:35.865+0000] {taskinstance.py:1165} INFO - Dependencies all met for <TaskInstance: user_processing.extract_user manual__2022-11-27T09:55:21.105109+00:00 [queued]>
[2022-11-27T09:55:35.876+0000] {taskinstance.py:1165} INFO - Dependencies all met for <TaskInstance: user_processing.extract_user manual__2022-11-27T09:55:21.105109+00:00 [queued]>
[2022-11-27T09:55:35.877+0000] {taskinstance.py:1362} INFO - 
--------------------------------------------------------------------------------
[2022-11-27T09:55:35.879+0000] {taskinstance.py:1363} INFO - Starting attempt 1 of 1
[2022-11-27T09:55:35.881+0000] {taskinstance.py:1364} INFO - 
--------------------------------------------------------------------------------
[2022-11-27T09:55:35.894+0000] {taskinstance.py:1383} INFO - Executing <Task(SimpleHttpOperator): extract_user> on 2022-11-27 09:55:21.105109+00:00
[2022-11-27T09:55:35.917+0000] {standard_task_runner.py:55} INFO - Started process 5200 to run task
[2022-11-27T09:55:35.927+0000] {standard_task_runner.py:82} INFO - Running: ['***', 'tasks', 'run', 'user_processing', 'extract_user', 'manual__2022-11-27T09:55:21.105109+00:00', '--job-id', '31', '--raw', '--subdir', 'DAGS_FOLDER/user_processing.py', '--cfg-path', '/tmp/tmpk6o981x_']
[2022-11-27T09:55:35.932+0000] {standard_task_runner.py:83} INFO - Job 31: Subtask extract_user
[2022-11-27T09:55:36.042+0000] {task_command.py:376} INFO - Running <TaskInstance: user_processing.extract_user manual__2022-11-27T09:55:21.105109+00:00 [running]> on host c7f7231a8603
[2022-11-27T09:55:36.135+0000] {taskinstance.py:1592} INFO - Exporting the following env vars:
AIRFLOW_CTX_DAG_OWNER=***
AIRFLOW_CTX_DAG_ID=user_processing
AIRFLOW_CTX_TASK_ID=extract_user
AIRFLOW_CTX_EXECUTION_DATE=2022-11-27T09:55:21.105109+00:00
AIRFLOW_CTX_TRY_NUMBER=1
AIRFLOW_CTX_DAG_RUN_ID=manual__2022-11-27T09:55:21.105109+00:00
[2022-11-27T09:55:36.141+0000] {http.py:121} INFO - Calling HTTP method
[2022-11-27T09:55:36.158+0000] {base.py:71} INFO - Using connection ID 'user_api' for task execution.
[2022-11-27T09:55:36.164+0000] {http.py:148} INFO - Sending 'GET' to url: https://randomuser.me/api/
[2022-11-27T09:55:36.561+0000] {http.py:125} INFO - {"results":[{"gender":"male","name":{"title":"Mr","first":"Esat","last":"Akay"},"location":{"street":{"number":7718,"name":"Filistin Cd"},"city":"Tekirdağ","state":"Isparta","country":"Turkey","postcode":18878,"coordinates":{"latitude":"67.2871","longitude":"-92.1342"},"timezone":{"offset":"0:00","description":"Western Europe Time, London, Lisbon, Casablanca"}},"email":"esat.akay@example.com","login":{"uuid":"607c9b61-89ce-4279-b492-7ac436e309d7","username":"organiccat549","password":"drifter","salt":"GKW6kCJC","md5":"acd1a9443ffa391707624dc960525724","sha1":"9d8627bb1647920f0b24cebb07bdff39a85ccdb3","sha256":"c4169adde23dcacb57b5ce5aad80f75564aae34acbf3d96c02dd6941cc77b5f8"},"dob":{"date":"1982-09-19T13:19:59.325Z","age":40},"registered":{"date":"2017-12-10T02:49:21.133Z","age":4},"phone":"(249)-205-8443","cell":"(772)-005-3719","id":{"name":"","value":null},"picture":{"large":"https://randomuser.me/api/portraits/men/25.jpg","medium":"https://randomuser.me/api/portraits/med/men/25.jpg","thumbnail":"https://randomuser.me/api/portraits/thumb/men/25.jpg"},"nat":"TR"}],"info":{"seed":"e299ecba593a3ad3","results":1,"page":1,"version":"1.4"}}
[2022-11-27T09:55:36.608+0000] {taskinstance.py:1406} INFO - Marking task as SUCCESS. dag_id=user_processing, task_id=extract_user, execution_date=20221127T095521, start_date=20221127T095535, end_date=20221127T095536
[2022-11-27T09:55:36.665+0000] {local_task_job.py:164} INFO - Task exited with return code 0
[2022-11-27T09:55:36.715+0000] {local_task_job.py:273} INFO - 1 downstream tasks scheduled from follow-on schedule check
