[2023-01-21T05:36:18.880+0000] {taskinstance.py:1165} INFO - Dependencies all met for <TaskInstance: group_dag.check_files scheduled__2023-01-20T00:00:00+00:00 [queued]>
[2023-01-21T05:36:18.911+0000] {taskinstance.py:1165} INFO - Dependencies all met for <TaskInstance: group_dag.check_files scheduled__2023-01-20T00:00:00+00:00 [queued]>
[2023-01-21T05:36:18.913+0000] {taskinstance.py:1362} INFO - 
--------------------------------------------------------------------------------
[2023-01-21T05:36:18.915+0000] {taskinstance.py:1363} INFO - Starting attempt 1 of 1
[2023-01-21T05:36:18.916+0000] {taskinstance.py:1364} INFO - 
--------------------------------------------------------------------------------
[2023-01-21T05:36:18.945+0000] {taskinstance.py:1383} INFO - Executing <Task(BashOperator): check_files> on 2023-01-20 00:00:00+00:00
[2023-01-21T05:36:18.955+0000] {standard_task_runner.py:55} INFO - Started process 203 to run task
[2023-01-21T05:36:18.961+0000] {standard_task_runner.py:82} INFO - Running: ['***', 'tasks', 'run', 'group_dag', 'check_files', 'scheduled__2023-01-20T00:00:00+00:00', '--job-id', '88', '--raw', '--subdir', 'DAGS_FOLDER/group_dag.py', '--cfg-path', '/tmp/tmpz4svrgnd']
[2023-01-21T05:36:18.963+0000] {standard_task_runner.py:83} INFO - Job 88: Subtask check_files
[2023-01-21T05:36:19.102+0000] {task_command.py:376} INFO - Running <TaskInstance: group_dag.check_files scheduled__2023-01-20T00:00:00+00:00 [running]> on host 2255277b485d
[2023-01-21T05:36:19.248+0000] {taskinstance.py:1592} INFO - Exporting the following env vars:
AIRFLOW_CTX_DAG_OWNER=***
AIRFLOW_CTX_DAG_ID=group_dag
AIRFLOW_CTX_TASK_ID=check_files
AIRFLOW_CTX_EXECUTION_DATE=2023-01-20T00:00:00+00:00
AIRFLOW_CTX_TRY_NUMBER=1
AIRFLOW_CTX_DAG_RUN_ID=scheduled__2023-01-20T00:00:00+00:00
[2023-01-21T05:36:19.251+0000] {subprocess.py:63} INFO - Tmp dir root location: 
 /tmp
[2023-01-21T05:36:19.253+0000] {subprocess.py:75} INFO - Running command: ['/bin/bash', '-c', 'echo checking files... | sleep 5 | echo checking complete..']
[2023-01-21T05:36:19.315+0000] {subprocess.py:86} INFO - Output:
[2023-01-21T05:36:19.317+0000] {subprocess.py:93} INFO - checking complete..
[2023-01-21T05:36:24.322+0000] {subprocess.py:97} INFO - Command exited with return code 0
[2023-01-21T05:36:24.376+0000] {taskinstance.py:1406} INFO - Marking task as SUCCESS. dag_id=group_dag, task_id=check_files, execution_date=20230120T000000, start_date=20230121T053618, end_date=20230121T053624
[2023-01-21T05:36:24.430+0000] {local_task_job.py:164} INFO - Task exited with return code 0
[2023-01-21T05:36:24.482+0000] {local_task_job.py:273} INFO - 1 downstream tasks scheduled from follow-on schedule check
