[2023-01-16T03:56:53.600+0000] {taskinstance.py:1165} INFO - Dependencies all met for <TaskInstance: parallel_dag.load_a manual__2023-01-16T03:56:48.143358+00:00 [queued]>
[2023-01-16T03:56:53.615+0000] {taskinstance.py:1165} INFO - Dependencies all met for <TaskInstance: parallel_dag.load_a manual__2023-01-16T03:56:48.143358+00:00 [queued]>
[2023-01-16T03:56:53.615+0000] {taskinstance.py:1362} INFO - 
--------------------------------------------------------------------------------
[2023-01-16T03:56:53.616+0000] {taskinstance.py:1363} INFO - Starting attempt 1 of 1
[2023-01-16T03:56:53.616+0000] {taskinstance.py:1364} INFO - 
--------------------------------------------------------------------------------
[2023-01-16T03:56:53.636+0000] {taskinstance.py:1383} INFO - Executing <Task(BashOperator): load_a> on 2023-01-16 03:56:48.143358+00:00
[2023-01-16T03:56:53.642+0000] {standard_task_runner.py:55} INFO - Started process 4359 to run task
[2023-01-16T03:56:53.645+0000] {standard_task_runner.py:82} INFO - Running: ['***', 'tasks', 'run', 'parallel_dag', 'load_a', 'manual__2023-01-16T03:56:48.143358+00:00', '--job-id', '59', '--raw', '--subdir', 'DAGS_FOLDER/parallel_dag.py', '--cfg-path', '/tmp/tmp3fytf23n']
[2023-01-16T03:56:53.646+0000] {standard_task_runner.py:83} INFO - Job 59: Subtask load_a
[2023-01-16T03:56:53.821+0000] {task_command.py:376} INFO - Running <TaskInstance: parallel_dag.load_a manual__2023-01-16T03:56:48.143358+00:00 [running]> on host c4d6e9176664
[2023-01-16T03:56:53.940+0000] {taskinstance.py:1592} INFO - Exporting the following env vars:
AIRFLOW_CTX_DAG_OWNER=***
AIRFLOW_CTX_DAG_ID=parallel_dag
AIRFLOW_CTX_TASK_ID=load_a
AIRFLOW_CTX_EXECUTION_DATE=2023-01-16T03:56:48.143358+00:00
AIRFLOW_CTX_TRY_NUMBER=1
AIRFLOW_CTX_DAG_RUN_ID=manual__2023-01-16T03:56:48.143358+00:00
[2023-01-16T03:56:53.941+0000] {subprocess.py:63} INFO - Tmp dir root location: 
 /tmp
[2023-01-16T03:56:53.942+0000] {subprocess.py:75} INFO - Running command: ['/bin/bash', '-c', 'sleep 2']
[2023-01-16T03:56:53.955+0000] {subprocess.py:86} INFO - Output:
[2023-01-16T03:56:55.958+0000] {subprocess.py:97} INFO - Command exited with return code 0
[2023-01-16T03:56:56.013+0000] {taskinstance.py:1406} INFO - Marking task as SUCCESS. dag_id=parallel_dag, task_id=load_a, execution_date=20230116T035648, start_date=20230116T035653, end_date=20230116T035656
[2023-01-16T03:56:56.070+0000] {local_task_job.py:164} INFO - Task exited with return code 0
[2023-01-16T03:56:56.113+0000] {local_task_job.py:273} INFO - 0 downstream tasks scheduled from follow-on schedule check
