[2023-01-16T03:56:53.614+0000] {taskinstance.py:1165} INFO - Dependencies all met for <TaskInstance: parallel_dag.load_b manual__2023-01-16T03:56:48.143358+00:00 [queued]>
[2023-01-16T03:56:53.629+0000] {taskinstance.py:1165} INFO - Dependencies all met for <TaskInstance: parallel_dag.load_b manual__2023-01-16T03:56:48.143358+00:00 [queued]>
[2023-01-16T03:56:53.629+0000] {taskinstance.py:1362} INFO - 
--------------------------------------------------------------------------------
[2023-01-16T03:56:53.631+0000] {taskinstance.py:1363} INFO - Starting attempt 1 of 1
[2023-01-16T03:56:53.631+0000] {taskinstance.py:1364} INFO - 
--------------------------------------------------------------------------------
[2023-01-16T03:56:53.653+0000] {taskinstance.py:1383} INFO - Executing <Task(BashOperator): load_b> on 2023-01-16 03:56:48.143358+00:00
[2023-01-16T03:56:53.660+0000] {standard_task_runner.py:55} INFO - Started process 4360 to run task
[2023-01-16T03:56:53.665+0000] {standard_task_runner.py:82} INFO - Running: ['***', 'tasks', 'run', 'parallel_dag', 'load_b', 'manual__2023-01-16T03:56:48.143358+00:00', '--job-id', '60', '--raw', '--subdir', 'DAGS_FOLDER/parallel_dag.py', '--cfg-path', '/tmp/tmpldt8hnam']
[2023-01-16T03:56:53.666+0000] {standard_task_runner.py:83} INFO - Job 60: Subtask load_b
[2023-01-16T03:56:53.822+0000] {task_command.py:376} INFO - Running <TaskInstance: parallel_dag.load_b manual__2023-01-16T03:56:48.143358+00:00 [running]> on host c4d6e9176664
[2023-01-16T03:56:53.938+0000] {taskinstance.py:1592} INFO - Exporting the following env vars:
AIRFLOW_CTX_DAG_OWNER=***
AIRFLOW_CTX_DAG_ID=parallel_dag
AIRFLOW_CTX_TASK_ID=load_b
AIRFLOW_CTX_EXECUTION_DATE=2023-01-16T03:56:48.143358+00:00
AIRFLOW_CTX_TRY_NUMBER=1
AIRFLOW_CTX_DAG_RUN_ID=manual__2023-01-16T03:56:48.143358+00:00
[2023-01-16T03:56:53.940+0000] {subprocess.py:63} INFO - Tmp dir root location: 
 /tmp
[2023-01-16T03:56:53.941+0000] {subprocess.py:75} INFO - Running command: ['/bin/bash', '-c', 'sleep 2']
[2023-01-16T03:56:53.955+0000] {subprocess.py:86} INFO - Output:
[2023-01-16T03:56:55.959+0000] {subprocess.py:97} INFO - Command exited with return code 0
[2023-01-16T03:56:56.009+0000] {taskinstance.py:1406} INFO - Marking task as SUCCESS. dag_id=parallel_dag, task_id=load_b, execution_date=20230116T035648, start_date=20230116T035653, end_date=20230116T035656
[2023-01-16T03:56:56.050+0000] {local_task_job.py:164} INFO - Task exited with return code 0
[2023-01-16T03:56:56.092+0000] {local_task_job.py:273} INFO - 1 downstream tasks scheduled from follow-on schedule check
