[2023-01-21T05:36:26.785+0000] {taskinstance.py:1165} INFO - Dependencies all met for <TaskInstance: group_dag.transfers.download_c scheduled__2023-01-20T00:00:00+00:00 [queued]>
[2023-01-21T05:36:26.814+0000] {taskinstance.py:1165} INFO - Dependencies all met for <TaskInstance: group_dag.transfers.download_c scheduled__2023-01-20T00:00:00+00:00 [queued]>
[2023-01-21T05:36:26.816+0000] {taskinstance.py:1362} INFO - 
--------------------------------------------------------------------------------
[2023-01-21T05:36:26.818+0000] {taskinstance.py:1363} INFO - Starting attempt 1 of 1
[2023-01-21T05:36:26.819+0000] {taskinstance.py:1364} INFO - 
--------------------------------------------------------------------------------
[2023-01-21T05:36:26.870+0000] {taskinstance.py:1383} INFO - Executing <Task(BashOperator): download_c> on 2023-01-20 00:00:00+00:00
[2023-01-21T05:36:26.909+0000] {standard_task_runner.py:55} INFO - Started process 214 to run task
[2023-01-21T05:36:26.919+0000] {standard_task_runner.py:82} INFO - Running: ['***', 'tasks', 'run', 'group_dag.transfers', 'download_c', 'scheduled__2023-01-20T00:00:00+00:00', '--job-id', '90', '--raw', '--subdir', 'DAGS_FOLDER/group_dag.py', '--cfg-path', '/tmp/tmpcid3buck']
[2023-01-21T05:36:26.920+0000] {standard_task_runner.py:83} INFO - Job 90: Subtask download_c
[2023-01-21T05:36:27.141+0000] {task_command.py:376} INFO - Running <TaskInstance: group_dag.transfers.download_c scheduled__2023-01-20T00:00:00+00:00 [running]> on host 2255277b485d
[2023-01-21T05:36:27.335+0000] {taskinstance.py:1592} INFO - Exporting the following env vars:
AIRFLOW_CTX_DAG_OWNER=***
AIRFLOW_CTX_DAG_ID=group_dag.transfers
AIRFLOW_CTX_TASK_ID=download_c
AIRFLOW_CTX_EXECUTION_DATE=2023-01-20T00:00:00+00:00
AIRFLOW_CTX_TRY_NUMBER=1
AIRFLOW_CTX_DAG_RUN_ID=scheduled__2023-01-20T00:00:00+00:00
[2023-01-21T05:36:27.337+0000] {subprocess.py:63} INFO - Tmp dir root location: 
 /tmp
[2023-01-21T05:36:27.339+0000] {subprocess.py:75} INFO - Running command: ['/bin/bash', '-c', 'echo I will sleep for 3 sec | sleep 3']
[2023-01-21T05:36:27.357+0000] {subprocess.py:86} INFO - Output:
[2023-01-21T05:36:30.368+0000] {subprocess.py:97} INFO - Command exited with return code 0
[2023-01-21T05:36:30.429+0000] {taskinstance.py:1406} INFO - Marking task as SUCCESS. dag_id=group_dag.transfers, task_id=download_c, execution_date=20230120T000000, start_date=20230121T053626, end_date=20230121T053630
[2023-01-21T05:36:30.518+0000] {local_task_job.py:164} INFO - Task exited with return code 0
[2023-01-21T05:36:30.587+0000] {local_task_job.py:273} INFO - 0 downstream tasks scheduled from follow-on schedule check
