[2023-01-21T05:34:17.901+0000] {processor.py:154} INFO - Started process (PID=61) to work on /opt/airflow/dags/parallel_dag.py
[2023-01-21T05:34:17.908+0000] {processor.py:756} INFO - Processing file /opt/airflow/dags/parallel_dag.py for tasks to queue
[2023-01-21T05:34:17.913+0000] {logging_mixin.py:120} INFO - [2023-01-21T05:34:17.912+0000] {dagbag.py:537} INFO - Filling up the DagBag from /opt/airflow/dags/parallel_dag.py
[2023-01-21T05:34:17.994+0000] {processor.py:766} INFO - DAG(s) dict_keys(['parallel_dag']) retrieved from /opt/airflow/dags/parallel_dag.py
[2023-01-21T05:34:18.593+0000] {logging_mixin.py:120} INFO - [2023-01-21T05:34:18.592+0000] {dag.py:2585} INFO - Sync 1 DAGs
[2023-01-21T05:34:18.920+0000] {logging_mixin.py:120} INFO - [2023-01-21T05:34:18.919+0000] {dag.py:3340} INFO - Setting next_dagrun for parallel_dag to 2023-01-20T00:00:00+00:00, run_after=2023-01-21T00:00:00+00:00
[2023-01-21T05:34:19.093+0000] {processor.py:176} INFO - Processing /opt/airflow/dags/parallel_dag.py took 1.199 seconds
[2023-01-21T05:34:49.805+0000] {processor.py:154} INFO - Started process (PID=88) to work on /opt/airflow/dags/parallel_dag.py
[2023-01-21T05:34:49.810+0000] {processor.py:756} INFO - Processing file /opt/airflow/dags/parallel_dag.py for tasks to queue
[2023-01-21T05:34:49.818+0000] {logging_mixin.py:120} INFO - [2023-01-21T05:34:49.817+0000] {dagbag.py:537} INFO - Filling up the DagBag from /opt/airflow/dags/parallel_dag.py
[2023-01-21T05:34:49.941+0000] {processor.py:766} INFO - DAG(s) dict_keys(['parallel_dag']) retrieved from /opt/airflow/dags/parallel_dag.py
[2023-01-21T05:34:50.080+0000] {logging_mixin.py:120} INFO - [2023-01-21T05:34:50.080+0000] {dag.py:2585} INFO - Sync 1 DAGs
[2023-01-21T05:34:50.217+0000] {logging_mixin.py:120} INFO - [2023-01-21T05:34:50.217+0000] {dag.py:3340} INFO - Setting next_dagrun for parallel_dag to 2023-01-21T00:00:00+00:00, run_after=2023-01-22T00:00:00+00:00
[2023-01-21T05:34:50.305+0000] {processor.py:176} INFO - Processing /opt/airflow/dags/parallel_dag.py took 0.519 seconds
[2023-01-21T05:35:21.701+0000] {processor.py:154} INFO - Started process (PID=128) to work on /opt/airflow/dags/parallel_dag.py
[2023-01-21T05:35:21.718+0000] {processor.py:756} INFO - Processing file /opt/airflow/dags/parallel_dag.py for tasks to queue
[2023-01-21T05:35:21.754+0000] {logging_mixin.py:120} INFO - [2023-01-21T05:35:21.753+0000] {dagbag.py:537} INFO - Filling up the DagBag from /opt/airflow/dags/parallel_dag.py
[2023-01-21T05:35:21.878+0000] {processor.py:766} INFO - DAG(s) dict_keys(['parallel_dag']) retrieved from /opt/airflow/dags/parallel_dag.py
[2023-01-21T05:35:22.020+0000] {logging_mixin.py:120} INFO - [2023-01-21T05:35:22.020+0000] {dag.py:2585} INFO - Sync 1 DAGs
[2023-01-21T05:35:22.224+0000] {logging_mixin.py:120} INFO - [2023-01-21T05:35:22.222+0000] {dag.py:3340} INFO - Setting next_dagrun for parallel_dag to 2023-01-21T00:00:00+00:00, run_after=2023-01-22T00:00:00+00:00
[2023-01-21T05:35:22.342+0000] {processor.py:176} INFO - Processing /opt/airflow/dags/parallel_dag.py took 0.695 seconds
[2023-01-21T05:35:52.469+0000] {processor.py:154} INFO - Started process (PID=154) to work on /opt/airflow/dags/parallel_dag.py
[2023-01-21T05:35:52.470+0000] {processor.py:756} INFO - Processing file /opt/airflow/dags/parallel_dag.py for tasks to queue
[2023-01-21T05:35:52.471+0000] {logging_mixin.py:120} INFO - [2023-01-21T05:35:52.471+0000] {dagbag.py:537} INFO - Filling up the DagBag from /opt/airflow/dags/parallel_dag.py
[2023-01-21T05:35:52.525+0000] {processor.py:766} INFO - DAG(s) dict_keys(['parallel_dag']) retrieved from /opt/airflow/dags/parallel_dag.py
[2023-01-21T05:35:52.590+0000] {logging_mixin.py:120} INFO - [2023-01-21T05:35:52.590+0000] {dag.py:2585} INFO - Sync 1 DAGs
[2023-01-21T05:35:52.643+0000] {logging_mixin.py:120} INFO - [2023-01-21T05:35:52.643+0000] {dag.py:3340} INFO - Setting next_dagrun for parallel_dag to 2023-01-21T00:00:00+00:00, run_after=2023-01-22T00:00:00+00:00
[2023-01-21T05:35:52.691+0000] {processor.py:176} INFO - Processing /opt/airflow/dags/parallel_dag.py took 0.226 seconds
[2023-01-21T05:36:22.818+0000] {processor.py:154} INFO - Started process (PID=186) to work on /opt/airflow/dags/parallel_dag.py
[2023-01-21T05:36:22.821+0000] {processor.py:756} INFO - Processing file /opt/airflow/dags/parallel_dag.py for tasks to queue
[2023-01-21T05:36:22.826+0000] {logging_mixin.py:120} INFO - [2023-01-21T05:36:22.825+0000] {dagbag.py:537} INFO - Filling up the DagBag from /opt/airflow/dags/parallel_dag.py
[2023-01-21T05:36:22.920+0000] {processor.py:766} INFO - DAG(s) dict_keys(['parallel_dag']) retrieved from /opt/airflow/dags/parallel_dag.py
[2023-01-21T05:36:23.039+0000] {logging_mixin.py:120} INFO - [2023-01-21T05:36:23.037+0000] {dag.py:2585} INFO - Sync 1 DAGs
[2023-01-21T05:36:23.132+0000] {logging_mixin.py:120} INFO - [2023-01-21T05:36:23.132+0000] {dag.py:3340} INFO - Setting next_dagrun for parallel_dag to 2023-01-21T00:00:00+00:00, run_after=2023-01-22T00:00:00+00:00
[2023-01-21T05:36:23.192+0000] {processor.py:176} INFO - Processing /opt/airflow/dags/parallel_dag.py took 0.390 seconds
[2023-01-21T05:36:53.303+0000] {processor.py:154} INFO - Started process (PID=221) to work on /opt/airflow/dags/parallel_dag.py
[2023-01-21T05:36:53.304+0000] {processor.py:756} INFO - Processing file /opt/airflow/dags/parallel_dag.py for tasks to queue
[2023-01-21T05:36:53.307+0000] {logging_mixin.py:120} INFO - [2023-01-21T05:36:53.306+0000] {dagbag.py:537} INFO - Filling up the DagBag from /opt/airflow/dags/parallel_dag.py
[2023-01-21T05:36:53.395+0000] {processor.py:766} INFO - DAG(s) dict_keys(['parallel_dag']) retrieved from /opt/airflow/dags/parallel_dag.py
[2023-01-21T05:36:53.532+0000] {logging_mixin.py:120} INFO - [2023-01-21T05:36:53.531+0000] {dag.py:2585} INFO - Sync 1 DAGs
[2023-01-21T05:36:53.604+0000] {logging_mixin.py:120} INFO - [2023-01-21T05:36:53.603+0000] {dag.py:3340} INFO - Setting next_dagrun for parallel_dag to 2023-01-21T00:00:00+00:00, run_after=2023-01-22T00:00:00+00:00
[2023-01-21T05:36:53.664+0000] {processor.py:176} INFO - Processing /opt/airflow/dags/parallel_dag.py took 0.371 seconds
