[2023-01-21T05:34:20.570+0000] {processor.py:154} INFO - Started process (PID=63) to work on /opt/airflow/dags/producer.py
[2023-01-21T05:34:20.573+0000] {processor.py:756} INFO - Processing file /opt/airflow/dags/producer.py for tasks to queue
[2023-01-21T05:34:20.583+0000] {logging_mixin.py:120} INFO - [2023-01-21T05:34:20.582+0000] {dagbag.py:537} INFO - Filling up the DagBag from /opt/airflow/dags/producer.py
[2023-01-21T05:34:20.760+0000] {processor.py:766} INFO - DAG(s) dict_keys(['producer']) retrieved from /opt/airflow/dags/producer.py
[2023-01-21T05:34:21.122+0000] {logging_mixin.py:120} INFO - [2023-01-21T05:34:21.121+0000] {dag.py:2585} INFO - Sync 1 DAGs
[2023-01-21T05:34:21.242+0000] {logging_mixin.py:120} INFO - [2023-01-21T05:34:21.241+0000] {dag.py:3340} INFO - Setting next_dagrun for producer to 2023-01-20T00:00:00+00:00, run_after=2023-01-21T00:00:00+00:00
[2023-01-21T05:34:21.380+0000] {processor.py:176} INFO - Processing /opt/airflow/dags/producer.py took 0.818 seconds
[2023-01-21T05:34:51.668+0000] {processor.py:154} INFO - Started process (PID=100) to work on /opt/airflow/dags/producer.py
[2023-01-21T05:34:51.706+0000] {processor.py:756} INFO - Processing file /opt/airflow/dags/producer.py for tasks to queue
[2023-01-21T05:34:51.710+0000] {logging_mixin.py:120} INFO - [2023-01-21T05:34:51.709+0000] {dagbag.py:537} INFO - Filling up the DagBag from /opt/airflow/dags/producer.py
[2023-01-21T05:34:51.960+0000] {processor.py:766} INFO - DAG(s) dict_keys(['producer']) retrieved from /opt/airflow/dags/producer.py
[2023-01-21T05:34:52.264+0000] {logging_mixin.py:120} INFO - [2023-01-21T05:34:52.263+0000] {dag.py:2585} INFO - Sync 1 DAGs
[2023-01-21T05:34:52.367+0000] {logging_mixin.py:120} INFO - [2023-01-21T05:34:52.367+0000] {dag.py:3340} INFO - Setting next_dagrun for producer to 2023-01-21T00:00:00+00:00, run_after=2023-01-22T00:00:00+00:00
[2023-01-21T05:34:52.465+0000] {processor.py:176} INFO - Processing /opt/airflow/dags/producer.py took 0.809 seconds
[2023-01-21T05:35:23.423+0000] {processor.py:154} INFO - Started process (PID=131) to work on /opt/airflow/dags/producer.py
[2023-01-21T05:35:23.425+0000] {processor.py:756} INFO - Processing file /opt/airflow/dags/producer.py for tasks to queue
[2023-01-21T05:35:23.435+0000] {logging_mixin.py:120} INFO - [2023-01-21T05:35:23.432+0000] {dagbag.py:537} INFO - Filling up the DagBag from /opt/airflow/dags/producer.py
[2023-01-21T05:35:23.562+0000] {processor.py:766} INFO - DAG(s) dict_keys(['producer']) retrieved from /opt/airflow/dags/producer.py
[2023-01-21T05:35:23.709+0000] {logging_mixin.py:120} INFO - [2023-01-21T05:35:23.708+0000] {dag.py:2585} INFO - Sync 1 DAGs
[2023-01-21T05:35:23.789+0000] {logging_mixin.py:120} INFO - [2023-01-21T05:35:23.789+0000] {dag.py:3340} INFO - Setting next_dagrun for producer to 2023-01-21T00:00:00+00:00, run_after=2023-01-22T00:00:00+00:00
[2023-01-21T05:35:23.856+0000] {processor.py:176} INFO - Processing /opt/airflow/dags/producer.py took 0.454 seconds
[2023-01-21T05:35:54.796+0000] {processor.py:154} INFO - Started process (PID=157) to work on /opt/airflow/dags/producer.py
[2023-01-21T05:35:54.798+0000] {processor.py:756} INFO - Processing file /opt/airflow/dags/producer.py for tasks to queue
[2023-01-21T05:35:54.800+0000] {logging_mixin.py:120} INFO - [2023-01-21T05:35:54.799+0000] {dagbag.py:537} INFO - Filling up the DagBag from /opt/airflow/dags/producer.py
[2023-01-21T05:35:54.852+0000] {processor.py:766} INFO - DAG(s) dict_keys(['producer']) retrieved from /opt/airflow/dags/producer.py
[2023-01-21T05:35:54.897+0000] {logging_mixin.py:120} INFO - [2023-01-21T05:35:54.897+0000] {dag.py:2585} INFO - Sync 1 DAGs
[2023-01-21T05:35:54.927+0000] {logging_mixin.py:120} INFO - [2023-01-21T05:35:54.927+0000] {dag.py:3340} INFO - Setting next_dagrun for producer to 2023-01-21T00:00:00+00:00, run_after=2023-01-22T00:00:00+00:00
[2023-01-21T05:35:54.960+0000] {processor.py:176} INFO - Processing /opt/airflow/dags/producer.py took 0.169 seconds
[2023-01-21T05:36:25.328+0000] {processor.py:154} INFO - Started process (PID=192) to work on /opt/airflow/dags/producer.py
[2023-01-21T05:36:25.331+0000] {processor.py:756} INFO - Processing file /opt/airflow/dags/producer.py for tasks to queue
[2023-01-21T05:36:25.335+0000] {logging_mixin.py:120} INFO - [2023-01-21T05:36:25.335+0000] {dagbag.py:537} INFO - Filling up the DagBag from /opt/airflow/dags/producer.py
[2023-01-21T05:36:25.424+0000] {processor.py:766} INFO - DAG(s) dict_keys(['producer']) retrieved from /opt/airflow/dags/producer.py
[2023-01-21T05:36:25.523+0000] {logging_mixin.py:120} INFO - [2023-01-21T05:36:25.522+0000] {dag.py:2585} INFO - Sync 1 DAGs
[2023-01-21T05:36:25.570+0000] {logging_mixin.py:120} INFO - [2023-01-21T05:36:25.570+0000] {dag.py:3340} INFO - Setting next_dagrun for producer to 2023-01-21T00:00:00+00:00, run_after=2023-01-22T00:00:00+00:00
[2023-01-21T05:36:25.632+0000] {processor.py:176} INFO - Processing /opt/airflow/dags/producer.py took 0.309 seconds
[2023-01-21T05:36:56.020+0000] {processor.py:154} INFO - Started process (PID=223) to work on /opt/airflow/dags/producer.py
[2023-01-21T05:36:56.030+0000] {processor.py:756} INFO - Processing file /opt/airflow/dags/producer.py for tasks to queue
[2023-01-21T05:36:56.032+0000] {logging_mixin.py:120} INFO - [2023-01-21T05:36:56.032+0000] {dagbag.py:537} INFO - Filling up the DagBag from /opt/airflow/dags/producer.py
[2023-01-21T05:36:56.161+0000] {processor.py:766} INFO - DAG(s) dict_keys(['producer']) retrieved from /opt/airflow/dags/producer.py
[2023-01-21T05:36:56.301+0000] {logging_mixin.py:120} INFO - [2023-01-21T05:36:56.300+0000] {dag.py:2585} INFO - Sync 1 DAGs
[2023-01-21T05:36:56.400+0000] {logging_mixin.py:120} INFO - [2023-01-21T05:36:56.399+0000] {dag.py:3340} INFO - Setting next_dagrun for producer to 2023-01-21T00:00:00+00:00, run_after=2023-01-22T00:00:00+00:00
[2023-01-21T05:36:56.478+0000] {processor.py:176} INFO - Processing /opt/airflow/dags/producer.py took 0.469 seconds
