[2023-01-21T05:34:17.321+0000] {processor.py:154} INFO - Started process (PID=59) to work on /opt/airflow/dags/subdag_transfers.py
[2023-01-21T05:34:17.323+0000] {processor.py:756} INFO - Processing file /opt/airflow/dags/subdag_transfers.py for tasks to queue
[2023-01-21T05:34:17.333+0000] {logging_mixin.py:120} INFO - [2023-01-21T05:34:17.332+0000] {dagbag.py:537} INFO - Filling up the DagBag from /opt/airflow/dags/subdag_transfers.py
[2023-01-21T05:34:17.498+0000] {processor.py:768} WARNING - No viable dags retrieved from /opt/airflow/dags/subdag_transfers.py
[2023-01-21T05:34:17.561+0000] {processor.py:176} INFO - Processing /opt/airflow/dags/subdag_transfers.py took 0.247 seconds
[2023-01-21T05:34:48.558+0000] {processor.py:154} INFO - Started process (PID=86) to work on /opt/airflow/dags/subdag_transfers.py
[2023-01-21T05:34:48.562+0000] {processor.py:756} INFO - Processing file /opt/airflow/dags/subdag_transfers.py for tasks to queue
[2023-01-21T05:34:48.567+0000] {logging_mixin.py:120} INFO - [2023-01-21T05:34:48.566+0000] {dagbag.py:537} INFO - Filling up the DagBag from /opt/airflow/dags/subdag_transfers.py
[2023-01-21T05:34:48.616+0000] {processor.py:768} WARNING - No viable dags retrieved from /opt/airflow/dags/subdag_transfers.py
[2023-01-21T05:34:48.665+0000] {processor.py:176} INFO - Processing /opt/airflow/dags/subdag_transfers.py took 0.124 seconds
[2023-01-21T05:35:19.574+0000] {processor.py:154} INFO - Started process (PID=126) to work on /opt/airflow/dags/subdag_transfers.py
[2023-01-21T05:35:19.577+0000] {processor.py:756} INFO - Processing file /opt/airflow/dags/subdag_transfers.py for tasks to queue
[2023-01-21T05:35:19.582+0000] {logging_mixin.py:120} INFO - [2023-01-21T05:35:19.582+0000] {dagbag.py:537} INFO - Filling up the DagBag from /opt/airflow/dags/subdag_transfers.py
[2023-01-21T05:35:19.663+0000] {processor.py:768} WARNING - No viable dags retrieved from /opt/airflow/dags/subdag_transfers.py
[2023-01-21T05:35:19.738+0000] {processor.py:176} INFO - Processing /opt/airflow/dags/subdag_transfers.py took 0.170 seconds
[2023-01-21T05:35:50.439+0000] {processor.py:154} INFO - Started process (PID=152) to work on /opt/airflow/dags/subdag_transfers.py
[2023-01-21T05:35:50.441+0000] {processor.py:756} INFO - Processing file /opt/airflow/dags/subdag_transfers.py for tasks to queue
[2023-01-21T05:35:50.445+0000] {logging_mixin.py:120} INFO - [2023-01-21T05:35:50.444+0000] {dagbag.py:537} INFO - Filling up the DagBag from /opt/airflow/dags/subdag_transfers.py
[2023-01-21T05:35:50.490+0000] {processor.py:768} WARNING - No viable dags retrieved from /opt/airflow/dags/subdag_transfers.py
[2023-01-21T05:35:50.518+0000] {processor.py:176} INFO - Processing /opt/airflow/dags/subdag_transfers.py took 0.090 seconds
[2023-01-21T05:36:20.720+0000] {processor.py:154} INFO - Started process (PID=178) to work on /opt/airflow/dags/subdag_transfers.py
[2023-01-21T05:36:20.721+0000] {processor.py:756} INFO - Processing file /opt/airflow/dags/subdag_transfers.py for tasks to queue
[2023-01-21T05:36:20.722+0000] {logging_mixin.py:120} INFO - [2023-01-21T05:36:20.722+0000] {dagbag.py:537} INFO - Filling up the DagBag from /opt/airflow/dags/subdag_transfers.py
[2023-01-21T05:36:20.741+0000] {processor.py:768} WARNING - No viable dags retrieved from /opt/airflow/dags/subdag_transfers.py
[2023-01-21T05:36:20.755+0000] {processor.py:176} INFO - Processing /opt/airflow/dags/subdag_transfers.py took 0.038 seconds
[2023-01-21T05:36:51.222+0000] {processor.py:154} INFO - Started process (PID=219) to work on /opt/airflow/dags/subdag_transfers.py
[2023-01-21T05:36:51.223+0000] {processor.py:756} INFO - Processing file /opt/airflow/dags/subdag_transfers.py for tasks to queue
[2023-01-21T05:36:51.227+0000] {logging_mixin.py:120} INFO - [2023-01-21T05:36:51.226+0000] {dagbag.py:537} INFO - Filling up the DagBag from /opt/airflow/dags/subdag_transfers.py
[2023-01-21T05:36:51.252+0000] {processor.py:768} WARNING - No viable dags retrieved from /opt/airflow/dags/subdag_transfers.py
[2023-01-21T05:36:51.281+0000] {processor.py:176} INFO - Processing /opt/airflow/dags/subdag_transfers.py took 0.064 seconds
