[2023-01-21T05:34:17.650+0000] {processor.py:154} INFO - Started process (PID=60) to work on /opt/airflow/dags/subdag_downloads.py
[2023-01-21T05:34:17.653+0000] {processor.py:756} INFO - Processing file /opt/airflow/dags/subdag_downloads.py for tasks to queue
[2023-01-21T05:34:17.656+0000] {logging_mixin.py:120} INFO - [2023-01-21T05:34:17.656+0000] {dagbag.py:537} INFO - Filling up the DagBag from /opt/airflow/dags/subdag_downloads.py
[2023-01-21T05:34:17.728+0000] {processor.py:768} WARNING - No viable dags retrieved from /opt/airflow/dags/subdag_downloads.py
[2023-01-21T05:34:17.802+0000] {processor.py:176} INFO - Processing /opt/airflow/dags/subdag_downloads.py took 0.166 seconds
[2023-01-21T05:34:48.558+0000] {processor.py:154} INFO - Started process (PID=87) to work on /opt/airflow/dags/subdag_downloads.py
[2023-01-21T05:34:48.562+0000] {processor.py:756} INFO - Processing file /opt/airflow/dags/subdag_downloads.py for tasks to queue
[2023-01-21T05:34:48.567+0000] {logging_mixin.py:120} INFO - [2023-01-21T05:34:48.566+0000] {dagbag.py:537} INFO - Filling up the DagBag from /opt/airflow/dags/subdag_downloads.py
[2023-01-21T05:34:48.621+0000] {processor.py:768} WARNING - No viable dags retrieved from /opt/airflow/dags/subdag_downloads.py
[2023-01-21T05:34:48.675+0000] {processor.py:176} INFO - Processing /opt/airflow/dags/subdag_downloads.py took 0.134 seconds
[2023-01-21T05:35:19.598+0000] {processor.py:154} INFO - Started process (PID=127) to work on /opt/airflow/dags/subdag_downloads.py
[2023-01-21T05:35:19.601+0000] {processor.py:756} INFO - Processing file /opt/airflow/dags/subdag_downloads.py for tasks to queue
[2023-01-21T05:35:19.607+0000] {logging_mixin.py:120} INFO - [2023-01-21T05:35:19.606+0000] {dagbag.py:537} INFO - Filling up the DagBag from /opt/airflow/dags/subdag_downloads.py
[2023-01-21T05:35:19.707+0000] {processor.py:768} WARNING - No viable dags retrieved from /opt/airflow/dags/subdag_downloads.py
[2023-01-21T05:35:19.768+0000] {processor.py:176} INFO - Processing /opt/airflow/dags/subdag_downloads.py took 0.190 seconds
[2023-01-21T05:35:50.432+0000] {processor.py:154} INFO - Started process (PID=153) to work on /opt/airflow/dags/subdag_downloads.py
[2023-01-21T05:35:50.435+0000] {processor.py:756} INFO - Processing file /opt/airflow/dags/subdag_downloads.py for tasks to queue
[2023-01-21T05:35:50.438+0000] {logging_mixin.py:120} INFO - [2023-01-21T05:35:50.438+0000] {dagbag.py:537} INFO - Filling up the DagBag from /opt/airflow/dags/subdag_downloads.py
[2023-01-21T05:35:50.480+0000] {processor.py:768} WARNING - No viable dags retrieved from /opt/airflow/dags/subdag_downloads.py
[2023-01-21T05:35:50.515+0000] {processor.py:176} INFO - Processing /opt/airflow/dags/subdag_downloads.py took 0.088 seconds
[2023-01-21T05:36:20.718+0000] {processor.py:154} INFO - Started process (PID=179) to work on /opt/airflow/dags/subdag_downloads.py
[2023-01-21T05:36:20.720+0000] {processor.py:756} INFO - Processing file /opt/airflow/dags/subdag_downloads.py for tasks to queue
[2023-01-21T05:36:20.721+0000] {logging_mixin.py:120} INFO - [2023-01-21T05:36:20.721+0000] {dagbag.py:537} INFO - Filling up the DagBag from /opt/airflow/dags/subdag_downloads.py
[2023-01-21T05:36:20.739+0000] {processor.py:768} WARNING - No viable dags retrieved from /opt/airflow/dags/subdag_downloads.py
[2023-01-21T05:36:20.754+0000] {processor.py:176} INFO - Processing /opt/airflow/dags/subdag_downloads.py took 0.038 seconds
[2023-01-21T05:36:51.225+0000] {processor.py:154} INFO - Started process (PID=220) to work on /opt/airflow/dags/subdag_downloads.py
[2023-01-21T05:36:51.226+0000] {processor.py:756} INFO - Processing file /opt/airflow/dags/subdag_downloads.py for tasks to queue
[2023-01-21T05:36:51.228+0000] {logging_mixin.py:120} INFO - [2023-01-21T05:36:51.228+0000] {dagbag.py:537} INFO - Filling up the DagBag from /opt/airflow/dags/subdag_downloads.py
[2023-01-21T05:36:51.255+0000] {processor.py:768} WARNING - No viable dags retrieved from /opt/airflow/dags/subdag_downloads.py
[2023-01-21T05:36:51.278+0000] {processor.py:176} INFO - Processing /opt/airflow/dags/subdag_downloads.py took 0.059 seconds
