[2022-11-27T09:59:07.510+0000] {taskinstance.py:1165} INFO - Dependencies all met for <TaskInstance: user_processing.extract_user manual__2022-11-27T09:58:51.107805+00:00 [queued]>
[2022-11-27T09:59:07.533+0000] {taskinstance.py:1165} INFO - Dependencies all met for <TaskInstance: user_processing.extract_user manual__2022-11-27T09:58:51.107805+00:00 [queued]>
[2022-11-27T09:59:07.535+0000] {taskinstance.py:1362} INFO - 
--------------------------------------------------------------------------------
[2022-11-27T09:59:07.537+0000] {taskinstance.py:1363} INFO - Starting attempt 1 of 1
[2022-11-27T09:59:07.539+0000] {taskinstance.py:1364} INFO - 
--------------------------------------------------------------------------------
[2022-11-27T09:59:07.569+0000] {taskinstance.py:1383} INFO - Executing <Task(SimpleHttpOperator): extract_user> on 2022-11-27 09:58:51.107805+00:00
[2022-11-27T09:59:07.594+0000] {standard_task_runner.py:55} INFO - Started process 5320 to run task
[2022-11-27T09:59:07.603+0000] {standard_task_runner.py:82} INFO - Running: ['***', 'tasks', 'run', 'user_processing', 'extract_user', 'manual__2022-11-27T09:58:51.107805+00:00', '--job-id', '35', '--raw', '--subdir', 'DAGS_FOLDER/user_processing.py', '--cfg-path', '/tmp/tmphlgphvph']
[2022-11-27T09:59:07.619+0000] {standard_task_runner.py:83} INFO - Job 35: Subtask extract_user
[2022-11-27T09:59:07.870+0000] {task_command.py:376} INFO - Running <TaskInstance: user_processing.extract_user manual__2022-11-27T09:58:51.107805+00:00 [running]> on host c7f7231a8603
[2022-11-27T09:59:08.005+0000] {taskinstance.py:1592} INFO - Exporting the following env vars:
AIRFLOW_CTX_DAG_OWNER=***
AIRFLOW_CTX_DAG_ID=user_processing
AIRFLOW_CTX_TASK_ID=extract_user
AIRFLOW_CTX_EXECUTION_DATE=2022-11-27T09:58:51.107805+00:00
AIRFLOW_CTX_TRY_NUMBER=1
AIRFLOW_CTX_DAG_RUN_ID=manual__2022-11-27T09:58:51.107805+00:00
[2022-11-27T09:59:08.016+0000] {http.py:121} INFO - Calling HTTP method
[2022-11-27T09:59:08.042+0000] {base.py:71} INFO - Using connection ID 'user_api' for task execution.
[2022-11-27T09:59:08.053+0000] {http.py:148} INFO - Sending 'GET' to url: https://randomuser.me/api/
[2022-11-27T09:59:08.473+0000] {http.py:125} INFO - {"results":[{"gender":"male","name":{"title":"Mr","first":"Rintje","last":"Snoeren"},"location":{"street":{"number":4591,"name":"De Hydra"},"city":"Putten","state":"Gelderland","country":"Netherlands","postcode":"2586 UO","coordinates":{"latitude":"36.0922","longitude":"-71.2760"},"timezone":{"offset":"+6:00","description":"Almaty, Dhaka, Colombo"}},"email":"rintje.snoeren@example.com","login":{"uuid":"cac75b47-6aa2-4ef3-90be-198534c49e5e","username":"sadwolf157","password":"12341234","salt":"yQPi68ov","md5":"600653b16ec6186c52404e835e2656ef","sha1":"78b445ab624c10330e48d1e890025d166ea931fc","sha256":"8c4c7629425d028929cdb87fab723a133e905e0ba085de9bcd4fb84471f8c143"},"dob":{"date":"1980-01-02T04:10:42.486Z","age":42},"registered":{"date":"2012-07-23T23:26:14.378Z","age":10},"phone":"(0726) 098863","cell":"(06) 31501769","id":{"name":"BSN","value":"91413707"},"picture":{"large":"https://randomuser.me/api/portraits/men/35.jpg","medium":"https://randomuser.me/api/portraits/med/men/35.jpg","thumbnail":"https://randomuser.me/api/portraits/thumb/men/35.jpg"},"nat":"NL"}],"info":{"seed":"d5841550ca31ec6b","results":1,"page":1,"version":"1.4"}}
[2022-11-27T09:59:08.523+0000] {taskinstance.py:1406} INFO - Marking task as SUCCESS. dag_id=user_processing, task_id=extract_user, execution_date=20221127T095851, start_date=20221127T095907, end_date=20221127T095908
[2022-11-27T09:59:08.602+0000] {local_task_job.py:164} INFO - Task exited with return code 0
[2022-11-27T09:59:08.674+0000] {local_task_job.py:273} INFO - 1 downstream tasks scheduled from follow-on schedule check
