[2022-11-27T09:44:11.536+0000] {taskinstance.py:1165} INFO - Dependencies all met for <TaskInstance: user_processing.extract_user manual__2022-11-27T09:43:59.762536+00:00 [queued]>
[2022-11-27T09:44:11.631+0000] {taskinstance.py:1165} INFO - Dependencies all met for <TaskInstance: user_processing.extract_user manual__2022-11-27T09:43:59.762536+00:00 [queued]>
[2022-11-27T09:44:11.634+0000] {taskinstance.py:1362} INFO - 
--------------------------------------------------------------------------------
[2022-11-27T09:44:11.636+0000] {taskinstance.py:1363} INFO - Starting attempt 1 of 1
[2022-11-27T09:44:11.639+0000] {taskinstance.py:1364} INFO - 
--------------------------------------------------------------------------------
[2022-11-27T09:44:11.732+0000] {taskinstance.py:1383} INFO - Executing <Task(SimpleHttpOperator): extract_user> on 2022-11-27 09:43:59.762536+00:00
[2022-11-27T09:44:11.788+0000] {standard_task_runner.py:55} INFO - Started process 4708 to run task
[2022-11-27T09:44:11.815+0000] {standard_task_runner.py:82} INFO - Running: ['***', 'tasks', 'run', 'user_processing', 'extract_user', 'manual__2022-11-27T09:43:59.762536+00:00', '--job-id', '15', '--raw', '--subdir', 'DAGS_FOLDER/user_processing.py', '--cfg-path', '/tmp/tmpnvs8s5jt']
[2022-11-27T09:44:11.831+0000] {standard_task_runner.py:83} INFO - Job 15: Subtask extract_user
[2022-11-27T09:44:12.098+0000] {task_command.py:376} INFO - Running <TaskInstance: user_processing.extract_user manual__2022-11-27T09:43:59.762536+00:00 [running]> on host c7f7231a8603
[2022-11-27T09:44:12.289+0000] {taskinstance.py:1592} INFO - Exporting the following env vars:
AIRFLOW_CTX_DAG_OWNER=***
AIRFLOW_CTX_DAG_ID=user_processing
AIRFLOW_CTX_TASK_ID=extract_user
AIRFLOW_CTX_EXECUTION_DATE=2022-11-27T09:43:59.762536+00:00
AIRFLOW_CTX_TRY_NUMBER=1
AIRFLOW_CTX_DAG_RUN_ID=manual__2022-11-27T09:43:59.762536+00:00
[2022-11-27T09:44:12.296+0000] {http.py:121} INFO - Calling HTTP method
[2022-11-27T09:44:12.348+0000] {base.py:71} INFO - Using connection ID 'user_api' for task execution.
[2022-11-27T09:44:12.360+0000] {http.py:148} INFO - Sending 'GET' to url: https://randomuser.me/api/
[2022-11-27T09:44:12.915+0000] {http.py:125} INFO - {"results":[{"gender":"female","name":{"title":"Miss","first":"Alice","last":"Clarke"},"location":{"street":{"number":3869,"name":"Devonport Road"},"city":"Hamilton","state":"Manawatu-Wanganui","country":"New Zealand","postcode":61202,"coordinates":{"latitude":"53.1014","longitude":"136.6512"},"timezone":{"offset":"+4:30","description":"Kabul"}},"email":"alice.clarke@example.com","login":{"uuid":"011a6345-9944-4012-857d-926aaf1cad4e","username":"smallmeercat234","password":"jamesbond","salt":"Mrsbgipw","md5":"4e2baad126bf4da70005f0081db90fd5","sha1":"1af7c9ea4f1a4aa92ef283a47ce77b118a9c668f","sha256":"b5e504d65480a835f83eee8d10330e7f6226bf016e7a86a130ac8d7921aaa4c7"},"dob":{"date":"1968-12-11T02:15:23.962Z","age":53},"registered":{"date":"2015-05-19T13:32:19.556Z","age":7},"phone":"(907)-682-8683","cell":"(619)-163-6348","id":{"name":"","value":null},"picture":{"large":"https://randomuser.me/api/portraits/women/61.jpg","medium":"https://randomuser.me/api/portraits/med/women/61.jpg","thumbnail":"https://randomuser.me/api/portraits/thumb/women/61.jpg"},"nat":"NZ"}],"info":{"seed":"87b0f1589e91be30","results":1,"page":1,"version":"1.4"}}
[2022-11-27T09:44:13.111+0000] {taskinstance.py:1406} INFO - Marking task as SUCCESS. dag_id=user_processing, task_id=extract_user, execution_date=20221127T094359, start_date=20221127T094411, end_date=20221127T094413
[2022-11-27T09:44:13.232+0000] {local_task_job.py:164} INFO - Task exited with return code 0
[2022-11-27T09:44:13.355+0000] {local_task_job.py:273} INFO - 1 downstream tasks scheduled from follow-on schedule check
