[2022-11-27T09:59:09.985+0000] {taskinstance.py:1165} INFO - Dependencies all met for <TaskInstance: user_processing.process_user manual__2022-11-27T09:58:51.107805+00:00 [queued]>
[2022-11-27T09:59:09.995+0000] {taskinstance.py:1165} INFO - Dependencies all met for <TaskInstance: user_processing.process_user manual__2022-11-27T09:58:51.107805+00:00 [queued]>
[2022-11-27T09:59:09.996+0000] {taskinstance.py:1362} INFO - 
--------------------------------------------------------------------------------
[2022-11-27T09:59:09.998+0000] {taskinstance.py:1363} INFO - Starting attempt 1 of 1
[2022-11-27T09:59:09.999+0000] {taskinstance.py:1364} INFO - 
--------------------------------------------------------------------------------
[2022-11-27T09:59:10.013+0000] {taskinstance.py:1383} INFO - Executing <Task(PythonOperator): process_user> on 2022-11-27 09:58:51.107805+00:00
[2022-11-27T09:59:10.042+0000] {standard_task_runner.py:55} INFO - Started process 5323 to run task
[2022-11-27T09:59:10.070+0000] {standard_task_runner.py:82} INFO - Running: ['***', 'tasks', 'run', 'user_processing', 'process_user', 'manual__2022-11-27T09:58:51.107805+00:00', '--job-id', '36', '--raw', '--subdir', 'DAGS_FOLDER/user_processing.py', '--cfg-path', '/tmp/tmpi99ver_k']
[2022-11-27T09:59:10.084+0000] {standard_task_runner.py:83} INFO - Job 36: Subtask process_user
[2022-11-27T09:59:10.252+0000] {task_command.py:376} INFO - Running <TaskInstance: user_processing.process_user manual__2022-11-27T09:58:51.107805+00:00 [running]> on host c7f7231a8603
[2022-11-27T09:59:10.368+0000] {taskinstance.py:1592} INFO - Exporting the following env vars:
AIRFLOW_CTX_DAG_OWNER=***
AIRFLOW_CTX_DAG_ID=user_processing
AIRFLOW_CTX_TASK_ID=process_user
AIRFLOW_CTX_EXECUTION_DATE=2022-11-27T09:58:51.107805+00:00
AIRFLOW_CTX_TRY_NUMBER=1
AIRFLOW_CTX_DAG_RUN_ID=manual__2022-11-27T09:58:51.107805+00:00
[2022-11-27T09:59:10.433+0000] {python.py:177} INFO - Done. Returned value was: None
[2022-11-27T09:59:10.466+0000] {taskinstance.py:1406} INFO - Marking task as SUCCESS. dag_id=user_processing, task_id=process_user, execution_date=20221127T095851, start_date=20221127T095909, end_date=20221127T095910
[2022-11-27T09:59:10.530+0000] {local_task_job.py:164} INFO - Task exited with return code 0
[2022-11-27T09:59:10.592+0000] {local_task_job.py:273} INFO - 1 downstream tasks scheduled from follow-on schedule check
