[2023-01-16T03:55:29.767+0000] {taskinstance.py:1165} INFO - Dependencies all met for <TaskInstance: user_processing.process_user manual__2023-01-16T03:55:23.350693+00:00 [queued]>
[2023-01-16T03:55:29.778+0000] {taskinstance.py:1165} INFO - Dependencies all met for <TaskInstance: user_processing.process_user manual__2023-01-16T03:55:23.350693+00:00 [queued]>
[2023-01-16T03:55:29.779+0000] {taskinstance.py:1362} INFO - 
--------------------------------------------------------------------------------
[2023-01-16T03:55:29.780+0000] {taskinstance.py:1363} INFO - Starting attempt 1 of 1
[2023-01-16T03:55:29.781+0000] {taskinstance.py:1364} INFO - 
--------------------------------------------------------------------------------
[2023-01-16T03:55:29.796+0000] {taskinstance.py:1383} INFO - Executing <Task(PythonOperator): process_user> on 2023-01-16 03:55:23.350693+00:00
[2023-01-16T03:55:29.802+0000] {standard_task_runner.py:55} INFO - Started process 4266 to run task
[2023-01-16T03:55:29.806+0000] {standard_task_runner.py:82} INFO - Running: ['***', 'tasks', 'run', 'user_processing', 'process_user', 'manual__2023-01-16T03:55:23.350693+00:00', '--job-id', '47', '--raw', '--subdir', 'DAGS_FOLDER/user_processing.py', '--cfg-path', '/tmp/tmpyhchvzsp']
[2023-01-16T03:55:29.808+0000] {standard_task_runner.py:83} INFO - Job 47: Subtask process_user
[2023-01-16T03:55:29.865+0000] {task_command.py:376} INFO - Running <TaskInstance: user_processing.process_user manual__2023-01-16T03:55:23.350693+00:00 [running]> on host c4d6e9176664
[2023-01-16T03:55:29.934+0000] {taskinstance.py:1592} INFO - Exporting the following env vars:
AIRFLOW_CTX_DAG_OWNER=***
AIRFLOW_CTX_DAG_ID=user_processing
AIRFLOW_CTX_TASK_ID=process_user
AIRFLOW_CTX_EXECUTION_DATE=2023-01-16T03:55:23.350693+00:00
AIRFLOW_CTX_TRY_NUMBER=1
AIRFLOW_CTX_DAG_RUN_ID=manual__2023-01-16T03:55:23.350693+00:00
[2023-01-16T03:55:29.960+0000] {python.py:177} INFO - Done. Returned value was: None
[2023-01-16T03:55:29.971+0000] {taskinstance.py:1406} INFO - Marking task as SUCCESS. dag_id=user_processing, task_id=process_user, execution_date=20230116T035523, start_date=20230116T035529, end_date=20230116T035529
[2023-01-16T03:55:30.057+0000] {local_task_job.py:164} INFO - Task exited with return code 0
[2023-01-16T03:55:30.082+0000] {local_task_job.py:273} INFO - 1 downstream tasks scheduled from follow-on schedule check
