[2023-01-21T05:34:44.968+0000] {taskinstance.py:1165} INFO - Dependencies all met for <TaskInstance: parallel_dag.load_a scheduled__2023-01-20T00:00:00+00:00 [queued]>
[2023-01-21T05:34:45.028+0000] {taskinstance.py:1165} INFO - Dependencies all met for <TaskInstance: parallel_dag.load_a scheduled__2023-01-20T00:00:00+00:00 [queued]>
[2023-01-21T05:34:45.038+0000] {taskinstance.py:1362} INFO - 
--------------------------------------------------------------------------------
[2023-01-21T05:34:45.043+0000] {taskinstance.py:1363} INFO - Starting attempt 1 of 1
[2023-01-21T05:34:45.045+0000] {taskinstance.py:1364} INFO - 
--------------------------------------------------------------------------------
[2023-01-21T05:34:45.120+0000] {taskinstance.py:1383} INFO - Executing <Task(BashOperator): load_a> on 2023-01-20 00:00:00+00:00
[2023-01-21T05:34:45.156+0000] {standard_task_runner.py:55} INFO - Started process 103 to run task
[2023-01-21T05:34:45.179+0000] {standard_task_runner.py:82} INFO - Running: ['***', 'tasks', 'run', 'parallel_dag', 'load_a', 'scheduled__2023-01-20T00:00:00+00:00', '--job-id', '75', '--raw', '--subdir', 'DAGS_FOLDER/parallel_dag.py', '--cfg-path', '/tmp/tmpxso18ex6']
[2023-01-21T05:34:45.182+0000] {standard_task_runner.py:83} INFO - Job 75: Subtask load_a
[2023-01-21T05:34:45.667+0000] {task_command.py:376} INFO - Running <TaskInstance: parallel_dag.load_a scheduled__2023-01-20T00:00:00+00:00 [running]> on host 2255277b485d
[2023-01-21T05:34:46.088+0000] {taskinstance.py:1592} INFO - Exporting the following env vars:
AIRFLOW_CTX_DAG_OWNER=***
AIRFLOW_CTX_DAG_ID=parallel_dag
AIRFLOW_CTX_TASK_ID=load_a
AIRFLOW_CTX_EXECUTION_DATE=2023-01-20T00:00:00+00:00
AIRFLOW_CTX_TRY_NUMBER=1
AIRFLOW_CTX_DAG_RUN_ID=scheduled__2023-01-20T00:00:00+00:00
[2023-01-21T05:34:46.096+0000] {subprocess.py:63} INFO - Tmp dir root location: 
 /tmp
[2023-01-21T05:34:46.098+0000] {subprocess.py:75} INFO - Running command: ['/bin/bash', '-c', 'sleep 2']
[2023-01-21T05:34:46.132+0000] {subprocess.py:86} INFO - Output:
[2023-01-21T05:34:48.142+0000] {subprocess.py:97} INFO - Command exited with return code 0
[2023-01-21T05:34:48.210+0000] {taskinstance.py:1406} INFO - Marking task as SUCCESS. dag_id=parallel_dag, task_id=load_a, execution_date=20230120T000000, start_date=20230121T053444, end_date=20230121T053448
[2023-01-21T05:34:48.307+0000] {local_task_job.py:164} INFO - Task exited with return code 0
[2023-01-21T05:34:48.398+0000] {local_task_job.py:273} INFO - 1 downstream tasks scheduled from follow-on schedule check
