[2022-11-27T09:48:38.606+0000] {taskinstance.py:1165} INFO - Dependencies all met for <TaskInstance: user_processing.extract_user manual__2022-11-27T09:48:29.416483+00:00 [queued]>
[2022-11-27T09:48:38.625+0000] {taskinstance.py:1165} INFO - Dependencies all met for <TaskInstance: user_processing.extract_user manual__2022-11-27T09:48:29.416483+00:00 [queued]>
[2022-11-27T09:48:38.626+0000] {taskinstance.py:1362} INFO - 
--------------------------------------------------------------------------------
[2022-11-27T09:48:38.628+0000] {taskinstance.py:1363} INFO - Starting attempt 1 of 1
[2022-11-27T09:48:38.637+0000] {taskinstance.py:1364} INFO - 
--------------------------------------------------------------------------------
[2022-11-27T09:48:38.667+0000] {taskinstance.py:1383} INFO - Executing <Task(SimpleHttpOperator): extract_user> on 2022-11-27 09:48:29.416483+00:00
[2022-11-27T09:48:38.683+0000] {standard_task_runner.py:55} INFO - Started process 4884 to run task
[2022-11-27T09:48:38.692+0000] {standard_task_runner.py:82} INFO - Running: ['***', 'tasks', 'run', 'user_processing', 'extract_user', 'manual__2022-11-27T09:48:29.416483+00:00', '--job-id', '19', '--raw', '--subdir', 'DAGS_FOLDER/user_processing.py', '--cfg-path', '/tmp/tmp9o45icp8']
[2022-11-27T09:48:38.697+0000] {standard_task_runner.py:83} INFO - Job 19: Subtask extract_user
[2022-11-27T09:48:38.827+0000] {task_command.py:376} INFO - Running <TaskInstance: user_processing.extract_user manual__2022-11-27T09:48:29.416483+00:00 [running]> on host c7f7231a8603
[2022-11-27T09:48:38.902+0000] {taskinstance.py:1592} INFO - Exporting the following env vars:
AIRFLOW_CTX_DAG_OWNER=***
AIRFLOW_CTX_DAG_ID=user_processing
AIRFLOW_CTX_TASK_ID=extract_user
AIRFLOW_CTX_EXECUTION_DATE=2022-11-27T09:48:29.416483+00:00
AIRFLOW_CTX_TRY_NUMBER=1
AIRFLOW_CTX_DAG_RUN_ID=manual__2022-11-27T09:48:29.416483+00:00
[2022-11-27T09:48:38.909+0000] {http.py:121} INFO - Calling HTTP method
[2022-11-27T09:48:38.935+0000] {base.py:71} INFO - Using connection ID 'user_api' for task execution.
[2022-11-27T09:48:38.939+0000] {http.py:148} INFO - Sending 'GET' to url: https://randomuser.me/api/
[2022-11-27T09:48:39.441+0000] {http.py:125} INFO - {"results":[{"gender":"female","name":{"title":"Ms","first":"Arsema","last":"Fotland"},"location":{"street":{"number":8674,"name":"Trelastgata"},"city":"Østersund","state":"Vest-Agder","country":"Norway","postcode":"6777","coordinates":{"latitude":"45.2278","longitude":"44.5001"},"timezone":{"offset":"+4:30","description":"Kabul"}},"email":"arsema.fotland@example.com","login":{"uuid":"23dadefe-c5d1-4eac-8ba6-4eca80111931","username":"happyelephant908","password":"orange1","salt":"wYe3MWqS","md5":"5ac5598e0fbe5a845407a19795180f6a","sha1":"d157c63dbf58b7e44770c69725c4c488154cd80f","sha256":"0f424de7f708d5282881983b1990bb6e6151ef3dbec265b0c3344efe30fca1ed"},"dob":{"date":"1988-04-30T22:49:56.265Z","age":34},"registered":{"date":"2015-02-10T11:00:53.809Z","age":7},"phone":"20005210","cell":"95048588","id":{"name":"FN","value":"30048828872"},"picture":{"large":"https://randomuser.me/api/portraits/women/52.jpg","medium":"https://randomuser.me/api/portraits/med/women/52.jpg","thumbnail":"https://randomuser.me/api/portraits/thumb/women/52.jpg"},"nat":"NO"}],"info":{"seed":"a22032bf3e8d73c4","results":1,"page":1,"version":"1.4"}}
[2022-11-27T09:48:39.478+0000] {taskinstance.py:1406} INFO - Marking task as SUCCESS. dag_id=user_processing, task_id=extract_user, execution_date=20221127T094829, start_date=20221127T094838, end_date=20221127T094839
[2022-11-27T09:48:39.552+0000] {local_task_job.py:164} INFO - Task exited with return code 0
[2022-11-27T09:48:39.629+0000] {local_task_job.py:273} INFO - 1 downstream tasks scheduled from follow-on schedule check
