[2023-01-16T03:55:24.695+0000] {taskinstance.py:1165} INFO - Dependencies all met for <TaskInstance: user_processing.create_table manual__2023-01-16T03:55:23.350693+00:00 [queued]>
[2023-01-16T03:55:24.706+0000] {taskinstance.py:1165} INFO - Dependencies all met for <TaskInstance: user_processing.create_table manual__2023-01-16T03:55:23.350693+00:00 [queued]>
[2023-01-16T03:55:24.707+0000] {taskinstance.py:1362} INFO - 
--------------------------------------------------------------------------------
[2023-01-16T03:55:24.708+0000] {taskinstance.py:1363} INFO - Starting attempt 1 of 1
[2023-01-16T03:55:24.709+0000] {taskinstance.py:1364} INFO - 
--------------------------------------------------------------------------------
[2023-01-16T03:55:24.723+0000] {taskinstance.py:1383} INFO - Executing <Task(PostgresOperator): create_table> on 2023-01-16 03:55:23.350693+00:00
[2023-01-16T03:55:24.728+0000] {standard_task_runner.py:55} INFO - Started process 4248 to run task
[2023-01-16T03:55:24.732+0000] {standard_task_runner.py:82} INFO - Running: ['***', 'tasks', 'run', 'user_processing', 'create_table', 'manual__2023-01-16T03:55:23.350693+00:00', '--job-id', '44', '--raw', '--subdir', 'DAGS_FOLDER/user_processing.py', '--cfg-path', '/tmp/tmpgheh57l2']
[2023-01-16T03:55:24.733+0000] {standard_task_runner.py:83} INFO - Job 44: Subtask create_table
[2023-01-16T03:55:24.792+0000] {task_command.py:376} INFO - Running <TaskInstance: user_processing.create_table manual__2023-01-16T03:55:23.350693+00:00 [running]> on host c4d6e9176664
[2023-01-16T03:55:24.857+0000] {taskinstance.py:1592} INFO - Exporting the following env vars:
AIRFLOW_CTX_DAG_OWNER=***
AIRFLOW_CTX_DAG_ID=user_processing
AIRFLOW_CTX_TASK_ID=create_table
AIRFLOW_CTX_EXECUTION_DATE=2023-01-16T03:55:23.350693+00:00
AIRFLOW_CTX_TRY_NUMBER=1
AIRFLOW_CTX_DAG_RUN_ID=manual__2023-01-16T03:55:23.350693+00:00
[2023-01-16T03:55:24.867+0000] {base.py:71} INFO - Using connection ID 'postgres' for task execution.
[2023-01-16T03:55:24.870+0000] {sql.py:315} INFO - Running statement: 
        CREATE TABLE IF NOT EXISTS users (
            firstname TEXT NOT NULL,
            lastname TEXT NOT NULL,
            country TEXT NOT NULL,
            username TEXT NOT NULL,
            password TEXT NOT NULL,
            email TEXT NOT NULL
        );
        , parameters: None
[2023-01-16T03:55:24.892+0000] {taskinstance.py:1406} INFO - Marking task as SUCCESS. dag_id=user_processing, task_id=create_table, execution_date=20230116T035523, start_date=20230116T035524, end_date=20230116T035524
[2023-01-16T03:55:24.944+0000] {local_task_job.py:164} INFO - Task exited with return code 0
[2023-01-16T03:55:24.976+0000] {local_task_job.py:273} INFO - 1 downstream tasks scheduled from follow-on schedule check
