[2023-01-16T03:56:49.908+0000] {taskinstance.py:1165} INFO - Dependencies all met for <TaskInstance: parallel_dag.load_b scheduled__2023-01-15T00:00:00+00:00 [queued]>
[2023-01-16T03:56:49.936+0000] {taskinstance.py:1165} INFO - Dependencies all met for <TaskInstance: parallel_dag.load_b scheduled__2023-01-15T00:00:00+00:00 [queued]>
[2023-01-16T03:56:49.937+0000] {taskinstance.py:1362} INFO - 
--------------------------------------------------------------------------------
[2023-01-16T03:56:49.938+0000] {taskinstance.py:1363} INFO - Starting attempt 1 of 1
[2023-01-16T03:56:49.940+0000] {taskinstance.py:1364} INFO - 
--------------------------------------------------------------------------------
[2023-01-16T03:56:49.989+0000] {taskinstance.py:1383} INFO - Executing <Task(BashOperator): load_b> on 2023-01-15 00:00:00+00:00
[2023-01-16T03:56:49.997+0000] {standard_task_runner.py:55} INFO - Started process 4352 to run task
[2023-01-16T03:56:50.009+0000] {standard_task_runner.py:82} INFO - Running: ['***', 'tasks', 'run', 'parallel_dag', 'load_b', 'scheduled__2023-01-15T00:00:00+00:00', '--job-id', '58', '--raw', '--subdir', 'DAGS_FOLDER/parallel_dag.py', '--cfg-path', '/tmp/tmp8sin8xry']
[2023-01-16T03:56:50.012+0000] {standard_task_runner.py:83} INFO - Job 58: Subtask load_b
[2023-01-16T03:56:50.164+0000] {task_command.py:376} INFO - Running <TaskInstance: parallel_dag.load_b scheduled__2023-01-15T00:00:00+00:00 [running]> on host c4d6e9176664
[2023-01-16T03:56:50.295+0000] {taskinstance.py:1592} INFO - Exporting the following env vars:
AIRFLOW_CTX_DAG_OWNER=***
AIRFLOW_CTX_DAG_ID=parallel_dag
AIRFLOW_CTX_TASK_ID=load_b
AIRFLOW_CTX_EXECUTION_DATE=2023-01-15T00:00:00+00:00
AIRFLOW_CTX_TRY_NUMBER=1
AIRFLOW_CTX_DAG_RUN_ID=scheduled__2023-01-15T00:00:00+00:00
[2023-01-16T03:56:50.297+0000] {subprocess.py:63} INFO - Tmp dir root location: 
 /tmp
[2023-01-16T03:56:50.298+0000] {subprocess.py:75} INFO - Running command: ['/bin/bash', '-c', 'sleep 2']
[2023-01-16T03:56:50.308+0000] {subprocess.py:86} INFO - Output:
[2023-01-16T03:56:52.311+0000] {subprocess.py:97} INFO - Command exited with return code 0
[2023-01-16T03:56:52.383+0000] {taskinstance.py:1406} INFO - Marking task as SUCCESS. dag_id=parallel_dag, task_id=load_b, execution_date=20230115T000000, start_date=20230116T035649, end_date=20230116T035652
[2023-01-16T03:56:52.474+0000] {local_task_job.py:164} INFO - Task exited with return code 0
[2023-01-16T03:56:52.562+0000] {local_task_job.py:273} INFO - 0 downstream tasks scheduled from follow-on schedule check
