[2022-11-27T10:01:44.512+0000] {taskinstance.py:1165} INFO - Dependencies all met for <TaskInstance: user_processing.process_user manual__2022-11-27T10:01:33.178732+00:00 [queued]>
[2022-11-27T10:01:44.530+0000] {taskinstance.py:1165} INFO - Dependencies all met for <TaskInstance: user_processing.process_user manual__2022-11-27T10:01:33.178732+00:00 [queued]>
[2022-11-27T10:01:44.532+0000] {taskinstance.py:1362} INFO - 
--------------------------------------------------------------------------------
[2022-11-27T10:01:44.533+0000] {taskinstance.py:1363} INFO - Starting attempt 1 of 1
[2022-11-27T10:01:44.535+0000] {taskinstance.py:1364} INFO - 
--------------------------------------------------------------------------------
[2022-11-27T10:01:44.557+0000] {taskinstance.py:1383} INFO - Executing <Task(PythonOperator): process_user> on 2022-11-27 10:01:33.178732+00:00
[2022-11-27T10:01:44.569+0000] {standard_task_runner.py:55} INFO - Started process 5438 to run task
[2022-11-27T10:01:44.578+0000] {standard_task_runner.py:82} INFO - Running: ['***', 'tasks', 'run', 'user_processing', 'process_user', 'manual__2022-11-27T10:01:33.178732+00:00', '--job-id', '41', '--raw', '--subdir', 'DAGS_FOLDER/user_processing.py', '--cfg-path', '/tmp/tmp7uem37lc']
[2022-11-27T10:01:44.582+0000] {standard_task_runner.py:83} INFO - Job 41: Subtask process_user
[2022-11-27T10:01:44.715+0000] {task_command.py:376} INFO - Running <TaskInstance: user_processing.process_user manual__2022-11-27T10:01:33.178732+00:00 [running]> on host c7f7231a8603
[2022-11-27T10:01:44.801+0000] {taskinstance.py:1592} INFO - Exporting the following env vars:
AIRFLOW_CTX_DAG_OWNER=***
AIRFLOW_CTX_DAG_ID=user_processing
AIRFLOW_CTX_TASK_ID=process_user
AIRFLOW_CTX_EXECUTION_DATE=2022-11-27T10:01:33.178732+00:00
AIRFLOW_CTX_TRY_NUMBER=1
AIRFLOW_CTX_DAG_RUN_ID=manual__2022-11-27T10:01:33.178732+00:00
[2022-11-27T10:01:44.886+0000] {python.py:177} INFO - Done. Returned value was: None
[2022-11-27T10:01:44.906+0000] {taskinstance.py:1406} INFO - Marking task as SUCCESS. dag_id=user_processing, task_id=process_user, execution_date=20221127T100133, start_date=20221127T100144, end_date=20221127T100144
[2022-11-27T10:01:44.993+0000] {local_task_job.py:164} INFO - Task exited with return code 0
[2022-11-27T10:01:45.080+0000] {local_task_job.py:273} INFO - 1 downstream tasks scheduled from follow-on schedule check
