[2023-01-21T05:35:19.243+0000] {taskinstance.py:1165} INFO - Dependencies all met for <TaskInstance: group_dag.downloads.download_a scheduled__2023-01-20T00:00:00+00:00 [queued]>
[2023-01-21T05:35:19.283+0000] {taskinstance.py:1165} INFO - Dependencies all met for <TaskInstance: group_dag.downloads.download_a scheduled__2023-01-20T00:00:00+00:00 [queued]>
[2023-01-21T05:35:19.284+0000] {taskinstance.py:1362} INFO - 
--------------------------------------------------------------------------------
[2023-01-21T05:35:19.287+0000] {taskinstance.py:1363} INFO - Starting attempt 1 of 1
[2023-01-21T05:35:19.289+0000] {taskinstance.py:1364} INFO - 
--------------------------------------------------------------------------------
[2023-01-21T05:35:19.359+0000] {taskinstance.py:1383} INFO - Executing <Task(BashOperator): download_a> on 2023-01-20 00:00:00+00:00
[2023-01-21T05:35:19.369+0000] {standard_task_runner.py:55} INFO - Started process 145 to run task
[2023-01-21T05:35:19.382+0000] {standard_task_runner.py:82} INFO - Running: ['***', 'tasks', 'run', 'group_dag.downloads', 'download_a', 'scheduled__2023-01-20T00:00:00+00:00', '--job-id', '86', '--raw', '--subdir', 'DAGS_FOLDER/group_dag.py', '--cfg-path', '/tmp/tmp78y220_g']
[2023-01-21T05:35:19.384+0000] {standard_task_runner.py:83} INFO - Job 86: Subtask download_a
[2023-01-21T05:35:19.707+0000] {task_command.py:376} INFO - Running <TaskInstance: group_dag.downloads.download_a scheduled__2023-01-20T00:00:00+00:00 [running]> on host 2255277b485d
[2023-01-21T05:35:19.989+0000] {taskinstance.py:1592} INFO - Exporting the following env vars:
AIRFLOW_CTX_DAG_OWNER=***
AIRFLOW_CTX_DAG_ID=group_dag.downloads
AIRFLOW_CTX_TASK_ID=download_a
AIRFLOW_CTX_EXECUTION_DATE=2023-01-20T00:00:00+00:00
AIRFLOW_CTX_TRY_NUMBER=1
AIRFLOW_CTX_DAG_RUN_ID=scheduled__2023-01-20T00:00:00+00:00
[2023-01-21T05:35:19.993+0000] {subprocess.py:63} INFO - Tmp dir root location: 
 /tmp
[2023-01-21T05:35:19.995+0000] {subprocess.py:75} INFO - Running command: ['/bin/bash', '-c', 'echo I will sleep for 3 sec | sleep 3']
[2023-01-21T05:35:20.027+0000] {subprocess.py:86} INFO - Output:
[2023-01-21T05:35:23.037+0000] {subprocess.py:97} INFO - Command exited with return code 0
[2023-01-21T05:35:23.133+0000] {taskinstance.py:1406} INFO - Marking task as SUCCESS. dag_id=group_dag.downloads, task_id=download_a, execution_date=20230120T000000, start_date=20230121T053519, end_date=20230121T053523
[2023-01-21T05:35:23.279+0000] {local_task_job.py:164} INFO - Task exited with return code 0
[2023-01-21T05:35:23.358+0000] {local_task_job.py:273} INFO - 0 downstream tasks scheduled from follow-on schedule check
