[2023-01-21T05:34:32.714+0000] {taskinstance.py:1165} INFO - Dependencies all met for <TaskInstance: parallel_dag.extract_a scheduled__2023-01-20T00:00:00+00:00 [queued]>
[2023-01-21T05:34:32.832+0000] {taskinstance.py:1165} INFO - Dependencies all met for <TaskInstance: parallel_dag.extract_a scheduled__2023-01-20T00:00:00+00:00 [queued]>
[2023-01-21T05:34:32.841+0000] {taskinstance.py:1362} INFO - 
--------------------------------------------------------------------------------
[2023-01-21T05:34:32.846+0000] {taskinstance.py:1363} INFO - Starting attempt 1 of 1
[2023-01-21T05:34:32.857+0000] {taskinstance.py:1364} INFO - 
--------------------------------------------------------------------------------
[2023-01-21T05:34:33.117+0000] {taskinstance.py:1383} INFO - Executing <Task(BashOperator): extract_a> on 2023-01-20 00:00:00+00:00
[2023-01-21T05:34:33.181+0000] {standard_task_runner.py:55} INFO - Started process 90 to run task
[2023-01-21T05:34:33.210+0000] {standard_task_runner.py:82} INFO - Running: ['***', 'tasks', 'run', 'parallel_dag', 'extract_a', 'scheduled__2023-01-20T00:00:00+00:00', '--job-id', '70', '--raw', '--subdir', 'DAGS_FOLDER/parallel_dag.py', '--cfg-path', '/tmp/tmpvu3q_dtl']
[2023-01-21T05:34:33.222+0000] {standard_task_runner.py:83} INFO - Job 70: Subtask extract_a
[2023-01-21T05:34:33.976+0000] {task_command.py:376} INFO - Running <TaskInstance: parallel_dag.extract_a scheduled__2023-01-20T00:00:00+00:00 [running]> on host 2255277b485d
[2023-01-21T05:34:34.709+0000] {taskinstance.py:1592} INFO - Exporting the following env vars:
AIRFLOW_CTX_DAG_OWNER=***
AIRFLOW_CTX_DAG_ID=parallel_dag
AIRFLOW_CTX_TASK_ID=extract_a
AIRFLOW_CTX_EXECUTION_DATE=2023-01-20T00:00:00+00:00
AIRFLOW_CTX_TRY_NUMBER=1
AIRFLOW_CTX_DAG_RUN_ID=scheduled__2023-01-20T00:00:00+00:00
[2023-01-21T05:34:34.738+0000] {subprocess.py:63} INFO - Tmp dir root location: 
 /tmp
[2023-01-21T05:34:34.751+0000] {subprocess.py:75} INFO - Running command: ['/bin/bash', '-c', 'sleep 2']
[2023-01-21T05:34:34.845+0000] {subprocess.py:86} INFO - Output:
[2023-01-21T05:34:36.882+0000] {subprocess.py:97} INFO - Command exited with return code 0
[2023-01-21T05:34:37.157+0000] {taskinstance.py:1406} INFO - Marking task as SUCCESS. dag_id=parallel_dag, task_id=extract_a, execution_date=20230120T000000, start_date=20230121T053432, end_date=20230121T053437
[2023-01-21T05:34:37.377+0000] {local_task_job.py:164} INFO - Task exited with return code 0
[2023-01-21T05:34:38.266+0000] {local_task_job.py:273} INFO - 1 downstream tasks scheduled from follow-on schedule check
