[2022-11-27T09:49:26.611+0000] {taskinstance.py:1165} INFO - Dependencies all met for <TaskInstance: user_processing.extract_user manual__2022-11-27T09:49:17.126793+00:00 [queued]>
[2022-11-27T09:49:26.644+0000] {taskinstance.py:1165} INFO - Dependencies all met for <TaskInstance: user_processing.extract_user manual__2022-11-27T09:49:17.126793+00:00 [queued]>
[2022-11-27T09:49:26.646+0000] {taskinstance.py:1362} INFO - 
--------------------------------------------------------------------------------
[2022-11-27T09:49:26.649+0000] {taskinstance.py:1363} INFO - Starting attempt 1 of 1
[2022-11-27T09:49:26.651+0000] {taskinstance.py:1364} INFO - 
--------------------------------------------------------------------------------
[2022-11-27T09:49:26.677+0000] {taskinstance.py:1383} INFO - Executing <Task(SimpleHttpOperator): extract_user> on 2022-11-27 09:49:17.126793+00:00
[2022-11-27T09:49:26.711+0000] {standard_task_runner.py:55} INFO - Started process 4932 to run task
[2022-11-27T09:49:26.741+0000] {standard_task_runner.py:82} INFO - Running: ['***', 'tasks', 'run', 'user_processing', 'extract_user', 'manual__2022-11-27T09:49:17.126793+00:00', '--job-id', '23', '--raw', '--subdir', 'DAGS_FOLDER/user_processing.py', '--cfg-path', '/tmp/tmpik_l7m2t']
[2022-11-27T09:49:26.751+0000] {standard_task_runner.py:83} INFO - Job 23: Subtask extract_user
[2022-11-27T09:49:26.922+0000] {task_command.py:376} INFO - Running <TaskInstance: user_processing.extract_user manual__2022-11-27T09:49:17.126793+00:00 [running]> on host c7f7231a8603
[2022-11-27T09:49:27.010+0000] {taskinstance.py:1592} INFO - Exporting the following env vars:
AIRFLOW_CTX_DAG_OWNER=***
AIRFLOW_CTX_DAG_ID=user_processing
AIRFLOW_CTX_TASK_ID=extract_user
AIRFLOW_CTX_EXECUTION_DATE=2022-11-27T09:49:17.126793+00:00
AIRFLOW_CTX_TRY_NUMBER=1
AIRFLOW_CTX_DAG_RUN_ID=manual__2022-11-27T09:49:17.126793+00:00
[2022-11-27T09:49:27.014+0000] {http.py:121} INFO - Calling HTTP method
[2022-11-27T09:49:27.028+0000] {base.py:71} INFO - Using connection ID 'user_api' for task execution.
[2022-11-27T09:49:27.037+0000] {http.py:148} INFO - Sending 'GET' to url: https://randomuser.me/api/
[2022-11-27T09:49:27.468+0000] {http.py:125} INFO - {"results":[{"gender":"male","name":{"title":"Mr","first":"Necati","last":"Kumcuoğlu"},"location":{"street":{"number":4171,"name":"Bağdat Cd"},"city":"Niğde","state":"Trabzon","country":"Turkey","postcode":93808,"coordinates":{"latitude":"68.5370","longitude":"-164.4158"},"timezone":{"offset":"-1:00","description":"Azores, Cape Verde Islands"}},"email":"necati.kumcuoglu@example.com","login":{"uuid":"b866dace-da31-46d2-b030-deb2733213f2","username":"brownbear857","password":"4417","salt":"ZOofy1l8","md5":"325c95551abfa04d67615f370ca1b1f9","sha1":"913974a3bd61e5a2fc1edb351f10bcdd56dcca73","sha256":"8cd7a739ac72a8e272fed548864129c7eaa08025b8c0574ef1a9b00bcd27f8ce"},"dob":{"date":"1997-08-26T02:07:20.751Z","age":25},"registered":{"date":"2016-10-15T23:56:40.219Z","age":6},"phone":"(422)-111-9195","cell":"(660)-753-1012","id":{"name":"","value":null},"picture":{"large":"https://randomuser.me/api/portraits/men/18.jpg","medium":"https://randomuser.me/api/portraits/med/men/18.jpg","thumbnail":"https://randomuser.me/api/portraits/thumb/men/18.jpg"},"nat":"TR"}],"info":{"seed":"a80c9f48c31c3519","results":1,"page":1,"version":"1.4"}}
[2022-11-27T09:49:27.543+0000] {taskinstance.py:1406} INFO - Marking task as SUCCESS. dag_id=user_processing, task_id=extract_user, execution_date=20221127T094917, start_date=20221127T094926, end_date=20221127T094927
[2022-11-27T09:49:27.642+0000] {local_task_job.py:164} INFO - Task exited with return code 0
[2022-11-27T09:49:27.800+0000] {local_task_job.py:273} INFO - 1 downstream tasks scheduled from follow-on schedule check
